[2024-10-09T10:57:48.439+0700] {processor.py:157} INFO - Started process (PID=3893) to work on /home/hasyidan/venv/lib/python3.8/site-packages/airflow/example_dags/subdags/subdag.py
[2024-10-09T10:57:48.442+0700] {processor.py:826} INFO - Processing file /home/hasyidan/venv/lib/python3.8/site-packages/airflow/example_dags/subdags/subdag.py for tasks to queue
[2024-10-09T10:57:48.443+0700] {logging_mixin.py:149} INFO - [2024-10-09T10:57:48.443+0700] {dagbag.py:541} INFO - Filling up the DagBag from /home/hasyidan/venv/lib/python3.8/site-packages/airflow/example_dags/subdags/subdag.py
[2024-10-09T10:57:48.450+0700] {processor.py:838} WARNING - No viable dags retrieved from /home/hasyidan/venv/lib/python3.8/site-packages/airflow/example_dags/subdags/subdag.py
[2024-10-09T10:57:48.479+0700] {processor.py:179} INFO - Processing /home/hasyidan/venv/lib/python3.8/site-packages/airflow/example_dags/subdags/subdag.py took 0.047 seconds
[2024-10-09T11:00:03.343+0700] {processor.py:157} INFO - Started process (PID=3981) to work on /home/hasyidan/venv/lib/python3.8/site-packages/airflow/example_dags/subdags/subdag.py
[2024-10-09T11:00:03.376+0700] {processor.py:826} INFO - Processing file /home/hasyidan/venv/lib/python3.8/site-packages/airflow/example_dags/subdags/subdag.py for tasks to queue
[2024-10-09T11:00:03.379+0700] {logging_mixin.py:149} INFO - [2024-10-09T11:00:03.378+0700] {dagbag.py:541} INFO - Filling up the DagBag from /home/hasyidan/venv/lib/python3.8/site-packages/airflow/example_dags/subdags/subdag.py
[2024-10-09T11:00:03.392+0700] {processor.py:838} WARNING - No viable dags retrieved from /home/hasyidan/venv/lib/python3.8/site-packages/airflow/example_dags/subdags/subdag.py
[2024-10-09T11:00:03.501+0700] {processor.py:179} INFO - Processing /home/hasyidan/venv/lib/python3.8/site-packages/airflow/example_dags/subdags/subdag.py took 0.166 seconds
[2024-10-09T11:01:18.273+0700] {processor.py:157} INFO - Started process (PID=4136) to work on /home/hasyidan/venv/lib/python3.8/site-packages/airflow/example_dags/subdags/subdag.py
[2024-10-09T11:01:18.296+0700] {processor.py:826} INFO - Processing file /home/hasyidan/venv/lib/python3.8/site-packages/airflow/example_dags/subdags/subdag.py for tasks to queue
[2024-10-09T11:01:18.297+0700] {logging_mixin.py:149} INFO - [2024-10-09T11:01:18.297+0700] {dagbag.py:541} INFO - Filling up the DagBag from /home/hasyidan/venv/lib/python3.8/site-packages/airflow/example_dags/subdags/subdag.py
[2024-10-09T11:01:18.301+0700] {processor.py:838} WARNING - No viable dags retrieved from /home/hasyidan/venv/lib/python3.8/site-packages/airflow/example_dags/subdags/subdag.py
[2024-10-09T11:01:18.323+0700] {processor.py:179} INFO - Processing /home/hasyidan/venv/lib/python3.8/site-packages/airflow/example_dags/subdags/subdag.py took 0.056 seconds
[2024-10-09T11:02:02.596+0700] {processor.py:157} INFO - Started process (PID=4176) to work on /home/hasyidan/venv/lib/python3.8/site-packages/airflow/example_dags/subdags/subdag.py
[2024-10-09T11:02:02.649+0700] {processor.py:826} INFO - Processing file /home/hasyidan/venv/lib/python3.8/site-packages/airflow/example_dags/subdags/subdag.py for tasks to queue
[2024-10-09T11:02:02.652+0700] {logging_mixin.py:149} INFO - [2024-10-09T11:02:02.651+0700] {dagbag.py:541} INFO - Filling up the DagBag from /home/hasyidan/venv/lib/python3.8/site-packages/airflow/example_dags/subdags/subdag.py
[2024-10-09T11:02:02.658+0700] {processor.py:838} WARNING - No viable dags retrieved from /home/hasyidan/venv/lib/python3.8/site-packages/airflow/example_dags/subdags/subdag.py
[2024-10-09T11:02:02.888+0700] {processor.py:179} INFO - Processing /home/hasyidan/venv/lib/python3.8/site-packages/airflow/example_dags/subdags/subdag.py took 0.299 seconds
[2024-10-09T11:02:35.621+0700] {processor.py:157} INFO - Started process (PID=4207) to work on /home/hasyidan/venv/lib/python3.8/site-packages/airflow/example_dags/subdags/subdag.py
[2024-10-09T11:02:35.623+0700] {processor.py:826} INFO - Processing file /home/hasyidan/venv/lib/python3.8/site-packages/airflow/example_dags/subdags/subdag.py for tasks to queue
[2024-10-09T11:02:35.624+0700] {logging_mixin.py:149} INFO - [2024-10-09T11:02:35.624+0700] {dagbag.py:541} INFO - Filling up the DagBag from /home/hasyidan/venv/lib/python3.8/site-packages/airflow/example_dags/subdags/subdag.py
[2024-10-09T11:02:35.628+0700] {processor.py:838} WARNING - No viable dags retrieved from /home/hasyidan/venv/lib/python3.8/site-packages/airflow/example_dags/subdags/subdag.py
[2024-10-09T11:02:35.649+0700] {processor.py:179} INFO - Processing /home/hasyidan/venv/lib/python3.8/site-packages/airflow/example_dags/subdags/subdag.py took 0.034 seconds
[2024-10-09T11:03:35.069+0700] {processor.py:157} INFO - Started process (PID=4262) to work on /home/hasyidan/venv/lib/python3.8/site-packages/airflow/example_dags/subdags/subdag.py
[2024-10-09T11:03:35.071+0700] {processor.py:826} INFO - Processing file /home/hasyidan/venv/lib/python3.8/site-packages/airflow/example_dags/subdags/subdag.py for tasks to queue
[2024-10-09T11:03:35.072+0700] {logging_mixin.py:149} INFO - [2024-10-09T11:03:35.072+0700] {dagbag.py:541} INFO - Filling up the DagBag from /home/hasyidan/venv/lib/python3.8/site-packages/airflow/example_dags/subdags/subdag.py
[2024-10-09T11:03:35.076+0700] {processor.py:838} WARNING - No viable dags retrieved from /home/hasyidan/venv/lib/python3.8/site-packages/airflow/example_dags/subdags/subdag.py
[2024-10-09T11:03:35.094+0700] {processor.py:179} INFO - Processing /home/hasyidan/venv/lib/python3.8/site-packages/airflow/example_dags/subdags/subdag.py took 0.031 seconds
[2024-10-09T11:04:46.545+0700] {processor.py:157} INFO - Started process (PID=4322) to work on /home/hasyidan/venv/lib/python3.8/site-packages/airflow/example_dags/subdags/subdag.py
[2024-10-09T11:04:47.124+0700] {processor.py:826} INFO - Processing file /home/hasyidan/venv/lib/python3.8/site-packages/airflow/example_dags/subdags/subdag.py for tasks to queue
[2024-10-09T11:04:47.127+0700] {logging_mixin.py:149} INFO - [2024-10-09T11:04:47.127+0700] {dagbag.py:541} INFO - Filling up the DagBag from /home/hasyidan/venv/lib/python3.8/site-packages/airflow/example_dags/subdags/subdag.py
[2024-10-09T11:04:47.132+0700] {processor.py:838} WARNING - No viable dags retrieved from /home/hasyidan/venv/lib/python3.8/site-packages/airflow/example_dags/subdags/subdag.py
[2024-10-09T11:04:49.698+0700] {processor.py:179} INFO - Processing /home/hasyidan/venv/lib/python3.8/site-packages/airflow/example_dags/subdags/subdag.py took 3.160 seconds
[2024-10-09T11:06:21.079+0700] {processor.py:157} INFO - Started process (PID=4500) to work on /home/hasyidan/venv/lib/python3.8/site-packages/airflow/example_dags/subdags/subdag.py
[2024-10-09T11:06:21.303+0700] {processor.py:826} INFO - Processing file /home/hasyidan/venv/lib/python3.8/site-packages/airflow/example_dags/subdags/subdag.py for tasks to queue
[2024-10-09T11:06:21.306+0700] {logging_mixin.py:149} INFO - [2024-10-09T11:06:21.305+0700] {dagbag.py:541} INFO - Filling up the DagBag from /home/hasyidan/venv/lib/python3.8/site-packages/airflow/example_dags/subdags/subdag.py
[2024-10-09T11:06:21.387+0700] {processor.py:838} WARNING - No viable dags retrieved from /home/hasyidan/venv/lib/python3.8/site-packages/airflow/example_dags/subdags/subdag.py
[2024-10-09T11:06:21.445+0700] {processor.py:179} INFO - Processing /home/hasyidan/venv/lib/python3.8/site-packages/airflow/example_dags/subdags/subdag.py took 0.372 seconds
[2024-10-09T11:07:26.980+0700] {processor.py:157} INFO - Started process (PID=4617) to work on /home/hasyidan/venv/lib/python3.8/site-packages/airflow/example_dags/subdags/subdag.py
[2024-10-09T11:07:27.001+0700] {processor.py:826} INFO - Processing file /home/hasyidan/venv/lib/python3.8/site-packages/airflow/example_dags/subdags/subdag.py for tasks to queue
[2024-10-09T11:07:27.004+0700] {logging_mixin.py:149} INFO - [2024-10-09T11:07:27.003+0700] {dagbag.py:541} INFO - Filling up the DagBag from /home/hasyidan/venv/lib/python3.8/site-packages/airflow/example_dags/subdags/subdag.py
[2024-10-09T11:07:27.009+0700] {processor.py:838} WARNING - No viable dags retrieved from /home/hasyidan/venv/lib/python3.8/site-packages/airflow/example_dags/subdags/subdag.py
[2024-10-09T11:07:27.031+0700] {processor.py:179} INFO - Processing /home/hasyidan/venv/lib/python3.8/site-packages/airflow/example_dags/subdags/subdag.py took 0.057 seconds
[2024-10-09T11:07:58.502+0700] {processor.py:157} INFO - Started process (PID=4655) to work on /home/hasyidan/venv/lib/python3.8/site-packages/airflow/example_dags/subdags/subdag.py
[2024-10-09T11:07:58.516+0700] {processor.py:826} INFO - Processing file /home/hasyidan/venv/lib/python3.8/site-packages/airflow/example_dags/subdags/subdag.py for tasks to queue
[2024-10-09T11:07:58.518+0700] {logging_mixin.py:149} INFO - [2024-10-09T11:07:58.518+0700] {dagbag.py:541} INFO - Filling up the DagBag from /home/hasyidan/venv/lib/python3.8/site-packages/airflow/example_dags/subdags/subdag.py
[2024-10-09T11:07:58.523+0700] {processor.py:838} WARNING - No viable dags retrieved from /home/hasyidan/venv/lib/python3.8/site-packages/airflow/example_dags/subdags/subdag.py
[2024-10-09T11:07:58.545+0700] {processor.py:179} INFO - Processing /home/hasyidan/venv/lib/python3.8/site-packages/airflow/example_dags/subdags/subdag.py took 0.049 seconds
[2024-10-09T11:08:30.053+0700] {processor.py:157} INFO - Started process (PID=4685) to work on /home/hasyidan/venv/lib/python3.8/site-packages/airflow/example_dags/subdags/subdag.py
[2024-10-09T11:08:30.069+0700] {processor.py:826} INFO - Processing file /home/hasyidan/venv/lib/python3.8/site-packages/airflow/example_dags/subdags/subdag.py for tasks to queue
[2024-10-09T11:08:30.071+0700] {logging_mixin.py:149} INFO - [2024-10-09T11:08:30.071+0700] {dagbag.py:541} INFO - Filling up the DagBag from /home/hasyidan/venv/lib/python3.8/site-packages/airflow/example_dags/subdags/subdag.py
[2024-10-09T11:08:30.077+0700] {processor.py:838} WARNING - No viable dags retrieved from /home/hasyidan/venv/lib/python3.8/site-packages/airflow/example_dags/subdags/subdag.py
[2024-10-09T11:08:30.097+0700] {processor.py:179} INFO - Processing /home/hasyidan/venv/lib/python3.8/site-packages/airflow/example_dags/subdags/subdag.py took 0.050 seconds
[2024-10-09T11:09:26.679+0700] {processor.py:157} INFO - Started process (PID=4740) to work on /home/hasyidan/venv/lib/python3.8/site-packages/airflow/example_dags/subdags/subdag.py
[2024-10-09T11:09:26.691+0700] {processor.py:826} INFO - Processing file /home/hasyidan/venv/lib/python3.8/site-packages/airflow/example_dags/subdags/subdag.py for tasks to queue
[2024-10-09T11:09:26.693+0700] {logging_mixin.py:149} INFO - [2024-10-09T11:09:26.693+0700] {dagbag.py:541} INFO - Filling up the DagBag from /home/hasyidan/venv/lib/python3.8/site-packages/airflow/example_dags/subdags/subdag.py
[2024-10-09T11:09:26.697+0700] {processor.py:838} WARNING - No viable dags retrieved from /home/hasyidan/venv/lib/python3.8/site-packages/airflow/example_dags/subdags/subdag.py
[2024-10-09T11:09:26.719+0700] {processor.py:179} INFO - Processing /home/hasyidan/venv/lib/python3.8/site-packages/airflow/example_dags/subdags/subdag.py took 0.046 seconds
[2024-10-09T11:10:15.650+0700] {processor.py:157} INFO - Started process (PID=4789) to work on /home/hasyidan/venv/lib/python3.8/site-packages/airflow/example_dags/subdags/subdag.py
[2024-10-09T11:10:15.660+0700] {processor.py:826} INFO - Processing file /home/hasyidan/venv/lib/python3.8/site-packages/airflow/example_dags/subdags/subdag.py for tasks to queue
[2024-10-09T11:10:15.661+0700] {logging_mixin.py:149} INFO - [2024-10-09T11:10:15.661+0700] {dagbag.py:541} INFO - Filling up the DagBag from /home/hasyidan/venv/lib/python3.8/site-packages/airflow/example_dags/subdags/subdag.py
[2024-10-09T11:10:15.665+0700] {processor.py:838} WARNING - No viable dags retrieved from /home/hasyidan/venv/lib/python3.8/site-packages/airflow/example_dags/subdags/subdag.py
[2024-10-09T11:10:15.686+0700] {processor.py:179} INFO - Processing /home/hasyidan/venv/lib/python3.8/site-packages/airflow/example_dags/subdags/subdag.py took 0.042 seconds
[2024-10-09T11:11:11.287+0700] {processor.py:157} INFO - Started process (PID=4853) to work on /home/hasyidan/venv/lib/python3.8/site-packages/airflow/example_dags/subdags/subdag.py
[2024-10-09T11:11:11.344+0700] {processor.py:826} INFO - Processing file /home/hasyidan/venv/lib/python3.8/site-packages/airflow/example_dags/subdags/subdag.py for tasks to queue
[2024-10-09T11:11:11.346+0700] {logging_mixin.py:149} INFO - [2024-10-09T11:11:11.345+0700] {dagbag.py:541} INFO - Filling up the DagBag from /home/hasyidan/venv/lib/python3.8/site-packages/airflow/example_dags/subdags/subdag.py
[2024-10-09T11:11:11.350+0700] {processor.py:838} WARNING - No viable dags retrieved from /home/hasyidan/venv/lib/python3.8/site-packages/airflow/example_dags/subdags/subdag.py
[2024-10-09T11:11:11.372+0700] {processor.py:179} INFO - Processing /home/hasyidan/venv/lib/python3.8/site-packages/airflow/example_dags/subdags/subdag.py took 0.091 seconds
[2024-10-09T11:12:02.988+0700] {processor.py:157} INFO - Started process (PID=4906) to work on /home/hasyidan/venv/lib/python3.8/site-packages/airflow/example_dags/subdags/subdag.py
[2024-10-09T11:12:03.004+0700] {processor.py:826} INFO - Processing file /home/hasyidan/venv/lib/python3.8/site-packages/airflow/example_dags/subdags/subdag.py for tasks to queue
[2024-10-09T11:12:03.006+0700] {logging_mixin.py:149} INFO - [2024-10-09T11:12:03.006+0700] {dagbag.py:541} INFO - Filling up the DagBag from /home/hasyidan/venv/lib/python3.8/site-packages/airflow/example_dags/subdags/subdag.py
[2024-10-09T11:12:03.012+0700] {processor.py:838} WARNING - No viable dags retrieved from /home/hasyidan/venv/lib/python3.8/site-packages/airflow/example_dags/subdags/subdag.py
[2024-10-09T11:12:03.033+0700] {processor.py:179} INFO - Processing /home/hasyidan/venv/lib/python3.8/site-packages/airflow/example_dags/subdags/subdag.py took 0.052 seconds
[2024-10-09T11:12:57.631+0700] {processor.py:157} INFO - Started process (PID=4967) to work on /home/hasyidan/venv/lib/python3.8/site-packages/airflow/example_dags/subdags/subdag.py
[2024-10-09T11:12:57.649+0700] {processor.py:826} INFO - Processing file /home/hasyidan/venv/lib/python3.8/site-packages/airflow/example_dags/subdags/subdag.py for tasks to queue
[2024-10-09T11:12:57.651+0700] {logging_mixin.py:149} INFO - [2024-10-09T11:12:57.651+0700] {dagbag.py:541} INFO - Filling up the DagBag from /home/hasyidan/venv/lib/python3.8/site-packages/airflow/example_dags/subdags/subdag.py
[2024-10-09T11:12:57.657+0700] {processor.py:838} WARNING - No viable dags retrieved from /home/hasyidan/venv/lib/python3.8/site-packages/airflow/example_dags/subdags/subdag.py
[2024-10-09T11:12:57.676+0700] {processor.py:179} INFO - Processing /home/hasyidan/venv/lib/python3.8/site-packages/airflow/example_dags/subdags/subdag.py took 0.052 seconds
[2024-10-09T11:13:50.646+0700] {processor.py:157} INFO - Started process (PID=5023) to work on /home/hasyidan/venv/lib/python3.8/site-packages/airflow/example_dags/subdags/subdag.py
[2024-10-09T11:13:50.693+0700] {processor.py:826} INFO - Processing file /home/hasyidan/venv/lib/python3.8/site-packages/airflow/example_dags/subdags/subdag.py for tasks to queue
[2024-10-09T11:13:50.695+0700] {logging_mixin.py:149} INFO - [2024-10-09T11:13:50.695+0700] {dagbag.py:541} INFO - Filling up the DagBag from /home/hasyidan/venv/lib/python3.8/site-packages/airflow/example_dags/subdags/subdag.py
[2024-10-09T11:13:50.701+0700] {processor.py:838} WARNING - No viable dags retrieved from /home/hasyidan/venv/lib/python3.8/site-packages/airflow/example_dags/subdags/subdag.py
[2024-10-09T11:13:50.722+0700] {processor.py:179} INFO - Processing /home/hasyidan/venv/lib/python3.8/site-packages/airflow/example_dags/subdags/subdag.py took 0.082 seconds
[2024-10-09T11:15:28.847+0700] {processor.py:157} INFO - Started process (PID=5181) to work on /home/hasyidan/venv/lib/python3.8/site-packages/airflow/example_dags/subdags/subdag.py
[2024-10-09T11:15:28.886+0700] {processor.py:826} INFO - Processing file /home/hasyidan/venv/lib/python3.8/site-packages/airflow/example_dags/subdags/subdag.py for tasks to queue
[2024-10-09T11:15:28.888+0700] {logging_mixin.py:149} INFO - [2024-10-09T11:15:28.887+0700] {dagbag.py:541} INFO - Filling up the DagBag from /home/hasyidan/venv/lib/python3.8/site-packages/airflow/example_dags/subdags/subdag.py
[2024-10-09T11:15:28.912+0700] {processor.py:838} WARNING - No viable dags retrieved from /home/hasyidan/venv/lib/python3.8/site-packages/airflow/example_dags/subdags/subdag.py
[2024-10-09T11:15:28.940+0700] {processor.py:179} INFO - Processing /home/hasyidan/venv/lib/python3.8/site-packages/airflow/example_dags/subdags/subdag.py took 0.101 seconds
[2024-10-09T11:16:23.729+0700] {processor.py:157} INFO - Started process (PID=5318) to work on /home/hasyidan/venv/lib/python3.8/site-packages/airflow/example_dags/subdags/subdag.py
[2024-10-09T11:16:23.752+0700] {processor.py:826} INFO - Processing file /home/hasyidan/venv/lib/python3.8/site-packages/airflow/example_dags/subdags/subdag.py for tasks to queue
[2024-10-09T11:16:23.754+0700] {logging_mixin.py:149} INFO - [2024-10-09T11:16:23.754+0700] {dagbag.py:541} INFO - Filling up the DagBag from /home/hasyidan/venv/lib/python3.8/site-packages/airflow/example_dags/subdags/subdag.py
[2024-10-09T11:16:23.758+0700] {processor.py:838} WARNING - No viable dags retrieved from /home/hasyidan/venv/lib/python3.8/site-packages/airflow/example_dags/subdags/subdag.py
[2024-10-09T11:16:23.791+0700] {processor.py:179} INFO - Processing /home/hasyidan/venv/lib/python3.8/site-packages/airflow/example_dags/subdags/subdag.py took 0.073 seconds
[2024-10-09T11:16:57.901+0700] {processor.py:157} INFO - Started process (PID=5354) to work on /home/hasyidan/venv/lib/python3.8/site-packages/airflow/example_dags/subdags/subdag.py
[2024-10-09T11:16:57.904+0700] {processor.py:826} INFO - Processing file /home/hasyidan/venv/lib/python3.8/site-packages/airflow/example_dags/subdags/subdag.py for tasks to queue
[2024-10-09T11:16:57.906+0700] {logging_mixin.py:149} INFO - [2024-10-09T11:16:57.905+0700] {dagbag.py:541} INFO - Filling up the DagBag from /home/hasyidan/venv/lib/python3.8/site-packages/airflow/example_dags/subdags/subdag.py
[2024-10-09T11:16:57.912+0700] {processor.py:838} WARNING - No viable dags retrieved from /home/hasyidan/venv/lib/python3.8/site-packages/airflow/example_dags/subdags/subdag.py
[2024-10-09T11:16:57.944+0700] {processor.py:179} INFO - Processing /home/hasyidan/venv/lib/python3.8/site-packages/airflow/example_dags/subdags/subdag.py took 0.051 seconds
[2024-10-09T11:17:31.890+0700] {processor.py:157} INFO - Started process (PID=5389) to work on /home/hasyidan/venv/lib/python3.8/site-packages/airflow/example_dags/subdags/subdag.py
[2024-10-09T11:17:31.903+0700] {processor.py:826} INFO - Processing file /home/hasyidan/venv/lib/python3.8/site-packages/airflow/example_dags/subdags/subdag.py for tasks to queue
[2024-10-09T11:17:31.905+0700] {logging_mixin.py:149} INFO - [2024-10-09T11:17:31.905+0700] {dagbag.py:541} INFO - Filling up the DagBag from /home/hasyidan/venv/lib/python3.8/site-packages/airflow/example_dags/subdags/subdag.py
[2024-10-09T11:17:31.911+0700] {processor.py:838} WARNING - No viable dags retrieved from /home/hasyidan/venv/lib/python3.8/site-packages/airflow/example_dags/subdags/subdag.py
[2024-10-09T11:17:31.953+0700] {processor.py:179} INFO - Processing /home/hasyidan/venv/lib/python3.8/site-packages/airflow/example_dags/subdags/subdag.py took 0.073 seconds
[2024-10-09T11:18:07.319+0700] {processor.py:157} INFO - Started process (PID=5424) to work on /home/hasyidan/venv/lib/python3.8/site-packages/airflow/example_dags/subdags/subdag.py
[2024-10-09T11:18:07.347+0700] {processor.py:826} INFO - Processing file /home/hasyidan/venv/lib/python3.8/site-packages/airflow/example_dags/subdags/subdag.py for tasks to queue
[2024-10-09T11:18:07.349+0700] {logging_mixin.py:149} INFO - [2024-10-09T11:18:07.349+0700] {dagbag.py:541} INFO - Filling up the DagBag from /home/hasyidan/venv/lib/python3.8/site-packages/airflow/example_dags/subdags/subdag.py
[2024-10-09T11:18:07.366+0700] {processor.py:838} WARNING - No viable dags retrieved from /home/hasyidan/venv/lib/python3.8/site-packages/airflow/example_dags/subdags/subdag.py
[2024-10-09T11:18:07.406+0700] {processor.py:179} INFO - Processing /home/hasyidan/venv/lib/python3.8/site-packages/airflow/example_dags/subdags/subdag.py took 0.102 seconds
[2024-10-09T11:18:41.468+0700] {processor.py:157} INFO - Started process (PID=5460) to work on /home/hasyidan/venv/lib/python3.8/site-packages/airflow/example_dags/subdags/subdag.py
[2024-10-09T11:18:41.513+0700] {processor.py:826} INFO - Processing file /home/hasyidan/venv/lib/python3.8/site-packages/airflow/example_dags/subdags/subdag.py for tasks to queue
[2024-10-09T11:18:41.514+0700] {logging_mixin.py:149} INFO - [2024-10-09T11:18:41.514+0700] {dagbag.py:541} INFO - Filling up the DagBag from /home/hasyidan/venv/lib/python3.8/site-packages/airflow/example_dags/subdags/subdag.py
[2024-10-09T11:18:41.518+0700] {processor.py:838} WARNING - No viable dags retrieved from /home/hasyidan/venv/lib/python3.8/site-packages/airflow/example_dags/subdags/subdag.py
[2024-10-09T11:18:41.550+0700] {processor.py:179} INFO - Processing /home/hasyidan/venv/lib/python3.8/site-packages/airflow/example_dags/subdags/subdag.py took 0.093 seconds
[2024-10-09T11:19:12.799+0700] {processor.py:157} INFO - Started process (PID=5489) to work on /home/hasyidan/venv/lib/python3.8/site-packages/airflow/example_dags/subdags/subdag.py
[2024-10-09T11:19:12.802+0700] {processor.py:826} INFO - Processing file /home/hasyidan/venv/lib/python3.8/site-packages/airflow/example_dags/subdags/subdag.py for tasks to queue
[2024-10-09T11:19:12.804+0700] {logging_mixin.py:149} INFO - [2024-10-09T11:19:12.804+0700] {dagbag.py:541} INFO - Filling up the DagBag from /home/hasyidan/venv/lib/python3.8/site-packages/airflow/example_dags/subdags/subdag.py
[2024-10-09T11:19:12.812+0700] {processor.py:838} WARNING - No viable dags retrieved from /home/hasyidan/venv/lib/python3.8/site-packages/airflow/example_dags/subdags/subdag.py
[2024-10-09T11:19:12.858+0700] {processor.py:179} INFO - Processing /home/hasyidan/venv/lib/python3.8/site-packages/airflow/example_dags/subdags/subdag.py took 0.069 seconds
[2024-10-09T11:19:44.177+0700] {processor.py:157} INFO - Started process (PID=5528) to work on /home/hasyidan/venv/lib/python3.8/site-packages/airflow/example_dags/subdags/subdag.py
[2024-10-09T11:19:44.204+0700] {processor.py:826} INFO - Processing file /home/hasyidan/venv/lib/python3.8/site-packages/airflow/example_dags/subdags/subdag.py for tasks to queue
[2024-10-09T11:19:44.206+0700] {logging_mixin.py:149} INFO - [2024-10-09T11:19:44.205+0700] {dagbag.py:541} INFO - Filling up the DagBag from /home/hasyidan/venv/lib/python3.8/site-packages/airflow/example_dags/subdags/subdag.py
[2024-10-09T11:19:44.213+0700] {processor.py:838} WARNING - No viable dags retrieved from /home/hasyidan/venv/lib/python3.8/site-packages/airflow/example_dags/subdags/subdag.py
[2024-10-09T11:19:44.253+0700] {processor.py:179} INFO - Processing /home/hasyidan/venv/lib/python3.8/site-packages/airflow/example_dags/subdags/subdag.py took 0.091 seconds
[2024-10-09T11:20:16.357+0700] {processor.py:157} INFO - Started process (PID=5561) to work on /home/hasyidan/venv/lib/python3.8/site-packages/airflow/example_dags/subdags/subdag.py
[2024-10-09T11:20:16.359+0700] {processor.py:826} INFO - Processing file /home/hasyidan/venv/lib/python3.8/site-packages/airflow/example_dags/subdags/subdag.py for tasks to queue
[2024-10-09T11:20:16.364+0700] {logging_mixin.py:149} INFO - [2024-10-09T11:20:16.361+0700] {dagbag.py:541} INFO - Filling up the DagBag from /home/hasyidan/venv/lib/python3.8/site-packages/airflow/example_dags/subdags/subdag.py
[2024-10-09T11:20:16.372+0700] {processor.py:838} WARNING - No viable dags retrieved from /home/hasyidan/venv/lib/python3.8/site-packages/airflow/example_dags/subdags/subdag.py
[2024-10-09T11:20:16.407+0700] {processor.py:179} INFO - Processing /home/hasyidan/venv/lib/python3.8/site-packages/airflow/example_dags/subdags/subdag.py took 0.063 seconds
[2024-10-09T11:20:49.462+0700] {processor.py:157} INFO - Started process (PID=5601) to work on /home/hasyidan/venv/lib/python3.8/site-packages/airflow/example_dags/subdags/subdag.py
[2024-10-09T11:20:49.517+0700] {processor.py:826} INFO - Processing file /home/hasyidan/venv/lib/python3.8/site-packages/airflow/example_dags/subdags/subdag.py for tasks to queue
[2024-10-09T11:20:49.519+0700] {logging_mixin.py:149} INFO - [2024-10-09T11:20:49.519+0700] {dagbag.py:541} INFO - Filling up the DagBag from /home/hasyidan/venv/lib/python3.8/site-packages/airflow/example_dags/subdags/subdag.py
[2024-10-09T11:20:49.523+0700] {processor.py:838} WARNING - No viable dags retrieved from /home/hasyidan/venv/lib/python3.8/site-packages/airflow/example_dags/subdags/subdag.py
[2024-10-09T11:20:49.558+0700] {processor.py:179} INFO - Processing /home/hasyidan/venv/lib/python3.8/site-packages/airflow/example_dags/subdags/subdag.py took 0.104 seconds
[2024-10-09T11:21:23.871+0700] {processor.py:157} INFO - Started process (PID=5631) to work on /home/hasyidan/venv/lib/python3.8/site-packages/airflow/example_dags/subdags/subdag.py
[2024-10-09T11:21:23.878+0700] {processor.py:826} INFO - Processing file /home/hasyidan/venv/lib/python3.8/site-packages/airflow/example_dags/subdags/subdag.py for tasks to queue
[2024-10-09T11:21:23.879+0700] {logging_mixin.py:149} INFO - [2024-10-09T11:21:23.879+0700] {dagbag.py:541} INFO - Filling up the DagBag from /home/hasyidan/venv/lib/python3.8/site-packages/airflow/example_dags/subdags/subdag.py
[2024-10-09T11:21:23.884+0700] {processor.py:838} WARNING - No viable dags retrieved from /home/hasyidan/venv/lib/python3.8/site-packages/airflow/example_dags/subdags/subdag.py
[2024-10-09T11:21:23.927+0700] {processor.py:179} INFO - Processing /home/hasyidan/venv/lib/python3.8/site-packages/airflow/example_dags/subdags/subdag.py took 0.064 seconds
[2024-10-09T11:21:57.269+0700] {processor.py:157} INFO - Started process (PID=5666) to work on /home/hasyidan/venv/lib/python3.8/site-packages/airflow/example_dags/subdags/subdag.py
[2024-10-09T11:21:57.287+0700] {processor.py:826} INFO - Processing file /home/hasyidan/venv/lib/python3.8/site-packages/airflow/example_dags/subdags/subdag.py for tasks to queue
[2024-10-09T11:21:57.293+0700] {logging_mixin.py:149} INFO - [2024-10-09T11:21:57.292+0700] {dagbag.py:541} INFO - Filling up the DagBag from /home/hasyidan/venv/lib/python3.8/site-packages/airflow/example_dags/subdags/subdag.py
[2024-10-09T11:21:57.298+0700] {processor.py:838} WARNING - No viable dags retrieved from /home/hasyidan/venv/lib/python3.8/site-packages/airflow/example_dags/subdags/subdag.py
[2024-10-09T11:21:57.331+0700] {processor.py:179} INFO - Processing /home/hasyidan/venv/lib/python3.8/site-packages/airflow/example_dags/subdags/subdag.py took 0.071 seconds
[2024-10-09T11:22:28.393+0700] {processor.py:157} INFO - Started process (PID=5693) to work on /home/hasyidan/venv/lib/python3.8/site-packages/airflow/example_dags/subdags/subdag.py
[2024-10-09T11:22:28.401+0700] {processor.py:826} INFO - Processing file /home/hasyidan/venv/lib/python3.8/site-packages/airflow/example_dags/subdags/subdag.py for tasks to queue
[2024-10-09T11:22:28.403+0700] {logging_mixin.py:149} INFO - [2024-10-09T11:22:28.402+0700] {dagbag.py:541} INFO - Filling up the DagBag from /home/hasyidan/venv/lib/python3.8/site-packages/airflow/example_dags/subdags/subdag.py
[2024-10-09T11:22:28.410+0700] {processor.py:838} WARNING - No viable dags retrieved from /home/hasyidan/venv/lib/python3.8/site-packages/airflow/example_dags/subdags/subdag.py
[2024-10-09T11:22:28.457+0700] {processor.py:179} INFO - Processing /home/hasyidan/venv/lib/python3.8/site-packages/airflow/example_dags/subdags/subdag.py took 0.071 seconds
[2024-10-09T11:22:58.581+0700] {processor.py:157} INFO - Started process (PID=5727) to work on /home/hasyidan/venv/lib/python3.8/site-packages/airflow/example_dags/subdags/subdag.py
[2024-10-09T11:22:58.594+0700] {processor.py:826} INFO - Processing file /home/hasyidan/venv/lib/python3.8/site-packages/airflow/example_dags/subdags/subdag.py for tasks to queue
[2024-10-09T11:22:58.596+0700] {logging_mixin.py:149} INFO - [2024-10-09T11:22:58.596+0700] {dagbag.py:541} INFO - Filling up the DagBag from /home/hasyidan/venv/lib/python3.8/site-packages/airflow/example_dags/subdags/subdag.py
[2024-10-09T11:22:58.605+0700] {processor.py:838} WARNING - No viable dags retrieved from /home/hasyidan/venv/lib/python3.8/site-packages/airflow/example_dags/subdags/subdag.py
[2024-10-09T11:22:58.641+0700] {processor.py:179} INFO - Processing /home/hasyidan/venv/lib/python3.8/site-packages/airflow/example_dags/subdags/subdag.py took 0.074 seconds
[2024-10-09T11:23:32.505+0700] {processor.py:157} INFO - Started process (PID=5758) to work on /home/hasyidan/venv/lib/python3.8/site-packages/airflow/example_dags/subdags/subdag.py
[2024-10-09T11:23:32.538+0700] {processor.py:826} INFO - Processing file /home/hasyidan/venv/lib/python3.8/site-packages/airflow/example_dags/subdags/subdag.py for tasks to queue
[2024-10-09T11:23:32.540+0700] {logging_mixin.py:149} INFO - [2024-10-09T11:23:32.539+0700] {dagbag.py:541} INFO - Filling up the DagBag from /home/hasyidan/venv/lib/python3.8/site-packages/airflow/example_dags/subdags/subdag.py
[2024-10-09T11:23:32.545+0700] {processor.py:838} WARNING - No viable dags retrieved from /home/hasyidan/venv/lib/python3.8/site-packages/airflow/example_dags/subdags/subdag.py
[2024-10-09T11:23:32.586+0700] {processor.py:179} INFO - Processing /home/hasyidan/venv/lib/python3.8/site-packages/airflow/example_dags/subdags/subdag.py took 0.091 seconds
[2024-10-09T11:24:05.953+0700] {processor.py:157} INFO - Started process (PID=5793) to work on /home/hasyidan/venv/lib/python3.8/site-packages/airflow/example_dags/subdags/subdag.py
[2024-10-09T11:24:05.956+0700] {processor.py:826} INFO - Processing file /home/hasyidan/venv/lib/python3.8/site-packages/airflow/example_dags/subdags/subdag.py for tasks to queue
[2024-10-09T11:24:05.958+0700] {logging_mixin.py:149} INFO - [2024-10-09T11:24:05.957+0700] {dagbag.py:541} INFO - Filling up the DagBag from /home/hasyidan/venv/lib/python3.8/site-packages/airflow/example_dags/subdags/subdag.py
[2024-10-09T11:24:05.966+0700] {processor.py:838} WARNING - No viable dags retrieved from /home/hasyidan/venv/lib/python3.8/site-packages/airflow/example_dags/subdags/subdag.py
[2024-10-09T11:24:06.002+0700] {processor.py:179} INFO - Processing /home/hasyidan/venv/lib/python3.8/site-packages/airflow/example_dags/subdags/subdag.py took 0.059 seconds
[2024-10-09T11:24:39.639+0700] {processor.py:157} INFO - Started process (PID=5828) to work on /home/hasyidan/venv/lib/python3.8/site-packages/airflow/example_dags/subdags/subdag.py
[2024-10-09T11:24:39.657+0700] {processor.py:826} INFO - Processing file /home/hasyidan/venv/lib/python3.8/site-packages/airflow/example_dags/subdags/subdag.py for tasks to queue
[2024-10-09T11:24:39.660+0700] {logging_mixin.py:149} INFO - [2024-10-09T11:24:39.659+0700] {dagbag.py:541} INFO - Filling up the DagBag from /home/hasyidan/venv/lib/python3.8/site-packages/airflow/example_dags/subdags/subdag.py
[2024-10-09T11:24:39.665+0700] {processor.py:838} WARNING - No viable dags retrieved from /home/hasyidan/venv/lib/python3.8/site-packages/airflow/example_dags/subdags/subdag.py
[2024-10-09T11:24:39.700+0700] {processor.py:179} INFO - Processing /home/hasyidan/venv/lib/python3.8/site-packages/airflow/example_dags/subdags/subdag.py took 0.073 seconds
[2024-10-09T11:25:14.141+0700] {processor.py:157} INFO - Started process (PID=5863) to work on /home/hasyidan/venv/lib/python3.8/site-packages/airflow/example_dags/subdags/subdag.py
[2024-10-09T11:25:14.152+0700] {processor.py:826} INFO - Processing file /home/hasyidan/venv/lib/python3.8/site-packages/airflow/example_dags/subdags/subdag.py for tasks to queue
[2024-10-09T11:25:14.154+0700] {logging_mixin.py:149} INFO - [2024-10-09T11:25:14.153+0700] {dagbag.py:541} INFO - Filling up the DagBag from /home/hasyidan/venv/lib/python3.8/site-packages/airflow/example_dags/subdags/subdag.py
[2024-10-09T11:25:14.157+0700] {processor.py:838} WARNING - No viable dags retrieved from /home/hasyidan/venv/lib/python3.8/site-packages/airflow/example_dags/subdags/subdag.py
[2024-10-09T11:25:14.190+0700] {processor.py:179} INFO - Processing /home/hasyidan/venv/lib/python3.8/site-packages/airflow/example_dags/subdags/subdag.py took 0.059 seconds
[2024-10-09T11:25:47.979+0700] {processor.py:157} INFO - Started process (PID=5904) to work on /home/hasyidan/venv/lib/python3.8/site-packages/airflow/example_dags/subdags/subdag.py
[2024-10-09T11:25:47.996+0700] {processor.py:826} INFO - Processing file /home/hasyidan/venv/lib/python3.8/site-packages/airflow/example_dags/subdags/subdag.py for tasks to queue
[2024-10-09T11:25:47.998+0700] {logging_mixin.py:149} INFO - [2024-10-09T11:25:47.998+0700] {dagbag.py:541} INFO - Filling up the DagBag from /home/hasyidan/venv/lib/python3.8/site-packages/airflow/example_dags/subdags/subdag.py
[2024-10-09T11:25:48.009+0700] {processor.py:838} WARNING - No viable dags retrieved from /home/hasyidan/venv/lib/python3.8/site-packages/airflow/example_dags/subdags/subdag.py
[2024-10-09T11:25:48.047+0700] {processor.py:179} INFO - Processing /home/hasyidan/venv/lib/python3.8/site-packages/airflow/example_dags/subdags/subdag.py took 0.076 seconds
[2024-10-09T11:27:06.881+0700] {processor.py:157} INFO - Started process (PID=5956) to work on /home/hasyidan/venv/lib/python3.8/site-packages/airflow/example_dags/subdags/subdag.py
[2024-10-09T11:27:06.910+0700] {processor.py:826} INFO - Processing file /home/hasyidan/venv/lib/python3.8/site-packages/airflow/example_dags/subdags/subdag.py for tasks to queue
[2024-10-09T11:27:06.911+0700] {logging_mixin.py:149} INFO - [2024-10-09T11:27:06.911+0700] {dagbag.py:541} INFO - Filling up the DagBag from /home/hasyidan/venv/lib/python3.8/site-packages/airflow/example_dags/subdags/subdag.py
[2024-10-09T11:27:06.920+0700] {processor.py:838} WARNING - No viable dags retrieved from /home/hasyidan/venv/lib/python3.8/site-packages/airflow/example_dags/subdags/subdag.py
[2024-10-09T11:27:06.971+0700] {processor.py:179} INFO - Processing /home/hasyidan/venv/lib/python3.8/site-packages/airflow/example_dags/subdags/subdag.py took 0.105 seconds
[2024-10-09T11:28:50.649+0700] {processor.py:157} INFO - Started process (PID=6025) to work on /home/hasyidan/venv/lib/python3.8/site-packages/airflow/example_dags/subdags/subdag.py
[2024-10-09T11:28:50.669+0700] {processor.py:826} INFO - Processing file /home/hasyidan/venv/lib/python3.8/site-packages/airflow/example_dags/subdags/subdag.py for tasks to queue
[2024-10-09T11:28:50.671+0700] {logging_mixin.py:149} INFO - [2024-10-09T11:28:50.671+0700] {dagbag.py:541} INFO - Filling up the DagBag from /home/hasyidan/venv/lib/python3.8/site-packages/airflow/example_dags/subdags/subdag.py
[2024-10-09T11:28:50.676+0700] {processor.py:838} WARNING - No viable dags retrieved from /home/hasyidan/venv/lib/python3.8/site-packages/airflow/example_dags/subdags/subdag.py
[2024-10-09T11:28:50.707+0700] {processor.py:179} INFO - Processing /home/hasyidan/venv/lib/python3.8/site-packages/airflow/example_dags/subdags/subdag.py took 0.070 seconds
[2024-10-09T11:29:55.142+0700] {processor.py:157} INFO - Started process (PID=6067) to work on /home/hasyidan/venv/lib/python3.8/site-packages/airflow/example_dags/subdags/subdag.py
[2024-10-09T11:29:55.477+0700] {processor.py:826} INFO - Processing file /home/hasyidan/venv/lib/python3.8/site-packages/airflow/example_dags/subdags/subdag.py for tasks to queue
[2024-10-09T11:29:55.480+0700] {logging_mixin.py:149} INFO - [2024-10-09T11:29:55.479+0700] {dagbag.py:541} INFO - Filling up the DagBag from /home/hasyidan/venv/lib/python3.8/site-packages/airflow/example_dags/subdags/subdag.py
[2024-10-09T11:29:55.485+0700] {processor.py:838} WARNING - No viable dags retrieved from /home/hasyidan/venv/lib/python3.8/site-packages/airflow/example_dags/subdags/subdag.py
[2024-10-09T11:29:55.512+0700] {processor.py:179} INFO - Processing /home/hasyidan/venv/lib/python3.8/site-packages/airflow/example_dags/subdags/subdag.py took 0.376 seconds
[2024-10-09T11:33:11.912+0700] {processor.py:157} INFO - Started process (PID=6394) to work on /home/hasyidan/venv/lib/python3.8/site-packages/airflow/example_dags/subdags/subdag.py
[2024-10-09T11:33:12.006+0700] {processor.py:826} INFO - Processing file /home/hasyidan/venv/lib/python3.8/site-packages/airflow/example_dags/subdags/subdag.py for tasks to queue
[2024-10-09T11:33:12.012+0700] {logging_mixin.py:149} INFO - [2024-10-09T11:33:12.011+0700] {dagbag.py:541} INFO - Filling up the DagBag from /home/hasyidan/venv/lib/python3.8/site-packages/airflow/example_dags/subdags/subdag.py
[2024-10-09T11:33:12.104+0700] {processor.py:838} WARNING - No viable dags retrieved from /home/hasyidan/venv/lib/python3.8/site-packages/airflow/example_dags/subdags/subdag.py
[2024-10-09T11:33:12.142+0700] {processor.py:179} INFO - Processing /home/hasyidan/venv/lib/python3.8/site-packages/airflow/example_dags/subdags/subdag.py took 0.241 seconds
[2024-10-09T11:34:57.722+0700] {processor.py:157} INFO - Started process (PID=6555) to work on /home/hasyidan/venv/lib/python3.8/site-packages/airflow/example_dags/subdags/subdag.py
[2024-10-09T11:34:57.753+0700] {processor.py:826} INFO - Processing file /home/hasyidan/venv/lib/python3.8/site-packages/airflow/example_dags/subdags/subdag.py for tasks to queue
[2024-10-09T11:34:57.756+0700] {logging_mixin.py:149} INFO - [2024-10-09T11:34:57.755+0700] {dagbag.py:541} INFO - Filling up the DagBag from /home/hasyidan/venv/lib/python3.8/site-packages/airflow/example_dags/subdags/subdag.py
[2024-10-09T11:34:57.770+0700] {processor.py:838} WARNING - No viable dags retrieved from /home/hasyidan/venv/lib/python3.8/site-packages/airflow/example_dags/subdags/subdag.py
[2024-10-09T11:34:57.790+0700] {processor.py:179} INFO - Processing /home/hasyidan/venv/lib/python3.8/site-packages/airflow/example_dags/subdags/subdag.py took 0.076 seconds
[2024-10-09T11:35:58.263+0700] {processor.py:157} INFO - Started process (PID=6630) to work on /home/hasyidan/venv/lib/python3.8/site-packages/airflow/example_dags/subdags/subdag.py
[2024-10-09T11:35:58.366+0700] {processor.py:826} INFO - Processing file /home/hasyidan/venv/lib/python3.8/site-packages/airflow/example_dags/subdags/subdag.py for tasks to queue
[2024-10-09T11:35:58.369+0700] {logging_mixin.py:149} INFO - [2024-10-09T11:35:58.368+0700] {dagbag.py:541} INFO - Filling up the DagBag from /home/hasyidan/venv/lib/python3.8/site-packages/airflow/example_dags/subdags/subdag.py
[2024-10-09T11:35:58.390+0700] {processor.py:838} WARNING - No viable dags retrieved from /home/hasyidan/venv/lib/python3.8/site-packages/airflow/example_dags/subdags/subdag.py
[2024-10-09T11:35:58.463+0700] {processor.py:179} INFO - Processing /home/hasyidan/venv/lib/python3.8/site-packages/airflow/example_dags/subdags/subdag.py took 0.313 seconds
[2024-10-09T11:38:18.573+0700] {processor.py:157} INFO - Started process (PID=6824) to work on /home/hasyidan/venv/lib/python3.8/site-packages/airflow/example_dags/subdags/subdag.py
[2024-10-09T11:38:18.940+0700] {processor.py:826} INFO - Processing file /home/hasyidan/venv/lib/python3.8/site-packages/airflow/example_dags/subdags/subdag.py for tasks to queue
[2024-10-09T11:38:18.942+0700] {logging_mixin.py:149} INFO - [2024-10-09T11:38:18.942+0700] {dagbag.py:541} INFO - Filling up the DagBag from /home/hasyidan/venv/lib/python3.8/site-packages/airflow/example_dags/subdags/subdag.py
[2024-10-09T11:38:18.947+0700] {processor.py:838} WARNING - No viable dags retrieved from /home/hasyidan/venv/lib/python3.8/site-packages/airflow/example_dags/subdags/subdag.py
[2024-10-09T11:38:19.506+0700] {processor.py:179} INFO - Processing /home/hasyidan/venv/lib/python3.8/site-packages/airflow/example_dags/subdags/subdag.py took 0.944 seconds
