[2024-10-10T11:43:29.099+0700] {processor.py:157} INFO - Started process (PID=2770) to work on /home/hasyidan/venv/lib/python3.8/site-packages/airflow/example_dags/example_complex.py
[2024-10-10T11:43:29.101+0700] {processor.py:826} INFO - Processing file /home/hasyidan/venv/lib/python3.8/site-packages/airflow/example_dags/example_complex.py for tasks to queue
[2024-10-10T11:43:29.102+0700] {logging_mixin.py:149} INFO - [2024-10-10T11:43:29.102+0700] {dagbag.py:541} INFO - Filling up the DagBag from /home/hasyidan/venv/lib/python3.8/site-packages/airflow/example_dags/example_complex.py
[2024-10-10T11:43:29.127+0700] {logging_mixin.py:149} INFO - [2024-10-10T11:43:29.126+0700] {taskmixin.py:211} WARNING - Dependency <Task(BashOperator): create_entry_group>, delete_entry_group already registered for DAG: example_complex
[2024-10-10T11:43:29.127+0700] {logging_mixin.py:149} INFO - [2024-10-10T11:43:29.127+0700] {taskmixin.py:211} WARNING - Dependency <Task(BashOperator): delete_entry_group>, create_entry_group already registered for DAG: example_complex
[2024-10-10T11:43:29.128+0700] {logging_mixin.py:149} INFO - [2024-10-10T11:43:29.128+0700] {taskmixin.py:211} WARNING - Dependency <Task(BashOperator): create_entry_gcs>, delete_entry already registered for DAG: example_complex
[2024-10-10T11:43:29.129+0700] {logging_mixin.py:149} INFO - [2024-10-10T11:43:29.128+0700] {taskmixin.py:211} WARNING - Dependency <Task(BashOperator): delete_entry>, create_entry_gcs already registered for DAG: example_complex
[2024-10-10T11:43:29.129+0700] {logging_mixin.py:149} INFO - [2024-10-10T11:43:29.129+0700] {taskmixin.py:211} WARNING - Dependency <Task(BashOperator): create_tag>, delete_tag already registered for DAG: example_complex
[2024-10-10T11:43:29.130+0700] {logging_mixin.py:149} INFO - [2024-10-10T11:43:29.130+0700] {taskmixin.py:211} WARNING - Dependency <Task(BashOperator): delete_tag>, create_tag already registered for DAG: example_complex
[2024-10-10T11:43:29.133+0700] {processor.py:836} INFO - DAG(s) dict_keys(['example_complex']) retrieved from /home/hasyidan/venv/lib/python3.8/site-packages/airflow/example_dags/example_complex.py
[2024-10-10T11:43:29.246+0700] {logging_mixin.py:149} INFO - [2024-10-10T11:43:29.245+0700] {dag.py:2726} INFO - Sync 1 DAGs
[2024-10-10T11:43:29.288+0700] {logging_mixin.py:149} INFO - [2024-10-10T11:43:29.288+0700] {dag.py:3486} INFO - Setting next_dagrun for example_complex to None, run_after=None
[2024-10-10T11:43:29.544+0700] {processor.py:179} INFO - Processing /home/hasyidan/venv/lib/python3.8/site-packages/airflow/example_dags/example_complex.py took 0.452 seconds
[2024-10-10T11:48:39.596+0700] {processor.py:157} INFO - Started process (PID=2910) to work on /home/hasyidan/venv/lib/python3.8/site-packages/airflow/example_dags/example_complex.py
[2024-10-10T11:48:39.614+0700] {processor.py:826} INFO - Processing file /home/hasyidan/venv/lib/python3.8/site-packages/airflow/example_dags/example_complex.py for tasks to queue
[2024-10-10T11:48:39.617+0700] {logging_mixin.py:149} INFO - [2024-10-10T11:48:39.616+0700] {dagbag.py:541} INFO - Filling up the DagBag from /home/hasyidan/venv/lib/python3.8/site-packages/airflow/example_dags/example_complex.py
[2024-10-10T11:48:39.664+0700] {logging_mixin.py:149} INFO - [2024-10-10T11:48:39.664+0700] {taskmixin.py:211} WARNING - Dependency <Task(BashOperator): create_entry_group>, delete_entry_group already registered for DAG: example_complex
[2024-10-10T11:48:39.665+0700] {logging_mixin.py:149} INFO - [2024-10-10T11:48:39.664+0700] {taskmixin.py:211} WARNING - Dependency <Task(BashOperator): delete_entry_group>, create_entry_group already registered for DAG: example_complex
[2024-10-10T11:48:39.665+0700] {logging_mixin.py:149} INFO - [2024-10-10T11:48:39.665+0700] {taskmixin.py:211} WARNING - Dependency <Task(BashOperator): create_entry_gcs>, delete_entry already registered for DAG: example_complex
[2024-10-10T11:48:39.666+0700] {logging_mixin.py:149} INFO - [2024-10-10T11:48:39.665+0700] {taskmixin.py:211} WARNING - Dependency <Task(BashOperator): delete_entry>, create_entry_gcs already registered for DAG: example_complex
[2024-10-10T11:48:39.667+0700] {logging_mixin.py:149} INFO - [2024-10-10T11:48:39.666+0700] {taskmixin.py:211} WARNING - Dependency <Task(BashOperator): create_tag>, delete_tag already registered for DAG: example_complex
[2024-10-10T11:48:39.667+0700] {logging_mixin.py:149} INFO - [2024-10-10T11:48:39.667+0700] {taskmixin.py:211} WARNING - Dependency <Task(BashOperator): delete_tag>, create_tag already registered for DAG: example_complex
[2024-10-10T11:48:39.670+0700] {processor.py:836} INFO - DAG(s) dict_keys(['example_complex']) retrieved from /home/hasyidan/venv/lib/python3.8/site-packages/airflow/example_dags/example_complex.py
[2024-10-10T11:48:39.725+0700] {logging_mixin.py:149} INFO - [2024-10-10T11:48:39.724+0700] {dag.py:2726} INFO - Sync 1 DAGs
[2024-10-10T11:48:39.767+0700] {logging_mixin.py:149} INFO - [2024-10-10T11:48:39.766+0700] {dag.py:3486} INFO - Setting next_dagrun for example_complex to None, run_after=None
[2024-10-10T11:48:39.916+0700] {processor.py:179} INFO - Processing /home/hasyidan/venv/lib/python3.8/site-packages/airflow/example_dags/example_complex.py took 0.325 seconds
[2024-10-10T11:51:30.509+0700] {processor.py:157} INFO - Started process (PID=3111) to work on /home/hasyidan/venv/lib/python3.8/site-packages/airflow/example_dags/example_complex.py
[2024-10-10T11:51:30.541+0700] {processor.py:826} INFO - Processing file /home/hasyidan/venv/lib/python3.8/site-packages/airflow/example_dags/example_complex.py for tasks to queue
[2024-10-10T11:51:30.542+0700] {logging_mixin.py:149} INFO - [2024-10-10T11:51:30.542+0700] {dagbag.py:541} INFO - Filling up the DagBag from /home/hasyidan/venv/lib/python3.8/site-packages/airflow/example_dags/example_complex.py
[2024-10-10T11:51:30.588+0700] {logging_mixin.py:149} INFO - [2024-10-10T11:51:30.587+0700] {taskmixin.py:211} WARNING - Dependency <Task(BashOperator): create_entry_group>, delete_entry_group already registered for DAG: example_complex
[2024-10-10T11:51:30.588+0700] {logging_mixin.py:149} INFO - [2024-10-10T11:51:30.588+0700] {taskmixin.py:211} WARNING - Dependency <Task(BashOperator): delete_entry_group>, create_entry_group already registered for DAG: example_complex
[2024-10-10T11:51:30.589+0700] {logging_mixin.py:149} INFO - [2024-10-10T11:51:30.589+0700] {taskmixin.py:211} WARNING - Dependency <Task(BashOperator): create_entry_gcs>, delete_entry already registered for DAG: example_complex
[2024-10-10T11:51:30.589+0700] {logging_mixin.py:149} INFO - [2024-10-10T11:51:30.589+0700] {taskmixin.py:211} WARNING - Dependency <Task(BashOperator): delete_entry>, create_entry_gcs already registered for DAG: example_complex
[2024-10-10T11:51:30.591+0700] {logging_mixin.py:149} INFO - [2024-10-10T11:51:30.590+0700] {taskmixin.py:211} WARNING - Dependency <Task(BashOperator): create_tag>, delete_tag already registered for DAG: example_complex
[2024-10-10T11:51:30.591+0700] {logging_mixin.py:149} INFO - [2024-10-10T11:51:30.591+0700] {taskmixin.py:211} WARNING - Dependency <Task(BashOperator): delete_tag>, create_tag already registered for DAG: example_complex
[2024-10-10T11:51:30.595+0700] {processor.py:836} INFO - DAG(s) dict_keys(['example_complex']) retrieved from /home/hasyidan/venv/lib/python3.8/site-packages/airflow/example_dags/example_complex.py
[2024-10-10T11:51:31.205+0700] {logging_mixin.py:149} INFO - [2024-10-10T11:51:31.205+0700] {dag.py:2726} INFO - Sync 1 DAGs
[2024-10-10T11:51:31.260+0700] {logging_mixin.py:149} INFO - [2024-10-10T11:51:31.260+0700] {dag.py:3486} INFO - Setting next_dagrun for example_complex to None, run_after=None
[2024-10-10T11:51:32.263+0700] {processor.py:179} INFO - Processing /home/hasyidan/venv/lib/python3.8/site-packages/airflow/example_dags/example_complex.py took 1.760 seconds
[2024-10-10T11:53:26.185+0700] {processor.py:157} INFO - Started process (PID=3345) to work on /home/hasyidan/venv/lib/python3.8/site-packages/airflow/example_dags/example_complex.py
[2024-10-10T11:53:26.278+0700] {processor.py:826} INFO - Processing file /home/hasyidan/venv/lib/python3.8/site-packages/airflow/example_dags/example_complex.py for tasks to queue
[2024-10-10T11:53:26.280+0700] {logging_mixin.py:149} INFO - [2024-10-10T11:53:26.280+0700] {dagbag.py:541} INFO - Filling up the DagBag from /home/hasyidan/venv/lib/python3.8/site-packages/airflow/example_dags/example_complex.py
[2024-10-10T11:53:26.302+0700] {logging_mixin.py:149} INFO - [2024-10-10T11:53:26.302+0700] {taskmixin.py:211} WARNING - Dependency <Task(BashOperator): create_entry_group>, delete_entry_group already registered for DAG: example_complex
[2024-10-10T11:53:26.303+0700] {logging_mixin.py:149} INFO - [2024-10-10T11:53:26.302+0700] {taskmixin.py:211} WARNING - Dependency <Task(BashOperator): delete_entry_group>, create_entry_group already registered for DAG: example_complex
[2024-10-10T11:53:26.303+0700] {logging_mixin.py:149} INFO - [2024-10-10T11:53:26.303+0700] {taskmixin.py:211} WARNING - Dependency <Task(BashOperator): create_entry_gcs>, delete_entry already registered for DAG: example_complex
[2024-10-10T11:53:26.304+0700] {logging_mixin.py:149} INFO - [2024-10-10T11:53:26.304+0700] {taskmixin.py:211} WARNING - Dependency <Task(BashOperator): delete_entry>, create_entry_gcs already registered for DAG: example_complex
[2024-10-10T11:53:26.305+0700] {logging_mixin.py:149} INFO - [2024-10-10T11:53:26.304+0700] {taskmixin.py:211} WARNING - Dependency <Task(BashOperator): create_tag>, delete_tag already registered for DAG: example_complex
[2024-10-10T11:53:26.305+0700] {logging_mixin.py:149} INFO - [2024-10-10T11:53:26.305+0700] {taskmixin.py:211} WARNING - Dependency <Task(BashOperator): delete_tag>, create_tag already registered for DAG: example_complex
[2024-10-10T11:53:26.308+0700] {processor.py:836} INFO - DAG(s) dict_keys(['example_complex']) retrieved from /home/hasyidan/venv/lib/python3.8/site-packages/airflow/example_dags/example_complex.py
[2024-10-10T11:53:26.368+0700] {logging_mixin.py:149} INFO - [2024-10-10T11:53:26.368+0700] {dag.py:2726} INFO - Sync 1 DAGs
[2024-10-10T11:53:26.416+0700] {logging_mixin.py:149} INFO - [2024-10-10T11:53:26.416+0700] {dag.py:3486} INFO - Setting next_dagrun for example_complex to None, run_after=None
[2024-10-10T11:53:26.571+0700] {processor.py:179} INFO - Processing /home/hasyidan/venv/lib/python3.8/site-packages/airflow/example_dags/example_complex.py took 0.392 seconds
[2024-10-10T11:54:23.639+0700] {processor.py:157} INFO - Started process (PID=3407) to work on /home/hasyidan/venv/lib/python3.8/site-packages/airflow/example_dags/example_complex.py
[2024-10-10T11:54:23.658+0700] {processor.py:826} INFO - Processing file /home/hasyidan/venv/lib/python3.8/site-packages/airflow/example_dags/example_complex.py for tasks to queue
[2024-10-10T11:54:23.660+0700] {logging_mixin.py:149} INFO - [2024-10-10T11:54:23.660+0700] {dagbag.py:541} INFO - Filling up the DagBag from /home/hasyidan/venv/lib/python3.8/site-packages/airflow/example_dags/example_complex.py
[2024-10-10T11:54:23.682+0700] {logging_mixin.py:149} INFO - [2024-10-10T11:54:23.682+0700] {taskmixin.py:211} WARNING - Dependency <Task(BashOperator): create_entry_group>, delete_entry_group already registered for DAG: example_complex
[2024-10-10T11:54:23.683+0700] {logging_mixin.py:149} INFO - [2024-10-10T11:54:23.683+0700] {taskmixin.py:211} WARNING - Dependency <Task(BashOperator): delete_entry_group>, create_entry_group already registered for DAG: example_complex
[2024-10-10T11:54:23.684+0700] {logging_mixin.py:149} INFO - [2024-10-10T11:54:23.683+0700] {taskmixin.py:211} WARNING - Dependency <Task(BashOperator): create_entry_gcs>, delete_entry already registered for DAG: example_complex
[2024-10-10T11:54:23.684+0700] {logging_mixin.py:149} INFO - [2024-10-10T11:54:23.684+0700] {taskmixin.py:211} WARNING - Dependency <Task(BashOperator): delete_entry>, create_entry_gcs already registered for DAG: example_complex
[2024-10-10T11:54:23.685+0700] {logging_mixin.py:149} INFO - [2024-10-10T11:54:23.685+0700] {taskmixin.py:211} WARNING - Dependency <Task(BashOperator): create_tag>, delete_tag already registered for DAG: example_complex
[2024-10-10T11:54:23.685+0700] {logging_mixin.py:149} INFO - [2024-10-10T11:54:23.685+0700] {taskmixin.py:211} WARNING - Dependency <Task(BashOperator): delete_tag>, create_tag already registered for DAG: example_complex
[2024-10-10T11:54:23.688+0700] {processor.py:836} INFO - DAG(s) dict_keys(['example_complex']) retrieved from /home/hasyidan/venv/lib/python3.8/site-packages/airflow/example_dags/example_complex.py
[2024-10-10T11:54:23.745+0700] {logging_mixin.py:149} INFO - [2024-10-10T11:54:23.744+0700] {dag.py:2726} INFO - Sync 1 DAGs
[2024-10-10T11:54:23.789+0700] {logging_mixin.py:149} INFO - [2024-10-10T11:54:23.788+0700] {dag.py:3486} INFO - Setting next_dagrun for example_complex to None, run_after=None
[2024-10-10T11:54:24.039+0700] {processor.py:179} INFO - Processing /home/hasyidan/venv/lib/python3.8/site-packages/airflow/example_dags/example_complex.py took 0.406 seconds
[2024-10-10T11:55:28.675+0700] {processor.py:157} INFO - Started process (PID=3485) to work on /home/hasyidan/venv/lib/python3.8/site-packages/airflow/example_dags/example_complex.py
[2024-10-10T11:55:28.692+0700] {processor.py:826} INFO - Processing file /home/hasyidan/venv/lib/python3.8/site-packages/airflow/example_dags/example_complex.py for tasks to queue
[2024-10-10T11:55:28.695+0700] {logging_mixin.py:149} INFO - [2024-10-10T11:55:28.694+0700] {dagbag.py:541} INFO - Filling up the DagBag from /home/hasyidan/venv/lib/python3.8/site-packages/airflow/example_dags/example_complex.py
[2024-10-10T11:55:28.717+0700] {logging_mixin.py:149} INFO - [2024-10-10T11:55:28.716+0700] {taskmixin.py:211} WARNING - Dependency <Task(BashOperator): create_entry_group>, delete_entry_group already registered for DAG: example_complex
[2024-10-10T11:55:28.744+0700] {logging_mixin.py:149} INFO - [2024-10-10T11:55:28.743+0700] {taskmixin.py:211} WARNING - Dependency <Task(BashOperator): delete_entry_group>, create_entry_group already registered for DAG: example_complex
[2024-10-10T11:55:28.745+0700] {logging_mixin.py:149} INFO - [2024-10-10T11:55:28.745+0700] {taskmixin.py:211} WARNING - Dependency <Task(BashOperator): create_entry_gcs>, delete_entry already registered for DAG: example_complex
[2024-10-10T11:55:28.747+0700] {logging_mixin.py:149} INFO - [2024-10-10T11:55:28.746+0700] {taskmixin.py:211} WARNING - Dependency <Task(BashOperator): delete_entry>, create_entry_gcs already registered for DAG: example_complex
[2024-10-10T11:55:28.748+0700] {logging_mixin.py:149} INFO - [2024-10-10T11:55:28.748+0700] {taskmixin.py:211} WARNING - Dependency <Task(BashOperator): create_tag>, delete_tag already registered for DAG: example_complex
[2024-10-10T11:55:28.749+0700] {logging_mixin.py:149} INFO - [2024-10-10T11:55:28.748+0700] {taskmixin.py:211} WARNING - Dependency <Task(BashOperator): delete_tag>, create_tag already registered for DAG: example_complex
[2024-10-10T11:55:28.755+0700] {processor.py:836} INFO - DAG(s) dict_keys(['example_complex']) retrieved from /home/hasyidan/venv/lib/python3.8/site-packages/airflow/example_dags/example_complex.py
[2024-10-10T11:55:28.816+0700] {logging_mixin.py:149} INFO - [2024-10-10T11:55:28.815+0700] {dag.py:2726} INFO - Sync 1 DAGs
[2024-10-10T11:55:28.858+0700] {logging_mixin.py:149} INFO - [2024-10-10T11:55:28.857+0700] {dag.py:3486} INFO - Setting next_dagrun for example_complex to None, run_after=None
[2024-10-10T11:55:28.991+0700] {processor.py:179} INFO - Processing /home/hasyidan/venv/lib/python3.8/site-packages/airflow/example_dags/example_complex.py took 0.323 seconds
[2024-10-10T11:56:28.727+0700] {processor.py:157} INFO - Started process (PID=3551) to work on /home/hasyidan/venv/lib/python3.8/site-packages/airflow/example_dags/example_complex.py
[2024-10-10T11:56:28.745+0700] {processor.py:826} INFO - Processing file /home/hasyidan/venv/lib/python3.8/site-packages/airflow/example_dags/example_complex.py for tasks to queue
[2024-10-10T11:56:28.748+0700] {logging_mixin.py:149} INFO - [2024-10-10T11:56:28.747+0700] {dagbag.py:541} INFO - Filling up the DagBag from /home/hasyidan/venv/lib/python3.8/site-packages/airflow/example_dags/example_complex.py
[2024-10-10T11:56:28.772+0700] {logging_mixin.py:149} INFO - [2024-10-10T11:56:28.771+0700] {taskmixin.py:211} WARNING - Dependency <Task(BashOperator): create_entry_group>, delete_entry_group already registered for DAG: example_complex
[2024-10-10T11:56:28.772+0700] {logging_mixin.py:149} INFO - [2024-10-10T11:56:28.772+0700] {taskmixin.py:211} WARNING - Dependency <Task(BashOperator): delete_entry_group>, create_entry_group already registered for DAG: example_complex
[2024-10-10T11:56:28.773+0700] {logging_mixin.py:149} INFO - [2024-10-10T11:56:28.773+0700] {taskmixin.py:211} WARNING - Dependency <Task(BashOperator): create_entry_gcs>, delete_entry already registered for DAG: example_complex
[2024-10-10T11:56:28.773+0700] {logging_mixin.py:149} INFO - [2024-10-10T11:56:28.773+0700] {taskmixin.py:211} WARNING - Dependency <Task(BashOperator): delete_entry>, create_entry_gcs already registered for DAG: example_complex
[2024-10-10T11:56:28.774+0700] {logging_mixin.py:149} INFO - [2024-10-10T11:56:28.774+0700] {taskmixin.py:211} WARNING - Dependency <Task(BashOperator): create_tag>, delete_tag already registered for DAG: example_complex
[2024-10-10T11:56:28.775+0700] {logging_mixin.py:149} INFO - [2024-10-10T11:56:28.775+0700] {taskmixin.py:211} WARNING - Dependency <Task(BashOperator): delete_tag>, create_tag already registered for DAG: example_complex
[2024-10-10T11:56:28.777+0700] {processor.py:836} INFO - DAG(s) dict_keys(['example_complex']) retrieved from /home/hasyidan/venv/lib/python3.8/site-packages/airflow/example_dags/example_complex.py
[2024-10-10T11:56:28.834+0700] {logging_mixin.py:149} INFO - [2024-10-10T11:56:28.833+0700] {dag.py:2726} INFO - Sync 1 DAGs
[2024-10-10T11:56:28.878+0700] {logging_mixin.py:149} INFO - [2024-10-10T11:56:28.877+0700] {dag.py:3486} INFO - Setting next_dagrun for example_complex to None, run_after=None
[2024-10-10T11:56:29.003+0700] {processor.py:179} INFO - Processing /home/hasyidan/venv/lib/python3.8/site-packages/airflow/example_dags/example_complex.py took 0.283 seconds
[2024-10-10T11:57:27.110+0700] {processor.py:157} INFO - Started process (PID=3616) to work on /home/hasyidan/venv/lib/python3.8/site-packages/airflow/example_dags/example_complex.py
[2024-10-10T11:57:27.129+0700] {processor.py:826} INFO - Processing file /home/hasyidan/venv/lib/python3.8/site-packages/airflow/example_dags/example_complex.py for tasks to queue
[2024-10-10T11:57:27.132+0700] {logging_mixin.py:149} INFO - [2024-10-10T11:57:27.131+0700] {dagbag.py:541} INFO - Filling up the DagBag from /home/hasyidan/venv/lib/python3.8/site-packages/airflow/example_dags/example_complex.py
[2024-10-10T11:57:27.154+0700] {logging_mixin.py:149} INFO - [2024-10-10T11:57:27.154+0700] {taskmixin.py:211} WARNING - Dependency <Task(BashOperator): create_entry_group>, delete_entry_group already registered for DAG: example_complex
[2024-10-10T11:57:27.155+0700] {logging_mixin.py:149} INFO - [2024-10-10T11:57:27.155+0700] {taskmixin.py:211} WARNING - Dependency <Task(BashOperator): delete_entry_group>, create_entry_group already registered for DAG: example_complex
[2024-10-10T11:57:27.155+0700] {logging_mixin.py:149} INFO - [2024-10-10T11:57:27.155+0700] {taskmixin.py:211} WARNING - Dependency <Task(BashOperator): create_entry_gcs>, delete_entry already registered for DAG: example_complex
[2024-10-10T11:57:27.156+0700] {logging_mixin.py:149} INFO - [2024-10-10T11:57:27.156+0700] {taskmixin.py:211} WARNING - Dependency <Task(BashOperator): delete_entry>, create_entry_gcs already registered for DAG: example_complex
[2024-10-10T11:57:27.157+0700] {logging_mixin.py:149} INFO - [2024-10-10T11:57:27.156+0700] {taskmixin.py:211} WARNING - Dependency <Task(BashOperator): create_tag>, delete_tag already registered for DAG: example_complex
[2024-10-10T11:57:27.157+0700] {logging_mixin.py:149} INFO - [2024-10-10T11:57:27.157+0700] {taskmixin.py:211} WARNING - Dependency <Task(BashOperator): delete_tag>, create_tag already registered for DAG: example_complex
[2024-10-10T11:57:27.160+0700] {processor.py:836} INFO - DAG(s) dict_keys(['example_complex']) retrieved from /home/hasyidan/venv/lib/python3.8/site-packages/airflow/example_dags/example_complex.py
[2024-10-10T11:57:27.216+0700] {logging_mixin.py:149} INFO - [2024-10-10T11:57:27.216+0700] {dag.py:2726} INFO - Sync 1 DAGs
[2024-10-10T11:57:27.261+0700] {logging_mixin.py:149} INFO - [2024-10-10T11:57:27.261+0700] {dag.py:3486} INFO - Setting next_dagrun for example_complex to None, run_after=None
[2024-10-10T11:57:27.384+0700] {processor.py:179} INFO - Processing /home/hasyidan/venv/lib/python3.8/site-packages/airflow/example_dags/example_complex.py took 0.280 seconds
[2024-10-10T11:58:27.694+0700] {processor.py:157} INFO - Started process (PID=3688) to work on /home/hasyidan/venv/lib/python3.8/site-packages/airflow/example_dags/example_complex.py
[2024-10-10T11:58:27.747+0700] {processor.py:826} INFO - Processing file /home/hasyidan/venv/lib/python3.8/site-packages/airflow/example_dags/example_complex.py for tasks to queue
[2024-10-10T11:58:27.750+0700] {logging_mixin.py:149} INFO - [2024-10-10T11:58:27.749+0700] {dagbag.py:541} INFO - Filling up the DagBag from /home/hasyidan/venv/lib/python3.8/site-packages/airflow/example_dags/example_complex.py
[2024-10-10T11:58:27.773+0700] {logging_mixin.py:149} INFO - [2024-10-10T11:58:27.772+0700] {taskmixin.py:211} WARNING - Dependency <Task(BashOperator): create_entry_group>, delete_entry_group already registered for DAG: example_complex
[2024-10-10T11:58:27.773+0700] {logging_mixin.py:149} INFO - [2024-10-10T11:58:27.773+0700] {taskmixin.py:211} WARNING - Dependency <Task(BashOperator): delete_entry_group>, create_entry_group already registered for DAG: example_complex
[2024-10-10T11:58:27.774+0700] {logging_mixin.py:149} INFO - [2024-10-10T11:58:27.773+0700] {taskmixin.py:211} WARNING - Dependency <Task(BashOperator): create_entry_gcs>, delete_entry already registered for DAG: example_complex
[2024-10-10T11:58:27.774+0700] {logging_mixin.py:149} INFO - [2024-10-10T11:58:27.774+0700] {taskmixin.py:211} WARNING - Dependency <Task(BashOperator): delete_entry>, create_entry_gcs already registered for DAG: example_complex
[2024-10-10T11:58:27.775+0700] {logging_mixin.py:149} INFO - [2024-10-10T11:58:27.775+0700] {taskmixin.py:211} WARNING - Dependency <Task(BashOperator): create_tag>, delete_tag already registered for DAG: example_complex
[2024-10-10T11:58:27.776+0700] {logging_mixin.py:149} INFO - [2024-10-10T11:58:27.775+0700] {taskmixin.py:211} WARNING - Dependency <Task(BashOperator): delete_tag>, create_tag already registered for DAG: example_complex
[2024-10-10T11:58:27.778+0700] {processor.py:836} INFO - DAG(s) dict_keys(['example_complex']) retrieved from /home/hasyidan/venv/lib/python3.8/site-packages/airflow/example_dags/example_complex.py
[2024-10-10T11:58:27.835+0700] {logging_mixin.py:149} INFO - [2024-10-10T11:58:27.834+0700] {dag.py:2726} INFO - Sync 1 DAGs
[2024-10-10T11:58:27.879+0700] {logging_mixin.py:149} INFO - [2024-10-10T11:58:27.878+0700] {dag.py:3486} INFO - Setting next_dagrun for example_complex to None, run_after=None
[2024-10-10T11:58:28.270+0700] {processor.py:179} INFO - Processing /home/hasyidan/venv/lib/python3.8/site-packages/airflow/example_dags/example_complex.py took 0.583 seconds
[2024-10-10T11:59:37.718+0700] {processor.py:157} INFO - Started process (PID=3765) to work on /home/hasyidan/venv/lib/python3.8/site-packages/airflow/example_dags/example_complex.py
[2024-10-10T11:59:37.736+0700] {processor.py:826} INFO - Processing file /home/hasyidan/venv/lib/python3.8/site-packages/airflow/example_dags/example_complex.py for tasks to queue
[2024-10-10T11:59:37.738+0700] {logging_mixin.py:149} INFO - [2024-10-10T11:59:37.738+0700] {dagbag.py:541} INFO - Filling up the DagBag from /home/hasyidan/venv/lib/python3.8/site-packages/airflow/example_dags/example_complex.py
[2024-10-10T11:59:37.762+0700] {logging_mixin.py:149} INFO - [2024-10-10T11:59:37.761+0700] {taskmixin.py:211} WARNING - Dependency <Task(BashOperator): create_entry_group>, delete_entry_group already registered for DAG: example_complex
[2024-10-10T11:59:37.762+0700] {logging_mixin.py:149} INFO - [2024-10-10T11:59:37.762+0700] {taskmixin.py:211} WARNING - Dependency <Task(BashOperator): delete_entry_group>, create_entry_group already registered for DAG: example_complex
[2024-10-10T11:59:37.763+0700] {logging_mixin.py:149} INFO - [2024-10-10T11:59:37.763+0700] {taskmixin.py:211} WARNING - Dependency <Task(BashOperator): create_entry_gcs>, delete_entry already registered for DAG: example_complex
[2024-10-10T11:59:37.763+0700] {logging_mixin.py:149} INFO - [2024-10-10T11:59:37.763+0700] {taskmixin.py:211} WARNING - Dependency <Task(BashOperator): delete_entry>, create_entry_gcs already registered for DAG: example_complex
[2024-10-10T11:59:37.764+0700] {logging_mixin.py:149} INFO - [2024-10-10T11:59:37.764+0700] {taskmixin.py:211} WARNING - Dependency <Task(BashOperator): create_tag>, delete_tag already registered for DAG: example_complex
[2024-10-10T11:59:37.765+0700] {logging_mixin.py:149} INFO - [2024-10-10T11:59:37.764+0700] {taskmixin.py:211} WARNING - Dependency <Task(BashOperator): delete_tag>, create_tag already registered for DAG: example_complex
[2024-10-10T11:59:37.767+0700] {processor.py:836} INFO - DAG(s) dict_keys(['example_complex']) retrieved from /home/hasyidan/venv/lib/python3.8/site-packages/airflow/example_dags/example_complex.py
[2024-10-10T11:59:37.823+0700] {logging_mixin.py:149} INFO - [2024-10-10T11:59:37.823+0700] {dag.py:2726} INFO - Sync 1 DAGs
[2024-10-10T11:59:37.865+0700] {logging_mixin.py:149} INFO - [2024-10-10T11:59:37.865+0700] {dag.py:3486} INFO - Setting next_dagrun for example_complex to None, run_after=None
[2024-10-10T11:59:37.980+0700] {processor.py:179} INFO - Processing /home/hasyidan/venv/lib/python3.8/site-packages/airflow/example_dags/example_complex.py took 0.268 seconds
[2024-10-10T12:00:35.388+0700] {processor.py:157} INFO - Started process (PID=3825) to work on /home/hasyidan/venv/lib/python3.8/site-packages/airflow/example_dags/example_complex.py
[2024-10-10T12:00:35.408+0700] {processor.py:826} INFO - Processing file /home/hasyidan/venv/lib/python3.8/site-packages/airflow/example_dags/example_complex.py for tasks to queue
[2024-10-10T12:00:35.411+0700] {logging_mixin.py:149} INFO - [2024-10-10T12:00:35.411+0700] {dagbag.py:541} INFO - Filling up the DagBag from /home/hasyidan/venv/lib/python3.8/site-packages/airflow/example_dags/example_complex.py
[2024-10-10T12:00:35.436+0700] {logging_mixin.py:149} INFO - [2024-10-10T12:00:35.436+0700] {taskmixin.py:211} WARNING - Dependency <Task(BashOperator): create_entry_group>, delete_entry_group already registered for DAG: example_complex
[2024-10-10T12:00:35.437+0700] {logging_mixin.py:149} INFO - [2024-10-10T12:00:35.437+0700] {taskmixin.py:211} WARNING - Dependency <Task(BashOperator): delete_entry_group>, create_entry_group already registered for DAG: example_complex
[2024-10-10T12:00:35.437+0700] {logging_mixin.py:149} INFO - [2024-10-10T12:00:35.437+0700] {taskmixin.py:211} WARNING - Dependency <Task(BashOperator): create_entry_gcs>, delete_entry already registered for DAG: example_complex
[2024-10-10T12:00:35.438+0700] {logging_mixin.py:149} INFO - [2024-10-10T12:00:35.438+0700] {taskmixin.py:211} WARNING - Dependency <Task(BashOperator): delete_entry>, create_entry_gcs already registered for DAG: example_complex
[2024-10-10T12:00:35.439+0700] {logging_mixin.py:149} INFO - [2024-10-10T12:00:35.439+0700] {taskmixin.py:211} WARNING - Dependency <Task(BashOperator): create_tag>, delete_tag already registered for DAG: example_complex
[2024-10-10T12:00:35.439+0700] {logging_mixin.py:149} INFO - [2024-10-10T12:00:35.439+0700] {taskmixin.py:211} WARNING - Dependency <Task(BashOperator): delete_tag>, create_tag already registered for DAG: example_complex
[2024-10-10T12:00:35.443+0700] {processor.py:836} INFO - DAG(s) dict_keys(['example_complex']) retrieved from /home/hasyidan/venv/lib/python3.8/site-packages/airflow/example_dags/example_complex.py
[2024-10-10T12:00:35.507+0700] {logging_mixin.py:149} INFO - [2024-10-10T12:00:35.506+0700] {dag.py:2726} INFO - Sync 1 DAGs
[2024-10-10T12:00:35.552+0700] {logging_mixin.py:149} INFO - [2024-10-10T12:00:35.551+0700] {dag.py:3486} INFO - Setting next_dagrun for example_complex to None, run_after=None
[2024-10-10T12:00:35.683+0700] {processor.py:179} INFO - Processing /home/hasyidan/venv/lib/python3.8/site-packages/airflow/example_dags/example_complex.py took 0.301 seconds
[2024-10-10T12:01:30.037+0700] {processor.py:157} INFO - Started process (PID=3882) to work on /home/hasyidan/venv/lib/python3.8/site-packages/airflow/example_dags/example_complex.py
[2024-10-10T12:01:30.053+0700] {processor.py:826} INFO - Processing file /home/hasyidan/venv/lib/python3.8/site-packages/airflow/example_dags/example_complex.py for tasks to queue
[2024-10-10T12:01:30.056+0700] {logging_mixin.py:149} INFO - [2024-10-10T12:01:30.055+0700] {dagbag.py:541} INFO - Filling up the DagBag from /home/hasyidan/venv/lib/python3.8/site-packages/airflow/example_dags/example_complex.py
[2024-10-10T12:01:30.077+0700] {logging_mixin.py:149} INFO - [2024-10-10T12:01:30.076+0700] {taskmixin.py:211} WARNING - Dependency <Task(BashOperator): create_entry_group>, delete_entry_group already registered for DAG: example_complex
[2024-10-10T12:01:30.077+0700] {logging_mixin.py:149} INFO - [2024-10-10T12:01:30.077+0700] {taskmixin.py:211} WARNING - Dependency <Task(BashOperator): delete_entry_group>, create_entry_group already registered for DAG: example_complex
[2024-10-10T12:01:30.078+0700] {logging_mixin.py:149} INFO - [2024-10-10T12:01:30.078+0700] {taskmixin.py:211} WARNING - Dependency <Task(BashOperator): create_entry_gcs>, delete_entry already registered for DAG: example_complex
[2024-10-10T12:01:30.078+0700] {logging_mixin.py:149} INFO - [2024-10-10T12:01:30.078+0700] {taskmixin.py:211} WARNING - Dependency <Task(BashOperator): delete_entry>, create_entry_gcs already registered for DAG: example_complex
[2024-10-10T12:01:30.079+0700] {logging_mixin.py:149} INFO - [2024-10-10T12:01:30.079+0700] {taskmixin.py:211} WARNING - Dependency <Task(BashOperator): create_tag>, delete_tag already registered for DAG: example_complex
[2024-10-10T12:01:30.080+0700] {logging_mixin.py:149} INFO - [2024-10-10T12:01:30.079+0700] {taskmixin.py:211} WARNING - Dependency <Task(BashOperator): delete_tag>, create_tag already registered for DAG: example_complex
[2024-10-10T12:01:30.082+0700] {processor.py:836} INFO - DAG(s) dict_keys(['example_complex']) retrieved from /home/hasyidan/venv/lib/python3.8/site-packages/airflow/example_dags/example_complex.py
[2024-10-10T12:01:30.138+0700] {logging_mixin.py:149} INFO - [2024-10-10T12:01:30.137+0700] {dag.py:2726} INFO - Sync 1 DAGs
[2024-10-10T12:01:30.179+0700] {logging_mixin.py:149} INFO - [2024-10-10T12:01:30.179+0700] {dag.py:3486} INFO - Setting next_dagrun for example_complex to None, run_after=None
[2024-10-10T12:01:30.302+0700] {processor.py:179} INFO - Processing /home/hasyidan/venv/lib/python3.8/site-packages/airflow/example_dags/example_complex.py took 0.272 seconds
[2024-10-10T12:02:46.826+0700] {processor.py:157} INFO - Started process (PID=3969) to work on /home/hasyidan/venv/lib/python3.8/site-packages/airflow/example_dags/example_complex.py
[2024-10-10T12:02:46.846+0700] {processor.py:826} INFO - Processing file /home/hasyidan/venv/lib/python3.8/site-packages/airflow/example_dags/example_complex.py for tasks to queue
[2024-10-10T12:02:46.849+0700] {logging_mixin.py:149} INFO - [2024-10-10T12:02:46.848+0700] {dagbag.py:541} INFO - Filling up the DagBag from /home/hasyidan/venv/lib/python3.8/site-packages/airflow/example_dags/example_complex.py
[2024-10-10T12:02:46.869+0700] {logging_mixin.py:149} INFO - [2024-10-10T12:02:46.869+0700] {taskmixin.py:211} WARNING - Dependency <Task(BashOperator): create_entry_group>, delete_entry_group already registered for DAG: example_complex
[2024-10-10T12:02:46.869+0700] {logging_mixin.py:149} INFO - [2024-10-10T12:02:46.869+0700] {taskmixin.py:211} WARNING - Dependency <Task(BashOperator): delete_entry_group>, create_entry_group already registered for DAG: example_complex
[2024-10-10T12:02:46.870+0700] {logging_mixin.py:149} INFO - [2024-10-10T12:02:46.870+0700] {taskmixin.py:211} WARNING - Dependency <Task(BashOperator): create_entry_gcs>, delete_entry already registered for DAG: example_complex
[2024-10-10T12:02:46.871+0700] {logging_mixin.py:149} INFO - [2024-10-10T12:02:46.870+0700] {taskmixin.py:211} WARNING - Dependency <Task(BashOperator): delete_entry>, create_entry_gcs already registered for DAG: example_complex
[2024-10-10T12:02:46.871+0700] {logging_mixin.py:149} INFO - [2024-10-10T12:02:46.871+0700] {taskmixin.py:211} WARNING - Dependency <Task(BashOperator): create_tag>, delete_tag already registered for DAG: example_complex
[2024-10-10T12:02:46.872+0700] {logging_mixin.py:149} INFO - [2024-10-10T12:02:46.872+0700] {taskmixin.py:211} WARNING - Dependency <Task(BashOperator): delete_tag>, create_tag already registered for DAG: example_complex
[2024-10-10T12:02:46.875+0700] {processor.py:836} INFO - DAG(s) dict_keys(['example_complex']) retrieved from /home/hasyidan/venv/lib/python3.8/site-packages/airflow/example_dags/example_complex.py
[2024-10-10T12:02:46.930+0700] {logging_mixin.py:149} INFO - [2024-10-10T12:02:46.930+0700] {dag.py:2726} INFO - Sync 1 DAGs
[2024-10-10T12:02:46.972+0700] {logging_mixin.py:149} INFO - [2024-10-10T12:02:46.971+0700] {dag.py:3486} INFO - Setting next_dagrun for example_complex to None, run_after=None
[2024-10-10T12:02:47.100+0700] {processor.py:179} INFO - Processing /home/hasyidan/venv/lib/python3.8/site-packages/airflow/example_dags/example_complex.py took 0.279 seconds
[2024-10-10T12:04:02.339+0700] {processor.py:157} INFO - Started process (PID=4050) to work on /home/hasyidan/venv/lib/python3.8/site-packages/airflow/example_dags/example_complex.py
[2024-10-10T12:04:02.341+0700] {processor.py:826} INFO - Processing file /home/hasyidan/venv/lib/python3.8/site-packages/airflow/example_dags/example_complex.py for tasks to queue
[2024-10-10T12:04:02.342+0700] {logging_mixin.py:149} INFO - [2024-10-10T12:04:02.342+0700] {dagbag.py:541} INFO - Filling up the DagBag from /home/hasyidan/venv/lib/python3.8/site-packages/airflow/example_dags/example_complex.py
[2024-10-10T12:04:02.360+0700] {logging_mixin.py:149} INFO - [2024-10-10T12:04:02.360+0700] {taskmixin.py:211} WARNING - Dependency <Task(BashOperator): create_entry_group>, delete_entry_group already registered for DAG: example_complex
[2024-10-10T12:04:02.361+0700] {logging_mixin.py:149} INFO - [2024-10-10T12:04:02.360+0700] {taskmixin.py:211} WARNING - Dependency <Task(BashOperator): delete_entry_group>, create_entry_group already registered for DAG: example_complex
[2024-10-10T12:04:02.361+0700] {logging_mixin.py:149} INFO - [2024-10-10T12:04:02.361+0700] {taskmixin.py:211} WARNING - Dependency <Task(BashOperator): create_entry_gcs>, delete_entry already registered for DAG: example_complex
[2024-10-10T12:04:02.362+0700] {logging_mixin.py:149} INFO - [2024-10-10T12:04:02.362+0700] {taskmixin.py:211} WARNING - Dependency <Task(BashOperator): delete_entry>, create_entry_gcs already registered for DAG: example_complex
[2024-10-10T12:04:02.363+0700] {logging_mixin.py:149} INFO - [2024-10-10T12:04:02.362+0700] {taskmixin.py:211} WARNING - Dependency <Task(BashOperator): create_tag>, delete_tag already registered for DAG: example_complex
[2024-10-10T12:04:02.363+0700] {logging_mixin.py:149} INFO - [2024-10-10T12:04:02.363+0700] {taskmixin.py:211} WARNING - Dependency <Task(BashOperator): delete_tag>, create_tag already registered for DAG: example_complex
[2024-10-10T12:04:02.366+0700] {processor.py:836} INFO - DAG(s) dict_keys(['example_complex']) retrieved from /home/hasyidan/venv/lib/python3.8/site-packages/airflow/example_dags/example_complex.py
[2024-10-10T12:04:02.423+0700] {logging_mixin.py:149} INFO - [2024-10-10T12:04:02.422+0700] {dag.py:2726} INFO - Sync 1 DAGs
[2024-10-10T12:04:02.464+0700] {logging_mixin.py:149} INFO - [2024-10-10T12:04:02.464+0700] {dag.py:3486} INFO - Setting next_dagrun for example_complex to None, run_after=None
[2024-10-10T12:04:02.578+0700] {processor.py:179} INFO - Processing /home/hasyidan/venv/lib/python3.8/site-packages/airflow/example_dags/example_complex.py took 0.246 seconds
[2024-10-10T12:04:54.301+0700] {processor.py:157} INFO - Started process (PID=4163) to work on /home/hasyidan/venv/lib/python3.8/site-packages/airflow/example_dags/example_complex.py
[2024-10-10T12:04:54.303+0700] {processor.py:826} INFO - Processing file /home/hasyidan/venv/lib/python3.8/site-packages/airflow/example_dags/example_complex.py for tasks to queue
[2024-10-10T12:04:54.304+0700] {logging_mixin.py:149} INFO - [2024-10-10T12:04:54.304+0700] {dagbag.py:541} INFO - Filling up the DagBag from /home/hasyidan/venv/lib/python3.8/site-packages/airflow/example_dags/example_complex.py
[2024-10-10T12:04:54.323+0700] {logging_mixin.py:149} INFO - [2024-10-10T12:04:54.322+0700] {taskmixin.py:211} WARNING - Dependency <Task(BashOperator): create_entry_group>, delete_entry_group already registered for DAG: example_complex
[2024-10-10T12:04:54.323+0700] {logging_mixin.py:149} INFO - [2024-10-10T12:04:54.323+0700] {taskmixin.py:211} WARNING - Dependency <Task(BashOperator): delete_entry_group>, create_entry_group already registered for DAG: example_complex
[2024-10-10T12:04:54.324+0700] {logging_mixin.py:149} INFO - [2024-10-10T12:04:54.324+0700] {taskmixin.py:211} WARNING - Dependency <Task(BashOperator): create_entry_gcs>, delete_entry already registered for DAG: example_complex
[2024-10-10T12:04:54.324+0700] {logging_mixin.py:149} INFO - [2024-10-10T12:04:54.324+0700] {taskmixin.py:211} WARNING - Dependency <Task(BashOperator): delete_entry>, create_entry_gcs already registered for DAG: example_complex
[2024-10-10T12:04:54.325+0700] {logging_mixin.py:149} INFO - [2024-10-10T12:04:54.325+0700] {taskmixin.py:211} WARNING - Dependency <Task(BashOperator): create_tag>, delete_tag already registered for DAG: example_complex
[2024-10-10T12:04:54.325+0700] {logging_mixin.py:149} INFO - [2024-10-10T12:04:54.325+0700] {taskmixin.py:211} WARNING - Dependency <Task(BashOperator): delete_tag>, create_tag already registered for DAG: example_complex
[2024-10-10T12:04:54.328+0700] {processor.py:836} INFO - DAG(s) dict_keys(['example_complex']) retrieved from /home/hasyidan/venv/lib/python3.8/site-packages/airflow/example_dags/example_complex.py
[2024-10-10T12:04:54.385+0700] {logging_mixin.py:149} INFO - [2024-10-10T12:04:54.384+0700] {dag.py:2726} INFO - Sync 1 DAGs
[2024-10-10T12:04:54.426+0700] {logging_mixin.py:149} INFO - [2024-10-10T12:04:54.426+0700] {dag.py:3486} INFO - Setting next_dagrun for example_complex to None, run_after=None
[2024-10-10T12:04:54.566+0700] {processor.py:179} INFO - Processing /home/hasyidan/venv/lib/python3.8/site-packages/airflow/example_dags/example_complex.py took 0.271 seconds
[2024-10-10T12:05:48.766+0700] {processor.py:157} INFO - Started process (PID=4224) to work on /home/hasyidan/venv/lib/python3.8/site-packages/airflow/example_dags/example_complex.py
[2024-10-10T12:05:48.770+0700] {processor.py:826} INFO - Processing file /home/hasyidan/venv/lib/python3.8/site-packages/airflow/example_dags/example_complex.py for tasks to queue
[2024-10-10T12:05:48.772+0700] {logging_mixin.py:149} INFO - [2024-10-10T12:05:48.772+0700] {dagbag.py:541} INFO - Filling up the DagBag from /home/hasyidan/venv/lib/python3.8/site-packages/airflow/example_dags/example_complex.py
[2024-10-10T12:05:48.792+0700] {logging_mixin.py:149} INFO - [2024-10-10T12:05:48.791+0700] {taskmixin.py:211} WARNING - Dependency <Task(BashOperator): create_entry_group>, delete_entry_group already registered for DAG: example_complex
[2024-10-10T12:05:48.792+0700] {logging_mixin.py:149} INFO - [2024-10-10T12:05:48.792+0700] {taskmixin.py:211} WARNING - Dependency <Task(BashOperator): delete_entry_group>, create_entry_group already registered for DAG: example_complex
[2024-10-10T12:05:48.793+0700] {logging_mixin.py:149} INFO - [2024-10-10T12:05:48.793+0700] {taskmixin.py:211} WARNING - Dependency <Task(BashOperator): create_entry_gcs>, delete_entry already registered for DAG: example_complex
[2024-10-10T12:05:48.793+0700] {logging_mixin.py:149} INFO - [2024-10-10T12:05:48.793+0700] {taskmixin.py:211} WARNING - Dependency <Task(BashOperator): delete_entry>, create_entry_gcs already registered for DAG: example_complex
[2024-10-10T12:05:48.794+0700] {logging_mixin.py:149} INFO - [2024-10-10T12:05:48.794+0700] {taskmixin.py:211} WARNING - Dependency <Task(BashOperator): create_tag>, delete_tag already registered for DAG: example_complex
[2024-10-10T12:05:48.795+0700] {logging_mixin.py:149} INFO - [2024-10-10T12:05:48.794+0700] {taskmixin.py:211} WARNING - Dependency <Task(BashOperator): delete_tag>, create_tag already registered for DAG: example_complex
[2024-10-10T12:05:48.797+0700] {processor.py:836} INFO - DAG(s) dict_keys(['example_complex']) retrieved from /home/hasyidan/venv/lib/python3.8/site-packages/airflow/example_dags/example_complex.py
[2024-10-10T12:05:48.855+0700] {logging_mixin.py:149} INFO - [2024-10-10T12:05:48.855+0700] {dag.py:2726} INFO - Sync 1 DAGs
[2024-10-10T12:05:48.897+0700] {logging_mixin.py:149} INFO - [2024-10-10T12:05:48.896+0700] {dag.py:3486} INFO - Setting next_dagrun for example_complex to None, run_after=None
[2024-10-10T12:05:49.023+0700] {processor.py:179} INFO - Processing /home/hasyidan/venv/lib/python3.8/site-packages/airflow/example_dags/example_complex.py took 0.263 seconds
[2024-10-10T12:06:44.477+0700] {processor.py:157} INFO - Started process (PID=4285) to work on /home/hasyidan/venv/lib/python3.8/site-packages/airflow/example_dags/example_complex.py
[2024-10-10T12:06:44.479+0700] {processor.py:826} INFO - Processing file /home/hasyidan/venv/lib/python3.8/site-packages/airflow/example_dags/example_complex.py for tasks to queue
[2024-10-10T12:06:44.481+0700] {logging_mixin.py:149} INFO - [2024-10-10T12:06:44.480+0700] {dagbag.py:541} INFO - Filling up the DagBag from /home/hasyidan/venv/lib/python3.8/site-packages/airflow/example_dags/example_complex.py
[2024-10-10T12:06:44.499+0700] {logging_mixin.py:149} INFO - [2024-10-10T12:06:44.498+0700] {taskmixin.py:211} WARNING - Dependency <Task(BashOperator): create_entry_group>, delete_entry_group already registered for DAG: example_complex
[2024-10-10T12:06:44.499+0700] {logging_mixin.py:149} INFO - [2024-10-10T12:06:44.499+0700] {taskmixin.py:211} WARNING - Dependency <Task(BashOperator): delete_entry_group>, create_entry_group already registered for DAG: example_complex
[2024-10-10T12:06:44.500+0700] {logging_mixin.py:149} INFO - [2024-10-10T12:06:44.500+0700] {taskmixin.py:211} WARNING - Dependency <Task(BashOperator): create_entry_gcs>, delete_entry already registered for DAG: example_complex
[2024-10-10T12:06:44.500+0700] {logging_mixin.py:149} INFO - [2024-10-10T12:06:44.500+0700] {taskmixin.py:211} WARNING - Dependency <Task(BashOperator): delete_entry>, create_entry_gcs already registered for DAG: example_complex
[2024-10-10T12:06:44.501+0700] {logging_mixin.py:149} INFO - [2024-10-10T12:06:44.501+0700] {taskmixin.py:211} WARNING - Dependency <Task(BashOperator): create_tag>, delete_tag already registered for DAG: example_complex
[2024-10-10T12:06:44.502+0700] {logging_mixin.py:149} INFO - [2024-10-10T12:06:44.501+0700] {taskmixin.py:211} WARNING - Dependency <Task(BashOperator): delete_tag>, create_tag already registered for DAG: example_complex
[2024-10-10T12:06:44.504+0700] {processor.py:836} INFO - DAG(s) dict_keys(['example_complex']) retrieved from /home/hasyidan/venv/lib/python3.8/site-packages/airflow/example_dags/example_complex.py
[2024-10-10T12:06:44.560+0700] {logging_mixin.py:149} INFO - [2024-10-10T12:06:44.560+0700] {dag.py:2726} INFO - Sync 1 DAGs
[2024-10-10T12:06:44.604+0700] {logging_mixin.py:149} INFO - [2024-10-10T12:06:44.603+0700] {dag.py:3486} INFO - Setting next_dagrun for example_complex to None, run_after=None
[2024-10-10T12:06:44.746+0700] {processor.py:179} INFO - Processing /home/hasyidan/venv/lib/python3.8/site-packages/airflow/example_dags/example_complex.py took 0.275 seconds
[2024-10-10T12:07:41.423+0700] {processor.py:157} INFO - Started process (PID=4343) to work on /home/hasyidan/venv/lib/python3.8/site-packages/airflow/example_dags/example_complex.py
[2024-10-10T12:07:41.434+0700] {processor.py:826} INFO - Processing file /home/hasyidan/venv/lib/python3.8/site-packages/airflow/example_dags/example_complex.py for tasks to queue
[2024-10-10T12:07:41.436+0700] {logging_mixin.py:149} INFO - [2024-10-10T12:07:41.435+0700] {dagbag.py:541} INFO - Filling up the DagBag from /home/hasyidan/venv/lib/python3.8/site-packages/airflow/example_dags/example_complex.py
[2024-10-10T12:07:41.456+0700] {logging_mixin.py:149} INFO - [2024-10-10T12:07:41.456+0700] {taskmixin.py:211} WARNING - Dependency <Task(BashOperator): create_entry_group>, delete_entry_group already registered for DAG: example_complex
[2024-10-10T12:07:41.457+0700] {logging_mixin.py:149} INFO - [2024-10-10T12:07:41.457+0700] {taskmixin.py:211} WARNING - Dependency <Task(BashOperator): delete_entry_group>, create_entry_group already registered for DAG: example_complex
[2024-10-10T12:07:41.457+0700] {logging_mixin.py:149} INFO - [2024-10-10T12:07:41.457+0700] {taskmixin.py:211} WARNING - Dependency <Task(BashOperator): create_entry_gcs>, delete_entry already registered for DAG: example_complex
[2024-10-10T12:07:41.458+0700] {logging_mixin.py:149} INFO - [2024-10-10T12:07:41.458+0700] {taskmixin.py:211} WARNING - Dependency <Task(BashOperator): delete_entry>, create_entry_gcs already registered for DAG: example_complex
[2024-10-10T12:07:41.459+0700] {logging_mixin.py:149} INFO - [2024-10-10T12:07:41.459+0700] {taskmixin.py:211} WARNING - Dependency <Task(BashOperator): create_tag>, delete_tag already registered for DAG: example_complex
[2024-10-10T12:07:41.459+0700] {logging_mixin.py:149} INFO - [2024-10-10T12:07:41.459+0700] {taskmixin.py:211} WARNING - Dependency <Task(BashOperator): delete_tag>, create_tag already registered for DAG: example_complex
[2024-10-10T12:07:41.462+0700] {processor.py:836} INFO - DAG(s) dict_keys(['example_complex']) retrieved from /home/hasyidan/venv/lib/python3.8/site-packages/airflow/example_dags/example_complex.py
[2024-10-10T12:07:41.519+0700] {logging_mixin.py:149} INFO - [2024-10-10T12:07:41.518+0700] {dag.py:2726} INFO - Sync 1 DAGs
[2024-10-10T12:07:41.560+0700] {logging_mixin.py:149} INFO - [2024-10-10T12:07:41.560+0700] {dag.py:3486} INFO - Setting next_dagrun for example_complex to None, run_after=None
[2024-10-10T12:07:41.727+0700] {processor.py:179} INFO - Processing /home/hasyidan/venv/lib/python3.8/site-packages/airflow/example_dags/example_complex.py took 0.310 seconds
[2024-10-10T12:08:39.872+0700] {processor.py:157} INFO - Started process (PID=4409) to work on /home/hasyidan/venv/lib/python3.8/site-packages/airflow/example_dags/example_complex.py
[2024-10-10T12:08:39.873+0700] {processor.py:826} INFO - Processing file /home/hasyidan/venv/lib/python3.8/site-packages/airflow/example_dags/example_complex.py for tasks to queue
[2024-10-10T12:08:39.875+0700] {logging_mixin.py:149} INFO - [2024-10-10T12:08:39.875+0700] {dagbag.py:541} INFO - Filling up the DagBag from /home/hasyidan/venv/lib/python3.8/site-packages/airflow/example_dags/example_complex.py
[2024-10-10T12:08:39.893+0700] {logging_mixin.py:149} INFO - [2024-10-10T12:08:39.893+0700] {taskmixin.py:211} WARNING - Dependency <Task(BashOperator): create_entry_group>, delete_entry_group already registered for DAG: example_complex
[2024-10-10T12:08:39.894+0700] {logging_mixin.py:149} INFO - [2024-10-10T12:08:39.893+0700] {taskmixin.py:211} WARNING - Dependency <Task(BashOperator): delete_entry_group>, create_entry_group already registered for DAG: example_complex
[2024-10-10T12:08:39.894+0700] {logging_mixin.py:149} INFO - [2024-10-10T12:08:39.894+0700] {taskmixin.py:211} WARNING - Dependency <Task(BashOperator): create_entry_gcs>, delete_entry already registered for DAG: example_complex
[2024-10-10T12:08:39.895+0700] {logging_mixin.py:149} INFO - [2024-10-10T12:08:39.895+0700] {taskmixin.py:211} WARNING - Dependency <Task(BashOperator): delete_entry>, create_entry_gcs already registered for DAG: example_complex
[2024-10-10T12:08:39.896+0700] {logging_mixin.py:149} INFO - [2024-10-10T12:08:39.895+0700] {taskmixin.py:211} WARNING - Dependency <Task(BashOperator): create_tag>, delete_tag already registered for DAG: example_complex
[2024-10-10T12:08:39.896+0700] {logging_mixin.py:149} INFO - [2024-10-10T12:08:39.896+0700] {taskmixin.py:211} WARNING - Dependency <Task(BashOperator): delete_tag>, create_tag already registered for DAG: example_complex
[2024-10-10T12:08:39.899+0700] {processor.py:836} INFO - DAG(s) dict_keys(['example_complex']) retrieved from /home/hasyidan/venv/lib/python3.8/site-packages/airflow/example_dags/example_complex.py
[2024-10-10T12:08:39.955+0700] {logging_mixin.py:149} INFO - [2024-10-10T12:08:39.954+0700] {dag.py:2726} INFO - Sync 1 DAGs
[2024-10-10T12:08:39.996+0700] {logging_mixin.py:149} INFO - [2024-10-10T12:08:39.996+0700] {dag.py:3486} INFO - Setting next_dagrun for example_complex to None, run_after=None
[2024-10-10T12:08:40.127+0700] {processor.py:179} INFO - Processing /home/hasyidan/venv/lib/python3.8/site-packages/airflow/example_dags/example_complex.py took 0.262 seconds
[2024-10-10T12:09:33.713+0700] {processor.py:157} INFO - Started process (PID=4467) to work on /home/hasyidan/venv/lib/python3.8/site-packages/airflow/example_dags/example_complex.py
[2024-10-10T12:09:33.719+0700] {processor.py:826} INFO - Processing file /home/hasyidan/venv/lib/python3.8/site-packages/airflow/example_dags/example_complex.py for tasks to queue
[2024-10-10T12:09:33.720+0700] {logging_mixin.py:149} INFO - [2024-10-10T12:09:33.720+0700] {dagbag.py:541} INFO - Filling up the DagBag from /home/hasyidan/venv/lib/python3.8/site-packages/airflow/example_dags/example_complex.py
[2024-10-10T12:09:33.741+0700] {logging_mixin.py:149} INFO - [2024-10-10T12:09:33.740+0700] {taskmixin.py:211} WARNING - Dependency <Task(BashOperator): create_entry_group>, delete_entry_group already registered for DAG: example_complex
[2024-10-10T12:09:33.741+0700] {logging_mixin.py:149} INFO - [2024-10-10T12:09:33.741+0700] {taskmixin.py:211} WARNING - Dependency <Task(BashOperator): delete_entry_group>, create_entry_group already registered for DAG: example_complex
[2024-10-10T12:09:33.742+0700] {logging_mixin.py:149} INFO - [2024-10-10T12:09:33.742+0700] {taskmixin.py:211} WARNING - Dependency <Task(BashOperator): create_entry_gcs>, delete_entry already registered for DAG: example_complex
[2024-10-10T12:09:33.742+0700] {logging_mixin.py:149} INFO - [2024-10-10T12:09:33.742+0700] {taskmixin.py:211} WARNING - Dependency <Task(BashOperator): delete_entry>, create_entry_gcs already registered for DAG: example_complex
[2024-10-10T12:09:33.743+0700] {logging_mixin.py:149} INFO - [2024-10-10T12:09:33.743+0700] {taskmixin.py:211} WARNING - Dependency <Task(BashOperator): create_tag>, delete_tag already registered for DAG: example_complex
[2024-10-10T12:09:33.744+0700] {logging_mixin.py:149} INFO - [2024-10-10T12:09:33.744+0700] {taskmixin.py:211} WARNING - Dependency <Task(BashOperator): delete_tag>, create_tag already registered for DAG: example_complex
[2024-10-10T12:09:33.747+0700] {processor.py:836} INFO - DAG(s) dict_keys(['example_complex']) retrieved from /home/hasyidan/venv/lib/python3.8/site-packages/airflow/example_dags/example_complex.py
[2024-10-10T12:09:33.804+0700] {logging_mixin.py:149} INFO - [2024-10-10T12:09:33.803+0700] {dag.py:2726} INFO - Sync 1 DAGs
[2024-10-10T12:09:33.845+0700] {logging_mixin.py:149} INFO - [2024-10-10T12:09:33.845+0700] {dag.py:3486} INFO - Setting next_dagrun for example_complex to None, run_after=None
[2024-10-10T12:09:33.960+0700] {processor.py:179} INFO - Processing /home/hasyidan/venv/lib/python3.8/site-packages/airflow/example_dags/example_complex.py took 0.254 seconds
[2024-10-10T12:10:25.784+0700] {processor.py:157} INFO - Started process (PID=4520) to work on /home/hasyidan/venv/lib/python3.8/site-packages/airflow/example_dags/example_complex.py
[2024-10-10T12:10:25.800+0700] {processor.py:826} INFO - Processing file /home/hasyidan/venv/lib/python3.8/site-packages/airflow/example_dags/example_complex.py for tasks to queue
[2024-10-10T12:10:25.802+0700] {logging_mixin.py:149} INFO - [2024-10-10T12:10:25.802+0700] {dagbag.py:541} INFO - Filling up the DagBag from /home/hasyidan/venv/lib/python3.8/site-packages/airflow/example_dags/example_complex.py
[2024-10-10T12:10:25.824+0700] {logging_mixin.py:149} INFO - [2024-10-10T12:10:25.824+0700] {taskmixin.py:211} WARNING - Dependency <Task(BashOperator): create_entry_group>, delete_entry_group already registered for DAG: example_complex
[2024-10-10T12:10:25.825+0700] {logging_mixin.py:149} INFO - [2024-10-10T12:10:25.824+0700] {taskmixin.py:211} WARNING - Dependency <Task(BashOperator): delete_entry_group>, create_entry_group already registered for DAG: example_complex
[2024-10-10T12:10:25.825+0700] {logging_mixin.py:149} INFO - [2024-10-10T12:10:25.825+0700] {taskmixin.py:211} WARNING - Dependency <Task(BashOperator): create_entry_gcs>, delete_entry already registered for DAG: example_complex
[2024-10-10T12:10:25.826+0700] {logging_mixin.py:149} INFO - [2024-10-10T12:10:25.825+0700] {taskmixin.py:211} WARNING - Dependency <Task(BashOperator): delete_entry>, create_entry_gcs already registered for DAG: example_complex
[2024-10-10T12:10:25.826+0700] {logging_mixin.py:149} INFO - [2024-10-10T12:10:25.826+0700] {taskmixin.py:211} WARNING - Dependency <Task(BashOperator): create_tag>, delete_tag already registered for DAG: example_complex
[2024-10-10T12:10:25.827+0700] {logging_mixin.py:149} INFO - [2024-10-10T12:10:25.827+0700] {taskmixin.py:211} WARNING - Dependency <Task(BashOperator): delete_tag>, create_tag already registered for DAG: example_complex
[2024-10-10T12:10:25.830+0700] {processor.py:836} INFO - DAG(s) dict_keys(['example_complex']) retrieved from /home/hasyidan/venv/lib/python3.8/site-packages/airflow/example_dags/example_complex.py
[2024-10-10T12:10:25.944+0700] {logging_mixin.py:149} INFO - [2024-10-10T12:10:25.944+0700] {dag.py:2726} INFO - Sync 1 DAGs
[2024-10-10T12:10:25.990+0700] {logging_mixin.py:149} INFO - [2024-10-10T12:10:25.990+0700] {dag.py:3486} INFO - Setting next_dagrun for example_complex to None, run_after=None
[2024-10-10T12:10:26.104+0700] {processor.py:179} INFO - Processing /home/hasyidan/venv/lib/python3.8/site-packages/airflow/example_dags/example_complex.py took 0.326 seconds
[2024-10-10T12:11:19.640+0700] {processor.py:157} INFO - Started process (PID=4587) to work on /home/hasyidan/venv/lib/python3.8/site-packages/airflow/example_dags/example_complex.py
[2024-10-10T12:11:19.662+0700] {processor.py:826} INFO - Processing file /home/hasyidan/venv/lib/python3.8/site-packages/airflow/example_dags/example_complex.py for tasks to queue
[2024-10-10T12:11:19.665+0700] {logging_mixin.py:149} INFO - [2024-10-10T12:11:19.664+0700] {dagbag.py:541} INFO - Filling up the DagBag from /home/hasyidan/venv/lib/python3.8/site-packages/airflow/example_dags/example_complex.py
[2024-10-10T12:11:19.692+0700] {logging_mixin.py:149} INFO - [2024-10-10T12:11:19.691+0700] {taskmixin.py:211} WARNING - Dependency <Task(BashOperator): create_entry_group>, delete_entry_group already registered for DAG: example_complex
[2024-10-10T12:11:19.692+0700] {logging_mixin.py:149} INFO - [2024-10-10T12:11:19.692+0700] {taskmixin.py:211} WARNING - Dependency <Task(BashOperator): delete_entry_group>, create_entry_group already registered for DAG: example_complex
[2024-10-10T12:11:19.693+0700] {logging_mixin.py:149} INFO - [2024-10-10T12:11:19.693+0700] {taskmixin.py:211} WARNING - Dependency <Task(BashOperator): create_entry_gcs>, delete_entry already registered for DAG: example_complex
[2024-10-10T12:11:19.694+0700] {logging_mixin.py:149} INFO - [2024-10-10T12:11:19.693+0700] {taskmixin.py:211} WARNING - Dependency <Task(BashOperator): delete_entry>, create_entry_gcs already registered for DAG: example_complex
[2024-10-10T12:11:19.695+0700] {logging_mixin.py:149} INFO - [2024-10-10T12:11:19.694+0700] {taskmixin.py:211} WARNING - Dependency <Task(BashOperator): create_tag>, delete_tag already registered for DAG: example_complex
[2024-10-10T12:11:19.695+0700] {logging_mixin.py:149} INFO - [2024-10-10T12:11:19.695+0700] {taskmixin.py:211} WARNING - Dependency <Task(BashOperator): delete_tag>, create_tag already registered for DAG: example_complex
[2024-10-10T12:11:19.699+0700] {processor.py:836} INFO - DAG(s) dict_keys(['example_complex']) retrieved from /home/hasyidan/venv/lib/python3.8/site-packages/airflow/example_dags/example_complex.py
[2024-10-10T12:11:19.761+0700] {logging_mixin.py:149} INFO - [2024-10-10T12:11:19.761+0700] {dag.py:2726} INFO - Sync 1 DAGs
[2024-10-10T12:11:19.807+0700] {logging_mixin.py:149} INFO - [2024-10-10T12:11:19.806+0700] {dag.py:3486} INFO - Setting next_dagrun for example_complex to None, run_after=None
[2024-10-10T12:11:19.920+0700] {processor.py:179} INFO - Processing /home/hasyidan/venv/lib/python3.8/site-packages/airflow/example_dags/example_complex.py took 0.287 seconds
[2024-10-10T12:12:12.434+0700] {processor.py:157} INFO - Started process (PID=4651) to work on /home/hasyidan/venv/lib/python3.8/site-packages/airflow/example_dags/example_complex.py
[2024-10-10T12:12:12.447+0700] {processor.py:826} INFO - Processing file /home/hasyidan/venv/lib/python3.8/site-packages/airflow/example_dags/example_complex.py for tasks to queue
[2024-10-10T12:12:12.449+0700] {logging_mixin.py:149} INFO - [2024-10-10T12:12:12.448+0700] {dagbag.py:541} INFO - Filling up the DagBag from /home/hasyidan/venv/lib/python3.8/site-packages/airflow/example_dags/example_complex.py
[2024-10-10T12:12:12.475+0700] {logging_mixin.py:149} INFO - [2024-10-10T12:12:12.475+0700] {taskmixin.py:211} WARNING - Dependency <Task(BashOperator): create_entry_group>, delete_entry_group already registered for DAG: example_complex
[2024-10-10T12:12:12.476+0700] {logging_mixin.py:149} INFO - [2024-10-10T12:12:12.475+0700] {taskmixin.py:211} WARNING - Dependency <Task(BashOperator): delete_entry_group>, create_entry_group already registered for DAG: example_complex
[2024-10-10T12:12:12.476+0700] {logging_mixin.py:149} INFO - [2024-10-10T12:12:12.476+0700] {taskmixin.py:211} WARNING - Dependency <Task(BashOperator): create_entry_gcs>, delete_entry already registered for DAG: example_complex
[2024-10-10T12:12:12.477+0700] {logging_mixin.py:149} INFO - [2024-10-10T12:12:12.476+0700] {taskmixin.py:211} WARNING - Dependency <Task(BashOperator): delete_entry>, create_entry_gcs already registered for DAG: example_complex
[2024-10-10T12:12:12.477+0700] {logging_mixin.py:149} INFO - [2024-10-10T12:12:12.477+0700] {taskmixin.py:211} WARNING - Dependency <Task(BashOperator): create_tag>, delete_tag already registered for DAG: example_complex
[2024-10-10T12:12:12.478+0700] {logging_mixin.py:149} INFO - [2024-10-10T12:12:12.478+0700] {taskmixin.py:211} WARNING - Dependency <Task(BashOperator): delete_tag>, create_tag already registered for DAG: example_complex
[2024-10-10T12:12:12.481+0700] {processor.py:836} INFO - DAG(s) dict_keys(['example_complex']) retrieved from /home/hasyidan/venv/lib/python3.8/site-packages/airflow/example_dags/example_complex.py
[2024-10-10T12:12:12.546+0700] {logging_mixin.py:149} INFO - [2024-10-10T12:12:12.546+0700] {dag.py:2726} INFO - Sync 1 DAGs
[2024-10-10T12:12:12.593+0700] {logging_mixin.py:149} INFO - [2024-10-10T12:12:12.592+0700] {dag.py:3486} INFO - Setting next_dagrun for example_complex to None, run_after=None
[2024-10-10T12:12:12.722+0700] {processor.py:179} INFO - Processing /home/hasyidan/venv/lib/python3.8/site-packages/airflow/example_dags/example_complex.py took 0.295 seconds
[2024-10-10T12:13:06.596+0700] {processor.py:157} INFO - Started process (PID=4712) to work on /home/hasyidan/venv/lib/python3.8/site-packages/airflow/example_dags/example_complex.py
[2024-10-10T12:13:06.651+0700] {processor.py:826} INFO - Processing file /home/hasyidan/venv/lib/python3.8/site-packages/airflow/example_dags/example_complex.py for tasks to queue
[2024-10-10T12:13:06.654+0700] {logging_mixin.py:149} INFO - [2024-10-10T12:13:06.653+0700] {dagbag.py:541} INFO - Filling up the DagBag from /home/hasyidan/venv/lib/python3.8/site-packages/airflow/example_dags/example_complex.py
[2024-10-10T12:13:06.676+0700] {logging_mixin.py:149} INFO - [2024-10-10T12:13:06.676+0700] {taskmixin.py:211} WARNING - Dependency <Task(BashOperator): create_entry_group>, delete_entry_group already registered for DAG: example_complex
[2024-10-10T12:13:06.677+0700] {logging_mixin.py:149} INFO - [2024-10-10T12:13:06.676+0700] {taskmixin.py:211} WARNING - Dependency <Task(BashOperator): delete_entry_group>, create_entry_group already registered for DAG: example_complex
[2024-10-10T12:13:06.677+0700] {logging_mixin.py:149} INFO - [2024-10-10T12:13:06.677+0700] {taskmixin.py:211} WARNING - Dependency <Task(BashOperator): create_entry_gcs>, delete_entry already registered for DAG: example_complex
[2024-10-10T12:13:06.678+0700] {logging_mixin.py:149} INFO - [2024-10-10T12:13:06.677+0700] {taskmixin.py:211} WARNING - Dependency <Task(BashOperator): delete_entry>, create_entry_gcs already registered for DAG: example_complex
[2024-10-10T12:13:06.679+0700] {logging_mixin.py:149} INFO - [2024-10-10T12:13:06.678+0700] {taskmixin.py:211} WARNING - Dependency <Task(BashOperator): create_tag>, delete_tag already registered for DAG: example_complex
[2024-10-10T12:13:06.679+0700] {logging_mixin.py:149} INFO - [2024-10-10T12:13:06.679+0700] {taskmixin.py:211} WARNING - Dependency <Task(BashOperator): delete_tag>, create_tag already registered for DAG: example_complex
[2024-10-10T12:13:06.683+0700] {processor.py:836} INFO - DAG(s) dict_keys(['example_complex']) retrieved from /home/hasyidan/venv/lib/python3.8/site-packages/airflow/example_dags/example_complex.py
[2024-10-10T12:13:06.745+0700] {logging_mixin.py:149} INFO - [2024-10-10T12:13:06.745+0700] {dag.py:2726} INFO - Sync 1 DAGs
[2024-10-10T12:13:06.790+0700] {logging_mixin.py:149} INFO - [2024-10-10T12:13:06.789+0700] {dag.py:3486} INFO - Setting next_dagrun for example_complex to None, run_after=None
[2024-10-10T12:13:06.913+0700] {processor.py:179} INFO - Processing /home/hasyidan/venv/lib/python3.8/site-packages/airflow/example_dags/example_complex.py took 0.322 seconds
[2024-10-10T12:14:19.889+0700] {processor.py:157} INFO - Started process (PID=4797) to work on /home/hasyidan/venv/lib/python3.8/site-packages/airflow/example_dags/example_complex.py
[2024-10-10T12:14:19.908+0700] {processor.py:826} INFO - Processing file /home/hasyidan/venv/lib/python3.8/site-packages/airflow/example_dags/example_complex.py for tasks to queue
[2024-10-10T12:14:19.911+0700] {logging_mixin.py:149} INFO - [2024-10-10T12:14:19.910+0700] {dagbag.py:541} INFO - Filling up the DagBag from /home/hasyidan/venv/lib/python3.8/site-packages/airflow/example_dags/example_complex.py
[2024-10-10T12:14:19.933+0700] {logging_mixin.py:149} INFO - [2024-10-10T12:14:19.932+0700] {taskmixin.py:211} WARNING - Dependency <Task(BashOperator): create_entry_group>, delete_entry_group already registered for DAG: example_complex
[2024-10-10T12:14:19.933+0700] {logging_mixin.py:149} INFO - [2024-10-10T12:14:19.933+0700] {taskmixin.py:211} WARNING - Dependency <Task(BashOperator): delete_entry_group>, create_entry_group already registered for DAG: example_complex
[2024-10-10T12:14:19.934+0700] {logging_mixin.py:149} INFO - [2024-10-10T12:14:19.934+0700] {taskmixin.py:211} WARNING - Dependency <Task(BashOperator): create_entry_gcs>, delete_entry already registered for DAG: example_complex
[2024-10-10T12:14:19.934+0700] {logging_mixin.py:149} INFO - [2024-10-10T12:14:19.934+0700] {taskmixin.py:211} WARNING - Dependency <Task(BashOperator): delete_entry>, create_entry_gcs already registered for DAG: example_complex
[2024-10-10T12:14:19.935+0700] {logging_mixin.py:149} INFO - [2024-10-10T12:14:19.935+0700] {taskmixin.py:211} WARNING - Dependency <Task(BashOperator): create_tag>, delete_tag already registered for DAG: example_complex
[2024-10-10T12:14:19.936+0700] {logging_mixin.py:149} INFO - [2024-10-10T12:14:19.936+0700] {taskmixin.py:211} WARNING - Dependency <Task(BashOperator): delete_tag>, create_tag already registered for DAG: example_complex
[2024-10-10T12:14:19.939+0700] {processor.py:836} INFO - DAG(s) dict_keys(['example_complex']) retrieved from /home/hasyidan/venv/lib/python3.8/site-packages/airflow/example_dags/example_complex.py
[2024-10-10T12:14:19.999+0700] {logging_mixin.py:149} INFO - [2024-10-10T12:14:19.999+0700] {dag.py:2726} INFO - Sync 1 DAGs
[2024-10-10T12:14:20.041+0700] {logging_mixin.py:149} INFO - [2024-10-10T12:14:20.041+0700] {dag.py:3486} INFO - Setting next_dagrun for example_complex to None, run_after=None
[2024-10-10T12:14:20.171+0700] {processor.py:179} INFO - Processing /home/hasyidan/venv/lib/python3.8/site-packages/airflow/example_dags/example_complex.py took 0.289 seconds
[2024-10-10T12:15:11.283+0700] {processor.py:157} INFO - Started process (PID=4859) to work on /home/hasyidan/venv/lib/python3.8/site-packages/airflow/example_dags/example_complex.py
[2024-10-10T12:15:11.299+0700] {processor.py:826} INFO - Processing file /home/hasyidan/venv/lib/python3.8/site-packages/airflow/example_dags/example_complex.py for tasks to queue
[2024-10-10T12:15:11.302+0700] {logging_mixin.py:149} INFO - [2024-10-10T12:15:11.301+0700] {dagbag.py:541} INFO - Filling up the DagBag from /home/hasyidan/venv/lib/python3.8/site-packages/airflow/example_dags/example_complex.py
[2024-10-10T12:15:11.323+0700] {logging_mixin.py:149} INFO - [2024-10-10T12:15:11.323+0700] {taskmixin.py:211} WARNING - Dependency <Task(BashOperator): create_entry_group>, delete_entry_group already registered for DAG: example_complex
[2024-10-10T12:15:11.324+0700] {logging_mixin.py:149} INFO - [2024-10-10T12:15:11.324+0700] {taskmixin.py:211} WARNING - Dependency <Task(BashOperator): delete_entry_group>, create_entry_group already registered for DAG: example_complex
[2024-10-10T12:15:11.325+0700] {logging_mixin.py:149} INFO - [2024-10-10T12:15:11.324+0700] {taskmixin.py:211} WARNING - Dependency <Task(BashOperator): create_entry_gcs>, delete_entry already registered for DAG: example_complex
[2024-10-10T12:15:11.325+0700] {logging_mixin.py:149} INFO - [2024-10-10T12:15:11.325+0700] {taskmixin.py:211} WARNING - Dependency <Task(BashOperator): delete_entry>, create_entry_gcs already registered for DAG: example_complex
[2024-10-10T12:15:11.326+0700] {logging_mixin.py:149} INFO - [2024-10-10T12:15:11.326+0700] {taskmixin.py:211} WARNING - Dependency <Task(BashOperator): create_tag>, delete_tag already registered for DAG: example_complex
[2024-10-10T12:15:11.326+0700] {logging_mixin.py:149} INFO - [2024-10-10T12:15:11.326+0700] {taskmixin.py:211} WARNING - Dependency <Task(BashOperator): delete_tag>, create_tag already registered for DAG: example_complex
[2024-10-10T12:15:11.329+0700] {processor.py:836} INFO - DAG(s) dict_keys(['example_complex']) retrieved from /home/hasyidan/venv/lib/python3.8/site-packages/airflow/example_dags/example_complex.py
[2024-10-10T12:15:11.385+0700] {logging_mixin.py:149} INFO - [2024-10-10T12:15:11.384+0700] {dag.py:2726} INFO - Sync 1 DAGs
[2024-10-10T12:15:11.428+0700] {logging_mixin.py:149} INFO - [2024-10-10T12:15:11.428+0700] {dag.py:3486} INFO - Setting next_dagrun for example_complex to None, run_after=None
[2024-10-10T12:15:11.621+0700] {processor.py:179} INFO - Processing /home/hasyidan/venv/lib/python3.8/site-packages/airflow/example_dags/example_complex.py took 0.343 seconds
[2024-10-10T12:16:04.104+0700] {processor.py:157} INFO - Started process (PID=4920) to work on /home/hasyidan/venv/lib/python3.8/site-packages/airflow/example_dags/example_complex.py
[2024-10-10T12:16:04.192+0700] {processor.py:826} INFO - Processing file /home/hasyidan/venv/lib/python3.8/site-packages/airflow/example_dags/example_complex.py for tasks to queue
[2024-10-10T12:16:04.195+0700] {logging_mixin.py:149} INFO - [2024-10-10T12:16:04.194+0700] {dagbag.py:541} INFO - Filling up the DagBag from /home/hasyidan/venv/lib/python3.8/site-packages/airflow/example_dags/example_complex.py
[2024-10-10T12:16:04.216+0700] {logging_mixin.py:149} INFO - [2024-10-10T12:16:04.216+0700] {taskmixin.py:211} WARNING - Dependency <Task(BashOperator): create_entry_group>, delete_entry_group already registered for DAG: example_complex
[2024-10-10T12:16:04.217+0700] {logging_mixin.py:149} INFO - [2024-10-10T12:16:04.217+0700] {taskmixin.py:211} WARNING - Dependency <Task(BashOperator): delete_entry_group>, create_entry_group already registered for DAG: example_complex
[2024-10-10T12:16:04.217+0700] {logging_mixin.py:149} INFO - [2024-10-10T12:16:04.217+0700] {taskmixin.py:211} WARNING - Dependency <Task(BashOperator): create_entry_gcs>, delete_entry already registered for DAG: example_complex
[2024-10-10T12:16:04.218+0700] {logging_mixin.py:149} INFO - [2024-10-10T12:16:04.218+0700] {taskmixin.py:211} WARNING - Dependency <Task(BashOperator): delete_entry>, create_entry_gcs already registered for DAG: example_complex
[2024-10-10T12:16:04.219+0700] {logging_mixin.py:149} INFO - [2024-10-10T12:16:04.218+0700] {taskmixin.py:211} WARNING - Dependency <Task(BashOperator): create_tag>, delete_tag already registered for DAG: example_complex
[2024-10-10T12:16:04.219+0700] {logging_mixin.py:149} INFO - [2024-10-10T12:16:04.219+0700] {taskmixin.py:211} WARNING - Dependency <Task(BashOperator): delete_tag>, create_tag already registered for DAG: example_complex
[2024-10-10T12:16:04.222+0700] {processor.py:836} INFO - DAG(s) dict_keys(['example_complex']) retrieved from /home/hasyidan/venv/lib/python3.8/site-packages/airflow/example_dags/example_complex.py
[2024-10-10T12:16:04.306+0700] {logging_mixin.py:149} INFO - [2024-10-10T12:16:04.305+0700] {dag.py:2726} INFO - Sync 1 DAGs
[2024-10-10T12:16:04.354+0700] {logging_mixin.py:149} INFO - [2024-10-10T12:16:04.354+0700] {dag.py:3486} INFO - Setting next_dagrun for example_complex to None, run_after=None
[2024-10-10T12:16:04.479+0700] {processor.py:179} INFO - Processing /home/hasyidan/venv/lib/python3.8/site-packages/airflow/example_dags/example_complex.py took 0.381 seconds
[2024-10-10T12:16:58.685+0700] {processor.py:157} INFO - Started process (PID=4986) to work on /home/hasyidan/venv/lib/python3.8/site-packages/airflow/example_dags/example_complex.py
[2024-10-10T12:16:58.702+0700] {processor.py:826} INFO - Processing file /home/hasyidan/venv/lib/python3.8/site-packages/airflow/example_dags/example_complex.py for tasks to queue
[2024-10-10T12:16:58.704+0700] {logging_mixin.py:149} INFO - [2024-10-10T12:16:58.704+0700] {dagbag.py:541} INFO - Filling up the DagBag from /home/hasyidan/venv/lib/python3.8/site-packages/airflow/example_dags/example_complex.py
[2024-10-10T12:16:58.725+0700] {logging_mixin.py:149} INFO - [2024-10-10T12:16:58.724+0700] {taskmixin.py:211} WARNING - Dependency <Task(BashOperator): create_entry_group>, delete_entry_group already registered for DAG: example_complex
[2024-10-10T12:16:58.725+0700] {logging_mixin.py:149} INFO - [2024-10-10T12:16:58.725+0700] {taskmixin.py:211} WARNING - Dependency <Task(BashOperator): delete_entry_group>, create_entry_group already registered for DAG: example_complex
[2024-10-10T12:16:58.726+0700] {logging_mixin.py:149} INFO - [2024-10-10T12:16:58.726+0700] {taskmixin.py:211} WARNING - Dependency <Task(BashOperator): create_entry_gcs>, delete_entry already registered for DAG: example_complex
[2024-10-10T12:16:58.727+0700] {logging_mixin.py:149} INFO - [2024-10-10T12:16:58.726+0700] {taskmixin.py:211} WARNING - Dependency <Task(BashOperator): delete_entry>, create_entry_gcs already registered for DAG: example_complex
[2024-10-10T12:16:58.727+0700] {logging_mixin.py:149} INFO - [2024-10-10T12:16:58.727+0700] {taskmixin.py:211} WARNING - Dependency <Task(BashOperator): create_tag>, delete_tag already registered for DAG: example_complex
[2024-10-10T12:16:58.728+0700] {logging_mixin.py:149} INFO - [2024-10-10T12:16:58.728+0700] {taskmixin.py:211} WARNING - Dependency <Task(BashOperator): delete_tag>, create_tag already registered for DAG: example_complex
[2024-10-10T12:16:58.730+0700] {processor.py:836} INFO - DAG(s) dict_keys(['example_complex']) retrieved from /home/hasyidan/venv/lib/python3.8/site-packages/airflow/example_dags/example_complex.py
[2024-10-10T12:16:58.786+0700] {logging_mixin.py:149} INFO - [2024-10-10T12:16:58.785+0700] {dag.py:2726} INFO - Sync 1 DAGs
[2024-10-10T12:16:58.827+0700] {logging_mixin.py:149} INFO - [2024-10-10T12:16:58.826+0700] {dag.py:3486} INFO - Setting next_dagrun for example_complex to None, run_after=None
[2024-10-10T12:16:58.943+0700] {processor.py:179} INFO - Processing /home/hasyidan/venv/lib/python3.8/site-packages/airflow/example_dags/example_complex.py took 0.264 seconds
[2024-10-10T12:17:53.726+0700] {processor.py:157} INFO - Started process (PID=5054) to work on /home/hasyidan/venv/lib/python3.8/site-packages/airflow/example_dags/example_complex.py
[2024-10-10T12:17:53.731+0700] {processor.py:826} INFO - Processing file /home/hasyidan/venv/lib/python3.8/site-packages/airflow/example_dags/example_complex.py for tasks to queue
[2024-10-10T12:17:53.733+0700] {logging_mixin.py:149} INFO - [2024-10-10T12:17:53.732+0700] {dagbag.py:541} INFO - Filling up the DagBag from /home/hasyidan/venv/lib/python3.8/site-packages/airflow/example_dags/example_complex.py
[2024-10-10T12:17:53.754+0700] {logging_mixin.py:149} INFO - [2024-10-10T12:17:53.753+0700] {taskmixin.py:211} WARNING - Dependency <Task(BashOperator): create_entry_group>, delete_entry_group already registered for DAG: example_complex
[2024-10-10T12:17:53.754+0700] {logging_mixin.py:149} INFO - [2024-10-10T12:17:53.754+0700] {taskmixin.py:211} WARNING - Dependency <Task(BashOperator): delete_entry_group>, create_entry_group already registered for DAG: example_complex
[2024-10-10T12:17:53.755+0700] {logging_mixin.py:149} INFO - [2024-10-10T12:17:53.755+0700] {taskmixin.py:211} WARNING - Dependency <Task(BashOperator): create_entry_gcs>, delete_entry already registered for DAG: example_complex
[2024-10-10T12:17:53.755+0700] {logging_mixin.py:149} INFO - [2024-10-10T12:17:53.755+0700] {taskmixin.py:211} WARNING - Dependency <Task(BashOperator): delete_entry>, create_entry_gcs already registered for DAG: example_complex
[2024-10-10T12:17:53.756+0700] {logging_mixin.py:149} INFO - [2024-10-10T12:17:53.756+0700] {taskmixin.py:211} WARNING - Dependency <Task(BashOperator): create_tag>, delete_tag already registered for DAG: example_complex
[2024-10-10T12:17:53.757+0700] {logging_mixin.py:149} INFO - [2024-10-10T12:17:53.756+0700] {taskmixin.py:211} WARNING - Dependency <Task(BashOperator): delete_tag>, create_tag already registered for DAG: example_complex
[2024-10-10T12:17:53.760+0700] {processor.py:836} INFO - DAG(s) dict_keys(['example_complex']) retrieved from /home/hasyidan/venv/lib/python3.8/site-packages/airflow/example_dags/example_complex.py
[2024-10-10T12:17:53.819+0700] {logging_mixin.py:149} INFO - [2024-10-10T12:17:53.819+0700] {dag.py:2726} INFO - Sync 1 DAGs
[2024-10-10T12:17:53.864+0700] {logging_mixin.py:149} INFO - [2024-10-10T12:17:53.864+0700] {dag.py:3486} INFO - Setting next_dagrun for example_complex to None, run_after=None
[2024-10-10T12:17:53.979+0700] {processor.py:179} INFO - Processing /home/hasyidan/venv/lib/python3.8/site-packages/airflow/example_dags/example_complex.py took 0.259 seconds
[2024-10-10T12:18:47.566+0700] {processor.py:157} INFO - Started process (PID=5114) to work on /home/hasyidan/venv/lib/python3.8/site-packages/airflow/example_dags/example_complex.py
[2024-10-10T12:18:47.604+0700] {processor.py:826} INFO - Processing file /home/hasyidan/venv/lib/python3.8/site-packages/airflow/example_dags/example_complex.py for tasks to queue
[2024-10-10T12:18:47.606+0700] {logging_mixin.py:149} INFO - [2024-10-10T12:18:47.606+0700] {dagbag.py:541} INFO - Filling up the DagBag from /home/hasyidan/venv/lib/python3.8/site-packages/airflow/example_dags/example_complex.py
[2024-10-10T12:18:47.628+0700] {logging_mixin.py:149} INFO - [2024-10-10T12:18:47.628+0700] {taskmixin.py:211} WARNING - Dependency <Task(BashOperator): create_entry_group>, delete_entry_group already registered for DAG: example_complex
[2024-10-10T12:18:47.628+0700] {logging_mixin.py:149} INFO - [2024-10-10T12:18:47.628+0700] {taskmixin.py:211} WARNING - Dependency <Task(BashOperator): delete_entry_group>, create_entry_group already registered for DAG: example_complex
[2024-10-10T12:18:47.629+0700] {logging_mixin.py:149} INFO - [2024-10-10T12:18:47.629+0700] {taskmixin.py:211} WARNING - Dependency <Task(BashOperator): create_entry_gcs>, delete_entry already registered for DAG: example_complex
[2024-10-10T12:18:47.630+0700] {logging_mixin.py:149} INFO - [2024-10-10T12:18:47.629+0700] {taskmixin.py:211} WARNING - Dependency <Task(BashOperator): delete_entry>, create_entry_gcs already registered for DAG: example_complex
[2024-10-10T12:18:47.630+0700] {logging_mixin.py:149} INFO - [2024-10-10T12:18:47.630+0700] {taskmixin.py:211} WARNING - Dependency <Task(BashOperator): create_tag>, delete_tag already registered for DAG: example_complex
[2024-10-10T12:18:47.631+0700] {logging_mixin.py:149} INFO - [2024-10-10T12:18:47.631+0700] {taskmixin.py:211} WARNING - Dependency <Task(BashOperator): delete_tag>, create_tag already registered for DAG: example_complex
[2024-10-10T12:18:47.634+0700] {processor.py:836} INFO - DAG(s) dict_keys(['example_complex']) retrieved from /home/hasyidan/venv/lib/python3.8/site-packages/airflow/example_dags/example_complex.py
[2024-10-10T12:18:47.731+0700] {logging_mixin.py:149} INFO - [2024-10-10T12:18:47.730+0700] {dag.py:2726} INFO - Sync 1 DAGs
[2024-10-10T12:18:47.775+0700] {logging_mixin.py:149} INFO - [2024-10-10T12:18:47.774+0700] {dag.py:3486} INFO - Setting next_dagrun for example_complex to None, run_after=None
[2024-10-10T12:18:47.907+0700] {processor.py:179} INFO - Processing /home/hasyidan/venv/lib/python3.8/site-packages/airflow/example_dags/example_complex.py took 0.347 seconds
[2024-10-10T12:20:05.081+0700] {processor.py:157} INFO - Started process (PID=5197) to work on /home/hasyidan/venv/lib/python3.8/site-packages/airflow/example_dags/example_complex.py
[2024-10-10T12:20:05.113+0700] {processor.py:826} INFO - Processing file /home/hasyidan/venv/lib/python3.8/site-packages/airflow/example_dags/example_complex.py for tasks to queue
[2024-10-10T12:20:05.116+0700] {logging_mixin.py:149} INFO - [2024-10-10T12:20:05.115+0700] {dagbag.py:541} INFO - Filling up the DagBag from /home/hasyidan/venv/lib/python3.8/site-packages/airflow/example_dags/example_complex.py
[2024-10-10T12:20:05.136+0700] {logging_mixin.py:149} INFO - [2024-10-10T12:20:05.136+0700] {taskmixin.py:211} WARNING - Dependency <Task(BashOperator): create_entry_group>, delete_entry_group already registered for DAG: example_complex
[2024-10-10T12:20:05.137+0700] {logging_mixin.py:149} INFO - [2024-10-10T12:20:05.137+0700] {taskmixin.py:211} WARNING - Dependency <Task(BashOperator): delete_entry_group>, create_entry_group already registered for DAG: example_complex
[2024-10-10T12:20:05.138+0700] {logging_mixin.py:149} INFO - [2024-10-10T12:20:05.137+0700] {taskmixin.py:211} WARNING - Dependency <Task(BashOperator): create_entry_gcs>, delete_entry already registered for DAG: example_complex
[2024-10-10T12:20:05.138+0700] {logging_mixin.py:149} INFO - [2024-10-10T12:20:05.138+0700] {taskmixin.py:211} WARNING - Dependency <Task(BashOperator): delete_entry>, create_entry_gcs already registered for DAG: example_complex
[2024-10-10T12:20:05.139+0700] {logging_mixin.py:149} INFO - [2024-10-10T12:20:05.139+0700] {taskmixin.py:211} WARNING - Dependency <Task(BashOperator): create_tag>, delete_tag already registered for DAG: example_complex
[2024-10-10T12:20:05.139+0700] {logging_mixin.py:149} INFO - [2024-10-10T12:20:05.139+0700] {taskmixin.py:211} WARNING - Dependency <Task(BashOperator): delete_tag>, create_tag already registered for DAG: example_complex
[2024-10-10T12:20:05.142+0700] {processor.py:836} INFO - DAG(s) dict_keys(['example_complex']) retrieved from /home/hasyidan/venv/lib/python3.8/site-packages/airflow/example_dags/example_complex.py
[2024-10-10T12:20:05.200+0700] {logging_mixin.py:149} INFO - [2024-10-10T12:20:05.199+0700] {dag.py:2726} INFO - Sync 1 DAGs
[2024-10-10T12:20:05.244+0700] {logging_mixin.py:149} INFO - [2024-10-10T12:20:05.244+0700] {dag.py:3486} INFO - Setting next_dagrun for example_complex to None, run_after=None
[2024-10-10T12:20:05.382+0700] {processor.py:179} INFO - Processing /home/hasyidan/venv/lib/python3.8/site-packages/airflow/example_dags/example_complex.py took 0.308 seconds
[2024-10-10T12:21:01.747+0700] {processor.py:157} INFO - Started process (PID=5268) to work on /home/hasyidan/venv/lib/python3.8/site-packages/airflow/example_dags/example_complex.py
[2024-10-10T12:21:01.771+0700] {processor.py:826} INFO - Processing file /home/hasyidan/venv/lib/python3.8/site-packages/airflow/example_dags/example_complex.py for tasks to queue
[2024-10-10T12:21:01.773+0700] {logging_mixin.py:149} INFO - [2024-10-10T12:21:01.773+0700] {dagbag.py:541} INFO - Filling up the DagBag from /home/hasyidan/venv/lib/python3.8/site-packages/airflow/example_dags/example_complex.py
[2024-10-10T12:21:01.794+0700] {logging_mixin.py:149} INFO - [2024-10-10T12:21:01.793+0700] {taskmixin.py:211} WARNING - Dependency <Task(BashOperator): create_entry_group>, delete_entry_group already registered for DAG: example_complex
[2024-10-10T12:21:01.794+0700] {logging_mixin.py:149} INFO - [2024-10-10T12:21:01.794+0700] {taskmixin.py:211} WARNING - Dependency <Task(BashOperator): delete_entry_group>, create_entry_group already registered for DAG: example_complex
[2024-10-10T12:21:01.795+0700] {logging_mixin.py:149} INFO - [2024-10-10T12:21:01.795+0700] {taskmixin.py:211} WARNING - Dependency <Task(BashOperator): create_entry_gcs>, delete_entry already registered for DAG: example_complex
[2024-10-10T12:21:01.795+0700] {logging_mixin.py:149} INFO - [2024-10-10T12:21:01.795+0700] {taskmixin.py:211} WARNING - Dependency <Task(BashOperator): delete_entry>, create_entry_gcs already registered for DAG: example_complex
[2024-10-10T12:21:01.796+0700] {logging_mixin.py:149} INFO - [2024-10-10T12:21:01.796+0700] {taskmixin.py:211} WARNING - Dependency <Task(BashOperator): create_tag>, delete_tag already registered for DAG: example_complex
[2024-10-10T12:21:01.797+0700] {logging_mixin.py:149} INFO - [2024-10-10T12:21:01.796+0700] {taskmixin.py:211} WARNING - Dependency <Task(BashOperator): delete_tag>, create_tag already registered for DAG: example_complex
[2024-10-10T12:21:01.801+0700] {processor.py:836} INFO - DAG(s) dict_keys(['example_complex']) retrieved from /home/hasyidan/venv/lib/python3.8/site-packages/airflow/example_dags/example_complex.py
[2024-10-10T12:21:01.864+0700] {logging_mixin.py:149} INFO - [2024-10-10T12:21:01.864+0700] {dag.py:2726} INFO - Sync 1 DAGs
[2024-10-10T12:21:01.906+0700] {logging_mixin.py:149} INFO - [2024-10-10T12:21:01.905+0700] {dag.py:3486} INFO - Setting next_dagrun for example_complex to None, run_after=None
[2024-10-10T12:21:02.061+0700] {processor.py:179} INFO - Processing /home/hasyidan/venv/lib/python3.8/site-packages/airflow/example_dags/example_complex.py took 0.320 seconds
[2024-10-10T13:22:34.944+0700] {processor.py:157} INFO - Started process (PID=2378) to work on /home/hasyidan/venv/lib/python3.8/site-packages/airflow/example_dags/example_complex.py
[2024-10-10T13:22:34.975+0700] {processor.py:826} INFO - Processing file /home/hasyidan/venv/lib/python3.8/site-packages/airflow/example_dags/example_complex.py for tasks to queue
[2024-10-10T13:22:34.978+0700] {logging_mixin.py:149} INFO - [2024-10-10T13:22:34.977+0700] {dagbag.py:541} INFO - Filling up the DagBag from /home/hasyidan/venv/lib/python3.8/site-packages/airflow/example_dags/example_complex.py
[2024-10-10T13:22:35.027+0700] {logging_mixin.py:149} INFO - [2024-10-10T13:22:35.026+0700] {taskmixin.py:211} WARNING - Dependency <Task(BashOperator): create_entry_group>, delete_entry_group already registered for DAG: example_complex
[2024-10-10T13:22:35.027+0700] {logging_mixin.py:149} INFO - [2024-10-10T13:22:35.027+0700] {taskmixin.py:211} WARNING - Dependency <Task(BashOperator): delete_entry_group>, create_entry_group already registered for DAG: example_complex
[2024-10-10T13:22:35.028+0700] {logging_mixin.py:149} INFO - [2024-10-10T13:22:35.028+0700] {taskmixin.py:211} WARNING - Dependency <Task(BashOperator): create_entry_gcs>, delete_entry already registered for DAG: example_complex
[2024-10-10T13:22:35.029+0700] {logging_mixin.py:149} INFO - [2024-10-10T13:22:35.028+0700] {taskmixin.py:211} WARNING - Dependency <Task(BashOperator): delete_entry>, create_entry_gcs already registered for DAG: example_complex
[2024-10-10T13:22:35.030+0700] {logging_mixin.py:149} INFO - [2024-10-10T13:22:35.029+0700] {taskmixin.py:211} WARNING - Dependency <Task(BashOperator): create_tag>, delete_tag already registered for DAG: example_complex
[2024-10-10T13:22:35.030+0700] {logging_mixin.py:149} INFO - [2024-10-10T13:22:35.030+0700] {taskmixin.py:211} WARNING - Dependency <Task(BashOperator): delete_tag>, create_tag already registered for DAG: example_complex
[2024-10-10T13:22:35.034+0700] {processor.py:836} INFO - DAG(s) dict_keys(['example_complex']) retrieved from /home/hasyidan/venv/lib/python3.8/site-packages/airflow/example_dags/example_complex.py
[2024-10-10T13:22:35.592+0700] {logging_mixin.py:149} INFO - [2024-10-10T13:22:35.592+0700] {dag.py:2726} INFO - Sync 1 DAGs
[2024-10-10T13:22:35.636+0700] {logging_mixin.py:149} INFO - [2024-10-10T13:22:35.635+0700] {dag.py:3486} INFO - Setting next_dagrun for example_complex to None, run_after=None
[2024-10-10T13:22:35.997+0700] {processor.py:179} INFO - Processing /home/hasyidan/venv/lib/python3.8/site-packages/airflow/example_dags/example_complex.py took 1.061 seconds
[2024-10-10T13:26:32.439+0700] {processor.py:157} INFO - Started process (PID=2650) to work on /home/hasyidan/venv/lib/python3.8/site-packages/airflow/example_dags/example_complex.py
[2024-10-10T13:26:32.481+0700] {processor.py:826} INFO - Processing file /home/hasyidan/venv/lib/python3.8/site-packages/airflow/example_dags/example_complex.py for tasks to queue
[2024-10-10T13:26:32.483+0700] {logging_mixin.py:149} INFO - [2024-10-10T13:26:32.483+0700] {dagbag.py:541} INFO - Filling up the DagBag from /home/hasyidan/venv/lib/python3.8/site-packages/airflow/example_dags/example_complex.py
[2024-10-10T13:26:32.514+0700] {logging_mixin.py:149} INFO - [2024-10-10T13:26:32.513+0700] {taskmixin.py:211} WARNING - Dependency <Task(BashOperator): create_entry_group>, delete_entry_group already registered for DAG: example_complex
[2024-10-10T13:26:32.515+0700] {logging_mixin.py:149} INFO - [2024-10-10T13:26:32.514+0700] {taskmixin.py:211} WARNING - Dependency <Task(BashOperator): delete_entry_group>, create_entry_group already registered for DAG: example_complex
[2024-10-10T13:26:32.515+0700] {logging_mixin.py:149} INFO - [2024-10-10T13:26:32.515+0700] {taskmixin.py:211} WARNING - Dependency <Task(BashOperator): create_entry_gcs>, delete_entry already registered for DAG: example_complex
[2024-10-10T13:26:32.516+0700] {logging_mixin.py:149} INFO - [2024-10-10T13:26:32.516+0700] {taskmixin.py:211} WARNING - Dependency <Task(BashOperator): delete_entry>, create_entry_gcs already registered for DAG: example_complex
[2024-10-10T13:26:32.517+0700] {logging_mixin.py:149} INFO - [2024-10-10T13:26:32.516+0700] {taskmixin.py:211} WARNING - Dependency <Task(BashOperator): create_tag>, delete_tag already registered for DAG: example_complex
[2024-10-10T13:26:32.517+0700] {logging_mixin.py:149} INFO - [2024-10-10T13:26:32.517+0700] {taskmixin.py:211} WARNING - Dependency <Task(BashOperator): delete_tag>, create_tag already registered for DAG: example_complex
[2024-10-10T13:26:32.520+0700] {processor.py:836} INFO - DAG(s) dict_keys(['example_complex']) retrieved from /home/hasyidan/venv/lib/python3.8/site-packages/airflow/example_dags/example_complex.py
[2024-10-10T13:26:32.684+0700] {logging_mixin.py:149} INFO - [2024-10-10T13:26:32.683+0700] {dag.py:2726} INFO - Sync 1 DAGs
[2024-10-10T13:26:32.777+0700] {logging_mixin.py:149} INFO - [2024-10-10T13:26:32.772+0700] {dag.py:3486} INFO - Setting next_dagrun for example_complex to None, run_after=None
[2024-10-10T13:26:32.920+0700] {processor.py:179} INFO - Processing /home/hasyidan/venv/lib/python3.8/site-packages/airflow/example_dags/example_complex.py took 0.495 seconds
