[2024-10-10T11:43:35.266+0700] {processor.py:157} INFO - Started process (PID=2772) to work on /home/hasyidan/venv/lib/python3.8/site-packages/airflow/example_dags/example_datasets.py
[2024-10-10T11:43:35.267+0700] {processor.py:826} INFO - Processing file /home/hasyidan/venv/lib/python3.8/site-packages/airflow/example_dags/example_datasets.py for tasks to queue
[2024-10-10T11:43:35.269+0700] {logging_mixin.py:149} INFO - [2024-10-10T11:43:35.268+0700] {dagbag.py:541} INFO - Filling up the DagBag from /home/hasyidan/venv/lib/python3.8/site-packages/airflow/example_dags/example_datasets.py
[2024-10-10T11:43:35.290+0700] {processor.py:836} INFO - DAG(s) dict_keys(['dataset_consumes_1', 'dataset_produces_1', 'dataset_consumes_1_never_scheduled', 'dataset_consumes_unknown_never_scheduled', 'dataset_produces_2', 'dataset_consumes_1_and_2']) retrieved from /home/hasyidan/venv/lib/python3.8/site-packages/airflow/example_dags/example_datasets.py
[2024-10-10T11:43:35.556+0700] {logging_mixin.py:149} INFO - [2024-10-10T11:43:35.555+0700] {dag.py:2726} INFO - Sync 6 DAGs
[2024-10-10T11:43:35.806+0700] {logging_mixin.py:149} INFO - [2024-10-10T11:43:35.806+0700] {dag.py:3486} INFO - Setting next_dagrun for dataset_consumes_1 to None, run_after=None
[2024-10-10T11:43:35.813+0700] {logging_mixin.py:149} INFO - [2024-10-10T11:43:35.812+0700] {dag.py:3486} INFO - Setting next_dagrun for dataset_consumes_1_and_2 to None, run_after=None
[2024-10-10T11:43:35.815+0700] {logging_mixin.py:149} INFO - [2024-10-10T11:43:35.815+0700] {dag.py:3486} INFO - Setting next_dagrun for dataset_consumes_1_never_scheduled to None, run_after=None
[2024-10-10T11:43:35.817+0700] {logging_mixin.py:149} INFO - [2024-10-10T11:43:35.817+0700] {dag.py:3486} INFO - Setting next_dagrun for dataset_consumes_unknown_never_scheduled to None, run_after=None
[2024-10-10T11:43:35.823+0700] {logging_mixin.py:149} INFO - [2024-10-10T11:43:35.823+0700] {dag.py:3486} INFO - Setting next_dagrun for dataset_produces_1 to 2024-10-09T00:00:00+00:00, run_after=2024-10-10T00:00:00+00:00
[2024-10-10T11:43:35.826+0700] {logging_mixin.py:149} INFO - [2024-10-10T11:43:35.825+0700] {dag.py:3486} INFO - Setting next_dagrun for dataset_produces_2 to None, run_after=None
[2024-10-10T11:43:36.342+0700] {processor.py:179} INFO - Processing /home/hasyidan/venv/lib/python3.8/site-packages/airflow/example_dags/example_datasets.py took 1.084 seconds
[2024-10-10T11:48:43.129+0700] {processor.py:157} INFO - Started process (PID=2912) to work on /home/hasyidan/venv/lib/python3.8/site-packages/airflow/example_dags/example_datasets.py
[2024-10-10T11:48:43.159+0700] {processor.py:826} INFO - Processing file /home/hasyidan/venv/lib/python3.8/site-packages/airflow/example_dags/example_datasets.py for tasks to queue
[2024-10-10T11:48:43.161+0700] {logging_mixin.py:149} INFO - [2024-10-10T11:48:43.160+0700] {dagbag.py:541} INFO - Filling up the DagBag from /home/hasyidan/venv/lib/python3.8/site-packages/airflow/example_dags/example_datasets.py
[2024-10-10T11:48:43.207+0700] {processor.py:836} INFO - DAG(s) dict_keys(['dataset_consumes_1_and_2', 'dataset_produces_1', 'dataset_consumes_1_never_scheduled', 'dataset_consumes_1', 'dataset_consumes_unknown_never_scheduled', 'dataset_produces_2']) retrieved from /home/hasyidan/venv/lib/python3.8/site-packages/airflow/example_dags/example_datasets.py
[2024-10-10T11:48:43.356+0700] {logging_mixin.py:149} INFO - [2024-10-10T11:48:43.356+0700] {dag.py:2726} INFO - Sync 6 DAGs
[2024-10-10T11:48:43.860+0700] {logging_mixin.py:149} INFO - [2024-10-10T11:48:43.860+0700] {dag.py:3486} INFO - Setting next_dagrun for dataset_consumes_1 to None, run_after=None
[2024-10-10T11:48:43.870+0700] {logging_mixin.py:149} INFO - [2024-10-10T11:48:43.870+0700] {dag.py:3486} INFO - Setting next_dagrun for dataset_consumes_1_and_2 to None, run_after=None
[2024-10-10T11:48:43.873+0700] {logging_mixin.py:149} INFO - [2024-10-10T11:48:43.872+0700] {dag.py:3486} INFO - Setting next_dagrun for dataset_consumes_1_never_scheduled to None, run_after=None
[2024-10-10T11:48:43.875+0700] {logging_mixin.py:149} INFO - [2024-10-10T11:48:43.875+0700] {dag.py:3486} INFO - Setting next_dagrun for dataset_consumes_unknown_never_scheduled to None, run_after=None
[2024-10-10T11:48:43.881+0700] {logging_mixin.py:149} INFO - [2024-10-10T11:48:43.880+0700] {dag.py:3486} INFO - Setting next_dagrun for dataset_produces_1 to 2024-10-09T00:00:00+00:00, run_after=2024-10-10T00:00:00+00:00
[2024-10-10T11:48:43.884+0700] {logging_mixin.py:149} INFO - [2024-10-10T11:48:43.883+0700] {dag.py:3486} INFO - Setting next_dagrun for dataset_produces_2 to None, run_after=None
[2024-10-10T11:48:44.160+0700] {processor.py:179} INFO - Processing /home/hasyidan/venv/lib/python3.8/site-packages/airflow/example_dags/example_datasets.py took 1.037 seconds
[2024-10-10T11:51:39.827+0700] {processor.py:157} INFO - Started process (PID=3132) to work on /home/hasyidan/venv/lib/python3.8/site-packages/airflow/example_dags/example_datasets.py
[2024-10-10T11:51:39.997+0700] {processor.py:826} INFO - Processing file /home/hasyidan/venv/lib/python3.8/site-packages/airflow/example_dags/example_datasets.py for tasks to queue
[2024-10-10T11:51:40.002+0700] {logging_mixin.py:149} INFO - [2024-10-10T11:51:40.000+0700] {dagbag.py:541} INFO - Filling up the DagBag from /home/hasyidan/venv/lib/python3.8/site-packages/airflow/example_dags/example_datasets.py
[2024-10-10T11:51:41.349+0700] {processor.py:836} INFO - DAG(s) dict_keys(['dataset_consumes_unknown_never_scheduled', 'dataset_consumes_1_never_scheduled', 'dataset_consumes_1_and_2', 'dataset_produces_1', 'dataset_produces_2', 'dataset_consumes_1']) retrieved from /home/hasyidan/venv/lib/python3.8/site-packages/airflow/example_dags/example_datasets.py
[2024-10-10T11:51:53.891+0700] {logging_mixin.py:149} INFO - [2024-10-10T11:51:53.891+0700] {dag.py:2726} INFO - Sync 6 DAGs
[2024-10-10T11:51:53.948+0700] {logging_mixin.py:149} INFO - [2024-10-10T11:51:53.947+0700] {dag.py:3486} INFO - Setting next_dagrun for dataset_consumes_1 to None, run_after=None
[2024-10-10T11:51:53.956+0700] {logging_mixin.py:149} INFO - [2024-10-10T11:51:53.956+0700] {dag.py:3486} INFO - Setting next_dagrun for dataset_consumes_1_and_2 to None, run_after=None
[2024-10-10T11:51:53.972+0700] {logging_mixin.py:149} INFO - [2024-10-10T11:51:53.971+0700] {dag.py:3486} INFO - Setting next_dagrun for dataset_consumes_1_never_scheduled to None, run_after=None
[2024-10-10T11:51:53.984+0700] {logging_mixin.py:149} INFO - [2024-10-10T11:51:53.983+0700] {dag.py:3486} INFO - Setting next_dagrun for dataset_consumes_unknown_never_scheduled to None, run_after=None
[2024-10-10T11:51:53.998+0700] {logging_mixin.py:149} INFO - [2024-10-10T11:51:53.997+0700] {dag.py:3486} INFO - Setting next_dagrun for dataset_produces_1 to 2024-10-09T00:00:00+00:00, run_after=2024-10-10T00:00:00+00:00
[2024-10-10T11:51:54.005+0700] {logging_mixin.py:149} INFO - [2024-10-10T11:51:54.004+0700] {dag.py:3486} INFO - Setting next_dagrun for dataset_produces_2 to None, run_after=None
[2024-10-10T11:51:54.952+0700] {processor.py:179} INFO - Processing /home/hasyidan/venv/lib/python3.8/site-packages/airflow/example_dags/example_datasets.py took 15.757 seconds
[2024-10-10T11:53:29.289+0700] {processor.py:157} INFO - Started process (PID=3347) to work on /home/hasyidan/venv/lib/python3.8/site-packages/airflow/example_dags/example_datasets.py
[2024-10-10T11:53:29.311+0700] {processor.py:826} INFO - Processing file /home/hasyidan/venv/lib/python3.8/site-packages/airflow/example_dags/example_datasets.py for tasks to queue
[2024-10-10T11:53:29.314+0700] {logging_mixin.py:149} INFO - [2024-10-10T11:53:29.313+0700] {dagbag.py:541} INFO - Filling up the DagBag from /home/hasyidan/venv/lib/python3.8/site-packages/airflow/example_dags/example_datasets.py
[2024-10-10T11:53:29.336+0700] {processor.py:836} INFO - DAG(s) dict_keys(['dataset_produces_1', 'dataset_consumes_1', 'dataset_consumes_1_and_2', 'dataset_consumes_1_never_scheduled', 'dataset_produces_2', 'dataset_consumes_unknown_never_scheduled']) retrieved from /home/hasyidan/venv/lib/python3.8/site-packages/airflow/example_dags/example_datasets.py
[2024-10-10T11:53:29.402+0700] {logging_mixin.py:149} INFO - [2024-10-10T11:53:29.401+0700] {dag.py:2726} INFO - Sync 6 DAGs
[2024-10-10T11:53:29.447+0700] {logging_mixin.py:149} INFO - [2024-10-10T11:53:29.447+0700] {dag.py:3486} INFO - Setting next_dagrun for dataset_consumes_1 to None, run_after=None
[2024-10-10T11:53:29.454+0700] {logging_mixin.py:149} INFO - [2024-10-10T11:53:29.454+0700] {dag.py:3486} INFO - Setting next_dagrun for dataset_consumes_1_and_2 to None, run_after=None
[2024-10-10T11:53:29.456+0700] {logging_mixin.py:149} INFO - [2024-10-10T11:53:29.456+0700] {dag.py:3486} INFO - Setting next_dagrun for dataset_consumes_1_never_scheduled to None, run_after=None
[2024-10-10T11:53:29.459+0700] {logging_mixin.py:149} INFO - [2024-10-10T11:53:29.458+0700] {dag.py:3486} INFO - Setting next_dagrun for dataset_consumes_unknown_never_scheduled to None, run_after=None
[2024-10-10T11:53:29.464+0700] {logging_mixin.py:149} INFO - [2024-10-10T11:53:29.464+0700] {dag.py:3486} INFO - Setting next_dagrun for dataset_produces_1 to 2024-10-09T00:00:00+00:00, run_after=2024-10-10T00:00:00+00:00
[2024-10-10T11:53:29.466+0700] {logging_mixin.py:149} INFO - [2024-10-10T11:53:29.466+0700] {dag.py:3486} INFO - Setting next_dagrun for dataset_produces_2 to None, run_after=None
[2024-10-10T11:53:29.637+0700] {processor.py:179} INFO - Processing /home/hasyidan/venv/lib/python3.8/site-packages/airflow/example_dags/example_datasets.py took 0.355 seconds
[2024-10-10T11:54:26.200+0700] {processor.py:157} INFO - Started process (PID=3409) to work on /home/hasyidan/venv/lib/python3.8/site-packages/airflow/example_dags/example_datasets.py
[2024-10-10T11:54:26.261+0700] {processor.py:826} INFO - Processing file /home/hasyidan/venv/lib/python3.8/site-packages/airflow/example_dags/example_datasets.py for tasks to queue
[2024-10-10T11:54:26.264+0700] {logging_mixin.py:149} INFO - [2024-10-10T11:54:26.263+0700] {dagbag.py:541} INFO - Filling up the DagBag from /home/hasyidan/venv/lib/python3.8/site-packages/airflow/example_dags/example_datasets.py
[2024-10-10T11:54:26.285+0700] {processor.py:836} INFO - DAG(s) dict_keys(['dataset_consumes_1_and_2', 'dataset_consumes_1', 'dataset_produces_1', 'dataset_produces_2', 'dataset_consumes_1_never_scheduled', 'dataset_consumes_unknown_never_scheduled']) retrieved from /home/hasyidan/venv/lib/python3.8/site-packages/airflow/example_dags/example_datasets.py
[2024-10-10T11:54:26.351+0700] {logging_mixin.py:149} INFO - [2024-10-10T11:54:26.351+0700] {dag.py:2726} INFO - Sync 6 DAGs
[2024-10-10T11:54:26.395+0700] {logging_mixin.py:149} INFO - [2024-10-10T11:54:26.394+0700] {dag.py:3486} INFO - Setting next_dagrun for dataset_consumes_1 to None, run_after=None
[2024-10-10T11:54:26.401+0700] {logging_mixin.py:149} INFO - [2024-10-10T11:54:26.401+0700] {dag.py:3486} INFO - Setting next_dagrun for dataset_consumes_1_and_2 to None, run_after=None
[2024-10-10T11:54:26.404+0700] {logging_mixin.py:149} INFO - [2024-10-10T11:54:26.403+0700] {dag.py:3486} INFO - Setting next_dagrun for dataset_consumes_1_never_scheduled to None, run_after=None
[2024-10-10T11:54:26.406+0700] {logging_mixin.py:149} INFO - [2024-10-10T11:54:26.406+0700] {dag.py:3486} INFO - Setting next_dagrun for dataset_consumes_unknown_never_scheduled to None, run_after=None
[2024-10-10T11:54:26.411+0700] {logging_mixin.py:149} INFO - [2024-10-10T11:54:26.411+0700] {dag.py:3486} INFO - Setting next_dagrun for dataset_produces_1 to 2024-10-09T00:00:00+00:00, run_after=2024-10-10T00:00:00+00:00
[2024-10-10T11:54:26.414+0700] {logging_mixin.py:149} INFO - [2024-10-10T11:54:26.413+0700] {dag.py:3486} INFO - Setting next_dagrun for dataset_produces_2 to None, run_after=None
[2024-10-10T11:54:26.599+0700] {processor.py:179} INFO - Processing /home/hasyidan/venv/lib/python3.8/site-packages/airflow/example_dags/example_datasets.py took 0.406 seconds
[2024-10-10T11:55:31.605+0700] {processor.py:157} INFO - Started process (PID=3487) to work on /home/hasyidan/venv/lib/python3.8/site-packages/airflow/example_dags/example_datasets.py
[2024-10-10T11:55:31.664+0700] {processor.py:826} INFO - Processing file /home/hasyidan/venv/lib/python3.8/site-packages/airflow/example_dags/example_datasets.py for tasks to queue
[2024-10-10T11:55:31.667+0700] {logging_mixin.py:149} INFO - [2024-10-10T11:55:31.667+0700] {dagbag.py:541} INFO - Filling up the DagBag from /home/hasyidan/venv/lib/python3.8/site-packages/airflow/example_dags/example_datasets.py
[2024-10-10T11:55:31.690+0700] {processor.py:836} INFO - DAG(s) dict_keys(['dataset_consumes_1_never_scheduled', 'dataset_consumes_1', 'dataset_consumes_unknown_never_scheduled', 'dataset_consumes_1_and_2', 'dataset_produces_1', 'dataset_produces_2']) retrieved from /home/hasyidan/venv/lib/python3.8/site-packages/airflow/example_dags/example_datasets.py
[2024-10-10T11:55:31.770+0700] {logging_mixin.py:149} INFO - [2024-10-10T11:55:31.770+0700] {dag.py:2726} INFO - Sync 6 DAGs
[2024-10-10T11:55:31.822+0700] {logging_mixin.py:149} INFO - [2024-10-10T11:55:31.821+0700] {dag.py:3486} INFO - Setting next_dagrun for dataset_consumes_1 to None, run_after=None
[2024-10-10T11:55:31.829+0700] {logging_mixin.py:149} INFO - [2024-10-10T11:55:31.829+0700] {dag.py:3486} INFO - Setting next_dagrun for dataset_consumes_1_and_2 to None, run_after=None
[2024-10-10T11:55:31.832+0700] {logging_mixin.py:149} INFO - [2024-10-10T11:55:31.832+0700] {dag.py:3486} INFO - Setting next_dagrun for dataset_consumes_1_never_scheduled to None, run_after=None
[2024-10-10T11:55:31.835+0700] {logging_mixin.py:149} INFO - [2024-10-10T11:55:31.835+0700] {dag.py:3486} INFO - Setting next_dagrun for dataset_consumes_unknown_never_scheduled to None, run_after=None
[2024-10-10T11:55:31.841+0700] {logging_mixin.py:149} INFO - [2024-10-10T11:55:31.841+0700] {dag.py:3486} INFO - Setting next_dagrun for dataset_produces_1 to 2024-10-09T00:00:00+00:00, run_after=2024-10-10T00:00:00+00:00
[2024-10-10T11:55:31.844+0700] {logging_mixin.py:149} INFO - [2024-10-10T11:55:31.843+0700] {dag.py:3486} INFO - Setting next_dagrun for dataset_produces_2 to None, run_after=None
[2024-10-10T11:55:32.016+0700] {processor.py:179} INFO - Processing /home/hasyidan/venv/lib/python3.8/site-packages/airflow/example_dags/example_datasets.py took 0.417 seconds
[2024-10-10T11:56:31.038+0700] {processor.py:157} INFO - Started process (PID=3553) to work on /home/hasyidan/venv/lib/python3.8/site-packages/airflow/example_dags/example_datasets.py
[2024-10-10T11:56:31.052+0700] {processor.py:826} INFO - Processing file /home/hasyidan/venv/lib/python3.8/site-packages/airflow/example_dags/example_datasets.py for tasks to queue
[2024-10-10T11:56:31.055+0700] {logging_mixin.py:149} INFO - [2024-10-10T11:56:31.055+0700] {dagbag.py:541} INFO - Filling up the DagBag from /home/hasyidan/venv/lib/python3.8/site-packages/airflow/example_dags/example_datasets.py
[2024-10-10T11:56:31.077+0700] {processor.py:836} INFO - DAG(s) dict_keys(['dataset_consumes_1_and_2', 'dataset_produces_1', 'dataset_consumes_unknown_never_scheduled', 'dataset_consumes_1_never_scheduled', 'dataset_produces_2', 'dataset_consumes_1']) retrieved from /home/hasyidan/venv/lib/python3.8/site-packages/airflow/example_dags/example_datasets.py
[2024-10-10T11:56:31.146+0700] {logging_mixin.py:149} INFO - [2024-10-10T11:56:31.146+0700] {dag.py:2726} INFO - Sync 6 DAGs
[2024-10-10T11:56:31.194+0700] {logging_mixin.py:149} INFO - [2024-10-10T11:56:31.193+0700] {dag.py:3486} INFO - Setting next_dagrun for dataset_consumes_1 to None, run_after=None
[2024-10-10T11:56:31.200+0700] {logging_mixin.py:149} INFO - [2024-10-10T11:56:31.200+0700] {dag.py:3486} INFO - Setting next_dagrun for dataset_consumes_1_and_2 to None, run_after=None
[2024-10-10T11:56:31.203+0700] {logging_mixin.py:149} INFO - [2024-10-10T11:56:31.202+0700] {dag.py:3486} INFO - Setting next_dagrun for dataset_consumes_1_never_scheduled to None, run_after=None
[2024-10-10T11:56:31.205+0700] {logging_mixin.py:149} INFO - [2024-10-10T11:56:31.205+0700] {dag.py:3486} INFO - Setting next_dagrun for dataset_consumes_unknown_never_scheduled to None, run_after=None
[2024-10-10T11:56:31.211+0700] {logging_mixin.py:149} INFO - [2024-10-10T11:56:31.210+0700] {dag.py:3486} INFO - Setting next_dagrun for dataset_produces_1 to 2024-10-09T00:00:00+00:00, run_after=2024-10-10T00:00:00+00:00
[2024-10-10T11:56:31.213+0700] {logging_mixin.py:149} INFO - [2024-10-10T11:56:31.213+0700] {dag.py:3486} INFO - Setting next_dagrun for dataset_produces_2 to None, run_after=None
[2024-10-10T11:56:31.413+0700] {processor.py:179} INFO - Processing /home/hasyidan/venv/lib/python3.8/site-packages/airflow/example_dags/example_datasets.py took 0.381 seconds
[2024-10-10T11:57:29.798+0700] {processor.py:157} INFO - Started process (PID=3618) to work on /home/hasyidan/venv/lib/python3.8/site-packages/airflow/example_dags/example_datasets.py
[2024-10-10T11:57:29.829+0700] {processor.py:826} INFO - Processing file /home/hasyidan/venv/lib/python3.8/site-packages/airflow/example_dags/example_datasets.py for tasks to queue
[2024-10-10T11:57:29.832+0700] {logging_mixin.py:149} INFO - [2024-10-10T11:57:29.831+0700] {dagbag.py:541} INFO - Filling up the DagBag from /home/hasyidan/venv/lib/python3.8/site-packages/airflow/example_dags/example_datasets.py
[2024-10-10T11:57:29.853+0700] {processor.py:836} INFO - DAG(s) dict_keys(['dataset_consumes_1', 'dataset_produces_2', 'dataset_consumes_1_never_scheduled', 'dataset_produces_1', 'dataset_consumes_1_and_2', 'dataset_consumes_unknown_never_scheduled']) retrieved from /home/hasyidan/venv/lib/python3.8/site-packages/airflow/example_dags/example_datasets.py
[2024-10-10T11:57:29.921+0700] {logging_mixin.py:149} INFO - [2024-10-10T11:57:29.920+0700] {dag.py:2726} INFO - Sync 6 DAGs
[2024-10-10T11:57:29.964+0700] {logging_mixin.py:149} INFO - [2024-10-10T11:57:29.964+0700] {dag.py:3486} INFO - Setting next_dagrun for dataset_consumes_1 to None, run_after=None
[2024-10-10T11:57:29.971+0700] {logging_mixin.py:149} INFO - [2024-10-10T11:57:29.970+0700] {dag.py:3486} INFO - Setting next_dagrun for dataset_consumes_1_and_2 to None, run_after=None
[2024-10-10T11:57:29.973+0700] {logging_mixin.py:149} INFO - [2024-10-10T11:57:29.973+0700] {dag.py:3486} INFO - Setting next_dagrun for dataset_consumes_1_never_scheduled to None, run_after=None
[2024-10-10T11:57:29.975+0700] {logging_mixin.py:149} INFO - [2024-10-10T11:57:29.975+0700] {dag.py:3486} INFO - Setting next_dagrun for dataset_consumes_unknown_never_scheduled to None, run_after=None
[2024-10-10T11:57:29.981+0700] {logging_mixin.py:149} INFO - [2024-10-10T11:57:29.980+0700] {dag.py:3486} INFO - Setting next_dagrun for dataset_produces_1 to 2024-10-09T00:00:00+00:00, run_after=2024-10-10T00:00:00+00:00
[2024-10-10T11:57:29.983+0700] {logging_mixin.py:149} INFO - [2024-10-10T11:57:29.983+0700] {dag.py:3486} INFO - Setting next_dagrun for dataset_produces_2 to None, run_after=None
[2024-10-10T11:57:30.132+0700] {processor.py:179} INFO - Processing /home/hasyidan/venv/lib/python3.8/site-packages/airflow/example_dags/example_datasets.py took 0.341 seconds
[2024-10-10T11:58:30.661+0700] {processor.py:157} INFO - Started process (PID=3690) to work on /home/hasyidan/venv/lib/python3.8/site-packages/airflow/example_dags/example_datasets.py
[2024-10-10T11:58:30.694+0700] {processor.py:826} INFO - Processing file /home/hasyidan/venv/lib/python3.8/site-packages/airflow/example_dags/example_datasets.py for tasks to queue
[2024-10-10T11:58:30.697+0700] {logging_mixin.py:149} INFO - [2024-10-10T11:58:30.696+0700] {dagbag.py:541} INFO - Filling up the DagBag from /home/hasyidan/venv/lib/python3.8/site-packages/airflow/example_dags/example_datasets.py
[2024-10-10T11:58:30.718+0700] {processor.py:836} INFO - DAG(s) dict_keys(['dataset_consumes_1_and_2', 'dataset_produces_2', 'dataset_consumes_unknown_never_scheduled', 'dataset_produces_1', 'dataset_consumes_1', 'dataset_consumes_1_never_scheduled']) retrieved from /home/hasyidan/venv/lib/python3.8/site-packages/airflow/example_dags/example_datasets.py
[2024-10-10T11:58:30.797+0700] {logging_mixin.py:149} INFO - [2024-10-10T11:58:30.796+0700] {dag.py:2726} INFO - Sync 6 DAGs
[2024-10-10T11:58:31.185+0700] {logging_mixin.py:149} INFO - [2024-10-10T11:58:31.185+0700] {dag.py:3486} INFO - Setting next_dagrun for dataset_consumes_1 to None, run_after=None
[2024-10-10T11:58:31.192+0700] {logging_mixin.py:149} INFO - [2024-10-10T11:58:31.191+0700] {dag.py:3486} INFO - Setting next_dagrun for dataset_consumes_1_and_2 to None, run_after=None
[2024-10-10T11:58:31.194+0700] {logging_mixin.py:149} INFO - [2024-10-10T11:58:31.194+0700] {dag.py:3486} INFO - Setting next_dagrun for dataset_consumes_1_never_scheduled to None, run_after=None
[2024-10-10T11:58:31.196+0700] {logging_mixin.py:149} INFO - [2024-10-10T11:58:31.196+0700] {dag.py:3486} INFO - Setting next_dagrun for dataset_consumes_unknown_never_scheduled to None, run_after=None
[2024-10-10T11:58:31.202+0700] {logging_mixin.py:149} INFO - [2024-10-10T11:58:31.202+0700] {dag.py:3486} INFO - Setting next_dagrun for dataset_produces_1 to 2024-10-09T00:00:00+00:00, run_after=2024-10-10T00:00:00+00:00
[2024-10-10T11:58:31.205+0700] {logging_mixin.py:149} INFO - [2024-10-10T11:58:31.204+0700] {dag.py:3486} INFO - Setting next_dagrun for dataset_produces_2 to None, run_after=None
[2024-10-10T11:58:31.551+0700] {processor.py:179} INFO - Processing /home/hasyidan/venv/lib/python3.8/site-packages/airflow/example_dags/example_datasets.py took 0.897 seconds
[2024-10-10T11:59:40.703+0700] {processor.py:157} INFO - Started process (PID=3767) to work on /home/hasyidan/venv/lib/python3.8/site-packages/airflow/example_dags/example_datasets.py
[2024-10-10T11:59:40.722+0700] {processor.py:826} INFO - Processing file /home/hasyidan/venv/lib/python3.8/site-packages/airflow/example_dags/example_datasets.py for tasks to queue
[2024-10-10T11:59:40.725+0700] {logging_mixin.py:149} INFO - [2024-10-10T11:59:40.724+0700] {dagbag.py:541} INFO - Filling up the DagBag from /home/hasyidan/venv/lib/python3.8/site-packages/airflow/example_dags/example_datasets.py
[2024-10-10T11:59:40.748+0700] {processor.py:836} INFO - DAG(s) dict_keys(['dataset_consumes_1', 'dataset_consumes_1_never_scheduled', 'dataset_produces_1', 'dataset_produces_2', 'dataset_consumes_unknown_never_scheduled', 'dataset_consumes_1_and_2']) retrieved from /home/hasyidan/venv/lib/python3.8/site-packages/airflow/example_dags/example_datasets.py
[2024-10-10T11:59:40.816+0700] {logging_mixin.py:149} INFO - [2024-10-10T11:59:40.816+0700] {dag.py:2726} INFO - Sync 6 DAGs
[2024-10-10T11:59:40.863+0700] {logging_mixin.py:149} INFO - [2024-10-10T11:59:40.863+0700] {dag.py:3486} INFO - Setting next_dagrun for dataset_consumes_1 to None, run_after=None
[2024-10-10T11:59:40.870+0700] {logging_mixin.py:149} INFO - [2024-10-10T11:59:40.869+0700] {dag.py:3486} INFO - Setting next_dagrun for dataset_consumes_1_and_2 to None, run_after=None
[2024-10-10T11:59:40.872+0700] {logging_mixin.py:149} INFO - [2024-10-10T11:59:40.872+0700] {dag.py:3486} INFO - Setting next_dagrun for dataset_consumes_1_never_scheduled to None, run_after=None
[2024-10-10T11:59:40.875+0700] {logging_mixin.py:149} INFO - [2024-10-10T11:59:40.874+0700] {dag.py:3486} INFO - Setting next_dagrun for dataset_consumes_unknown_never_scheduled to None, run_after=None
[2024-10-10T11:59:40.880+0700] {logging_mixin.py:149} INFO - [2024-10-10T11:59:40.880+0700] {dag.py:3486} INFO - Setting next_dagrun for dataset_produces_1 to 2024-10-09T00:00:00+00:00, run_after=2024-10-10T00:00:00+00:00
[2024-10-10T11:59:40.883+0700] {logging_mixin.py:149} INFO - [2024-10-10T11:59:40.882+0700] {dag.py:3486} INFO - Setting next_dagrun for dataset_produces_2 to None, run_after=None
[2024-10-10T11:59:41.037+0700] {processor.py:179} INFO - Processing /home/hasyidan/venv/lib/python3.8/site-packages/airflow/example_dags/example_datasets.py took 0.341 seconds
[2024-10-10T12:00:37.840+0700] {processor.py:157} INFO - Started process (PID=3827) to work on /home/hasyidan/venv/lib/python3.8/site-packages/airflow/example_dags/example_datasets.py
[2024-10-10T12:00:37.868+0700] {processor.py:826} INFO - Processing file /home/hasyidan/venv/lib/python3.8/site-packages/airflow/example_dags/example_datasets.py for tasks to queue
[2024-10-10T12:00:37.871+0700] {logging_mixin.py:149} INFO - [2024-10-10T12:00:37.870+0700] {dagbag.py:541} INFO - Filling up the DagBag from /home/hasyidan/venv/lib/python3.8/site-packages/airflow/example_dags/example_datasets.py
[2024-10-10T12:00:37.893+0700] {processor.py:836} INFO - DAG(s) dict_keys(['dataset_consumes_1_and_2', 'dataset_consumes_unknown_never_scheduled', 'dataset_produces_2', 'dataset_consumes_1_never_scheduled', 'dataset_consumes_1', 'dataset_produces_1']) retrieved from /home/hasyidan/venv/lib/python3.8/site-packages/airflow/example_dags/example_datasets.py
[2024-10-10T12:00:37.961+0700] {logging_mixin.py:149} INFO - [2024-10-10T12:00:37.960+0700] {dag.py:2726} INFO - Sync 6 DAGs
[2024-10-10T12:00:38.004+0700] {logging_mixin.py:149} INFO - [2024-10-10T12:00:38.004+0700] {dag.py:3486} INFO - Setting next_dagrun for dataset_consumes_1 to None, run_after=None
[2024-10-10T12:00:38.011+0700] {logging_mixin.py:149} INFO - [2024-10-10T12:00:38.010+0700] {dag.py:3486} INFO - Setting next_dagrun for dataset_consumes_1_and_2 to None, run_after=None
[2024-10-10T12:00:38.013+0700] {logging_mixin.py:149} INFO - [2024-10-10T12:00:38.013+0700] {dag.py:3486} INFO - Setting next_dagrun for dataset_consumes_1_never_scheduled to None, run_after=None
[2024-10-10T12:00:38.015+0700] {logging_mixin.py:149} INFO - [2024-10-10T12:00:38.015+0700] {dag.py:3486} INFO - Setting next_dagrun for dataset_consumes_unknown_never_scheduled to None, run_after=None
[2024-10-10T12:00:38.021+0700] {logging_mixin.py:149} INFO - [2024-10-10T12:00:38.021+0700] {dag.py:3486} INFO - Setting next_dagrun for dataset_produces_1 to 2024-10-09T00:00:00+00:00, run_after=2024-10-10T00:00:00+00:00
[2024-10-10T12:00:38.024+0700] {logging_mixin.py:149} INFO - [2024-10-10T12:00:38.023+0700] {dag.py:3486} INFO - Setting next_dagrun for dataset_produces_2 to None, run_after=None
[2024-10-10T12:00:38.161+0700] {processor.py:179} INFO - Processing /home/hasyidan/venv/lib/python3.8/site-packages/airflow/example_dags/example_datasets.py took 0.327 seconds
[2024-10-10T12:01:54.768+0700] {processor.py:157} INFO - Started process (PID=3909) to work on /home/hasyidan/venv/lib/python3.8/site-packages/airflow/example_dags/example_datasets.py
[2024-10-10T12:01:54.788+0700] {processor.py:826} INFO - Processing file /home/hasyidan/venv/lib/python3.8/site-packages/airflow/example_dags/example_datasets.py for tasks to queue
[2024-10-10T12:01:54.791+0700] {logging_mixin.py:149} INFO - [2024-10-10T12:01:54.791+0700] {dagbag.py:541} INFO - Filling up the DagBag from /home/hasyidan/venv/lib/python3.8/site-packages/airflow/example_dags/example_datasets.py
[2024-10-10T12:01:54.814+0700] {processor.py:836} INFO - DAG(s) dict_keys(['dataset_produces_2', 'dataset_consumes_1_and_2', 'dataset_consumes_unknown_never_scheduled', 'dataset_produces_1', 'dataset_consumes_1_never_scheduled', 'dataset_consumes_1']) retrieved from /home/hasyidan/venv/lib/python3.8/site-packages/airflow/example_dags/example_datasets.py
[2024-10-10T12:01:54.880+0700] {logging_mixin.py:149} INFO - [2024-10-10T12:01:54.880+0700] {dag.py:2726} INFO - Sync 6 DAGs
[2024-10-10T12:01:54.927+0700] {logging_mixin.py:149} INFO - [2024-10-10T12:01:54.926+0700] {dag.py:3486} INFO - Setting next_dagrun for dataset_consumes_1 to None, run_after=None
[2024-10-10T12:01:54.933+0700] {logging_mixin.py:149} INFO - [2024-10-10T12:01:54.933+0700] {dag.py:3486} INFO - Setting next_dagrun for dataset_consumes_1_and_2 to None, run_after=None
[2024-10-10T12:01:54.936+0700] {logging_mixin.py:149} INFO - [2024-10-10T12:01:54.935+0700] {dag.py:3486} INFO - Setting next_dagrun for dataset_consumes_1_never_scheduled to None, run_after=None
[2024-10-10T12:01:54.938+0700] {logging_mixin.py:149} INFO - [2024-10-10T12:01:54.938+0700] {dag.py:3486} INFO - Setting next_dagrun for dataset_consumes_unknown_never_scheduled to None, run_after=None
[2024-10-10T12:01:54.943+0700] {logging_mixin.py:149} INFO - [2024-10-10T12:01:54.943+0700] {dag.py:3486} INFO - Setting next_dagrun for dataset_produces_1 to 2024-10-09T00:00:00+00:00, run_after=2024-10-10T00:00:00+00:00
[2024-10-10T12:01:54.946+0700] {logging_mixin.py:149} INFO - [2024-10-10T12:01:54.945+0700] {dag.py:3486} INFO - Setting next_dagrun for dataset_produces_2 to None, run_after=None
[2024-10-10T12:01:55.087+0700] {processor.py:179} INFO - Processing /home/hasyidan/venv/lib/python3.8/site-packages/airflow/example_dags/example_datasets.py took 0.325 seconds
[2024-10-10T12:03:09.523+0700] {processor.py:157} INFO - Started process (PID=3993) to work on /home/hasyidan/venv/lib/python3.8/site-packages/airflow/example_dags/example_datasets.py
[2024-10-10T12:03:09.534+0700] {processor.py:826} INFO - Processing file /home/hasyidan/venv/lib/python3.8/site-packages/airflow/example_dags/example_datasets.py for tasks to queue
[2024-10-10T12:03:09.536+0700] {logging_mixin.py:149} INFO - [2024-10-10T12:03:09.536+0700] {dagbag.py:541} INFO - Filling up the DagBag from /home/hasyidan/venv/lib/python3.8/site-packages/airflow/example_dags/example_datasets.py
[2024-10-10T12:03:09.558+0700] {processor.py:836} INFO - DAG(s) dict_keys(['dataset_produces_2', 'dataset_produces_1', 'dataset_consumes_1', 'dataset_consumes_1_never_scheduled', 'dataset_consumes_1_and_2', 'dataset_consumes_unknown_never_scheduled']) retrieved from /home/hasyidan/venv/lib/python3.8/site-packages/airflow/example_dags/example_datasets.py
[2024-10-10T12:03:09.627+0700] {logging_mixin.py:149} INFO - [2024-10-10T12:03:09.626+0700] {dag.py:2726} INFO - Sync 6 DAGs
[2024-10-10T12:03:09.673+0700] {logging_mixin.py:149} INFO - [2024-10-10T12:03:09.673+0700] {dag.py:3486} INFO - Setting next_dagrun for dataset_consumes_1 to None, run_after=None
[2024-10-10T12:03:09.680+0700] {logging_mixin.py:149} INFO - [2024-10-10T12:03:09.680+0700] {dag.py:3486} INFO - Setting next_dagrun for dataset_consumes_1_and_2 to None, run_after=None
[2024-10-10T12:03:09.683+0700] {logging_mixin.py:149} INFO - [2024-10-10T12:03:09.682+0700] {dag.py:3486} INFO - Setting next_dagrun for dataset_consumes_1_never_scheduled to None, run_after=None
[2024-10-10T12:03:09.685+0700] {logging_mixin.py:149} INFO - [2024-10-10T12:03:09.685+0700] {dag.py:3486} INFO - Setting next_dagrun for dataset_consumes_unknown_never_scheduled to None, run_after=None
[2024-10-10T12:03:09.691+0700] {logging_mixin.py:149} INFO - [2024-10-10T12:03:09.691+0700] {dag.py:3486} INFO - Setting next_dagrun for dataset_produces_1 to 2024-10-09T00:00:00+00:00, run_after=2024-10-10T00:00:00+00:00
[2024-10-10T12:03:09.693+0700] {logging_mixin.py:149} INFO - [2024-10-10T12:03:09.693+0700] {dag.py:3486} INFO - Setting next_dagrun for dataset_produces_2 to None, run_after=None
[2024-10-10T12:03:09.835+0700] {processor.py:179} INFO - Processing /home/hasyidan/venv/lib/python3.8/site-packages/airflow/example_dags/example_datasets.py took 0.317 seconds
[2024-10-10T12:04:05.221+0700] {processor.py:157} INFO - Started process (PID=4054) to work on /home/hasyidan/venv/lib/python3.8/site-packages/airflow/example_dags/example_datasets.py
[2024-10-10T12:04:05.233+0700] {processor.py:826} INFO - Processing file /home/hasyidan/venv/lib/python3.8/site-packages/airflow/example_dags/example_datasets.py for tasks to queue
[2024-10-10T12:04:05.236+0700] {logging_mixin.py:149} INFO - [2024-10-10T12:04:05.236+0700] {dagbag.py:541} INFO - Filling up the DagBag from /home/hasyidan/venv/lib/python3.8/site-packages/airflow/example_dags/example_datasets.py
[2024-10-10T12:04:05.260+0700] {processor.py:836} INFO - DAG(s) dict_keys(['dataset_produces_1', 'dataset_consumes_1_and_2', 'dataset_consumes_1_never_scheduled', 'dataset_consumes_unknown_never_scheduled', 'dataset_consumes_1', 'dataset_produces_2']) retrieved from /home/hasyidan/venv/lib/python3.8/site-packages/airflow/example_dags/example_datasets.py
[2024-10-10T12:04:05.328+0700] {logging_mixin.py:149} INFO - [2024-10-10T12:04:05.327+0700] {dag.py:2726} INFO - Sync 6 DAGs
[2024-10-10T12:04:05.372+0700] {logging_mixin.py:149} INFO - [2024-10-10T12:04:05.372+0700] {dag.py:3486} INFO - Setting next_dagrun for dataset_consumes_1 to None, run_after=None
[2024-10-10T12:04:05.379+0700] {logging_mixin.py:149} INFO - [2024-10-10T12:04:05.378+0700] {dag.py:3486} INFO - Setting next_dagrun for dataset_consumes_1_and_2 to None, run_after=None
[2024-10-10T12:04:05.381+0700] {logging_mixin.py:149} INFO - [2024-10-10T12:04:05.381+0700] {dag.py:3486} INFO - Setting next_dagrun for dataset_consumes_1_never_scheduled to None, run_after=None
[2024-10-10T12:04:05.383+0700] {logging_mixin.py:149} INFO - [2024-10-10T12:04:05.383+0700] {dag.py:3486} INFO - Setting next_dagrun for dataset_consumes_unknown_never_scheduled to None, run_after=None
[2024-10-10T12:04:05.389+0700] {logging_mixin.py:149} INFO - [2024-10-10T12:04:05.389+0700] {dag.py:3486} INFO - Setting next_dagrun for dataset_produces_1 to 2024-10-09T00:00:00+00:00, run_after=2024-10-10T00:00:00+00:00
[2024-10-10T12:04:05.391+0700] {logging_mixin.py:149} INFO - [2024-10-10T12:04:05.391+0700] {dag.py:3486} INFO - Setting next_dagrun for dataset_produces_2 to None, run_after=None
[2024-10-10T12:04:05.523+0700] {processor.py:179} INFO - Processing /home/hasyidan/venv/lib/python3.8/site-packages/airflow/example_dags/example_datasets.py took 0.309 seconds
[2024-10-10T12:05:25.502+0700] {processor.py:157} INFO - Started process (PID=4196) to work on /home/hasyidan/venv/lib/python3.8/site-packages/airflow/example_dags/example_datasets.py
[2024-10-10T12:05:25.526+0700] {processor.py:826} INFO - Processing file /home/hasyidan/venv/lib/python3.8/site-packages/airflow/example_dags/example_datasets.py for tasks to queue
[2024-10-10T12:05:25.527+0700] {logging_mixin.py:149} INFO - [2024-10-10T12:05:25.527+0700] {dagbag.py:541} INFO - Filling up the DagBag from /home/hasyidan/venv/lib/python3.8/site-packages/airflow/example_dags/example_datasets.py
[2024-10-10T12:05:25.546+0700] {processor.py:836} INFO - DAG(s) dict_keys(['dataset_produces_2', 'dataset_consumes_1', 'dataset_consumes_unknown_never_scheduled', 'dataset_consumes_1_never_scheduled', 'dataset_produces_1', 'dataset_consumes_1_and_2']) retrieved from /home/hasyidan/venv/lib/python3.8/site-packages/airflow/example_dags/example_datasets.py
[2024-10-10T12:05:25.612+0700] {logging_mixin.py:149} INFO - [2024-10-10T12:05:25.612+0700] {dag.py:2726} INFO - Sync 6 DAGs
[2024-10-10T12:05:25.658+0700] {logging_mixin.py:149} INFO - [2024-10-10T12:05:25.658+0700] {dag.py:3486} INFO - Setting next_dagrun for dataset_consumes_1 to None, run_after=None
[2024-10-10T12:05:25.665+0700] {logging_mixin.py:149} INFO - [2024-10-10T12:05:25.665+0700] {dag.py:3486} INFO - Setting next_dagrun for dataset_consumes_1_and_2 to None, run_after=None
[2024-10-10T12:05:25.668+0700] {logging_mixin.py:149} INFO - [2024-10-10T12:05:25.667+0700] {dag.py:3486} INFO - Setting next_dagrun for dataset_consumes_1_never_scheduled to None, run_after=None
[2024-10-10T12:05:25.670+0700] {logging_mixin.py:149} INFO - [2024-10-10T12:05:25.670+0700] {dag.py:3486} INFO - Setting next_dagrun for dataset_consumes_unknown_never_scheduled to None, run_after=None
[2024-10-10T12:05:25.675+0700] {logging_mixin.py:149} INFO - [2024-10-10T12:05:25.675+0700] {dag.py:3486} INFO - Setting next_dagrun for dataset_produces_1 to 2024-10-09T00:00:00+00:00, run_after=2024-10-10T00:00:00+00:00
[2024-10-10T12:05:25.678+0700] {logging_mixin.py:149} INFO - [2024-10-10T12:05:25.677+0700] {dag.py:3486} INFO - Setting next_dagrun for dataset_produces_2 to None, run_after=None
[2024-10-10T12:05:25.856+0700] {processor.py:179} INFO - Processing /home/hasyidan/venv/lib/python3.8/site-packages/airflow/example_dags/example_datasets.py took 0.361 seconds
[2024-10-10T12:06:20.585+0700] {processor.py:157} INFO - Started process (PID=4256) to work on /home/hasyidan/venv/lib/python3.8/site-packages/airflow/example_dags/example_datasets.py
[2024-10-10T12:06:20.605+0700] {processor.py:826} INFO - Processing file /home/hasyidan/venv/lib/python3.8/site-packages/airflow/example_dags/example_datasets.py for tasks to queue
[2024-10-10T12:06:20.607+0700] {logging_mixin.py:149} INFO - [2024-10-10T12:06:20.607+0700] {dagbag.py:541} INFO - Filling up the DagBag from /home/hasyidan/venv/lib/python3.8/site-packages/airflow/example_dags/example_datasets.py
[2024-10-10T12:06:20.628+0700] {processor.py:836} INFO - DAG(s) dict_keys(['dataset_consumes_1_never_scheduled', 'dataset_produces_2', 'dataset_consumes_unknown_never_scheduled', 'dataset_consumes_1_and_2', 'dataset_consumes_1', 'dataset_produces_1']) retrieved from /home/hasyidan/venv/lib/python3.8/site-packages/airflow/example_dags/example_datasets.py
[2024-10-10T12:06:20.694+0700] {logging_mixin.py:149} INFO - [2024-10-10T12:06:20.693+0700] {dag.py:2726} INFO - Sync 6 DAGs
[2024-10-10T12:06:20.738+0700] {logging_mixin.py:149} INFO - [2024-10-10T12:06:20.738+0700] {dag.py:3486} INFO - Setting next_dagrun for dataset_consumes_1 to None, run_after=None
[2024-10-10T12:06:20.744+0700] {logging_mixin.py:149} INFO - [2024-10-10T12:06:20.744+0700] {dag.py:3486} INFO - Setting next_dagrun for dataset_consumes_1_and_2 to None, run_after=None
[2024-10-10T12:06:20.747+0700] {logging_mixin.py:149} INFO - [2024-10-10T12:06:20.746+0700] {dag.py:3486} INFO - Setting next_dagrun for dataset_consumes_1_never_scheduled to None, run_after=None
[2024-10-10T12:06:20.749+0700] {logging_mixin.py:149} INFO - [2024-10-10T12:06:20.749+0700] {dag.py:3486} INFO - Setting next_dagrun for dataset_consumes_unknown_never_scheduled to None, run_after=None
[2024-10-10T12:06:20.755+0700] {logging_mixin.py:149} INFO - [2024-10-10T12:06:20.754+0700] {dag.py:3486} INFO - Setting next_dagrun for dataset_produces_1 to 2024-10-09T00:00:00+00:00, run_after=2024-10-10T00:00:00+00:00
[2024-10-10T12:06:20.757+0700] {logging_mixin.py:149} INFO - [2024-10-10T12:06:20.757+0700] {dag.py:3486} INFO - Setting next_dagrun for dataset_produces_2 to None, run_after=None
[2024-10-10T12:06:20.933+0700] {processor.py:179} INFO - Processing /home/hasyidan/venv/lib/python3.8/site-packages/airflow/example_dags/example_datasets.py took 0.355 seconds
[2024-10-10T12:07:16.043+0700] {processor.py:157} INFO - Started process (PID=4316) to work on /home/hasyidan/venv/lib/python3.8/site-packages/airflow/example_dags/example_datasets.py
[2024-10-10T12:07:16.125+0700] {processor.py:826} INFO - Processing file /home/hasyidan/venv/lib/python3.8/site-packages/airflow/example_dags/example_datasets.py for tasks to queue
[2024-10-10T12:07:16.128+0700] {logging_mixin.py:149} INFO - [2024-10-10T12:07:16.128+0700] {dagbag.py:541} INFO - Filling up the DagBag from /home/hasyidan/venv/lib/python3.8/site-packages/airflow/example_dags/example_datasets.py
[2024-10-10T12:07:16.149+0700] {processor.py:836} INFO - DAG(s) dict_keys(['dataset_consumes_1_never_scheduled', 'dataset_consumes_1_and_2', 'dataset_produces_2', 'dataset_consumes_unknown_never_scheduled', 'dataset_produces_1', 'dataset_consumes_1']) retrieved from /home/hasyidan/venv/lib/python3.8/site-packages/airflow/example_dags/example_datasets.py
[2024-10-10T12:07:16.221+0700] {logging_mixin.py:149} INFO - [2024-10-10T12:07:16.220+0700] {dag.py:2726} INFO - Sync 6 DAGs
[2024-10-10T12:07:16.267+0700] {logging_mixin.py:149} INFO - [2024-10-10T12:07:16.266+0700] {dag.py:3486} INFO - Setting next_dagrun for dataset_consumes_1 to None, run_after=None
[2024-10-10T12:07:16.273+0700] {logging_mixin.py:149} INFO - [2024-10-10T12:07:16.273+0700] {dag.py:3486} INFO - Setting next_dagrun for dataset_consumes_1_and_2 to None, run_after=None
[2024-10-10T12:07:16.276+0700] {logging_mixin.py:149} INFO - [2024-10-10T12:07:16.276+0700] {dag.py:3486} INFO - Setting next_dagrun for dataset_consumes_1_never_scheduled to None, run_after=None
[2024-10-10T12:07:16.278+0700] {logging_mixin.py:149} INFO - [2024-10-10T12:07:16.278+0700] {dag.py:3486} INFO - Setting next_dagrun for dataset_consumes_unknown_never_scheduled to None, run_after=None
[2024-10-10T12:07:16.284+0700] {logging_mixin.py:149} INFO - [2024-10-10T12:07:16.284+0700] {dag.py:3486} INFO - Setting next_dagrun for dataset_produces_1 to 2024-10-09T00:00:00+00:00, run_after=2024-10-10T00:00:00+00:00
[2024-10-10T12:07:16.286+0700] {logging_mixin.py:149} INFO - [2024-10-10T12:07:16.286+0700] {dag.py:3486} INFO - Setting next_dagrun for dataset_produces_2 to None, run_after=None
[2024-10-10T12:07:16.467+0700] {processor.py:179} INFO - Processing /home/hasyidan/venv/lib/python3.8/site-packages/airflow/example_dags/example_datasets.py took 0.431 seconds
[2024-10-10T12:08:14.481+0700] {processor.py:157} INFO - Started process (PID=4382) to work on /home/hasyidan/venv/lib/python3.8/site-packages/airflow/example_dags/example_datasets.py
[2024-10-10T12:08:14.511+0700] {processor.py:826} INFO - Processing file /home/hasyidan/venv/lib/python3.8/site-packages/airflow/example_dags/example_datasets.py for tasks to queue
[2024-10-10T12:08:14.513+0700] {logging_mixin.py:149} INFO - [2024-10-10T12:08:14.513+0700] {dagbag.py:541} INFO - Filling up the DagBag from /home/hasyidan/venv/lib/python3.8/site-packages/airflow/example_dags/example_datasets.py
[2024-10-10T12:08:14.542+0700] {processor.py:836} INFO - DAG(s) dict_keys(['dataset_consumes_1_and_2', 'dataset_produces_1', 'dataset_consumes_1', 'dataset_produces_2', 'dataset_consumes_1_never_scheduled', 'dataset_consumes_unknown_never_scheduled']) retrieved from /home/hasyidan/venv/lib/python3.8/site-packages/airflow/example_dags/example_datasets.py
[2024-10-10T12:08:14.614+0700] {logging_mixin.py:149} INFO - [2024-10-10T12:08:14.614+0700] {dag.py:2726} INFO - Sync 6 DAGs
[2024-10-10T12:08:14.658+0700] {logging_mixin.py:149} INFO - [2024-10-10T12:08:14.658+0700] {dag.py:3486} INFO - Setting next_dagrun for dataset_consumes_1 to None, run_after=None
[2024-10-10T12:08:14.664+0700] {logging_mixin.py:149} INFO - [2024-10-10T12:08:14.664+0700] {dag.py:3486} INFO - Setting next_dagrun for dataset_consumes_1_and_2 to None, run_after=None
[2024-10-10T12:08:14.667+0700] {logging_mixin.py:149} INFO - [2024-10-10T12:08:14.666+0700] {dag.py:3486} INFO - Setting next_dagrun for dataset_consumes_1_never_scheduled to None, run_after=None
[2024-10-10T12:08:14.669+0700] {logging_mixin.py:149} INFO - [2024-10-10T12:08:14.669+0700] {dag.py:3486} INFO - Setting next_dagrun for dataset_consumes_unknown_never_scheduled to None, run_after=None
[2024-10-10T12:08:14.675+0700] {logging_mixin.py:149} INFO - [2024-10-10T12:08:14.675+0700] {dag.py:3486} INFO - Setting next_dagrun for dataset_produces_1 to 2024-10-09T00:00:00+00:00, run_after=2024-10-10T00:00:00+00:00
[2024-10-10T12:08:14.677+0700] {logging_mixin.py:149} INFO - [2024-10-10T12:08:14.677+0700] {dag.py:3486} INFO - Setting next_dagrun for dataset_produces_2 to None, run_after=None
[2024-10-10T12:08:14.860+0700] {processor.py:179} INFO - Processing /home/hasyidan/venv/lib/python3.8/site-packages/airflow/example_dags/example_datasets.py took 0.385 seconds
[2024-10-10T12:09:10.875+0700] {processor.py:157} INFO - Started process (PID=4441) to work on /home/hasyidan/venv/lib/python3.8/site-packages/airflow/example_dags/example_datasets.py
[2024-10-10T12:09:10.890+0700] {processor.py:826} INFO - Processing file /home/hasyidan/venv/lib/python3.8/site-packages/airflow/example_dags/example_datasets.py for tasks to queue
[2024-10-10T12:09:10.893+0700] {logging_mixin.py:149} INFO - [2024-10-10T12:09:10.892+0700] {dagbag.py:541} INFO - Filling up the DagBag from /home/hasyidan/venv/lib/python3.8/site-packages/airflow/example_dags/example_datasets.py
[2024-10-10T12:09:10.916+0700] {processor.py:836} INFO - DAG(s) dict_keys(['dataset_consumes_1', 'dataset_consumes_1_and_2', 'dataset_produces_1', 'dataset_produces_2', 'dataset_consumes_unknown_never_scheduled', 'dataset_consumes_1_never_scheduled']) retrieved from /home/hasyidan/venv/lib/python3.8/site-packages/airflow/example_dags/example_datasets.py
[2024-10-10T12:09:10.983+0700] {logging_mixin.py:149} INFO - [2024-10-10T12:09:10.983+0700] {dag.py:2726} INFO - Sync 6 DAGs
[2024-10-10T12:09:11.029+0700] {logging_mixin.py:149} INFO - [2024-10-10T12:09:11.028+0700] {dag.py:3486} INFO - Setting next_dagrun for dataset_consumes_1 to None, run_after=None
[2024-10-10T12:09:11.035+0700] {logging_mixin.py:149} INFO - [2024-10-10T12:09:11.035+0700] {dag.py:3486} INFO - Setting next_dagrun for dataset_consumes_1_and_2 to None, run_after=None
[2024-10-10T12:09:11.037+0700] {logging_mixin.py:149} INFO - [2024-10-10T12:09:11.037+0700] {dag.py:3486} INFO - Setting next_dagrun for dataset_consumes_1_never_scheduled to None, run_after=None
[2024-10-10T12:09:11.040+0700] {logging_mixin.py:149} INFO - [2024-10-10T12:09:11.039+0700] {dag.py:3486} INFO - Setting next_dagrun for dataset_consumes_unknown_never_scheduled to None, run_after=None
[2024-10-10T12:09:11.045+0700] {logging_mixin.py:149} INFO - [2024-10-10T12:09:11.045+0700] {dag.py:3486} INFO - Setting next_dagrun for dataset_produces_1 to 2024-10-09T00:00:00+00:00, run_after=2024-10-10T00:00:00+00:00
[2024-10-10T12:09:11.048+0700] {logging_mixin.py:149} INFO - [2024-10-10T12:09:11.048+0700] {dag.py:3486} INFO - Setting next_dagrun for dataset_produces_2 to None, run_after=None
[2024-10-10T12:09:11.183+0700] {processor.py:179} INFO - Processing /home/hasyidan/venv/lib/python3.8/site-packages/airflow/example_dags/example_datasets.py took 0.315 seconds
[2024-10-10T12:10:28.853+0700] {processor.py:157} INFO - Started process (PID=4522) to work on /home/hasyidan/venv/lib/python3.8/site-packages/airflow/example_dags/example_datasets.py
[2024-10-10T12:10:28.871+0700] {processor.py:826} INFO - Processing file /home/hasyidan/venv/lib/python3.8/site-packages/airflow/example_dags/example_datasets.py for tasks to queue
[2024-10-10T12:10:28.874+0700] {logging_mixin.py:149} INFO - [2024-10-10T12:10:28.873+0700] {dagbag.py:541} INFO - Filling up the DagBag from /home/hasyidan/venv/lib/python3.8/site-packages/airflow/example_dags/example_datasets.py
[2024-10-10T12:10:28.896+0700] {processor.py:836} INFO - DAG(s) dict_keys(['dataset_consumes_1_and_2', 'dataset_produces_1', 'dataset_consumes_1_never_scheduled', 'dataset_consumes_1', 'dataset_consumes_unknown_never_scheduled', 'dataset_produces_2']) retrieved from /home/hasyidan/venv/lib/python3.8/site-packages/airflow/example_dags/example_datasets.py
[2024-10-10T12:10:28.962+0700] {logging_mixin.py:149} INFO - [2024-10-10T12:10:28.961+0700] {dag.py:2726} INFO - Sync 6 DAGs
[2024-10-10T12:10:29.009+0700] {logging_mixin.py:149} INFO - [2024-10-10T12:10:29.009+0700] {dag.py:3486} INFO - Setting next_dagrun for dataset_consumes_1 to None, run_after=None
[2024-10-10T12:10:29.016+0700] {logging_mixin.py:149} INFO - [2024-10-10T12:10:29.016+0700] {dag.py:3486} INFO - Setting next_dagrun for dataset_consumes_1_and_2 to None, run_after=None
[2024-10-10T12:10:29.019+0700] {logging_mixin.py:149} INFO - [2024-10-10T12:10:29.019+0700] {dag.py:3486} INFO - Setting next_dagrun for dataset_consumes_1_never_scheduled to None, run_after=None
[2024-10-10T12:10:29.022+0700] {logging_mixin.py:149} INFO - [2024-10-10T12:10:29.022+0700] {dag.py:3486} INFO - Setting next_dagrun for dataset_consumes_unknown_never_scheduled to None, run_after=None
[2024-10-10T12:10:29.029+0700] {logging_mixin.py:149} INFO - [2024-10-10T12:10:29.028+0700] {dag.py:3486} INFO - Setting next_dagrun for dataset_produces_1 to 2024-10-09T00:00:00+00:00, run_after=2024-10-10T00:00:00+00:00
[2024-10-10T12:10:29.032+0700] {logging_mixin.py:149} INFO - [2024-10-10T12:10:29.031+0700] {dag.py:3486} INFO - Setting next_dagrun for dataset_produces_2 to None, run_after=None
[2024-10-10T12:10:29.186+0700] {processor.py:179} INFO - Processing /home/hasyidan/venv/lib/python3.8/site-packages/airflow/example_dags/example_datasets.py took 0.339 seconds
[2024-10-10T12:11:47.232+0700] {processor.py:157} INFO - Started process (PID=4626) to work on /home/hasyidan/venv/lib/python3.8/site-packages/airflow/example_dags/example_datasets.py
[2024-10-10T12:11:47.262+0700] {processor.py:826} INFO - Processing file /home/hasyidan/venv/lib/python3.8/site-packages/airflow/example_dags/example_datasets.py for tasks to queue
[2024-10-10T12:11:47.264+0700] {logging_mixin.py:149} INFO - [2024-10-10T12:11:47.264+0700] {dagbag.py:541} INFO - Filling up the DagBag from /home/hasyidan/venv/lib/python3.8/site-packages/airflow/example_dags/example_datasets.py
[2024-10-10T12:11:47.293+0700] {processor.py:836} INFO - DAG(s) dict_keys(['dataset_produces_2', 'dataset_consumes_1', 'dataset_produces_1', 'dataset_consumes_1_and_2', 'dataset_consumes_unknown_never_scheduled', 'dataset_consumes_1_never_scheduled']) retrieved from /home/hasyidan/venv/lib/python3.8/site-packages/airflow/example_dags/example_datasets.py
[2024-10-10T12:11:47.360+0700] {logging_mixin.py:149} INFO - [2024-10-10T12:11:47.360+0700] {dag.py:2726} INFO - Sync 6 DAGs
[2024-10-10T12:11:47.412+0700] {logging_mixin.py:149} INFO - [2024-10-10T12:11:47.412+0700] {dag.py:3486} INFO - Setting next_dagrun for dataset_consumes_1 to None, run_after=None
[2024-10-10T12:11:47.418+0700] {logging_mixin.py:149} INFO - [2024-10-10T12:11:47.418+0700] {dag.py:3486} INFO - Setting next_dagrun for dataset_consumes_1_and_2 to None, run_after=None
[2024-10-10T12:11:47.421+0700] {logging_mixin.py:149} INFO - [2024-10-10T12:11:47.420+0700] {dag.py:3486} INFO - Setting next_dagrun for dataset_consumes_1_never_scheduled to None, run_after=None
[2024-10-10T12:11:47.423+0700] {logging_mixin.py:149} INFO - [2024-10-10T12:11:47.423+0700] {dag.py:3486} INFO - Setting next_dagrun for dataset_consumes_unknown_never_scheduled to None, run_after=None
[2024-10-10T12:11:47.429+0700] {logging_mixin.py:149} INFO - [2024-10-10T12:11:47.428+0700] {dag.py:3486} INFO - Setting next_dagrun for dataset_produces_1 to 2024-10-09T00:00:00+00:00, run_after=2024-10-10T00:00:00+00:00
[2024-10-10T12:11:47.431+0700] {logging_mixin.py:149} INFO - [2024-10-10T12:11:47.431+0700] {dag.py:3486} INFO - Setting next_dagrun for dataset_produces_2 to None, run_after=None
[2024-10-10T12:11:47.575+0700] {processor.py:179} INFO - Processing /home/hasyidan/venv/lib/python3.8/site-packages/airflow/example_dags/example_datasets.py took 0.349 seconds
[2024-10-10T12:12:42.072+0700] {processor.py:157} INFO - Started process (PID=4687) to work on /home/hasyidan/venv/lib/python3.8/site-packages/airflow/example_dags/example_datasets.py
[2024-10-10T12:12:42.073+0700] {processor.py:826} INFO - Processing file /home/hasyidan/venv/lib/python3.8/site-packages/airflow/example_dags/example_datasets.py for tasks to queue
[2024-10-10T12:12:42.075+0700] {logging_mixin.py:149} INFO - [2024-10-10T12:12:42.074+0700] {dagbag.py:541} INFO - Filling up the DagBag from /home/hasyidan/venv/lib/python3.8/site-packages/airflow/example_dags/example_datasets.py
[2024-10-10T12:12:42.092+0700] {processor.py:836} INFO - DAG(s) dict_keys(['dataset_consumes_unknown_never_scheduled', 'dataset_consumes_1_and_2', 'dataset_produces_1', 'dataset_consumes_1', 'dataset_consumes_1_never_scheduled', 'dataset_produces_2']) retrieved from /home/hasyidan/venv/lib/python3.8/site-packages/airflow/example_dags/example_datasets.py
[2024-10-10T12:12:42.158+0700] {logging_mixin.py:149} INFO - [2024-10-10T12:12:42.158+0700] {dag.py:2726} INFO - Sync 6 DAGs
[2024-10-10T12:12:42.203+0700] {logging_mixin.py:149} INFO - [2024-10-10T12:12:42.203+0700] {dag.py:3486} INFO - Setting next_dagrun for dataset_consumes_1 to None, run_after=None
[2024-10-10T12:12:42.210+0700] {logging_mixin.py:149} INFO - [2024-10-10T12:12:42.209+0700] {dag.py:3486} INFO - Setting next_dagrun for dataset_consumes_1_and_2 to None, run_after=None
[2024-10-10T12:12:42.212+0700] {logging_mixin.py:149} INFO - [2024-10-10T12:12:42.212+0700] {dag.py:3486} INFO - Setting next_dagrun for dataset_consumes_1_never_scheduled to None, run_after=None
[2024-10-10T12:12:42.214+0700] {logging_mixin.py:149} INFO - [2024-10-10T12:12:42.214+0700] {dag.py:3486} INFO - Setting next_dagrun for dataset_consumes_unknown_never_scheduled to None, run_after=None
[2024-10-10T12:12:42.220+0700] {logging_mixin.py:149} INFO - [2024-10-10T12:12:42.219+0700] {dag.py:3486} INFO - Setting next_dagrun for dataset_produces_1 to 2024-10-09T00:00:00+00:00, run_after=2024-10-10T00:00:00+00:00
[2024-10-10T12:12:42.222+0700] {logging_mixin.py:149} INFO - [2024-10-10T12:12:42.222+0700] {dag.py:3486} INFO - Setting next_dagrun for dataset_produces_2 to None, run_after=None
[2024-10-10T12:12:42.381+0700] {processor.py:179} INFO - Processing /home/hasyidan/venv/lib/python3.8/site-packages/airflow/example_dags/example_datasets.py took 0.314 seconds
[2024-10-10T12:13:55.903+0700] {processor.py:157} INFO - Started process (PID=4772) to work on /home/hasyidan/venv/lib/python3.8/site-packages/airflow/example_dags/example_datasets.py
[2024-10-10T12:13:55.933+0700] {processor.py:826} INFO - Processing file /home/hasyidan/venv/lib/python3.8/site-packages/airflow/example_dags/example_datasets.py for tasks to queue
[2024-10-10T12:13:55.935+0700] {logging_mixin.py:149} INFO - [2024-10-10T12:13:55.934+0700] {dagbag.py:541} INFO - Filling up the DagBag from /home/hasyidan/venv/lib/python3.8/site-packages/airflow/example_dags/example_datasets.py
[2024-10-10T12:13:55.955+0700] {processor.py:836} INFO - DAG(s) dict_keys(['dataset_produces_2', 'dataset_consumes_unknown_never_scheduled', 'dataset_consumes_1_never_scheduled', 'dataset_consumes_1_and_2', 'dataset_produces_1', 'dataset_consumes_1']) retrieved from /home/hasyidan/venv/lib/python3.8/site-packages/airflow/example_dags/example_datasets.py
[2024-10-10T12:13:56.021+0700] {logging_mixin.py:149} INFO - [2024-10-10T12:13:56.021+0700] {dag.py:2726} INFO - Sync 6 DAGs
[2024-10-10T12:13:56.067+0700] {logging_mixin.py:149} INFO - [2024-10-10T12:13:56.067+0700] {dag.py:3486} INFO - Setting next_dagrun for dataset_consumes_1 to None, run_after=None
[2024-10-10T12:13:56.074+0700] {logging_mixin.py:149} INFO - [2024-10-10T12:13:56.073+0700] {dag.py:3486} INFO - Setting next_dagrun for dataset_consumes_1_and_2 to None, run_after=None
[2024-10-10T12:13:56.076+0700] {logging_mixin.py:149} INFO - [2024-10-10T12:13:56.076+0700] {dag.py:3486} INFO - Setting next_dagrun for dataset_consumes_1_never_scheduled to None, run_after=None
[2024-10-10T12:13:56.078+0700] {logging_mixin.py:149} INFO - [2024-10-10T12:13:56.078+0700] {dag.py:3486} INFO - Setting next_dagrun for dataset_consumes_unknown_never_scheduled to None, run_after=None
[2024-10-10T12:13:56.084+0700] {logging_mixin.py:149} INFO - [2024-10-10T12:13:56.083+0700] {dag.py:3486} INFO - Setting next_dagrun for dataset_produces_1 to 2024-10-09T00:00:00+00:00, run_after=2024-10-10T00:00:00+00:00
[2024-10-10T12:13:56.086+0700] {logging_mixin.py:149} INFO - [2024-10-10T12:13:56.086+0700] {dag.py:3486} INFO - Setting next_dagrun for dataset_produces_2 to None, run_after=None
[2024-10-10T12:13:56.226+0700] {processor.py:179} INFO - Processing /home/hasyidan/venv/lib/python3.8/site-packages/airflow/example_dags/example_datasets.py took 0.330 seconds
[2024-10-10T12:15:12.856+0700] {processor.py:157} INFO - Started process (PID=4862) to work on /home/hasyidan/venv/lib/python3.8/site-packages/airflow/example_dags/example_datasets.py
[2024-10-10T12:15:12.885+0700] {processor.py:826} INFO - Processing file /home/hasyidan/venv/lib/python3.8/site-packages/airflow/example_dags/example_datasets.py for tasks to queue
[2024-10-10T12:15:12.887+0700] {logging_mixin.py:149} INFO - [2024-10-10T12:15:12.886+0700] {dagbag.py:541} INFO - Filling up the DagBag from /home/hasyidan/venv/lib/python3.8/site-packages/airflow/example_dags/example_datasets.py
[2024-10-10T12:15:12.907+0700] {processor.py:836} INFO - DAG(s) dict_keys(['dataset_consumes_1_never_scheduled', 'dataset_consumes_unknown_never_scheduled', 'dataset_produces_2', 'dataset_consumes_1', 'dataset_consumes_1_and_2', 'dataset_produces_1']) retrieved from /home/hasyidan/venv/lib/python3.8/site-packages/airflow/example_dags/example_datasets.py
[2024-10-10T12:15:12.973+0700] {logging_mixin.py:149} INFO - [2024-10-10T12:15:12.972+0700] {dag.py:2726} INFO - Sync 6 DAGs
[2024-10-10T12:15:13.016+0700] {logging_mixin.py:149} INFO - [2024-10-10T12:15:13.015+0700] {dag.py:3486} INFO - Setting next_dagrun for dataset_consumes_1 to None, run_after=None
[2024-10-10T12:15:13.022+0700] {logging_mixin.py:149} INFO - [2024-10-10T12:15:13.022+0700] {dag.py:3486} INFO - Setting next_dagrun for dataset_consumes_1_and_2 to None, run_after=None
[2024-10-10T12:15:13.024+0700] {logging_mixin.py:149} INFO - [2024-10-10T12:15:13.024+0700] {dag.py:3486} INFO - Setting next_dagrun for dataset_consumes_1_never_scheduled to None, run_after=None
[2024-10-10T12:15:13.026+0700] {logging_mixin.py:149} INFO - [2024-10-10T12:15:13.026+0700] {dag.py:3486} INFO - Setting next_dagrun for dataset_consumes_unknown_never_scheduled to None, run_after=None
[2024-10-10T12:15:13.032+0700] {logging_mixin.py:149} INFO - [2024-10-10T12:15:13.031+0700] {dag.py:3486} INFO - Setting next_dagrun for dataset_produces_1 to 2024-10-09T00:00:00+00:00, run_after=2024-10-10T00:00:00+00:00
[2024-10-10T12:15:13.034+0700] {logging_mixin.py:149} INFO - [2024-10-10T12:15:13.034+0700] {dag.py:3486} INFO - Setting next_dagrun for dataset_produces_2 to None, run_after=None
[2024-10-10T12:15:13.163+0700] {processor.py:179} INFO - Processing /home/hasyidan/venv/lib/python3.8/site-packages/airflow/example_dags/example_datasets.py took 0.314 seconds
[2024-10-10T12:16:30.721+0700] {processor.py:157} INFO - Started process (PID=4946) to work on /home/hasyidan/venv/lib/python3.8/site-packages/airflow/example_dags/example_datasets.py
[2024-10-10T12:16:30.755+0700] {processor.py:826} INFO - Processing file /home/hasyidan/venv/lib/python3.8/site-packages/airflow/example_dags/example_datasets.py for tasks to queue
[2024-10-10T12:16:30.757+0700] {logging_mixin.py:149} INFO - [2024-10-10T12:16:30.756+0700] {dagbag.py:541} INFO - Filling up the DagBag from /home/hasyidan/venv/lib/python3.8/site-packages/airflow/example_dags/example_datasets.py
[2024-10-10T12:16:30.778+0700] {processor.py:836} INFO - DAG(s) dict_keys(['dataset_consumes_unknown_never_scheduled', 'dataset_consumes_1_and_2', 'dataset_produces_2', 'dataset_consumes_1_never_scheduled', 'dataset_consumes_1', 'dataset_produces_1']) retrieved from /home/hasyidan/venv/lib/python3.8/site-packages/airflow/example_dags/example_datasets.py
[2024-10-10T12:16:30.854+0700] {logging_mixin.py:149} INFO - [2024-10-10T12:16:30.853+0700] {dag.py:2726} INFO - Sync 6 DAGs
[2024-10-10T12:16:30.902+0700] {logging_mixin.py:149} INFO - [2024-10-10T12:16:30.901+0700] {dag.py:3486} INFO - Setting next_dagrun for dataset_consumes_1 to None, run_after=None
[2024-10-10T12:16:30.909+0700] {logging_mixin.py:149} INFO - [2024-10-10T12:16:30.908+0700] {dag.py:3486} INFO - Setting next_dagrun for dataset_consumes_1_and_2 to None, run_after=None
[2024-10-10T12:16:30.911+0700] {logging_mixin.py:149} INFO - [2024-10-10T12:16:30.911+0700] {dag.py:3486} INFO - Setting next_dagrun for dataset_consumes_1_never_scheduled to None, run_after=None
[2024-10-10T12:16:30.914+0700] {logging_mixin.py:149} INFO - [2024-10-10T12:16:30.913+0700] {dag.py:3486} INFO - Setting next_dagrun for dataset_consumes_unknown_never_scheduled to None, run_after=None
[2024-10-10T12:16:30.920+0700] {logging_mixin.py:149} INFO - [2024-10-10T12:16:30.919+0700] {dag.py:3486} INFO - Setting next_dagrun for dataset_produces_1 to 2024-10-09T00:00:00+00:00, run_after=2024-10-10T00:00:00+00:00
[2024-10-10T12:16:30.923+0700] {logging_mixin.py:149} INFO - [2024-10-10T12:16:30.922+0700] {dag.py:3486} INFO - Setting next_dagrun for dataset_produces_2 to None, run_after=None
[2024-10-10T12:16:31.048+0700] {processor.py:179} INFO - Processing /home/hasyidan/venv/lib/python3.8/site-packages/airflow/example_dags/example_datasets.py took 0.333 seconds
[2024-10-10T12:17:27.199+0700] {processor.py:157} INFO - Started process (PID=5017) to work on /home/hasyidan/venv/lib/python3.8/site-packages/airflow/example_dags/example_datasets.py
[2024-10-10T12:17:27.201+0700] {processor.py:826} INFO - Processing file /home/hasyidan/venv/lib/python3.8/site-packages/airflow/example_dags/example_datasets.py for tasks to queue
[2024-10-10T12:17:27.202+0700] {logging_mixin.py:149} INFO - [2024-10-10T12:17:27.202+0700] {dagbag.py:541} INFO - Filling up the DagBag from /home/hasyidan/venv/lib/python3.8/site-packages/airflow/example_dags/example_datasets.py
[2024-10-10T12:17:27.222+0700] {processor.py:836} INFO - DAG(s) dict_keys(['dataset_consumes_1_and_2', 'dataset_consumes_1', 'dataset_produces_2', 'dataset_produces_1', 'dataset_consumes_unknown_never_scheduled', 'dataset_consumes_1_never_scheduled']) retrieved from /home/hasyidan/venv/lib/python3.8/site-packages/airflow/example_dags/example_datasets.py
[2024-10-10T12:17:27.288+0700] {logging_mixin.py:149} INFO - [2024-10-10T12:17:27.287+0700] {dag.py:2726} INFO - Sync 6 DAGs
[2024-10-10T12:17:27.334+0700] {logging_mixin.py:149} INFO - [2024-10-10T12:17:27.334+0700] {dag.py:3486} INFO - Setting next_dagrun for dataset_consumes_1 to None, run_after=None
[2024-10-10T12:17:27.340+0700] {logging_mixin.py:149} INFO - [2024-10-10T12:17:27.340+0700] {dag.py:3486} INFO - Setting next_dagrun for dataset_consumes_1_and_2 to None, run_after=None
[2024-10-10T12:17:27.343+0700] {logging_mixin.py:149} INFO - [2024-10-10T12:17:27.342+0700] {dag.py:3486} INFO - Setting next_dagrun for dataset_consumes_1_never_scheduled to None, run_after=None
[2024-10-10T12:17:27.345+0700] {logging_mixin.py:149} INFO - [2024-10-10T12:17:27.344+0700] {dag.py:3486} INFO - Setting next_dagrun for dataset_consumes_unknown_never_scheduled to None, run_after=None
[2024-10-10T12:17:27.350+0700] {logging_mixin.py:149} INFO - [2024-10-10T12:17:27.350+0700] {dag.py:3486} INFO - Setting next_dagrun for dataset_produces_1 to 2024-10-09T00:00:00+00:00, run_after=2024-10-10T00:00:00+00:00
[2024-10-10T12:17:27.353+0700] {logging_mixin.py:149} INFO - [2024-10-10T12:17:27.352+0700] {dag.py:3486} INFO - Setting next_dagrun for dataset_produces_2 to None, run_after=None
[2024-10-10T12:17:27.531+0700] {processor.py:179} INFO - Processing /home/hasyidan/venv/lib/python3.8/site-packages/airflow/example_dags/example_datasets.py took 0.338 seconds
[2024-10-10T12:18:20.681+0700] {processor.py:157} INFO - Started process (PID=5084) to work on /home/hasyidan/venv/lib/python3.8/site-packages/airflow/example_dags/example_datasets.py
[2024-10-10T12:18:20.683+0700] {processor.py:826} INFO - Processing file /home/hasyidan/venv/lib/python3.8/site-packages/airflow/example_dags/example_datasets.py for tasks to queue
[2024-10-10T12:18:20.685+0700] {logging_mixin.py:149} INFO - [2024-10-10T12:18:20.684+0700] {dagbag.py:541} INFO - Filling up the DagBag from /home/hasyidan/venv/lib/python3.8/site-packages/airflow/example_dags/example_datasets.py
[2024-10-10T12:18:20.702+0700] {processor.py:836} INFO - DAG(s) dict_keys(['dataset_consumes_1', 'dataset_produces_2', 'dataset_consumes_1_never_scheduled', 'dataset_consumes_unknown_never_scheduled', 'dataset_produces_1', 'dataset_consumes_1_and_2']) retrieved from /home/hasyidan/venv/lib/python3.8/site-packages/airflow/example_dags/example_datasets.py
[2024-10-10T12:18:20.768+0700] {logging_mixin.py:149} INFO - [2024-10-10T12:18:20.768+0700] {dag.py:2726} INFO - Sync 6 DAGs
[2024-10-10T12:18:20.811+0700] {logging_mixin.py:149} INFO - [2024-10-10T12:18:20.811+0700] {dag.py:3486} INFO - Setting next_dagrun for dataset_consumes_1 to None, run_after=None
[2024-10-10T12:18:20.817+0700] {logging_mixin.py:149} INFO - [2024-10-10T12:18:20.817+0700] {dag.py:3486} INFO - Setting next_dagrun for dataset_consumes_1_and_2 to None, run_after=None
[2024-10-10T12:18:20.820+0700] {logging_mixin.py:149} INFO - [2024-10-10T12:18:20.819+0700] {dag.py:3486} INFO - Setting next_dagrun for dataset_consumes_1_never_scheduled to None, run_after=None
[2024-10-10T12:18:20.822+0700] {logging_mixin.py:149} INFO - [2024-10-10T12:18:20.821+0700] {dag.py:3486} INFO - Setting next_dagrun for dataset_consumes_unknown_never_scheduled to None, run_after=None
[2024-10-10T12:18:20.827+0700] {logging_mixin.py:149} INFO - [2024-10-10T12:18:20.827+0700] {dag.py:3486} INFO - Setting next_dagrun for dataset_produces_1 to 2024-10-09T00:00:00+00:00, run_after=2024-10-10T00:00:00+00:00
[2024-10-10T12:18:20.830+0700] {logging_mixin.py:149} INFO - [2024-10-10T12:18:20.829+0700] {dag.py:3486} INFO - Setting next_dagrun for dataset_produces_2 to None, run_after=None
[2024-10-10T12:18:21.004+0700] {processor.py:179} INFO - Processing /home/hasyidan/venv/lib/python3.8/site-packages/airflow/example_dags/example_datasets.py took 0.329 seconds
[2024-10-10T12:19:12.387+0700] {processor.py:157} INFO - Started process (PID=5137) to work on /home/hasyidan/venv/lib/python3.8/site-packages/airflow/example_dags/example_datasets.py
[2024-10-10T12:19:12.389+0700] {processor.py:826} INFO - Processing file /home/hasyidan/venv/lib/python3.8/site-packages/airflow/example_dags/example_datasets.py for tasks to queue
[2024-10-10T12:19:12.391+0700] {logging_mixin.py:149} INFO - [2024-10-10T12:19:12.391+0700] {dagbag.py:541} INFO - Filling up the DagBag from /home/hasyidan/venv/lib/python3.8/site-packages/airflow/example_dags/example_datasets.py
[2024-10-10T12:19:12.409+0700] {processor.py:836} INFO - DAG(s) dict_keys(['dataset_produces_2', 'dataset_consumes_1', 'dataset_consumes_unknown_never_scheduled', 'dataset_consumes_1_never_scheduled', 'dataset_consumes_1_and_2', 'dataset_produces_1']) retrieved from /home/hasyidan/venv/lib/python3.8/site-packages/airflow/example_dags/example_datasets.py
[2024-10-10T12:19:12.477+0700] {logging_mixin.py:149} INFO - [2024-10-10T12:19:12.477+0700] {dag.py:2726} INFO - Sync 6 DAGs
[2024-10-10T12:19:12.521+0700] {logging_mixin.py:149} INFO - [2024-10-10T12:19:12.521+0700] {dag.py:3486} INFO - Setting next_dagrun for dataset_consumes_1 to None, run_after=None
[2024-10-10T12:19:12.528+0700] {logging_mixin.py:149} INFO - [2024-10-10T12:19:12.528+0700] {dag.py:3486} INFO - Setting next_dagrun for dataset_consumes_1_and_2 to None, run_after=None
[2024-10-10T12:19:12.530+0700] {logging_mixin.py:149} INFO - [2024-10-10T12:19:12.530+0700] {dag.py:3486} INFO - Setting next_dagrun for dataset_consumes_1_never_scheduled to None, run_after=None
[2024-10-10T12:19:12.532+0700] {logging_mixin.py:149} INFO - [2024-10-10T12:19:12.532+0700] {dag.py:3486} INFO - Setting next_dagrun for dataset_consumes_unknown_never_scheduled to None, run_after=None
[2024-10-10T12:19:12.538+0700] {logging_mixin.py:149} INFO - [2024-10-10T12:19:12.538+0700] {dag.py:3486} INFO - Setting next_dagrun for dataset_produces_1 to 2024-10-09T00:00:00+00:00, run_after=2024-10-10T00:00:00+00:00
[2024-10-10T12:19:12.541+0700] {logging_mixin.py:149} INFO - [2024-10-10T12:19:12.540+0700] {dag.py:3486} INFO - Setting next_dagrun for dataset_produces_2 to None, run_after=None
[2024-10-10T12:19:12.708+0700] {processor.py:179} INFO - Processing /home/hasyidan/venv/lib/python3.8/site-packages/airflow/example_dags/example_datasets.py took 0.327 seconds
[2024-10-10T12:20:08.054+0700] {processor.py:157} INFO - Started process (PID=5199) to work on /home/hasyidan/venv/lib/python3.8/site-packages/airflow/example_dags/example_datasets.py
[2024-10-10T12:20:08.075+0700] {processor.py:826} INFO - Processing file /home/hasyidan/venv/lib/python3.8/site-packages/airflow/example_dags/example_datasets.py for tasks to queue
[2024-10-10T12:20:08.078+0700] {logging_mixin.py:149} INFO - [2024-10-10T12:20:08.077+0700] {dagbag.py:541} INFO - Filling up the DagBag from /home/hasyidan/venv/lib/python3.8/site-packages/airflow/example_dags/example_datasets.py
[2024-10-10T12:20:08.100+0700] {processor.py:836} INFO - DAG(s) dict_keys(['dataset_consumes_1_and_2', 'dataset_consumes_1_never_scheduled', 'dataset_consumes_unknown_never_scheduled', 'dataset_produces_1', 'dataset_consumes_1', 'dataset_produces_2']) retrieved from /home/hasyidan/venv/lib/python3.8/site-packages/airflow/example_dags/example_datasets.py
[2024-10-10T12:20:08.165+0700] {logging_mixin.py:149} INFO - [2024-10-10T12:20:08.165+0700] {dag.py:2726} INFO - Sync 6 DAGs
[2024-10-10T12:20:08.209+0700] {logging_mixin.py:149} INFO - [2024-10-10T12:20:08.209+0700] {dag.py:3486} INFO - Setting next_dagrun for dataset_consumes_1 to None, run_after=None
[2024-10-10T12:20:08.215+0700] {logging_mixin.py:149} INFO - [2024-10-10T12:20:08.215+0700] {dag.py:3486} INFO - Setting next_dagrun for dataset_consumes_1_and_2 to None, run_after=None
[2024-10-10T12:20:08.218+0700] {logging_mixin.py:149} INFO - [2024-10-10T12:20:08.217+0700] {dag.py:3486} INFO - Setting next_dagrun for dataset_consumes_1_never_scheduled to None, run_after=None
[2024-10-10T12:20:08.220+0700] {logging_mixin.py:149} INFO - [2024-10-10T12:20:08.220+0700] {dag.py:3486} INFO - Setting next_dagrun for dataset_consumes_unknown_never_scheduled to None, run_after=None
[2024-10-10T12:20:08.225+0700] {logging_mixin.py:149} INFO - [2024-10-10T12:20:08.225+0700] {dag.py:3486} INFO - Setting next_dagrun for dataset_produces_1 to 2024-10-09T00:00:00+00:00, run_after=2024-10-10T00:00:00+00:00
[2024-10-10T12:20:08.232+0700] {logging_mixin.py:149} INFO - [2024-10-10T12:20:08.232+0700] {dag.py:3486} INFO - Setting next_dagrun for dataset_produces_2 to None, run_after=None
[2024-10-10T12:20:08.570+0700] {processor.py:179} INFO - Processing /home/hasyidan/venv/lib/python3.8/site-packages/airflow/example_dags/example_datasets.py took 0.522 seconds
[2024-10-10T12:21:03.652+0700] {processor.py:157} INFO - Started process (PID=5270) to work on /home/hasyidan/venv/lib/python3.8/site-packages/airflow/example_dags/example_datasets.py
[2024-10-10T12:21:03.670+0700] {processor.py:826} INFO - Processing file /home/hasyidan/venv/lib/python3.8/site-packages/airflow/example_dags/example_datasets.py for tasks to queue
[2024-10-10T12:21:03.673+0700] {logging_mixin.py:149} INFO - [2024-10-10T12:21:03.672+0700] {dagbag.py:541} INFO - Filling up the DagBag from /home/hasyidan/venv/lib/python3.8/site-packages/airflow/example_dags/example_datasets.py
[2024-10-10T12:21:03.695+0700] {processor.py:836} INFO - DAG(s) dict_keys(['dataset_produces_1', 'dataset_consumes_1_never_scheduled', 'dataset_consumes_1_and_2', 'dataset_consumes_1', 'dataset_consumes_unknown_never_scheduled', 'dataset_produces_2']) retrieved from /home/hasyidan/venv/lib/python3.8/site-packages/airflow/example_dags/example_datasets.py
[2024-10-10T12:21:03.767+0700] {logging_mixin.py:149} INFO - [2024-10-10T12:21:03.767+0700] {dag.py:2726} INFO - Sync 6 DAGs
[2024-10-10T12:21:03.814+0700] {logging_mixin.py:149} INFO - [2024-10-10T12:21:03.813+0700] {dag.py:3486} INFO - Setting next_dagrun for dataset_consumes_1 to None, run_after=None
[2024-10-10T12:21:03.820+0700] {logging_mixin.py:149} INFO - [2024-10-10T12:21:03.820+0700] {dag.py:3486} INFO - Setting next_dagrun for dataset_consumes_1_and_2 to None, run_after=None
[2024-10-10T12:21:03.822+0700] {logging_mixin.py:149} INFO - [2024-10-10T12:21:03.822+0700] {dag.py:3486} INFO - Setting next_dagrun for dataset_consumes_1_never_scheduled to None, run_after=None
[2024-10-10T12:21:03.825+0700] {logging_mixin.py:149} INFO - [2024-10-10T12:21:03.824+0700] {dag.py:3486} INFO - Setting next_dagrun for dataset_consumes_unknown_never_scheduled to None, run_after=None
[2024-10-10T12:21:03.831+0700] {logging_mixin.py:149} INFO - [2024-10-10T12:21:03.830+0700] {dag.py:3486} INFO - Setting next_dagrun for dataset_produces_1 to 2024-10-09T00:00:00+00:00, run_after=2024-10-10T00:00:00+00:00
[2024-10-10T12:21:03.833+0700] {logging_mixin.py:149} INFO - [2024-10-10T12:21:03.833+0700] {dag.py:3486} INFO - Setting next_dagrun for dataset_produces_2 to None, run_after=None
[2024-10-10T12:21:03.987+0700] {processor.py:179} INFO - Processing /home/hasyidan/venv/lib/python3.8/site-packages/airflow/example_dags/example_datasets.py took 0.341 seconds
[2024-10-10T13:22:39.442+0700] {processor.py:157} INFO - Started process (PID=2382) to work on /home/hasyidan/venv/lib/python3.8/site-packages/airflow/example_dags/example_datasets.py
[2024-10-10T13:22:39.464+0700] {processor.py:826} INFO - Processing file /home/hasyidan/venv/lib/python3.8/site-packages/airflow/example_dags/example_datasets.py for tasks to queue
[2024-10-10T13:22:39.466+0700] {logging_mixin.py:149} INFO - [2024-10-10T13:22:39.465+0700] {dagbag.py:541} INFO - Filling up the DagBag from /home/hasyidan/venv/lib/python3.8/site-packages/airflow/example_dags/example_datasets.py
[2024-10-10T13:22:39.572+0700] {processor.py:836} INFO - DAG(s) dict_keys(['dataset_produces_2', 'dataset_consumes_1_and_2', 'dataset_consumes_1', 'dataset_consumes_unknown_never_scheduled', 'dataset_produces_1', 'dataset_consumes_1_never_scheduled']) retrieved from /home/hasyidan/venv/lib/python3.8/site-packages/airflow/example_dags/example_datasets.py
[2024-10-10T13:22:40.085+0700] {logging_mixin.py:149} INFO - [2024-10-10T13:22:40.084+0700] {dag.py:2726} INFO - Sync 6 DAGs
[2024-10-10T13:22:40.144+0700] {logging_mixin.py:149} INFO - [2024-10-10T13:22:40.143+0700] {dag.py:3486} INFO - Setting next_dagrun for dataset_consumes_1 to None, run_after=None
[2024-10-10T13:22:40.161+0700] {logging_mixin.py:149} INFO - [2024-10-10T13:22:40.160+0700] {dag.py:3486} INFO - Setting next_dagrun for dataset_consumes_1_and_2 to None, run_after=None
[2024-10-10T13:22:40.164+0700] {logging_mixin.py:149} INFO - [2024-10-10T13:22:40.164+0700] {dag.py:3486} INFO - Setting next_dagrun for dataset_consumes_1_never_scheduled to None, run_after=None
[2024-10-10T13:22:40.166+0700] {logging_mixin.py:149} INFO - [2024-10-10T13:22:40.166+0700] {dag.py:3486} INFO - Setting next_dagrun for dataset_consumes_unknown_never_scheduled to None, run_after=None
[2024-10-10T13:22:40.189+0700] {logging_mixin.py:149} INFO - [2024-10-10T13:22:40.189+0700] {dag.py:3486} INFO - Setting next_dagrun for dataset_produces_1 to 2024-10-09T00:00:00+00:00, run_after=2024-10-10T00:00:00+00:00
[2024-10-10T13:22:40.193+0700] {logging_mixin.py:149} INFO - [2024-10-10T13:22:40.193+0700] {dag.py:3486} INFO - Setting next_dagrun for dataset_produces_2 to None, run_after=None
[2024-10-10T13:22:40.392+0700] {processor.py:179} INFO - Processing /home/hasyidan/venv/lib/python3.8/site-packages/airflow/example_dags/example_datasets.py took 0.960 seconds
[2024-10-10T13:26:35.895+0700] {processor.py:157} INFO - Started process (PID=2652) to work on /home/hasyidan/venv/lib/python3.8/site-packages/airflow/example_dags/example_datasets.py
[2024-10-10T13:26:35.925+0700] {processor.py:826} INFO - Processing file /home/hasyidan/venv/lib/python3.8/site-packages/airflow/example_dags/example_datasets.py for tasks to queue
[2024-10-10T13:26:35.928+0700] {logging_mixin.py:149} INFO - [2024-10-10T13:26:35.927+0700] {dagbag.py:541} INFO - Filling up the DagBag from /home/hasyidan/venv/lib/python3.8/site-packages/airflow/example_dags/example_datasets.py
[2024-10-10T13:26:36.004+0700] {processor.py:836} INFO - DAG(s) dict_keys(['dataset_consumes_1_never_scheduled', 'dataset_produces_1', 'dataset_consumes_1', 'dataset_produces_2', 'dataset_consumes_1_and_2', 'dataset_consumes_unknown_never_scheduled']) retrieved from /home/hasyidan/venv/lib/python3.8/site-packages/airflow/example_dags/example_datasets.py
[2024-10-10T13:26:36.203+0700] {logging_mixin.py:149} INFO - [2024-10-10T13:26:36.202+0700] {dag.py:2726} INFO - Sync 6 DAGs
[2024-10-10T13:26:36.333+0700] {logging_mixin.py:149} INFO - [2024-10-10T13:26:36.333+0700] {dag.py:3486} INFO - Setting next_dagrun for dataset_consumes_1 to None, run_after=None
[2024-10-10T13:26:36.350+0700] {logging_mixin.py:149} INFO - [2024-10-10T13:26:36.350+0700] {dag.py:3486} INFO - Setting next_dagrun for dataset_consumes_1_and_2 to None, run_after=None
[2024-10-10T13:26:36.353+0700] {logging_mixin.py:149} INFO - [2024-10-10T13:26:36.353+0700] {dag.py:3486} INFO - Setting next_dagrun for dataset_consumes_1_never_scheduled to None, run_after=None
[2024-10-10T13:26:36.361+0700] {logging_mixin.py:149} INFO - [2024-10-10T13:26:36.361+0700] {dag.py:3486} INFO - Setting next_dagrun for dataset_consumes_unknown_never_scheduled to None, run_after=None
[2024-10-10T13:26:36.381+0700] {logging_mixin.py:149} INFO - [2024-10-10T13:26:36.380+0700] {dag.py:3486} INFO - Setting next_dagrun for dataset_produces_1 to 2024-10-09T00:00:00+00:00, run_after=2024-10-10T00:00:00+00:00
[2024-10-10T13:26:36.384+0700] {logging_mixin.py:149} INFO - [2024-10-10T13:26:36.383+0700] {dag.py:3486} INFO - Setting next_dagrun for dataset_produces_2 to None, run_after=None
[2024-10-10T13:26:36.740+0700] {processor.py:179} INFO - Processing /home/hasyidan/venv/lib/python3.8/site-packages/airflow/example_dags/example_datasets.py took 0.858 seconds
