[2024-10-10T11:42:57.126+0700] {processor.py:157} INFO - Started process (PID=2745) to work on /home/hasyidan/venv/lib/python3.8/site-packages/airflow/example_dags/example_params_trigger_ui.py
[2024-10-10T11:42:57.127+0700] {processor.py:826} INFO - Processing file /home/hasyidan/venv/lib/python3.8/site-packages/airflow/example_dags/example_params_trigger_ui.py for tasks to queue
[2024-10-10T11:42:57.129+0700] {logging_mixin.py:149} INFO - [2024-10-10T11:42:57.129+0700] {dagbag.py:541} INFO - Filling up the DagBag from /home/hasyidan/venv/lib/python3.8/site-packages/airflow/example_dags/example_params_trigger_ui.py
[2024-10-10T11:42:57.265+0700] {processor.py:836} INFO - DAG(s) dict_keys(['example_params_trigger_ui']) retrieved from /home/hasyidan/venv/lib/python3.8/site-packages/airflow/example_dags/example_params_trigger_ui.py
[2024-10-10T11:42:57.441+0700] {logging_mixin.py:149} INFO - [2024-10-10T11:42:57.440+0700] {dag.py:2726} INFO - Sync 1 DAGs
[2024-10-10T11:42:57.489+0700] {logging_mixin.py:149} INFO - [2024-10-10T11:42:57.489+0700] {dag.py:3486} INFO - Setting next_dagrun for example_params_trigger_ui to None, run_after=None
[2024-10-10T11:42:57.672+0700] {processor.py:179} INFO - Processing /home/hasyidan/venv/lib/python3.8/site-packages/airflow/example_dags/example_params_trigger_ui.py took 0.553 seconds
[2024-10-10T11:48:22.258+0700] {processor.py:157} INFO - Started process (PID=2896) to work on /home/hasyidan/venv/lib/python3.8/site-packages/airflow/example_dags/example_params_trigger_ui.py
[2024-10-10T11:48:22.279+0700] {processor.py:826} INFO - Processing file /home/hasyidan/venv/lib/python3.8/site-packages/airflow/example_dags/example_params_trigger_ui.py for tasks to queue
[2024-10-10T11:48:22.281+0700] {logging_mixin.py:149} INFO - [2024-10-10T11:48:22.281+0700] {dagbag.py:541} INFO - Filling up the DagBag from /home/hasyidan/venv/lib/python3.8/site-packages/airflow/example_dags/example_params_trigger_ui.py
[2024-10-10T11:48:22.530+0700] {processor.py:836} INFO - DAG(s) dict_keys(['example_params_trigger_ui']) retrieved from /home/hasyidan/venv/lib/python3.8/site-packages/airflow/example_dags/example_params_trigger_ui.py
[2024-10-10T11:48:22.958+0700] {logging_mixin.py:149} INFO - [2024-10-10T11:48:22.958+0700] {dag.py:2726} INFO - Sync 1 DAGs
[2024-10-10T11:48:23.047+0700] {logging_mixin.py:149} INFO - [2024-10-10T11:48:23.046+0700] {dag.py:3486} INFO - Setting next_dagrun for example_params_trigger_ui to None, run_after=None
[2024-10-10T11:48:23.246+0700] {processor.py:179} INFO - Processing /home/hasyidan/venv/lib/python3.8/site-packages/airflow/example_dags/example_params_trigger_ui.py took 0.997 seconds
[2024-10-10T11:49:33.860+0700] {processor.py:157} INFO - Started process (PID=2954) to work on /home/hasyidan/venv/lib/python3.8/site-packages/airflow/example_dags/example_params_trigger_ui.py
[2024-10-10T11:49:34.252+0700] {processor.py:826} INFO - Processing file /home/hasyidan/venv/lib/python3.8/site-packages/airflow/example_dags/example_params_trigger_ui.py for tasks to queue
[2024-10-10T11:49:34.255+0700] {logging_mixin.py:149} INFO - [2024-10-10T11:49:34.254+0700] {dagbag.py:541} INFO - Filling up the DagBag from /home/hasyidan/venv/lib/python3.8/site-packages/airflow/example_dags/example_params_trigger_ui.py
[2024-10-10T11:49:34.302+0700] {processor.py:836} INFO - DAG(s) dict_keys(['example_params_trigger_ui']) retrieved from /home/hasyidan/venv/lib/python3.8/site-packages/airflow/example_dags/example_params_trigger_ui.py
[2024-10-10T11:49:34.729+0700] {logging_mixin.py:149} INFO - [2024-10-10T11:49:34.728+0700] {dag.py:2726} INFO - Sync 1 DAGs
[2024-10-10T11:49:34.773+0700] {logging_mixin.py:149} INFO - [2024-10-10T11:49:34.772+0700] {dag.py:3486} INFO - Setting next_dagrun for example_params_trigger_ui to None, run_after=None
[2024-10-10T11:49:35.985+0700] {processor.py:179} INFO - Processing /home/hasyidan/venv/lib/python3.8/site-packages/airflow/example_dags/example_params_trigger_ui.py took 2.132 seconds
[2024-10-10T11:53:08.413+0700] {processor.py:157} INFO - Started process (PID=3330) to work on /home/hasyidan/venv/lib/python3.8/site-packages/airflow/example_dags/example_params_trigger_ui.py
[2024-10-10T11:53:08.434+0700] {processor.py:826} INFO - Processing file /home/hasyidan/venv/lib/python3.8/site-packages/airflow/example_dags/example_params_trigger_ui.py for tasks to queue
[2024-10-10T11:53:08.437+0700] {logging_mixin.py:149} INFO - [2024-10-10T11:53:08.436+0700] {dagbag.py:541} INFO - Filling up the DagBag from /home/hasyidan/venv/lib/python3.8/site-packages/airflow/example_dags/example_params_trigger_ui.py
[2024-10-10T11:53:08.487+0700] {processor.py:836} INFO - DAG(s) dict_keys(['example_params_trigger_ui']) retrieved from /home/hasyidan/venv/lib/python3.8/site-packages/airflow/example_dags/example_params_trigger_ui.py
[2024-10-10T11:53:08.764+0700] {logging_mixin.py:149} INFO - [2024-10-10T11:53:08.763+0700] {dag.py:2726} INFO - Sync 1 DAGs
[2024-10-10T11:53:08.874+0700] {logging_mixin.py:149} INFO - [2024-10-10T11:53:08.871+0700] {dag.py:3486} INFO - Setting next_dagrun for example_params_trigger_ui to None, run_after=None
[2024-10-10T11:53:09.190+0700] {processor.py:179} INFO - Processing /home/hasyidan/venv/lib/python3.8/site-packages/airflow/example_dags/example_params_trigger_ui.py took 0.786 seconds
[2024-10-10T11:54:06.861+0700] {processor.py:157} INFO - Started process (PID=3388) to work on /home/hasyidan/venv/lib/python3.8/site-packages/airflow/example_dags/example_params_trigger_ui.py
[2024-10-10T11:54:06.888+0700] {processor.py:826} INFO - Processing file /home/hasyidan/venv/lib/python3.8/site-packages/airflow/example_dags/example_params_trigger_ui.py for tasks to queue
[2024-10-10T11:54:06.889+0700] {logging_mixin.py:149} INFO - [2024-10-10T11:54:06.889+0700] {dagbag.py:541} INFO - Filling up the DagBag from /home/hasyidan/venv/lib/python3.8/site-packages/airflow/example_dags/example_params_trigger_ui.py
[2024-10-10T11:54:06.934+0700] {processor.py:836} INFO - DAG(s) dict_keys(['example_params_trigger_ui']) retrieved from /home/hasyidan/venv/lib/python3.8/site-packages/airflow/example_dags/example_params_trigger_ui.py
[2024-10-10T11:54:07.096+0700] {logging_mixin.py:149} INFO - [2024-10-10T11:54:07.095+0700] {dag.py:2726} INFO - Sync 1 DAGs
[2024-10-10T11:54:07.140+0700] {logging_mixin.py:149} INFO - [2024-10-10T11:54:07.140+0700] {dag.py:3486} INFO - Setting next_dagrun for example_params_trigger_ui to None, run_after=None
[2024-10-10T11:54:07.297+0700] {processor.py:179} INFO - Processing /home/hasyidan/venv/lib/python3.8/site-packages/airflow/example_dags/example_params_trigger_ui.py took 0.442 seconds
[2024-10-10T11:55:09.344+0700] {processor.py:157} INFO - Started process (PID=3467) to work on /home/hasyidan/venv/lib/python3.8/site-packages/airflow/example_dags/example_params_trigger_ui.py
[2024-10-10T11:55:09.389+0700] {processor.py:826} INFO - Processing file /home/hasyidan/venv/lib/python3.8/site-packages/airflow/example_dags/example_params_trigger_ui.py for tasks to queue
[2024-10-10T11:55:09.393+0700] {logging_mixin.py:149} INFO - [2024-10-10T11:55:09.392+0700] {dagbag.py:541} INFO - Filling up the DagBag from /home/hasyidan/venv/lib/python3.8/site-packages/airflow/example_dags/example_params_trigger_ui.py
[2024-10-10T11:55:09.438+0700] {processor.py:836} INFO - DAG(s) dict_keys(['example_params_trigger_ui']) retrieved from /home/hasyidan/venv/lib/python3.8/site-packages/airflow/example_dags/example_params_trigger_ui.py
[2024-10-10T11:55:09.603+0700] {logging_mixin.py:149} INFO - [2024-10-10T11:55:09.603+0700] {dag.py:2726} INFO - Sync 1 DAGs
[2024-10-10T11:55:09.645+0700] {logging_mixin.py:149} INFO - [2024-10-10T11:55:09.644+0700] {dag.py:3486} INFO - Setting next_dagrun for example_params_trigger_ui to None, run_after=None
[2024-10-10T11:55:09.924+0700] {processor.py:179} INFO - Processing /home/hasyidan/venv/lib/python3.8/site-packages/airflow/example_dags/example_params_trigger_ui.py took 0.587 seconds
[2024-10-10T11:56:11.815+0700] {processor.py:157} INFO - Started process (PID=3534) to work on /home/hasyidan/venv/lib/python3.8/site-packages/airflow/example_dags/example_params_trigger_ui.py
[2024-10-10T11:56:11.873+0700] {processor.py:826} INFO - Processing file /home/hasyidan/venv/lib/python3.8/site-packages/airflow/example_dags/example_params_trigger_ui.py for tasks to queue
[2024-10-10T11:56:11.876+0700] {logging_mixin.py:149} INFO - [2024-10-10T11:56:11.875+0700] {dagbag.py:541} INFO - Filling up the DagBag from /home/hasyidan/venv/lib/python3.8/site-packages/airflow/example_dags/example_params_trigger_ui.py
[2024-10-10T11:56:11.921+0700] {processor.py:836} INFO - DAG(s) dict_keys(['example_params_trigger_ui']) retrieved from /home/hasyidan/venv/lib/python3.8/site-packages/airflow/example_dags/example_params_trigger_ui.py
[2024-10-10T11:56:12.120+0700] {logging_mixin.py:149} INFO - [2024-10-10T11:56:12.120+0700] {dag.py:2726} INFO - Sync 1 DAGs
[2024-10-10T11:56:12.164+0700] {logging_mixin.py:149} INFO - [2024-10-10T11:56:12.164+0700] {dag.py:3486} INFO - Setting next_dagrun for example_params_trigger_ui to None, run_after=None
[2024-10-10T11:56:12.327+0700] {processor.py:179} INFO - Processing /home/hasyidan/venv/lib/python3.8/site-packages/airflow/example_dags/example_params_trigger_ui.py took 0.519 seconds
[2024-10-10T11:57:10.396+0700] {processor.py:157} INFO - Started process (PID=3598) to work on /home/hasyidan/venv/lib/python3.8/site-packages/airflow/example_dags/example_params_trigger_ui.py
[2024-10-10T11:57:10.407+0700] {processor.py:826} INFO - Processing file /home/hasyidan/venv/lib/python3.8/site-packages/airflow/example_dags/example_params_trigger_ui.py for tasks to queue
[2024-10-10T11:57:10.409+0700] {logging_mixin.py:149} INFO - [2024-10-10T11:57:10.408+0700] {dagbag.py:541} INFO - Filling up the DagBag from /home/hasyidan/venv/lib/python3.8/site-packages/airflow/example_dags/example_params_trigger_ui.py
[2024-10-10T11:57:10.453+0700] {processor.py:836} INFO - DAG(s) dict_keys(['example_params_trigger_ui']) retrieved from /home/hasyidan/venv/lib/python3.8/site-packages/airflow/example_dags/example_params_trigger_ui.py
[2024-10-10T11:57:10.677+0700] {logging_mixin.py:149} INFO - [2024-10-10T11:57:10.677+0700] {dag.py:2726} INFO - Sync 1 DAGs
[2024-10-10T11:57:10.719+0700] {logging_mixin.py:149} INFO - [2024-10-10T11:57:10.718+0700] {dag.py:3486} INFO - Setting next_dagrun for example_params_trigger_ui to None, run_after=None
[2024-10-10T11:57:10.855+0700] {processor.py:179} INFO - Processing /home/hasyidan/venv/lib/python3.8/site-packages/airflow/example_dags/example_params_trigger_ui.py took 0.468 seconds
[2024-10-10T11:58:07.537+0700] {processor.py:157} INFO - Started process (PID=3660) to work on /home/hasyidan/venv/lib/python3.8/site-packages/airflow/example_dags/example_params_trigger_ui.py
[2024-10-10T11:58:07.604+0700] {processor.py:826} INFO - Processing file /home/hasyidan/venv/lib/python3.8/site-packages/airflow/example_dags/example_params_trigger_ui.py for tasks to queue
[2024-10-10T11:58:07.606+0700] {logging_mixin.py:149} INFO - [2024-10-10T11:58:07.605+0700] {dagbag.py:541} INFO - Filling up the DagBag from /home/hasyidan/venv/lib/python3.8/site-packages/airflow/example_dags/example_params_trigger_ui.py
[2024-10-10T11:58:07.652+0700] {processor.py:836} INFO - DAG(s) dict_keys(['example_params_trigger_ui']) retrieved from /home/hasyidan/venv/lib/python3.8/site-packages/airflow/example_dags/example_params_trigger_ui.py
[2024-10-10T11:58:07.830+0700] {logging_mixin.py:149} INFO - [2024-10-10T11:58:07.830+0700] {dag.py:2726} INFO - Sync 1 DAGs
[2024-10-10T11:58:07.877+0700] {logging_mixin.py:149} INFO - [2024-10-10T11:58:07.877+0700] {dag.py:3486} INFO - Setting next_dagrun for example_params_trigger_ui to None, run_after=None
[2024-10-10T11:58:08.207+0700] {processor.py:179} INFO - Processing /home/hasyidan/venv/lib/python3.8/site-packages/airflow/example_dags/example_params_trigger_ui.py took 0.676 seconds
[2024-10-10T11:59:21.527+0700] {processor.py:157} INFO - Started process (PID=3749) to work on /home/hasyidan/venv/lib/python3.8/site-packages/airflow/example_dags/example_params_trigger_ui.py
[2024-10-10T11:59:21.547+0700] {processor.py:826} INFO - Processing file /home/hasyidan/venv/lib/python3.8/site-packages/airflow/example_dags/example_params_trigger_ui.py for tasks to queue
[2024-10-10T11:59:21.550+0700] {logging_mixin.py:149} INFO - [2024-10-10T11:59:21.549+0700] {dagbag.py:541} INFO - Filling up the DagBag from /home/hasyidan/venv/lib/python3.8/site-packages/airflow/example_dags/example_params_trigger_ui.py
[2024-10-10T11:59:21.600+0700] {processor.py:836} INFO - DAG(s) dict_keys(['example_params_trigger_ui']) retrieved from /home/hasyidan/venv/lib/python3.8/site-packages/airflow/example_dags/example_params_trigger_ui.py
[2024-10-10T11:59:21.780+0700] {logging_mixin.py:149} INFO - [2024-10-10T11:59:21.780+0700] {dag.py:2726} INFO - Sync 1 DAGs
[2024-10-10T11:59:21.833+0700] {logging_mixin.py:149} INFO - [2024-10-10T11:59:21.833+0700] {dag.py:3486} INFO - Setting next_dagrun for example_params_trigger_ui to None, run_after=None
[2024-10-10T11:59:21.969+0700] {processor.py:179} INFO - Processing /home/hasyidan/venv/lib/python3.8/site-packages/airflow/example_dags/example_params_trigger_ui.py took 0.450 seconds
[2024-10-10T12:00:18.137+0700] {processor.py:157} INFO - Started process (PID=3806) to work on /home/hasyidan/venv/lib/python3.8/site-packages/airflow/example_dags/example_params_trigger_ui.py
[2024-10-10T12:00:18.139+0700] {processor.py:826} INFO - Processing file /home/hasyidan/venv/lib/python3.8/site-packages/airflow/example_dags/example_params_trigger_ui.py for tasks to queue
[2024-10-10T12:00:18.141+0700] {logging_mixin.py:149} INFO - [2024-10-10T12:00:18.141+0700] {dagbag.py:541} INFO - Filling up the DagBag from /home/hasyidan/venv/lib/python3.8/site-packages/airflow/example_dags/example_params_trigger_ui.py
[2024-10-10T12:00:18.183+0700] {processor.py:836} INFO - DAG(s) dict_keys(['example_params_trigger_ui']) retrieved from /home/hasyidan/venv/lib/python3.8/site-packages/airflow/example_dags/example_params_trigger_ui.py
[2024-10-10T12:00:18.346+0700] {logging_mixin.py:149} INFO - [2024-10-10T12:00:18.345+0700] {dag.py:2726} INFO - Sync 1 DAGs
[2024-10-10T12:00:18.387+0700] {logging_mixin.py:149} INFO - [2024-10-10T12:00:18.387+0700] {dag.py:3486} INFO - Setting next_dagrun for example_params_trigger_ui to None, run_after=None
[2024-10-10T12:00:18.515+0700] {processor.py:179} INFO - Processing /home/hasyidan/venv/lib/python3.8/site-packages/airflow/example_dags/example_params_trigger_ui.py took 0.384 seconds
[2024-10-10T12:01:13.428+0700] {processor.py:157} INFO - Started process (PID=3865) to work on /home/hasyidan/venv/lib/python3.8/site-packages/airflow/example_dags/example_params_trigger_ui.py
[2024-10-10T12:01:13.441+0700] {processor.py:826} INFO - Processing file /home/hasyidan/venv/lib/python3.8/site-packages/airflow/example_dags/example_params_trigger_ui.py for tasks to queue
[2024-10-10T12:01:13.443+0700] {logging_mixin.py:149} INFO - [2024-10-10T12:01:13.443+0700] {dagbag.py:541} INFO - Filling up the DagBag from /home/hasyidan/venv/lib/python3.8/site-packages/airflow/example_dags/example_params_trigger_ui.py
[2024-10-10T12:01:13.488+0700] {processor.py:836} INFO - DAG(s) dict_keys(['example_params_trigger_ui']) retrieved from /home/hasyidan/venv/lib/python3.8/site-packages/airflow/example_dags/example_params_trigger_ui.py
[2024-10-10T12:01:13.647+0700] {logging_mixin.py:149} INFO - [2024-10-10T12:01:13.646+0700] {dag.py:2726} INFO - Sync 1 DAGs
[2024-10-10T12:01:13.692+0700] {logging_mixin.py:149} INFO - [2024-10-10T12:01:13.691+0700] {dag.py:3486} INFO - Setting next_dagrun for example_params_trigger_ui to None, run_after=None
[2024-10-10T12:01:13.851+0700] {processor.py:179} INFO - Processing /home/hasyidan/venv/lib/python3.8/site-packages/airflow/example_dags/example_params_trigger_ui.py took 0.429 seconds
[2024-10-10T12:02:03.646+0700] {processor.py:157} INFO - Started process (PID=3921) to work on /home/hasyidan/venv/lib/python3.8/site-packages/airflow/example_dags/example_params_trigger_ui.py
[2024-10-10T12:02:03.689+0700] {processor.py:826} INFO - Processing file /home/hasyidan/venv/lib/python3.8/site-packages/airflow/example_dags/example_params_trigger_ui.py for tasks to queue
[2024-10-10T12:02:03.691+0700] {logging_mixin.py:149} INFO - [2024-10-10T12:02:03.691+0700] {dagbag.py:541} INFO - Filling up the DagBag from /home/hasyidan/venv/lib/python3.8/site-packages/airflow/example_dags/example_params_trigger_ui.py
[2024-10-10T12:02:03.736+0700] {processor.py:836} INFO - DAG(s) dict_keys(['example_params_trigger_ui']) retrieved from /home/hasyidan/venv/lib/python3.8/site-packages/airflow/example_dags/example_params_trigger_ui.py
[2024-10-10T12:02:03.897+0700] {logging_mixin.py:149} INFO - [2024-10-10T12:02:03.896+0700] {dag.py:2726} INFO - Sync 1 DAGs
[2024-10-10T12:02:03.938+0700] {logging_mixin.py:149} INFO - [2024-10-10T12:02:03.938+0700] {dag.py:3486} INFO - Setting next_dagrun for example_params_trigger_ui to None, run_after=None
[2024-10-10T12:02:04.074+0700] {processor.py:179} INFO - Processing /home/hasyidan/venv/lib/python3.8/site-packages/airflow/example_dags/example_params_trigger_ui.py took 0.435 seconds
[2024-10-10T12:02:53.928+0700] {processor.py:157} INFO - Started process (PID=3978) to work on /home/hasyidan/venv/lib/python3.8/site-packages/airflow/example_dags/example_params_trigger_ui.py
[2024-10-10T12:02:53.936+0700] {processor.py:826} INFO - Processing file /home/hasyidan/venv/lib/python3.8/site-packages/airflow/example_dags/example_params_trigger_ui.py for tasks to queue
[2024-10-10T12:02:53.938+0700] {logging_mixin.py:149} INFO - [2024-10-10T12:02:53.937+0700] {dagbag.py:541} INFO - Filling up the DagBag from /home/hasyidan/venv/lib/python3.8/site-packages/airflow/example_dags/example_params_trigger_ui.py
[2024-10-10T12:02:53.983+0700] {processor.py:836} INFO - DAG(s) dict_keys(['example_params_trigger_ui']) retrieved from /home/hasyidan/venv/lib/python3.8/site-packages/airflow/example_dags/example_params_trigger_ui.py
[2024-10-10T12:02:54.142+0700] {logging_mixin.py:149} INFO - [2024-10-10T12:02:54.141+0700] {dag.py:2726} INFO - Sync 1 DAGs
[2024-10-10T12:02:54.187+0700] {logging_mixin.py:149} INFO - [2024-10-10T12:02:54.187+0700] {dag.py:3486} INFO - Setting next_dagrun for example_params_trigger_ui to None, run_after=None
[2024-10-10T12:02:54.322+0700] {processor.py:179} INFO - Processing /home/hasyidan/venv/lib/python3.8/site-packages/airflow/example_dags/example_params_trigger_ui.py took 0.399 seconds
[2024-10-10T12:03:46.424+0700] {processor.py:157} INFO - Started process (PID=4036) to work on /home/hasyidan/venv/lib/python3.8/site-packages/airflow/example_dags/example_params_trigger_ui.py
[2024-10-10T12:03:46.436+0700] {processor.py:826} INFO - Processing file /home/hasyidan/venv/lib/python3.8/site-packages/airflow/example_dags/example_params_trigger_ui.py for tasks to queue
[2024-10-10T12:03:46.439+0700] {logging_mixin.py:149} INFO - [2024-10-10T12:03:46.438+0700] {dagbag.py:541} INFO - Filling up the DagBag from /home/hasyidan/venv/lib/python3.8/site-packages/airflow/example_dags/example_params_trigger_ui.py
[2024-10-10T12:03:46.488+0700] {processor.py:836} INFO - DAG(s) dict_keys(['example_params_trigger_ui']) retrieved from /home/hasyidan/venv/lib/python3.8/site-packages/airflow/example_dags/example_params_trigger_ui.py
[2024-10-10T12:03:46.650+0700] {logging_mixin.py:149} INFO - [2024-10-10T12:03:46.649+0700] {dag.py:2726} INFO - Sync 1 DAGs
[2024-10-10T12:03:46.691+0700] {logging_mixin.py:149} INFO - [2024-10-10T12:03:46.691+0700] {dag.py:3486} INFO - Setting next_dagrun for example_params_trigger_ui to None, run_after=None
[2024-10-10T12:03:46.823+0700] {processor.py:179} INFO - Processing /home/hasyidan/venv/lib/python3.8/site-packages/airflow/example_dags/example_params_trigger_ui.py took 0.405 seconds
[2024-10-10T12:04:39.329+0700] {processor.py:157} INFO - Started process (PID=4148) to work on /home/hasyidan/venv/lib/python3.8/site-packages/airflow/example_dags/example_params_trigger_ui.py
[2024-10-10T12:04:39.346+0700] {processor.py:826} INFO - Processing file /home/hasyidan/venv/lib/python3.8/site-packages/airflow/example_dags/example_params_trigger_ui.py for tasks to queue
[2024-10-10T12:04:39.348+0700] {logging_mixin.py:149} INFO - [2024-10-10T12:04:39.347+0700] {dagbag.py:541} INFO - Filling up the DagBag from /home/hasyidan/venv/lib/python3.8/site-packages/airflow/example_dags/example_params_trigger_ui.py
[2024-10-10T12:04:39.397+0700] {processor.py:836} INFO - DAG(s) dict_keys(['example_params_trigger_ui']) retrieved from /home/hasyidan/venv/lib/python3.8/site-packages/airflow/example_dags/example_params_trigger_ui.py
[2024-10-10T12:04:39.581+0700] {logging_mixin.py:149} INFO - [2024-10-10T12:04:39.580+0700] {dag.py:2726} INFO - Sync 1 DAGs
[2024-10-10T12:04:39.630+0700] {logging_mixin.py:149} INFO - [2024-10-10T12:04:39.630+0700] {dag.py:3486} INFO - Setting next_dagrun for example_params_trigger_ui to None, run_after=None
[2024-10-10T12:04:39.755+0700] {processor.py:179} INFO - Processing /home/hasyidan/venv/lib/python3.8/site-packages/airflow/example_dags/example_params_trigger_ui.py took 0.431 seconds
[2024-10-10T12:05:34.691+0700] {processor.py:157} INFO - Started process (PID=4208) to work on /home/hasyidan/venv/lib/python3.8/site-packages/airflow/example_dags/example_params_trigger_ui.py
[2024-10-10T12:05:34.700+0700] {processor.py:826} INFO - Processing file /home/hasyidan/venv/lib/python3.8/site-packages/airflow/example_dags/example_params_trigger_ui.py for tasks to queue
[2024-10-10T12:05:34.702+0700] {logging_mixin.py:149} INFO - [2024-10-10T12:05:34.701+0700] {dagbag.py:541} INFO - Filling up the DagBag from /home/hasyidan/venv/lib/python3.8/site-packages/airflow/example_dags/example_params_trigger_ui.py
[2024-10-10T12:05:34.746+0700] {processor.py:836} INFO - DAG(s) dict_keys(['example_params_trigger_ui']) retrieved from /home/hasyidan/venv/lib/python3.8/site-packages/airflow/example_dags/example_params_trigger_ui.py
[2024-10-10T12:05:34.906+0700] {logging_mixin.py:149} INFO - [2024-10-10T12:05:34.906+0700] {dag.py:2726} INFO - Sync 1 DAGs
[2024-10-10T12:05:34.948+0700] {logging_mixin.py:149} INFO - [2024-10-10T12:05:34.947+0700] {dag.py:3486} INFO - Setting next_dagrun for example_params_trigger_ui to None, run_after=None
[2024-10-10T12:05:35.111+0700] {processor.py:179} INFO - Processing /home/hasyidan/venv/lib/python3.8/site-packages/airflow/example_dags/example_params_trigger_ui.py took 0.425 seconds
[2024-10-10T12:06:28.713+0700] {processor.py:157} INFO - Started process (PID=4265) to work on /home/hasyidan/venv/lib/python3.8/site-packages/airflow/example_dags/example_params_trigger_ui.py
[2024-10-10T12:06:28.735+0700] {processor.py:826} INFO - Processing file /home/hasyidan/venv/lib/python3.8/site-packages/airflow/example_dags/example_params_trigger_ui.py for tasks to queue
[2024-10-10T12:06:28.738+0700] {logging_mixin.py:149} INFO - [2024-10-10T12:06:28.737+0700] {dagbag.py:541} INFO - Filling up the DagBag from /home/hasyidan/venv/lib/python3.8/site-packages/airflow/example_dags/example_params_trigger_ui.py
[2024-10-10T12:06:28.809+0700] {processor.py:836} INFO - DAG(s) dict_keys(['example_params_trigger_ui']) retrieved from /home/hasyidan/venv/lib/python3.8/site-packages/airflow/example_dags/example_params_trigger_ui.py
[2024-10-10T12:06:28.969+0700] {logging_mixin.py:149} INFO - [2024-10-10T12:06:28.968+0700] {dag.py:2726} INFO - Sync 1 DAGs
[2024-10-10T12:06:29.014+0700] {logging_mixin.py:149} INFO - [2024-10-10T12:06:29.014+0700] {dag.py:3486} INFO - Setting next_dagrun for example_params_trigger_ui to None, run_after=None
[2024-10-10T12:06:29.178+0700] {processor.py:179} INFO - Processing /home/hasyidan/venv/lib/python3.8/site-packages/airflow/example_dags/example_params_trigger_ui.py took 0.471 seconds
[2024-10-10T12:07:25.337+0700] {processor.py:157} INFO - Started process (PID=4324) to work on /home/hasyidan/venv/lib/python3.8/site-packages/airflow/example_dags/example_params_trigger_ui.py
[2024-10-10T12:07:25.347+0700] {processor.py:826} INFO - Processing file /home/hasyidan/venv/lib/python3.8/site-packages/airflow/example_dags/example_params_trigger_ui.py for tasks to queue
[2024-10-10T12:07:25.348+0700] {logging_mixin.py:149} INFO - [2024-10-10T12:07:25.348+0700] {dagbag.py:541} INFO - Filling up the DagBag from /home/hasyidan/venv/lib/python3.8/site-packages/airflow/example_dags/example_params_trigger_ui.py
[2024-10-10T12:07:25.394+0700] {processor.py:836} INFO - DAG(s) dict_keys(['example_params_trigger_ui']) retrieved from /home/hasyidan/venv/lib/python3.8/site-packages/airflow/example_dags/example_params_trigger_ui.py
[2024-10-10T12:07:25.557+0700] {logging_mixin.py:149} INFO - [2024-10-10T12:07:25.556+0700] {dag.py:2726} INFO - Sync 1 DAGs
[2024-10-10T12:07:25.599+0700] {logging_mixin.py:149} INFO - [2024-10-10T12:07:25.598+0700] {dag.py:3486} INFO - Setting next_dagrun for example_params_trigger_ui to None, run_after=None
[2024-10-10T12:07:25.735+0700] {processor.py:179} INFO - Processing /home/hasyidan/venv/lib/python3.8/site-packages/airflow/example_dags/example_params_trigger_ui.py took 0.404 seconds
[2024-10-10T12:08:23.820+0700] {processor.py:157} INFO - Started process (PID=4392) to work on /home/hasyidan/venv/lib/python3.8/site-packages/airflow/example_dags/example_params_trigger_ui.py
[2024-10-10T12:08:23.822+0700] {processor.py:826} INFO - Processing file /home/hasyidan/venv/lib/python3.8/site-packages/airflow/example_dags/example_params_trigger_ui.py for tasks to queue
[2024-10-10T12:08:23.824+0700] {logging_mixin.py:149} INFO - [2024-10-10T12:08:23.823+0700] {dagbag.py:541} INFO - Filling up the DagBag from /home/hasyidan/venv/lib/python3.8/site-packages/airflow/example_dags/example_params_trigger_ui.py
[2024-10-10T12:08:23.866+0700] {processor.py:836} INFO - DAG(s) dict_keys(['example_params_trigger_ui']) retrieved from /home/hasyidan/venv/lib/python3.8/site-packages/airflow/example_dags/example_params_trigger_ui.py
[2024-10-10T12:08:24.026+0700] {logging_mixin.py:149} INFO - [2024-10-10T12:08:24.025+0700] {dag.py:2726} INFO - Sync 1 DAGs
[2024-10-10T12:08:24.071+0700] {logging_mixin.py:149} INFO - [2024-10-10T12:08:24.070+0700] {dag.py:3486} INFO - Setting next_dagrun for example_params_trigger_ui to None, run_after=None
[2024-10-10T12:08:24.190+0700] {processor.py:179} INFO - Processing /home/hasyidan/venv/lib/python3.8/site-packages/airflow/example_dags/example_params_trigger_ui.py took 0.376 seconds
[2024-10-10T12:09:17.451+0700] {processor.py:157} INFO - Started process (PID=4450) to work on /home/hasyidan/venv/lib/python3.8/site-packages/airflow/example_dags/example_params_trigger_ui.py
[2024-10-10T12:09:17.457+0700] {processor.py:826} INFO - Processing file /home/hasyidan/venv/lib/python3.8/site-packages/airflow/example_dags/example_params_trigger_ui.py for tasks to queue
[2024-10-10T12:09:17.459+0700] {logging_mixin.py:149} INFO - [2024-10-10T12:09:17.459+0700] {dagbag.py:541} INFO - Filling up the DagBag from /home/hasyidan/venv/lib/python3.8/site-packages/airflow/example_dags/example_params_trigger_ui.py
[2024-10-10T12:09:17.506+0700] {processor.py:836} INFO - DAG(s) dict_keys(['example_params_trigger_ui']) retrieved from /home/hasyidan/venv/lib/python3.8/site-packages/airflow/example_dags/example_params_trigger_ui.py
[2024-10-10T12:09:17.688+0700] {logging_mixin.py:149} INFO - [2024-10-10T12:09:17.688+0700] {dag.py:2726} INFO - Sync 1 DAGs
[2024-10-10T12:09:17.731+0700] {logging_mixin.py:149} INFO - [2024-10-10T12:09:17.731+0700] {dag.py:3486} INFO - Setting next_dagrun for example_params_trigger_ui to None, run_after=None
[2024-10-10T12:09:17.871+0700] {processor.py:179} INFO - Processing /home/hasyidan/venv/lib/python3.8/site-packages/airflow/example_dags/example_params_trigger_ui.py took 0.426 seconds
[2024-10-10T12:10:09.518+0700] {processor.py:157} INFO - Started process (PID=4505) to work on /home/hasyidan/venv/lib/python3.8/site-packages/airflow/example_dags/example_params_trigger_ui.py
[2024-10-10T12:10:09.520+0700] {processor.py:826} INFO - Processing file /home/hasyidan/venv/lib/python3.8/site-packages/airflow/example_dags/example_params_trigger_ui.py for tasks to queue
[2024-10-10T12:10:09.521+0700] {logging_mixin.py:149} INFO - [2024-10-10T12:10:09.521+0700] {dagbag.py:541} INFO - Filling up the DagBag from /home/hasyidan/venv/lib/python3.8/site-packages/airflow/example_dags/example_params_trigger_ui.py
[2024-10-10T12:10:09.563+0700] {processor.py:836} INFO - DAG(s) dict_keys(['example_params_trigger_ui']) retrieved from /home/hasyidan/venv/lib/python3.8/site-packages/airflow/example_dags/example_params_trigger_ui.py
[2024-10-10T12:10:09.722+0700] {logging_mixin.py:149} INFO - [2024-10-10T12:10:09.721+0700] {dag.py:2726} INFO - Sync 1 DAGs
[2024-10-10T12:10:09.766+0700] {logging_mixin.py:149} INFO - [2024-10-10T12:10:09.766+0700] {dag.py:3486} INFO - Setting next_dagrun for example_params_trigger_ui to None, run_after=None
[2024-10-10T12:10:09.907+0700] {processor.py:179} INFO - Processing /home/hasyidan/venv/lib/python3.8/site-packages/airflow/example_dags/example_params_trigger_ui.py took 0.395 seconds
[2024-10-10T12:11:03.017+0700] {processor.py:157} INFO - Started process (PID=4569) to work on /home/hasyidan/venv/lib/python3.8/site-packages/airflow/example_dags/example_params_trigger_ui.py
[2024-10-10T12:11:03.029+0700] {processor.py:826} INFO - Processing file /home/hasyidan/venv/lib/python3.8/site-packages/airflow/example_dags/example_params_trigger_ui.py for tasks to queue
[2024-10-10T12:11:03.031+0700] {logging_mixin.py:149} INFO - [2024-10-10T12:11:03.031+0700] {dagbag.py:541} INFO - Filling up the DagBag from /home/hasyidan/venv/lib/python3.8/site-packages/airflow/example_dags/example_params_trigger_ui.py
[2024-10-10T12:11:03.101+0700] {processor.py:836} INFO - DAG(s) dict_keys(['example_params_trigger_ui']) retrieved from /home/hasyidan/venv/lib/python3.8/site-packages/airflow/example_dags/example_params_trigger_ui.py
[2024-10-10T12:11:03.263+0700] {logging_mixin.py:149} INFO - [2024-10-10T12:11:03.263+0700] {dag.py:2726} INFO - Sync 1 DAGs
[2024-10-10T12:11:03.304+0700] {logging_mixin.py:149} INFO - [2024-10-10T12:11:03.304+0700] {dag.py:3486} INFO - Setting next_dagrun for example_params_trigger_ui to None, run_after=None
[2024-10-10T12:11:03.443+0700] {processor.py:179} INFO - Processing /home/hasyidan/venv/lib/python3.8/site-packages/airflow/example_dags/example_params_trigger_ui.py took 0.432 seconds
[2024-10-10T12:11:57.892+0700] {processor.py:157} INFO - Started process (PID=4636) to work on /home/hasyidan/venv/lib/python3.8/site-packages/airflow/example_dags/example_params_trigger_ui.py
[2024-10-10T12:11:57.910+0700] {processor.py:826} INFO - Processing file /home/hasyidan/venv/lib/python3.8/site-packages/airflow/example_dags/example_params_trigger_ui.py for tasks to queue
[2024-10-10T12:11:57.912+0700] {logging_mixin.py:149} INFO - [2024-10-10T12:11:57.912+0700] {dagbag.py:541} INFO - Filling up the DagBag from /home/hasyidan/venv/lib/python3.8/site-packages/airflow/example_dags/example_params_trigger_ui.py
[2024-10-10T12:11:57.959+0700] {processor.py:836} INFO - DAG(s) dict_keys(['example_params_trigger_ui']) retrieved from /home/hasyidan/venv/lib/python3.8/site-packages/airflow/example_dags/example_params_trigger_ui.py
[2024-10-10T12:11:58.118+0700] {logging_mixin.py:149} INFO - [2024-10-10T12:11:58.117+0700] {dag.py:2726} INFO - Sync 1 DAGs
[2024-10-10T12:11:58.162+0700] {logging_mixin.py:149} INFO - [2024-10-10T12:11:58.162+0700] {dag.py:3486} INFO - Setting next_dagrun for example_params_trigger_ui to None, run_after=None
[2024-10-10T12:11:58.293+0700] {processor.py:179} INFO - Processing /home/hasyidan/venv/lib/python3.8/site-packages/airflow/example_dags/example_params_trigger_ui.py took 0.405 seconds
[2024-10-10T12:12:51.516+0700] {processor.py:157} INFO - Started process (PID=4696) to work on /home/hasyidan/venv/lib/python3.8/site-packages/airflow/example_dags/example_params_trigger_ui.py
[2024-10-10T12:12:51.580+0700] {processor.py:826} INFO - Processing file /home/hasyidan/venv/lib/python3.8/site-packages/airflow/example_dags/example_params_trigger_ui.py for tasks to queue
[2024-10-10T12:12:51.582+0700] {logging_mixin.py:149} INFO - [2024-10-10T12:12:51.581+0700] {dagbag.py:541} INFO - Filling up the DagBag from /home/hasyidan/venv/lib/python3.8/site-packages/airflow/example_dags/example_params_trigger_ui.py
[2024-10-10T12:12:51.653+0700] {processor.py:836} INFO - DAG(s) dict_keys(['example_params_trigger_ui']) retrieved from /home/hasyidan/venv/lib/python3.8/site-packages/airflow/example_dags/example_params_trigger_ui.py
[2024-10-10T12:12:51.813+0700] {logging_mixin.py:149} INFO - [2024-10-10T12:12:51.813+0700] {dag.py:2726} INFO - Sync 1 DAGs
[2024-10-10T12:12:51.854+0700] {logging_mixin.py:149} INFO - [2024-10-10T12:12:51.853+0700] {dag.py:3486} INFO - Setting next_dagrun for example_params_trigger_ui to None, run_after=None
[2024-10-10T12:12:52.005+0700] {processor.py:179} INFO - Processing /home/hasyidan/venv/lib/python3.8/site-packages/airflow/example_dags/example_params_trigger_ui.py took 0.494 seconds
[2024-10-10T12:13:40.804+0700] {processor.py:157} INFO - Started process (PID=4755) to work on /home/hasyidan/venv/lib/python3.8/site-packages/airflow/example_dags/example_params_trigger_ui.py
[2024-10-10T12:13:40.820+0700] {processor.py:826} INFO - Processing file /home/hasyidan/venv/lib/python3.8/site-packages/airflow/example_dags/example_params_trigger_ui.py for tasks to queue
[2024-10-10T12:13:40.821+0700] {logging_mixin.py:149} INFO - [2024-10-10T12:13:40.821+0700] {dagbag.py:541} INFO - Filling up the DagBag from /home/hasyidan/venv/lib/python3.8/site-packages/airflow/example_dags/example_params_trigger_ui.py
[2024-10-10T12:13:40.897+0700] {processor.py:836} INFO - DAG(s) dict_keys(['example_params_trigger_ui']) retrieved from /home/hasyidan/venv/lib/python3.8/site-packages/airflow/example_dags/example_params_trigger_ui.py
[2024-10-10T12:13:41.136+0700] {logging_mixin.py:149} INFO - [2024-10-10T12:13:41.136+0700] {dag.py:2726} INFO - Sync 1 DAGs
[2024-10-10T12:13:41.190+0700] {logging_mixin.py:149} INFO - [2024-10-10T12:13:41.190+0700] {dag.py:3486} INFO - Setting next_dagrun for example_params_trigger_ui to None, run_after=None
[2024-10-10T12:13:41.326+0700] {processor.py:179} INFO - Processing /home/hasyidan/venv/lib/python3.8/site-packages/airflow/example_dags/example_params_trigger_ui.py took 0.529 seconds
[2024-10-10T12:14:31.800+0700] {processor.py:157} INFO - Started process (PID=4809) to work on /home/hasyidan/venv/lib/python3.8/site-packages/airflow/example_dags/example_params_trigger_ui.py
[2024-10-10T12:14:31.845+0700] {processor.py:826} INFO - Processing file /home/hasyidan/venv/lib/python3.8/site-packages/airflow/example_dags/example_params_trigger_ui.py for tasks to queue
[2024-10-10T12:14:31.846+0700] {logging_mixin.py:149} INFO - [2024-10-10T12:14:31.846+0700] {dagbag.py:541} INFO - Filling up the DagBag from /home/hasyidan/venv/lib/python3.8/site-packages/airflow/example_dags/example_params_trigger_ui.py
[2024-10-10T12:14:31.893+0700] {processor.py:836} INFO - DAG(s) dict_keys(['example_params_trigger_ui']) retrieved from /home/hasyidan/venv/lib/python3.8/site-packages/airflow/example_dags/example_params_trigger_ui.py
[2024-10-10T12:14:32.058+0700] {logging_mixin.py:149} INFO - [2024-10-10T12:14:32.058+0700] {dag.py:2726} INFO - Sync 1 DAGs
[2024-10-10T12:14:32.099+0700] {logging_mixin.py:149} INFO - [2024-10-10T12:14:32.099+0700] {dag.py:3486} INFO - Setting next_dagrun for example_params_trigger_ui to None, run_after=None
[2024-10-10T12:14:32.254+0700] {processor.py:179} INFO - Processing /home/hasyidan/venv/lib/python3.8/site-packages/airflow/example_dags/example_params_trigger_ui.py took 0.461 seconds
[2024-10-10T12:15:22.369+0700] {processor.py:157} INFO - Started process (PID=4872) to work on /home/hasyidan/venv/lib/python3.8/site-packages/airflow/example_dags/example_params_trigger_ui.py
[2024-10-10T12:15:22.382+0700] {processor.py:826} INFO - Processing file /home/hasyidan/venv/lib/python3.8/site-packages/airflow/example_dags/example_params_trigger_ui.py for tasks to queue
[2024-10-10T12:15:22.385+0700] {logging_mixin.py:149} INFO - [2024-10-10T12:15:22.384+0700] {dagbag.py:541} INFO - Filling up the DagBag from /home/hasyidan/venv/lib/python3.8/site-packages/airflow/example_dags/example_params_trigger_ui.py
[2024-10-10T12:15:22.429+0700] {processor.py:836} INFO - DAG(s) dict_keys(['example_params_trigger_ui']) retrieved from /home/hasyidan/venv/lib/python3.8/site-packages/airflow/example_dags/example_params_trigger_ui.py
[2024-10-10T12:15:22.592+0700] {logging_mixin.py:149} INFO - [2024-10-10T12:15:22.591+0700] {dag.py:2726} INFO - Sync 1 DAGs
[2024-10-10T12:15:22.633+0700] {logging_mixin.py:149} INFO - [2024-10-10T12:15:22.633+0700] {dag.py:3486} INFO - Setting next_dagrun for example_params_trigger_ui to None, run_after=None
[2024-10-10T12:15:22.758+0700] {processor.py:179} INFO - Processing /home/hasyidan/venv/lib/python3.8/site-packages/airflow/example_dags/example_params_trigger_ui.py took 0.394 seconds
[2024-10-10T12:16:14.901+0700] {processor.py:157} INFO - Started process (PID=4932) to work on /home/hasyidan/venv/lib/python3.8/site-packages/airflow/example_dags/example_params_trigger_ui.py
[2024-10-10T12:16:14.903+0700] {processor.py:826} INFO - Processing file /home/hasyidan/venv/lib/python3.8/site-packages/airflow/example_dags/example_params_trigger_ui.py for tasks to queue
[2024-10-10T12:16:14.904+0700] {logging_mixin.py:149} INFO - [2024-10-10T12:16:14.904+0700] {dagbag.py:541} INFO - Filling up the DagBag from /home/hasyidan/venv/lib/python3.8/site-packages/airflow/example_dags/example_params_trigger_ui.py
[2024-10-10T12:16:14.951+0700] {processor.py:836} INFO - DAG(s) dict_keys(['example_params_trigger_ui']) retrieved from /home/hasyidan/venv/lib/python3.8/site-packages/airflow/example_dags/example_params_trigger_ui.py
[2024-10-10T12:16:15.132+0700] {logging_mixin.py:149} INFO - [2024-10-10T12:16:15.131+0700] {dag.py:2726} INFO - Sync 1 DAGs
[2024-10-10T12:16:15.177+0700] {logging_mixin.py:149} INFO - [2024-10-10T12:16:15.176+0700] {dag.py:3486} INFO - Setting next_dagrun for example_params_trigger_ui to None, run_after=None
[2024-10-10T12:16:15.328+0700] {processor.py:179} INFO - Processing /home/hasyidan/venv/lib/python3.8/site-packages/airflow/example_dags/example_params_trigger_ui.py took 0.433 seconds
[2024-10-10T12:17:10.892+0700] {processor.py:157} INFO - Started process (PID=5001) to work on /home/hasyidan/venv/lib/python3.8/site-packages/airflow/example_dags/example_params_trigger_ui.py
[2024-10-10T12:17:10.894+0700] {processor.py:826} INFO - Processing file /home/hasyidan/venv/lib/python3.8/site-packages/airflow/example_dags/example_params_trigger_ui.py for tasks to queue
[2024-10-10T12:17:10.895+0700] {logging_mixin.py:149} INFO - [2024-10-10T12:17:10.895+0700] {dagbag.py:541} INFO - Filling up the DagBag from /home/hasyidan/venv/lib/python3.8/site-packages/airflow/example_dags/example_params_trigger_ui.py
[2024-10-10T12:17:10.937+0700] {processor.py:836} INFO - DAG(s) dict_keys(['example_params_trigger_ui']) retrieved from /home/hasyidan/venv/lib/python3.8/site-packages/airflow/example_dags/example_params_trigger_ui.py
[2024-10-10T12:17:11.097+0700] {logging_mixin.py:149} INFO - [2024-10-10T12:17:11.097+0700] {dag.py:2726} INFO - Sync 1 DAGs
[2024-10-10T12:17:11.140+0700] {logging_mixin.py:149} INFO - [2024-10-10T12:17:11.140+0700] {dag.py:3486} INFO - Setting next_dagrun for example_params_trigger_ui to None, run_after=None
[2024-10-10T12:17:11.299+0700] {processor.py:179} INFO - Processing /home/hasyidan/venv/lib/python3.8/site-packages/airflow/example_dags/example_params_trigger_ui.py took 0.413 seconds
[2024-10-10T12:18:05.547+0700] {processor.py:157} INFO - Started process (PID=5065) to work on /home/hasyidan/venv/lib/python3.8/site-packages/airflow/example_dags/example_params_trigger_ui.py
[2024-10-10T12:18:05.568+0700] {processor.py:826} INFO - Processing file /home/hasyidan/venv/lib/python3.8/site-packages/airflow/example_dags/example_params_trigger_ui.py for tasks to queue
[2024-10-10T12:18:05.571+0700] {logging_mixin.py:149} INFO - [2024-10-10T12:18:05.571+0700] {dagbag.py:541} INFO - Filling up the DagBag from /home/hasyidan/venv/lib/python3.8/site-packages/airflow/example_dags/example_params_trigger_ui.py
[2024-10-10T12:18:05.617+0700] {processor.py:836} INFO - DAG(s) dict_keys(['example_params_trigger_ui']) retrieved from /home/hasyidan/venv/lib/python3.8/site-packages/airflow/example_dags/example_params_trigger_ui.py
[2024-10-10T12:18:05.806+0700] {logging_mixin.py:149} INFO - [2024-10-10T12:18:05.806+0700] {dag.py:2726} INFO - Sync 1 DAGs
[2024-10-10T12:18:05.857+0700] {logging_mixin.py:149} INFO - [2024-10-10T12:18:05.857+0700] {dag.py:3486} INFO - Setting next_dagrun for example_params_trigger_ui to None, run_after=None
[2024-10-10T12:18:06.049+0700] {processor.py:179} INFO - Processing /home/hasyidan/venv/lib/python3.8/site-packages/airflow/example_dags/example_params_trigger_ui.py took 0.507 seconds
[2024-10-10T12:18:58.286+0700] {processor.py:157} INFO - Started process (PID=5124) to work on /home/hasyidan/venv/lib/python3.8/site-packages/airflow/example_dags/example_params_trigger_ui.py
[2024-10-10T12:18:58.321+0700] {processor.py:826} INFO - Processing file /home/hasyidan/venv/lib/python3.8/site-packages/airflow/example_dags/example_params_trigger_ui.py for tasks to queue
[2024-10-10T12:18:58.324+0700] {logging_mixin.py:149} INFO - [2024-10-10T12:18:58.323+0700] {dagbag.py:541} INFO - Filling up the DagBag from /home/hasyidan/venv/lib/python3.8/site-packages/airflow/example_dags/example_params_trigger_ui.py
[2024-10-10T12:18:58.370+0700] {processor.py:836} INFO - DAG(s) dict_keys(['example_params_trigger_ui']) retrieved from /home/hasyidan/venv/lib/python3.8/site-packages/airflow/example_dags/example_params_trigger_ui.py
[2024-10-10T12:18:58.556+0700] {logging_mixin.py:149} INFO - [2024-10-10T12:18:58.556+0700] {dag.py:2726} INFO - Sync 1 DAGs
[2024-10-10T12:18:58.597+0700] {logging_mixin.py:149} INFO - [2024-10-10T12:18:58.597+0700] {dag.py:3486} INFO - Setting next_dagrun for example_params_trigger_ui to None, run_after=None
[2024-10-10T12:18:58.755+0700] {processor.py:179} INFO - Processing /home/hasyidan/venv/lib/python3.8/site-packages/airflow/example_dags/example_params_trigger_ui.py took 0.474 seconds
[2024-10-10T12:19:48.757+0700] {processor.py:157} INFO - Started process (PID=5183) to work on /home/hasyidan/venv/lib/python3.8/site-packages/airflow/example_dags/example_params_trigger_ui.py
[2024-10-10T12:19:48.790+0700] {processor.py:826} INFO - Processing file /home/hasyidan/venv/lib/python3.8/site-packages/airflow/example_dags/example_params_trigger_ui.py for tasks to queue
[2024-10-10T12:19:48.792+0700] {logging_mixin.py:149} INFO - [2024-10-10T12:19:48.792+0700] {dagbag.py:541} INFO - Filling up the DagBag from /home/hasyidan/venv/lib/python3.8/site-packages/airflow/example_dags/example_params_trigger_ui.py
[2024-10-10T12:19:48.835+0700] {processor.py:836} INFO - DAG(s) dict_keys(['example_params_trigger_ui']) retrieved from /home/hasyidan/venv/lib/python3.8/site-packages/airflow/example_dags/example_params_trigger_ui.py
[2024-10-10T12:19:49.000+0700] {logging_mixin.py:149} INFO - [2024-10-10T12:19:49.000+0700] {dag.py:2726} INFO - Sync 1 DAGs
[2024-10-10T12:19:49.067+0700] {logging_mixin.py:149} INFO - [2024-10-10T12:19:49.067+0700] {dag.py:3486} INFO - Setting next_dagrun for example_params_trigger_ui to None, run_after=None
[2024-10-10T12:19:49.329+0700] {processor.py:179} INFO - Processing /home/hasyidan/venv/lib/python3.8/site-packages/airflow/example_dags/example_params_trigger_ui.py took 0.578 seconds
[2024-10-10T12:20:45.966+0700] {processor.py:157} INFO - Started process (PID=5248) to work on /home/hasyidan/venv/lib/python3.8/site-packages/airflow/example_dags/example_params_trigger_ui.py
[2024-10-10T12:20:45.991+0700] {processor.py:826} INFO - Processing file /home/hasyidan/venv/lib/python3.8/site-packages/airflow/example_dags/example_params_trigger_ui.py for tasks to queue
[2024-10-10T12:20:45.994+0700] {logging_mixin.py:149} INFO - [2024-10-10T12:20:45.993+0700] {dagbag.py:541} INFO - Filling up the DagBag from /home/hasyidan/venv/lib/python3.8/site-packages/airflow/example_dags/example_params_trigger_ui.py
[2024-10-10T12:20:46.038+0700] {processor.py:836} INFO - DAG(s) dict_keys(['example_params_trigger_ui']) retrieved from /home/hasyidan/venv/lib/python3.8/site-packages/airflow/example_dags/example_params_trigger_ui.py
[2024-10-10T12:20:46.197+0700] {logging_mixin.py:149} INFO - [2024-10-10T12:20:46.196+0700] {dag.py:2726} INFO - Sync 1 DAGs
[2024-10-10T12:20:46.237+0700] {logging_mixin.py:149} INFO - [2024-10-10T12:20:46.237+0700] {dag.py:3486} INFO - Setting next_dagrun for example_params_trigger_ui to None, run_after=None
[2024-10-10T12:20:46.355+0700] {processor.py:179} INFO - Processing /home/hasyidan/venv/lib/python3.8/site-packages/airflow/example_dags/example_params_trigger_ui.py took 0.395 seconds
[2024-10-10T13:20:36.846+0700] {processor.py:157} INFO - Started process (PID=1993) to work on /home/hasyidan/venv/lib/python3.8/site-packages/airflow/example_dags/example_params_trigger_ui.py
[2024-10-10T13:20:36.931+0700] {processor.py:826} INFO - Processing file /home/hasyidan/venv/lib/python3.8/site-packages/airflow/example_dags/example_params_trigger_ui.py for tasks to queue
[2024-10-10T13:20:36.934+0700] {logging_mixin.py:149} INFO - [2024-10-10T13:20:36.933+0700] {dagbag.py:541} INFO - Filling up the DagBag from /home/hasyidan/venv/lib/python3.8/site-packages/airflow/example_dags/example_params_trigger_ui.py
[2024-10-10T13:20:37.146+0700] {processor.py:836} INFO - DAG(s) dict_keys(['example_params_trigger_ui']) retrieved from /home/hasyidan/venv/lib/python3.8/site-packages/airflow/example_dags/example_params_trigger_ui.py
[2024-10-10T13:20:37.534+0700] {logging_mixin.py:149} INFO - [2024-10-10T13:20:37.534+0700] {dag.py:2726} INFO - Sync 1 DAGs
[2024-10-10T13:20:37.578+0700] {logging_mixin.py:149} INFO - [2024-10-10T13:20:37.578+0700] {dag.py:3486} INFO - Setting next_dagrun for example_params_trigger_ui to None, run_after=None
[2024-10-10T13:20:38.149+0700] {processor.py:179} INFO - Processing /home/hasyidan/venv/lib/python3.8/site-packages/airflow/example_dags/example_params_trigger_ui.py took 1.309 seconds
[2024-10-10T13:25:54.368+0700] {processor.py:157} INFO - Started process (PID=2580) to work on /home/hasyidan/venv/lib/python3.8/site-packages/airflow/example_dags/example_params_trigger_ui.py
[2024-10-10T13:25:54.450+0700] {processor.py:826} INFO - Processing file /home/hasyidan/venv/lib/python3.8/site-packages/airflow/example_dags/example_params_trigger_ui.py for tasks to queue
[2024-10-10T13:25:54.452+0700] {logging_mixin.py:149} INFO - [2024-10-10T13:25:54.452+0700] {dagbag.py:541} INFO - Filling up the DagBag from /home/hasyidan/venv/lib/python3.8/site-packages/airflow/example_dags/example_params_trigger_ui.py
[2024-10-10T13:25:54.912+0700] {processor.py:836} INFO - DAG(s) dict_keys(['example_params_trigger_ui']) retrieved from /home/hasyidan/venv/lib/python3.8/site-packages/airflow/example_dags/example_params_trigger_ui.py
[2024-10-10T13:25:55.420+0700] {logging_mixin.py:149} INFO - [2024-10-10T13:25:55.419+0700] {dag.py:2726} INFO - Sync 1 DAGs
[2024-10-10T13:25:55.550+0700] {logging_mixin.py:149} INFO - [2024-10-10T13:25:55.550+0700] {dag.py:3486} INFO - Setting next_dagrun for example_params_trigger_ui to None, run_after=None
[2024-10-10T13:25:55.909+0700] {processor.py:179} INFO - Processing /home/hasyidan/venv/lib/python3.8/site-packages/airflow/example_dags/example_params_trigger_ui.py took 1.557 seconds
