[2024-10-10T11:48:54.040+0700] {processor.py:157} INFO - Started process (PID=2920) to work on /home/hasyidan/venv/lib/python3.8/site-packages/airflow/example_dags/example_branch_datetime_operator.py
[2024-10-10T11:48:54.042+0700] {processor.py:826} INFO - Processing file /home/hasyidan/venv/lib/python3.8/site-packages/airflow/example_dags/example_branch_datetime_operator.py for tasks to queue
[2024-10-10T11:48:54.043+0700] {logging_mixin.py:149} INFO - [2024-10-10T11:48:54.043+0700] {dagbag.py:541} INFO - Filling up the DagBag from /home/hasyidan/venv/lib/python3.8/site-packages/airflow/example_dags/example_branch_datetime_operator.py
[2024-10-10T11:48:54.063+0700] {processor.py:836} INFO - DAG(s) dict_keys(['example_branch_datetime_operator_2', 'example_branch_datetime_operator_3', 'example_branch_datetime_operator']) retrieved from /home/hasyidan/venv/lib/python3.8/site-packages/airflow/example_dags/example_branch_datetime_operator.py
[2024-10-10T11:48:54.115+0700] {logging_mixin.py:149} INFO - [2024-10-10T11:48:54.114+0700] {dag.py:2726} INFO - Sync 3 DAGs
[2024-10-10T11:48:54.160+0700] {logging_mixin.py:149} INFO - [2024-10-10T11:48:54.160+0700] {dag.py:3486} INFO - Setting next_dagrun for example_branch_datetime_operator to 2024-10-09T00:00:00+00:00, run_after=2024-10-10T00:00:00+00:00
[2024-10-10T11:48:54.172+0700] {logging_mixin.py:149} INFO - [2024-10-10T11:48:54.172+0700] {dag.py:3486} INFO - Setting next_dagrun for example_branch_datetime_operator_2 to 2024-10-09T00:00:00+00:00, run_after=2024-10-10T00:00:00+00:00
[2024-10-10T11:48:54.177+0700] {logging_mixin.py:149} INFO - [2024-10-10T11:48:54.177+0700] {dag.py:3486} INFO - Setting next_dagrun for example_branch_datetime_operator_3 to 2024-10-09T00:00:00+00:00, run_after=2024-10-10T00:00:00+00:00
[2024-10-10T11:48:54.571+0700] {processor.py:179} INFO - Processing /home/hasyidan/venv/lib/python3.8/site-packages/airflow/example_dags/example_branch_datetime_operator.py took 0.537 seconds
[2024-10-10T11:52:27.484+0700] {processor.py:157} INFO - Started process (PID=3260) to work on /home/hasyidan/venv/lib/python3.8/site-packages/airflow/example_dags/example_branch_datetime_operator.py
[2024-10-10T11:52:27.516+0700] {processor.py:826} INFO - Processing file /home/hasyidan/venv/lib/python3.8/site-packages/airflow/example_dags/example_branch_datetime_operator.py for tasks to queue
[2024-10-10T11:52:27.518+0700] {logging_mixin.py:149} INFO - [2024-10-10T11:52:27.517+0700] {dagbag.py:541} INFO - Filling up the DagBag from /home/hasyidan/venv/lib/python3.8/site-packages/airflow/example_dags/example_branch_datetime_operator.py
[2024-10-10T11:52:27.921+0700] {processor.py:836} INFO - DAG(s) dict_keys(['example_branch_datetime_operator_3', 'example_branch_datetime_operator', 'example_branch_datetime_operator_2']) retrieved from /home/hasyidan/venv/lib/python3.8/site-packages/airflow/example_dags/example_branch_datetime_operator.py
[2024-10-10T11:52:28.170+0700] {logging_mixin.py:149} INFO - [2024-10-10T11:52:28.170+0700] {dag.py:2726} INFO - Sync 3 DAGs
[2024-10-10T11:52:28.223+0700] {logging_mixin.py:149} INFO - [2024-10-10T11:52:28.223+0700] {dag.py:3486} INFO - Setting next_dagrun for example_branch_datetime_operator to 2024-10-09T00:00:00+00:00, run_after=2024-10-10T00:00:00+00:00
[2024-10-10T11:52:28.234+0700] {logging_mixin.py:149} INFO - [2024-10-10T11:52:28.234+0700] {dag.py:3486} INFO - Setting next_dagrun for example_branch_datetime_operator_2 to 2024-10-09T00:00:00+00:00, run_after=2024-10-10T00:00:00+00:00
[2024-10-10T11:52:28.240+0700] {logging_mixin.py:149} INFO - [2024-10-10T11:52:28.240+0700] {dag.py:3486} INFO - Setting next_dagrun for example_branch_datetime_operator_3 to 2024-10-09T00:00:00+00:00, run_after=2024-10-10T00:00:00+00:00
[2024-10-10T11:52:29.586+0700] {processor.py:179} INFO - Processing /home/hasyidan/venv/lib/python3.8/site-packages/airflow/example_dags/example_branch_datetime_operator.py took 2.109 seconds
[2024-10-10T11:54:00.177+0700] {processor.py:157} INFO - Started process (PID=3381) to work on /home/hasyidan/venv/lib/python3.8/site-packages/airflow/example_dags/example_branch_datetime_operator.py
[2024-10-10T11:54:00.194+0700] {processor.py:826} INFO - Processing file /home/hasyidan/venv/lib/python3.8/site-packages/airflow/example_dags/example_branch_datetime_operator.py for tasks to queue
[2024-10-10T11:54:00.197+0700] {logging_mixin.py:149} INFO - [2024-10-10T11:54:00.196+0700] {dagbag.py:541} INFO - Filling up the DagBag from /home/hasyidan/venv/lib/python3.8/site-packages/airflow/example_dags/example_branch_datetime_operator.py
[2024-10-10T11:54:00.220+0700] {processor.py:836} INFO - DAG(s) dict_keys(['example_branch_datetime_operator', 'example_branch_datetime_operator_2', 'example_branch_datetime_operator_3']) retrieved from /home/hasyidan/venv/lib/python3.8/site-packages/airflow/example_dags/example_branch_datetime_operator.py
[2024-10-10T11:54:00.273+0700] {logging_mixin.py:149} INFO - [2024-10-10T11:54:00.273+0700] {dag.py:2726} INFO - Sync 3 DAGs
[2024-10-10T11:54:00.318+0700] {logging_mixin.py:149} INFO - [2024-10-10T11:54:00.318+0700] {dag.py:3486} INFO - Setting next_dagrun for example_branch_datetime_operator to 2024-10-09T00:00:00+00:00, run_after=2024-10-10T00:00:00+00:00
[2024-10-10T11:54:00.328+0700] {logging_mixin.py:149} INFO - [2024-10-10T11:54:00.328+0700] {dag.py:3486} INFO - Setting next_dagrun for example_branch_datetime_operator_2 to 2024-10-09T00:00:00+00:00, run_after=2024-10-10T00:00:00+00:00
[2024-10-10T11:54:00.333+0700] {logging_mixin.py:149} INFO - [2024-10-10T11:54:00.333+0700] {dag.py:3486} INFO - Setting next_dagrun for example_branch_datetime_operator_3 to 2024-10-09T00:00:00+00:00, run_after=2024-10-10T00:00:00+00:00
[2024-10-10T11:54:00.489+0700] {processor.py:179} INFO - Processing /home/hasyidan/venv/lib/python3.8/site-packages/airflow/example_dags/example_branch_datetime_operator.py took 0.319 seconds
[2024-10-10T11:54:59.360+0700] {processor.py:157} INFO - Started process (PID=3451) to work on /home/hasyidan/venv/lib/python3.8/site-packages/airflow/example_dags/example_branch_datetime_operator.py
[2024-10-10T11:54:59.721+0700] {processor.py:826} INFO - Processing file /home/hasyidan/venv/lib/python3.8/site-packages/airflow/example_dags/example_branch_datetime_operator.py for tasks to queue
[2024-10-10T11:54:59.723+0700] {logging_mixin.py:149} INFO - [2024-10-10T11:54:59.723+0700] {dagbag.py:541} INFO - Filling up the DagBag from /home/hasyidan/venv/lib/python3.8/site-packages/airflow/example_dags/example_branch_datetime_operator.py
[2024-10-10T11:54:59.746+0700] {processor.py:836} INFO - DAG(s) dict_keys(['example_branch_datetime_operator_2', 'example_branch_datetime_operator_3', 'example_branch_datetime_operator']) retrieved from /home/hasyidan/venv/lib/python3.8/site-packages/airflow/example_dags/example_branch_datetime_operator.py
[2024-10-10T11:54:59.799+0700] {logging_mixin.py:149} INFO - [2024-10-10T11:54:59.798+0700] {dag.py:2726} INFO - Sync 3 DAGs
[2024-10-10T11:54:59.847+0700] {logging_mixin.py:149} INFO - [2024-10-10T11:54:59.847+0700] {dag.py:3486} INFO - Setting next_dagrun for example_branch_datetime_operator to 2024-10-09T00:00:00+00:00, run_after=2024-10-10T00:00:00+00:00
[2024-10-10T11:54:59.857+0700] {logging_mixin.py:149} INFO - [2024-10-10T11:54:59.856+0700] {dag.py:3486} INFO - Setting next_dagrun for example_branch_datetime_operator_2 to 2024-10-09T00:00:00+00:00, run_after=2024-10-10T00:00:00+00:00
[2024-10-10T11:54:59.862+0700] {logging_mixin.py:149} INFO - [2024-10-10T11:54:59.861+0700] {dag.py:3486} INFO - Setting next_dagrun for example_branch_datetime_operator_3 to 2024-10-09T00:00:00+00:00, run_after=2024-10-10T00:00:00+00:00
[2024-10-10T11:55:00.206+0700] {processor.py:179} INFO - Processing /home/hasyidan/venv/lib/python3.8/site-packages/airflow/example_dags/example_branch_datetime_operator.py took 0.851 seconds
[2024-10-10T11:56:07.144+0700] {processor.py:157} INFO - Started process (PID=3530) to work on /home/hasyidan/venv/lib/python3.8/site-packages/airflow/example_dags/example_branch_datetime_operator.py
[2024-10-10T11:56:07.180+0700] {processor.py:826} INFO - Processing file /home/hasyidan/venv/lib/python3.8/site-packages/airflow/example_dags/example_branch_datetime_operator.py for tasks to queue
[2024-10-10T11:56:07.183+0700] {logging_mixin.py:149} INFO - [2024-10-10T11:56:07.182+0700] {dagbag.py:541} INFO - Filling up the DagBag from /home/hasyidan/venv/lib/python3.8/site-packages/airflow/example_dags/example_branch_datetime_operator.py
[2024-10-10T11:56:07.206+0700] {processor.py:836} INFO - DAG(s) dict_keys(['example_branch_datetime_operator_3', 'example_branch_datetime_operator', 'example_branch_datetime_operator_2']) retrieved from /home/hasyidan/venv/lib/python3.8/site-packages/airflow/example_dags/example_branch_datetime_operator.py
[2024-10-10T11:56:07.258+0700] {logging_mixin.py:149} INFO - [2024-10-10T11:56:07.258+0700] {dag.py:2726} INFO - Sync 3 DAGs
[2024-10-10T11:56:07.304+0700] {logging_mixin.py:149} INFO - [2024-10-10T11:56:07.303+0700] {dag.py:3486} INFO - Setting next_dagrun for example_branch_datetime_operator to 2024-10-09T00:00:00+00:00, run_after=2024-10-10T00:00:00+00:00
[2024-10-10T11:56:07.313+0700] {logging_mixin.py:149} INFO - [2024-10-10T11:56:07.313+0700] {dag.py:3486} INFO - Setting next_dagrun for example_branch_datetime_operator_2 to 2024-10-09T00:00:00+00:00, run_after=2024-10-10T00:00:00+00:00
[2024-10-10T11:56:07.318+0700] {logging_mixin.py:149} INFO - [2024-10-10T11:56:07.318+0700] {dag.py:3486} INFO - Setting next_dagrun for example_branch_datetime_operator_3 to 2024-10-09T00:00:00+00:00, run_after=2024-10-10T00:00:00+00:00
[2024-10-10T11:56:07.472+0700] {processor.py:179} INFO - Processing /home/hasyidan/venv/lib/python3.8/site-packages/airflow/example_dags/example_branch_datetime_operator.py took 0.334 seconds
[2024-10-10T11:57:05.229+0700] {processor.py:157} INFO - Started process (PID=3592) to work on /home/hasyidan/venv/lib/python3.8/site-packages/airflow/example_dags/example_branch_datetime_operator.py
[2024-10-10T11:57:05.240+0700] {processor.py:826} INFO - Processing file /home/hasyidan/venv/lib/python3.8/site-packages/airflow/example_dags/example_branch_datetime_operator.py for tasks to queue
[2024-10-10T11:57:05.243+0700] {logging_mixin.py:149} INFO - [2024-10-10T11:57:05.243+0700] {dagbag.py:541} INFO - Filling up the DagBag from /home/hasyidan/venv/lib/python3.8/site-packages/airflow/example_dags/example_branch_datetime_operator.py
[2024-10-10T11:57:05.266+0700] {processor.py:836} INFO - DAG(s) dict_keys(['example_branch_datetime_operator_2', 'example_branch_datetime_operator', 'example_branch_datetime_operator_3']) retrieved from /home/hasyidan/venv/lib/python3.8/site-packages/airflow/example_dags/example_branch_datetime_operator.py
[2024-10-10T11:57:05.319+0700] {logging_mixin.py:149} INFO - [2024-10-10T11:57:05.319+0700] {dag.py:2726} INFO - Sync 3 DAGs
[2024-10-10T11:57:05.367+0700] {logging_mixin.py:149} INFO - [2024-10-10T11:57:05.366+0700] {dag.py:3486} INFO - Setting next_dagrun for example_branch_datetime_operator to 2024-10-09T00:00:00+00:00, run_after=2024-10-10T00:00:00+00:00
[2024-10-10T11:57:05.376+0700] {logging_mixin.py:149} INFO - [2024-10-10T11:57:05.376+0700] {dag.py:3486} INFO - Setting next_dagrun for example_branch_datetime_operator_2 to 2024-10-09T00:00:00+00:00, run_after=2024-10-10T00:00:00+00:00
[2024-10-10T11:57:05.381+0700] {logging_mixin.py:149} INFO - [2024-10-10T11:57:05.381+0700] {dag.py:3486} INFO - Setting next_dagrun for example_branch_datetime_operator_3 to 2024-10-09T00:00:00+00:00, run_after=2024-10-10T00:00:00+00:00
[2024-10-10T11:57:05.487+0700] {processor.py:179} INFO - Processing /home/hasyidan/venv/lib/python3.8/site-packages/airflow/example_dags/example_branch_datetime_operator.py took 0.264 seconds
[2024-10-10T11:58:35.063+0700] {processor.py:157} INFO - Started process (PID=3695) to work on /home/hasyidan/venv/lib/python3.8/site-packages/airflow/example_dags/example_branch_datetime_operator.py
[2024-10-10T11:58:35.091+0700] {processor.py:826} INFO - Processing file /home/hasyidan/venv/lib/python3.8/site-packages/airflow/example_dags/example_branch_datetime_operator.py for tasks to queue
[2024-10-10T11:58:35.094+0700] {logging_mixin.py:149} INFO - [2024-10-10T11:58:35.093+0700] {dagbag.py:541} INFO - Filling up the DagBag from /home/hasyidan/venv/lib/python3.8/site-packages/airflow/example_dags/example_branch_datetime_operator.py
[2024-10-10T11:58:35.119+0700] {processor.py:836} INFO - DAG(s) dict_keys(['example_branch_datetime_operator', 'example_branch_datetime_operator_2', 'example_branch_datetime_operator_3']) retrieved from /home/hasyidan/venv/lib/python3.8/site-packages/airflow/example_dags/example_branch_datetime_operator.py
[2024-10-10T11:58:35.176+0700] {logging_mixin.py:149} INFO - [2024-10-10T11:58:35.176+0700] {dag.py:2726} INFO - Sync 3 DAGs
[2024-10-10T11:58:35.229+0700] {logging_mixin.py:149} INFO - [2024-10-10T11:58:35.228+0700] {dag.py:3486} INFO - Setting next_dagrun for example_branch_datetime_operator to 2024-10-09T00:00:00+00:00, run_after=2024-10-10T00:00:00+00:00
[2024-10-10T11:58:35.245+0700] {logging_mixin.py:149} INFO - [2024-10-10T11:58:35.244+0700] {dag.py:3486} INFO - Setting next_dagrun for example_branch_datetime_operator_2 to 2024-10-09T00:00:00+00:00, run_after=2024-10-10T00:00:00+00:00
[2024-10-10T11:58:35.251+0700] {logging_mixin.py:149} INFO - [2024-10-10T11:58:35.251+0700] {dag.py:3486} INFO - Setting next_dagrun for example_branch_datetime_operator_3 to 2024-10-09T00:00:00+00:00, run_after=2024-10-10T00:00:00+00:00
[2024-10-10T11:58:35.361+0700] {processor.py:179} INFO - Processing /home/hasyidan/venv/lib/python3.8/site-packages/airflow/example_dags/example_branch_datetime_operator.py took 0.304 seconds
[2024-10-10T11:59:44.373+0700] {processor.py:157} INFO - Started process (PID=3771) to work on /home/hasyidan/venv/lib/python3.8/site-packages/airflow/example_dags/example_branch_datetime_operator.py
[2024-10-10T11:59:44.389+0700] {processor.py:826} INFO - Processing file /home/hasyidan/venv/lib/python3.8/site-packages/airflow/example_dags/example_branch_datetime_operator.py for tasks to queue
[2024-10-10T11:59:44.392+0700] {logging_mixin.py:149} INFO - [2024-10-10T11:59:44.391+0700] {dagbag.py:541} INFO - Filling up the DagBag from /home/hasyidan/venv/lib/python3.8/site-packages/airflow/example_dags/example_branch_datetime_operator.py
[2024-10-10T11:59:44.416+0700] {processor.py:836} INFO - DAG(s) dict_keys(['example_branch_datetime_operator', 'example_branch_datetime_operator_2', 'example_branch_datetime_operator_3']) retrieved from /home/hasyidan/venv/lib/python3.8/site-packages/airflow/example_dags/example_branch_datetime_operator.py
[2024-10-10T11:59:44.468+0700] {logging_mixin.py:149} INFO - [2024-10-10T11:59:44.468+0700] {dag.py:2726} INFO - Sync 3 DAGs
[2024-10-10T11:59:44.518+0700] {logging_mixin.py:149} INFO - [2024-10-10T11:59:44.517+0700] {dag.py:3486} INFO - Setting next_dagrun for example_branch_datetime_operator to 2024-10-09T00:00:00+00:00, run_after=2024-10-10T00:00:00+00:00
[2024-10-10T11:59:44.527+0700] {logging_mixin.py:149} INFO - [2024-10-10T11:59:44.527+0700] {dag.py:3486} INFO - Setting next_dagrun for example_branch_datetime_operator_2 to 2024-10-09T00:00:00+00:00, run_after=2024-10-10T00:00:00+00:00
[2024-10-10T11:59:44.532+0700] {logging_mixin.py:149} INFO - [2024-10-10T11:59:44.532+0700] {dag.py:3486} INFO - Setting next_dagrun for example_branch_datetime_operator_3 to 2024-10-09T00:00:00+00:00, run_after=2024-10-10T00:00:00+00:00
[2024-10-10T11:59:44.738+0700] {processor.py:179} INFO - Processing /home/hasyidan/venv/lib/python3.8/site-packages/airflow/example_dags/example_branch_datetime_operator.py took 0.372 seconds
[2024-10-10T12:01:07.616+0700] {processor.py:157} INFO - Started process (PID=3858) to work on /home/hasyidan/venv/lib/python3.8/site-packages/airflow/example_dags/example_branch_datetime_operator.py
[2024-10-10T12:01:07.625+0700] {processor.py:826} INFO - Processing file /home/hasyidan/venv/lib/python3.8/site-packages/airflow/example_dags/example_branch_datetime_operator.py for tasks to queue
[2024-10-10T12:01:07.627+0700] {logging_mixin.py:149} INFO - [2024-10-10T12:01:07.627+0700] {dagbag.py:541} INFO - Filling up the DagBag from /home/hasyidan/venv/lib/python3.8/site-packages/airflow/example_dags/example_branch_datetime_operator.py
[2024-10-10T12:01:07.653+0700] {processor.py:836} INFO - DAG(s) dict_keys(['example_branch_datetime_operator', 'example_branch_datetime_operator_3', 'example_branch_datetime_operator_2']) retrieved from /home/hasyidan/venv/lib/python3.8/site-packages/airflow/example_dags/example_branch_datetime_operator.py
[2024-10-10T12:01:07.704+0700] {logging_mixin.py:149} INFO - [2024-10-10T12:01:07.704+0700] {dag.py:2726} INFO - Sync 3 DAGs
[2024-10-10T12:01:07.749+0700] {logging_mixin.py:149} INFO - [2024-10-10T12:01:07.749+0700] {dag.py:3486} INFO - Setting next_dagrun for example_branch_datetime_operator to 2024-10-09T00:00:00+00:00, run_after=2024-10-10T00:00:00+00:00
[2024-10-10T12:01:07.759+0700] {logging_mixin.py:149} INFO - [2024-10-10T12:01:07.758+0700] {dag.py:3486} INFO - Setting next_dagrun for example_branch_datetime_operator_2 to 2024-10-09T00:00:00+00:00, run_after=2024-10-10T00:00:00+00:00
[2024-10-10T12:01:07.764+0700] {logging_mixin.py:149} INFO - [2024-10-10T12:01:07.763+0700] {dag.py:3486} INFO - Setting next_dagrun for example_branch_datetime_operator_3 to 2024-10-09T00:00:00+00:00, run_after=2024-10-10T00:00:00+00:00
[2024-10-10T12:01:07.875+0700] {processor.py:179} INFO - Processing /home/hasyidan/venv/lib/python3.8/site-packages/airflow/example_dags/example_branch_datetime_operator.py took 0.264 seconds
[2024-10-10T12:02:23.044+0700] {processor.py:157} INFO - Started process (PID=3944) to work on /home/hasyidan/venv/lib/python3.8/site-packages/airflow/example_dags/example_branch_datetime_operator.py
[2024-10-10T12:02:23.061+0700] {processor.py:826} INFO - Processing file /home/hasyidan/venv/lib/python3.8/site-packages/airflow/example_dags/example_branch_datetime_operator.py for tasks to queue
[2024-10-10T12:02:23.064+0700] {logging_mixin.py:149} INFO - [2024-10-10T12:02:23.063+0700] {dagbag.py:541} INFO - Filling up the DagBag from /home/hasyidan/venv/lib/python3.8/site-packages/airflow/example_dags/example_branch_datetime_operator.py
[2024-10-10T12:02:23.088+0700] {processor.py:836} INFO - DAG(s) dict_keys(['example_branch_datetime_operator_2', 'example_branch_datetime_operator_3', 'example_branch_datetime_operator']) retrieved from /home/hasyidan/venv/lib/python3.8/site-packages/airflow/example_dags/example_branch_datetime_operator.py
[2024-10-10T12:02:23.141+0700] {logging_mixin.py:149} INFO - [2024-10-10T12:02:23.141+0700] {dag.py:2726} INFO - Sync 3 DAGs
[2024-10-10T12:02:23.186+0700] {logging_mixin.py:149} INFO - [2024-10-10T12:02:23.186+0700] {dag.py:3486} INFO - Setting next_dagrun for example_branch_datetime_operator to 2024-10-09T00:00:00+00:00, run_after=2024-10-10T00:00:00+00:00
[2024-10-10T12:02:23.195+0700] {logging_mixin.py:149} INFO - [2024-10-10T12:02:23.195+0700] {dag.py:3486} INFO - Setting next_dagrun for example_branch_datetime_operator_2 to 2024-10-09T00:00:00+00:00, run_after=2024-10-10T00:00:00+00:00
[2024-10-10T12:02:23.201+0700] {logging_mixin.py:149} INFO - [2024-10-10T12:02:23.200+0700] {dag.py:3486} INFO - Setting next_dagrun for example_branch_datetime_operator_3 to 2024-10-09T00:00:00+00:00, run_after=2024-10-10T00:00:00+00:00
[2024-10-10T12:02:23.323+0700] {processor.py:179} INFO - Processing /home/hasyidan/venv/lib/python3.8/site-packages/airflow/example_dags/example_branch_datetime_operator.py took 0.285 seconds
[2024-10-10T12:03:40.344+0700] {processor.py:157} INFO - Started process (PID=4030) to work on /home/hasyidan/venv/lib/python3.8/site-packages/airflow/example_dags/example_branch_datetime_operator.py
[2024-10-10T12:03:40.346+0700] {processor.py:826} INFO - Processing file /home/hasyidan/venv/lib/python3.8/site-packages/airflow/example_dags/example_branch_datetime_operator.py for tasks to queue
[2024-10-10T12:03:40.347+0700] {logging_mixin.py:149} INFO - [2024-10-10T12:03:40.347+0700] {dagbag.py:541} INFO - Filling up the DagBag from /home/hasyidan/venv/lib/python3.8/site-packages/airflow/example_dags/example_branch_datetime_operator.py
[2024-10-10T12:03:40.367+0700] {processor.py:836} INFO - DAG(s) dict_keys(['example_branch_datetime_operator', 'example_branch_datetime_operator_2', 'example_branch_datetime_operator_3']) retrieved from /home/hasyidan/venv/lib/python3.8/site-packages/airflow/example_dags/example_branch_datetime_operator.py
[2024-10-10T12:03:40.420+0700] {logging_mixin.py:149} INFO - [2024-10-10T12:03:40.419+0700] {dag.py:2726} INFO - Sync 3 DAGs
[2024-10-10T12:03:40.467+0700] {logging_mixin.py:149} INFO - [2024-10-10T12:03:40.466+0700] {dag.py:3486} INFO - Setting next_dagrun for example_branch_datetime_operator to 2024-10-09T00:00:00+00:00, run_after=2024-10-10T00:00:00+00:00
[2024-10-10T12:03:40.476+0700] {logging_mixin.py:149} INFO - [2024-10-10T12:03:40.476+0700] {dag.py:3486} INFO - Setting next_dagrun for example_branch_datetime_operator_2 to 2024-10-09T00:00:00+00:00, run_after=2024-10-10T00:00:00+00:00
[2024-10-10T12:03:40.481+0700] {logging_mixin.py:149} INFO - [2024-10-10T12:03:40.481+0700] {dag.py:3486} INFO - Setting next_dagrun for example_branch_datetime_operator_3 to 2024-10-09T00:00:00+00:00, run_after=2024-10-10T00:00:00+00:00
[2024-10-10T12:03:40.591+0700] {processor.py:179} INFO - Processing /home/hasyidan/venv/lib/python3.8/site-packages/airflow/example_dags/example_branch_datetime_operator.py took 0.253 seconds
[2024-10-10T12:04:59.774+0700] {processor.py:157} INFO - Started process (PID=4168) to work on /home/hasyidan/venv/lib/python3.8/site-packages/airflow/example_dags/example_branch_datetime_operator.py
[2024-10-10T12:04:59.869+0700] {processor.py:826} INFO - Processing file /home/hasyidan/venv/lib/python3.8/site-packages/airflow/example_dags/example_branch_datetime_operator.py for tasks to queue
[2024-10-10T12:04:59.872+0700] {logging_mixin.py:149} INFO - [2024-10-10T12:04:59.871+0700] {dagbag.py:541} INFO - Filling up the DagBag from /home/hasyidan/venv/lib/python3.8/site-packages/airflow/example_dags/example_branch_datetime_operator.py
[2024-10-10T12:04:59.895+0700] {processor.py:836} INFO - DAG(s) dict_keys(['example_branch_datetime_operator', 'example_branch_datetime_operator_3', 'example_branch_datetime_operator_2']) retrieved from /home/hasyidan/venv/lib/python3.8/site-packages/airflow/example_dags/example_branch_datetime_operator.py
[2024-10-10T12:04:59.957+0700] {logging_mixin.py:149} INFO - [2024-10-10T12:04:59.956+0700] {dag.py:2726} INFO - Sync 3 DAGs
[2024-10-10T12:05:00.004+0700] {logging_mixin.py:149} INFO - [2024-10-10T12:05:00.004+0700] {dag.py:3486} INFO - Setting next_dagrun for example_branch_datetime_operator to 2024-10-09T00:00:00+00:00, run_after=2024-10-10T00:00:00+00:00
[2024-10-10T12:05:00.019+0700] {logging_mixin.py:149} INFO - [2024-10-10T12:05:00.018+0700] {dag.py:3486} INFO - Setting next_dagrun for example_branch_datetime_operator_2 to 2024-10-09T00:00:00+00:00, run_after=2024-10-10T00:00:00+00:00
[2024-10-10T12:05:00.024+0700] {logging_mixin.py:149} INFO - [2024-10-10T12:05:00.023+0700] {dag.py:3486} INFO - Setting next_dagrun for example_branch_datetime_operator_3 to 2024-10-09T00:00:00+00:00, run_after=2024-10-10T00:00:00+00:00
[2024-10-10T12:05:00.181+0700] {processor.py:179} INFO - Processing /home/hasyidan/venv/lib/python3.8/site-packages/airflow/example_dags/example_branch_datetime_operator.py took 0.413 seconds
[2024-10-10T12:06:23.203+0700] {processor.py:157} INFO - Started process (PID=4259) to work on /home/hasyidan/venv/lib/python3.8/site-packages/airflow/example_dags/example_branch_datetime_operator.py
[2024-10-10T12:06:23.225+0700] {processor.py:826} INFO - Processing file /home/hasyidan/venv/lib/python3.8/site-packages/airflow/example_dags/example_branch_datetime_operator.py for tasks to queue
[2024-10-10T12:06:23.227+0700] {logging_mixin.py:149} INFO - [2024-10-10T12:06:23.227+0700] {dagbag.py:541} INFO - Filling up the DagBag from /home/hasyidan/venv/lib/python3.8/site-packages/airflow/example_dags/example_branch_datetime_operator.py
[2024-10-10T12:06:23.247+0700] {processor.py:836} INFO - DAG(s) dict_keys(['example_branch_datetime_operator_3', 'example_branch_datetime_operator_2', 'example_branch_datetime_operator']) retrieved from /home/hasyidan/venv/lib/python3.8/site-packages/airflow/example_dags/example_branch_datetime_operator.py
[2024-10-10T12:06:23.299+0700] {logging_mixin.py:149} INFO - [2024-10-10T12:06:23.299+0700] {dag.py:2726} INFO - Sync 3 DAGs
[2024-10-10T12:06:23.345+0700] {logging_mixin.py:149} INFO - [2024-10-10T12:06:23.345+0700] {dag.py:3486} INFO - Setting next_dagrun for example_branch_datetime_operator to 2024-10-09T00:00:00+00:00, run_after=2024-10-10T00:00:00+00:00
[2024-10-10T12:06:23.354+0700] {logging_mixin.py:149} INFO - [2024-10-10T12:06:23.354+0700] {dag.py:3486} INFO - Setting next_dagrun for example_branch_datetime_operator_2 to 2024-10-09T00:00:00+00:00, run_after=2024-10-10T00:00:00+00:00
[2024-10-10T12:06:23.359+0700] {logging_mixin.py:149} INFO - [2024-10-10T12:06:23.359+0700] {dag.py:3486} INFO - Setting next_dagrun for example_branch_datetime_operator_3 to 2024-10-09T00:00:00+00:00, run_after=2024-10-10T00:00:00+00:00
[2024-10-10T12:06:23.468+0700] {processor.py:179} INFO - Processing /home/hasyidan/venv/lib/python3.8/site-packages/airflow/example_dags/example_branch_datetime_operator.py took 0.272 seconds
[2024-10-10T12:07:49.395+0700] {processor.py:157} INFO - Started process (PID=4350) to work on /home/hasyidan/venv/lib/python3.8/site-packages/airflow/example_dags/example_branch_datetime_operator.py
[2024-10-10T12:07:49.404+0700] {processor.py:826} INFO - Processing file /home/hasyidan/venv/lib/python3.8/site-packages/airflow/example_dags/example_branch_datetime_operator.py for tasks to queue
[2024-10-10T12:07:49.405+0700] {logging_mixin.py:149} INFO - [2024-10-10T12:07:49.405+0700] {dagbag.py:541} INFO - Filling up the DagBag from /home/hasyidan/venv/lib/python3.8/site-packages/airflow/example_dags/example_branch_datetime_operator.py
[2024-10-10T12:07:49.427+0700] {processor.py:836} INFO - DAG(s) dict_keys(['example_branch_datetime_operator_3', 'example_branch_datetime_operator_2', 'example_branch_datetime_operator']) retrieved from /home/hasyidan/venv/lib/python3.8/site-packages/airflow/example_dags/example_branch_datetime_operator.py
[2024-10-10T12:07:49.480+0700] {logging_mixin.py:149} INFO - [2024-10-10T12:07:49.480+0700] {dag.py:2726} INFO - Sync 3 DAGs
[2024-10-10T12:07:49.525+0700] {logging_mixin.py:149} INFO - [2024-10-10T12:07:49.525+0700] {dag.py:3486} INFO - Setting next_dagrun for example_branch_datetime_operator to 2024-10-09T00:00:00+00:00, run_after=2024-10-10T00:00:00+00:00
[2024-10-10T12:07:49.535+0700] {logging_mixin.py:149} INFO - [2024-10-10T12:07:49.535+0700] {dag.py:3486} INFO - Setting next_dagrun for example_branch_datetime_operator_2 to 2024-10-09T00:00:00+00:00, run_after=2024-10-10T00:00:00+00:00
[2024-10-10T12:07:49.540+0700] {logging_mixin.py:149} INFO - [2024-10-10T12:07:49.540+0700] {dag.py:3486} INFO - Setting next_dagrun for example_branch_datetime_operator_3 to 2024-10-09T00:00:00+00:00, run_after=2024-10-10T00:00:00+00:00
[2024-10-10T12:07:49.703+0700] {processor.py:179} INFO - Processing /home/hasyidan/venv/lib/python3.8/site-packages/airflow/example_dags/example_branch_datetime_operator.py took 0.314 seconds
[2024-10-10T12:08:46.468+0700] {processor.py:157} INFO - Started process (PID=4417) to work on /home/hasyidan/venv/lib/python3.8/site-packages/airflow/example_dags/example_branch_datetime_operator.py
[2024-10-10T12:08:46.484+0700] {processor.py:826} INFO - Processing file /home/hasyidan/venv/lib/python3.8/site-packages/airflow/example_dags/example_branch_datetime_operator.py for tasks to queue
[2024-10-10T12:08:46.486+0700] {logging_mixin.py:149} INFO - [2024-10-10T12:08:46.486+0700] {dagbag.py:541} INFO - Filling up the DagBag from /home/hasyidan/venv/lib/python3.8/site-packages/airflow/example_dags/example_branch_datetime_operator.py
[2024-10-10T12:08:46.509+0700] {processor.py:836} INFO - DAG(s) dict_keys(['example_branch_datetime_operator_2', 'example_branch_datetime_operator_3', 'example_branch_datetime_operator']) retrieved from /home/hasyidan/venv/lib/python3.8/site-packages/airflow/example_dags/example_branch_datetime_operator.py
[2024-10-10T12:08:46.562+0700] {logging_mixin.py:149} INFO - [2024-10-10T12:08:46.562+0700] {dag.py:2726} INFO - Sync 3 DAGs
[2024-10-10T12:08:46.610+0700] {logging_mixin.py:149} INFO - [2024-10-10T12:08:46.610+0700] {dag.py:3486} INFO - Setting next_dagrun for example_branch_datetime_operator to 2024-10-09T00:00:00+00:00, run_after=2024-10-10T00:00:00+00:00
[2024-10-10T12:08:46.620+0700] {logging_mixin.py:149} INFO - [2024-10-10T12:08:46.619+0700] {dag.py:3486} INFO - Setting next_dagrun for example_branch_datetime_operator_2 to 2024-10-09T00:00:00+00:00, run_after=2024-10-10T00:00:00+00:00
[2024-10-10T12:08:46.625+0700] {logging_mixin.py:149} INFO - [2024-10-10T12:08:46.624+0700] {dag.py:3486} INFO - Setting next_dagrun for example_branch_datetime_operator_3 to 2024-10-09T00:00:00+00:00, run_after=2024-10-10T00:00:00+00:00
[2024-10-10T12:08:46.796+0700] {processor.py:179} INFO - Processing /home/hasyidan/venv/lib/python3.8/site-packages/airflow/example_dags/example_branch_datetime_operator.py took 0.334 seconds
[2024-10-10T12:10:04.713+0700] {processor.py:157} INFO - Started process (PID=4499) to work on /home/hasyidan/venv/lib/python3.8/site-packages/airflow/example_dags/example_branch_datetime_operator.py
[2024-10-10T12:10:04.754+0700] {processor.py:826} INFO - Processing file /home/hasyidan/venv/lib/python3.8/site-packages/airflow/example_dags/example_branch_datetime_operator.py for tasks to queue
[2024-10-10T12:10:04.757+0700] {logging_mixin.py:149} INFO - [2024-10-10T12:10:04.756+0700] {dagbag.py:541} INFO - Filling up the DagBag from /home/hasyidan/venv/lib/python3.8/site-packages/airflow/example_dags/example_branch_datetime_operator.py
[2024-10-10T12:10:04.782+0700] {processor.py:836} INFO - DAG(s) dict_keys(['example_branch_datetime_operator', 'example_branch_datetime_operator_2', 'example_branch_datetime_operator_3']) retrieved from /home/hasyidan/venv/lib/python3.8/site-packages/airflow/example_dags/example_branch_datetime_operator.py
[2024-10-10T12:10:04.878+0700] {logging_mixin.py:149} INFO - [2024-10-10T12:10:04.878+0700] {dag.py:2726} INFO - Sync 3 DAGs
[2024-10-10T12:10:04.928+0700] {logging_mixin.py:149} INFO - [2024-10-10T12:10:04.927+0700] {dag.py:3486} INFO - Setting next_dagrun for example_branch_datetime_operator to 2024-10-09T00:00:00+00:00, run_after=2024-10-10T00:00:00+00:00
[2024-10-10T12:10:04.938+0700] {logging_mixin.py:149} INFO - [2024-10-10T12:10:04.938+0700] {dag.py:3486} INFO - Setting next_dagrun for example_branch_datetime_operator_2 to 2024-10-09T00:00:00+00:00, run_after=2024-10-10T00:00:00+00:00
[2024-10-10T12:10:04.944+0700] {logging_mixin.py:149} INFO - [2024-10-10T12:10:04.944+0700] {dag.py:3486} INFO - Setting next_dagrun for example_branch_datetime_operator_3 to 2024-10-09T00:00:00+00:00, run_after=2024-10-10T00:00:00+00:00
[2024-10-10T12:10:05.042+0700] {processor.py:179} INFO - Processing /home/hasyidan/venv/lib/python3.8/site-packages/airflow/example_dags/example_branch_datetime_operator.py took 0.334 seconds
[2024-10-10T12:11:21.690+0700] {processor.py:157} INFO - Started process (PID=4589) to work on /home/hasyidan/venv/lib/python3.8/site-packages/airflow/example_dags/example_branch_datetime_operator.py
[2024-10-10T12:11:21.768+0700] {processor.py:826} INFO - Processing file /home/hasyidan/venv/lib/python3.8/site-packages/airflow/example_dags/example_branch_datetime_operator.py for tasks to queue
[2024-10-10T12:11:21.770+0700] {logging_mixin.py:149} INFO - [2024-10-10T12:11:21.770+0700] {dagbag.py:541} INFO - Filling up the DagBag from /home/hasyidan/venv/lib/python3.8/site-packages/airflow/example_dags/example_branch_datetime_operator.py
[2024-10-10T12:11:21.795+0700] {processor.py:836} INFO - DAG(s) dict_keys(['example_branch_datetime_operator_2', 'example_branch_datetime_operator_3', 'example_branch_datetime_operator']) retrieved from /home/hasyidan/venv/lib/python3.8/site-packages/airflow/example_dags/example_branch_datetime_operator.py
[2024-10-10T12:11:21.853+0700] {logging_mixin.py:149} INFO - [2024-10-10T12:11:21.852+0700] {dag.py:2726} INFO - Sync 3 DAGs
[2024-10-10T12:11:21.902+0700] {logging_mixin.py:149} INFO - [2024-10-10T12:11:21.901+0700] {dag.py:3486} INFO - Setting next_dagrun for example_branch_datetime_operator to 2024-10-09T00:00:00+00:00, run_after=2024-10-10T00:00:00+00:00
[2024-10-10T12:11:21.912+0700] {logging_mixin.py:149} INFO - [2024-10-10T12:11:21.912+0700] {dag.py:3486} INFO - Setting next_dagrun for example_branch_datetime_operator_2 to 2024-10-09T00:00:00+00:00, run_after=2024-10-10T00:00:00+00:00
[2024-10-10T12:11:21.918+0700] {logging_mixin.py:149} INFO - [2024-10-10T12:11:21.918+0700] {dag.py:3486} INFO - Setting next_dagrun for example_branch_datetime_operator_3 to 2024-10-09T00:00:00+00:00, run_after=2024-10-10T00:00:00+00:00
[2024-10-10T12:11:22.033+0700] {processor.py:179} INFO - Processing /home/hasyidan/venv/lib/python3.8/site-packages/airflow/example_dags/example_branch_datetime_operator.py took 0.350 seconds
[2024-10-10T12:12:17.984+0700] {processor.py:157} INFO - Started process (PID=4659) to work on /home/hasyidan/venv/lib/python3.8/site-packages/airflow/example_dags/example_branch_datetime_operator.py
[2024-10-10T12:12:18.027+0700] {processor.py:826} INFO - Processing file /home/hasyidan/venv/lib/python3.8/site-packages/airflow/example_dags/example_branch_datetime_operator.py for tasks to queue
[2024-10-10T12:12:18.030+0700] {logging_mixin.py:149} INFO - [2024-10-10T12:12:18.029+0700] {dagbag.py:541} INFO - Filling up the DagBag from /home/hasyidan/venv/lib/python3.8/site-packages/airflow/example_dags/example_branch_datetime_operator.py
[2024-10-10T12:12:18.053+0700] {processor.py:836} INFO - DAG(s) dict_keys(['example_branch_datetime_operator', 'example_branch_datetime_operator_2', 'example_branch_datetime_operator_3']) retrieved from /home/hasyidan/venv/lib/python3.8/site-packages/airflow/example_dags/example_branch_datetime_operator.py
[2024-10-10T12:12:18.105+0700] {logging_mixin.py:149} INFO - [2024-10-10T12:12:18.104+0700] {dag.py:2726} INFO - Sync 3 DAGs
[2024-10-10T12:12:18.149+0700] {logging_mixin.py:149} INFO - [2024-10-10T12:12:18.149+0700] {dag.py:3486} INFO - Setting next_dagrun for example_branch_datetime_operator to 2024-10-09T00:00:00+00:00, run_after=2024-10-10T00:00:00+00:00
[2024-10-10T12:12:18.162+0700] {logging_mixin.py:149} INFO - [2024-10-10T12:12:18.162+0700] {dag.py:3486} INFO - Setting next_dagrun for example_branch_datetime_operator_2 to 2024-10-09T00:00:00+00:00, run_after=2024-10-10T00:00:00+00:00
[2024-10-10T12:12:18.167+0700] {logging_mixin.py:149} INFO - [2024-10-10T12:12:18.167+0700] {dag.py:3486} INFO - Setting next_dagrun for example_branch_datetime_operator_3 to 2024-10-09T00:00:00+00:00, run_after=2024-10-10T00:00:00+00:00
[2024-10-10T12:12:18.302+0700] {processor.py:179} INFO - Processing /home/hasyidan/venv/lib/python3.8/site-packages/airflow/example_dags/example_branch_datetime_operator.py took 0.325 seconds
[2024-10-10T12:13:33.704+0700] {processor.py:157} INFO - Started process (PID=4749) to work on /home/hasyidan/venv/lib/python3.8/site-packages/airflow/example_dags/example_branch_datetime_operator.py
[2024-10-10T12:13:33.741+0700] {processor.py:826} INFO - Processing file /home/hasyidan/venv/lib/python3.8/site-packages/airflow/example_dags/example_branch_datetime_operator.py for tasks to queue
[2024-10-10T12:13:33.744+0700] {logging_mixin.py:149} INFO - [2024-10-10T12:13:33.743+0700] {dagbag.py:541} INFO - Filling up the DagBag from /home/hasyidan/venv/lib/python3.8/site-packages/airflow/example_dags/example_branch_datetime_operator.py
[2024-10-10T12:13:33.768+0700] {processor.py:836} INFO - DAG(s) dict_keys(['example_branch_datetime_operator_2', 'example_branch_datetime_operator', 'example_branch_datetime_operator_3']) retrieved from /home/hasyidan/venv/lib/python3.8/site-packages/airflow/example_dags/example_branch_datetime_operator.py
[2024-10-10T12:13:33.820+0700] {logging_mixin.py:149} INFO - [2024-10-10T12:13:33.820+0700] {dag.py:2726} INFO - Sync 3 DAGs
[2024-10-10T12:13:33.864+0700] {logging_mixin.py:149} INFO - [2024-10-10T12:13:33.864+0700] {dag.py:3486} INFO - Setting next_dagrun for example_branch_datetime_operator to 2024-10-09T00:00:00+00:00, run_after=2024-10-10T00:00:00+00:00
[2024-10-10T12:13:33.874+0700] {logging_mixin.py:149} INFO - [2024-10-10T12:13:33.874+0700] {dag.py:3486} INFO - Setting next_dagrun for example_branch_datetime_operator_2 to 2024-10-09T00:00:00+00:00, run_after=2024-10-10T00:00:00+00:00
[2024-10-10T12:13:33.879+0700] {logging_mixin.py:149} INFO - [2024-10-10T12:13:33.879+0700] {dag.py:3486} INFO - Setting next_dagrun for example_branch_datetime_operator_3 to 2024-10-09T00:00:00+00:00, run_after=2024-10-10T00:00:00+00:00
[2024-10-10T12:13:33.995+0700] {processor.py:179} INFO - Processing /home/hasyidan/venv/lib/python3.8/site-packages/airflow/example_dags/example_branch_datetime_operator.py took 0.298 seconds
[2024-10-10T12:14:47.749+0700] {processor.py:157} INFO - Started process (PID=4831) to work on /home/hasyidan/venv/lib/python3.8/site-packages/airflow/example_dags/example_branch_datetime_operator.py
[2024-10-10T12:14:47.781+0700] {processor.py:826} INFO - Processing file /home/hasyidan/venv/lib/python3.8/site-packages/airflow/example_dags/example_branch_datetime_operator.py for tasks to queue
[2024-10-10T12:14:47.782+0700] {logging_mixin.py:149} INFO - [2024-10-10T12:14:47.782+0700] {dagbag.py:541} INFO - Filling up the DagBag from /home/hasyidan/venv/lib/python3.8/site-packages/airflow/example_dags/example_branch_datetime_operator.py
[2024-10-10T12:14:47.803+0700] {processor.py:836} INFO - DAG(s) dict_keys(['example_branch_datetime_operator', 'example_branch_datetime_operator_3', 'example_branch_datetime_operator_2']) retrieved from /home/hasyidan/venv/lib/python3.8/site-packages/airflow/example_dags/example_branch_datetime_operator.py
[2024-10-10T12:14:47.856+0700] {logging_mixin.py:149} INFO - [2024-10-10T12:14:47.855+0700] {dag.py:2726} INFO - Sync 3 DAGs
[2024-10-10T12:14:47.900+0700] {logging_mixin.py:149} INFO - [2024-10-10T12:14:47.900+0700] {dag.py:3486} INFO - Setting next_dagrun for example_branch_datetime_operator to 2024-10-09T00:00:00+00:00, run_after=2024-10-10T00:00:00+00:00
[2024-10-10T12:14:47.909+0700] {logging_mixin.py:149} INFO - [2024-10-10T12:14:47.909+0700] {dag.py:3486} INFO - Setting next_dagrun for example_branch_datetime_operator_2 to 2024-10-09T00:00:00+00:00, run_after=2024-10-10T00:00:00+00:00
[2024-10-10T12:14:47.914+0700] {logging_mixin.py:149} INFO - [2024-10-10T12:14:47.914+0700] {dag.py:3486} INFO - Setting next_dagrun for example_branch_datetime_operator_3 to 2024-10-09T00:00:00+00:00, run_after=2024-10-10T00:00:00+00:00
[2024-10-10T12:14:48.033+0700] {processor.py:179} INFO - Processing /home/hasyidan/venv/lib/python3.8/site-packages/airflow/example_dags/example_branch_datetime_operator.py took 0.290 seconds
[2024-10-10T12:16:05.533+0700] {processor.py:157} INFO - Started process (PID=4923) to work on /home/hasyidan/venv/lib/python3.8/site-packages/airflow/example_dags/example_branch_datetime_operator.py
[2024-10-10T12:16:05.553+0700] {processor.py:826} INFO - Processing file /home/hasyidan/venv/lib/python3.8/site-packages/airflow/example_dags/example_branch_datetime_operator.py for tasks to queue
[2024-10-10T12:16:05.554+0700] {logging_mixin.py:149} INFO - [2024-10-10T12:16:05.554+0700] {dagbag.py:541} INFO - Filling up the DagBag from /home/hasyidan/venv/lib/python3.8/site-packages/airflow/example_dags/example_branch_datetime_operator.py
[2024-10-10T12:16:05.573+0700] {processor.py:836} INFO - DAG(s) dict_keys(['example_branch_datetime_operator_3', 'example_branch_datetime_operator_2', 'example_branch_datetime_operator']) retrieved from /home/hasyidan/venv/lib/python3.8/site-packages/airflow/example_dags/example_branch_datetime_operator.py
[2024-10-10T12:16:05.625+0700] {logging_mixin.py:149} INFO - [2024-10-10T12:16:05.625+0700] {dag.py:2726} INFO - Sync 3 DAGs
[2024-10-10T12:16:05.672+0700] {logging_mixin.py:149} INFO - [2024-10-10T12:16:05.672+0700] {dag.py:3486} INFO - Setting next_dagrun for example_branch_datetime_operator to 2024-10-09T00:00:00+00:00, run_after=2024-10-10T00:00:00+00:00
[2024-10-10T12:16:05.681+0700] {logging_mixin.py:149} INFO - [2024-10-10T12:16:05.681+0700] {dag.py:3486} INFO - Setting next_dagrun for example_branch_datetime_operator_2 to 2024-10-09T00:00:00+00:00, run_after=2024-10-10T00:00:00+00:00
[2024-10-10T12:16:05.686+0700] {logging_mixin.py:149} INFO - [2024-10-10T12:16:05.686+0700] {dag.py:3486} INFO - Setting next_dagrun for example_branch_datetime_operator_3 to 2024-10-09T00:00:00+00:00, run_after=2024-10-10T00:00:00+00:00
[2024-10-10T12:16:05.803+0700] {processor.py:179} INFO - Processing /home/hasyidan/venv/lib/python3.8/site-packages/airflow/example_dags/example_branch_datetime_operator.py took 0.277 seconds
[2024-10-10T12:17:03.605+0700] {processor.py:157} INFO - Started process (PID=4993) to work on /home/hasyidan/venv/lib/python3.8/site-packages/airflow/example_dags/example_branch_datetime_operator.py
[2024-10-10T12:17:03.623+0700] {processor.py:826} INFO - Processing file /home/hasyidan/venv/lib/python3.8/site-packages/airflow/example_dags/example_branch_datetime_operator.py for tasks to queue
[2024-10-10T12:17:03.625+0700] {logging_mixin.py:149} INFO - [2024-10-10T12:17:03.625+0700] {dagbag.py:541} INFO - Filling up the DagBag from /home/hasyidan/venv/lib/python3.8/site-packages/airflow/example_dags/example_branch_datetime_operator.py
[2024-10-10T12:17:03.647+0700] {processor.py:836} INFO - DAG(s) dict_keys(['example_branch_datetime_operator_2', 'example_branch_datetime_operator', 'example_branch_datetime_operator_3']) retrieved from /home/hasyidan/venv/lib/python3.8/site-packages/airflow/example_dags/example_branch_datetime_operator.py
[2024-10-10T12:17:03.699+0700] {logging_mixin.py:149} INFO - [2024-10-10T12:17:03.699+0700] {dag.py:2726} INFO - Sync 3 DAGs
[2024-10-10T12:17:03.746+0700] {logging_mixin.py:149} INFO - [2024-10-10T12:17:03.745+0700] {dag.py:3486} INFO - Setting next_dagrun for example_branch_datetime_operator to 2024-10-09T00:00:00+00:00, run_after=2024-10-10T00:00:00+00:00
[2024-10-10T12:17:03.755+0700] {logging_mixin.py:149} INFO - [2024-10-10T12:17:03.755+0700] {dag.py:3486} INFO - Setting next_dagrun for example_branch_datetime_operator_2 to 2024-10-09T00:00:00+00:00, run_after=2024-10-10T00:00:00+00:00
[2024-10-10T12:17:03.760+0700] {logging_mixin.py:149} INFO - [2024-10-10T12:17:03.760+0700] {dag.py:3486} INFO - Setting next_dagrun for example_branch_datetime_operator_3 to 2024-10-09T00:00:00+00:00, run_after=2024-10-10T00:00:00+00:00
[2024-10-10T12:17:03.898+0700] {processor.py:179} INFO - Processing /home/hasyidan/venv/lib/python3.8/site-packages/airflow/example_dags/example_branch_datetime_operator.py took 0.300 seconds
[2024-10-10T12:18:23.442+0700] {processor.py:157} INFO - Started process (PID=5087) to work on /home/hasyidan/venv/lib/python3.8/site-packages/airflow/example_dags/example_branch_datetime_operator.py
[2024-10-10T12:18:23.473+0700] {processor.py:826} INFO - Processing file /home/hasyidan/venv/lib/python3.8/site-packages/airflow/example_dags/example_branch_datetime_operator.py for tasks to queue
[2024-10-10T12:18:23.476+0700] {logging_mixin.py:149} INFO - [2024-10-10T12:18:23.475+0700] {dagbag.py:541} INFO - Filling up the DagBag from /home/hasyidan/venv/lib/python3.8/site-packages/airflow/example_dags/example_branch_datetime_operator.py
[2024-10-10T12:18:23.498+0700] {processor.py:836} INFO - DAG(s) dict_keys(['example_branch_datetime_operator_2', 'example_branch_datetime_operator', 'example_branch_datetime_operator_3']) retrieved from /home/hasyidan/venv/lib/python3.8/site-packages/airflow/example_dags/example_branch_datetime_operator.py
[2024-10-10T12:18:23.550+0700] {logging_mixin.py:149} INFO - [2024-10-10T12:18:23.549+0700] {dag.py:2726} INFO - Sync 3 DAGs
[2024-10-10T12:18:23.594+0700] {logging_mixin.py:149} INFO - [2024-10-10T12:18:23.594+0700] {dag.py:3486} INFO - Setting next_dagrun for example_branch_datetime_operator to 2024-10-09T00:00:00+00:00, run_after=2024-10-10T00:00:00+00:00
[2024-10-10T12:18:23.603+0700] {logging_mixin.py:149} INFO - [2024-10-10T12:18:23.603+0700] {dag.py:3486} INFO - Setting next_dagrun for example_branch_datetime_operator_2 to 2024-10-09T00:00:00+00:00, run_after=2024-10-10T00:00:00+00:00
[2024-10-10T12:18:23.608+0700] {logging_mixin.py:149} INFO - [2024-10-10T12:18:23.608+0700] {dag.py:3486} INFO - Setting next_dagrun for example_branch_datetime_operator_3 to 2024-10-09T00:00:00+00:00, run_after=2024-10-10T00:00:00+00:00
[2024-10-10T12:18:23.731+0700] {processor.py:179} INFO - Processing /home/hasyidan/venv/lib/python3.8/site-packages/airflow/example_dags/example_branch_datetime_operator.py took 0.295 seconds
[2024-10-10T12:19:41.800+0700] {processor.py:157} INFO - Started process (PID=5173) to work on /home/hasyidan/venv/lib/python3.8/site-packages/airflow/example_dags/example_branch_datetime_operator.py
[2024-10-10T12:19:41.820+0700] {processor.py:826} INFO - Processing file /home/hasyidan/venv/lib/python3.8/site-packages/airflow/example_dags/example_branch_datetime_operator.py for tasks to queue
[2024-10-10T12:19:41.823+0700] {logging_mixin.py:149} INFO - [2024-10-10T12:19:41.822+0700] {dagbag.py:541} INFO - Filling up the DagBag from /home/hasyidan/venv/lib/python3.8/site-packages/airflow/example_dags/example_branch_datetime_operator.py
[2024-10-10T12:19:41.846+0700] {processor.py:836} INFO - DAG(s) dict_keys(['example_branch_datetime_operator_3', 'example_branch_datetime_operator_2', 'example_branch_datetime_operator']) retrieved from /home/hasyidan/venv/lib/python3.8/site-packages/airflow/example_dags/example_branch_datetime_operator.py
[2024-10-10T12:19:41.898+0700] {logging_mixin.py:149} INFO - [2024-10-10T12:19:41.897+0700] {dag.py:2726} INFO - Sync 3 DAGs
[2024-10-10T12:19:41.942+0700] {logging_mixin.py:149} INFO - [2024-10-10T12:19:41.942+0700] {dag.py:3486} INFO - Setting next_dagrun for example_branch_datetime_operator to 2024-10-09T00:00:00+00:00, run_after=2024-10-10T00:00:00+00:00
[2024-10-10T12:19:41.951+0700] {logging_mixin.py:149} INFO - [2024-10-10T12:19:41.951+0700] {dag.py:3486} INFO - Setting next_dagrun for example_branch_datetime_operator_2 to 2024-10-09T00:00:00+00:00, run_after=2024-10-10T00:00:00+00:00
[2024-10-10T12:19:41.956+0700] {logging_mixin.py:149} INFO - [2024-10-10T12:19:41.956+0700] {dag.py:3486} INFO - Setting next_dagrun for example_branch_datetime_operator_3 to 2024-10-09T00:00:00+00:00, run_after=2024-10-10T00:00:00+00:00
[2024-10-10T12:19:42.079+0700] {processor.py:179} INFO - Processing /home/hasyidan/venv/lib/python3.8/site-packages/airflow/example_dags/example_branch_datetime_operator.py took 0.285 seconds
[2024-10-10T12:21:06.556+0700] {processor.py:157} INFO - Started process (PID=5273) to work on /home/hasyidan/venv/lib/python3.8/site-packages/airflow/example_dags/example_branch_datetime_operator.py
[2024-10-10T12:21:06.582+0700] {processor.py:826} INFO - Processing file /home/hasyidan/venv/lib/python3.8/site-packages/airflow/example_dags/example_branch_datetime_operator.py for tasks to queue
[2024-10-10T12:21:06.585+0700] {logging_mixin.py:149} INFO - [2024-10-10T12:21:06.584+0700] {dagbag.py:541} INFO - Filling up the DagBag from /home/hasyidan/venv/lib/python3.8/site-packages/airflow/example_dags/example_branch_datetime_operator.py
[2024-10-10T12:21:06.608+0700] {processor.py:836} INFO - DAG(s) dict_keys(['example_branch_datetime_operator_2', 'example_branch_datetime_operator_3', 'example_branch_datetime_operator']) retrieved from /home/hasyidan/venv/lib/python3.8/site-packages/airflow/example_dags/example_branch_datetime_operator.py
[2024-10-10T12:21:06.663+0700] {logging_mixin.py:149} INFO - [2024-10-10T12:21:06.663+0700] {dag.py:2726} INFO - Sync 3 DAGs
[2024-10-10T12:21:06.708+0700] {logging_mixin.py:149} INFO - [2024-10-10T12:21:06.708+0700] {dag.py:3486} INFO - Setting next_dagrun for example_branch_datetime_operator to 2024-10-09T00:00:00+00:00, run_after=2024-10-10T00:00:00+00:00
[2024-10-10T12:21:06.717+0700] {logging_mixin.py:149} INFO - [2024-10-10T12:21:06.717+0700] {dag.py:3486} INFO - Setting next_dagrun for example_branch_datetime_operator_2 to 2024-10-09T00:00:00+00:00, run_after=2024-10-10T00:00:00+00:00
[2024-10-10T12:21:06.723+0700] {logging_mixin.py:149} INFO - [2024-10-10T12:21:06.723+0700] {dag.py:3486} INFO - Setting next_dagrun for example_branch_datetime_operator_3 to 2024-10-09T00:00:00+00:00, run_after=2024-10-10T00:00:00+00:00
[2024-10-10T12:21:06.841+0700] {processor.py:179} INFO - Processing /home/hasyidan/venv/lib/python3.8/site-packages/airflow/example_dags/example_branch_datetime_operator.py took 0.291 seconds
[2024-10-10T13:24:34.764+0700] {processor.py:157} INFO - Started process (PID=2522) to work on /home/hasyidan/venv/lib/python3.8/site-packages/airflow/example_dags/example_branch_datetime_operator.py
[2024-10-10T13:24:34.898+0700] {processor.py:826} INFO - Processing file /home/hasyidan/venv/lib/python3.8/site-packages/airflow/example_dags/example_branch_datetime_operator.py for tasks to queue
[2024-10-10T13:24:34.936+0700] {logging_mixin.py:149} INFO - [2024-10-10T13:24:34.935+0700] {dagbag.py:541} INFO - Filling up the DagBag from /home/hasyidan/venv/lib/python3.8/site-packages/airflow/example_dags/example_branch_datetime_operator.py
[2024-10-10T13:24:35.870+0700] {processor.py:836} INFO - DAG(s) dict_keys(['example_branch_datetime_operator', 'example_branch_datetime_operator_3', 'example_branch_datetime_operator_2']) retrieved from /home/hasyidan/venv/lib/python3.8/site-packages/airflow/example_dags/example_branch_datetime_operator.py
[2024-10-10T13:24:40.590+0700] {logging_mixin.py:149} INFO - [2024-10-10T13:24:40.590+0700] {dag.py:2726} INFO - Sync 3 DAGs
[2024-10-10T13:24:40.708+0700] {logging_mixin.py:149} INFO - [2024-10-10T13:24:40.708+0700] {dag.py:3486} INFO - Setting next_dagrun for example_branch_datetime_operator to 2024-10-09T00:00:00+00:00, run_after=2024-10-10T00:00:00+00:00
[2024-10-10T13:24:40.734+0700] {logging_mixin.py:149} INFO - [2024-10-10T13:24:40.734+0700] {dag.py:3486} INFO - Setting next_dagrun for example_branch_datetime_operator_2 to 2024-10-09T00:00:00+00:00, run_after=2024-10-10T00:00:00+00:00
[2024-10-10T13:24:40.744+0700] {logging_mixin.py:149} INFO - [2024-10-10T13:24:40.744+0700] {dag.py:3486} INFO - Setting next_dagrun for example_branch_datetime_operator_3 to 2024-10-09T00:00:00+00:00, run_after=2024-10-10T00:00:00+00:00
[2024-10-10T13:24:40.955+0700] {processor.py:179} INFO - Processing /home/hasyidan/venv/lib/python3.8/site-packages/airflow/example_dags/example_branch_datetime_operator.py took 6.453 seconds
