[2024-10-10T11:42:55.412+0700] {processor.py:157} INFO - Started process (PID=2744) to work on /home/hasyidan/venv/lib/python3.8/site-packages/airflow/example_dags/example_short_circuit_operator.py
[2024-10-10T11:42:55.414+0700] {processor.py:826} INFO - Processing file /home/hasyidan/venv/lib/python3.8/site-packages/airflow/example_dags/example_short_circuit_operator.py for tasks to queue
[2024-10-10T11:42:55.415+0700] {logging_mixin.py:149} INFO - [2024-10-10T11:42:55.415+0700] {dagbag.py:541} INFO - Filling up the DagBag from /home/hasyidan/venv/lib/python3.8/site-packages/airflow/example_dags/example_short_circuit_operator.py
[2024-10-10T11:42:55.472+0700] {processor.py:836} INFO - DAG(s) dict_keys(['example_short_circuit_operator']) retrieved from /home/hasyidan/venv/lib/python3.8/site-packages/airflow/example_dags/example_short_circuit_operator.py
[2024-10-10T11:42:55.517+0700] {logging_mixin.py:149} INFO - [2024-10-10T11:42:55.517+0700] {dag.py:2726} INFO - Sync 1 DAGs
[2024-10-10T11:42:55.565+0700] {logging_mixin.py:149} INFO - [2024-10-10T11:42:55.565+0700] {dag.py:3486} INFO - Setting next_dagrun for example_short_circuit_operator to 2024-10-09T04:42:55.564656+00:00, run_after=2024-10-10T04:42:55.564656+00:00
[2024-10-10T11:42:55.812+0700] {processor.py:179} INFO - Processing /home/hasyidan/venv/lib/python3.8/site-packages/airflow/example_dags/example_short_circuit_operator.py took 0.406 seconds
[2024-10-10T11:48:20.967+0700] {processor.py:157} INFO - Started process (PID=2895) to work on /home/hasyidan/venv/lib/python3.8/site-packages/airflow/example_dags/example_short_circuit_operator.py
[2024-10-10T11:48:20.987+0700] {processor.py:826} INFO - Processing file /home/hasyidan/venv/lib/python3.8/site-packages/airflow/example_dags/example_short_circuit_operator.py for tasks to queue
[2024-10-10T11:48:20.993+0700] {logging_mixin.py:149} INFO - [2024-10-10T11:48:20.992+0700] {dagbag.py:541} INFO - Filling up the DagBag from /home/hasyidan/venv/lib/python3.8/site-packages/airflow/example_dags/example_short_circuit_operator.py
[2024-10-10T11:48:21.123+0700] {processor.py:836} INFO - DAG(s) dict_keys(['example_short_circuit_operator']) retrieved from /home/hasyidan/venv/lib/python3.8/site-packages/airflow/example_dags/example_short_circuit_operator.py
[2024-10-10T11:48:21.237+0700] {logging_mixin.py:149} INFO - [2024-10-10T11:48:21.236+0700] {dag.py:2726} INFO - Sync 1 DAGs
[2024-10-10T11:48:21.344+0700] {logging_mixin.py:149} INFO - [2024-10-10T11:48:21.344+0700] {dag.py:3486} INFO - Setting next_dagrun for example_short_circuit_operator to 2024-10-09T04:48:21.343054+00:00, run_after=2024-10-10T04:48:21.343054+00:00
[2024-10-10T11:48:21.661+0700] {processor.py:179} INFO - Processing /home/hasyidan/venv/lib/python3.8/site-packages/airflow/example_dags/example_short_circuit_operator.py took 0.703 seconds
[2024-10-10T11:49:31.406+0700] {processor.py:157} INFO - Started process (PID=2951) to work on /home/hasyidan/venv/lib/python3.8/site-packages/airflow/example_dags/example_short_circuit_operator.py
[2024-10-10T11:49:31.683+0700] {processor.py:826} INFO - Processing file /home/hasyidan/venv/lib/python3.8/site-packages/airflow/example_dags/example_short_circuit_operator.py for tasks to queue
[2024-10-10T11:49:31.686+0700] {logging_mixin.py:149} INFO - [2024-10-10T11:49:31.685+0700] {dagbag.py:541} INFO - Filling up the DagBag from /home/hasyidan/venv/lib/python3.8/site-packages/airflow/example_dags/example_short_circuit_operator.py
[2024-10-10T11:49:31.704+0700] {processor.py:836} INFO - DAG(s) dict_keys(['example_short_circuit_operator']) retrieved from /home/hasyidan/venv/lib/python3.8/site-packages/airflow/example_dags/example_short_circuit_operator.py
[2024-10-10T11:49:31.747+0700] {logging_mixin.py:149} INFO - [2024-10-10T11:49:31.747+0700] {dag.py:2726} INFO - Sync 1 DAGs
[2024-10-10T11:49:31.998+0700] {logging_mixin.py:149} INFO - [2024-10-10T11:49:31.997+0700] {dag.py:3486} INFO - Setting next_dagrun for example_short_circuit_operator to 2024-10-09T04:49:31.997544+00:00, run_after=2024-10-10T04:49:31.997544+00:00
[2024-10-10T11:49:32.332+0700] {processor.py:179} INFO - Processing /home/hasyidan/venv/lib/python3.8/site-packages/airflow/example_dags/example_short_circuit_operator.py took 0.932 seconds
[2024-10-10T11:53:06.914+0700] {processor.py:157} INFO - Started process (PID=3329) to work on /home/hasyidan/venv/lib/python3.8/site-packages/airflow/example_dags/example_short_circuit_operator.py
[2024-10-10T11:53:06.932+0700] {processor.py:826} INFO - Processing file /home/hasyidan/venv/lib/python3.8/site-packages/airflow/example_dags/example_short_circuit_operator.py for tasks to queue
[2024-10-10T11:53:06.935+0700] {logging_mixin.py:149} INFO - [2024-10-10T11:53:06.934+0700] {dagbag.py:541} INFO - Filling up the DagBag from /home/hasyidan/venv/lib/python3.8/site-packages/airflow/example_dags/example_short_circuit_operator.py
[2024-10-10T11:53:06.954+0700] {processor.py:836} INFO - DAG(s) dict_keys(['example_short_circuit_operator']) retrieved from /home/hasyidan/venv/lib/python3.8/site-packages/airflow/example_dags/example_short_circuit_operator.py
[2024-10-10T11:53:07.032+0700] {logging_mixin.py:149} INFO - [2024-10-10T11:53:07.031+0700] {dag.py:2726} INFO - Sync 1 DAGs
[2024-10-10T11:53:07.083+0700] {logging_mixin.py:149} INFO - [2024-10-10T11:53:07.083+0700] {dag.py:3486} INFO - Setting next_dagrun for example_short_circuit_operator to 2024-10-09T04:53:07.082596+00:00, run_after=2024-10-10T04:53:07.082596+00:00
[2024-10-10T11:53:07.222+0700] {processor.py:179} INFO - Processing /home/hasyidan/venv/lib/python3.8/site-packages/airflow/example_dags/example_short_circuit_operator.py took 0.314 seconds
[2024-10-10T11:54:05.478+0700] {processor.py:157} INFO - Started process (PID=3387) to work on /home/hasyidan/venv/lib/python3.8/site-packages/airflow/example_dags/example_short_circuit_operator.py
[2024-10-10T11:54:05.496+0700] {processor.py:826} INFO - Processing file /home/hasyidan/venv/lib/python3.8/site-packages/airflow/example_dags/example_short_circuit_operator.py for tasks to queue
[2024-10-10T11:54:05.499+0700] {logging_mixin.py:149} INFO - [2024-10-10T11:54:05.498+0700] {dagbag.py:541} INFO - Filling up the DagBag from /home/hasyidan/venv/lib/python3.8/site-packages/airflow/example_dags/example_short_circuit_operator.py
[2024-10-10T11:54:05.518+0700] {processor.py:836} INFO - DAG(s) dict_keys(['example_short_circuit_operator']) retrieved from /home/hasyidan/venv/lib/python3.8/site-packages/airflow/example_dags/example_short_circuit_operator.py
[2024-10-10T11:54:05.560+0700] {logging_mixin.py:149} INFO - [2024-10-10T11:54:05.560+0700] {dag.py:2726} INFO - Sync 1 DAGs
[2024-10-10T11:54:05.603+0700] {logging_mixin.py:149} INFO - [2024-10-10T11:54:05.602+0700] {dag.py:3486} INFO - Setting next_dagrun for example_short_circuit_operator to 2024-10-09T04:54:05.602385+00:00, run_after=2024-10-10T04:54:05.602385+00:00
[2024-10-10T11:54:05.719+0700] {processor.py:179} INFO - Processing /home/hasyidan/venv/lib/python3.8/site-packages/airflow/example_dags/example_short_circuit_operator.py took 0.248 seconds
[2024-10-10T11:55:05.576+0700] {processor.py:157} INFO - Started process (PID=3466) to work on /home/hasyidan/venv/lib/python3.8/site-packages/airflow/example_dags/example_short_circuit_operator.py
[2024-10-10T11:55:06.654+0700] {processor.py:826} INFO - Processing file /home/hasyidan/venv/lib/python3.8/site-packages/airflow/example_dags/example_short_circuit_operator.py for tasks to queue
[2024-10-10T11:55:06.656+0700] {logging_mixin.py:149} INFO - [2024-10-10T11:55:06.655+0700] {dagbag.py:541} INFO - Filling up the DagBag from /home/hasyidan/venv/lib/python3.8/site-packages/airflow/example_dags/example_short_circuit_operator.py
[2024-10-10T11:55:06.675+0700] {processor.py:836} INFO - DAG(s) dict_keys(['example_short_circuit_operator']) retrieved from /home/hasyidan/venv/lib/python3.8/site-packages/airflow/example_dags/example_short_circuit_operator.py
[2024-10-10T11:55:06.718+0700] {logging_mixin.py:149} INFO - [2024-10-10T11:55:06.717+0700] {dag.py:2726} INFO - Sync 1 DAGs
[2024-10-10T11:55:06.763+0700] {logging_mixin.py:149} INFO - [2024-10-10T11:55:06.762+0700] {dag.py:3486} INFO - Setting next_dagrun for example_short_circuit_operator to 2024-10-09T04:55:06.762418+00:00, run_after=2024-10-10T04:55:06.762418+00:00
[2024-10-10T11:55:07.481+0700] {processor.py:179} INFO - Processing /home/hasyidan/venv/lib/python3.8/site-packages/airflow/example_dags/example_short_circuit_operator.py took 1.910 seconds
[2024-10-10T11:56:10.330+0700] {processor.py:157} INFO - Started process (PID=3533) to work on /home/hasyidan/venv/lib/python3.8/site-packages/airflow/example_dags/example_short_circuit_operator.py
[2024-10-10T11:56:10.371+0700] {processor.py:826} INFO - Processing file /home/hasyidan/venv/lib/python3.8/site-packages/airflow/example_dags/example_short_circuit_operator.py for tasks to queue
[2024-10-10T11:56:10.373+0700] {logging_mixin.py:149} INFO - [2024-10-10T11:56:10.373+0700] {dagbag.py:541} INFO - Filling up the DagBag from /home/hasyidan/venv/lib/python3.8/site-packages/airflow/example_dags/example_short_circuit_operator.py
[2024-10-10T11:56:10.391+0700] {processor.py:836} INFO - DAG(s) dict_keys(['example_short_circuit_operator']) retrieved from /home/hasyidan/venv/lib/python3.8/site-packages/airflow/example_dags/example_short_circuit_operator.py
[2024-10-10T11:56:10.434+0700] {logging_mixin.py:149} INFO - [2024-10-10T11:56:10.433+0700] {dag.py:2726} INFO - Sync 1 DAGs
[2024-10-10T11:56:10.476+0700] {logging_mixin.py:149} INFO - [2024-10-10T11:56:10.476+0700] {dag.py:3486} INFO - Setting next_dagrun for example_short_circuit_operator to 2024-10-09T04:56:10.475894+00:00, run_after=2024-10-10T04:56:10.475894+00:00
[2024-10-10T11:56:10.624+0700] {processor.py:179} INFO - Processing /home/hasyidan/venv/lib/python3.8/site-packages/airflow/example_dags/example_short_circuit_operator.py took 0.301 seconds
[2024-10-10T11:57:08.889+0700] {processor.py:157} INFO - Started process (PID=3597) to work on /home/hasyidan/venv/lib/python3.8/site-packages/airflow/example_dags/example_short_circuit_operator.py
[2024-10-10T11:57:08.919+0700] {processor.py:826} INFO - Processing file /home/hasyidan/venv/lib/python3.8/site-packages/airflow/example_dags/example_short_circuit_operator.py for tasks to queue
[2024-10-10T11:57:08.921+0700] {logging_mixin.py:149} INFO - [2024-10-10T11:57:08.921+0700] {dagbag.py:541} INFO - Filling up the DagBag from /home/hasyidan/venv/lib/python3.8/site-packages/airflow/example_dags/example_short_circuit_operator.py
[2024-10-10T11:57:08.938+0700] {processor.py:836} INFO - DAG(s) dict_keys(['example_short_circuit_operator']) retrieved from /home/hasyidan/venv/lib/python3.8/site-packages/airflow/example_dags/example_short_circuit_operator.py
[2024-10-10T11:57:08.981+0700] {logging_mixin.py:149} INFO - [2024-10-10T11:57:08.981+0700] {dag.py:2726} INFO - Sync 1 DAGs
[2024-10-10T11:57:09.024+0700] {logging_mixin.py:149} INFO - [2024-10-10T11:57:09.023+0700] {dag.py:3486} INFO - Setting next_dagrun for example_short_circuit_operator to 2024-10-09T04:57:09.023334+00:00, run_after=2024-10-10T04:57:09.023334+00:00
[2024-10-10T11:57:09.164+0700] {processor.py:179} INFO - Processing /home/hasyidan/venv/lib/python3.8/site-packages/airflow/example_dags/example_short_circuit_operator.py took 0.282 seconds
[2024-10-10T11:58:06.048+0700] {processor.py:157} INFO - Started process (PID=3657) to work on /home/hasyidan/venv/lib/python3.8/site-packages/airflow/example_dags/example_short_circuit_operator.py
[2024-10-10T11:58:06.126+0700] {processor.py:826} INFO - Processing file /home/hasyidan/venv/lib/python3.8/site-packages/airflow/example_dags/example_short_circuit_operator.py for tasks to queue
[2024-10-10T11:58:06.129+0700] {logging_mixin.py:149} INFO - [2024-10-10T11:58:06.128+0700] {dagbag.py:541} INFO - Filling up the DagBag from /home/hasyidan/venv/lib/python3.8/site-packages/airflow/example_dags/example_short_circuit_operator.py
[2024-10-10T11:58:06.146+0700] {processor.py:836} INFO - DAG(s) dict_keys(['example_short_circuit_operator']) retrieved from /home/hasyidan/venv/lib/python3.8/site-packages/airflow/example_dags/example_short_circuit_operator.py
[2024-10-10T11:58:06.189+0700] {logging_mixin.py:149} INFO - [2024-10-10T11:58:06.189+0700] {dag.py:2726} INFO - Sync 1 DAGs
[2024-10-10T11:58:06.237+0700] {logging_mixin.py:149} INFO - [2024-10-10T11:58:06.237+0700] {dag.py:3486} INFO - Setting next_dagrun for example_short_circuit_operator to 2024-10-09T04:58:06.236634+00:00, run_after=2024-10-10T04:58:06.236634+00:00
[2024-10-10T11:58:06.380+0700] {processor.py:179} INFO - Processing /home/hasyidan/venv/lib/python3.8/site-packages/airflow/example_dags/example_short_circuit_operator.py took 0.338 seconds
[2024-10-10T11:59:06.394+0700] {processor.py:157} INFO - Started process (PID=3733) to work on /home/hasyidan/venv/lib/python3.8/site-packages/airflow/example_dags/example_short_circuit_operator.py
[2024-10-10T11:59:06.430+0700] {processor.py:826} INFO - Processing file /home/hasyidan/venv/lib/python3.8/site-packages/airflow/example_dags/example_short_circuit_operator.py for tasks to queue
[2024-10-10T11:59:06.433+0700] {logging_mixin.py:149} INFO - [2024-10-10T11:59:06.432+0700] {dagbag.py:541} INFO - Filling up the DagBag from /home/hasyidan/venv/lib/python3.8/site-packages/airflow/example_dags/example_short_circuit_operator.py
[2024-10-10T11:59:06.489+0700] {processor.py:836} INFO - DAG(s) dict_keys(['example_short_circuit_operator']) retrieved from /home/hasyidan/venv/lib/python3.8/site-packages/airflow/example_dags/example_short_circuit_operator.py
[2024-10-10T11:59:06.571+0700] {logging_mixin.py:149} INFO - [2024-10-10T11:59:06.571+0700] {dag.py:2726} INFO - Sync 1 DAGs
[2024-10-10T11:59:06.624+0700] {logging_mixin.py:149} INFO - [2024-10-10T11:59:06.623+0700] {dag.py:3486} INFO - Setting next_dagrun for example_short_circuit_operator to 2024-10-09T04:59:06.623317+00:00, run_after=2024-10-10T04:59:06.623317+00:00
[2024-10-10T11:59:06.749+0700] {processor.py:179} INFO - Processing /home/hasyidan/venv/lib/python3.8/site-packages/airflow/example_dags/example_short_circuit_operator.py took 0.370 seconds
[2024-10-10T12:00:05.264+0700] {processor.py:157} INFO - Started process (PID=3793) to work on /home/hasyidan/venv/lib/python3.8/site-packages/airflow/example_dags/example_short_circuit_operator.py
[2024-10-10T12:00:05.286+0700] {processor.py:826} INFO - Processing file /home/hasyidan/venv/lib/python3.8/site-packages/airflow/example_dags/example_short_circuit_operator.py for tasks to queue
[2024-10-10T12:00:05.289+0700] {logging_mixin.py:149} INFO - [2024-10-10T12:00:05.288+0700] {dagbag.py:541} INFO - Filling up the DagBag from /home/hasyidan/venv/lib/python3.8/site-packages/airflow/example_dags/example_short_circuit_operator.py
[2024-10-10T12:00:05.308+0700] {processor.py:836} INFO - DAG(s) dict_keys(['example_short_circuit_operator']) retrieved from /home/hasyidan/venv/lib/python3.8/site-packages/airflow/example_dags/example_short_circuit_operator.py
[2024-10-10T12:00:05.350+0700] {logging_mixin.py:149} INFO - [2024-10-10T12:00:05.350+0700] {dag.py:2726} INFO - Sync 1 DAGs
[2024-10-10T12:00:05.394+0700] {logging_mixin.py:149} INFO - [2024-10-10T12:00:05.394+0700] {dag.py:3486} INFO - Setting next_dagrun for example_short_circuit_operator to 2024-10-09T05:00:05.393860+00:00, run_after=2024-10-10T05:00:05.393860+00:00
[2024-10-10T12:00:05.502+0700] {processor.py:179} INFO - Processing /home/hasyidan/venv/lib/python3.8/site-packages/airflow/example_dags/example_short_circuit_operator.py took 0.245 seconds
[2024-10-10T12:00:59.810+0700] {processor.py:157} INFO - Started process (PID=3850) to work on /home/hasyidan/venv/lib/python3.8/site-packages/airflow/example_dags/example_short_circuit_operator.py
[2024-10-10T12:00:59.821+0700] {processor.py:826} INFO - Processing file /home/hasyidan/venv/lib/python3.8/site-packages/airflow/example_dags/example_short_circuit_operator.py for tasks to queue
[2024-10-10T12:00:59.824+0700] {logging_mixin.py:149} INFO - [2024-10-10T12:00:59.823+0700] {dagbag.py:541} INFO - Filling up the DagBag from /home/hasyidan/venv/lib/python3.8/site-packages/airflow/example_dags/example_short_circuit_operator.py
[2024-10-10T12:00:59.842+0700] {processor.py:836} INFO - DAG(s) dict_keys(['example_short_circuit_operator']) retrieved from /home/hasyidan/venv/lib/python3.8/site-packages/airflow/example_dags/example_short_circuit_operator.py
[2024-10-10T12:00:59.884+0700] {logging_mixin.py:149} INFO - [2024-10-10T12:00:59.884+0700] {dag.py:2726} INFO - Sync 1 DAGs
[2024-10-10T12:00:59.927+0700] {logging_mixin.py:149} INFO - [2024-10-10T12:00:59.927+0700] {dag.py:3486} INFO - Setting next_dagrun for example_short_circuit_operator to 2024-10-09T05:00:59.926650+00:00, run_after=2024-10-10T05:00:59.926650+00:00
[2024-10-10T12:01:00.039+0700] {processor.py:179} INFO - Processing /home/hasyidan/venv/lib/python3.8/site-packages/airflow/example_dags/example_short_circuit_operator.py took 0.235 seconds
[2024-10-10T12:01:53.385+0700] {processor.py:157} INFO - Started process (PID=3908) to work on /home/hasyidan/venv/lib/python3.8/site-packages/airflow/example_dags/example_short_circuit_operator.py
[2024-10-10T12:01:53.387+0700] {processor.py:826} INFO - Processing file /home/hasyidan/venv/lib/python3.8/site-packages/airflow/example_dags/example_short_circuit_operator.py for tasks to queue
[2024-10-10T12:01:53.389+0700] {logging_mixin.py:149} INFO - [2024-10-10T12:01:53.388+0700] {dagbag.py:541} INFO - Filling up the DagBag from /home/hasyidan/venv/lib/python3.8/site-packages/airflow/example_dags/example_short_circuit_operator.py
[2024-10-10T12:01:53.403+0700] {processor.py:836} INFO - DAG(s) dict_keys(['example_short_circuit_operator']) retrieved from /home/hasyidan/venv/lib/python3.8/site-packages/airflow/example_dags/example_short_circuit_operator.py
[2024-10-10T12:01:53.447+0700] {logging_mixin.py:149} INFO - [2024-10-10T12:01:53.446+0700] {dag.py:2726} INFO - Sync 1 DAGs
[2024-10-10T12:01:53.492+0700] {logging_mixin.py:149} INFO - [2024-10-10T12:01:53.492+0700] {dag.py:3486} INFO - Setting next_dagrun for example_short_circuit_operator to 2024-10-09T05:01:53.492039+00:00, run_after=2024-10-10T05:01:53.492039+00:00
[2024-10-10T12:01:53.628+0700] {processor.py:179} INFO - Processing /home/hasyidan/venv/lib/python3.8/site-packages/airflow/example_dags/example_short_circuit_operator.py took 0.250 seconds
[2024-10-10T12:02:43.856+0700] {processor.py:157} INFO - Started process (PID=3966) to work on /home/hasyidan/venv/lib/python3.8/site-packages/airflow/example_dags/example_short_circuit_operator.py
[2024-10-10T12:02:43.859+0700] {processor.py:826} INFO - Processing file /home/hasyidan/venv/lib/python3.8/site-packages/airflow/example_dags/example_short_circuit_operator.py for tasks to queue
[2024-10-10T12:02:43.860+0700] {logging_mixin.py:149} INFO - [2024-10-10T12:02:43.860+0700] {dagbag.py:541} INFO - Filling up the DagBag from /home/hasyidan/venv/lib/python3.8/site-packages/airflow/example_dags/example_short_circuit_operator.py
[2024-10-10T12:02:43.877+0700] {processor.py:836} INFO - DAG(s) dict_keys(['example_short_circuit_operator']) retrieved from /home/hasyidan/venv/lib/python3.8/site-packages/airflow/example_dags/example_short_circuit_operator.py
[2024-10-10T12:02:43.919+0700] {logging_mixin.py:149} INFO - [2024-10-10T12:02:43.918+0700] {dag.py:2726} INFO - Sync 1 DAGs
[2024-10-10T12:02:43.963+0700] {logging_mixin.py:149} INFO - [2024-10-10T12:02:43.962+0700] {dag.py:3486} INFO - Setting next_dagrun for example_short_circuit_operator to 2024-10-09T05:02:43.962526+00:00, run_after=2024-10-10T05:02:43.962526+00:00
[2024-10-10T12:02:44.111+0700] {processor.py:179} INFO - Processing /home/hasyidan/venv/lib/python3.8/site-packages/airflow/example_dags/example_short_circuit_operator.py took 0.260 seconds
[2024-10-10T12:03:36.883+0700] {processor.py:157} INFO - Started process (PID=4025) to work on /home/hasyidan/venv/lib/python3.8/site-packages/airflow/example_dags/example_short_circuit_operator.py
[2024-10-10T12:03:36.885+0700] {processor.py:826} INFO - Processing file /home/hasyidan/venv/lib/python3.8/site-packages/airflow/example_dags/example_short_circuit_operator.py for tasks to queue
[2024-10-10T12:03:36.886+0700] {logging_mixin.py:149} INFO - [2024-10-10T12:03:36.886+0700] {dagbag.py:541} INFO - Filling up the DagBag from /home/hasyidan/venv/lib/python3.8/site-packages/airflow/example_dags/example_short_circuit_operator.py
[2024-10-10T12:03:36.901+0700] {processor.py:836} INFO - DAG(s) dict_keys(['example_short_circuit_operator']) retrieved from /home/hasyidan/venv/lib/python3.8/site-packages/airflow/example_dags/example_short_circuit_operator.py
[2024-10-10T12:03:36.946+0700] {logging_mixin.py:149} INFO - [2024-10-10T12:03:36.946+0700] {dag.py:2726} INFO - Sync 1 DAGs
[2024-10-10T12:03:36.990+0700] {logging_mixin.py:149} INFO - [2024-10-10T12:03:36.990+0700] {dag.py:3486} INFO - Setting next_dagrun for example_short_circuit_operator to 2024-10-09T05:03:36.990053+00:00, run_after=2024-10-10T05:03:36.990053+00:00
[2024-10-10T12:03:37.100+0700] {processor.py:179} INFO - Processing /home/hasyidan/venv/lib/python3.8/site-packages/airflow/example_dags/example_short_circuit_operator.py took 0.223 seconds
[2024-10-10T12:04:28.977+0700] {processor.py:157} INFO - Started process (PID=4080) to work on /home/hasyidan/venv/lib/python3.8/site-packages/airflow/example_dags/example_short_circuit_operator.py
[2024-10-10T12:04:29.003+0700] {processor.py:826} INFO - Processing file /home/hasyidan/venv/lib/python3.8/site-packages/airflow/example_dags/example_short_circuit_operator.py for tasks to queue
[2024-10-10T12:04:29.006+0700] {logging_mixin.py:149} INFO - [2024-10-10T12:04:29.005+0700] {dagbag.py:541} INFO - Filling up the DagBag from /home/hasyidan/venv/lib/python3.8/site-packages/airflow/example_dags/example_short_circuit_operator.py
[2024-10-10T12:04:29.024+0700] {processor.py:836} INFO - DAG(s) dict_keys(['example_short_circuit_operator']) retrieved from /home/hasyidan/venv/lib/python3.8/site-packages/airflow/example_dags/example_short_circuit_operator.py
[2024-10-10T12:04:29.068+0700] {logging_mixin.py:149} INFO - [2024-10-10T12:04:29.067+0700] {dag.py:2726} INFO - Sync 1 DAGs
[2024-10-10T12:04:29.116+0700] {logging_mixin.py:149} INFO - [2024-10-10T12:04:29.116+0700] {dag.py:3486} INFO - Setting next_dagrun for example_short_circuit_operator to 2024-10-09T05:04:29.115614+00:00, run_after=2024-10-10T05:04:29.115614+00:00
[2024-10-10T12:04:29.347+0700] {processor.py:179} INFO - Processing /home/hasyidan/venv/lib/python3.8/site-packages/airflow/example_dags/example_short_circuit_operator.py took 0.376 seconds
[2024-10-10T12:05:22.212+0700] {processor.py:157} INFO - Started process (PID=4193) to work on /home/hasyidan/venv/lib/python3.8/site-packages/airflow/example_dags/example_short_circuit_operator.py
[2024-10-10T12:05:22.225+0700] {processor.py:826} INFO - Processing file /home/hasyidan/venv/lib/python3.8/site-packages/airflow/example_dags/example_short_circuit_operator.py for tasks to queue
[2024-10-10T12:05:22.227+0700] {logging_mixin.py:149} INFO - [2024-10-10T12:05:22.226+0700] {dagbag.py:541} INFO - Filling up the DagBag from /home/hasyidan/venv/lib/python3.8/site-packages/airflow/example_dags/example_short_circuit_operator.py
[2024-10-10T12:05:22.244+0700] {processor.py:836} INFO - DAG(s) dict_keys(['example_short_circuit_operator']) retrieved from /home/hasyidan/venv/lib/python3.8/site-packages/airflow/example_dags/example_short_circuit_operator.py
[2024-10-10T12:05:22.285+0700] {logging_mixin.py:149} INFO - [2024-10-10T12:05:22.285+0700] {dag.py:2726} INFO - Sync 1 DAGs
[2024-10-10T12:05:22.330+0700] {logging_mixin.py:149} INFO - [2024-10-10T12:05:22.330+0700] {dag.py:3486} INFO - Setting next_dagrun for example_short_circuit_operator to 2024-10-09T05:05:22.329679+00:00, run_after=2024-10-10T05:05:22.329679+00:00
[2024-10-10T12:05:22.855+0700] {processor.py:179} INFO - Processing /home/hasyidan/venv/lib/python3.8/site-packages/airflow/example_dags/example_short_circuit_operator.py took 0.649 seconds
[2024-10-10T12:06:17.570+0700] {processor.py:157} INFO - Started process (PID=4254) to work on /home/hasyidan/venv/lib/python3.8/site-packages/airflow/example_dags/example_short_circuit_operator.py
[2024-10-10T12:06:17.626+0700] {processor.py:826} INFO - Processing file /home/hasyidan/venv/lib/python3.8/site-packages/airflow/example_dags/example_short_circuit_operator.py for tasks to queue
[2024-10-10T12:06:17.629+0700] {logging_mixin.py:149} INFO - [2024-10-10T12:06:17.628+0700] {dagbag.py:541} INFO - Filling up the DagBag from /home/hasyidan/venv/lib/python3.8/site-packages/airflow/example_dags/example_short_circuit_operator.py
[2024-10-10T12:06:17.646+0700] {processor.py:836} INFO - DAG(s) dict_keys(['example_short_circuit_operator']) retrieved from /home/hasyidan/venv/lib/python3.8/site-packages/airflow/example_dags/example_short_circuit_operator.py
[2024-10-10T12:06:17.712+0700] {logging_mixin.py:149} INFO - [2024-10-10T12:06:17.712+0700] {dag.py:2726} INFO - Sync 1 DAGs
[2024-10-10T12:06:17.754+0700] {logging_mixin.py:149} INFO - [2024-10-10T12:06:17.754+0700] {dag.py:3486} INFO - Setting next_dagrun for example_short_circuit_operator to 2024-10-09T05:06:17.753686+00:00, run_after=2024-10-10T05:06:17.753686+00:00
[2024-10-10T12:06:17.919+0700] {processor.py:179} INFO - Processing /home/hasyidan/venv/lib/python3.8/site-packages/airflow/example_dags/example_short_circuit_operator.py took 0.355 seconds
[2024-10-10T12:07:13.269+0700] {processor.py:157} INFO - Started process (PID=4313) to work on /home/hasyidan/venv/lib/python3.8/site-packages/airflow/example_dags/example_short_circuit_operator.py
[2024-10-10T12:07:13.297+0700] {processor.py:826} INFO - Processing file /home/hasyidan/venv/lib/python3.8/site-packages/airflow/example_dags/example_short_circuit_operator.py for tasks to queue
[2024-10-10T12:07:13.300+0700] {logging_mixin.py:149} INFO - [2024-10-10T12:07:13.299+0700] {dagbag.py:541} INFO - Filling up the DagBag from /home/hasyidan/venv/lib/python3.8/site-packages/airflow/example_dags/example_short_circuit_operator.py
[2024-10-10T12:07:13.317+0700] {processor.py:836} INFO - DAG(s) dict_keys(['example_short_circuit_operator']) retrieved from /home/hasyidan/venv/lib/python3.8/site-packages/airflow/example_dags/example_short_circuit_operator.py
[2024-10-10T12:07:13.363+0700] {logging_mixin.py:149} INFO - [2024-10-10T12:07:13.363+0700] {dag.py:2726} INFO - Sync 1 DAGs
[2024-10-10T12:07:13.408+0700] {logging_mixin.py:149} INFO - [2024-10-10T12:07:13.408+0700] {dag.py:3486} INFO - Setting next_dagrun for example_short_circuit_operator to 2024-10-09T05:07:13.407785+00:00, run_after=2024-10-10T05:07:13.407785+00:00
[2024-10-10T12:07:13.546+0700] {processor.py:179} INFO - Processing /home/hasyidan/venv/lib/python3.8/site-packages/airflow/example_dags/example_short_circuit_operator.py took 0.284 seconds
[2024-10-10T12:08:11.525+0700] {processor.py:157} INFO - Started process (PID=4376) to work on /home/hasyidan/venv/lib/python3.8/site-packages/airflow/example_dags/example_short_circuit_operator.py
[2024-10-10T12:08:11.554+0700] {processor.py:826} INFO - Processing file /home/hasyidan/venv/lib/python3.8/site-packages/airflow/example_dags/example_short_circuit_operator.py for tasks to queue
[2024-10-10T12:08:11.556+0700] {logging_mixin.py:149} INFO - [2024-10-10T12:08:11.556+0700] {dagbag.py:541} INFO - Filling up the DagBag from /home/hasyidan/venv/lib/python3.8/site-packages/airflow/example_dags/example_short_circuit_operator.py
[2024-10-10T12:08:11.594+0700] {processor.py:836} INFO - DAG(s) dict_keys(['example_short_circuit_operator']) retrieved from /home/hasyidan/venv/lib/python3.8/site-packages/airflow/example_dags/example_short_circuit_operator.py
[2024-10-10T12:08:11.636+0700] {logging_mixin.py:149} INFO - [2024-10-10T12:08:11.635+0700] {dag.py:2726} INFO - Sync 1 DAGs
[2024-10-10T12:08:11.679+0700] {logging_mixin.py:149} INFO - [2024-10-10T12:08:11.678+0700] {dag.py:3486} INFO - Setting next_dagrun for example_short_circuit_operator to 2024-10-09T05:08:11.678245+00:00, run_after=2024-10-10T05:08:11.678245+00:00
[2024-10-10T12:08:11.848+0700] {processor.py:179} INFO - Processing /home/hasyidan/venv/lib/python3.8/site-packages/airflow/example_dags/example_short_circuit_operator.py took 0.330 seconds
[2024-10-10T12:09:08.059+0700] {processor.py:157} INFO - Started process (PID=4438) to work on /home/hasyidan/venv/lib/python3.8/site-packages/airflow/example_dags/example_short_circuit_operator.py
[2024-10-10T12:09:08.066+0700] {processor.py:826} INFO - Processing file /home/hasyidan/venv/lib/python3.8/site-packages/airflow/example_dags/example_short_circuit_operator.py for tasks to queue
[2024-10-10T12:09:08.068+0700] {logging_mixin.py:149} INFO - [2024-10-10T12:09:08.068+0700] {dagbag.py:541} INFO - Filling up the DagBag from /home/hasyidan/venv/lib/python3.8/site-packages/airflow/example_dags/example_short_circuit_operator.py
[2024-10-10T12:09:08.087+0700] {processor.py:836} INFO - DAG(s) dict_keys(['example_short_circuit_operator']) retrieved from /home/hasyidan/venv/lib/python3.8/site-packages/airflow/example_dags/example_short_circuit_operator.py
[2024-10-10T12:09:08.129+0700] {logging_mixin.py:149} INFO - [2024-10-10T12:09:08.129+0700] {dag.py:2726} INFO - Sync 1 DAGs
[2024-10-10T12:09:08.174+0700] {logging_mixin.py:149} INFO - [2024-10-10T12:09:08.174+0700] {dag.py:3486} INFO - Setting next_dagrun for example_short_circuit_operator to 2024-10-09T05:09:08.173892+00:00, run_after=2024-10-10T05:09:08.173892+00:00
[2024-10-10T12:09:08.303+0700] {processor.py:179} INFO - Processing /home/hasyidan/venv/lib/python3.8/site-packages/airflow/example_dags/example_short_circuit_operator.py took 0.254 seconds
[2024-10-10T12:10:02.598+0700] {processor.py:157} INFO - Started process (PID=4495) to work on /home/hasyidan/venv/lib/python3.8/site-packages/airflow/example_dags/example_short_circuit_operator.py
[2024-10-10T12:10:02.614+0700] {processor.py:826} INFO - Processing file /home/hasyidan/venv/lib/python3.8/site-packages/airflow/example_dags/example_short_circuit_operator.py for tasks to queue
[2024-10-10T12:10:02.616+0700] {logging_mixin.py:149} INFO - [2024-10-10T12:10:02.616+0700] {dagbag.py:541} INFO - Filling up the DagBag from /home/hasyidan/venv/lib/python3.8/site-packages/airflow/example_dags/example_short_circuit_operator.py
[2024-10-10T12:10:02.634+0700] {processor.py:836} INFO - DAG(s) dict_keys(['example_short_circuit_operator']) retrieved from /home/hasyidan/venv/lib/python3.8/site-packages/airflow/example_dags/example_short_circuit_operator.py
[2024-10-10T12:10:02.676+0700] {logging_mixin.py:149} INFO - [2024-10-10T12:10:02.676+0700] {dag.py:2726} INFO - Sync 1 DAGs
[2024-10-10T12:10:02.720+0700] {logging_mixin.py:149} INFO - [2024-10-10T12:10:02.720+0700] {dag.py:3486} INFO - Setting next_dagrun for example_short_circuit_operator to 2024-10-09T05:10:02.720020+00:00, run_after=2024-10-10T05:10:02.720020+00:00
[2024-10-10T12:10:02.836+0700] {processor.py:179} INFO - Processing /home/hasyidan/venv/lib/python3.8/site-packages/airflow/example_dags/example_short_circuit_operator.py took 0.248 seconds
[2024-10-10T12:11:01.632+0700] {processor.py:157} INFO - Started process (PID=4568) to work on /home/hasyidan/venv/lib/python3.8/site-packages/airflow/example_dags/example_short_circuit_operator.py
[2024-10-10T12:11:01.653+0700] {processor.py:826} INFO - Processing file /home/hasyidan/venv/lib/python3.8/site-packages/airflow/example_dags/example_short_circuit_operator.py for tasks to queue
[2024-10-10T12:11:01.656+0700] {logging_mixin.py:149} INFO - [2024-10-10T12:11:01.656+0700] {dagbag.py:541} INFO - Filling up the DagBag from /home/hasyidan/venv/lib/python3.8/site-packages/airflow/example_dags/example_short_circuit_operator.py
[2024-10-10T12:11:01.674+0700] {processor.py:836} INFO - DAG(s) dict_keys(['example_short_circuit_operator']) retrieved from /home/hasyidan/venv/lib/python3.8/site-packages/airflow/example_dags/example_short_circuit_operator.py
[2024-10-10T12:11:01.716+0700] {logging_mixin.py:149} INFO - [2024-10-10T12:11:01.716+0700] {dag.py:2726} INFO - Sync 1 DAGs
[2024-10-10T12:11:01.762+0700] {logging_mixin.py:149} INFO - [2024-10-10T12:11:01.762+0700] {dag.py:3486} INFO - Setting next_dagrun for example_short_circuit_operator to 2024-10-09T05:11:01.761967+00:00, run_after=2024-10-10T05:11:01.761967+00:00
[2024-10-10T12:11:01.864+0700] {processor.py:179} INFO - Processing /home/hasyidan/venv/lib/python3.8/site-packages/airflow/example_dags/example_short_circuit_operator.py took 0.239 seconds
[2024-10-10T12:11:56.428+0700] {processor.py:157} INFO - Started process (PID=4635) to work on /home/hasyidan/venv/lib/python3.8/site-packages/airflow/example_dags/example_short_circuit_operator.py
[2024-10-10T12:11:56.430+0700] {processor.py:826} INFO - Processing file /home/hasyidan/venv/lib/python3.8/site-packages/airflow/example_dags/example_short_circuit_operator.py for tasks to queue
[2024-10-10T12:11:56.431+0700] {logging_mixin.py:149} INFO - [2024-10-10T12:11:56.431+0700] {dagbag.py:541} INFO - Filling up the DagBag from /home/hasyidan/venv/lib/python3.8/site-packages/airflow/example_dags/example_short_circuit_operator.py
[2024-10-10T12:11:56.446+0700] {processor.py:836} INFO - DAG(s) dict_keys(['example_short_circuit_operator']) retrieved from /home/hasyidan/venv/lib/python3.8/site-packages/airflow/example_dags/example_short_circuit_operator.py
[2024-10-10T12:11:56.499+0700] {logging_mixin.py:149} INFO - [2024-10-10T12:11:56.498+0700] {dag.py:2726} INFO - Sync 1 DAGs
[2024-10-10T12:11:56.545+0700] {logging_mixin.py:149} INFO - [2024-10-10T12:11:56.544+0700] {dag.py:3486} INFO - Setting next_dagrun for example_short_circuit_operator to 2024-10-09T05:11:56.544248+00:00, run_after=2024-10-10T05:11:56.544248+00:00
[2024-10-10T12:11:56.655+0700] {processor.py:179} INFO - Processing /home/hasyidan/venv/lib/python3.8/site-packages/airflow/example_dags/example_short_circuit_operator.py took 0.234 seconds
[2024-10-10T12:12:50.189+0700] {processor.py:157} INFO - Started process (PID=4695) to work on /home/hasyidan/venv/lib/python3.8/site-packages/airflow/example_dags/example_short_circuit_operator.py
[2024-10-10T12:12:50.200+0700] {processor.py:826} INFO - Processing file /home/hasyidan/venv/lib/python3.8/site-packages/airflow/example_dags/example_short_circuit_operator.py for tasks to queue
[2024-10-10T12:12:50.203+0700] {logging_mixin.py:149} INFO - [2024-10-10T12:12:50.202+0700] {dagbag.py:541} INFO - Filling up the DagBag from /home/hasyidan/venv/lib/python3.8/site-packages/airflow/example_dags/example_short_circuit_operator.py
[2024-10-10T12:12:50.223+0700] {processor.py:836} INFO - DAG(s) dict_keys(['example_short_circuit_operator']) retrieved from /home/hasyidan/venv/lib/python3.8/site-packages/airflow/example_dags/example_short_circuit_operator.py
[2024-10-10T12:12:50.265+0700] {logging_mixin.py:149} INFO - [2024-10-10T12:12:50.264+0700] {dag.py:2726} INFO - Sync 1 DAGs
[2024-10-10T12:12:50.308+0700] {logging_mixin.py:149} INFO - [2024-10-10T12:12:50.308+0700] {dag.py:3486} INFO - Setting next_dagrun for example_short_circuit_operator to 2024-10-09T05:12:50.307735+00:00, run_after=2024-10-10T05:12:50.307735+00:00
[2024-10-10T12:12:50.445+0700] {processor.py:179} INFO - Processing /home/hasyidan/venv/lib/python3.8/site-packages/airflow/example_dags/example_short_circuit_operator.py took 0.261 seconds
[2024-10-10T12:13:39.329+0700] {processor.py:157} INFO - Started process (PID=4754) to work on /home/hasyidan/venv/lib/python3.8/site-packages/airflow/example_dags/example_short_circuit_operator.py
[2024-10-10T12:13:39.345+0700] {processor.py:826} INFO - Processing file /home/hasyidan/venv/lib/python3.8/site-packages/airflow/example_dags/example_short_circuit_operator.py for tasks to queue
[2024-10-10T12:13:39.348+0700] {logging_mixin.py:149} INFO - [2024-10-10T12:13:39.348+0700] {dagbag.py:541} INFO - Filling up the DagBag from /home/hasyidan/venv/lib/python3.8/site-packages/airflow/example_dags/example_short_circuit_operator.py
[2024-10-10T12:13:39.366+0700] {processor.py:836} INFO - DAG(s) dict_keys(['example_short_circuit_operator']) retrieved from /home/hasyidan/venv/lib/python3.8/site-packages/airflow/example_dags/example_short_circuit_operator.py
[2024-10-10T12:13:39.407+0700] {logging_mixin.py:149} INFO - [2024-10-10T12:13:39.407+0700] {dag.py:2726} INFO - Sync 1 DAGs
[2024-10-10T12:13:39.449+0700] {logging_mixin.py:149} INFO - [2024-10-10T12:13:39.448+0700] {dag.py:3486} INFO - Setting next_dagrun for example_short_circuit_operator to 2024-10-09T05:13:39.448399+00:00, run_after=2024-10-10T05:13:39.448399+00:00
[2024-10-10T12:13:39.595+0700] {processor.py:179} INFO - Processing /home/hasyidan/venv/lib/python3.8/site-packages/airflow/example_dags/example_short_circuit_operator.py took 0.272 seconds
[2024-10-10T12:14:30.415+0700] {processor.py:157} INFO - Started process (PID=4808) to work on /home/hasyidan/venv/lib/python3.8/site-packages/airflow/example_dags/example_short_circuit_operator.py
[2024-10-10T12:14:30.445+0700] {processor.py:826} INFO - Processing file /home/hasyidan/venv/lib/python3.8/site-packages/airflow/example_dags/example_short_circuit_operator.py for tasks to queue
[2024-10-10T12:14:30.448+0700] {logging_mixin.py:149} INFO - [2024-10-10T12:14:30.448+0700] {dagbag.py:541} INFO - Filling up the DagBag from /home/hasyidan/venv/lib/python3.8/site-packages/airflow/example_dags/example_short_circuit_operator.py
[2024-10-10T12:14:30.466+0700] {processor.py:836} INFO - DAG(s) dict_keys(['example_short_circuit_operator']) retrieved from /home/hasyidan/venv/lib/python3.8/site-packages/airflow/example_dags/example_short_circuit_operator.py
[2024-10-10T12:14:30.509+0700] {logging_mixin.py:149} INFO - [2024-10-10T12:14:30.509+0700] {dag.py:2726} INFO - Sync 1 DAGs
[2024-10-10T12:14:30.559+0700] {logging_mixin.py:149} INFO - [2024-10-10T12:14:30.559+0700] {dag.py:3486} INFO - Setting next_dagrun for example_short_circuit_operator to 2024-10-09T05:14:30.558813+00:00, run_after=2024-10-10T05:14:30.558813+00:00
[2024-10-10T12:14:30.687+0700] {processor.py:179} INFO - Processing /home/hasyidan/venv/lib/python3.8/site-packages/airflow/example_dags/example_short_circuit_operator.py took 0.279 seconds
[2024-10-10T12:15:21.296+0700] {processor.py:157} INFO - Started process (PID=4871) to work on /home/hasyidan/venv/lib/python3.8/site-packages/airflow/example_dags/example_short_circuit_operator.py
[2024-10-10T12:15:21.304+0700] {processor.py:826} INFO - Processing file /home/hasyidan/venv/lib/python3.8/site-packages/airflow/example_dags/example_short_circuit_operator.py for tasks to queue
[2024-10-10T12:15:21.306+0700] {logging_mixin.py:149} INFO - [2024-10-10T12:15:21.306+0700] {dagbag.py:541} INFO - Filling up the DagBag from /home/hasyidan/venv/lib/python3.8/site-packages/airflow/example_dags/example_short_circuit_operator.py
[2024-10-10T12:15:21.325+0700] {processor.py:836} INFO - DAG(s) dict_keys(['example_short_circuit_operator']) retrieved from /home/hasyidan/venv/lib/python3.8/site-packages/airflow/example_dags/example_short_circuit_operator.py
[2024-10-10T12:15:21.367+0700] {logging_mixin.py:149} INFO - [2024-10-10T12:15:21.366+0700] {dag.py:2726} INFO - Sync 1 DAGs
[2024-10-10T12:15:21.408+0700] {logging_mixin.py:149} INFO - [2024-10-10T12:15:21.408+0700] {dag.py:3486} INFO - Setting next_dagrun for example_short_circuit_operator to 2024-10-09T05:15:21.408170+00:00, run_after=2024-10-10T05:15:21.408170+00:00
[2024-10-10T12:15:21.538+0700] {processor.py:179} INFO - Processing /home/hasyidan/venv/lib/python3.8/site-packages/airflow/example_dags/example_short_circuit_operator.py took 0.249 seconds
[2024-10-10T12:16:13.387+0700] {processor.py:157} INFO - Started process (PID=4931) to work on /home/hasyidan/venv/lib/python3.8/site-packages/airflow/example_dags/example_short_circuit_operator.py
[2024-10-10T12:16:13.419+0700] {processor.py:826} INFO - Processing file /home/hasyidan/venv/lib/python3.8/site-packages/airflow/example_dags/example_short_circuit_operator.py for tasks to queue
[2024-10-10T12:16:13.422+0700] {logging_mixin.py:149} INFO - [2024-10-10T12:16:13.421+0700] {dagbag.py:541} INFO - Filling up the DagBag from /home/hasyidan/venv/lib/python3.8/site-packages/airflow/example_dags/example_short_circuit_operator.py
[2024-10-10T12:16:13.441+0700] {processor.py:836} INFO - DAG(s) dict_keys(['example_short_circuit_operator']) retrieved from /home/hasyidan/venv/lib/python3.8/site-packages/airflow/example_dags/example_short_circuit_operator.py
[2024-10-10T12:16:13.482+0700] {logging_mixin.py:149} INFO - [2024-10-10T12:16:13.482+0700] {dag.py:2726} INFO - Sync 1 DAGs
[2024-10-10T12:16:13.525+0700] {logging_mixin.py:149} INFO - [2024-10-10T12:16:13.525+0700] {dag.py:3486} INFO - Setting next_dagrun for example_short_circuit_operator to 2024-10-09T05:16:13.524671+00:00, run_after=2024-10-10T05:16:13.524671+00:00
[2024-10-10T12:16:13.639+0700] {processor.py:179} INFO - Processing /home/hasyidan/venv/lib/python3.8/site-packages/airflow/example_dags/example_short_circuit_operator.py took 0.258 seconds
[2024-10-10T12:17:09.411+0700] {processor.py:157} INFO - Started process (PID=5000) to work on /home/hasyidan/venv/lib/python3.8/site-packages/airflow/example_dags/example_short_circuit_operator.py
[2024-10-10T12:17:09.440+0700] {processor.py:826} INFO - Processing file /home/hasyidan/venv/lib/python3.8/site-packages/airflow/example_dags/example_short_circuit_operator.py for tasks to queue
[2024-10-10T12:17:09.443+0700] {logging_mixin.py:149} INFO - [2024-10-10T12:17:09.442+0700] {dagbag.py:541} INFO - Filling up the DagBag from /home/hasyidan/venv/lib/python3.8/site-packages/airflow/example_dags/example_short_circuit_operator.py
[2024-10-10T12:17:09.462+0700] {processor.py:836} INFO - DAG(s) dict_keys(['example_short_circuit_operator']) retrieved from /home/hasyidan/venv/lib/python3.8/site-packages/airflow/example_dags/example_short_circuit_operator.py
[2024-10-10T12:17:09.503+0700] {logging_mixin.py:149} INFO - [2024-10-10T12:17:09.503+0700] {dag.py:2726} INFO - Sync 1 DAGs
[2024-10-10T12:17:09.545+0700] {logging_mixin.py:149} INFO - [2024-10-10T12:17:09.545+0700] {dag.py:3486} INFO - Setting next_dagrun for example_short_circuit_operator to 2024-10-09T05:17:09.544829+00:00, run_after=2024-10-10T05:17:09.544829+00:00
[2024-10-10T12:17:09.656+0700] {processor.py:179} INFO - Processing /home/hasyidan/venv/lib/python3.8/site-packages/airflow/example_dags/example_short_circuit_operator.py took 0.252 seconds
[2024-10-10T12:18:04.061+0700] {processor.py:157} INFO - Started process (PID=5063) to work on /home/hasyidan/venv/lib/python3.8/site-packages/airflow/example_dags/example_short_circuit_operator.py
[2024-10-10T12:18:04.091+0700] {processor.py:826} INFO - Processing file /home/hasyidan/venv/lib/python3.8/site-packages/airflow/example_dags/example_short_circuit_operator.py for tasks to queue
[2024-10-10T12:18:04.093+0700] {logging_mixin.py:149} INFO - [2024-10-10T12:18:04.093+0700] {dagbag.py:541} INFO - Filling up the DagBag from /home/hasyidan/venv/lib/python3.8/site-packages/airflow/example_dags/example_short_circuit_operator.py
[2024-10-10T12:18:04.111+0700] {processor.py:836} INFO - DAG(s) dict_keys(['example_short_circuit_operator']) retrieved from /home/hasyidan/venv/lib/python3.8/site-packages/airflow/example_dags/example_short_circuit_operator.py
[2024-10-10T12:18:04.152+0700] {logging_mixin.py:149} INFO - [2024-10-10T12:18:04.152+0700] {dag.py:2726} INFO - Sync 1 DAGs
[2024-10-10T12:18:04.194+0700] {logging_mixin.py:149} INFO - [2024-10-10T12:18:04.194+0700] {dag.py:3486} INFO - Setting next_dagrun for example_short_circuit_operator to 2024-10-09T05:18:04.193985+00:00, run_after=2024-10-10T05:18:04.193985+00:00
[2024-10-10T12:18:04.315+0700] {processor.py:179} INFO - Processing /home/hasyidan/venv/lib/python3.8/site-packages/airflow/example_dags/example_short_circuit_operator.py took 0.260 seconds
[2024-10-10T12:18:56.900+0700] {processor.py:157} INFO - Started process (PID=5123) to work on /home/hasyidan/venv/lib/python3.8/site-packages/airflow/example_dags/example_short_circuit_operator.py
[2024-10-10T12:18:56.929+0700] {processor.py:826} INFO - Processing file /home/hasyidan/venv/lib/python3.8/site-packages/airflow/example_dags/example_short_circuit_operator.py for tasks to queue
[2024-10-10T12:18:56.932+0700] {logging_mixin.py:149} INFO - [2024-10-10T12:18:56.931+0700] {dagbag.py:541} INFO - Filling up the DagBag from /home/hasyidan/venv/lib/python3.8/site-packages/airflow/example_dags/example_short_circuit_operator.py
[2024-10-10T12:18:56.950+0700] {processor.py:836} INFO - DAG(s) dict_keys(['example_short_circuit_operator']) retrieved from /home/hasyidan/venv/lib/python3.8/site-packages/airflow/example_dags/example_short_circuit_operator.py
[2024-10-10T12:18:56.991+0700] {logging_mixin.py:149} INFO - [2024-10-10T12:18:56.991+0700] {dag.py:2726} INFO - Sync 1 DAGs
[2024-10-10T12:18:57.035+0700] {logging_mixin.py:149} INFO - [2024-10-10T12:18:57.034+0700] {dag.py:3486} INFO - Setting next_dagrun for example_short_circuit_operator to 2024-10-09T05:18:57.034442+00:00, run_after=2024-10-10T05:18:57.034442+00:00
[2024-10-10T12:18:57.154+0700] {processor.py:179} INFO - Processing /home/hasyidan/venv/lib/python3.8/site-packages/airflow/example_dags/example_short_circuit_operator.py took 0.260 seconds
[2024-10-10T12:19:47.268+0700] {processor.py:157} INFO - Started process (PID=5182) to work on /home/hasyidan/venv/lib/python3.8/site-packages/airflow/example_dags/example_short_circuit_operator.py
[2024-10-10T12:19:47.296+0700] {processor.py:826} INFO - Processing file /home/hasyidan/venv/lib/python3.8/site-packages/airflow/example_dags/example_short_circuit_operator.py for tasks to queue
[2024-10-10T12:19:47.299+0700] {logging_mixin.py:149} INFO - [2024-10-10T12:19:47.298+0700] {dagbag.py:541} INFO - Filling up the DagBag from /home/hasyidan/venv/lib/python3.8/site-packages/airflow/example_dags/example_short_circuit_operator.py
[2024-10-10T12:19:47.317+0700] {processor.py:836} INFO - DAG(s) dict_keys(['example_short_circuit_operator']) retrieved from /home/hasyidan/venv/lib/python3.8/site-packages/airflow/example_dags/example_short_circuit_operator.py
[2024-10-10T12:19:47.359+0700] {logging_mixin.py:149} INFO - [2024-10-10T12:19:47.359+0700] {dag.py:2726} INFO - Sync 1 DAGs
[2024-10-10T12:19:47.401+0700] {logging_mixin.py:149} INFO - [2024-10-10T12:19:47.401+0700] {dag.py:3486} INFO - Setting next_dagrun for example_short_circuit_operator to 2024-10-09T05:19:47.401022+00:00, run_after=2024-10-10T05:19:47.401022+00:00
[2024-10-10T12:19:47.522+0700] {processor.py:179} INFO - Processing /home/hasyidan/venv/lib/python3.8/site-packages/airflow/example_dags/example_short_circuit_operator.py took 0.261 seconds
[2024-10-10T12:20:44.457+0700] {processor.py:157} INFO - Started process (PID=5245) to work on /home/hasyidan/venv/lib/python3.8/site-packages/airflow/example_dags/example_short_circuit_operator.py
[2024-10-10T12:20:44.459+0700] {processor.py:826} INFO - Processing file /home/hasyidan/venv/lib/python3.8/site-packages/airflow/example_dags/example_short_circuit_operator.py for tasks to queue
[2024-10-10T12:20:44.460+0700] {logging_mixin.py:149} INFO - [2024-10-10T12:20:44.460+0700] {dagbag.py:541} INFO - Filling up the DagBag from /home/hasyidan/venv/lib/python3.8/site-packages/airflow/example_dags/example_short_circuit_operator.py
[2024-10-10T12:20:44.477+0700] {processor.py:836} INFO - DAG(s) dict_keys(['example_short_circuit_operator']) retrieved from /home/hasyidan/venv/lib/python3.8/site-packages/airflow/example_dags/example_short_circuit_operator.py
[2024-10-10T12:20:44.604+0700] {logging_mixin.py:149} INFO - [2024-10-10T12:20:44.604+0700] {dag.py:2726} INFO - Sync 1 DAGs
[2024-10-10T12:20:44.648+0700] {logging_mixin.py:149} INFO - [2024-10-10T12:20:44.648+0700] {dag.py:3486} INFO - Setting next_dagrun for example_short_circuit_operator to 2024-10-09T05:20:44.647951+00:00, run_after=2024-10-10T05:20:44.647951+00:00
[2024-10-10T12:20:44.759+0700] {processor.py:179} INFO - Processing /home/hasyidan/venv/lib/python3.8/site-packages/airflow/example_dags/example_short_circuit_operator.py took 0.308 seconds
[2024-10-10T13:20:32.714+0700] {processor.py:157} INFO - Started process (PID=1984) to work on /home/hasyidan/venv/lib/python3.8/site-packages/airflow/example_dags/example_short_circuit_operator.py
[2024-10-10T13:20:33.151+0700] {processor.py:826} INFO - Processing file /home/hasyidan/venv/lib/python3.8/site-packages/airflow/example_dags/example_short_circuit_operator.py for tasks to queue
[2024-10-10T13:20:33.154+0700] {logging_mixin.py:149} INFO - [2024-10-10T13:20:33.153+0700] {dagbag.py:541} INFO - Filling up the DagBag from /home/hasyidan/venv/lib/python3.8/site-packages/airflow/example_dags/example_short_circuit_operator.py
[2024-10-10T13:20:33.327+0700] {processor.py:836} INFO - DAG(s) dict_keys(['example_short_circuit_operator']) retrieved from /home/hasyidan/venv/lib/python3.8/site-packages/airflow/example_dags/example_short_circuit_operator.py
[2024-10-10T13:20:33.498+0700] {logging_mixin.py:149} INFO - [2024-10-10T13:20:33.498+0700] {dag.py:2726} INFO - Sync 1 DAGs
[2024-10-10T13:20:34.577+0700] {logging_mixin.py:149} INFO - [2024-10-10T13:20:34.577+0700] {dag.py:3486} INFO - Setting next_dagrun for example_short_circuit_operator to 2024-10-09T06:20:34.576875+00:00, run_after=2024-10-10T06:20:34.576875+00:00
[2024-10-10T13:20:35.021+0700] {processor.py:179} INFO - Processing /home/hasyidan/venv/lib/python3.8/site-packages/airflow/example_dags/example_short_circuit_operator.py took 2.313 seconds
[2024-10-10T13:25:51.658+0700] {processor.py:157} INFO - Started process (PID=2570) to work on /home/hasyidan/venv/lib/python3.8/site-packages/airflow/example_dags/example_short_circuit_operator.py
[2024-10-10T13:25:51.817+0700] {processor.py:826} INFO - Processing file /home/hasyidan/venv/lib/python3.8/site-packages/airflow/example_dags/example_short_circuit_operator.py for tasks to queue
[2024-10-10T13:25:51.819+0700] {logging_mixin.py:149} INFO - [2024-10-10T13:25:51.818+0700] {dagbag.py:541} INFO - Filling up the DagBag from /home/hasyidan/venv/lib/python3.8/site-packages/airflow/example_dags/example_short_circuit_operator.py
[2024-10-10T13:25:51.849+0700] {processor.py:836} INFO - DAG(s) dict_keys(['example_short_circuit_operator']) retrieved from /home/hasyidan/venv/lib/python3.8/site-packages/airflow/example_dags/example_short_circuit_operator.py
[2024-10-10T13:25:51.953+0700] {logging_mixin.py:149} INFO - [2024-10-10T13:25:51.953+0700] {dag.py:2726} INFO - Sync 1 DAGs
[2024-10-10T13:25:52.052+0700] {logging_mixin.py:149} INFO - [2024-10-10T13:25:52.052+0700] {dag.py:3486} INFO - Setting next_dagrun for example_short_circuit_operator to 2024-10-09T06:25:52.051705+00:00, run_after=2024-10-10T06:25:52.051705+00:00
[2024-10-10T13:25:52.549+0700] {processor.py:179} INFO - Processing /home/hasyidan/venv/lib/python3.8/site-packages/airflow/example_dags/example_short_circuit_operator.py took 0.901 seconds
