[2024-10-10T11:48:48.299+0700] {processor.py:157} INFO - Started process (PID=2916) to work on /home/hasyidan/venv/lib/python3.8/site-packages/airflow/example_dags/example_bash_operator.py
[2024-10-10T11:48:48.300+0700] {processor.py:826} INFO - Processing file /home/hasyidan/venv/lib/python3.8/site-packages/airflow/example_dags/example_bash_operator.py for tasks to queue
[2024-10-10T11:48:48.302+0700] {logging_mixin.py:149} INFO - [2024-10-10T11:48:48.301+0700] {dagbag.py:541} INFO - Filling up the DagBag from /home/hasyidan/venv/lib/python3.8/site-packages/airflow/example_dags/example_bash_operator.py
[2024-10-10T11:48:48.360+0700] {processor.py:836} INFO - DAG(s) dict_keys(['example_bash_operator']) retrieved from /home/hasyidan/venv/lib/python3.8/site-packages/airflow/example_dags/example_bash_operator.py
[2024-10-10T11:48:48.426+0700] {logging_mixin.py:149} INFO - [2024-10-10T11:48:48.425+0700] {dag.py:2726} INFO - Sync 1 DAGs
[2024-10-10T11:48:48.474+0700] {logging_mixin.py:149} INFO - [2024-10-10T11:48:48.473+0700] {dag.py:3486} INFO - Setting next_dagrun for example_bash_operator to 2024-10-09T00:00:00+00:00, run_after=2024-10-10T00:00:00+00:00
[2024-10-10T11:48:48.825+0700] {processor.py:179} INFO - Processing /home/hasyidan/venv/lib/python3.8/site-packages/airflow/example_dags/example_bash_operator.py took 0.533 seconds
[2024-10-10T11:52:00.831+0700] {processor.py:157} INFO - Started process (PID=3186) to work on /home/hasyidan/venv/lib/python3.8/site-packages/airflow/example_dags/example_bash_operator.py
[2024-10-10T11:52:00.867+0700] {processor.py:826} INFO - Processing file /home/hasyidan/venv/lib/python3.8/site-packages/airflow/example_dags/example_bash_operator.py for tasks to queue
[2024-10-10T11:52:00.871+0700] {logging_mixin.py:149} INFO - [2024-10-10T11:52:00.870+0700] {dagbag.py:541} INFO - Filling up the DagBag from /home/hasyidan/venv/lib/python3.8/site-packages/airflow/example_dags/example_bash_operator.py
[2024-10-10T11:52:01.184+0700] {processor.py:836} INFO - DAG(s) dict_keys(['example_bash_operator']) retrieved from /home/hasyidan/venv/lib/python3.8/site-packages/airflow/example_dags/example_bash_operator.py
[2024-10-10T11:52:02.234+0700] {logging_mixin.py:149} INFO - [2024-10-10T11:52:02.233+0700] {dag.py:2726} INFO - Sync 1 DAGs
[2024-10-10T11:52:03.056+0700] {logging_mixin.py:149} INFO - [2024-10-10T11:52:03.056+0700] {dag.py:3486} INFO - Setting next_dagrun for example_bash_operator to 2024-10-09T00:00:00+00:00, run_after=2024-10-10T00:00:00+00:00
[2024-10-10T11:52:03.814+0700] {processor.py:179} INFO - Processing /home/hasyidan/venv/lib/python3.8/site-packages/airflow/example_dags/example_bash_operator.py took 2.990 seconds
[2024-10-10T11:53:32.466+0700] {processor.py:157} INFO - Started process (PID=3351) to work on /home/hasyidan/venv/lib/python3.8/site-packages/airflow/example_dags/example_bash_operator.py
[2024-10-10T11:53:32.492+0700] {processor.py:826} INFO - Processing file /home/hasyidan/venv/lib/python3.8/site-packages/airflow/example_dags/example_bash_operator.py for tasks to queue
[2024-10-10T11:53:32.494+0700] {logging_mixin.py:149} INFO - [2024-10-10T11:53:32.494+0700] {dagbag.py:541} INFO - Filling up the DagBag from /home/hasyidan/venv/lib/python3.8/site-packages/airflow/example_dags/example_bash_operator.py
[2024-10-10T11:53:32.557+0700] {processor.py:836} INFO - DAG(s) dict_keys(['example_bash_operator']) retrieved from /home/hasyidan/venv/lib/python3.8/site-packages/airflow/example_dags/example_bash_operator.py
[2024-10-10T11:53:32.650+0700] {logging_mixin.py:149} INFO - [2024-10-10T11:53:32.650+0700] {dag.py:2726} INFO - Sync 1 DAGs
[2024-10-10T11:53:32.704+0700] {logging_mixin.py:149} INFO - [2024-10-10T11:53:32.703+0700] {dag.py:3486} INFO - Setting next_dagrun for example_bash_operator to 2024-10-09T00:00:00+00:00, run_after=2024-10-10T00:00:00+00:00
[2024-10-10T11:53:32.855+0700] {processor.py:179} INFO - Processing /home/hasyidan/venv/lib/python3.8/site-packages/airflow/example_dags/example_bash_operator.py took 0.400 seconds
[2024-10-10T11:54:30.659+0700] {processor.py:157} INFO - Started process (PID=3412) to work on /home/hasyidan/venv/lib/python3.8/site-packages/airflow/example_dags/example_bash_operator.py
[2024-10-10T11:54:30.687+0700] {processor.py:826} INFO - Processing file /home/hasyidan/venv/lib/python3.8/site-packages/airflow/example_dags/example_bash_operator.py for tasks to queue
[2024-10-10T11:54:30.690+0700] {logging_mixin.py:149} INFO - [2024-10-10T11:54:30.689+0700] {dagbag.py:541} INFO - Filling up the DagBag from /home/hasyidan/venv/lib/python3.8/site-packages/airflow/example_dags/example_bash_operator.py
[2024-10-10T11:54:30.721+0700] {processor.py:836} INFO - DAG(s) dict_keys(['example_bash_operator']) retrieved from /home/hasyidan/venv/lib/python3.8/site-packages/airflow/example_dags/example_bash_operator.py
[2024-10-10T11:54:30.787+0700] {logging_mixin.py:149} INFO - [2024-10-10T11:54:30.786+0700] {dag.py:2726} INFO - Sync 1 DAGs
[2024-10-10T11:54:30.835+0700] {logging_mixin.py:149} INFO - [2024-10-10T11:54:30.835+0700] {dag.py:3486} INFO - Setting next_dagrun for example_bash_operator to 2024-10-09T00:00:00+00:00, run_after=2024-10-10T00:00:00+00:00
[2024-10-10T11:54:30.969+0700] {processor.py:179} INFO - Processing /home/hasyidan/venv/lib/python3.8/site-packages/airflow/example_dags/example_bash_operator.py took 0.315 seconds
[2024-10-10T11:55:34.882+0700] {processor.py:157} INFO - Started process (PID=3494) to work on /home/hasyidan/venv/lib/python3.8/site-packages/airflow/example_dags/example_bash_operator.py
[2024-10-10T11:55:34.884+0700] {processor.py:826} INFO - Processing file /home/hasyidan/venv/lib/python3.8/site-packages/airflow/example_dags/example_bash_operator.py for tasks to queue
[2024-10-10T11:55:34.886+0700] {logging_mixin.py:149} INFO - [2024-10-10T11:55:34.885+0700] {dagbag.py:541} INFO - Filling up the DagBag from /home/hasyidan/venv/lib/python3.8/site-packages/airflow/example_dags/example_bash_operator.py
[2024-10-10T11:55:34.917+0700] {processor.py:836} INFO - DAG(s) dict_keys(['example_bash_operator']) retrieved from /home/hasyidan/venv/lib/python3.8/site-packages/airflow/example_dags/example_bash_operator.py
[2024-10-10T11:55:34.993+0700] {logging_mixin.py:149} INFO - [2024-10-10T11:55:34.992+0700] {dag.py:2726} INFO - Sync 1 DAGs
[2024-10-10T11:55:35.053+0700] {logging_mixin.py:149} INFO - [2024-10-10T11:55:35.053+0700] {dag.py:3486} INFO - Setting next_dagrun for example_bash_operator to 2024-10-09T00:00:00+00:00, run_after=2024-10-10T00:00:00+00:00
[2024-10-10T11:55:35.180+0700] {processor.py:179} INFO - Processing /home/hasyidan/venv/lib/python3.8/site-packages/airflow/example_dags/example_bash_operator.py took 0.303 seconds
[2024-10-10T11:56:35.335+0700] {processor.py:157} INFO - Started process (PID=3560) to work on /home/hasyidan/venv/lib/python3.8/site-packages/airflow/example_dags/example_bash_operator.py
[2024-10-10T11:56:35.374+0700] {processor.py:826} INFO - Processing file /home/hasyidan/venv/lib/python3.8/site-packages/airflow/example_dags/example_bash_operator.py for tasks to queue
[2024-10-10T11:56:35.377+0700] {logging_mixin.py:149} INFO - [2024-10-10T11:56:35.376+0700] {dagbag.py:541} INFO - Filling up the DagBag from /home/hasyidan/venv/lib/python3.8/site-packages/airflow/example_dags/example_bash_operator.py
[2024-10-10T11:56:35.432+0700] {processor.py:836} INFO - DAG(s) dict_keys(['example_bash_operator']) retrieved from /home/hasyidan/venv/lib/python3.8/site-packages/airflow/example_dags/example_bash_operator.py
[2024-10-10T11:56:35.498+0700] {logging_mixin.py:149} INFO - [2024-10-10T11:56:35.498+0700] {dag.py:2726} INFO - Sync 1 DAGs
[2024-10-10T11:56:35.545+0700] {logging_mixin.py:149} INFO - [2024-10-10T11:56:35.545+0700] {dag.py:3486} INFO - Setting next_dagrun for example_bash_operator to 2024-10-09T00:00:00+00:00, run_after=2024-10-10T00:00:00+00:00
[2024-10-10T11:56:35.703+0700] {processor.py:179} INFO - Processing /home/hasyidan/venv/lib/python3.8/site-packages/airflow/example_dags/example_bash_operator.py took 0.373 seconds
[2024-10-10T11:57:33.258+0700] {processor.py:157} INFO - Started process (PID=3623) to work on /home/hasyidan/venv/lib/python3.8/site-packages/airflow/example_dags/example_bash_operator.py
[2024-10-10T11:57:33.278+0700] {processor.py:826} INFO - Processing file /home/hasyidan/venv/lib/python3.8/site-packages/airflow/example_dags/example_bash_operator.py for tasks to queue
[2024-10-10T11:57:33.280+0700] {logging_mixin.py:149} INFO - [2024-10-10T11:57:33.279+0700] {dagbag.py:541} INFO - Filling up the DagBag from /home/hasyidan/venv/lib/python3.8/site-packages/airflow/example_dags/example_bash_operator.py
[2024-10-10T11:57:33.308+0700] {processor.py:836} INFO - DAG(s) dict_keys(['example_bash_operator']) retrieved from /home/hasyidan/venv/lib/python3.8/site-packages/airflow/example_dags/example_bash_operator.py
[2024-10-10T11:57:33.374+0700] {logging_mixin.py:149} INFO - [2024-10-10T11:57:33.373+0700] {dag.py:2726} INFO - Sync 1 DAGs
[2024-10-10T11:57:33.418+0700] {logging_mixin.py:149} INFO - [2024-10-10T11:57:33.418+0700] {dag.py:3486} INFO - Setting next_dagrun for example_bash_operator to 2024-10-09T00:00:00+00:00, run_after=2024-10-10T00:00:00+00:00
[2024-10-10T11:57:33.565+0700] {processor.py:179} INFO - Processing /home/hasyidan/venv/lib/python3.8/site-packages/airflow/example_dags/example_bash_operator.py took 0.313 seconds
[2024-10-10T11:59:07.928+0700] {processor.py:157} INFO - Started process (PID=3734) to work on /home/hasyidan/venv/lib/python3.8/site-packages/airflow/example_dags/example_bash_operator.py
[2024-10-10T11:59:07.957+0700] {processor.py:826} INFO - Processing file /home/hasyidan/venv/lib/python3.8/site-packages/airflow/example_dags/example_bash_operator.py for tasks to queue
[2024-10-10T11:59:07.959+0700] {logging_mixin.py:149} INFO - [2024-10-10T11:59:07.958+0700] {dagbag.py:541} INFO - Filling up the DagBag from /home/hasyidan/venv/lib/python3.8/site-packages/airflow/example_dags/example_bash_operator.py
[2024-10-10T11:59:08.015+0700] {processor.py:836} INFO - DAG(s) dict_keys(['example_bash_operator']) retrieved from /home/hasyidan/venv/lib/python3.8/site-packages/airflow/example_dags/example_bash_operator.py
[2024-10-10T11:59:08.098+0700] {logging_mixin.py:149} INFO - [2024-10-10T11:59:08.098+0700] {dag.py:2726} INFO - Sync 1 DAGs
[2024-10-10T11:59:08.151+0700] {logging_mixin.py:149} INFO - [2024-10-10T11:59:08.151+0700] {dag.py:3486} INFO - Setting next_dagrun for example_bash_operator to 2024-10-09T00:00:00+00:00, run_after=2024-10-10T00:00:00+00:00
[2024-10-10T11:59:08.286+0700] {processor.py:179} INFO - Processing /home/hasyidan/venv/lib/python3.8/site-packages/airflow/example_dags/example_bash_operator.py took 0.377 seconds
[2024-10-10T12:00:06.656+0700] {processor.py:157} INFO - Started process (PID=3794) to work on /home/hasyidan/venv/lib/python3.8/site-packages/airflow/example_dags/example_bash_operator.py
[2024-10-10T12:00:06.658+0700] {processor.py:826} INFO - Processing file /home/hasyidan/venv/lib/python3.8/site-packages/airflow/example_dags/example_bash_operator.py for tasks to queue
[2024-10-10T12:00:06.659+0700] {logging_mixin.py:149} INFO - [2024-10-10T12:00:06.659+0700] {dagbag.py:541} INFO - Filling up the DagBag from /home/hasyidan/venv/lib/python3.8/site-packages/airflow/example_dags/example_bash_operator.py
[2024-10-10T12:00:06.687+0700] {processor.py:836} INFO - DAG(s) dict_keys(['example_bash_operator']) retrieved from /home/hasyidan/venv/lib/python3.8/site-packages/airflow/example_dags/example_bash_operator.py
[2024-10-10T12:00:06.755+0700] {logging_mixin.py:149} INFO - [2024-10-10T12:00:06.755+0700] {dag.py:2726} INFO - Sync 1 DAGs
[2024-10-10T12:00:06.801+0700] {logging_mixin.py:149} INFO - [2024-10-10T12:00:06.800+0700] {dag.py:3486} INFO - Setting next_dagrun for example_bash_operator to 2024-10-09T00:00:00+00:00, run_after=2024-10-10T00:00:00+00:00
[2024-10-10T12:00:06.905+0700] {processor.py:179} INFO - Processing /home/hasyidan/venv/lib/python3.8/site-packages/airflow/example_dags/example_bash_operator.py took 0.257 seconds
[2024-10-10T12:01:02.607+0700] {processor.py:157} INFO - Started process (PID=3853) to work on /home/hasyidan/venv/lib/python3.8/site-packages/airflow/example_dags/example_bash_operator.py
[2024-10-10T12:01:02.635+0700] {processor.py:826} INFO - Processing file /home/hasyidan/venv/lib/python3.8/site-packages/airflow/example_dags/example_bash_operator.py for tasks to queue
[2024-10-10T12:01:02.638+0700] {logging_mixin.py:149} INFO - [2024-10-10T12:01:02.637+0700] {dagbag.py:541} INFO - Filling up the DagBag from /home/hasyidan/venv/lib/python3.8/site-packages/airflow/example_dags/example_bash_operator.py
[2024-10-10T12:01:02.669+0700] {processor.py:836} INFO - DAG(s) dict_keys(['example_bash_operator']) retrieved from /home/hasyidan/venv/lib/python3.8/site-packages/airflow/example_dags/example_bash_operator.py
[2024-10-10T12:01:02.736+0700] {logging_mixin.py:149} INFO - [2024-10-10T12:01:02.735+0700] {dag.py:2726} INFO - Sync 1 DAGs
[2024-10-10T12:01:02.780+0700] {logging_mixin.py:149} INFO - [2024-10-10T12:01:02.780+0700] {dag.py:3486} INFO - Setting next_dagrun for example_bash_operator to 2024-10-09T00:00:00+00:00, run_after=2024-10-10T00:00:00+00:00
[2024-10-10T12:01:02.916+0700] {processor.py:179} INFO - Processing /home/hasyidan/venv/lib/python3.8/site-packages/airflow/example_dags/example_bash_operator.py took 0.315 seconds
[2024-10-10T12:01:58.354+0700] {processor.py:157} INFO - Started process (PID=3912) to work on /home/hasyidan/venv/lib/python3.8/site-packages/airflow/example_dags/example_bash_operator.py
[2024-10-10T12:01:58.373+0700] {processor.py:826} INFO - Processing file /home/hasyidan/venv/lib/python3.8/site-packages/airflow/example_dags/example_bash_operator.py for tasks to queue
[2024-10-10T12:01:58.376+0700] {logging_mixin.py:149} INFO - [2024-10-10T12:01:58.375+0700] {dagbag.py:541} INFO - Filling up the DagBag from /home/hasyidan/venv/lib/python3.8/site-packages/airflow/example_dags/example_bash_operator.py
[2024-10-10T12:01:58.409+0700] {processor.py:836} INFO - DAG(s) dict_keys(['example_bash_operator']) retrieved from /home/hasyidan/venv/lib/python3.8/site-packages/airflow/example_dags/example_bash_operator.py
[2024-10-10T12:01:58.477+0700] {logging_mixin.py:149} INFO - [2024-10-10T12:01:58.477+0700] {dag.py:2726} INFO - Sync 1 DAGs
[2024-10-10T12:01:58.522+0700] {logging_mixin.py:149} INFO - [2024-10-10T12:01:58.522+0700] {dag.py:3486} INFO - Setting next_dagrun for example_bash_operator to 2024-10-09T00:00:00+00:00, run_after=2024-10-10T00:00:00+00:00
[2024-10-10T12:01:58.644+0700] {processor.py:179} INFO - Processing /home/hasyidan/venv/lib/python3.8/site-packages/airflow/example_dags/example_bash_operator.py took 0.296 seconds
[2024-10-10T12:03:12.725+0700] {processor.py:157} INFO - Started process (PID=3998) to work on /home/hasyidan/venv/lib/python3.8/site-packages/airflow/example_dags/example_bash_operator.py
[2024-10-10T12:03:12.727+0700] {processor.py:826} INFO - Processing file /home/hasyidan/venv/lib/python3.8/site-packages/airflow/example_dags/example_bash_operator.py for tasks to queue
[2024-10-10T12:03:12.729+0700] {logging_mixin.py:149} INFO - [2024-10-10T12:03:12.728+0700] {dagbag.py:541} INFO - Filling up the DagBag from /home/hasyidan/venv/lib/python3.8/site-packages/airflow/example_dags/example_bash_operator.py
[2024-10-10T12:03:12.758+0700] {processor.py:836} INFO - DAG(s) dict_keys(['example_bash_operator']) retrieved from /home/hasyidan/venv/lib/python3.8/site-packages/airflow/example_dags/example_bash_operator.py
[2024-10-10T12:03:12.824+0700] {logging_mixin.py:149} INFO - [2024-10-10T12:03:12.824+0700] {dag.py:2726} INFO - Sync 1 DAGs
[2024-10-10T12:03:12.871+0700] {logging_mixin.py:149} INFO - [2024-10-10T12:03:12.871+0700] {dag.py:3486} INFO - Setting next_dagrun for example_bash_operator to 2024-10-09T00:00:00+00:00, run_after=2024-10-10T00:00:00+00:00
[2024-10-10T12:03:12.991+0700] {processor.py:179} INFO - Processing /home/hasyidan/venv/lib/python3.8/site-packages/airflow/example_dags/example_bash_operator.py took 0.273 seconds
[2024-10-10T12:04:32.980+0700] {processor.py:157} INFO - Started process (PID=4142) to work on /home/hasyidan/venv/lib/python3.8/site-packages/airflow/example_dags/example_bash_operator.py
[2024-10-10T12:04:33.031+0700] {processor.py:826} INFO - Processing file /home/hasyidan/venv/lib/python3.8/site-packages/airflow/example_dags/example_bash_operator.py for tasks to queue
[2024-10-10T12:04:33.032+0700] {logging_mixin.py:149} INFO - [2024-10-10T12:04:33.032+0700] {dagbag.py:541} INFO - Filling up the DagBag from /home/hasyidan/venv/lib/python3.8/site-packages/airflow/example_dags/example_bash_operator.py
[2024-10-10T12:04:33.062+0700] {processor.py:836} INFO - DAG(s) dict_keys(['example_bash_operator']) retrieved from /home/hasyidan/venv/lib/python3.8/site-packages/airflow/example_dags/example_bash_operator.py
[2024-10-10T12:04:33.129+0700] {logging_mixin.py:149} INFO - [2024-10-10T12:04:33.129+0700] {dag.py:2726} INFO - Sync 1 DAGs
[2024-10-10T12:04:33.174+0700] {logging_mixin.py:149} INFO - [2024-10-10T12:04:33.174+0700] {dag.py:3486} INFO - Setting next_dagrun for example_bash_operator to 2024-10-09T00:00:00+00:00, run_after=2024-10-10T00:00:00+00:00
[2024-10-10T12:04:33.304+0700] {processor.py:179} INFO - Processing /home/hasyidan/venv/lib/python3.8/site-packages/airflow/example_dags/example_bash_operator.py took 0.330 seconds
[2024-10-10T12:05:52.743+0700] {processor.py:157} INFO - Started process (PID=4229) to work on /home/hasyidan/venv/lib/python3.8/site-packages/airflow/example_dags/example_bash_operator.py
[2024-10-10T12:05:52.789+0700] {processor.py:826} INFO - Processing file /home/hasyidan/venv/lib/python3.8/site-packages/airflow/example_dags/example_bash_operator.py for tasks to queue
[2024-10-10T12:05:52.792+0700] {logging_mixin.py:149} INFO - [2024-10-10T12:05:52.791+0700] {dagbag.py:541} INFO - Filling up the DagBag from /home/hasyidan/venv/lib/python3.8/site-packages/airflow/example_dags/example_bash_operator.py
[2024-10-10T12:05:52.823+0700] {processor.py:836} INFO - DAG(s) dict_keys(['example_bash_operator']) retrieved from /home/hasyidan/venv/lib/python3.8/site-packages/airflow/example_dags/example_bash_operator.py
[2024-10-10T12:05:52.890+0700] {logging_mixin.py:149} INFO - [2024-10-10T12:05:52.890+0700] {dag.py:2726} INFO - Sync 1 DAGs
[2024-10-10T12:05:52.936+0700] {logging_mixin.py:149} INFO - [2024-10-10T12:05:52.936+0700] {dag.py:3486} INFO - Setting next_dagrun for example_bash_operator to 2024-10-09T00:00:00+00:00, run_after=2024-10-10T00:00:00+00:00
[2024-10-10T12:05:53.056+0700] {processor.py:179} INFO - Processing /home/hasyidan/venv/lib/python3.8/site-packages/airflow/example_dags/example_bash_operator.py took 0.320 seconds
[2024-10-10T12:06:48.304+0700] {processor.py:157} INFO - Started process (PID=4288) to work on /home/hasyidan/venv/lib/python3.8/site-packages/airflow/example_dags/example_bash_operator.py
[2024-10-10T12:06:48.323+0700] {processor.py:826} INFO - Processing file /home/hasyidan/venv/lib/python3.8/site-packages/airflow/example_dags/example_bash_operator.py for tasks to queue
[2024-10-10T12:06:48.326+0700] {logging_mixin.py:149} INFO - [2024-10-10T12:06:48.325+0700] {dagbag.py:541} INFO - Filling up the DagBag from /home/hasyidan/venv/lib/python3.8/site-packages/airflow/example_dags/example_bash_operator.py
[2024-10-10T12:06:48.357+0700] {processor.py:836} INFO - DAG(s) dict_keys(['example_bash_operator']) retrieved from /home/hasyidan/venv/lib/python3.8/site-packages/airflow/example_dags/example_bash_operator.py
[2024-10-10T12:06:48.424+0700] {logging_mixin.py:149} INFO - [2024-10-10T12:06:48.423+0700] {dag.py:2726} INFO - Sync 1 DAGs
[2024-10-10T12:06:48.471+0700] {logging_mixin.py:149} INFO - [2024-10-10T12:06:48.471+0700] {dag.py:3486} INFO - Setting next_dagrun for example_bash_operator to 2024-10-09T00:00:00+00:00, run_after=2024-10-10T00:00:00+00:00
[2024-10-10T12:06:48.593+0700] {processor.py:179} INFO - Processing /home/hasyidan/venv/lib/python3.8/site-packages/airflow/example_dags/example_bash_operator.py took 0.294 seconds
[2024-10-10T12:07:46.603+0700] {processor.py:157} INFO - Started process (PID=4348) to work on /home/hasyidan/venv/lib/python3.8/site-packages/airflow/example_dags/example_bash_operator.py
[2024-10-10T12:07:46.605+0700] {processor.py:826} INFO - Processing file /home/hasyidan/venv/lib/python3.8/site-packages/airflow/example_dags/example_bash_operator.py for tasks to queue
[2024-10-10T12:07:46.607+0700] {logging_mixin.py:149} INFO - [2024-10-10T12:07:46.607+0700] {dagbag.py:541} INFO - Filling up the DagBag from /home/hasyidan/venv/lib/python3.8/site-packages/airflow/example_dags/example_bash_operator.py
[2024-10-10T12:07:46.637+0700] {processor.py:836} INFO - DAG(s) dict_keys(['example_bash_operator']) retrieved from /home/hasyidan/venv/lib/python3.8/site-packages/airflow/example_dags/example_bash_operator.py
[2024-10-10T12:07:46.704+0700] {logging_mixin.py:149} INFO - [2024-10-10T12:07:46.703+0700] {dag.py:2726} INFO - Sync 1 DAGs
[2024-10-10T12:07:46.748+0700] {logging_mixin.py:149} INFO - [2024-10-10T12:07:46.748+0700] {dag.py:3486} INFO - Setting next_dagrun for example_bash_operator to 2024-10-09T00:00:00+00:00, run_after=2024-10-10T00:00:00+00:00
[2024-10-10T12:07:46.871+0700] {processor.py:179} INFO - Processing /home/hasyidan/venv/lib/python3.8/site-packages/airflow/example_dags/example_bash_operator.py took 0.273 seconds
[2024-10-10T12:08:43.867+0700] {processor.py:157} INFO - Started process (PID=4414) to work on /home/hasyidan/venv/lib/python3.8/site-packages/airflow/example_dags/example_bash_operator.py
[2024-10-10T12:08:43.869+0700] {processor.py:826} INFO - Processing file /home/hasyidan/venv/lib/python3.8/site-packages/airflow/example_dags/example_bash_operator.py for tasks to queue
[2024-10-10T12:08:43.871+0700] {logging_mixin.py:149} INFO - [2024-10-10T12:08:43.870+0700] {dagbag.py:541} INFO - Filling up the DagBag from /home/hasyidan/venv/lib/python3.8/site-packages/airflow/example_dags/example_bash_operator.py
[2024-10-10T12:08:43.898+0700] {processor.py:836} INFO - DAG(s) dict_keys(['example_bash_operator']) retrieved from /home/hasyidan/venv/lib/python3.8/site-packages/airflow/example_dags/example_bash_operator.py
[2024-10-10T12:08:43.965+0700] {logging_mixin.py:149} INFO - [2024-10-10T12:08:43.964+0700] {dag.py:2726} INFO - Sync 1 DAGs
[2024-10-10T12:08:44.015+0700] {logging_mixin.py:149} INFO - [2024-10-10T12:08:44.015+0700] {dag.py:3486} INFO - Setting next_dagrun for example_bash_operator to 2024-10-09T00:00:00+00:00, run_after=2024-10-10T00:00:00+00:00
[2024-10-10T12:08:44.139+0700] {processor.py:179} INFO - Processing /home/hasyidan/venv/lib/python3.8/site-packages/airflow/example_dags/example_bash_operator.py took 0.277 seconds
[2024-10-10T12:09:39.260+0700] {processor.py:157} INFO - Started process (PID=4472) to work on /home/hasyidan/venv/lib/python3.8/site-packages/airflow/example_dags/example_bash_operator.py
[2024-10-10T12:09:39.262+0700] {processor.py:826} INFO - Processing file /home/hasyidan/venv/lib/python3.8/site-packages/airflow/example_dags/example_bash_operator.py for tasks to queue
[2024-10-10T12:09:39.263+0700] {logging_mixin.py:149} INFO - [2024-10-10T12:09:39.263+0700] {dagbag.py:541} INFO - Filling up the DagBag from /home/hasyidan/venv/lib/python3.8/site-packages/airflow/example_dags/example_bash_operator.py
[2024-10-10T12:09:39.291+0700] {processor.py:836} INFO - DAG(s) dict_keys(['example_bash_operator']) retrieved from /home/hasyidan/venv/lib/python3.8/site-packages/airflow/example_dags/example_bash_operator.py
[2024-10-10T12:09:39.358+0700] {logging_mixin.py:149} INFO - [2024-10-10T12:09:39.358+0700] {dag.py:2726} INFO - Sync 1 DAGs
[2024-10-10T12:09:39.408+0700] {logging_mixin.py:149} INFO - [2024-10-10T12:09:39.408+0700] {dag.py:3486} INFO - Setting next_dagrun for example_bash_operator to 2024-10-09T00:00:00+00:00, run_after=2024-10-10T00:00:00+00:00
[2024-10-10T12:09:39.517+0700] {processor.py:179} INFO - Processing /home/hasyidan/venv/lib/python3.8/site-packages/airflow/example_dags/example_bash_operator.py took 0.264 seconds
[2024-10-10T12:10:54.968+0700] {processor.py:157} INFO - Started process (PID=4563) to work on /home/hasyidan/venv/lib/python3.8/site-packages/airflow/example_dags/example_bash_operator.py
[2024-10-10T12:10:54.970+0700] {processor.py:826} INFO - Processing file /home/hasyidan/venv/lib/python3.8/site-packages/airflow/example_dags/example_bash_operator.py for tasks to queue
[2024-10-10T12:10:54.971+0700] {logging_mixin.py:149} INFO - [2024-10-10T12:10:54.971+0700] {dagbag.py:541} INFO - Filling up the DagBag from /home/hasyidan/venv/lib/python3.8/site-packages/airflow/example_dags/example_bash_operator.py
[2024-10-10T12:10:54.999+0700] {processor.py:836} INFO - DAG(s) dict_keys(['example_bash_operator']) retrieved from /home/hasyidan/venv/lib/python3.8/site-packages/airflow/example_dags/example_bash_operator.py
[2024-10-10T12:10:55.066+0700] {logging_mixin.py:149} INFO - [2024-10-10T12:10:55.066+0700] {dag.py:2726} INFO - Sync 1 DAGs
[2024-10-10T12:10:55.110+0700] {logging_mixin.py:149} INFO - [2024-10-10T12:10:55.110+0700] {dag.py:3486} INFO - Setting next_dagrun for example_bash_operator to 2024-10-09T00:00:00+00:00, run_after=2024-10-10T00:00:00+00:00
[2024-10-10T12:10:55.231+0700] {processor.py:179} INFO - Processing /home/hasyidan/venv/lib/python3.8/site-packages/airflow/example_dags/example_bash_operator.py took 0.270 seconds
[2024-10-10T12:12:15.369+0700] {processor.py:157} INFO - Started process (PID=4655) to work on /home/hasyidan/venv/lib/python3.8/site-packages/airflow/example_dags/example_bash_operator.py
[2024-10-10T12:12:15.416+0700] {processor.py:826} INFO - Processing file /home/hasyidan/venv/lib/python3.8/site-packages/airflow/example_dags/example_bash_operator.py for tasks to queue
[2024-10-10T12:12:15.419+0700] {logging_mixin.py:149} INFO - [2024-10-10T12:12:15.418+0700] {dagbag.py:541} INFO - Filling up the DagBag from /home/hasyidan/venv/lib/python3.8/site-packages/airflow/example_dags/example_bash_operator.py
[2024-10-10T12:12:15.460+0700] {processor.py:836} INFO - DAG(s) dict_keys(['example_bash_operator']) retrieved from /home/hasyidan/venv/lib/python3.8/site-packages/airflow/example_dags/example_bash_operator.py
[2024-10-10T12:12:15.531+0700] {logging_mixin.py:149} INFO - [2024-10-10T12:12:15.530+0700] {dag.py:2726} INFO - Sync 1 DAGs
[2024-10-10T12:12:15.585+0700] {logging_mixin.py:149} INFO - [2024-10-10T12:12:15.584+0700] {dag.py:3486} INFO - Setting next_dagrun for example_bash_operator to 2024-10-09T00:00:00+00:00, run_after=2024-10-10T00:00:00+00:00
[2024-10-10T12:12:15.701+0700] {processor.py:179} INFO - Processing /home/hasyidan/venv/lib/python3.8/site-packages/airflow/example_dags/example_bash_operator.py took 0.339 seconds
[2024-10-10T12:13:08.912+0700] {processor.py:157} INFO - Started process (PID=4714) to work on /home/hasyidan/venv/lib/python3.8/site-packages/airflow/example_dags/example_bash_operator.py
[2024-10-10T12:13:08.942+0700] {processor.py:826} INFO - Processing file /home/hasyidan/venv/lib/python3.8/site-packages/airflow/example_dags/example_bash_operator.py for tasks to queue
[2024-10-10T12:13:08.945+0700] {logging_mixin.py:149} INFO - [2024-10-10T12:13:08.944+0700] {dagbag.py:541} INFO - Filling up the DagBag from /home/hasyidan/venv/lib/python3.8/site-packages/airflow/example_dags/example_bash_operator.py
[2024-10-10T12:13:08.977+0700] {processor.py:836} INFO - DAG(s) dict_keys(['example_bash_operator']) retrieved from /home/hasyidan/venv/lib/python3.8/site-packages/airflow/example_dags/example_bash_operator.py
[2024-10-10T12:13:09.044+0700] {logging_mixin.py:149} INFO - [2024-10-10T12:13:09.043+0700] {dag.py:2726} INFO - Sync 1 DAGs
[2024-10-10T12:13:09.088+0700] {logging_mixin.py:149} INFO - [2024-10-10T12:13:09.088+0700] {dag.py:3486} INFO - Setting next_dagrun for example_bash_operator to 2024-10-09T00:00:00+00:00, run_after=2024-10-10T00:00:00+00:00
[2024-10-10T12:13:09.205+0700] {processor.py:179} INFO - Processing /home/hasyidan/venv/lib/python3.8/site-packages/airflow/example_dags/example_bash_operator.py took 0.298 seconds
[2024-10-10T12:14:22.505+0700] {processor.py:157} INFO - Started process (PID=4799) to work on /home/hasyidan/venv/lib/python3.8/site-packages/airflow/example_dags/example_bash_operator.py
[2024-10-10T12:14:22.506+0700] {processor.py:826} INFO - Processing file /home/hasyidan/venv/lib/python3.8/site-packages/airflow/example_dags/example_bash_operator.py for tasks to queue
[2024-10-10T12:14:22.508+0700] {logging_mixin.py:149} INFO - [2024-10-10T12:14:22.507+0700] {dagbag.py:541} INFO - Filling up the DagBag from /home/hasyidan/venv/lib/python3.8/site-packages/airflow/example_dags/example_bash_operator.py
[2024-10-10T12:14:22.535+0700] {processor.py:836} INFO - DAG(s) dict_keys(['example_bash_operator']) retrieved from /home/hasyidan/venv/lib/python3.8/site-packages/airflow/example_dags/example_bash_operator.py
[2024-10-10T12:14:22.602+0700] {logging_mixin.py:149} INFO - [2024-10-10T12:14:22.602+0700] {dag.py:2726} INFO - Sync 1 DAGs
[2024-10-10T12:14:22.646+0700] {logging_mixin.py:149} INFO - [2024-10-10T12:14:22.646+0700] {dag.py:3486} INFO - Setting next_dagrun for example_bash_operator to 2024-10-09T00:00:00+00:00, run_after=2024-10-10T00:00:00+00:00
[2024-10-10T12:14:22.784+0700] {processor.py:179} INFO - Processing /home/hasyidan/venv/lib/python3.8/site-packages/airflow/example_dags/example_bash_operator.py took 0.286 seconds
[2024-10-10T12:15:38.397+0700] {processor.py:157} INFO - Started process (PID=4895) to work on /home/hasyidan/venv/lib/python3.8/site-packages/airflow/example_dags/example_bash_operator.py
[2024-10-10T12:15:38.522+0700] {processor.py:826} INFO - Processing file /home/hasyidan/venv/lib/python3.8/site-packages/airflow/example_dags/example_bash_operator.py for tasks to queue
[2024-10-10T12:15:38.524+0700] {logging_mixin.py:149} INFO - [2024-10-10T12:15:38.524+0700] {dagbag.py:541} INFO - Filling up the DagBag from /home/hasyidan/venv/lib/python3.8/site-packages/airflow/example_dags/example_bash_operator.py
[2024-10-10T12:15:38.557+0700] {processor.py:836} INFO - DAG(s) dict_keys(['example_bash_operator']) retrieved from /home/hasyidan/venv/lib/python3.8/site-packages/airflow/example_dags/example_bash_operator.py
[2024-10-10T12:15:38.624+0700] {logging_mixin.py:149} INFO - [2024-10-10T12:15:38.624+0700] {dag.py:2726} INFO - Sync 1 DAGs
[2024-10-10T12:15:38.671+0700] {logging_mixin.py:149} INFO - [2024-10-10T12:15:38.671+0700] {dag.py:3486} INFO - Setting next_dagrun for example_bash_operator to 2024-10-09T00:00:00+00:00, run_after=2024-10-10T00:00:00+00:00
[2024-10-10T12:15:38.799+0700] {processor.py:179} INFO - Processing /home/hasyidan/venv/lib/python3.8/site-packages/airflow/example_dags/example_bash_operator.py took 0.410 seconds
[2024-10-10T12:17:00.171+0700] {processor.py:157} INFO - Started process (PID=4987) to work on /home/hasyidan/venv/lib/python3.8/site-packages/airflow/example_dags/example_bash_operator.py
[2024-10-10T12:17:00.194+0700] {processor.py:826} INFO - Processing file /home/hasyidan/venv/lib/python3.8/site-packages/airflow/example_dags/example_bash_operator.py for tasks to queue
[2024-10-10T12:17:00.196+0700] {logging_mixin.py:149} INFO - [2024-10-10T12:17:00.195+0700] {dagbag.py:541} INFO - Filling up the DagBag from /home/hasyidan/venv/lib/python3.8/site-packages/airflow/example_dags/example_bash_operator.py
[2024-10-10T12:17:00.224+0700] {processor.py:836} INFO - DAG(s) dict_keys(['example_bash_operator']) retrieved from /home/hasyidan/venv/lib/python3.8/site-packages/airflow/example_dags/example_bash_operator.py
[2024-10-10T12:17:00.290+0700] {logging_mixin.py:149} INFO - [2024-10-10T12:17:00.289+0700] {dag.py:2726} INFO - Sync 1 DAGs
[2024-10-10T12:17:00.337+0700] {logging_mixin.py:149} INFO - [2024-10-10T12:17:00.337+0700] {dag.py:3486} INFO - Setting next_dagrun for example_bash_operator to 2024-10-09T00:00:00+00:00, run_after=2024-10-10T00:00:00+00:00
[2024-10-10T12:17:00.458+0700] {processor.py:179} INFO - Processing /home/hasyidan/venv/lib/python3.8/site-packages/airflow/example_dags/example_bash_operator.py took 0.292 seconds
[2024-10-10T12:17:55.126+0700] {processor.py:157} INFO - Started process (PID=5055) to work on /home/hasyidan/venv/lib/python3.8/site-packages/airflow/example_dags/example_bash_operator.py
[2024-10-10T12:17:55.156+0700] {processor.py:826} INFO - Processing file /home/hasyidan/venv/lib/python3.8/site-packages/airflow/example_dags/example_bash_operator.py for tasks to queue
[2024-10-10T12:17:55.158+0700] {logging_mixin.py:149} INFO - [2024-10-10T12:17:55.157+0700] {dagbag.py:541} INFO - Filling up the DagBag from /home/hasyidan/venv/lib/python3.8/site-packages/airflow/example_dags/example_bash_operator.py
[2024-10-10T12:17:55.189+0700] {processor.py:836} INFO - DAG(s) dict_keys(['example_bash_operator']) retrieved from /home/hasyidan/venv/lib/python3.8/site-packages/airflow/example_dags/example_bash_operator.py
[2024-10-10T12:17:55.254+0700] {logging_mixin.py:149} INFO - [2024-10-10T12:17:55.254+0700] {dag.py:2726} INFO - Sync 1 DAGs
[2024-10-10T12:17:55.298+0700] {logging_mixin.py:149} INFO - [2024-10-10T12:17:55.298+0700] {dag.py:3486} INFO - Setting next_dagrun for example_bash_operator to 2024-10-09T00:00:00+00:00, run_after=2024-10-10T00:00:00+00:00
[2024-10-10T12:17:55.423+0700] {processor.py:179} INFO - Processing /home/hasyidan/venv/lib/python3.8/site-packages/airflow/example_dags/example_bash_operator.py took 0.304 seconds
[2024-10-10T12:19:13.871+0700] {processor.py:157} INFO - Started process (PID=5140) to work on /home/hasyidan/venv/lib/python3.8/site-packages/airflow/example_dags/example_bash_operator.py
[2024-10-10T12:19:13.903+0700] {processor.py:826} INFO - Processing file /home/hasyidan/venv/lib/python3.8/site-packages/airflow/example_dags/example_bash_operator.py for tasks to queue
[2024-10-10T12:19:13.906+0700] {logging_mixin.py:149} INFO - [2024-10-10T12:19:13.905+0700] {dagbag.py:541} INFO - Filling up the DagBag from /home/hasyidan/venv/lib/python3.8/site-packages/airflow/example_dags/example_bash_operator.py
[2024-10-10T12:19:13.937+0700] {processor.py:836} INFO - DAG(s) dict_keys(['example_bash_operator']) retrieved from /home/hasyidan/venv/lib/python3.8/site-packages/airflow/example_dags/example_bash_operator.py
[2024-10-10T12:19:14.003+0700] {logging_mixin.py:149} INFO - [2024-10-10T12:19:14.003+0700] {dag.py:2726} INFO - Sync 1 DAGs
[2024-10-10T12:19:14.047+0700] {logging_mixin.py:149} INFO - [2024-10-10T12:19:14.047+0700] {dag.py:3486} INFO - Setting next_dagrun for example_bash_operator to 2024-10-09T00:00:00+00:00, run_after=2024-10-10T00:00:00+00:00
[2024-10-10T12:19:14.174+0700] {processor.py:179} INFO - Processing /home/hasyidan/venv/lib/python3.8/site-packages/airflow/example_dags/example_bash_operator.py took 0.309 seconds
[2024-10-10T12:20:34.263+0700] {processor.py:157} INFO - Started process (PID=5233) to work on /home/hasyidan/venv/lib/python3.8/site-packages/airflow/example_dags/example_bash_operator.py
[2024-10-10T12:20:34.278+0700] {processor.py:826} INFO - Processing file /home/hasyidan/venv/lib/python3.8/site-packages/airflow/example_dags/example_bash_operator.py for tasks to queue
[2024-10-10T12:20:34.280+0700] {logging_mixin.py:149} INFO - [2024-10-10T12:20:34.279+0700] {dagbag.py:541} INFO - Filling up the DagBag from /home/hasyidan/venv/lib/python3.8/site-packages/airflow/example_dags/example_bash_operator.py
[2024-10-10T12:20:34.311+0700] {processor.py:836} INFO - DAG(s) dict_keys(['example_bash_operator']) retrieved from /home/hasyidan/venv/lib/python3.8/site-packages/airflow/example_dags/example_bash_operator.py
[2024-10-10T12:20:34.375+0700] {logging_mixin.py:149} INFO - [2024-10-10T12:20:34.375+0700] {dag.py:2726} INFO - Sync 1 DAGs
[2024-10-10T12:20:34.422+0700] {logging_mixin.py:149} INFO - [2024-10-10T12:20:34.422+0700] {dag.py:3486} INFO - Setting next_dagrun for example_bash_operator to 2024-10-09T00:00:00+00:00, run_after=2024-10-10T00:00:00+00:00
[2024-10-10T12:20:34.540+0700] {processor.py:179} INFO - Processing /home/hasyidan/venv/lib/python3.8/site-packages/airflow/example_dags/example_bash_operator.py took 0.283 seconds
[2024-10-10T12:21:32.529+0700] {processor.py:157} INFO - Started process (PID=5314) to work on /home/hasyidan/venv/lib/python3.8/site-packages/airflow/example_dags/example_bash_operator.py
[2024-10-10T12:21:32.563+0700] {processor.py:826} INFO - Processing file /home/hasyidan/venv/lib/python3.8/site-packages/airflow/example_dags/example_bash_operator.py for tasks to queue
[2024-10-10T12:21:32.566+0700] {logging_mixin.py:149} INFO - [2024-10-10T12:21:32.565+0700] {dagbag.py:541} INFO - Filling up the DagBag from /home/hasyidan/venv/lib/python3.8/site-packages/airflow/example_dags/example_bash_operator.py
[2024-10-10T12:21:32.599+0700] {processor.py:836} INFO - DAG(s) dict_keys(['example_bash_operator']) retrieved from /home/hasyidan/venv/lib/python3.8/site-packages/airflow/example_dags/example_bash_operator.py
[2024-10-10T12:21:32.676+0700] {logging_mixin.py:149} INFO - [2024-10-10T12:21:32.676+0700] {dag.py:2726} INFO - Sync 1 DAGs
[2024-10-10T12:21:32.728+0700] {logging_mixin.py:149} INFO - [2024-10-10T12:21:32.727+0700] {dag.py:3486} INFO - Setting next_dagrun for example_bash_operator to 2024-10-09T00:00:00+00:00, run_after=2024-10-10T00:00:00+00:00
[2024-10-10T12:21:33.104+0700] {processor.py:179} INFO - Processing /home/hasyidan/venv/lib/python3.8/site-packages/airflow/example_dags/example_bash_operator.py took 0.582 seconds
[2024-10-10T13:24:45.085+0700] {processor.py:157} INFO - Started process (PID=2524) to work on /home/hasyidan/venv/lib/python3.8/site-packages/airflow/example_dags/example_bash_operator.py
[2024-10-10T13:24:45.171+0700] {processor.py:826} INFO - Processing file /home/hasyidan/venv/lib/python3.8/site-packages/airflow/example_dags/example_bash_operator.py for tasks to queue
[2024-10-10T13:24:45.173+0700] {logging_mixin.py:149} INFO - [2024-10-10T13:24:45.172+0700] {dagbag.py:541} INFO - Filling up the DagBag from /home/hasyidan/venv/lib/python3.8/site-packages/airflow/example_dags/example_bash_operator.py
[2024-10-10T13:24:45.303+0700] {processor.py:836} INFO - DAG(s) dict_keys(['example_bash_operator']) retrieved from /home/hasyidan/venv/lib/python3.8/site-packages/airflow/example_dags/example_bash_operator.py
[2024-10-10T13:24:45.807+0700] {logging_mixin.py:149} INFO - [2024-10-10T13:24:45.806+0700] {dag.py:2726} INFO - Sync 1 DAGs
[2024-10-10T13:24:45.889+0700] {logging_mixin.py:149} INFO - [2024-10-10T13:24:45.889+0700] {dag.py:3486} INFO - Setting next_dagrun for example_bash_operator to 2024-10-09T00:00:00+00:00, run_after=2024-10-10T00:00:00+00:00
[2024-10-10T13:24:46.258+0700] {processor.py:179} INFO - Processing /home/hasyidan/venv/lib/python3.8/site-packages/airflow/example_dags/example_bash_operator.py took 1.181 seconds
