[2024-10-10T11:42:28.643+0700] {processor.py:157} INFO - Started process (PID=2726) to work on /home/hasyidan/venv/lib/python3.8/site-packages/airflow/example_dags/example_trigger_controller_dag.py
[2024-10-10T11:42:28.645+0700] {processor.py:826} INFO - Processing file /home/hasyidan/venv/lib/python3.8/site-packages/airflow/example_dags/example_trigger_controller_dag.py for tasks to queue
[2024-10-10T11:42:28.646+0700] {logging_mixin.py:149} INFO - [2024-10-10T11:42:28.646+0700] {dagbag.py:541} INFO - Filling up the DagBag from /home/hasyidan/venv/lib/python3.8/site-packages/airflow/example_dags/example_trigger_controller_dag.py
[2024-10-10T11:42:28.690+0700] {processor.py:836} INFO - DAG(s) dict_keys(['example_trigger_controller_dag']) retrieved from /home/hasyidan/venv/lib/python3.8/site-packages/airflow/example_dags/example_trigger_controller_dag.py
[2024-10-10T11:42:29.072+0700] {logging_mixin.py:149} INFO - [2024-10-10T11:42:29.072+0700] {dag.py:2726} INFO - Sync 1 DAGs
[2024-10-10T11:42:29.173+0700] {logging_mixin.py:149} INFO - [2024-10-10T11:42:29.172+0700] {dag.py:3486} INFO - Setting next_dagrun for example_trigger_controller_dag to 2021-01-01T00:00:00+00:00, run_after=2021-01-01T00:00:00+00:00
[2024-10-10T11:42:29.502+0700] {processor.py:179} INFO - Processing /home/hasyidan/venv/lib/python3.8/site-packages/airflow/example_dags/example_trigger_controller_dag.py took 0.864 seconds
[2024-10-10T11:47:43.086+0700] {processor.py:157} INFO - Started process (PID=2867) to work on /home/hasyidan/venv/lib/python3.8/site-packages/airflow/example_dags/example_trigger_controller_dag.py
[2024-10-10T11:47:43.103+0700] {processor.py:826} INFO - Processing file /home/hasyidan/venv/lib/python3.8/site-packages/airflow/example_dags/example_trigger_controller_dag.py for tasks to queue
[2024-10-10T11:47:43.109+0700] {logging_mixin.py:149} INFO - [2024-10-10T11:47:43.108+0700] {dagbag.py:541} INFO - Filling up the DagBag from /home/hasyidan/venv/lib/python3.8/site-packages/airflow/example_dags/example_trigger_controller_dag.py
[2024-10-10T11:47:43.125+0700] {processor.py:836} INFO - DAG(s) dict_keys(['example_trigger_controller_dag']) retrieved from /home/hasyidan/venv/lib/python3.8/site-packages/airflow/example_dags/example_trigger_controller_dag.py
[2024-10-10T11:47:43.169+0700] {logging_mixin.py:149} INFO - [2024-10-10T11:47:43.169+0700] {dag.py:2726} INFO - Sync 1 DAGs
[2024-10-10T11:47:43.220+0700] {logging_mixin.py:149} INFO - [2024-10-10T11:47:43.219+0700] {dag.py:3486} INFO - Setting next_dagrun for example_trigger_controller_dag to 2021-01-01T00:00:00+00:00, run_after=2021-01-01T00:00:00+00:00
[2024-10-10T11:47:43.606+0700] {processor.py:179} INFO - Processing /home/hasyidan/venv/lib/python3.8/site-packages/airflow/example_dags/example_trigger_controller_dag.py took 0.526 seconds
[2024-10-10T11:49:07.116+0700] {processor.py:157} INFO - Started process (PID=2934) to work on /home/hasyidan/venv/lib/python3.8/site-packages/airflow/example_dags/example_trigger_controller_dag.py
[2024-10-10T11:49:07.156+0700] {processor.py:826} INFO - Processing file /home/hasyidan/venv/lib/python3.8/site-packages/airflow/example_dags/example_trigger_controller_dag.py for tasks to queue
[2024-10-10T11:49:07.160+0700] {logging_mixin.py:149} INFO - [2024-10-10T11:49:07.159+0700] {dagbag.py:541} INFO - Filling up the DagBag from /home/hasyidan/venv/lib/python3.8/site-packages/airflow/example_dags/example_trigger_controller_dag.py
[2024-10-10T11:49:07.170+0700] {processor.py:836} INFO - DAG(s) dict_keys(['example_trigger_controller_dag']) retrieved from /home/hasyidan/venv/lib/python3.8/site-packages/airflow/example_dags/example_trigger_controller_dag.py
[2024-10-10T11:49:07.212+0700] {logging_mixin.py:149} INFO - [2024-10-10T11:49:07.211+0700] {dag.py:2726} INFO - Sync 1 DAGs
[2024-10-10T11:49:07.466+0700] {logging_mixin.py:149} INFO - [2024-10-10T11:49:07.466+0700] {dag.py:3486} INFO - Setting next_dagrun for example_trigger_controller_dag to 2021-01-01T00:00:00+00:00, run_after=2021-01-01T00:00:00+00:00
[2024-10-10T11:49:07.824+0700] {processor.py:179} INFO - Processing /home/hasyidan/venv/lib/python3.8/site-packages/airflow/example_dags/example_trigger_controller_dag.py took 0.715 seconds
[2024-10-10T11:50:02.132+0700] {processor.py:157} INFO - Started process (PID=2976) to work on /home/hasyidan/venv/lib/python3.8/site-packages/airflow/example_dags/example_trigger_controller_dag.py
[2024-10-10T11:50:02.243+0700] {processor.py:826} INFO - Processing file /home/hasyidan/venv/lib/python3.8/site-packages/airflow/example_dags/example_trigger_controller_dag.py for tasks to queue
[2024-10-10T11:50:02.246+0700] {logging_mixin.py:149} INFO - [2024-10-10T11:50:02.246+0700] {dagbag.py:541} INFO - Filling up the DagBag from /home/hasyidan/venv/lib/python3.8/site-packages/airflow/example_dags/example_trigger_controller_dag.py
[2024-10-10T11:50:02.257+0700] {processor.py:836} INFO - DAG(s) dict_keys(['example_trigger_controller_dag']) retrieved from /home/hasyidan/venv/lib/python3.8/site-packages/airflow/example_dags/example_trigger_controller_dag.py
[2024-10-10T11:50:02.295+0700] {logging_mixin.py:149} INFO - [2024-10-10T11:50:02.295+0700] {dag.py:2726} INFO - Sync 1 DAGs
[2024-10-10T11:50:03.008+0700] {logging_mixin.py:149} INFO - [2024-10-10T11:50:03.007+0700] {dag.py:3486} INFO - Setting next_dagrun for example_trigger_controller_dag to 2021-01-01T00:00:00+00:00, run_after=2021-01-01T00:00:00+00:00
[2024-10-10T11:50:03.612+0700] {processor.py:179} INFO - Processing /home/hasyidan/venv/lib/python3.8/site-packages/airflow/example_dags/example_trigger_controller_dag.py took 1.487 seconds
[2024-10-10T11:52:46.290+0700] {processor.py:157} INFO - Started process (PID=3285) to work on /home/hasyidan/venv/lib/python3.8/site-packages/airflow/example_dags/example_trigger_controller_dag.py
[2024-10-10T11:52:46.397+0700] {processor.py:826} INFO - Processing file /home/hasyidan/venv/lib/python3.8/site-packages/airflow/example_dags/example_trigger_controller_dag.py for tasks to queue
[2024-10-10T11:52:46.399+0700] {logging_mixin.py:149} INFO - [2024-10-10T11:52:46.399+0700] {dagbag.py:541} INFO - Filling up the DagBag from /home/hasyidan/venv/lib/python3.8/site-packages/airflow/example_dags/example_trigger_controller_dag.py
[2024-10-10T11:52:46.410+0700] {processor.py:836} INFO - DAG(s) dict_keys(['example_trigger_controller_dag']) retrieved from /home/hasyidan/venv/lib/python3.8/site-packages/airflow/example_dags/example_trigger_controller_dag.py
[2024-10-10T11:52:46.454+0700] {logging_mixin.py:149} INFO - [2024-10-10T11:52:46.453+0700] {dag.py:2726} INFO - Sync 1 DAGs
[2024-10-10T11:52:46.504+0700] {logging_mixin.py:149} INFO - [2024-10-10T11:52:46.503+0700] {dag.py:3486} INFO - Setting next_dagrun for example_trigger_controller_dag to 2021-01-01T00:00:00+00:00, run_after=2021-01-01T00:00:00+00:00
[2024-10-10T11:52:46.771+0700] {processor.py:179} INFO - Processing /home/hasyidan/venv/lib/python3.8/site-packages/airflow/example_dags/example_trigger_controller_dag.py took 0.487 seconds
[2024-10-10T11:53:41.254+0700] {processor.py:157} INFO - Started process (PID=3362) to work on /home/hasyidan/venv/lib/python3.8/site-packages/airflow/example_dags/example_trigger_controller_dag.py
[2024-10-10T11:53:41.282+0700] {processor.py:826} INFO - Processing file /home/hasyidan/venv/lib/python3.8/site-packages/airflow/example_dags/example_trigger_controller_dag.py for tasks to queue
[2024-10-10T11:53:41.285+0700] {logging_mixin.py:149} INFO - [2024-10-10T11:53:41.284+0700] {dagbag.py:541} INFO - Filling up the DagBag from /home/hasyidan/venv/lib/python3.8/site-packages/airflow/example_dags/example_trigger_controller_dag.py
[2024-10-10T11:53:41.295+0700] {processor.py:836} INFO - DAG(s) dict_keys(['example_trigger_controller_dag']) retrieved from /home/hasyidan/venv/lib/python3.8/site-packages/airflow/example_dags/example_trigger_controller_dag.py
[2024-10-10T11:53:41.395+0700] {logging_mixin.py:149} INFO - [2024-10-10T11:53:41.395+0700] {dag.py:2726} INFO - Sync 1 DAGs
[2024-10-10T11:53:41.437+0700] {logging_mixin.py:149} INFO - [2024-10-10T11:53:41.436+0700] {dag.py:3486} INFO - Setting next_dagrun for example_trigger_controller_dag to 2021-01-01T00:00:00+00:00, run_after=2021-01-01T00:00:00+00:00
[2024-10-10T11:53:41.603+0700] {processor.py:179} INFO - Processing /home/hasyidan/venv/lib/python3.8/site-packages/airflow/example_dags/example_trigger_controller_dag.py took 0.356 seconds
[2024-10-10T11:54:39.243+0700] {processor.py:157} INFO - Started process (PID=3423) to work on /home/hasyidan/venv/lib/python3.8/site-packages/airflow/example_dags/example_trigger_controller_dag.py
[2024-10-10T11:54:39.261+0700] {processor.py:826} INFO - Processing file /home/hasyidan/venv/lib/python3.8/site-packages/airflow/example_dags/example_trigger_controller_dag.py for tasks to queue
[2024-10-10T11:54:39.264+0700] {logging_mixin.py:149} INFO - [2024-10-10T11:54:39.263+0700] {dagbag.py:541} INFO - Filling up the DagBag from /home/hasyidan/venv/lib/python3.8/site-packages/airflow/example_dags/example_trigger_controller_dag.py
[2024-10-10T11:54:39.274+0700] {processor.py:836} INFO - DAG(s) dict_keys(['example_trigger_controller_dag']) retrieved from /home/hasyidan/venv/lib/python3.8/site-packages/airflow/example_dags/example_trigger_controller_dag.py
[2024-10-10T11:54:39.313+0700] {logging_mixin.py:149} INFO - [2024-10-10T11:54:39.313+0700] {dag.py:2726} INFO - Sync 1 DAGs
[2024-10-10T11:54:39.363+0700] {logging_mixin.py:149} INFO - [2024-10-10T11:54:39.362+0700] {dag.py:3486} INFO - Setting next_dagrun for example_trigger_controller_dag to 2021-01-01T00:00:00+00:00, run_after=2021-01-01T00:00:00+00:00
[2024-10-10T11:54:39.558+0700] {processor.py:179} INFO - Processing /home/hasyidan/venv/lib/python3.8/site-packages/airflow/example_dags/example_trigger_controller_dag.py took 0.324 seconds
[2024-10-10T11:55:45.171+0700] {processor.py:157} INFO - Started process (PID=3508) to work on /home/hasyidan/venv/lib/python3.8/site-packages/airflow/example_dags/example_trigger_controller_dag.py
[2024-10-10T11:55:45.183+0700] {processor.py:826} INFO - Processing file /home/hasyidan/venv/lib/python3.8/site-packages/airflow/example_dags/example_trigger_controller_dag.py for tasks to queue
[2024-10-10T11:55:45.186+0700] {logging_mixin.py:149} INFO - [2024-10-10T11:55:45.185+0700] {dagbag.py:541} INFO - Filling up the DagBag from /home/hasyidan/venv/lib/python3.8/site-packages/airflow/example_dags/example_trigger_controller_dag.py
[2024-10-10T11:55:45.197+0700] {processor.py:836} INFO - DAG(s) dict_keys(['example_trigger_controller_dag']) retrieved from /home/hasyidan/venv/lib/python3.8/site-packages/airflow/example_dags/example_trigger_controller_dag.py
[2024-10-10T11:55:45.239+0700] {logging_mixin.py:149} INFO - [2024-10-10T11:55:45.238+0700] {dag.py:2726} INFO - Sync 1 DAGs
[2024-10-10T11:55:45.413+0700] {logging_mixin.py:149} INFO - [2024-10-10T11:55:45.412+0700] {dag.py:3486} INFO - Setting next_dagrun for example_trigger_controller_dag to 2021-01-01T00:00:00+00:00, run_after=2021-01-01T00:00:00+00:00
[2024-10-10T11:55:45.544+0700] {processor.py:179} INFO - Processing /home/hasyidan/venv/lib/python3.8/site-packages/airflow/example_dags/example_trigger_controller_dag.py took 0.379 seconds
[2024-10-10T11:56:43.424+0700] {processor.py:157} INFO - Started process (PID=3567) to work on /home/hasyidan/venv/lib/python3.8/site-packages/airflow/example_dags/example_trigger_controller_dag.py
[2024-10-10T11:56:43.472+0700] {processor.py:826} INFO - Processing file /home/hasyidan/venv/lib/python3.8/site-packages/airflow/example_dags/example_trigger_controller_dag.py for tasks to queue
[2024-10-10T11:56:43.475+0700] {logging_mixin.py:149} INFO - [2024-10-10T11:56:43.474+0700] {dagbag.py:541} INFO - Filling up the DagBag from /home/hasyidan/venv/lib/python3.8/site-packages/airflow/example_dags/example_trigger_controller_dag.py
[2024-10-10T11:56:43.486+0700] {processor.py:836} INFO - DAG(s) dict_keys(['example_trigger_controller_dag']) retrieved from /home/hasyidan/venv/lib/python3.8/site-packages/airflow/example_dags/example_trigger_controller_dag.py
[2024-10-10T11:56:43.524+0700] {logging_mixin.py:149} INFO - [2024-10-10T11:56:43.524+0700] {dag.py:2726} INFO - Sync 1 DAGs
[2024-10-10T11:56:43.568+0700] {logging_mixin.py:149} INFO - [2024-10-10T11:56:43.568+0700] {dag.py:3486} INFO - Setting next_dagrun for example_trigger_controller_dag to 2021-01-01T00:00:00+00:00, run_after=2021-01-01T00:00:00+00:00
[2024-10-10T11:56:43.821+0700] {processor.py:179} INFO - Processing /home/hasyidan/venv/lib/python3.8/site-packages/airflow/example_dags/example_trigger_controller_dag.py took 0.404 seconds
[2024-10-10T11:57:41.177+0700] {processor.py:157} INFO - Started process (PID=3630) to work on /home/hasyidan/venv/lib/python3.8/site-packages/airflow/example_dags/example_trigger_controller_dag.py
[2024-10-10T11:57:41.200+0700] {processor.py:826} INFO - Processing file /home/hasyidan/venv/lib/python3.8/site-packages/airflow/example_dags/example_trigger_controller_dag.py for tasks to queue
[2024-10-10T11:57:41.203+0700] {logging_mixin.py:149} INFO - [2024-10-10T11:57:41.202+0700] {dagbag.py:541} INFO - Filling up the DagBag from /home/hasyidan/venv/lib/python3.8/site-packages/airflow/example_dags/example_trigger_controller_dag.py
[2024-10-10T11:57:41.213+0700] {processor.py:836} INFO - DAG(s) dict_keys(['example_trigger_controller_dag']) retrieved from /home/hasyidan/venv/lib/python3.8/site-packages/airflow/example_dags/example_trigger_controller_dag.py
[2024-10-10T11:57:41.251+0700] {logging_mixin.py:149} INFO - [2024-10-10T11:57:41.250+0700] {dag.py:2726} INFO - Sync 1 DAGs
[2024-10-10T11:57:41.293+0700] {logging_mixin.py:149} INFO - [2024-10-10T11:57:41.292+0700] {dag.py:3486} INFO - Setting next_dagrun for example_trigger_controller_dag to 2021-01-01T00:00:00+00:00, run_after=2021-01-01T00:00:00+00:00
[2024-10-10T11:57:41.407+0700] {processor.py:179} INFO - Processing /home/hasyidan/venv/lib/python3.8/site-packages/airflow/example_dags/example_trigger_controller_dag.py took 0.237 seconds
[2024-10-10T11:58:45.837+0700] {processor.py:157} INFO - Started process (PID=3710) to work on /home/hasyidan/venv/lib/python3.8/site-packages/airflow/example_dags/example_trigger_controller_dag.py
[2024-10-10T11:58:45.865+0700] {processor.py:826} INFO - Processing file /home/hasyidan/venv/lib/python3.8/site-packages/airflow/example_dags/example_trigger_controller_dag.py for tasks to queue
[2024-10-10T11:58:45.868+0700] {logging_mixin.py:149} INFO - [2024-10-10T11:58:45.867+0700] {dagbag.py:541} INFO - Filling up the DagBag from /home/hasyidan/venv/lib/python3.8/site-packages/airflow/example_dags/example_trigger_controller_dag.py
[2024-10-10T11:58:45.878+0700] {processor.py:836} INFO - DAG(s) dict_keys(['example_trigger_controller_dag']) retrieved from /home/hasyidan/venv/lib/python3.8/site-packages/airflow/example_dags/example_trigger_controller_dag.py
[2024-10-10T11:58:45.925+0700] {logging_mixin.py:149} INFO - [2024-10-10T11:58:45.924+0700] {dag.py:2726} INFO - Sync 1 DAGs
[2024-10-10T11:58:45.976+0700] {logging_mixin.py:149} INFO - [2024-10-10T11:58:45.976+0700] {dag.py:3486} INFO - Setting next_dagrun for example_trigger_controller_dag to 2021-01-01T00:00:00+00:00, run_after=2021-01-01T00:00:00+00:00
[2024-10-10T11:58:46.226+0700] {processor.py:179} INFO - Processing /home/hasyidan/venv/lib/python3.8/site-packages/airflow/example_dags/example_trigger_controller_dag.py took 0.395 seconds
[2024-10-10T11:59:49.437+0700] {processor.py:157} INFO - Started process (PID=3776) to work on /home/hasyidan/venv/lib/python3.8/site-packages/airflow/example_dags/example_trigger_controller_dag.py
[2024-10-10T11:59:49.439+0700] {processor.py:826} INFO - Processing file /home/hasyidan/venv/lib/python3.8/site-packages/airflow/example_dags/example_trigger_controller_dag.py for tasks to queue
[2024-10-10T11:59:49.441+0700] {logging_mixin.py:149} INFO - [2024-10-10T11:59:49.440+0700] {dagbag.py:541} INFO - Filling up the DagBag from /home/hasyidan/venv/lib/python3.8/site-packages/airflow/example_dags/example_trigger_controller_dag.py
[2024-10-10T11:59:49.448+0700] {processor.py:836} INFO - DAG(s) dict_keys(['example_trigger_controller_dag']) retrieved from /home/hasyidan/venv/lib/python3.8/site-packages/airflow/example_dags/example_trigger_controller_dag.py
[2024-10-10T11:59:49.486+0700] {logging_mixin.py:149} INFO - [2024-10-10T11:59:49.485+0700] {dag.py:2726} INFO - Sync 1 DAGs
[2024-10-10T11:59:49.530+0700] {logging_mixin.py:149} INFO - [2024-10-10T11:59:49.530+0700] {dag.py:3486} INFO - Setting next_dagrun for example_trigger_controller_dag to 2021-01-01T00:00:00+00:00, run_after=2021-01-01T00:00:00+00:00
[2024-10-10T11:59:49.847+0700] {processor.py:179} INFO - Processing /home/hasyidan/venv/lib/python3.8/site-packages/airflow/example_dags/example_trigger_controller_dag.py took 0.416 seconds
[2024-10-10T12:00:43.417+0700] {processor.py:157} INFO - Started process (PID=3833) to work on /home/hasyidan/venv/lib/python3.8/site-packages/airflow/example_dags/example_trigger_controller_dag.py
[2024-10-10T12:00:43.432+0700] {processor.py:826} INFO - Processing file /home/hasyidan/venv/lib/python3.8/site-packages/airflow/example_dags/example_trigger_controller_dag.py for tasks to queue
[2024-10-10T12:00:43.435+0700] {logging_mixin.py:149} INFO - [2024-10-10T12:00:43.434+0700] {dagbag.py:541} INFO - Filling up the DagBag from /home/hasyidan/venv/lib/python3.8/site-packages/airflow/example_dags/example_trigger_controller_dag.py
[2024-10-10T12:00:43.445+0700] {processor.py:836} INFO - DAG(s) dict_keys(['example_trigger_controller_dag']) retrieved from /home/hasyidan/venv/lib/python3.8/site-packages/airflow/example_dags/example_trigger_controller_dag.py
[2024-10-10T12:00:43.483+0700] {logging_mixin.py:149} INFO - [2024-10-10T12:00:43.482+0700] {dag.py:2726} INFO - Sync 1 DAGs
[2024-10-10T12:00:43.524+0700] {logging_mixin.py:149} INFO - [2024-10-10T12:00:43.524+0700] {dag.py:3486} INFO - Setting next_dagrun for example_trigger_controller_dag to 2021-01-01T00:00:00+00:00, run_after=2021-01-01T00:00:00+00:00
[2024-10-10T12:00:43.650+0700] {processor.py:179} INFO - Processing /home/hasyidan/venv/lib/python3.8/site-packages/airflow/example_dags/example_trigger_controller_dag.py took 0.240 seconds
[2024-10-10T12:01:36.803+0700] {processor.py:157} INFO - Started process (PID=3892) to work on /home/hasyidan/venv/lib/python3.8/site-packages/airflow/example_dags/example_trigger_controller_dag.py
[2024-10-10T12:01:36.812+0700] {processor.py:826} INFO - Processing file /home/hasyidan/venv/lib/python3.8/site-packages/airflow/example_dags/example_trigger_controller_dag.py for tasks to queue
[2024-10-10T12:01:36.813+0700] {logging_mixin.py:149} INFO - [2024-10-10T12:01:36.813+0700] {dagbag.py:541} INFO - Filling up the DagBag from /home/hasyidan/venv/lib/python3.8/site-packages/airflow/example_dags/example_trigger_controller_dag.py
[2024-10-10T12:01:36.822+0700] {processor.py:836} INFO - DAG(s) dict_keys(['example_trigger_controller_dag']) retrieved from /home/hasyidan/venv/lib/python3.8/site-packages/airflow/example_dags/example_trigger_controller_dag.py
[2024-10-10T12:01:36.861+0700] {logging_mixin.py:149} INFO - [2024-10-10T12:01:36.860+0700] {dag.py:2726} INFO - Sync 1 DAGs
[2024-10-10T12:01:36.905+0700] {logging_mixin.py:149} INFO - [2024-10-10T12:01:36.905+0700] {dag.py:3486} INFO - Setting next_dagrun for example_trigger_controller_dag to 2021-01-01T00:00:00+00:00, run_after=2021-01-01T00:00:00+00:00
[2024-10-10T12:01:37.039+0700] {processor.py:179} INFO - Processing /home/hasyidan/venv/lib/python3.8/site-packages/airflow/example_dags/example_trigger_controller_dag.py took 0.242 seconds
[2024-10-10T12:02:27.424+0700] {processor.py:157} INFO - Started process (PID=3948) to work on /home/hasyidan/venv/lib/python3.8/site-packages/airflow/example_dags/example_trigger_controller_dag.py
[2024-10-10T12:02:27.448+0700] {processor.py:826} INFO - Processing file /home/hasyidan/venv/lib/python3.8/site-packages/airflow/example_dags/example_trigger_controller_dag.py for tasks to queue
[2024-10-10T12:02:27.449+0700] {logging_mixin.py:149} INFO - [2024-10-10T12:02:27.449+0700] {dagbag.py:541} INFO - Filling up the DagBag from /home/hasyidan/venv/lib/python3.8/site-packages/airflow/example_dags/example_trigger_controller_dag.py
[2024-10-10T12:02:27.458+0700] {processor.py:836} INFO - DAG(s) dict_keys(['example_trigger_controller_dag']) retrieved from /home/hasyidan/venv/lib/python3.8/site-packages/airflow/example_dags/example_trigger_controller_dag.py
[2024-10-10T12:02:27.497+0700] {logging_mixin.py:149} INFO - [2024-10-10T12:02:27.497+0700] {dag.py:2726} INFO - Sync 1 DAGs
[2024-10-10T12:02:27.539+0700] {logging_mixin.py:149} INFO - [2024-10-10T12:02:27.538+0700] {dag.py:3486} INFO - Setting next_dagrun for example_trigger_controller_dag to 2021-01-01T00:00:00+00:00, run_after=2021-01-01T00:00:00+00:00
[2024-10-10T12:02:27.666+0700] {processor.py:179} INFO - Processing /home/hasyidan/venv/lib/python3.8/site-packages/airflow/example_dags/example_trigger_controller_dag.py took 0.248 seconds
[2024-10-10T12:03:19.470+0700] {processor.py:157} INFO - Started process (PID=4009) to work on /home/hasyidan/venv/lib/python3.8/site-packages/airflow/example_dags/example_trigger_controller_dag.py
[2024-10-10T12:03:19.475+0700] {processor.py:826} INFO - Processing file /home/hasyidan/venv/lib/python3.8/site-packages/airflow/example_dags/example_trigger_controller_dag.py for tasks to queue
[2024-10-10T12:03:19.477+0700] {logging_mixin.py:149} INFO - [2024-10-10T12:03:19.476+0700] {dagbag.py:541} INFO - Filling up the DagBag from /home/hasyidan/venv/lib/python3.8/site-packages/airflow/example_dags/example_trigger_controller_dag.py
[2024-10-10T12:03:19.485+0700] {processor.py:836} INFO - DAG(s) dict_keys(['example_trigger_controller_dag']) retrieved from /home/hasyidan/venv/lib/python3.8/site-packages/airflow/example_dags/example_trigger_controller_dag.py
[2024-10-10T12:03:19.523+0700] {logging_mixin.py:149} INFO - [2024-10-10T12:03:19.522+0700] {dag.py:2726} INFO - Sync 1 DAGs
[2024-10-10T12:03:19.567+0700] {logging_mixin.py:149} INFO - [2024-10-10T12:03:19.566+0700] {dag.py:3486} INFO - Setting next_dagrun for example_trigger_controller_dag to 2021-01-01T00:00:00+00:00, run_after=2021-01-01T00:00:00+00:00
[2024-10-10T12:03:19.688+0700] {processor.py:179} INFO - Processing /home/hasyidan/venv/lib/python3.8/site-packages/airflow/example_dags/example_trigger_controller_dag.py took 0.224 seconds
[2024-10-10T12:04:11.730+0700] {processor.py:157} INFO - Started process (PID=4062) to work on /home/hasyidan/venv/lib/python3.8/site-packages/airflow/example_dags/example_trigger_controller_dag.py
[2024-10-10T12:04:11.740+0700] {processor.py:826} INFO - Processing file /home/hasyidan/venv/lib/python3.8/site-packages/airflow/example_dags/example_trigger_controller_dag.py for tasks to queue
[2024-10-10T12:04:11.742+0700] {logging_mixin.py:149} INFO - [2024-10-10T12:04:11.742+0700] {dagbag.py:541} INFO - Filling up the DagBag from /home/hasyidan/venv/lib/python3.8/site-packages/airflow/example_dags/example_trigger_controller_dag.py
[2024-10-10T12:04:11.751+0700] {processor.py:836} INFO - DAG(s) dict_keys(['example_trigger_controller_dag']) retrieved from /home/hasyidan/venv/lib/python3.8/site-packages/airflow/example_dags/example_trigger_controller_dag.py
[2024-10-10T12:04:11.789+0700] {logging_mixin.py:149} INFO - [2024-10-10T12:04:11.789+0700] {dag.py:2726} INFO - Sync 1 DAGs
[2024-10-10T12:04:11.834+0700] {logging_mixin.py:149} INFO - [2024-10-10T12:04:11.833+0700] {dag.py:3486} INFO - Setting next_dagrun for example_trigger_controller_dag to 2021-01-01T00:00:00+00:00, run_after=2021-01-01T00:00:00+00:00
[2024-10-10T12:04:11.954+0700] {processor.py:179} INFO - Processing /home/hasyidan/venv/lib/python3.8/site-packages/airflow/example_dags/example_trigger_controller_dag.py took 0.230 seconds
[2024-10-10T12:05:04.770+0700] {processor.py:157} INFO - Started process (PID=4176) to work on /home/hasyidan/venv/lib/python3.8/site-packages/airflow/example_dags/example_trigger_controller_dag.py
[2024-10-10T12:05:04.785+0700] {processor.py:826} INFO - Processing file /home/hasyidan/venv/lib/python3.8/site-packages/airflow/example_dags/example_trigger_controller_dag.py for tasks to queue
[2024-10-10T12:05:04.787+0700] {logging_mixin.py:149} INFO - [2024-10-10T12:05:04.786+0700] {dagbag.py:541} INFO - Filling up the DagBag from /home/hasyidan/venv/lib/python3.8/site-packages/airflow/example_dags/example_trigger_controller_dag.py
[2024-10-10T12:05:04.796+0700] {processor.py:836} INFO - DAG(s) dict_keys(['example_trigger_controller_dag']) retrieved from /home/hasyidan/venv/lib/python3.8/site-packages/airflow/example_dags/example_trigger_controller_dag.py
[2024-10-10T12:05:04.835+0700] {logging_mixin.py:149} INFO - [2024-10-10T12:05:04.835+0700] {dag.py:2726} INFO - Sync 1 DAGs
[2024-10-10T12:05:04.880+0700] {logging_mixin.py:149} INFO - [2024-10-10T12:05:04.879+0700] {dag.py:3486} INFO - Setting next_dagrun for example_trigger_controller_dag to 2021-01-01T00:00:00+00:00, run_after=2021-01-01T00:00:00+00:00
[2024-10-10T12:05:05.011+0700] {processor.py:179} INFO - Processing /home/hasyidan/venv/lib/python3.8/site-packages/airflow/example_dags/example_trigger_controller_dag.py took 0.248 seconds
[2024-10-10T12:06:00.811+0700] {processor.py:157} INFO - Started process (PID=4236) to work on /home/hasyidan/venv/lib/python3.8/site-packages/airflow/example_dags/example_trigger_controller_dag.py
[2024-10-10T12:06:00.834+0700] {processor.py:826} INFO - Processing file /home/hasyidan/venv/lib/python3.8/site-packages/airflow/example_dags/example_trigger_controller_dag.py for tasks to queue
[2024-10-10T12:06:00.836+0700] {logging_mixin.py:149} INFO - [2024-10-10T12:06:00.835+0700] {dagbag.py:541} INFO - Filling up the DagBag from /home/hasyidan/venv/lib/python3.8/site-packages/airflow/example_dags/example_trigger_controller_dag.py
[2024-10-10T12:06:00.844+0700] {processor.py:836} INFO - DAG(s) dict_keys(['example_trigger_controller_dag']) retrieved from /home/hasyidan/venv/lib/python3.8/site-packages/airflow/example_dags/example_trigger_controller_dag.py
[2024-10-10T12:06:00.882+0700] {logging_mixin.py:149} INFO - [2024-10-10T12:06:00.881+0700] {dag.py:2726} INFO - Sync 1 DAGs
[2024-10-10T12:06:00.923+0700] {logging_mixin.py:149} INFO - [2024-10-10T12:06:00.923+0700] {dag.py:3486} INFO - Setting next_dagrun for example_trigger_controller_dag to 2021-01-01T00:00:00+00:00, run_after=2021-01-01T00:00:00+00:00
[2024-10-10T12:06:01.101+0700] {processor.py:179} INFO - Processing /home/hasyidan/venv/lib/python3.8/site-packages/airflow/example_dags/example_trigger_controller_dag.py took 0.296 seconds
[2024-10-10T12:06:55.532+0700] {processor.py:157} INFO - Started process (PID=4296) to work on /home/hasyidan/venv/lib/python3.8/site-packages/airflow/example_dags/example_trigger_controller_dag.py
[2024-10-10T12:06:55.557+0700] {processor.py:826} INFO - Processing file /home/hasyidan/venv/lib/python3.8/site-packages/airflow/example_dags/example_trigger_controller_dag.py for tasks to queue
[2024-10-10T12:06:55.560+0700] {logging_mixin.py:149} INFO - [2024-10-10T12:06:55.560+0700] {dagbag.py:541} INFO - Filling up the DagBag from /home/hasyidan/venv/lib/python3.8/site-packages/airflow/example_dags/example_trigger_controller_dag.py
[2024-10-10T12:06:55.571+0700] {processor.py:836} INFO - DAG(s) dict_keys(['example_trigger_controller_dag']) retrieved from /home/hasyidan/venv/lib/python3.8/site-packages/airflow/example_dags/example_trigger_controller_dag.py
[2024-10-10T12:06:55.610+0700] {logging_mixin.py:149} INFO - [2024-10-10T12:06:55.609+0700] {dag.py:2726} INFO - Sync 1 DAGs
[2024-10-10T12:06:55.654+0700] {logging_mixin.py:149} INFO - [2024-10-10T12:06:55.653+0700] {dag.py:3486} INFO - Setting next_dagrun for example_trigger_controller_dag to 2021-01-01T00:00:00+00:00, run_after=2021-01-01T00:00:00+00:00
[2024-10-10T12:06:55.800+0700] {processor.py:179} INFO - Processing /home/hasyidan/venv/lib/python3.8/site-packages/airflow/example_dags/example_trigger_controller_dag.py took 0.274 seconds
[2024-10-10T12:07:54.972+0700] {processor.py:157} INFO - Started process (PID=4357) to work on /home/hasyidan/venv/lib/python3.8/site-packages/airflow/example_dags/example_trigger_controller_dag.py
[2024-10-10T12:07:54.992+0700] {processor.py:826} INFO - Processing file /home/hasyidan/venv/lib/python3.8/site-packages/airflow/example_dags/example_trigger_controller_dag.py for tasks to queue
[2024-10-10T12:07:54.995+0700] {logging_mixin.py:149} INFO - [2024-10-10T12:07:54.994+0700] {dagbag.py:541} INFO - Filling up the DagBag from /home/hasyidan/venv/lib/python3.8/site-packages/airflow/example_dags/example_trigger_controller_dag.py
[2024-10-10T12:07:55.005+0700] {processor.py:836} INFO - DAG(s) dict_keys(['example_trigger_controller_dag']) retrieved from /home/hasyidan/venv/lib/python3.8/site-packages/airflow/example_dags/example_trigger_controller_dag.py
[2024-10-10T12:07:55.044+0700] {logging_mixin.py:149} INFO - [2024-10-10T12:07:55.044+0700] {dag.py:2726} INFO - Sync 1 DAGs
[2024-10-10T12:07:55.086+0700] {logging_mixin.py:149} INFO - [2024-10-10T12:07:55.086+0700] {dag.py:3486} INFO - Setting next_dagrun for example_trigger_controller_dag to 2021-01-01T00:00:00+00:00, run_after=2021-01-01T00:00:00+00:00
[2024-10-10T12:07:55.225+0700] {processor.py:179} INFO - Processing /home/hasyidan/venv/lib/python3.8/site-packages/airflow/example_dags/example_trigger_controller_dag.py took 0.260 seconds
[2024-10-10T12:08:52.240+0700] {processor.py:157} INFO - Started process (PID=4422) to work on /home/hasyidan/venv/lib/python3.8/site-packages/airflow/example_dags/example_trigger_controller_dag.py
[2024-10-10T12:08:52.241+0700] {processor.py:826} INFO - Processing file /home/hasyidan/venv/lib/python3.8/site-packages/airflow/example_dags/example_trigger_controller_dag.py for tasks to queue
[2024-10-10T12:08:52.243+0700] {logging_mixin.py:149} INFO - [2024-10-10T12:08:52.242+0700] {dagbag.py:541} INFO - Filling up the DagBag from /home/hasyidan/venv/lib/python3.8/site-packages/airflow/example_dags/example_trigger_controller_dag.py
[2024-10-10T12:08:52.249+0700] {processor.py:836} INFO - DAG(s) dict_keys(['example_trigger_controller_dag']) retrieved from /home/hasyidan/venv/lib/python3.8/site-packages/airflow/example_dags/example_trigger_controller_dag.py
[2024-10-10T12:08:52.287+0700] {logging_mixin.py:149} INFO - [2024-10-10T12:08:52.287+0700] {dag.py:2726} INFO - Sync 1 DAGs
[2024-10-10T12:08:52.331+0700] {logging_mixin.py:149} INFO - [2024-10-10T12:08:52.330+0700] {dag.py:3486} INFO - Setting next_dagrun for example_trigger_controller_dag to 2021-01-01T00:00:00+00:00, run_after=2021-01-01T00:00:00+00:00
[2024-10-10T12:08:52.471+0700] {processor.py:179} INFO - Processing /home/hasyidan/venv/lib/python3.8/site-packages/airflow/example_dags/example_trigger_controller_dag.py took 0.238 seconds
[2024-10-10T12:09:45.299+0700] {processor.py:157} INFO - Started process (PID=4480) to work on /home/hasyidan/venv/lib/python3.8/site-packages/airflow/example_dags/example_trigger_controller_dag.py
[2024-10-10T12:09:45.301+0700] {processor.py:826} INFO - Processing file /home/hasyidan/venv/lib/python3.8/site-packages/airflow/example_dags/example_trigger_controller_dag.py for tasks to queue
[2024-10-10T12:09:45.302+0700] {logging_mixin.py:149} INFO - [2024-10-10T12:09:45.302+0700] {dagbag.py:541} INFO - Filling up the DagBag from /home/hasyidan/venv/lib/python3.8/site-packages/airflow/example_dags/example_trigger_controller_dag.py
[2024-10-10T12:09:45.309+0700] {processor.py:836} INFO - DAG(s) dict_keys(['example_trigger_controller_dag']) retrieved from /home/hasyidan/venv/lib/python3.8/site-packages/airflow/example_dags/example_trigger_controller_dag.py
[2024-10-10T12:09:45.346+0700] {logging_mixin.py:149} INFO - [2024-10-10T12:09:45.346+0700] {dag.py:2726} INFO - Sync 1 DAGs
[2024-10-10T12:09:45.388+0700] {logging_mixin.py:149} INFO - [2024-10-10T12:09:45.387+0700] {dag.py:3486} INFO - Setting next_dagrun for example_trigger_controller_dag to 2021-01-01T00:00:00+00:00, run_after=2021-01-01T00:00:00+00:00
[2024-10-10T12:09:45.506+0700] {processor.py:179} INFO - Processing /home/hasyidan/venv/lib/python3.8/site-packages/airflow/example_dags/example_trigger_controller_dag.py took 0.212 seconds
[2024-10-10T12:10:36.352+0700] {processor.py:157} INFO - Started process (PID=4536) to work on /home/hasyidan/venv/lib/python3.8/site-packages/airflow/example_dags/example_trigger_controller_dag.py
[2024-10-10T12:10:36.367+0700] {processor.py:826} INFO - Processing file /home/hasyidan/venv/lib/python3.8/site-packages/airflow/example_dags/example_trigger_controller_dag.py for tasks to queue
[2024-10-10T12:10:36.370+0700] {logging_mixin.py:149} INFO - [2024-10-10T12:10:36.369+0700] {dagbag.py:541} INFO - Filling up the DagBag from /home/hasyidan/venv/lib/python3.8/site-packages/airflow/example_dags/example_trigger_controller_dag.py
[2024-10-10T12:10:36.379+0700] {processor.py:836} INFO - DAG(s) dict_keys(['example_trigger_controller_dag']) retrieved from /home/hasyidan/venv/lib/python3.8/site-packages/airflow/example_dags/example_trigger_controller_dag.py
[2024-10-10T12:10:36.529+0700] {logging_mixin.py:149} INFO - [2024-10-10T12:10:36.529+0700] {dag.py:2726} INFO - Sync 1 DAGs
[2024-10-10T12:10:36.578+0700] {logging_mixin.py:149} INFO - [2024-10-10T12:10:36.578+0700] {dag.py:3486} INFO - Setting next_dagrun for example_trigger_controller_dag to 2021-01-01T00:00:00+00:00, run_after=2021-01-01T00:00:00+00:00
[2024-10-10T12:10:36.720+0700] {processor.py:179} INFO - Processing /home/hasyidan/venv/lib/python3.8/site-packages/airflow/example_dags/example_trigger_controller_dag.py took 0.374 seconds
[2024-10-10T12:11:28.716+0700] {processor.py:157} INFO - Started process (PID=4600) to work on /home/hasyidan/venv/lib/python3.8/site-packages/airflow/example_dags/example_trigger_controller_dag.py
[2024-10-10T12:11:28.746+0700] {processor.py:826} INFO - Processing file /home/hasyidan/venv/lib/python3.8/site-packages/airflow/example_dags/example_trigger_controller_dag.py for tasks to queue
[2024-10-10T12:11:28.749+0700] {logging_mixin.py:149} INFO - [2024-10-10T12:11:28.748+0700] {dagbag.py:541} INFO - Filling up the DagBag from /home/hasyidan/venv/lib/python3.8/site-packages/airflow/example_dags/example_trigger_controller_dag.py
[2024-10-10T12:11:28.758+0700] {processor.py:836} INFO - DAG(s) dict_keys(['example_trigger_controller_dag']) retrieved from /home/hasyidan/venv/lib/python3.8/site-packages/airflow/example_dags/example_trigger_controller_dag.py
[2024-10-10T12:11:28.800+0700] {logging_mixin.py:149} INFO - [2024-10-10T12:11:28.799+0700] {dag.py:2726} INFO - Sync 1 DAGs
[2024-10-10T12:11:28.846+0700] {logging_mixin.py:149} INFO - [2024-10-10T12:11:28.845+0700] {dag.py:3486} INFO - Setting next_dagrun for example_trigger_controller_dag to 2021-01-01T00:00:00+00:00, run_after=2021-01-01T00:00:00+00:00
[2024-10-10T12:11:28.989+0700] {processor.py:179} INFO - Processing /home/hasyidan/venv/lib/python3.8/site-packages/airflow/example_dags/example_trigger_controller_dag.py took 0.280 seconds
[2024-10-10T12:12:24.828+0700] {processor.py:157} INFO - Started process (PID=4665) to work on /home/hasyidan/venv/lib/python3.8/site-packages/airflow/example_dags/example_trigger_controller_dag.py
[2024-10-10T12:12:24.839+0700] {processor.py:826} INFO - Processing file /home/hasyidan/venv/lib/python3.8/site-packages/airflow/example_dags/example_trigger_controller_dag.py for tasks to queue
[2024-10-10T12:12:24.841+0700] {logging_mixin.py:149} INFO - [2024-10-10T12:12:24.840+0700] {dagbag.py:541} INFO - Filling up the DagBag from /home/hasyidan/venv/lib/python3.8/site-packages/airflow/example_dags/example_trigger_controller_dag.py
[2024-10-10T12:12:24.849+0700] {processor.py:836} INFO - DAG(s) dict_keys(['example_trigger_controller_dag']) retrieved from /home/hasyidan/venv/lib/python3.8/site-packages/airflow/example_dags/example_trigger_controller_dag.py
[2024-10-10T12:12:24.887+0700] {logging_mixin.py:149} INFO - [2024-10-10T12:12:24.886+0700] {dag.py:2726} INFO - Sync 1 DAGs
[2024-10-10T12:12:24.933+0700] {logging_mixin.py:149} INFO - [2024-10-10T12:12:24.932+0700] {dag.py:3486} INFO - Setting next_dagrun for example_trigger_controller_dag to 2021-01-01T00:00:00+00:00, run_after=2021-01-01T00:00:00+00:00
[2024-10-10T12:12:25.059+0700] {processor.py:179} INFO - Processing /home/hasyidan/venv/lib/python3.8/site-packages/airflow/example_dags/example_trigger_controller_dag.py took 0.237 seconds
[2024-10-10T12:13:14.886+0700] {processor.py:157} INFO - Started process (PID=4725) to work on /home/hasyidan/venv/lib/python3.8/site-packages/airflow/example_dags/example_trigger_controller_dag.py
[2024-10-10T12:13:14.896+0700] {processor.py:826} INFO - Processing file /home/hasyidan/venv/lib/python3.8/site-packages/airflow/example_dags/example_trigger_controller_dag.py for tasks to queue
[2024-10-10T12:13:14.899+0700] {logging_mixin.py:149} INFO - [2024-10-10T12:13:14.899+0700] {dagbag.py:541} INFO - Filling up the DagBag from /home/hasyidan/venv/lib/python3.8/site-packages/airflow/example_dags/example_trigger_controller_dag.py
[2024-10-10T12:13:14.909+0700] {processor.py:836} INFO - DAG(s) dict_keys(['example_trigger_controller_dag']) retrieved from /home/hasyidan/venv/lib/python3.8/site-packages/airflow/example_dags/example_trigger_controller_dag.py
[2024-10-10T12:13:14.946+0700] {logging_mixin.py:149} INFO - [2024-10-10T12:13:14.946+0700] {dag.py:2726} INFO - Sync 1 DAGs
[2024-10-10T12:13:14.988+0700] {logging_mixin.py:149} INFO - [2024-10-10T12:13:14.988+0700] {dag.py:3486} INFO - Setting next_dagrun for example_trigger_controller_dag to 2021-01-01T00:00:00+00:00, run_after=2021-01-01T00:00:00+00:00
[2024-10-10T12:13:15.186+0700] {processor.py:179} INFO - Processing /home/hasyidan/venv/lib/python3.8/site-packages/airflow/example_dags/example_trigger_controller_dag.py took 0.307 seconds
[2024-10-10T12:14:04.469+0700] {processor.py:157} INFO - Started process (PID=4779) to work on /home/hasyidan/venv/lib/python3.8/site-packages/airflow/example_dags/example_trigger_controller_dag.py
[2024-10-10T12:14:04.471+0700] {processor.py:826} INFO - Processing file /home/hasyidan/venv/lib/python3.8/site-packages/airflow/example_dags/example_trigger_controller_dag.py for tasks to queue
[2024-10-10T12:14:04.472+0700] {logging_mixin.py:149} INFO - [2024-10-10T12:14:04.472+0700] {dagbag.py:541} INFO - Filling up the DagBag from /home/hasyidan/venv/lib/python3.8/site-packages/airflow/example_dags/example_trigger_controller_dag.py
[2024-10-10T12:14:04.479+0700] {processor.py:836} INFO - DAG(s) dict_keys(['example_trigger_controller_dag']) retrieved from /home/hasyidan/venv/lib/python3.8/site-packages/airflow/example_dags/example_trigger_controller_dag.py
[2024-10-10T12:14:04.516+0700] {logging_mixin.py:149} INFO - [2024-10-10T12:14:04.516+0700] {dag.py:2726} INFO - Sync 1 DAGs
[2024-10-10T12:14:04.560+0700] {logging_mixin.py:149} INFO - [2024-10-10T12:14:04.560+0700] {dag.py:3486} INFO - Setting next_dagrun for example_trigger_controller_dag to 2021-01-01T00:00:00+00:00, run_after=2021-01-01T00:00:00+00:00
[2024-10-10T12:14:04.685+0700] {processor.py:179} INFO - Processing /home/hasyidan/venv/lib/python3.8/site-packages/airflow/example_dags/example_trigger_controller_dag.py took 0.222 seconds
[2024-10-10T12:14:54.663+0700] {processor.py:157} INFO - Started process (PID=4839) to work on /home/hasyidan/venv/lib/python3.8/site-packages/airflow/example_dags/example_trigger_controller_dag.py
[2024-10-10T12:14:54.665+0700] {processor.py:826} INFO - Processing file /home/hasyidan/venv/lib/python3.8/site-packages/airflow/example_dags/example_trigger_controller_dag.py for tasks to queue
[2024-10-10T12:14:54.666+0700] {logging_mixin.py:149} INFO - [2024-10-10T12:14:54.666+0700] {dagbag.py:541} INFO - Filling up the DagBag from /home/hasyidan/venv/lib/python3.8/site-packages/airflow/example_dags/example_trigger_controller_dag.py
[2024-10-10T12:14:54.673+0700] {processor.py:836} INFO - DAG(s) dict_keys(['example_trigger_controller_dag']) retrieved from /home/hasyidan/venv/lib/python3.8/site-packages/airflow/example_dags/example_trigger_controller_dag.py
[2024-10-10T12:14:54.798+0700] {logging_mixin.py:149} INFO - [2024-10-10T12:14:54.798+0700] {dag.py:2726} INFO - Sync 1 DAGs
[2024-10-10T12:14:54.846+0700] {logging_mixin.py:149} INFO - [2024-10-10T12:14:54.845+0700] {dag.py:3486} INFO - Setting next_dagrun for example_trigger_controller_dag to 2021-01-01T00:00:00+00:00, run_after=2021-01-01T00:00:00+00:00
[2024-10-10T12:14:54.954+0700] {processor.py:179} INFO - Processing /home/hasyidan/venv/lib/python3.8/site-packages/airflow/example_dags/example_trigger_controller_dag.py took 0.298 seconds
[2024-10-10T12:15:46.555+0700] {processor.py:157} INFO - Started process (PID=4904) to work on /home/hasyidan/venv/lib/python3.8/site-packages/airflow/example_dags/example_trigger_controller_dag.py
[2024-10-10T12:15:46.586+0700] {processor.py:826} INFO - Processing file /home/hasyidan/venv/lib/python3.8/site-packages/airflow/example_dags/example_trigger_controller_dag.py for tasks to queue
[2024-10-10T12:15:46.588+0700] {logging_mixin.py:149} INFO - [2024-10-10T12:15:46.588+0700] {dagbag.py:541} INFO - Filling up the DagBag from /home/hasyidan/venv/lib/python3.8/site-packages/airflow/example_dags/example_trigger_controller_dag.py
[2024-10-10T12:15:46.598+0700] {processor.py:836} INFO - DAG(s) dict_keys(['example_trigger_controller_dag']) retrieved from /home/hasyidan/venv/lib/python3.8/site-packages/airflow/example_dags/example_trigger_controller_dag.py
[2024-10-10T12:15:46.635+0700] {logging_mixin.py:149} INFO - [2024-10-10T12:15:46.635+0700] {dag.py:2726} INFO - Sync 1 DAGs
[2024-10-10T12:15:46.679+0700] {logging_mixin.py:149} INFO - [2024-10-10T12:15:46.678+0700] {dag.py:3486} INFO - Setting next_dagrun for example_trigger_controller_dag to 2021-01-01T00:00:00+00:00, run_after=2021-01-01T00:00:00+00:00
[2024-10-10T12:15:46.791+0700] {processor.py:179} INFO - Processing /home/hasyidan/venv/lib/python3.8/site-packages/airflow/example_dags/example_trigger_controller_dag.py took 0.241 seconds
[2024-10-10T12:16:41.221+0700] {processor.py:157} INFO - Started process (PID=4962) to work on /home/hasyidan/venv/lib/python3.8/site-packages/airflow/example_dags/example_trigger_controller_dag.py
[2024-10-10T12:16:41.257+0700] {processor.py:826} INFO - Processing file /home/hasyidan/venv/lib/python3.8/site-packages/airflow/example_dags/example_trigger_controller_dag.py for tasks to queue
[2024-10-10T12:16:41.260+0700] {logging_mixin.py:149} INFO - [2024-10-10T12:16:41.259+0700] {dagbag.py:541} INFO - Filling up the DagBag from /home/hasyidan/venv/lib/python3.8/site-packages/airflow/example_dags/example_trigger_controller_dag.py
[2024-10-10T12:16:41.271+0700] {processor.py:836} INFO - DAG(s) dict_keys(['example_trigger_controller_dag']) retrieved from /home/hasyidan/venv/lib/python3.8/site-packages/airflow/example_dags/example_trigger_controller_dag.py
[2024-10-10T12:16:41.332+0700] {logging_mixin.py:149} INFO - [2024-10-10T12:16:41.331+0700] {dag.py:2726} INFO - Sync 1 DAGs
[2024-10-10T12:16:41.383+0700] {logging_mixin.py:149} INFO - [2024-10-10T12:16:41.382+0700] {dag.py:3486} INFO - Setting next_dagrun for example_trigger_controller_dag to 2021-01-01T00:00:00+00:00, run_after=2021-01-01T00:00:00+00:00
[2024-10-10T12:16:41.520+0700] {processor.py:179} INFO - Processing /home/hasyidan/venv/lib/python3.8/site-packages/airflow/example_dags/example_trigger_controller_dag.py took 0.306 seconds
[2024-10-10T12:17:36.632+0700] {processor.py:157} INFO - Started process (PID=5031) to work on /home/hasyidan/venv/lib/python3.8/site-packages/airflow/example_dags/example_trigger_controller_dag.py
[2024-10-10T12:17:36.633+0700] {processor.py:826} INFO - Processing file /home/hasyidan/venv/lib/python3.8/site-packages/airflow/example_dags/example_trigger_controller_dag.py for tasks to queue
[2024-10-10T12:17:36.635+0700] {logging_mixin.py:149} INFO - [2024-10-10T12:17:36.634+0700] {dagbag.py:541} INFO - Filling up the DagBag from /home/hasyidan/venv/lib/python3.8/site-packages/airflow/example_dags/example_trigger_controller_dag.py
[2024-10-10T12:17:36.642+0700] {processor.py:836} INFO - DAG(s) dict_keys(['example_trigger_controller_dag']) retrieved from /home/hasyidan/venv/lib/python3.8/site-packages/airflow/example_dags/example_trigger_controller_dag.py
[2024-10-10T12:17:36.679+0700] {logging_mixin.py:149} INFO - [2024-10-10T12:17:36.679+0700] {dag.py:2726} INFO - Sync 1 DAGs
[2024-10-10T12:17:36.722+0700] {logging_mixin.py:149} INFO - [2024-10-10T12:17:36.721+0700] {dag.py:3486} INFO - Setting next_dagrun for example_trigger_controller_dag to 2021-01-01T00:00:00+00:00, run_after=2021-01-01T00:00:00+00:00
[2024-10-10T12:17:36.882+0700] {processor.py:179} INFO - Processing /home/hasyidan/venv/lib/python3.8/site-packages/airflow/example_dags/example_trigger_controller_dag.py took 0.257 seconds
[2024-10-10T12:18:29.863+0700] {processor.py:157} INFO - Started process (PID=5092) to work on /home/hasyidan/venv/lib/python3.8/site-packages/airflow/example_dags/example_trigger_controller_dag.py
[2024-10-10T12:18:29.881+0700] {processor.py:826} INFO - Processing file /home/hasyidan/venv/lib/python3.8/site-packages/airflow/example_dags/example_trigger_controller_dag.py for tasks to queue
[2024-10-10T12:18:29.883+0700] {logging_mixin.py:149} INFO - [2024-10-10T12:18:29.883+0700] {dagbag.py:541} INFO - Filling up the DagBag from /home/hasyidan/venv/lib/python3.8/site-packages/airflow/example_dags/example_trigger_controller_dag.py
[2024-10-10T12:18:29.893+0700] {processor.py:836} INFO - DAG(s) dict_keys(['example_trigger_controller_dag']) retrieved from /home/hasyidan/venv/lib/python3.8/site-packages/airflow/example_dags/example_trigger_controller_dag.py
[2024-10-10T12:18:29.930+0700] {logging_mixin.py:149} INFO - [2024-10-10T12:18:29.930+0700] {dag.py:2726} INFO - Sync 1 DAGs
[2024-10-10T12:18:29.971+0700] {logging_mixin.py:149} INFO - [2024-10-10T12:18:29.971+0700] {dag.py:3486} INFO - Setting next_dagrun for example_trigger_controller_dag to 2021-01-01T00:00:00+00:00, run_after=2021-01-01T00:00:00+00:00
[2024-10-10T12:18:30.107+0700] {processor.py:179} INFO - Processing /home/hasyidan/venv/lib/python3.8/site-packages/airflow/example_dags/example_trigger_controller_dag.py took 0.250 seconds
[2024-10-10T12:19:22.639+0700] {processor.py:157} INFO - Started process (PID=5149) to work on /home/hasyidan/venv/lib/python3.8/site-packages/airflow/example_dags/example_trigger_controller_dag.py
[2024-10-10T12:19:22.673+0700] {processor.py:826} INFO - Processing file /home/hasyidan/venv/lib/python3.8/site-packages/airflow/example_dags/example_trigger_controller_dag.py for tasks to queue
[2024-10-10T12:19:22.675+0700] {logging_mixin.py:149} INFO - [2024-10-10T12:19:22.675+0700] {dagbag.py:541} INFO - Filling up the DagBag from /home/hasyidan/venv/lib/python3.8/site-packages/airflow/example_dags/example_trigger_controller_dag.py
[2024-10-10T12:19:22.684+0700] {processor.py:836} INFO - DAG(s) dict_keys(['example_trigger_controller_dag']) retrieved from /home/hasyidan/venv/lib/python3.8/site-packages/airflow/example_dags/example_trigger_controller_dag.py
[2024-10-10T12:19:22.725+0700] {logging_mixin.py:149} INFO - [2024-10-10T12:19:22.725+0700] {dag.py:2726} INFO - Sync 1 DAGs
[2024-10-10T12:19:22.770+0700] {logging_mixin.py:149} INFO - [2024-10-10T12:19:22.770+0700] {dag.py:3486} INFO - Setting next_dagrun for example_trigger_controller_dag to 2021-01-01T00:00:00+00:00, run_after=2021-01-01T00:00:00+00:00
[2024-10-10T12:19:22.890+0700] {processor.py:179} INFO - Processing /home/hasyidan/venv/lib/python3.8/site-packages/airflow/example_dags/example_trigger_controller_dag.py took 0.257 seconds
[2024-10-10T12:20:15.732+0700] {processor.py:157} INFO - Started process (PID=5210) to work on /home/hasyidan/venv/lib/python3.8/site-packages/airflow/example_dags/example_trigger_controller_dag.py
[2024-10-10T12:20:15.749+0700] {processor.py:826} INFO - Processing file /home/hasyidan/venv/lib/python3.8/site-packages/airflow/example_dags/example_trigger_controller_dag.py for tasks to queue
[2024-10-10T12:20:15.751+0700] {logging_mixin.py:149} INFO - [2024-10-10T12:20:15.751+0700] {dagbag.py:541} INFO - Filling up the DagBag from /home/hasyidan/venv/lib/python3.8/site-packages/airflow/example_dags/example_trigger_controller_dag.py
[2024-10-10T12:20:15.760+0700] {processor.py:836} INFO - DAG(s) dict_keys(['example_trigger_controller_dag']) retrieved from /home/hasyidan/venv/lib/python3.8/site-packages/airflow/example_dags/example_trigger_controller_dag.py
[2024-10-10T12:20:15.800+0700] {logging_mixin.py:149} INFO - [2024-10-10T12:20:15.800+0700] {dag.py:2726} INFO - Sync 1 DAGs
[2024-10-10T12:20:15.841+0700] {logging_mixin.py:149} INFO - [2024-10-10T12:20:15.841+0700] {dag.py:3486} INFO - Setting next_dagrun for example_trigger_controller_dag to 2021-01-01T00:00:00+00:00, run_after=2021-01-01T00:00:00+00:00
[2024-10-10T12:20:15.969+0700] {processor.py:179} INFO - Processing /home/hasyidan/venv/lib/python3.8/site-packages/airflow/example_dags/example_trigger_controller_dag.py took 0.241 seconds
[2024-10-10T12:21:11.958+0700] {processor.py:157} INFO - Started process (PID=5279) to work on /home/hasyidan/venv/lib/python3.8/site-packages/airflow/example_dags/example_trigger_controller_dag.py
[2024-10-10T12:21:11.979+0700] {processor.py:826} INFO - Processing file /home/hasyidan/venv/lib/python3.8/site-packages/airflow/example_dags/example_trigger_controller_dag.py for tasks to queue
[2024-10-10T12:21:11.981+0700] {logging_mixin.py:149} INFO - [2024-10-10T12:21:11.980+0700] {dagbag.py:541} INFO - Filling up the DagBag from /home/hasyidan/venv/lib/python3.8/site-packages/airflow/example_dags/example_trigger_controller_dag.py
[2024-10-10T12:21:11.988+0700] {processor.py:836} INFO - DAG(s) dict_keys(['example_trigger_controller_dag']) retrieved from /home/hasyidan/venv/lib/python3.8/site-packages/airflow/example_dags/example_trigger_controller_dag.py
[2024-10-10T12:21:12.033+0700] {logging_mixin.py:149} INFO - [2024-10-10T12:21:12.032+0700] {dag.py:2726} INFO - Sync 1 DAGs
[2024-10-10T12:21:12.095+0700] {logging_mixin.py:149} INFO - [2024-10-10T12:21:12.095+0700] {dag.py:3486} INFO - Setting next_dagrun for example_trigger_controller_dag to 2021-01-01T00:00:00+00:00, run_after=2021-01-01T00:00:00+00:00
[2024-10-10T12:21:12.361+0700] {processor.py:179} INFO - Processing /home/hasyidan/venv/lib/python3.8/site-packages/airflow/example_dags/example_trigger_controller_dag.py took 0.417 seconds
[2024-10-10T13:19:58.308+0700] {processor.py:157} INFO - Started process (PID=1935) to work on /home/hasyidan/venv/lib/python3.8/site-packages/airflow/example_dags/example_trigger_controller_dag.py
[2024-10-10T13:19:58.368+0700] {processor.py:826} INFO - Processing file /home/hasyidan/venv/lib/python3.8/site-packages/airflow/example_dags/example_trigger_controller_dag.py for tasks to queue
[2024-10-10T13:19:58.370+0700] {logging_mixin.py:149} INFO - [2024-10-10T13:19:58.370+0700] {dagbag.py:541} INFO - Filling up the DagBag from /home/hasyidan/venv/lib/python3.8/site-packages/airflow/example_dags/example_trigger_controller_dag.py
[2024-10-10T13:19:58.394+0700] {processor.py:836} INFO - DAG(s) dict_keys(['example_trigger_controller_dag']) retrieved from /home/hasyidan/venv/lib/python3.8/site-packages/airflow/example_dags/example_trigger_controller_dag.py
[2024-10-10T13:19:58.707+0700] {logging_mixin.py:149} INFO - [2024-10-10T13:19:58.706+0700] {dag.py:2726} INFO - Sync 1 DAGs
[2024-10-10T13:19:58.778+0700] {logging_mixin.py:149} INFO - [2024-10-10T13:19:58.778+0700] {dag.py:3486} INFO - Setting next_dagrun for example_trigger_controller_dag to 2021-01-01T00:00:00+00:00, run_after=2021-01-01T00:00:00+00:00
[2024-10-10T13:19:59.040+0700] {processor.py:179} INFO - Processing /home/hasyidan/venv/lib/python3.8/site-packages/airflow/example_dags/example_trigger_controller_dag.py took 0.738 seconds
[2024-10-10T13:25:04.348+0700] {processor.py:157} INFO - Started process (PID=2537) to work on /home/hasyidan/venv/lib/python3.8/site-packages/airflow/example_dags/example_trigger_controller_dag.py
[2024-10-10T13:25:04.386+0700] {processor.py:826} INFO - Processing file /home/hasyidan/venv/lib/python3.8/site-packages/airflow/example_dags/example_trigger_controller_dag.py for tasks to queue
[2024-10-10T13:25:04.388+0700] {logging_mixin.py:149} INFO - [2024-10-10T13:25:04.388+0700] {dagbag.py:541} INFO - Filling up the DagBag from /home/hasyidan/venv/lib/python3.8/site-packages/airflow/example_dags/example_trigger_controller_dag.py
[2024-10-10T13:25:04.432+0700] {processor.py:836} INFO - DAG(s) dict_keys(['example_trigger_controller_dag']) retrieved from /home/hasyidan/venv/lib/python3.8/site-packages/airflow/example_dags/example_trigger_controller_dag.py
[2024-10-10T13:25:04.835+0700] {logging_mixin.py:149} INFO - [2024-10-10T13:25:04.835+0700] {dag.py:2726} INFO - Sync 1 DAGs
[2024-10-10T13:25:04.901+0700] {logging_mixin.py:149} INFO - [2024-10-10T13:25:04.900+0700] {dag.py:3486} INFO - Setting next_dagrun for example_trigger_controller_dag to 2021-01-01T00:00:00+00:00, run_after=2021-01-01T00:00:00+00:00
[2024-10-10T13:25:05.154+0700] {processor.py:179} INFO - Processing /home/hasyidan/venv/lib/python3.8/site-packages/airflow/example_dags/example_trigger_controller_dag.py took 0.819 seconds
[2024-10-10T13:26:54.171+0700] {processor.py:157} INFO - Started process (PID=2683) to work on /home/hasyidan/venv/lib/python3.8/site-packages/airflow/example_dags/example_trigger_controller_dag.py
[2024-10-10T13:26:54.247+0700] {processor.py:826} INFO - Processing file /home/hasyidan/venv/lib/python3.8/site-packages/airflow/example_dags/example_trigger_controller_dag.py for tasks to queue
[2024-10-10T13:26:54.250+0700] {logging_mixin.py:149} INFO - [2024-10-10T13:26:54.249+0700] {dagbag.py:541} INFO - Filling up the DagBag from /home/hasyidan/venv/lib/python3.8/site-packages/airflow/example_dags/example_trigger_controller_dag.py
[2024-10-10T13:26:54.301+0700] {processor.py:836} INFO - DAG(s) dict_keys(['example_trigger_controller_dag']) retrieved from /home/hasyidan/venv/lib/python3.8/site-packages/airflow/example_dags/example_trigger_controller_dag.py
[2024-10-10T13:26:54.432+0700] {logging_mixin.py:149} INFO - [2024-10-10T13:26:54.431+0700] {dag.py:2726} INFO - Sync 1 DAGs
[2024-10-10T13:26:54.504+0700] {logging_mixin.py:149} INFO - [2024-10-10T13:26:54.504+0700] {dag.py:3486} INFO - Setting next_dagrun for example_trigger_controller_dag to 2021-01-01T00:00:00+00:00, run_after=2021-01-01T00:00:00+00:00
[2024-10-10T13:26:55.950+0700] {processor.py:179} INFO - Processing /home/hasyidan/venv/lib/python3.8/site-packages/airflow/example_dags/example_trigger_controller_dag.py took 1.785 seconds
