[2024-10-10T11:48:50.654+0700] {processor.py:157} INFO - Started process (PID=2918) to work on /home/hasyidan/venv/lib/python3.8/site-packages/airflow/example_dags/example_branch_day_of_week_operator.py
[2024-10-10T11:48:50.655+0700] {processor.py:826} INFO - Processing file /home/hasyidan/venv/lib/python3.8/site-packages/airflow/example_dags/example_branch_day_of_week_operator.py for tasks to queue
[2024-10-10T11:48:50.656+0700] {logging_mixin.py:149} INFO - [2024-10-10T11:48:50.656+0700] {dagbag.py:541} INFO - Filling up the DagBag from /home/hasyidan/venv/lib/python3.8/site-packages/airflow/example_dags/example_branch_day_of_week_operator.py
[2024-10-10T11:48:50.684+0700] {processor.py:836} INFO - DAG(s) dict_keys(['example_weekday_branch_operator']) retrieved from /home/hasyidan/venv/lib/python3.8/site-packages/airflow/example_dags/example_branch_day_of_week_operator.py
[2024-10-10T11:48:50.724+0700] {logging_mixin.py:149} INFO - [2024-10-10T11:48:50.724+0700] {dag.py:2726} INFO - Sync 1 DAGs
[2024-10-10T11:48:50.768+0700] {logging_mixin.py:149} INFO - [2024-10-10T11:48:50.768+0700] {dag.py:3486} INFO - Setting next_dagrun for example_weekday_branch_operator to 2024-10-09T00:00:00+00:00, run_after=2024-10-10T00:00:00+00:00
[2024-10-10T11:48:51.136+0700] {processor.py:179} INFO - Processing /home/hasyidan/venv/lib/python3.8/site-packages/airflow/example_dags/example_branch_day_of_week_operator.py took 0.488 seconds
[2024-10-10T11:52:11.016+0700] {processor.py:157} INFO - Started process (PID=3240) to work on /home/hasyidan/venv/lib/python3.8/site-packages/airflow/example_dags/example_branch_day_of_week_operator.py
[2024-10-10T11:52:11.057+0700] {processor.py:826} INFO - Processing file /home/hasyidan/venv/lib/python3.8/site-packages/airflow/example_dags/example_branch_day_of_week_operator.py for tasks to queue
[2024-10-10T11:52:11.060+0700] {logging_mixin.py:149} INFO - [2024-10-10T11:52:11.059+0700] {dagbag.py:541} INFO - Filling up the DagBag from /home/hasyidan/venv/lib/python3.8/site-packages/airflow/example_dags/example_branch_day_of_week_operator.py
[2024-10-10T11:52:11.249+0700] {processor.py:836} INFO - DAG(s) dict_keys(['example_weekday_branch_operator']) retrieved from /home/hasyidan/venv/lib/python3.8/site-packages/airflow/example_dags/example_branch_day_of_week_operator.py
[2024-10-10T11:52:16.753+0700] {logging_mixin.py:149} INFO - [2024-10-10T11:52:16.753+0700] {dag.py:2726} INFO - Sync 1 DAGs
[2024-10-10T11:52:16.821+0700] {logging_mixin.py:149} INFO - [2024-10-10T11:52:16.821+0700] {dag.py:3486} INFO - Setting next_dagrun for example_weekday_branch_operator to 2024-10-09T00:00:00+00:00, run_after=2024-10-10T00:00:00+00:00
[2024-10-10T11:52:18.040+0700] {processor.py:179} INFO - Processing /home/hasyidan/venv/lib/python3.8/site-packages/airflow/example_dags/example_branch_day_of_week_operator.py took 7.035 seconds
[2024-10-10T11:53:57.575+0700] {processor.py:157} INFO - Started process (PID=3377) to work on /home/hasyidan/venv/lib/python3.8/site-packages/airflow/example_dags/example_branch_day_of_week_operator.py
[2024-10-10T11:53:57.594+0700] {processor.py:826} INFO - Processing file /home/hasyidan/venv/lib/python3.8/site-packages/airflow/example_dags/example_branch_day_of_week_operator.py for tasks to queue
[2024-10-10T11:53:57.595+0700] {logging_mixin.py:149} INFO - [2024-10-10T11:53:57.595+0700] {dagbag.py:541} INFO - Filling up the DagBag from /home/hasyidan/venv/lib/python3.8/site-packages/airflow/example_dags/example_branch_day_of_week_operator.py
[2024-10-10T11:53:57.610+0700] {processor.py:836} INFO - DAG(s) dict_keys(['example_weekday_branch_operator']) retrieved from /home/hasyidan/venv/lib/python3.8/site-packages/airflow/example_dags/example_branch_day_of_week_operator.py
[2024-10-10T11:53:57.650+0700] {logging_mixin.py:149} INFO - [2024-10-10T11:53:57.650+0700] {dag.py:2726} INFO - Sync 1 DAGs
[2024-10-10T11:53:57.695+0700] {logging_mixin.py:149} INFO - [2024-10-10T11:53:57.695+0700] {dag.py:3486} INFO - Setting next_dagrun for example_weekday_branch_operator to 2024-10-09T00:00:00+00:00, run_after=2024-10-10T00:00:00+00:00
[2024-10-10T11:53:57.843+0700] {processor.py:179} INFO - Processing /home/hasyidan/venv/lib/python3.8/site-packages/airflow/example_dags/example_branch_day_of_week_operator.py took 0.275 seconds
[2024-10-10T11:54:54.738+0700] {processor.py:157} INFO - Started process (PID=3441) to work on /home/hasyidan/venv/lib/python3.8/site-packages/airflow/example_dags/example_branch_day_of_week_operator.py
[2024-10-10T11:54:55.722+0700] {processor.py:826} INFO - Processing file /home/hasyidan/venv/lib/python3.8/site-packages/airflow/example_dags/example_branch_day_of_week_operator.py for tasks to queue
[2024-10-10T11:54:55.731+0700] {logging_mixin.py:149} INFO - [2024-10-10T11:54:55.731+0700] {dagbag.py:541} INFO - Filling up the DagBag from /home/hasyidan/venv/lib/python3.8/site-packages/airflow/example_dags/example_branch_day_of_week_operator.py
[2024-10-10T11:54:55.751+0700] {processor.py:836} INFO - DAG(s) dict_keys(['example_weekday_branch_operator']) retrieved from /home/hasyidan/venv/lib/python3.8/site-packages/airflow/example_dags/example_branch_day_of_week_operator.py
[2024-10-10T11:54:56.227+0700] {logging_mixin.py:149} INFO - [2024-10-10T11:54:56.227+0700] {dag.py:2726} INFO - Sync 1 DAGs
[2024-10-10T11:54:56.275+0700] {logging_mixin.py:149} INFO - [2024-10-10T11:54:56.274+0700] {dag.py:3486} INFO - Setting next_dagrun for example_weekday_branch_operator to 2024-10-09T00:00:00+00:00, run_after=2024-10-10T00:00:00+00:00
[2024-10-10T11:54:56.569+0700] {processor.py:179} INFO - Processing /home/hasyidan/venv/lib/python3.8/site-packages/airflow/example_dags/example_branch_day_of_week_operator.py took 1.838 seconds
[2024-10-10T11:56:05.038+0700] {processor.py:157} INFO - Started process (PID=3528) to work on /home/hasyidan/venv/lib/python3.8/site-packages/airflow/example_dags/example_branch_day_of_week_operator.py
[2024-10-10T11:56:05.058+0700] {processor.py:826} INFO - Processing file /home/hasyidan/venv/lib/python3.8/site-packages/airflow/example_dags/example_branch_day_of_week_operator.py for tasks to queue
[2024-10-10T11:56:05.060+0700] {logging_mixin.py:149} INFO - [2024-10-10T11:56:05.060+0700] {dagbag.py:541} INFO - Filling up the DagBag from /home/hasyidan/venv/lib/python3.8/site-packages/airflow/example_dags/example_branch_day_of_week_operator.py
[2024-10-10T11:56:05.077+0700] {processor.py:836} INFO - DAG(s) dict_keys(['example_weekday_branch_operator']) retrieved from /home/hasyidan/venv/lib/python3.8/site-packages/airflow/example_dags/example_branch_day_of_week_operator.py
[2024-10-10T11:56:05.116+0700] {logging_mixin.py:149} INFO - [2024-10-10T11:56:05.116+0700] {dag.py:2726} INFO - Sync 1 DAGs
[2024-10-10T11:56:05.162+0700] {logging_mixin.py:149} INFO - [2024-10-10T11:56:05.161+0700] {dag.py:3486} INFO - Setting next_dagrun for example_weekday_branch_operator to 2024-10-09T00:00:00+00:00, run_after=2024-10-10T00:00:00+00:00
[2024-10-10T11:56:05.283+0700] {processor.py:179} INFO - Processing /home/hasyidan/venv/lib/python3.8/site-packages/airflow/example_dags/example_branch_day_of_week_operator.py took 0.250 seconds
[2024-10-10T11:57:02.388+0700] {processor.py:157} INFO - Started process (PID=3587) to work on /home/hasyidan/venv/lib/python3.8/site-packages/airflow/example_dags/example_branch_day_of_week_operator.py
[2024-10-10T11:57:02.449+0700] {processor.py:826} INFO - Processing file /home/hasyidan/venv/lib/python3.8/site-packages/airflow/example_dags/example_branch_day_of_week_operator.py for tasks to queue
[2024-10-10T11:57:02.452+0700] {logging_mixin.py:149} INFO - [2024-10-10T11:57:02.451+0700] {dagbag.py:541} INFO - Filling up the DagBag from /home/hasyidan/venv/lib/python3.8/site-packages/airflow/example_dags/example_branch_day_of_week_operator.py
[2024-10-10T11:57:02.470+0700] {processor.py:836} INFO - DAG(s) dict_keys(['example_weekday_branch_operator']) retrieved from /home/hasyidan/venv/lib/python3.8/site-packages/airflow/example_dags/example_branch_day_of_week_operator.py
[2024-10-10T11:57:02.510+0700] {logging_mixin.py:149} INFO - [2024-10-10T11:57:02.510+0700] {dag.py:2726} INFO - Sync 1 DAGs
[2024-10-10T11:57:02.558+0700] {logging_mixin.py:149} INFO - [2024-10-10T11:57:02.557+0700] {dag.py:3486} INFO - Setting next_dagrun for example_weekday_branch_operator to 2024-10-09T00:00:00+00:00, run_after=2024-10-10T00:00:00+00:00
[2024-10-10T11:57:02.677+0700] {processor.py:179} INFO - Processing /home/hasyidan/venv/lib/python3.8/site-packages/airflow/example_dags/example_branch_day_of_week_operator.py took 0.295 seconds
[2024-10-10T11:57:59.380+0700] {processor.py:157} INFO - Started process (PID=3649) to work on /home/hasyidan/venv/lib/python3.8/site-packages/airflow/example_dags/example_branch_day_of_week_operator.py
[2024-10-10T11:57:59.399+0700] {processor.py:826} INFO - Processing file /home/hasyidan/venv/lib/python3.8/site-packages/airflow/example_dags/example_branch_day_of_week_operator.py for tasks to queue
[2024-10-10T11:57:59.401+0700] {logging_mixin.py:149} INFO - [2024-10-10T11:57:59.401+0700] {dagbag.py:541} INFO - Filling up the DagBag from /home/hasyidan/venv/lib/python3.8/site-packages/airflow/example_dags/example_branch_day_of_week_operator.py
[2024-10-10T11:57:59.417+0700] {processor.py:836} INFO - DAG(s) dict_keys(['example_weekday_branch_operator']) retrieved from /home/hasyidan/venv/lib/python3.8/site-packages/airflow/example_dags/example_branch_day_of_week_operator.py
[2024-10-10T11:57:59.456+0700] {logging_mixin.py:149} INFO - [2024-10-10T11:57:59.456+0700] {dag.py:2726} INFO - Sync 1 DAGs
[2024-10-10T11:57:59.501+0700] {logging_mixin.py:149} INFO - [2024-10-10T11:57:59.501+0700] {dag.py:3486} INFO - Setting next_dagrun for example_weekday_branch_operator to 2024-10-09T00:00:00+00:00, run_after=2024-10-10T00:00:00+00:00
[2024-10-10T11:57:59.615+0700] {processor.py:179} INFO - Processing /home/hasyidan/venv/lib/python3.8/site-packages/airflow/example_dags/example_branch_day_of_week_operator.py took 0.241 seconds
[2024-10-10T11:59:11.074+0700] {processor.py:157} INFO - Started process (PID=3736) to work on /home/hasyidan/venv/lib/python3.8/site-packages/airflow/example_dags/example_branch_day_of_week_operator.py
[2024-10-10T11:59:11.097+0700] {processor.py:826} INFO - Processing file /home/hasyidan/venv/lib/python3.8/site-packages/airflow/example_dags/example_branch_day_of_week_operator.py for tasks to queue
[2024-10-10T11:59:11.100+0700] {logging_mixin.py:149} INFO - [2024-10-10T11:59:11.099+0700] {dagbag.py:541} INFO - Filling up the DagBag from /home/hasyidan/venv/lib/python3.8/site-packages/airflow/example_dags/example_branch_day_of_week_operator.py
[2024-10-10T11:59:11.146+0700] {processor.py:836} INFO - DAG(s) dict_keys(['example_weekday_branch_operator']) retrieved from /home/hasyidan/venv/lib/python3.8/site-packages/airflow/example_dags/example_branch_day_of_week_operator.py
[2024-10-10T11:59:11.208+0700] {logging_mixin.py:149} INFO - [2024-10-10T11:59:11.208+0700] {dag.py:2726} INFO - Sync 1 DAGs
[2024-10-10T11:59:11.271+0700] {logging_mixin.py:149} INFO - [2024-10-10T11:59:11.271+0700] {dag.py:3486} INFO - Setting next_dagrun for example_weekday_branch_operator to 2024-10-09T00:00:00+00:00, run_after=2024-10-10T00:00:00+00:00
[2024-10-10T11:59:11.460+0700] {processor.py:179} INFO - Processing /home/hasyidan/venv/lib/python3.8/site-packages/airflow/example_dags/example_branch_day_of_week_operator.py took 0.408 seconds
[2024-10-10T12:00:08.651+0700] {processor.py:157} INFO - Started process (PID=3796) to work on /home/hasyidan/venv/lib/python3.8/site-packages/airflow/example_dags/example_branch_day_of_week_operator.py
[2024-10-10T12:00:08.653+0700] {processor.py:826} INFO - Processing file /home/hasyidan/venv/lib/python3.8/site-packages/airflow/example_dags/example_branch_day_of_week_operator.py for tasks to queue
[2024-10-10T12:00:08.654+0700] {logging_mixin.py:149} INFO - [2024-10-10T12:00:08.654+0700] {dagbag.py:541} INFO - Filling up the DagBag from /home/hasyidan/venv/lib/python3.8/site-packages/airflow/example_dags/example_branch_day_of_week_operator.py
[2024-10-10T12:00:08.669+0700] {processor.py:836} INFO - DAG(s) dict_keys(['example_weekday_branch_operator']) retrieved from /home/hasyidan/venv/lib/python3.8/site-packages/airflow/example_dags/example_branch_day_of_week_operator.py
[2024-10-10T12:00:08.709+0700] {logging_mixin.py:149} INFO - [2024-10-10T12:00:08.708+0700] {dag.py:2726} INFO - Sync 1 DAGs
[2024-10-10T12:00:08.756+0700] {logging_mixin.py:149} INFO - [2024-10-10T12:00:08.755+0700] {dag.py:3486} INFO - Setting next_dagrun for example_weekday_branch_operator to 2024-10-09T00:00:00+00:00, run_after=2024-10-10T00:00:00+00:00
[2024-10-10T12:00:08.872+0700] {processor.py:179} INFO - Processing /home/hasyidan/venv/lib/python3.8/site-packages/airflow/example_dags/example_branch_day_of_week_operator.py took 0.226 seconds
[2024-10-10T12:01:05.573+0700] {processor.py:157} INFO - Started process (PID=3856) to work on /home/hasyidan/venv/lib/python3.8/site-packages/airflow/example_dags/example_branch_day_of_week_operator.py
[2024-10-10T12:01:05.575+0700] {processor.py:826} INFO - Processing file /home/hasyidan/venv/lib/python3.8/site-packages/airflow/example_dags/example_branch_day_of_week_operator.py for tasks to queue
[2024-10-10T12:01:05.576+0700] {logging_mixin.py:149} INFO - [2024-10-10T12:01:05.576+0700] {dagbag.py:541} INFO - Filling up the DagBag from /home/hasyidan/venv/lib/python3.8/site-packages/airflow/example_dags/example_branch_day_of_week_operator.py
[2024-10-10T12:01:05.590+0700] {processor.py:836} INFO - DAG(s) dict_keys(['example_weekday_branch_operator']) retrieved from /home/hasyidan/venv/lib/python3.8/site-packages/airflow/example_dags/example_branch_day_of_week_operator.py
[2024-10-10T12:01:05.630+0700] {logging_mixin.py:149} INFO - [2024-10-10T12:01:05.629+0700] {dag.py:2726} INFO - Sync 1 DAGs
[2024-10-10T12:01:05.675+0700] {logging_mixin.py:149} INFO - [2024-10-10T12:01:05.674+0700] {dag.py:3486} INFO - Setting next_dagrun for example_weekday_branch_operator to 2024-10-09T00:00:00+00:00, run_after=2024-10-10T00:00:00+00:00
[2024-10-10T12:01:05.787+0700] {processor.py:179} INFO - Processing /home/hasyidan/venv/lib/python3.8/site-packages/airflow/example_dags/example_branch_day_of_week_operator.py took 0.221 seconds
[2024-10-10T12:02:20.856+0700] {processor.py:157} INFO - Started process (PID=3942) to work on /home/hasyidan/venv/lib/python3.8/site-packages/airflow/example_dags/example_branch_day_of_week_operator.py
[2024-10-10T12:02:20.857+0700] {processor.py:826} INFO - Processing file /home/hasyidan/venv/lib/python3.8/site-packages/airflow/example_dags/example_branch_day_of_week_operator.py for tasks to queue
[2024-10-10T12:02:20.859+0700] {logging_mixin.py:149} INFO - [2024-10-10T12:02:20.859+0700] {dagbag.py:541} INFO - Filling up the DagBag from /home/hasyidan/venv/lib/python3.8/site-packages/airflow/example_dags/example_branch_day_of_week_operator.py
[2024-10-10T12:02:20.874+0700] {processor.py:836} INFO - DAG(s) dict_keys(['example_weekday_branch_operator']) retrieved from /home/hasyidan/venv/lib/python3.8/site-packages/airflow/example_dags/example_branch_day_of_week_operator.py
[2024-10-10T12:02:20.917+0700] {logging_mixin.py:149} INFO - [2024-10-10T12:02:20.917+0700] {dag.py:2726} INFO - Sync 1 DAGs
[2024-10-10T12:02:20.962+0700] {logging_mixin.py:149} INFO - [2024-10-10T12:02:20.962+0700] {dag.py:3486} INFO - Setting next_dagrun for example_weekday_branch_operator to 2024-10-09T00:00:00+00:00, run_after=2024-10-10T00:00:00+00:00
[2024-10-10T12:02:21.088+0700] {processor.py:179} INFO - Processing /home/hasyidan/venv/lib/python3.8/site-packages/airflow/example_dags/example_branch_day_of_week_operator.py took 0.239 seconds
[2024-10-10T12:03:38.935+0700] {processor.py:157} INFO - Started process (PID=4028) to work on /home/hasyidan/venv/lib/python3.8/site-packages/airflow/example_dags/example_branch_day_of_week_operator.py
[2024-10-10T12:03:38.953+0700] {processor.py:826} INFO - Processing file /home/hasyidan/venv/lib/python3.8/site-packages/airflow/example_dags/example_branch_day_of_week_operator.py for tasks to queue
[2024-10-10T12:03:38.956+0700] {logging_mixin.py:149} INFO - [2024-10-10T12:03:38.955+0700] {dagbag.py:541} INFO - Filling up the DagBag from /home/hasyidan/venv/lib/python3.8/site-packages/airflow/example_dags/example_branch_day_of_week_operator.py
[2024-10-10T12:03:38.972+0700] {processor.py:836} INFO - DAG(s) dict_keys(['example_weekday_branch_operator']) retrieved from /home/hasyidan/venv/lib/python3.8/site-packages/airflow/example_dags/example_branch_day_of_week_operator.py
[2024-10-10T12:03:39.012+0700] {logging_mixin.py:149} INFO - [2024-10-10T12:03:39.011+0700] {dag.py:2726} INFO - Sync 1 DAGs
[2024-10-10T12:03:39.065+0700] {logging_mixin.py:149} INFO - [2024-10-10T12:03:39.064+0700] {dag.py:3486} INFO - Setting next_dagrun for example_weekday_branch_operator to 2024-10-09T00:00:00+00:00, run_after=2024-10-10T00:00:00+00:00
[2024-10-10T12:03:39.181+0700] {processor.py:179} INFO - Processing /home/hasyidan/venv/lib/python3.8/site-packages/airflow/example_dags/example_branch_day_of_week_operator.py took 0.252 seconds
[2024-10-10T12:04:56.993+0700] {processor.py:157} INFO - Started process (PID=4165) to work on /home/hasyidan/venv/lib/python3.8/site-packages/airflow/example_dags/example_branch_day_of_week_operator.py
[2024-10-10T12:04:57.014+0700] {processor.py:826} INFO - Processing file /home/hasyidan/venv/lib/python3.8/site-packages/airflow/example_dags/example_branch_day_of_week_operator.py for tasks to queue
[2024-10-10T12:04:57.017+0700] {logging_mixin.py:149} INFO - [2024-10-10T12:04:57.016+0700] {dagbag.py:541} INFO - Filling up the DagBag from /home/hasyidan/venv/lib/python3.8/site-packages/airflow/example_dags/example_branch_day_of_week_operator.py
[2024-10-10T12:04:57.033+0700] {processor.py:836} INFO - DAG(s) dict_keys(['example_weekday_branch_operator']) retrieved from /home/hasyidan/venv/lib/python3.8/site-packages/airflow/example_dags/example_branch_day_of_week_operator.py
[2024-10-10T12:04:57.073+0700] {logging_mixin.py:149} INFO - [2024-10-10T12:04:57.073+0700] {dag.py:2726} INFO - Sync 1 DAGs
[2024-10-10T12:04:57.118+0700] {logging_mixin.py:149} INFO - [2024-10-10T12:04:57.117+0700] {dag.py:3486} INFO - Setting next_dagrun for example_weekday_branch_operator to 2024-10-09T00:00:00+00:00, run_after=2024-10-10T00:00:00+00:00
[2024-10-10T12:04:57.244+0700] {processor.py:179} INFO - Processing /home/hasyidan/venv/lib/python3.8/site-packages/airflow/example_dags/example_branch_day_of_week_operator.py took 0.258 seconds
[2024-10-10T12:05:55.355+0700] {processor.py:157} INFO - Started process (PID=4231) to work on /home/hasyidan/venv/lib/python3.8/site-packages/airflow/example_dags/example_branch_day_of_week_operator.py
[2024-10-10T12:05:55.370+0700] {processor.py:826} INFO - Processing file /home/hasyidan/venv/lib/python3.8/site-packages/airflow/example_dags/example_branch_day_of_week_operator.py for tasks to queue
[2024-10-10T12:05:55.373+0700] {logging_mixin.py:149} INFO - [2024-10-10T12:05:55.372+0700] {dagbag.py:541} INFO - Filling up the DagBag from /home/hasyidan/venv/lib/python3.8/site-packages/airflow/example_dags/example_branch_day_of_week_operator.py
[2024-10-10T12:05:55.391+0700] {processor.py:836} INFO - DAG(s) dict_keys(['example_weekday_branch_operator']) retrieved from /home/hasyidan/venv/lib/python3.8/site-packages/airflow/example_dags/example_branch_day_of_week_operator.py
[2024-10-10T12:05:55.433+0700] {logging_mixin.py:149} INFO - [2024-10-10T12:05:55.433+0700] {dag.py:2726} INFO - Sync 1 DAGs
[2024-10-10T12:05:55.478+0700] {logging_mixin.py:149} INFO - [2024-10-10T12:05:55.478+0700] {dag.py:3486} INFO - Setting next_dagrun for example_weekday_branch_operator to 2024-10-09T00:00:00+00:00, run_after=2024-10-10T00:00:00+00:00
[2024-10-10T12:05:55.600+0700] {processor.py:179} INFO - Processing /home/hasyidan/venv/lib/python3.8/site-packages/airflow/example_dags/example_branch_day_of_week_operator.py took 0.252 seconds
[2024-10-10T12:07:17.267+0700] {processor.py:157} INFO - Started process (PID=4317) to work on /home/hasyidan/venv/lib/python3.8/site-packages/airflow/example_dags/example_branch_day_of_week_operator.py
[2024-10-10T12:07:17.282+0700] {processor.py:826} INFO - Processing file /home/hasyidan/venv/lib/python3.8/site-packages/airflow/example_dags/example_branch_day_of_week_operator.py for tasks to queue
[2024-10-10T12:07:17.284+0700] {logging_mixin.py:149} INFO - [2024-10-10T12:07:17.284+0700] {dagbag.py:541} INFO - Filling up the DagBag from /home/hasyidan/venv/lib/python3.8/site-packages/airflow/example_dags/example_branch_day_of_week_operator.py
[2024-10-10T12:07:17.302+0700] {processor.py:836} INFO - DAG(s) dict_keys(['example_weekday_branch_operator']) retrieved from /home/hasyidan/venv/lib/python3.8/site-packages/airflow/example_dags/example_branch_day_of_week_operator.py
[2024-10-10T12:07:17.342+0700] {logging_mixin.py:149} INFO - [2024-10-10T12:07:17.342+0700] {dag.py:2726} INFO - Sync 1 DAGs
[2024-10-10T12:07:17.390+0700] {logging_mixin.py:149} INFO - [2024-10-10T12:07:17.389+0700] {dag.py:3486} INFO - Setting next_dagrun for example_weekday_branch_operator to 2024-10-09T00:00:00+00:00, run_after=2024-10-10T00:00:00+00:00
[2024-10-10T12:07:17.549+0700] {processor.py:179} INFO - Processing /home/hasyidan/venv/lib/python3.8/site-packages/airflow/example_dags/example_branch_day_of_week_operator.py took 0.288 seconds
[2024-10-10T12:08:15.960+0700] {processor.py:157} INFO - Started process (PID=4386) to work on /home/hasyidan/venv/lib/python3.8/site-packages/airflow/example_dags/example_branch_day_of_week_operator.py
[2024-10-10T12:08:15.977+0700] {processor.py:826} INFO - Processing file /home/hasyidan/venv/lib/python3.8/site-packages/airflow/example_dags/example_branch_day_of_week_operator.py for tasks to queue
[2024-10-10T12:08:15.980+0700] {logging_mixin.py:149} INFO - [2024-10-10T12:08:15.979+0700] {dagbag.py:541} INFO - Filling up the DagBag from /home/hasyidan/venv/lib/python3.8/site-packages/airflow/example_dags/example_branch_day_of_week_operator.py
[2024-10-10T12:08:15.997+0700] {processor.py:836} INFO - DAG(s) dict_keys(['example_weekday_branch_operator']) retrieved from /home/hasyidan/venv/lib/python3.8/site-packages/airflow/example_dags/example_branch_day_of_week_operator.py
[2024-10-10T12:08:16.038+0700] {logging_mixin.py:149} INFO - [2024-10-10T12:08:16.038+0700] {dag.py:2726} INFO - Sync 1 DAGs
[2024-10-10T12:08:16.085+0700] {logging_mixin.py:149} INFO - [2024-10-10T12:08:16.084+0700] {dag.py:3486} INFO - Setting next_dagrun for example_weekday_branch_operator to 2024-10-09T00:00:00+00:00, run_after=2024-10-10T00:00:00+00:00
[2024-10-10T12:08:16.239+0700] {processor.py:179} INFO - Processing /home/hasyidan/venv/lib/python3.8/site-packages/airflow/example_dags/example_branch_day_of_week_operator.py took 0.286 seconds
[2024-10-10T12:09:12.428+0700] {processor.py:157} INFO - Started process (PID=4442) to work on /home/hasyidan/venv/lib/python3.8/site-packages/airflow/example_dags/example_branch_day_of_week_operator.py
[2024-10-10T12:09:12.429+0700] {processor.py:826} INFO - Processing file /home/hasyidan/venv/lib/python3.8/site-packages/airflow/example_dags/example_branch_day_of_week_operator.py for tasks to queue
[2024-10-10T12:09:12.431+0700] {logging_mixin.py:149} INFO - [2024-10-10T12:09:12.431+0700] {dagbag.py:541} INFO - Filling up the DagBag from /home/hasyidan/venv/lib/python3.8/site-packages/airflow/example_dags/example_branch_day_of_week_operator.py
[2024-10-10T12:09:12.444+0700] {processor.py:836} INFO - DAG(s) dict_keys(['example_weekday_branch_operator']) retrieved from /home/hasyidan/venv/lib/python3.8/site-packages/airflow/example_dags/example_branch_day_of_week_operator.py
[2024-10-10T12:09:12.484+0700] {logging_mixin.py:149} INFO - [2024-10-10T12:09:12.484+0700] {dag.py:2726} INFO - Sync 1 DAGs
[2024-10-10T12:09:12.533+0700] {logging_mixin.py:149} INFO - [2024-10-10T12:09:12.533+0700] {dag.py:3486} INFO - Setting next_dagrun for example_weekday_branch_operator to 2024-10-09T00:00:00+00:00, run_after=2024-10-10T00:00:00+00:00
[2024-10-10T12:09:12.651+0700] {processor.py:179} INFO - Processing /home/hasyidan/venv/lib/python3.8/site-packages/airflow/example_dags/example_branch_day_of_week_operator.py took 0.230 seconds
[2024-10-10T12:10:30.339+0700] {processor.py:157} INFO - Started process (PID=4523) to work on /home/hasyidan/venv/lib/python3.8/site-packages/airflow/example_dags/example_branch_day_of_week_operator.py
[2024-10-10T12:10:30.359+0700] {processor.py:826} INFO - Processing file /home/hasyidan/venv/lib/python3.8/site-packages/airflow/example_dags/example_branch_day_of_week_operator.py for tasks to queue
[2024-10-10T12:10:30.360+0700] {logging_mixin.py:149} INFO - [2024-10-10T12:10:30.360+0700] {dagbag.py:541} INFO - Filling up the DagBag from /home/hasyidan/venv/lib/python3.8/site-packages/airflow/example_dags/example_branch_day_of_week_operator.py
[2024-10-10T12:10:30.376+0700] {processor.py:836} INFO - DAG(s) dict_keys(['example_weekday_branch_operator']) retrieved from /home/hasyidan/venv/lib/python3.8/site-packages/airflow/example_dags/example_branch_day_of_week_operator.py
[2024-10-10T12:10:30.416+0700] {logging_mixin.py:149} INFO - [2024-10-10T12:10:30.416+0700] {dag.py:2726} INFO - Sync 1 DAGs
[2024-10-10T12:10:30.461+0700] {logging_mixin.py:149} INFO - [2024-10-10T12:10:30.460+0700] {dag.py:3486} INFO - Setting next_dagrun for example_weekday_branch_operator to 2024-10-09T00:00:00+00:00, run_after=2024-10-10T00:00:00+00:00
[2024-10-10T12:10:30.585+0700] {processor.py:179} INFO - Processing /home/hasyidan/venv/lib/python3.8/site-packages/airflow/example_dags/example_branch_day_of_week_operator.py took 0.251 seconds
[2024-10-10T12:11:49.578+0700] {processor.py:157} INFO - Started process (PID=4628) to work on /home/hasyidan/venv/lib/python3.8/site-packages/airflow/example_dags/example_branch_day_of_week_operator.py
[2024-10-10T12:11:49.586+0700] {processor.py:826} INFO - Processing file /home/hasyidan/venv/lib/python3.8/site-packages/airflow/example_dags/example_branch_day_of_week_operator.py for tasks to queue
[2024-10-10T12:11:49.588+0700] {logging_mixin.py:149} INFO - [2024-10-10T12:11:49.587+0700] {dagbag.py:541} INFO - Filling up the DagBag from /home/hasyidan/venv/lib/python3.8/site-packages/airflow/example_dags/example_branch_day_of_week_operator.py
[2024-10-10T12:11:49.604+0700] {processor.py:836} INFO - DAG(s) dict_keys(['example_weekday_branch_operator']) retrieved from /home/hasyidan/venv/lib/python3.8/site-packages/airflow/example_dags/example_branch_day_of_week_operator.py
[2024-10-10T12:11:49.643+0700] {logging_mixin.py:149} INFO - [2024-10-10T12:11:49.642+0700] {dag.py:2726} INFO - Sync 1 DAGs
[2024-10-10T12:11:49.687+0700] {logging_mixin.py:149} INFO - [2024-10-10T12:11:49.687+0700] {dag.py:3486} INFO - Setting next_dagrun for example_weekday_branch_operator to 2024-10-09T00:00:00+00:00, run_after=2024-10-10T00:00:00+00:00
[2024-10-10T12:11:49.800+0700] {processor.py:179} INFO - Processing /home/hasyidan/venv/lib/python3.8/site-packages/airflow/example_dags/example_branch_day_of_week_operator.py took 0.228 seconds
[2024-10-10T12:12:44.755+0700] {processor.py:157} INFO - Started process (PID=4690) to work on /home/hasyidan/venv/lib/python3.8/site-packages/airflow/example_dags/example_branch_day_of_week_operator.py
[2024-10-10T12:12:44.756+0700] {processor.py:826} INFO - Processing file /home/hasyidan/venv/lib/python3.8/site-packages/airflow/example_dags/example_branch_day_of_week_operator.py for tasks to queue
[2024-10-10T12:12:44.758+0700] {logging_mixin.py:149} INFO - [2024-10-10T12:12:44.757+0700] {dagbag.py:541} INFO - Filling up the DagBag from /home/hasyidan/venv/lib/python3.8/site-packages/airflow/example_dags/example_branch_day_of_week_operator.py
[2024-10-10T12:12:44.771+0700] {processor.py:836} INFO - DAG(s) dict_keys(['example_weekday_branch_operator']) retrieved from /home/hasyidan/venv/lib/python3.8/site-packages/airflow/example_dags/example_branch_day_of_week_operator.py
[2024-10-10T12:12:44.811+0700] {logging_mixin.py:149} INFO - [2024-10-10T12:12:44.810+0700] {dag.py:2726} INFO - Sync 1 DAGs
[2024-10-10T12:12:44.857+0700] {logging_mixin.py:149} INFO - [2024-10-10T12:12:44.857+0700] {dag.py:3486} INFO - Setting next_dagrun for example_weekday_branch_operator to 2024-10-09T00:00:00+00:00, run_after=2024-10-10T00:00:00+00:00
[2024-10-10T12:12:45.006+0700] {processor.py:179} INFO - Processing /home/hasyidan/venv/lib/python3.8/site-packages/airflow/example_dags/example_branch_day_of_week_operator.py took 0.258 seconds
[2024-10-10T12:13:58.671+0700] {processor.py:157} INFO - Started process (PID=4774) to work on /home/hasyidan/venv/lib/python3.8/site-packages/airflow/example_dags/example_branch_day_of_week_operator.py
[2024-10-10T12:13:58.673+0700] {processor.py:826} INFO - Processing file /home/hasyidan/venv/lib/python3.8/site-packages/airflow/example_dags/example_branch_day_of_week_operator.py for tasks to queue
[2024-10-10T12:13:58.675+0700] {logging_mixin.py:149} INFO - [2024-10-10T12:13:58.674+0700] {dagbag.py:541} INFO - Filling up the DagBag from /home/hasyidan/venv/lib/python3.8/site-packages/airflow/example_dags/example_branch_day_of_week_operator.py
[2024-10-10T12:13:58.688+0700] {processor.py:836} INFO - DAG(s) dict_keys(['example_weekday_branch_operator']) retrieved from /home/hasyidan/venv/lib/python3.8/site-packages/airflow/example_dags/example_branch_day_of_week_operator.py
[2024-10-10T12:13:58.727+0700] {logging_mixin.py:149} INFO - [2024-10-10T12:13:58.727+0700] {dag.py:2726} INFO - Sync 1 DAGs
[2024-10-10T12:13:58.775+0700] {logging_mixin.py:149} INFO - [2024-10-10T12:13:58.775+0700] {dag.py:3486} INFO - Setting next_dagrun for example_weekday_branch_operator to 2024-10-09T00:00:00+00:00, run_after=2024-10-10T00:00:00+00:00
[2024-10-10T12:13:58.918+0700] {processor.py:179} INFO - Processing /home/hasyidan/venv/lib/python3.8/site-packages/airflow/example_dags/example_branch_day_of_week_operator.py took 0.252 seconds
[2024-10-10T12:15:15.523+0700] {processor.py:157} INFO - Started process (PID=4866) to work on /home/hasyidan/venv/lib/python3.8/site-packages/airflow/example_dags/example_branch_day_of_week_operator.py
[2024-10-10T12:15:15.556+0700] {processor.py:826} INFO - Processing file /home/hasyidan/venv/lib/python3.8/site-packages/airflow/example_dags/example_branch_day_of_week_operator.py for tasks to queue
[2024-10-10T12:15:15.558+0700] {logging_mixin.py:149} INFO - [2024-10-10T12:15:15.558+0700] {dagbag.py:541} INFO - Filling up the DagBag from /home/hasyidan/venv/lib/python3.8/site-packages/airflow/example_dags/example_branch_day_of_week_operator.py
[2024-10-10T12:15:15.574+0700] {processor.py:836} INFO - DAG(s) dict_keys(['example_weekday_branch_operator']) retrieved from /home/hasyidan/venv/lib/python3.8/site-packages/airflow/example_dags/example_branch_day_of_week_operator.py
[2024-10-10T12:15:15.614+0700] {logging_mixin.py:149} INFO - [2024-10-10T12:15:15.613+0700] {dag.py:2726} INFO - Sync 1 DAGs
[2024-10-10T12:15:15.659+0700] {logging_mixin.py:149} INFO - [2024-10-10T12:15:15.658+0700] {dag.py:3486} INFO - Setting next_dagrun for example_weekday_branch_operator to 2024-10-09T00:00:00+00:00, run_after=2024-10-10T00:00:00+00:00
[2024-10-10T12:15:15.756+0700] {processor.py:179} INFO - Processing /home/hasyidan/venv/lib/python3.8/site-packages/airflow/example_dags/example_branch_day_of_week_operator.py took 0.239 seconds
[2024-10-10T12:16:35.061+0700] {processor.py:157} INFO - Started process (PID=4954) to work on /home/hasyidan/venv/lib/python3.8/site-packages/airflow/example_dags/example_branch_day_of_week_operator.py
[2024-10-10T12:16:35.074+0700] {processor.py:826} INFO - Processing file /home/hasyidan/venv/lib/python3.8/site-packages/airflow/example_dags/example_branch_day_of_week_operator.py for tasks to queue
[2024-10-10T12:16:35.076+0700] {logging_mixin.py:149} INFO - [2024-10-10T12:16:35.076+0700] {dagbag.py:541} INFO - Filling up the DagBag from /home/hasyidan/venv/lib/python3.8/site-packages/airflow/example_dags/example_branch_day_of_week_operator.py
[2024-10-10T12:16:35.095+0700] {processor.py:836} INFO - DAG(s) dict_keys(['example_weekday_branch_operator']) retrieved from /home/hasyidan/venv/lib/python3.8/site-packages/airflow/example_dags/example_branch_day_of_week_operator.py
[2024-10-10T12:16:35.139+0700] {logging_mixin.py:149} INFO - [2024-10-10T12:16:35.139+0700] {dag.py:2726} INFO - Sync 1 DAGs
[2024-10-10T12:16:35.189+0700] {logging_mixin.py:149} INFO - [2024-10-10T12:16:35.188+0700] {dag.py:3486} INFO - Setting next_dagrun for example_weekday_branch_operator to 2024-10-09T00:00:00+00:00, run_after=2024-10-10T00:00:00+00:00
[2024-10-10T12:16:35.309+0700] {processor.py:179} INFO - Processing /home/hasyidan/venv/lib/python3.8/site-packages/airflow/example_dags/example_branch_day_of_week_operator.py took 0.254 seconds
[2024-10-10T12:17:58.092+0700] {processor.py:157} INFO - Started process (PID=5057) to work on /home/hasyidan/venv/lib/python3.8/site-packages/airflow/example_dags/example_branch_day_of_week_operator.py
[2024-10-10T12:17:58.114+0700] {processor.py:826} INFO - Processing file /home/hasyidan/venv/lib/python3.8/site-packages/airflow/example_dags/example_branch_day_of_week_operator.py for tasks to queue
[2024-10-10T12:17:58.117+0700] {logging_mixin.py:149} INFO - [2024-10-10T12:17:58.116+0700] {dagbag.py:541} INFO - Filling up the DagBag from /home/hasyidan/venv/lib/python3.8/site-packages/airflow/example_dags/example_branch_day_of_week_operator.py
[2024-10-10T12:17:58.133+0700] {processor.py:836} INFO - DAG(s) dict_keys(['example_weekday_branch_operator']) retrieved from /home/hasyidan/venv/lib/python3.8/site-packages/airflow/example_dags/example_branch_day_of_week_operator.py
[2024-10-10T12:17:58.173+0700] {logging_mixin.py:149} INFO - [2024-10-10T12:17:58.172+0700] {dag.py:2726} INFO - Sync 1 DAGs
[2024-10-10T12:17:58.217+0700] {logging_mixin.py:149} INFO - [2024-10-10T12:17:58.217+0700] {dag.py:3486} INFO - Setting next_dagrun for example_weekday_branch_operator to 2024-10-09T00:00:00+00:00, run_after=2024-10-10T00:00:00+00:00
[2024-10-10T12:17:58.327+0700] {processor.py:179} INFO - Processing /home/hasyidan/venv/lib/python3.8/site-packages/airflow/example_dags/example_branch_day_of_week_operator.py took 0.242 seconds
[2024-10-10T12:19:15.752+0700] {processor.py:157} INFO - Started process (PID=5143) to work on /home/hasyidan/venv/lib/python3.8/site-packages/airflow/example_dags/example_branch_day_of_week_operator.py
[2024-10-10T12:19:15.754+0700] {processor.py:826} INFO - Processing file /home/hasyidan/venv/lib/python3.8/site-packages/airflow/example_dags/example_branch_day_of_week_operator.py for tasks to queue
[2024-10-10T12:19:15.755+0700] {logging_mixin.py:149} INFO - [2024-10-10T12:19:15.755+0700] {dagbag.py:541} INFO - Filling up the DagBag from /home/hasyidan/venv/lib/python3.8/site-packages/airflow/example_dags/example_branch_day_of_week_operator.py
[2024-10-10T12:19:15.768+0700] {processor.py:836} INFO - DAG(s) dict_keys(['example_weekday_branch_operator']) retrieved from /home/hasyidan/venv/lib/python3.8/site-packages/airflow/example_dags/example_branch_day_of_week_operator.py
[2024-10-10T12:19:15.808+0700] {logging_mixin.py:149} INFO - [2024-10-10T12:19:15.807+0700] {dag.py:2726} INFO - Sync 1 DAGs
[2024-10-10T12:19:15.853+0700] {logging_mixin.py:149} INFO - [2024-10-10T12:19:15.853+0700] {dag.py:3486} INFO - Setting next_dagrun for example_weekday_branch_operator to 2024-10-09T00:00:00+00:00, run_after=2024-10-10T00:00:00+00:00
[2024-10-10T12:19:16.001+0700] {processor.py:179} INFO - Processing /home/hasyidan/venv/lib/python3.8/site-packages/airflow/example_dags/example_branch_day_of_week_operator.py took 0.255 seconds
[2024-10-10T12:20:37.136+0700] {processor.py:157} INFO - Started process (PID=5236) to work on /home/hasyidan/venv/lib/python3.8/site-packages/airflow/example_dags/example_branch_day_of_week_operator.py
[2024-10-10T12:20:37.167+0700] {processor.py:826} INFO - Processing file /home/hasyidan/venv/lib/python3.8/site-packages/airflow/example_dags/example_branch_day_of_week_operator.py for tasks to queue
[2024-10-10T12:20:37.170+0700] {logging_mixin.py:149} INFO - [2024-10-10T12:20:37.169+0700] {dagbag.py:541} INFO - Filling up the DagBag from /home/hasyidan/venv/lib/python3.8/site-packages/airflow/example_dags/example_branch_day_of_week_operator.py
[2024-10-10T12:20:37.187+0700] {processor.py:836} INFO - DAG(s) dict_keys(['example_weekday_branch_operator']) retrieved from /home/hasyidan/venv/lib/python3.8/site-packages/airflow/example_dags/example_branch_day_of_week_operator.py
[2024-10-10T12:20:37.226+0700] {logging_mixin.py:149} INFO - [2024-10-10T12:20:37.226+0700] {dag.py:2726} INFO - Sync 1 DAGs
[2024-10-10T12:20:37.273+0700] {logging_mixin.py:149} INFO - [2024-10-10T12:20:37.272+0700] {dag.py:3486} INFO - Setting next_dagrun for example_weekday_branch_operator to 2024-10-09T00:00:00+00:00, run_after=2024-10-10T00:00:00+00:00
[2024-10-10T12:20:37.400+0700] {processor.py:179} INFO - Processing /home/hasyidan/venv/lib/python3.8/site-packages/airflow/example_dags/example_branch_day_of_week_operator.py took 0.270 seconds
[2024-10-10T13:23:00.291+0700] {processor.py:157} INFO - Started process (PID=2455) to work on /home/hasyidan/venv/lib/python3.8/site-packages/airflow/example_dags/example_branch_day_of_week_operator.py
[2024-10-10T13:23:00.600+0700] {processor.py:826} INFO - Processing file /home/hasyidan/venv/lib/python3.8/site-packages/airflow/example_dags/example_branch_day_of_week_operator.py for tasks to queue
[2024-10-10T13:23:00.639+0700] {logging_mixin.py:149} INFO - [2024-10-10T13:23:00.601+0700] {dagbag.py:541} INFO - Filling up the DagBag from /home/hasyidan/venv/lib/python3.8/site-packages/airflow/example_dags/example_branch_day_of_week_operator.py
[2024-10-10T13:23:01.019+0700] {processor.py:836} INFO - DAG(s) dict_keys(['example_weekday_branch_operator']) retrieved from /home/hasyidan/venv/lib/python3.8/site-packages/airflow/example_dags/example_branch_day_of_week_operator.py
[2024-10-10T13:23:25.070+0700] {logging_mixin.py:149} INFO - [2024-10-10T13:23:25.070+0700] {dag.py:2726} INFO - Sync 1 DAGs
[2024-10-10T13:23:25.856+0700] {logging_mixin.py:149} INFO - [2024-10-10T13:23:25.856+0700] {dag.py:3486} INFO - Setting next_dagrun for example_weekday_branch_operator to 2024-10-09T00:00:00+00:00, run_after=2024-10-10T00:00:00+00:00
[2024-10-10T13:23:27.273+0700] {processor.py:179} INFO - Processing /home/hasyidan/venv/lib/python3.8/site-packages/airflow/example_dags/example_branch_day_of_week_operator.py took 26.121 seconds
[2024-10-10T13:26:41.390+0700] {processor.py:157} INFO - Started process (PID=2662) to work on /home/hasyidan/venv/lib/python3.8/site-packages/airflow/example_dags/example_branch_day_of_week_operator.py
[2024-10-10T13:26:41.412+0700] {processor.py:826} INFO - Processing file /home/hasyidan/venv/lib/python3.8/site-packages/airflow/example_dags/example_branch_day_of_week_operator.py for tasks to queue
[2024-10-10T13:26:41.415+0700] {logging_mixin.py:149} INFO - [2024-10-10T13:26:41.414+0700] {dagbag.py:541} INFO - Filling up the DagBag from /home/hasyidan/venv/lib/python3.8/site-packages/airflow/example_dags/example_branch_day_of_week_operator.py
[2024-10-10T13:26:41.447+0700] {processor.py:836} INFO - DAG(s) dict_keys(['example_weekday_branch_operator']) retrieved from /home/hasyidan/venv/lib/python3.8/site-packages/airflow/example_dags/example_branch_day_of_week_operator.py
[2024-10-10T13:26:41.541+0700] {logging_mixin.py:149} INFO - [2024-10-10T13:26:41.540+0700] {dag.py:2726} INFO - Sync 1 DAGs
[2024-10-10T13:26:41.695+0700] {logging_mixin.py:149} INFO - [2024-10-10T13:26:41.694+0700] {dag.py:3486} INFO - Setting next_dagrun for example_weekday_branch_operator to 2024-10-09T00:00:00+00:00, run_after=2024-10-10T00:00:00+00:00
[2024-10-10T13:26:41.865+0700] {processor.py:179} INFO - Processing /home/hasyidan/venv/lib/python3.8/site-packages/airflow/example_dags/example_branch_day_of_week_operator.py took 0.488 seconds
