[2024-10-10T11:43:22.397+0700] {processor.py:157} INFO - Started process (PID=2766) to work on /home/hasyidan/venv/lib/python3.8/site-packages/airflow/example_dags/example_dynamic_task_mapping.py
[2024-10-10T11:43:22.398+0700] {processor.py:826} INFO - Processing file /home/hasyidan/venv/lib/python3.8/site-packages/airflow/example_dags/example_dynamic_task_mapping.py for tasks to queue
[2024-10-10T11:43:22.400+0700] {logging_mixin.py:149} INFO - [2024-10-10T11:43:22.399+0700] {dagbag.py:541} INFO - Filling up the DagBag from /home/hasyidan/venv/lib/python3.8/site-packages/airflow/example_dags/example_dynamic_task_mapping.py
[2024-10-10T11:43:22.443+0700] {processor.py:836} INFO - DAG(s) dict_keys(['example_dynamic_task_mapping']) retrieved from /home/hasyidan/venv/lib/python3.8/site-packages/airflow/example_dags/example_dynamic_task_mapping.py
[2024-10-10T11:43:22.680+0700] {logging_mixin.py:149} INFO - [2024-10-10T11:43:22.679+0700] {dag.py:2726} INFO - Sync 1 DAGs
[2024-10-10T11:43:23.592+0700] {logging_mixin.py:149} INFO - [2024-10-10T11:43:23.592+0700] {dag.py:3486} INFO - Setting next_dagrun for example_dynamic_task_mapping to 2022-03-04T00:00:00+00:00, run_after=2022-03-05T00:00:00+00:00
[2024-10-10T11:43:23.970+0700] {processor.py:179} INFO - Processing /home/hasyidan/venv/lib/python3.8/site-packages/airflow/example_dags/example_dynamic_task_mapping.py took 1.580 seconds
[2024-10-10T11:48:33.989+0700] {processor.py:157} INFO - Started process (PID=2905) to work on /home/hasyidan/venv/lib/python3.8/site-packages/airflow/example_dags/example_dynamic_task_mapping.py
[2024-10-10T11:48:34.013+0700] {processor.py:826} INFO - Processing file /home/hasyidan/venv/lib/python3.8/site-packages/airflow/example_dags/example_dynamic_task_mapping.py for tasks to queue
[2024-10-10T11:48:34.016+0700] {logging_mixin.py:149} INFO - [2024-10-10T11:48:34.015+0700] {dagbag.py:541} INFO - Filling up the DagBag from /home/hasyidan/venv/lib/python3.8/site-packages/airflow/example_dags/example_dynamic_task_mapping.py
[2024-10-10T11:48:34.061+0700] {processor.py:836} INFO - DAG(s) dict_keys(['example_dynamic_task_mapping']) retrieved from /home/hasyidan/venv/lib/python3.8/site-packages/airflow/example_dags/example_dynamic_task_mapping.py
[2024-10-10T11:48:34.103+0700] {logging_mixin.py:149} INFO - [2024-10-10T11:48:34.103+0700] {dag.py:2726} INFO - Sync 1 DAGs
[2024-10-10T11:48:34.160+0700] {logging_mixin.py:149} INFO - [2024-10-10T11:48:34.159+0700] {dag.py:3486} INFO - Setting next_dagrun for example_dynamic_task_mapping to 2022-03-04T00:00:00+00:00, run_after=2022-03-05T00:00:00+00:00
[2024-10-10T11:48:34.315+0700] {processor.py:179} INFO - Processing /home/hasyidan/venv/lib/python3.8/site-packages/airflow/example_dags/example_dynamic_task_mapping.py took 0.332 seconds
[2024-10-10T11:51:13.516+0700] {processor.py:157} INFO - Started process (PID=3065) to work on /home/hasyidan/venv/lib/python3.8/site-packages/airflow/example_dags/example_dynamic_task_mapping.py
[2024-10-10T11:51:13.709+0700] {processor.py:826} INFO - Processing file /home/hasyidan/venv/lib/python3.8/site-packages/airflow/example_dags/example_dynamic_task_mapping.py for tasks to queue
[2024-10-10T11:51:13.852+0700] {logging_mixin.py:149} INFO - [2024-10-10T11:51:13.851+0700] {dagbag.py:541} INFO - Filling up the DagBag from /home/hasyidan/venv/lib/python3.8/site-packages/airflow/example_dags/example_dynamic_task_mapping.py
[2024-10-10T11:51:13.937+0700] {processor.py:836} INFO - DAG(s) dict_keys(['example_dynamic_task_mapping']) retrieved from /home/hasyidan/venv/lib/python3.8/site-packages/airflow/example_dags/example_dynamic_task_mapping.py
[2024-10-10T11:51:17.167+0700] {logging_mixin.py:149} INFO - [2024-10-10T11:51:17.167+0700] {dag.py:2726} INFO - Sync 1 DAGs
[2024-10-10T11:51:17.237+0700] {logging_mixin.py:149} INFO - [2024-10-10T11:51:17.236+0700] {dag.py:3486} INFO - Setting next_dagrun for example_dynamic_task_mapping to 2022-03-04T00:00:00+00:00, run_after=2022-03-05T00:00:00+00:00
[2024-10-10T11:51:17.559+0700] {processor.py:179} INFO - Processing /home/hasyidan/venv/lib/python3.8/site-packages/airflow/example_dags/example_dynamic_task_mapping.py took 4.183 seconds
[2024-10-10T11:53:20.683+0700] {processor.py:157} INFO - Started process (PID=3341) to work on /home/hasyidan/venv/lib/python3.8/site-packages/airflow/example_dags/example_dynamic_task_mapping.py
[2024-10-10T11:53:20.707+0700] {processor.py:826} INFO - Processing file /home/hasyidan/venv/lib/python3.8/site-packages/airflow/example_dags/example_dynamic_task_mapping.py for tasks to queue
[2024-10-10T11:53:20.710+0700] {logging_mixin.py:149} INFO - [2024-10-10T11:53:20.709+0700] {dagbag.py:541} INFO - Filling up the DagBag from /home/hasyidan/venv/lib/python3.8/site-packages/airflow/example_dags/example_dynamic_task_mapping.py
[2024-10-10T11:53:20.727+0700] {processor.py:836} INFO - DAG(s) dict_keys(['example_dynamic_task_mapping']) retrieved from /home/hasyidan/venv/lib/python3.8/site-packages/airflow/example_dags/example_dynamic_task_mapping.py
[2024-10-10T11:53:20.762+0700] {logging_mixin.py:149} INFO - [2024-10-10T11:53:20.762+0700] {dag.py:2726} INFO - Sync 1 DAGs
[2024-10-10T11:53:20.806+0700] {logging_mixin.py:149} INFO - [2024-10-10T11:53:20.806+0700] {dag.py:3486} INFO - Setting next_dagrun for example_dynamic_task_mapping to 2022-03-04T00:00:00+00:00, run_after=2022-03-05T00:00:00+00:00
[2024-10-10T11:53:20.923+0700] {processor.py:179} INFO - Processing /home/hasyidan/venv/lib/python3.8/site-packages/airflow/example_dags/example_dynamic_task_mapping.py took 0.247 seconds
[2024-10-10T11:54:19.658+0700] {processor.py:157} INFO - Started process (PID=3401) to work on /home/hasyidan/venv/lib/python3.8/site-packages/airflow/example_dags/example_dynamic_task_mapping.py
[2024-10-10T11:54:19.715+0700] {processor.py:826} INFO - Processing file /home/hasyidan/venv/lib/python3.8/site-packages/airflow/example_dags/example_dynamic_task_mapping.py for tasks to queue
[2024-10-10T11:54:19.718+0700] {logging_mixin.py:149} INFO - [2024-10-10T11:54:19.717+0700] {dagbag.py:541} INFO - Filling up the DagBag from /home/hasyidan/venv/lib/python3.8/site-packages/airflow/example_dags/example_dynamic_task_mapping.py
[2024-10-10T11:54:19.733+0700] {processor.py:836} INFO - DAG(s) dict_keys(['example_dynamic_task_mapping']) retrieved from /home/hasyidan/venv/lib/python3.8/site-packages/airflow/example_dags/example_dynamic_task_mapping.py
[2024-10-10T11:54:19.768+0700] {logging_mixin.py:149} INFO - [2024-10-10T11:54:19.767+0700] {dag.py:2726} INFO - Sync 1 DAGs
[2024-10-10T11:54:19.810+0700] {logging_mixin.py:149} INFO - [2024-10-10T11:54:19.809+0700] {dag.py:3486} INFO - Setting next_dagrun for example_dynamic_task_mapping to 2022-03-04T00:00:00+00:00, run_after=2022-03-05T00:00:00+00:00
[2024-10-10T11:54:19.976+0700] {processor.py:179} INFO - Processing /home/hasyidan/venv/lib/python3.8/site-packages/airflow/example_dags/example_dynamic_task_mapping.py took 0.325 seconds
[2024-10-10T11:55:23.436+0700] {processor.py:157} INFO - Started process (PID=3481) to work on /home/hasyidan/venv/lib/python3.8/site-packages/airflow/example_dags/example_dynamic_task_mapping.py
[2024-10-10T11:55:23.454+0700] {processor.py:826} INFO - Processing file /home/hasyidan/venv/lib/python3.8/site-packages/airflow/example_dags/example_dynamic_task_mapping.py for tasks to queue
[2024-10-10T11:55:23.457+0700] {logging_mixin.py:149} INFO - [2024-10-10T11:55:23.456+0700] {dagbag.py:541} INFO - Filling up the DagBag from /home/hasyidan/venv/lib/python3.8/site-packages/airflow/example_dags/example_dynamic_task_mapping.py
[2024-10-10T11:55:23.472+0700] {processor.py:836} INFO - DAG(s) dict_keys(['example_dynamic_task_mapping']) retrieved from /home/hasyidan/venv/lib/python3.8/site-packages/airflow/example_dags/example_dynamic_task_mapping.py
[2024-10-10T11:55:23.508+0700] {logging_mixin.py:149} INFO - [2024-10-10T11:55:23.507+0700] {dag.py:2726} INFO - Sync 1 DAGs
[2024-10-10T11:55:23.552+0700] {logging_mixin.py:149} INFO - [2024-10-10T11:55:23.552+0700] {dag.py:3486} INFO - Setting next_dagrun for example_dynamic_task_mapping to 2022-03-04T00:00:00+00:00, run_after=2022-03-05T00:00:00+00:00
[2024-10-10T11:55:23.664+0700] {processor.py:179} INFO - Processing /home/hasyidan/venv/lib/python3.8/site-packages/airflow/example_dags/example_dynamic_task_mapping.py took 0.235 seconds
[2024-10-10T11:56:24.228+0700] {processor.py:157} INFO - Started process (PID=3547) to work on /home/hasyidan/venv/lib/python3.8/site-packages/airflow/example_dags/example_dynamic_task_mapping.py
[2024-10-10T11:56:24.248+0700] {processor.py:826} INFO - Processing file /home/hasyidan/venv/lib/python3.8/site-packages/airflow/example_dags/example_dynamic_task_mapping.py for tasks to queue
[2024-10-10T11:56:24.251+0700] {logging_mixin.py:149} INFO - [2024-10-10T11:56:24.250+0700] {dagbag.py:541} INFO - Filling up the DagBag from /home/hasyidan/venv/lib/python3.8/site-packages/airflow/example_dags/example_dynamic_task_mapping.py
[2024-10-10T11:56:24.267+0700] {processor.py:836} INFO - DAG(s) dict_keys(['example_dynamic_task_mapping']) retrieved from /home/hasyidan/venv/lib/python3.8/site-packages/airflow/example_dags/example_dynamic_task_mapping.py
[2024-10-10T11:56:24.302+0700] {logging_mixin.py:149} INFO - [2024-10-10T11:56:24.302+0700] {dag.py:2726} INFO - Sync 1 DAGs
[2024-10-10T11:56:24.348+0700] {logging_mixin.py:149} INFO - [2024-10-10T11:56:24.348+0700] {dag.py:3486} INFO - Setting next_dagrun for example_dynamic_task_mapping to 2022-03-04T00:00:00+00:00, run_after=2022-03-05T00:00:00+00:00
[2024-10-10T11:56:24.480+0700] {processor.py:179} INFO - Processing /home/hasyidan/venv/lib/python3.8/site-packages/airflow/example_dags/example_dynamic_task_mapping.py took 0.258 seconds
[2024-10-10T11:57:21.664+0700] {processor.py:157} INFO - Started process (PID=3612) to work on /home/hasyidan/venv/lib/python3.8/site-packages/airflow/example_dags/example_dynamic_task_mapping.py
[2024-10-10T11:57:21.685+0700] {processor.py:826} INFO - Processing file /home/hasyidan/venv/lib/python3.8/site-packages/airflow/example_dags/example_dynamic_task_mapping.py for tasks to queue
[2024-10-10T11:57:21.688+0700] {logging_mixin.py:149} INFO - [2024-10-10T11:57:21.687+0700] {dagbag.py:541} INFO - Filling up the DagBag from /home/hasyidan/venv/lib/python3.8/site-packages/airflow/example_dags/example_dynamic_task_mapping.py
[2024-10-10T11:57:21.705+0700] {processor.py:836} INFO - DAG(s) dict_keys(['example_dynamic_task_mapping']) retrieved from /home/hasyidan/venv/lib/python3.8/site-packages/airflow/example_dags/example_dynamic_task_mapping.py
[2024-10-10T11:57:21.740+0700] {logging_mixin.py:149} INFO - [2024-10-10T11:57:21.739+0700] {dag.py:2726} INFO - Sync 1 DAGs
[2024-10-10T11:57:21.782+0700] {logging_mixin.py:149} INFO - [2024-10-10T11:57:21.781+0700] {dag.py:3486} INFO - Setting next_dagrun for example_dynamic_task_mapping to 2022-03-04T00:00:00+00:00, run_after=2022-03-05T00:00:00+00:00
[2024-10-10T11:57:21.928+0700] {processor.py:179} INFO - Processing /home/hasyidan/venv/lib/python3.8/site-packages/airflow/example_dags/example_dynamic_task_mapping.py took 0.270 seconds
[2024-10-10T11:58:21.659+0700] {processor.py:157} INFO - Started process (PID=3681) to work on /home/hasyidan/venv/lib/python3.8/site-packages/airflow/example_dags/example_dynamic_task_mapping.py
[2024-10-10T11:58:21.682+0700] {processor.py:826} INFO - Processing file /home/hasyidan/venv/lib/python3.8/site-packages/airflow/example_dags/example_dynamic_task_mapping.py for tasks to queue
[2024-10-10T11:58:21.685+0700] {logging_mixin.py:149} INFO - [2024-10-10T11:58:21.684+0700] {dagbag.py:541} INFO - Filling up the DagBag from /home/hasyidan/venv/lib/python3.8/site-packages/airflow/example_dags/example_dynamic_task_mapping.py
[2024-10-10T11:58:21.703+0700] {processor.py:836} INFO - DAG(s) dict_keys(['example_dynamic_task_mapping']) retrieved from /home/hasyidan/venv/lib/python3.8/site-packages/airflow/example_dags/example_dynamic_task_mapping.py
[2024-10-10T11:58:21.739+0700] {logging_mixin.py:149} INFO - [2024-10-10T11:58:21.738+0700] {dag.py:2726} INFO - Sync 1 DAGs
[2024-10-10T11:58:21.783+0700] {logging_mixin.py:149} INFO - [2024-10-10T11:58:21.782+0700] {dag.py:3486} INFO - Setting next_dagrun for example_dynamic_task_mapping to 2022-03-04T00:00:00+00:00, run_after=2022-03-05T00:00:00+00:00
[2024-10-10T11:58:22.080+0700] {processor.py:179} INFO - Processing /home/hasyidan/venv/lib/python3.8/site-packages/airflow/example_dags/example_dynamic_task_mapping.py took 0.426 seconds
[2024-10-10T11:59:33.620+0700] {processor.py:157} INFO - Started process (PID=3760) to work on /home/hasyidan/venv/lib/python3.8/site-packages/airflow/example_dags/example_dynamic_task_mapping.py
[2024-10-10T11:59:33.644+0700] {processor.py:826} INFO - Processing file /home/hasyidan/venv/lib/python3.8/site-packages/airflow/example_dags/example_dynamic_task_mapping.py for tasks to queue
[2024-10-10T11:59:33.647+0700] {logging_mixin.py:149} INFO - [2024-10-10T11:59:33.646+0700] {dagbag.py:541} INFO - Filling up the DagBag from /home/hasyidan/venv/lib/python3.8/site-packages/airflow/example_dags/example_dynamic_task_mapping.py
[2024-10-10T11:59:33.663+0700] {processor.py:836} INFO - DAG(s) dict_keys(['example_dynamic_task_mapping']) retrieved from /home/hasyidan/venv/lib/python3.8/site-packages/airflow/example_dags/example_dynamic_task_mapping.py
[2024-10-10T11:59:33.699+0700] {logging_mixin.py:149} INFO - [2024-10-10T11:59:33.698+0700] {dag.py:2726} INFO - Sync 1 DAGs
[2024-10-10T11:59:33.740+0700] {logging_mixin.py:149} INFO - [2024-10-10T11:59:33.740+0700] {dag.py:3486} INFO - Setting next_dagrun for example_dynamic_task_mapping to 2022-03-04T00:00:00+00:00, run_after=2022-03-05T00:00:00+00:00
[2024-10-10T11:59:33.859+0700] {processor.py:179} INFO - Processing /home/hasyidan/venv/lib/python3.8/site-packages/airflow/example_dags/example_dynamic_task_mapping.py took 0.245 seconds
[2024-10-10T12:00:29.961+0700] {processor.py:157} INFO - Started process (PID=3816) to work on /home/hasyidan/venv/lib/python3.8/site-packages/airflow/example_dags/example_dynamic_task_mapping.py
[2024-10-10T12:00:29.963+0700] {processor.py:826} INFO - Processing file /home/hasyidan/venv/lib/python3.8/site-packages/airflow/example_dags/example_dynamic_task_mapping.py for tasks to queue
[2024-10-10T12:00:29.965+0700] {logging_mixin.py:149} INFO - [2024-10-10T12:00:29.964+0700] {dagbag.py:541} INFO - Filling up the DagBag from /home/hasyidan/venv/lib/python3.8/site-packages/airflow/example_dags/example_dynamic_task_mapping.py
[2024-10-10T12:00:29.978+0700] {processor.py:836} INFO - DAG(s) dict_keys(['example_dynamic_task_mapping']) retrieved from /home/hasyidan/venv/lib/python3.8/site-packages/airflow/example_dags/example_dynamic_task_mapping.py
[2024-10-10T12:00:30.014+0700] {logging_mixin.py:149} INFO - [2024-10-10T12:00:30.014+0700] {dag.py:2726} INFO - Sync 1 DAGs
[2024-10-10T12:00:30.056+0700] {logging_mixin.py:149} INFO - [2024-10-10T12:00:30.056+0700] {dag.py:3486} INFO - Setting next_dagrun for example_dynamic_task_mapping to 2022-03-04T00:00:00+00:00, run_after=2022-03-05T00:00:00+00:00
[2024-10-10T12:00:30.197+0700] {processor.py:179} INFO - Processing /home/hasyidan/venv/lib/python3.8/site-packages/airflow/example_dags/example_dynamic_task_mapping.py took 0.241 seconds
[2024-10-10T12:01:26.031+0700] {processor.py:157} INFO - Started process (PID=3878) to work on /home/hasyidan/venv/lib/python3.8/site-packages/airflow/example_dags/example_dynamic_task_mapping.py
[2024-10-10T12:01:26.059+0700] {processor.py:826} INFO - Processing file /home/hasyidan/venv/lib/python3.8/site-packages/airflow/example_dags/example_dynamic_task_mapping.py for tasks to queue
[2024-10-10T12:01:26.062+0700] {logging_mixin.py:149} INFO - [2024-10-10T12:01:26.061+0700] {dagbag.py:541} INFO - Filling up the DagBag from /home/hasyidan/venv/lib/python3.8/site-packages/airflow/example_dags/example_dynamic_task_mapping.py
[2024-10-10T12:01:26.079+0700] {processor.py:836} INFO - DAG(s) dict_keys(['example_dynamic_task_mapping']) retrieved from /home/hasyidan/venv/lib/python3.8/site-packages/airflow/example_dags/example_dynamic_task_mapping.py
[2024-10-10T12:01:26.200+0700] {logging_mixin.py:149} INFO - [2024-10-10T12:01:26.200+0700] {dag.py:2726} INFO - Sync 1 DAGs
[2024-10-10T12:01:26.242+0700] {logging_mixin.py:149} INFO - [2024-10-10T12:01:26.242+0700] {dag.py:3486} INFO - Setting next_dagrun for example_dynamic_task_mapping to 2022-03-04T00:00:00+00:00, run_after=2022-03-05T00:00:00+00:00
[2024-10-10T12:01:26.363+0700] {processor.py:179} INFO - Processing /home/hasyidan/venv/lib/python3.8/site-packages/airflow/example_dags/example_dynamic_task_mapping.py took 0.339 seconds
[2024-10-10T12:02:15.906+0700] {processor.py:157} INFO - Started process (PID=3937) to work on /home/hasyidan/venv/lib/python3.8/site-packages/airflow/example_dags/example_dynamic_task_mapping.py
[2024-10-10T12:02:15.918+0700] {processor.py:826} INFO - Processing file /home/hasyidan/venv/lib/python3.8/site-packages/airflow/example_dags/example_dynamic_task_mapping.py for tasks to queue
[2024-10-10T12:02:15.920+0700] {logging_mixin.py:149} INFO - [2024-10-10T12:02:15.920+0700] {dagbag.py:541} INFO - Filling up the DagBag from /home/hasyidan/venv/lib/python3.8/site-packages/airflow/example_dags/example_dynamic_task_mapping.py
[2024-10-10T12:02:15.938+0700] {processor.py:836} INFO - DAG(s) dict_keys(['example_dynamic_task_mapping']) retrieved from /home/hasyidan/venv/lib/python3.8/site-packages/airflow/example_dags/example_dynamic_task_mapping.py
[2024-10-10T12:02:15.974+0700] {logging_mixin.py:149} INFO - [2024-10-10T12:02:15.973+0700] {dag.py:2726} INFO - Sync 1 DAGs
[2024-10-10T12:02:16.017+0700] {logging_mixin.py:149} INFO - [2024-10-10T12:02:16.017+0700] {dag.py:3486} INFO - Setting next_dagrun for example_dynamic_task_mapping to 2022-03-04T00:00:00+00:00, run_after=2022-03-05T00:00:00+00:00
[2024-10-10T12:02:16.155+0700] {processor.py:179} INFO - Processing /home/hasyidan/venv/lib/python3.8/site-packages/airflow/example_dags/example_dynamic_task_mapping.py took 0.255 seconds
[2024-10-10T12:03:06.027+0700] {processor.py:157} INFO - Started process (PID=3990) to work on /home/hasyidan/venv/lib/python3.8/site-packages/airflow/example_dags/example_dynamic_task_mapping.py
[2024-10-10T12:03:06.043+0700] {processor.py:826} INFO - Processing file /home/hasyidan/venv/lib/python3.8/site-packages/airflow/example_dags/example_dynamic_task_mapping.py for tasks to queue
[2024-10-10T12:03:06.046+0700] {logging_mixin.py:149} INFO - [2024-10-10T12:03:06.045+0700] {dagbag.py:541} INFO - Filling up the DagBag from /home/hasyidan/venv/lib/python3.8/site-packages/airflow/example_dags/example_dynamic_task_mapping.py
[2024-10-10T12:03:06.063+0700] {processor.py:836} INFO - DAG(s) dict_keys(['example_dynamic_task_mapping']) retrieved from /home/hasyidan/venv/lib/python3.8/site-packages/airflow/example_dags/example_dynamic_task_mapping.py
[2024-10-10T12:03:06.097+0700] {logging_mixin.py:149} INFO - [2024-10-10T12:03:06.097+0700] {dag.py:2726} INFO - Sync 1 DAGs
[2024-10-10T12:03:06.140+0700] {logging_mixin.py:149} INFO - [2024-10-10T12:03:06.139+0700] {dag.py:3486} INFO - Setting next_dagrun for example_dynamic_task_mapping to 2022-03-04T00:00:00+00:00, run_after=2022-03-05T00:00:00+00:00
[2024-10-10T12:03:06.264+0700] {processor.py:179} INFO - Processing /home/hasyidan/venv/lib/python3.8/site-packages/airflow/example_dags/example_dynamic_task_mapping.py took 0.244 seconds
[2024-10-10T12:03:58.592+0700] {processor.py:157} INFO - Started process (PID=4047) to work on /home/hasyidan/venv/lib/python3.8/site-packages/airflow/example_dags/example_dynamic_task_mapping.py
[2024-10-10T12:03:58.619+0700] {processor.py:826} INFO - Processing file /home/hasyidan/venv/lib/python3.8/site-packages/airflow/example_dags/example_dynamic_task_mapping.py for tasks to queue
[2024-10-10T12:03:58.621+0700] {logging_mixin.py:149} INFO - [2024-10-10T12:03:58.621+0700] {dagbag.py:541} INFO - Filling up the DagBag from /home/hasyidan/venv/lib/python3.8/site-packages/airflow/example_dags/example_dynamic_task_mapping.py
[2024-10-10T12:03:58.637+0700] {processor.py:836} INFO - DAG(s) dict_keys(['example_dynamic_task_mapping']) retrieved from /home/hasyidan/venv/lib/python3.8/site-packages/airflow/example_dags/example_dynamic_task_mapping.py
[2024-10-10T12:03:58.673+0700] {logging_mixin.py:149} INFO - [2024-10-10T12:03:58.673+0700] {dag.py:2726} INFO - Sync 1 DAGs
[2024-10-10T12:03:58.715+0700] {logging_mixin.py:149} INFO - [2024-10-10T12:03:58.714+0700] {dag.py:3486} INFO - Setting next_dagrun for example_dynamic_task_mapping to 2022-03-04T00:00:00+00:00, run_after=2022-03-05T00:00:00+00:00
[2024-10-10T12:03:58.834+0700] {processor.py:179} INFO - Processing /home/hasyidan/venv/lib/python3.8/site-packages/airflow/example_dags/example_dynamic_task_mapping.py took 0.249 seconds
[2024-10-10T12:04:50.758+0700] {processor.py:157} INFO - Started process (PID=4158) to work on /home/hasyidan/venv/lib/python3.8/site-packages/airflow/example_dags/example_dynamic_task_mapping.py
[2024-10-10T12:04:50.760+0700] {processor.py:826} INFO - Processing file /home/hasyidan/venv/lib/python3.8/site-packages/airflow/example_dags/example_dynamic_task_mapping.py for tasks to queue
[2024-10-10T12:04:50.762+0700] {logging_mixin.py:149} INFO - [2024-10-10T12:04:50.761+0700] {dagbag.py:541} INFO - Filling up the DagBag from /home/hasyidan/venv/lib/python3.8/site-packages/airflow/example_dags/example_dynamic_task_mapping.py
[2024-10-10T12:04:50.775+0700] {processor.py:836} INFO - DAG(s) dict_keys(['example_dynamic_task_mapping']) retrieved from /home/hasyidan/venv/lib/python3.8/site-packages/airflow/example_dags/example_dynamic_task_mapping.py
[2024-10-10T12:04:50.810+0700] {logging_mixin.py:149} INFO - [2024-10-10T12:04:50.810+0700] {dag.py:2726} INFO - Sync 1 DAGs
[2024-10-10T12:04:50.851+0700] {logging_mixin.py:149} INFO - [2024-10-10T12:04:50.851+0700] {dag.py:3486} INFO - Setting next_dagrun for example_dynamic_task_mapping to 2022-03-04T00:00:00+00:00, run_after=2022-03-05T00:00:00+00:00
[2024-10-10T12:04:50.997+0700] {processor.py:179} INFO - Processing /home/hasyidan/venv/lib/python3.8/site-packages/airflow/example_dags/example_dynamic_task_mapping.py took 0.246 seconds
[2024-10-10T12:05:45.754+0700] {processor.py:157} INFO - Started process (PID=4220) to work on /home/hasyidan/venv/lib/python3.8/site-packages/airflow/example_dags/example_dynamic_task_mapping.py
[2024-10-10T12:05:45.774+0700] {processor.py:826} INFO - Processing file /home/hasyidan/venv/lib/python3.8/site-packages/airflow/example_dags/example_dynamic_task_mapping.py for tasks to queue
[2024-10-10T12:05:45.775+0700] {logging_mixin.py:149} INFO - [2024-10-10T12:05:45.775+0700] {dagbag.py:541} INFO - Filling up the DagBag from /home/hasyidan/venv/lib/python3.8/site-packages/airflow/example_dags/example_dynamic_task_mapping.py
[2024-10-10T12:05:45.789+0700] {processor.py:836} INFO - DAG(s) dict_keys(['example_dynamic_task_mapping']) retrieved from /home/hasyidan/venv/lib/python3.8/site-packages/airflow/example_dags/example_dynamic_task_mapping.py
[2024-10-10T12:05:45.825+0700] {logging_mixin.py:149} INFO - [2024-10-10T12:05:45.824+0700] {dag.py:2726} INFO - Sync 1 DAGs
[2024-10-10T12:05:45.867+0700] {logging_mixin.py:149} INFO - [2024-10-10T12:05:45.866+0700] {dag.py:3486} INFO - Setting next_dagrun for example_dynamic_task_mapping to 2022-03-04T00:00:00+00:00, run_after=2022-03-05T00:00:00+00:00
[2024-10-10T12:05:46.039+0700] {processor.py:179} INFO - Processing /home/hasyidan/venv/lib/python3.8/site-packages/airflow/example_dags/example_dynamic_task_mapping.py took 0.291 seconds
[2024-10-10T12:06:41.336+0700] {processor.py:157} INFO - Started process (PID=4281) to work on /home/hasyidan/venv/lib/python3.8/site-packages/airflow/example_dags/example_dynamic_task_mapping.py
[2024-10-10T12:06:41.353+0700] {processor.py:826} INFO - Processing file /home/hasyidan/venv/lib/python3.8/site-packages/airflow/example_dags/example_dynamic_task_mapping.py for tasks to queue
[2024-10-10T12:06:41.356+0700] {logging_mixin.py:149} INFO - [2024-10-10T12:06:41.355+0700] {dagbag.py:541} INFO - Filling up the DagBag from /home/hasyidan/venv/lib/python3.8/site-packages/airflow/example_dags/example_dynamic_task_mapping.py
[2024-10-10T12:06:41.373+0700] {processor.py:836} INFO - DAG(s) dict_keys(['example_dynamic_task_mapping']) retrieved from /home/hasyidan/venv/lib/python3.8/site-packages/airflow/example_dags/example_dynamic_task_mapping.py
[2024-10-10T12:06:41.408+0700] {logging_mixin.py:149} INFO - [2024-10-10T12:06:41.408+0700] {dag.py:2726} INFO - Sync 1 DAGs
[2024-10-10T12:06:41.453+0700] {logging_mixin.py:149} INFO - [2024-10-10T12:06:41.452+0700] {dag.py:3486} INFO - Setting next_dagrun for example_dynamic_task_mapping to 2022-03-04T00:00:00+00:00, run_after=2022-03-05T00:00:00+00:00
[2024-10-10T12:06:41.644+0700] {processor.py:179} INFO - Processing /home/hasyidan/venv/lib/python3.8/site-packages/airflow/example_dags/example_dynamic_task_mapping.py took 0.313 seconds
[2024-10-10T12:07:37.872+0700] {processor.py:157} INFO - Started process (PID=4338) to work on /home/hasyidan/venv/lib/python3.8/site-packages/airflow/example_dags/example_dynamic_task_mapping.py
[2024-10-10T12:07:37.889+0700] {processor.py:826} INFO - Processing file /home/hasyidan/venv/lib/python3.8/site-packages/airflow/example_dags/example_dynamic_task_mapping.py for tasks to queue
[2024-10-10T12:07:37.892+0700] {logging_mixin.py:149} INFO - [2024-10-10T12:07:37.891+0700] {dagbag.py:541} INFO - Filling up the DagBag from /home/hasyidan/venv/lib/python3.8/site-packages/airflow/example_dags/example_dynamic_task_mapping.py
[2024-10-10T12:07:37.908+0700] {processor.py:836} INFO - DAG(s) dict_keys(['example_dynamic_task_mapping']) retrieved from /home/hasyidan/venv/lib/python3.8/site-packages/airflow/example_dags/example_dynamic_task_mapping.py
[2024-10-10T12:07:37.943+0700] {logging_mixin.py:149} INFO - [2024-10-10T12:07:37.943+0700] {dag.py:2726} INFO - Sync 1 DAGs
[2024-10-10T12:07:37.985+0700] {logging_mixin.py:149} INFO - [2024-10-10T12:07:37.985+0700] {dag.py:3486} INFO - Setting next_dagrun for example_dynamic_task_mapping to 2022-03-04T00:00:00+00:00, run_after=2022-03-05T00:00:00+00:00
[2024-10-10T12:07:38.112+0700] {processor.py:179} INFO - Processing /home/hasyidan/venv/lib/python3.8/site-packages/airflow/example_dags/example_dynamic_task_mapping.py took 0.247 seconds
[2024-10-10T12:08:35.947+0700] {processor.py:157} INFO - Started process (PID=4406) to work on /home/hasyidan/venv/lib/python3.8/site-packages/airflow/example_dags/example_dynamic_task_mapping.py
[2024-10-10T12:08:35.968+0700] {processor.py:826} INFO - Processing file /home/hasyidan/venv/lib/python3.8/site-packages/airflow/example_dags/example_dynamic_task_mapping.py for tasks to queue
[2024-10-10T12:08:35.971+0700] {logging_mixin.py:149} INFO - [2024-10-10T12:08:35.970+0700] {dagbag.py:541} INFO - Filling up the DagBag from /home/hasyidan/venv/lib/python3.8/site-packages/airflow/example_dags/example_dynamic_task_mapping.py
[2024-10-10T12:08:35.988+0700] {processor.py:836} INFO - DAG(s) dict_keys(['example_dynamic_task_mapping']) retrieved from /home/hasyidan/venv/lib/python3.8/site-packages/airflow/example_dags/example_dynamic_task_mapping.py
[2024-10-10T12:08:36.023+0700] {logging_mixin.py:149} INFO - [2024-10-10T12:08:36.023+0700] {dag.py:2726} INFO - Sync 1 DAGs
[2024-10-10T12:08:36.065+0700] {logging_mixin.py:149} INFO - [2024-10-10T12:08:36.064+0700] {dag.py:3486} INFO - Setting next_dagrun for example_dynamic_task_mapping to 2022-03-04T00:00:00+00:00, run_after=2022-03-05T00:00:00+00:00
[2024-10-10T12:08:36.192+0700] {processor.py:179} INFO - Processing /home/hasyidan/venv/lib/python3.8/site-packages/airflow/example_dags/example_dynamic_task_mapping.py took 0.250 seconds
[2024-10-10T12:09:30.164+0700] {processor.py:157} INFO - Started process (PID=4459) to work on /home/hasyidan/venv/lib/python3.8/site-packages/airflow/example_dags/example_dynamic_task_mapping.py
[2024-10-10T12:09:30.187+0700] {processor.py:826} INFO - Processing file /home/hasyidan/venv/lib/python3.8/site-packages/airflow/example_dags/example_dynamic_task_mapping.py for tasks to queue
[2024-10-10T12:09:30.190+0700] {logging_mixin.py:149} INFO - [2024-10-10T12:09:30.190+0700] {dagbag.py:541} INFO - Filling up the DagBag from /home/hasyidan/venv/lib/python3.8/site-packages/airflow/example_dags/example_dynamic_task_mapping.py
[2024-10-10T12:09:30.207+0700] {processor.py:836} INFO - DAG(s) dict_keys(['example_dynamic_task_mapping']) retrieved from /home/hasyidan/venv/lib/python3.8/site-packages/airflow/example_dags/example_dynamic_task_mapping.py
[2024-10-10T12:09:30.242+0700] {logging_mixin.py:149} INFO - [2024-10-10T12:09:30.242+0700] {dag.py:2726} INFO - Sync 1 DAGs
[2024-10-10T12:09:30.284+0700] {logging_mixin.py:149} INFO - [2024-10-10T12:09:30.283+0700] {dag.py:3486} INFO - Setting next_dagrun for example_dynamic_task_mapping to 2022-03-04T00:00:00+00:00, run_after=2022-03-05T00:00:00+00:00
[2024-10-10T12:09:30.413+0700] {processor.py:179} INFO - Processing /home/hasyidan/venv/lib/python3.8/site-packages/airflow/example_dags/example_dynamic_task_mapping.py took 0.255 seconds
[2024-10-10T12:10:21.858+0700] {processor.py:157} INFO - Started process (PID=4517) to work on /home/hasyidan/venv/lib/python3.8/site-packages/airflow/example_dags/example_dynamic_task_mapping.py
[2024-10-10T12:10:21.877+0700] {processor.py:826} INFO - Processing file /home/hasyidan/venv/lib/python3.8/site-packages/airflow/example_dags/example_dynamic_task_mapping.py for tasks to queue
[2024-10-10T12:10:21.880+0700] {logging_mixin.py:149} INFO - [2024-10-10T12:10:21.879+0700] {dagbag.py:541} INFO - Filling up the DagBag from /home/hasyidan/venv/lib/python3.8/site-packages/airflow/example_dags/example_dynamic_task_mapping.py
[2024-10-10T12:10:21.896+0700] {processor.py:836} INFO - DAG(s) dict_keys(['example_dynamic_task_mapping']) retrieved from /home/hasyidan/venv/lib/python3.8/site-packages/airflow/example_dags/example_dynamic_task_mapping.py
[2024-10-10T12:10:21.931+0700] {logging_mixin.py:149} INFO - [2024-10-10T12:10:21.931+0700] {dag.py:2726} INFO - Sync 1 DAGs
[2024-10-10T12:10:21.972+0700] {logging_mixin.py:149} INFO - [2024-10-10T12:10:21.972+0700] {dag.py:3486} INFO - Setting next_dagrun for example_dynamic_task_mapping to 2022-03-04T00:00:00+00:00, run_after=2022-03-05T00:00:00+00:00
[2024-10-10T12:10:22.091+0700] {processor.py:179} INFO - Processing /home/hasyidan/venv/lib/python3.8/site-packages/airflow/example_dags/example_dynamic_task_mapping.py took 0.240 seconds
[2024-10-10T12:11:14.167+0700] {processor.py:157} INFO - Started process (PID=4582) to work on /home/hasyidan/venv/lib/python3.8/site-packages/airflow/example_dags/example_dynamic_task_mapping.py
[2024-10-10T12:11:14.190+0700] {processor.py:826} INFO - Processing file /home/hasyidan/venv/lib/python3.8/site-packages/airflow/example_dags/example_dynamic_task_mapping.py for tasks to queue
[2024-10-10T12:11:14.191+0700] {logging_mixin.py:149} INFO - [2024-10-10T12:11:14.191+0700] {dagbag.py:541} INFO - Filling up the DagBag from /home/hasyidan/venv/lib/python3.8/site-packages/airflow/example_dags/example_dynamic_task_mapping.py
[2024-10-10T12:11:14.205+0700] {processor.py:836} INFO - DAG(s) dict_keys(['example_dynamic_task_mapping']) retrieved from /home/hasyidan/venv/lib/python3.8/site-packages/airflow/example_dags/example_dynamic_task_mapping.py
[2024-10-10T12:11:14.244+0700] {logging_mixin.py:149} INFO - [2024-10-10T12:11:14.243+0700] {dag.py:2726} INFO - Sync 1 DAGs
[2024-10-10T12:11:14.290+0700] {logging_mixin.py:149} INFO - [2024-10-10T12:11:14.289+0700] {dag.py:3486} INFO - Setting next_dagrun for example_dynamic_task_mapping to 2022-03-04T00:00:00+00:00, run_after=2022-03-05T00:00:00+00:00
[2024-10-10T12:11:14.406+0700] {processor.py:179} INFO - Processing /home/hasyidan/venv/lib/python3.8/site-packages/airflow/example_dags/example_dynamic_task_mapping.py took 0.245 seconds
[2024-10-10T12:12:08.431+0700] {processor.py:157} INFO - Started process (PID=4646) to work on /home/hasyidan/venv/lib/python3.8/site-packages/airflow/example_dags/example_dynamic_task_mapping.py
[2024-10-10T12:12:08.448+0700] {processor.py:826} INFO - Processing file /home/hasyidan/venv/lib/python3.8/site-packages/airflow/example_dags/example_dynamic_task_mapping.py for tasks to queue
[2024-10-10T12:12:08.451+0700] {logging_mixin.py:149} INFO - [2024-10-10T12:12:08.451+0700] {dagbag.py:541} INFO - Filling up the DagBag from /home/hasyidan/venv/lib/python3.8/site-packages/airflow/example_dags/example_dynamic_task_mapping.py
[2024-10-10T12:12:08.469+0700] {processor.py:836} INFO - DAG(s) dict_keys(['example_dynamic_task_mapping']) retrieved from /home/hasyidan/venv/lib/python3.8/site-packages/airflow/example_dags/example_dynamic_task_mapping.py
[2024-10-10T12:12:08.505+0700] {logging_mixin.py:149} INFO - [2024-10-10T12:12:08.504+0700] {dag.py:2726} INFO - Sync 1 DAGs
[2024-10-10T12:12:08.546+0700] {logging_mixin.py:149} INFO - [2024-10-10T12:12:08.545+0700] {dag.py:3486} INFO - Setting next_dagrun for example_dynamic_task_mapping to 2022-03-04T00:00:00+00:00, run_after=2022-03-05T00:00:00+00:00
[2024-10-10T12:12:08.698+0700] {processor.py:179} INFO - Processing /home/hasyidan/venv/lib/python3.8/site-packages/airflow/example_dags/example_dynamic_task_mapping.py took 0.274 seconds
[2024-10-10T12:13:02.116+0700] {processor.py:157} INFO - Started process (PID=4707) to work on /home/hasyidan/venv/lib/python3.8/site-packages/airflow/example_dags/example_dynamic_task_mapping.py
[2024-10-10T12:13:02.134+0700] {processor.py:826} INFO - Processing file /home/hasyidan/venv/lib/python3.8/site-packages/airflow/example_dags/example_dynamic_task_mapping.py for tasks to queue
[2024-10-10T12:13:02.137+0700] {logging_mixin.py:149} INFO - [2024-10-10T12:13:02.136+0700] {dagbag.py:541} INFO - Filling up the DagBag from /home/hasyidan/venv/lib/python3.8/site-packages/airflow/example_dags/example_dynamic_task_mapping.py
[2024-10-10T12:13:02.152+0700] {processor.py:836} INFO - DAG(s) dict_keys(['example_dynamic_task_mapping']) retrieved from /home/hasyidan/venv/lib/python3.8/site-packages/airflow/example_dags/example_dynamic_task_mapping.py
[2024-10-10T12:13:02.187+0700] {logging_mixin.py:149} INFO - [2024-10-10T12:13:02.187+0700] {dag.py:2726} INFO - Sync 1 DAGs
[2024-10-10T12:13:02.229+0700] {logging_mixin.py:149} INFO - [2024-10-10T12:13:02.228+0700] {dag.py:3486} INFO - Setting next_dagrun for example_dynamic_task_mapping to 2022-03-04T00:00:00+00:00, run_after=2022-03-05T00:00:00+00:00
[2024-10-10T12:13:02.356+0700] {processor.py:179} INFO - Processing /home/hasyidan/venv/lib/python3.8/site-packages/airflow/example_dags/example_dynamic_task_mapping.py took 0.247 seconds
[2024-10-10T12:13:53.283+0700] {processor.py:157} INFO - Started process (PID=4768) to work on /home/hasyidan/venv/lib/python3.8/site-packages/airflow/example_dags/example_dynamic_task_mapping.py
[2024-10-10T12:13:53.313+0700] {processor.py:826} INFO - Processing file /home/hasyidan/venv/lib/python3.8/site-packages/airflow/example_dags/example_dynamic_task_mapping.py for tasks to queue
[2024-10-10T12:13:53.315+0700] {logging_mixin.py:149} INFO - [2024-10-10T12:13:53.314+0700] {dagbag.py:541} INFO - Filling up the DagBag from /home/hasyidan/venv/lib/python3.8/site-packages/airflow/example_dags/example_dynamic_task_mapping.py
[2024-10-10T12:13:53.330+0700] {processor.py:836} INFO - DAG(s) dict_keys(['example_dynamic_task_mapping']) retrieved from /home/hasyidan/venv/lib/python3.8/site-packages/airflow/example_dags/example_dynamic_task_mapping.py
[2024-10-10T12:13:53.365+0700] {logging_mixin.py:149} INFO - [2024-10-10T12:13:53.365+0700] {dag.py:2726} INFO - Sync 1 DAGs
[2024-10-10T12:13:53.407+0700] {logging_mixin.py:149} INFO - [2024-10-10T12:13:53.407+0700] {dag.py:3486} INFO - Setting next_dagrun for example_dynamic_task_mapping to 2022-03-04T00:00:00+00:00, run_after=2022-03-05T00:00:00+00:00
[2024-10-10T12:13:53.579+0700] {processor.py:179} INFO - Processing /home/hasyidan/venv/lib/python3.8/site-packages/airflow/example_dags/example_dynamic_task_mapping.py took 0.303 seconds
[2024-10-10T12:14:42.671+0700] {processor.py:157} INFO - Started process (PID=4826) to work on /home/hasyidan/venv/lib/python3.8/site-packages/airflow/example_dags/example_dynamic_task_mapping.py
[2024-10-10T12:14:42.682+0700] {processor.py:826} INFO - Processing file /home/hasyidan/venv/lib/python3.8/site-packages/airflow/example_dags/example_dynamic_task_mapping.py for tasks to queue
[2024-10-10T12:14:42.685+0700] {logging_mixin.py:149} INFO - [2024-10-10T12:14:42.684+0700] {dagbag.py:541} INFO - Filling up the DagBag from /home/hasyidan/venv/lib/python3.8/site-packages/airflow/example_dags/example_dynamic_task_mapping.py
[2024-10-10T12:14:42.700+0700] {processor.py:836} INFO - DAG(s) dict_keys(['example_dynamic_task_mapping']) retrieved from /home/hasyidan/venv/lib/python3.8/site-packages/airflow/example_dags/example_dynamic_task_mapping.py
[2024-10-10T12:14:42.736+0700] {logging_mixin.py:149} INFO - [2024-10-10T12:14:42.735+0700] {dag.py:2726} INFO - Sync 1 DAGs
[2024-10-10T12:14:42.776+0700] {logging_mixin.py:149} INFO - [2024-10-10T12:14:42.776+0700] {dag.py:3486} INFO - Setting next_dagrun for example_dynamic_task_mapping to 2022-03-04T00:00:00+00:00, run_after=2022-03-05T00:00:00+00:00
[2024-10-10T12:14:42.905+0700] {processor.py:179} INFO - Processing /home/hasyidan/venv/lib/python3.8/site-packages/airflow/example_dags/example_dynamic_task_mapping.py took 0.240 seconds
[2024-10-10T12:15:33.407+0700] {processor.py:157} INFO - Started process (PID=4889) to work on /home/hasyidan/venv/lib/python3.8/site-packages/airflow/example_dags/example_dynamic_task_mapping.py
[2024-10-10T12:15:33.408+0700] {processor.py:826} INFO - Processing file /home/hasyidan/venv/lib/python3.8/site-packages/airflow/example_dags/example_dynamic_task_mapping.py for tasks to queue
[2024-10-10T12:15:33.410+0700] {logging_mixin.py:149} INFO - [2024-10-10T12:15:33.409+0700] {dagbag.py:541} INFO - Filling up the DagBag from /home/hasyidan/venv/lib/python3.8/site-packages/airflow/example_dags/example_dynamic_task_mapping.py
[2024-10-10T12:15:33.424+0700] {processor.py:836} INFO - DAG(s) dict_keys(['example_dynamic_task_mapping']) retrieved from /home/hasyidan/venv/lib/python3.8/site-packages/airflow/example_dags/example_dynamic_task_mapping.py
[2024-10-10T12:15:33.463+0700] {logging_mixin.py:149} INFO - [2024-10-10T12:15:33.462+0700] {dag.py:2726} INFO - Sync 1 DAGs
[2024-10-10T12:15:33.510+0700] {logging_mixin.py:149} INFO - [2024-10-10T12:15:33.510+0700] {dag.py:3486} INFO - Setting next_dagrun for example_dynamic_task_mapping to 2022-03-04T00:00:00+00:00, run_after=2022-03-05T00:00:00+00:00
[2024-10-10T12:15:33.676+0700] {processor.py:179} INFO - Processing /home/hasyidan/venv/lib/python3.8/site-packages/airflow/example_dags/example_dynamic_task_mapping.py took 0.276 seconds
[2024-10-10T12:16:27.009+0700] {processor.py:157} INFO - Started process (PID=4943) to work on /home/hasyidan/venv/lib/python3.8/site-packages/airflow/example_dags/example_dynamic_task_mapping.py
[2024-10-10T12:16:27.011+0700] {processor.py:826} INFO - Processing file /home/hasyidan/venv/lib/python3.8/site-packages/airflow/example_dags/example_dynamic_task_mapping.py for tasks to queue
[2024-10-10T12:16:27.012+0700] {logging_mixin.py:149} INFO - [2024-10-10T12:16:27.012+0700] {dagbag.py:541} INFO - Filling up the DagBag from /home/hasyidan/venv/lib/python3.8/site-packages/airflow/example_dags/example_dynamic_task_mapping.py
[2024-10-10T12:16:27.026+0700] {processor.py:836} INFO - DAG(s) dict_keys(['example_dynamic_task_mapping']) retrieved from /home/hasyidan/venv/lib/python3.8/site-packages/airflow/example_dags/example_dynamic_task_mapping.py
[2024-10-10T12:16:27.064+0700] {logging_mixin.py:149} INFO - [2024-10-10T12:16:27.064+0700] {dag.py:2726} INFO - Sync 1 DAGs
[2024-10-10T12:16:27.110+0700] {logging_mixin.py:149} INFO - [2024-10-10T12:16:27.110+0700] {dag.py:3486} INFO - Setting next_dagrun for example_dynamic_task_mapping to 2022-03-04T00:00:00+00:00, run_after=2022-03-05T00:00:00+00:00
[2024-10-10T12:16:27.269+0700] {processor.py:179} INFO - Processing /home/hasyidan/venv/lib/python3.8/site-packages/airflow/example_dags/example_dynamic_task_mapping.py took 0.266 seconds
[2024-10-10T12:17:22.668+0700] {processor.py:157} INFO - Started process (PID=5014) to work on /home/hasyidan/venv/lib/python3.8/site-packages/airflow/example_dags/example_dynamic_task_mapping.py
[2024-10-10T12:17:22.669+0700] {processor.py:826} INFO - Processing file /home/hasyidan/venv/lib/python3.8/site-packages/airflow/example_dags/example_dynamic_task_mapping.py for tasks to queue
[2024-10-10T12:17:22.671+0700] {logging_mixin.py:149} INFO - [2024-10-10T12:17:22.670+0700] {dagbag.py:541} INFO - Filling up the DagBag from /home/hasyidan/venv/lib/python3.8/site-packages/airflow/example_dags/example_dynamic_task_mapping.py
[2024-10-10T12:17:22.684+0700] {processor.py:836} INFO - DAG(s) dict_keys(['example_dynamic_task_mapping']) retrieved from /home/hasyidan/venv/lib/python3.8/site-packages/airflow/example_dags/example_dynamic_task_mapping.py
[2024-10-10T12:17:22.718+0700] {logging_mixin.py:149} INFO - [2024-10-10T12:17:22.718+0700] {dag.py:2726} INFO - Sync 1 DAGs
[2024-10-10T12:17:22.762+0700] {logging_mixin.py:149} INFO - [2024-10-10T12:17:22.762+0700] {dag.py:3486} INFO - Setting next_dagrun for example_dynamic_task_mapping to 2022-03-04T00:00:00+00:00, run_after=2022-03-05T00:00:00+00:00
[2024-10-10T12:17:22.918+0700] {processor.py:179} INFO - Processing /home/hasyidan/venv/lib/python3.8/site-packages/airflow/example_dags/example_dynamic_task_mapping.py took 0.258 seconds
[2024-10-10T12:18:16.681+0700] {processor.py:157} INFO - Started process (PID=5081) to work on /home/hasyidan/venv/lib/python3.8/site-packages/airflow/example_dags/example_dynamic_task_mapping.py
[2024-10-10T12:18:16.761+0700] {processor.py:826} INFO - Processing file /home/hasyidan/venv/lib/python3.8/site-packages/airflow/example_dags/example_dynamic_task_mapping.py for tasks to queue
[2024-10-10T12:18:16.764+0700] {logging_mixin.py:149} INFO - [2024-10-10T12:18:16.764+0700] {dagbag.py:541} INFO - Filling up the DagBag from /home/hasyidan/venv/lib/python3.8/site-packages/airflow/example_dags/example_dynamic_task_mapping.py
[2024-10-10T12:18:16.780+0700] {processor.py:836} INFO - DAG(s) dict_keys(['example_dynamic_task_mapping']) retrieved from /home/hasyidan/venv/lib/python3.8/site-packages/airflow/example_dags/example_dynamic_task_mapping.py
[2024-10-10T12:18:16.814+0700] {logging_mixin.py:149} INFO - [2024-10-10T12:18:16.814+0700] {dag.py:2726} INFO - Sync 1 DAGs
[2024-10-10T12:18:16.855+0700] {logging_mixin.py:149} INFO - [2024-10-10T12:18:16.855+0700] {dag.py:3486} INFO - Setting next_dagrun for example_dynamic_task_mapping to 2022-03-04T00:00:00+00:00, run_after=2022-03-05T00:00:00+00:00
[2024-10-10T12:18:16.978+0700] {processor.py:179} INFO - Processing /home/hasyidan/venv/lib/python3.8/site-packages/airflow/example_dags/example_dynamic_task_mapping.py took 0.305 seconds
[2024-10-10T12:19:08.677+0700] {processor.py:157} INFO - Started process (PID=5134) to work on /home/hasyidan/venv/lib/python3.8/site-packages/airflow/example_dags/example_dynamic_task_mapping.py
[2024-10-10T12:19:08.699+0700] {processor.py:826} INFO - Processing file /home/hasyidan/venv/lib/python3.8/site-packages/airflow/example_dags/example_dynamic_task_mapping.py for tasks to queue
[2024-10-10T12:19:08.702+0700] {logging_mixin.py:149} INFO - [2024-10-10T12:19:08.701+0700] {dagbag.py:541} INFO - Filling up the DagBag from /home/hasyidan/venv/lib/python3.8/site-packages/airflow/example_dags/example_dynamic_task_mapping.py
[2024-10-10T12:19:08.719+0700] {processor.py:836} INFO - DAG(s) dict_keys(['example_dynamic_task_mapping']) retrieved from /home/hasyidan/venv/lib/python3.8/site-packages/airflow/example_dags/example_dynamic_task_mapping.py
[2024-10-10T12:19:08.753+0700] {logging_mixin.py:149} INFO - [2024-10-10T12:19:08.753+0700] {dag.py:2726} INFO - Sync 1 DAGs
[2024-10-10T12:19:08.796+0700] {logging_mixin.py:149} INFO - [2024-10-10T12:19:08.796+0700] {dag.py:3486} INFO - Setting next_dagrun for example_dynamic_task_mapping to 2022-03-04T00:00:00+00:00, run_after=2022-03-05T00:00:00+00:00
[2024-10-10T12:19:08.908+0700] {processor.py:179} INFO - Processing /home/hasyidan/venv/lib/python3.8/site-packages/airflow/example_dags/example_dynamic_task_mapping.py took 0.238 seconds
[2024-10-10T12:20:01.385+0700] {processor.py:157} INFO - Started process (PID=5194) to work on /home/hasyidan/venv/lib/python3.8/site-packages/airflow/example_dags/example_dynamic_task_mapping.py
[2024-10-10T12:20:01.737+0700] {processor.py:826} INFO - Processing file /home/hasyidan/venv/lib/python3.8/site-packages/airflow/example_dags/example_dynamic_task_mapping.py for tasks to queue
[2024-10-10T12:20:01.739+0700] {logging_mixin.py:149} INFO - [2024-10-10T12:20:01.739+0700] {dagbag.py:541} INFO - Filling up the DagBag from /home/hasyidan/venv/lib/python3.8/site-packages/airflow/example_dags/example_dynamic_task_mapping.py
[2024-10-10T12:20:01.756+0700] {processor.py:836} INFO - DAG(s) dict_keys(['example_dynamic_task_mapping']) retrieved from /home/hasyidan/venv/lib/python3.8/site-packages/airflow/example_dags/example_dynamic_task_mapping.py
[2024-10-10T12:20:02.129+0700] {logging_mixin.py:149} INFO - [2024-10-10T12:20:02.129+0700] {dag.py:2726} INFO - Sync 1 DAGs
[2024-10-10T12:20:02.171+0700] {logging_mixin.py:149} INFO - [2024-10-10T12:20:02.170+0700] {dag.py:3486} INFO - Setting next_dagrun for example_dynamic_task_mapping to 2022-03-04T00:00:00+00:00, run_after=2022-03-05T00:00:00+00:00
[2024-10-10T12:20:02.491+0700] {processor.py:179} INFO - Processing /home/hasyidan/venv/lib/python3.8/site-packages/airflow/example_dags/example_dynamic_task_mapping.py took 1.113 seconds
[2024-10-10T12:20:58.368+0700] {processor.py:157} INFO - Started process (PID=5263) to work on /home/hasyidan/venv/lib/python3.8/site-packages/airflow/example_dags/example_dynamic_task_mapping.py
[2024-10-10T12:20:58.404+0700] {processor.py:826} INFO - Processing file /home/hasyidan/venv/lib/python3.8/site-packages/airflow/example_dags/example_dynamic_task_mapping.py for tasks to queue
[2024-10-10T12:20:58.407+0700] {logging_mixin.py:149} INFO - [2024-10-10T12:20:58.405+0700] {dagbag.py:541} INFO - Filling up the DagBag from /home/hasyidan/venv/lib/python3.8/site-packages/airflow/example_dags/example_dynamic_task_mapping.py
[2024-10-10T12:20:58.423+0700] {processor.py:836} INFO - DAG(s) dict_keys(['example_dynamic_task_mapping']) retrieved from /home/hasyidan/venv/lib/python3.8/site-packages/airflow/example_dags/example_dynamic_task_mapping.py
[2024-10-10T12:20:58.464+0700] {logging_mixin.py:149} INFO - [2024-10-10T12:20:58.463+0700] {dag.py:2726} INFO - Sync 1 DAGs
[2024-10-10T12:20:58.520+0700] {logging_mixin.py:149} INFO - [2024-10-10T12:20:58.520+0700] {dag.py:3486} INFO - Setting next_dagrun for example_dynamic_task_mapping to 2022-03-04T00:00:00+00:00, run_after=2022-03-05T00:00:00+00:00
[2024-10-10T12:20:59.043+0700] {processor.py:179} INFO - Processing /home/hasyidan/venv/lib/python3.8/site-packages/airflow/example_dags/example_dynamic_task_mapping.py took 0.681 seconds
[2024-10-10T13:21:29.880+0700] {processor.py:157} INFO - Started process (PID=2157) to work on /home/hasyidan/venv/lib/python3.8/site-packages/airflow/example_dags/example_dynamic_task_mapping.py
[2024-10-10T13:21:29.971+0700] {processor.py:826} INFO - Processing file /home/hasyidan/venv/lib/python3.8/site-packages/airflow/example_dags/example_dynamic_task_mapping.py for tasks to queue
[2024-10-10T13:21:29.992+0700] {logging_mixin.py:149} INFO - [2024-10-10T13:21:29.991+0700] {dagbag.py:541} INFO - Filling up the DagBag from /home/hasyidan/venv/lib/python3.8/site-packages/airflow/example_dags/example_dynamic_task_mapping.py
[2024-10-10T13:21:30.313+0700] {processor.py:836} INFO - DAG(s) dict_keys(['example_dynamic_task_mapping']) retrieved from /home/hasyidan/venv/lib/python3.8/site-packages/airflow/example_dags/example_dynamic_task_mapping.py
[2024-10-10T13:21:31.831+0700] {logging_mixin.py:149} INFO - [2024-10-10T13:21:31.830+0700] {dag.py:2726} INFO - Sync 1 DAGs
[2024-10-10T13:21:37.607+0700] {logging_mixin.py:149} INFO - [2024-10-10T13:21:37.606+0700] {dag.py:3486} INFO - Setting next_dagrun for example_dynamic_task_mapping to 2022-03-04T00:00:00+00:00, run_after=2022-03-05T00:00:00+00:00
[2024-10-10T13:21:38.609+0700] {processor.py:179} INFO - Processing /home/hasyidan/venv/lib/python3.8/site-packages/airflow/example_dags/example_dynamic_task_mapping.py took 8.742 seconds
[2024-10-10T13:26:22.528+0700] {processor.py:157} INFO - Started process (PID=2646) to work on /home/hasyidan/venv/lib/python3.8/site-packages/airflow/example_dags/example_dynamic_task_mapping.py
[2024-10-10T13:26:22.694+0700] {processor.py:826} INFO - Processing file /home/hasyidan/venv/lib/python3.8/site-packages/airflow/example_dags/example_dynamic_task_mapping.py for tasks to queue
[2024-10-10T13:26:22.695+0700] {logging_mixin.py:149} INFO - [2024-10-10T13:26:22.695+0700] {dagbag.py:541} INFO - Filling up the DagBag from /home/hasyidan/venv/lib/python3.8/site-packages/airflow/example_dags/example_dynamic_task_mapping.py
[2024-10-10T13:26:22.771+0700] {processor.py:836} INFO - DAG(s) dict_keys(['example_dynamic_task_mapping']) retrieved from /home/hasyidan/venv/lib/python3.8/site-packages/airflow/example_dags/example_dynamic_task_mapping.py
[2024-10-10T13:26:23.083+0700] {logging_mixin.py:149} INFO - [2024-10-10T13:26:23.082+0700] {dag.py:2726} INFO - Sync 1 DAGs
[2024-10-10T13:26:23.346+0700] {logging_mixin.py:149} INFO - [2024-10-10T13:26:23.332+0700] {dag.py:3486} INFO - Setting next_dagrun for example_dynamic_task_mapping to 2022-03-04T00:00:00+00:00, run_after=2022-03-05T00:00:00+00:00
[2024-10-10T13:26:23.893+0700] {processor.py:179} INFO - Processing /home/hasyidan/venv/lib/python3.8/site-packages/airflow/example_dags/example_dynamic_task_mapping.py took 1.391 seconds
