[2024-10-10T11:43:11.828+0700] {processor.py:157} INFO - Started process (PID=2764) to work on /home/hasyidan/venv/lib/python3.8/site-packages/airflow/example_dags/example_external_task_marker_dag.py
[2024-10-10T11:43:11.829+0700] {processor.py:826} INFO - Processing file /home/hasyidan/venv/lib/python3.8/site-packages/airflow/example_dags/example_external_task_marker_dag.py for tasks to queue
[2024-10-10T11:43:11.832+0700] {logging_mixin.py:149} INFO - [2024-10-10T11:43:11.832+0700] {dagbag.py:541} INFO - Filling up the DagBag from /home/hasyidan/venv/lib/python3.8/site-packages/airflow/example_dags/example_external_task_marker_dag.py
[2024-10-10T11:43:11.911+0700] {processor.py:836} INFO - DAG(s) dict_keys(['example_external_task_marker_parent', 'example_external_task_marker_child']) retrieved from /home/hasyidan/venv/lib/python3.8/site-packages/airflow/example_dags/example_external_task_marker_dag.py
[2024-10-10T11:43:13.257+0700] {logging_mixin.py:149} INFO - [2024-10-10T11:43:13.257+0700] {dag.py:2726} INFO - Sync 2 DAGs
[2024-10-10T11:43:19.985+0700] {logging_mixin.py:149} INFO - [2024-10-10T11:43:19.985+0700] {dag.py:3486} INFO - Setting next_dagrun for example_external_task_marker_child to None, run_after=None
[2024-10-10T11:43:19.991+0700] {logging_mixin.py:149} INFO - [2024-10-10T11:43:19.991+0700] {dag.py:3486} INFO - Setting next_dagrun for example_external_task_marker_parent to None, run_after=None
[2024-10-10T11:43:20.532+0700] {processor.py:179} INFO - Processing /home/hasyidan/venv/lib/python3.8/site-packages/airflow/example_dags/example_external_task_marker_dag.py took 8.720 seconds
[2024-10-10T11:48:32.497+0700] {processor.py:157} INFO - Started process (PID=2904) to work on /home/hasyidan/venv/lib/python3.8/site-packages/airflow/example_dags/example_external_task_marker_dag.py
[2024-10-10T11:48:32.578+0700] {processor.py:826} INFO - Processing file /home/hasyidan/venv/lib/python3.8/site-packages/airflow/example_dags/example_external_task_marker_dag.py for tasks to queue
[2024-10-10T11:48:32.581+0700] {logging_mixin.py:149} INFO - [2024-10-10T11:48:32.580+0700] {dagbag.py:541} INFO - Filling up the DagBag from /home/hasyidan/venv/lib/python3.8/site-packages/airflow/example_dags/example_external_task_marker_dag.py
[2024-10-10T11:48:32.623+0700] {processor.py:836} INFO - DAG(s) dict_keys(['example_external_task_marker_parent', 'example_external_task_marker_child']) retrieved from /home/hasyidan/venv/lib/python3.8/site-packages/airflow/example_dags/example_external_task_marker_dag.py
[2024-10-10T11:48:32.667+0700] {logging_mixin.py:149} INFO - [2024-10-10T11:48:32.667+0700] {dag.py:2726} INFO - Sync 2 DAGs
[2024-10-10T11:48:32.709+0700] {logging_mixin.py:149} INFO - [2024-10-10T11:48:32.708+0700] {dag.py:3486} INFO - Setting next_dagrun for example_external_task_marker_child to None, run_after=None
[2024-10-10T11:48:32.715+0700] {logging_mixin.py:149} INFO - [2024-10-10T11:48:32.715+0700] {dag.py:3486} INFO - Setting next_dagrun for example_external_task_marker_parent to None, run_after=None
[2024-10-10T11:48:32.867+0700] {processor.py:179} INFO - Processing /home/hasyidan/venv/lib/python3.8/site-packages/airflow/example_dags/example_external_task_marker_dag.py took 0.376 seconds
[2024-10-10T11:51:10.513+0700] {processor.py:157} INFO - Started process (PID=3061) to work on /home/hasyidan/venv/lib/python3.8/site-packages/airflow/example_dags/example_external_task_marker_dag.py
[2024-10-10T11:51:10.540+0700] {processor.py:826} INFO - Processing file /home/hasyidan/venv/lib/python3.8/site-packages/airflow/example_dags/example_external_task_marker_dag.py for tasks to queue
[2024-10-10T11:51:10.543+0700] {logging_mixin.py:149} INFO - [2024-10-10T11:51:10.542+0700] {dagbag.py:541} INFO - Filling up the DagBag from /home/hasyidan/venv/lib/python3.8/site-packages/airflow/example_dags/example_external_task_marker_dag.py
[2024-10-10T11:51:11.089+0700] {processor.py:836} INFO - DAG(s) dict_keys(['example_external_task_marker_parent', 'example_external_task_marker_child']) retrieved from /home/hasyidan/venv/lib/python3.8/site-packages/airflow/example_dags/example_external_task_marker_dag.py
[2024-10-10T11:51:11.593+0700] {logging_mixin.py:149} INFO - [2024-10-10T11:51:11.592+0700] {dag.py:2726} INFO - Sync 2 DAGs
[2024-10-10T11:51:11.688+0700] {logging_mixin.py:149} INFO - [2024-10-10T11:51:11.688+0700] {dag.py:3486} INFO - Setting next_dagrun for example_external_task_marker_child to None, run_after=None
[2024-10-10T11:51:11.696+0700] {logging_mixin.py:149} INFO - [2024-10-10T11:51:11.696+0700] {dag.py:3486} INFO - Setting next_dagrun for example_external_task_marker_parent to None, run_after=None
[2024-10-10T11:51:12.000+0700] {processor.py:179} INFO - Processing /home/hasyidan/venv/lib/python3.8/site-packages/airflow/example_dags/example_external_task_marker_dag.py took 1.500 seconds
[2024-10-10T11:53:19.468+0700] {processor.py:157} INFO - Started process (PID=3340) to work on /home/hasyidan/venv/lib/python3.8/site-packages/airflow/example_dags/example_external_task_marker_dag.py
[2024-10-10T11:53:19.484+0700] {processor.py:826} INFO - Processing file /home/hasyidan/venv/lib/python3.8/site-packages/airflow/example_dags/example_external_task_marker_dag.py for tasks to queue
[2024-10-10T11:53:19.487+0700] {logging_mixin.py:149} INFO - [2024-10-10T11:53:19.486+0700] {dagbag.py:541} INFO - Filling up the DagBag from /home/hasyidan/venv/lib/python3.8/site-packages/airflow/example_dags/example_external_task_marker_dag.py
[2024-10-10T11:53:19.501+0700] {processor.py:836} INFO - DAG(s) dict_keys(['example_external_task_marker_parent', 'example_external_task_marker_child']) retrieved from /home/hasyidan/venv/lib/python3.8/site-packages/airflow/example_dags/example_external_task_marker_dag.py
[2024-10-10T11:53:19.547+0700] {logging_mixin.py:149} INFO - [2024-10-10T11:53:19.546+0700] {dag.py:2726} INFO - Sync 2 DAGs
[2024-10-10T11:53:19.591+0700] {logging_mixin.py:149} INFO - [2024-10-10T11:53:19.590+0700] {dag.py:3486} INFO - Setting next_dagrun for example_external_task_marker_child to None, run_after=None
[2024-10-10T11:53:19.598+0700] {logging_mixin.py:149} INFO - [2024-10-10T11:53:19.597+0700] {dag.py:3486} INFO - Setting next_dagrun for example_external_task_marker_parent to None, run_after=None
[2024-10-10T11:53:19.714+0700] {processor.py:179} INFO - Processing /home/hasyidan/venv/lib/python3.8/site-packages/airflow/example_dags/example_external_task_marker_dag.py took 0.252 seconds
[2024-10-10T11:54:18.090+0700] {processor.py:157} INFO - Started process (PID=3400) to work on /home/hasyidan/venv/lib/python3.8/site-packages/airflow/example_dags/example_external_task_marker_dag.py
[2024-10-10T11:54:18.114+0700] {processor.py:826} INFO - Processing file /home/hasyidan/venv/lib/python3.8/site-packages/airflow/example_dags/example_external_task_marker_dag.py for tasks to queue
[2024-10-10T11:54:18.116+0700] {logging_mixin.py:149} INFO - [2024-10-10T11:54:18.116+0700] {dagbag.py:541} INFO - Filling up the DagBag from /home/hasyidan/venv/lib/python3.8/site-packages/airflow/example_dags/example_external_task_marker_dag.py
[2024-10-10T11:54:18.129+0700] {processor.py:836} INFO - DAG(s) dict_keys(['example_external_task_marker_parent', 'example_external_task_marker_child']) retrieved from /home/hasyidan/venv/lib/python3.8/site-packages/airflow/example_dags/example_external_task_marker_dag.py
[2024-10-10T11:54:18.175+0700] {logging_mixin.py:149} INFO - [2024-10-10T11:54:18.175+0700] {dag.py:2726} INFO - Sync 2 DAGs
[2024-10-10T11:54:18.217+0700] {logging_mixin.py:149} INFO - [2024-10-10T11:54:18.216+0700] {dag.py:3486} INFO - Setting next_dagrun for example_external_task_marker_child to None, run_after=None
[2024-10-10T11:54:18.224+0700] {logging_mixin.py:149} INFO - [2024-10-10T11:54:18.223+0700] {dag.py:3486} INFO - Setting next_dagrun for example_external_task_marker_parent to None, run_after=None
[2024-10-10T11:54:18.401+0700] {processor.py:179} INFO - Processing /home/hasyidan/venv/lib/python3.8/site-packages/airflow/example_dags/example_external_task_marker_dag.py took 0.317 seconds
[2024-10-10T11:55:21.944+0700] {processor.py:157} INFO - Started process (PID=3480) to work on /home/hasyidan/venv/lib/python3.8/site-packages/airflow/example_dags/example_external_task_marker_dag.py
[2024-10-10T11:55:21.977+0700] {processor.py:826} INFO - Processing file /home/hasyidan/venv/lib/python3.8/site-packages/airflow/example_dags/example_external_task_marker_dag.py for tasks to queue
[2024-10-10T11:55:21.980+0700] {logging_mixin.py:149} INFO - [2024-10-10T11:55:21.979+0700] {dagbag.py:541} INFO - Filling up the DagBag from /home/hasyidan/venv/lib/python3.8/site-packages/airflow/example_dags/example_external_task_marker_dag.py
[2024-10-10T11:55:21.994+0700] {processor.py:836} INFO - DAG(s) dict_keys(['example_external_task_marker_parent', 'example_external_task_marker_child']) retrieved from /home/hasyidan/venv/lib/python3.8/site-packages/airflow/example_dags/example_external_task_marker_dag.py
[2024-10-10T11:55:22.039+0700] {logging_mixin.py:149} INFO - [2024-10-10T11:55:22.039+0700] {dag.py:2726} INFO - Sync 2 DAGs
[2024-10-10T11:55:22.083+0700] {logging_mixin.py:149} INFO - [2024-10-10T11:55:22.082+0700] {dag.py:3486} INFO - Setting next_dagrun for example_external_task_marker_child to None, run_after=None
[2024-10-10T11:55:22.089+0700] {logging_mixin.py:149} INFO - [2024-10-10T11:55:22.089+0700] {dag.py:3486} INFO - Setting next_dagrun for example_external_task_marker_parent to None, run_after=None
[2024-10-10T11:55:22.261+0700] {processor.py:179} INFO - Processing /home/hasyidan/venv/lib/python3.8/site-packages/airflow/example_dags/example_external_task_marker_dag.py took 0.324 seconds
[2024-10-10T11:56:22.844+0700] {processor.py:157} INFO - Started process (PID=3546) to work on /home/hasyidan/venv/lib/python3.8/site-packages/airflow/example_dags/example_external_task_marker_dag.py
[2024-10-10T11:56:22.852+0700] {processor.py:826} INFO - Processing file /home/hasyidan/venv/lib/python3.8/site-packages/airflow/example_dags/example_external_task_marker_dag.py for tasks to queue
[2024-10-10T11:56:22.854+0700] {logging_mixin.py:149} INFO - [2024-10-10T11:56:22.853+0700] {dagbag.py:541} INFO - Filling up the DagBag from /home/hasyidan/venv/lib/python3.8/site-packages/airflow/example_dags/example_external_task_marker_dag.py
[2024-10-10T11:56:22.867+0700] {processor.py:836} INFO - DAG(s) dict_keys(['example_external_task_marker_parent', 'example_external_task_marker_child']) retrieved from /home/hasyidan/venv/lib/python3.8/site-packages/airflow/example_dags/example_external_task_marker_dag.py
[2024-10-10T11:56:22.912+0700] {logging_mixin.py:149} INFO - [2024-10-10T11:56:22.911+0700] {dag.py:2726} INFO - Sync 2 DAGs
[2024-10-10T11:56:22.954+0700] {logging_mixin.py:149} INFO - [2024-10-10T11:56:22.953+0700] {dag.py:3486} INFO - Setting next_dagrun for example_external_task_marker_child to None, run_after=None
[2024-10-10T11:56:22.963+0700] {logging_mixin.py:149} INFO - [2024-10-10T11:56:22.963+0700] {dag.py:3486} INFO - Setting next_dagrun for example_external_task_marker_parent to None, run_after=None
[2024-10-10T11:56:23.115+0700] {processor.py:179} INFO - Processing /home/hasyidan/venv/lib/python3.8/site-packages/airflow/example_dags/example_external_task_marker_dag.py took 0.276 seconds
[2024-10-10T11:57:20.060+0700] {processor.py:157} INFO - Started process (PID=3611) to work on /home/hasyidan/venv/lib/python3.8/site-packages/airflow/example_dags/example_external_task_marker_dag.py
[2024-10-10T11:57:20.112+0700] {processor.py:826} INFO - Processing file /home/hasyidan/venv/lib/python3.8/site-packages/airflow/example_dags/example_external_task_marker_dag.py for tasks to queue
[2024-10-10T11:57:20.114+0700] {logging_mixin.py:149} INFO - [2024-10-10T11:57:20.113+0700] {dagbag.py:541} INFO - Filling up the DagBag from /home/hasyidan/venv/lib/python3.8/site-packages/airflow/example_dags/example_external_task_marker_dag.py
[2024-10-10T11:57:20.127+0700] {processor.py:836} INFO - DAG(s) dict_keys(['example_external_task_marker_parent', 'example_external_task_marker_child']) retrieved from /home/hasyidan/venv/lib/python3.8/site-packages/airflow/example_dags/example_external_task_marker_dag.py
[2024-10-10T11:57:20.172+0700] {logging_mixin.py:149} INFO - [2024-10-10T11:57:20.172+0700] {dag.py:2726} INFO - Sync 2 DAGs
[2024-10-10T11:57:20.214+0700] {logging_mixin.py:149} INFO - [2024-10-10T11:57:20.213+0700] {dag.py:3486} INFO - Setting next_dagrun for example_external_task_marker_child to None, run_after=None
[2024-10-10T11:57:20.220+0700] {logging_mixin.py:149} INFO - [2024-10-10T11:57:20.220+0700] {dag.py:3486} INFO - Setting next_dagrun for example_external_task_marker_parent to None, run_after=None
[2024-10-10T11:57:20.353+0700] {processor.py:179} INFO - Processing /home/hasyidan/venv/lib/python3.8/site-packages/airflow/example_dags/example_external_task_marker_dag.py took 0.299 seconds
[2024-10-10T11:58:19.965+0700] {processor.py:157} INFO - Started process (PID=3680) to work on /home/hasyidan/venv/lib/python3.8/site-packages/airflow/example_dags/example_external_task_marker_dag.py
[2024-10-10T11:58:19.991+0700] {processor.py:826} INFO - Processing file /home/hasyidan/venv/lib/python3.8/site-packages/airflow/example_dags/example_external_task_marker_dag.py for tasks to queue
[2024-10-10T11:58:19.993+0700] {logging_mixin.py:149} INFO - [2024-10-10T11:58:19.993+0700] {dagbag.py:541} INFO - Filling up the DagBag from /home/hasyidan/venv/lib/python3.8/site-packages/airflow/example_dags/example_external_task_marker_dag.py
[2024-10-10T11:58:20.011+0700] {processor.py:836} INFO - DAG(s) dict_keys(['example_external_task_marker_child', 'example_external_task_marker_parent']) retrieved from /home/hasyidan/venv/lib/python3.8/site-packages/airflow/example_dags/example_external_task_marker_dag.py
[2024-10-10T11:58:20.067+0700] {logging_mixin.py:149} INFO - [2024-10-10T11:58:20.067+0700] {dag.py:2726} INFO - Sync 2 DAGs
[2024-10-10T11:58:20.124+0700] {logging_mixin.py:149} INFO - [2024-10-10T11:58:20.124+0700] {dag.py:3486} INFO - Setting next_dagrun for example_external_task_marker_child to None, run_after=None
[2024-10-10T11:58:20.134+0700] {logging_mixin.py:149} INFO - [2024-10-10T11:58:20.133+0700] {dag.py:3486} INFO - Setting next_dagrun for example_external_task_marker_parent to None, run_after=None
[2024-10-10T11:58:20.451+0700] {processor.py:179} INFO - Processing /home/hasyidan/venv/lib/python3.8/site-packages/airflow/example_dags/example_external_task_marker_dag.py took 0.495 seconds
[2024-10-10T11:59:32.236+0700] {processor.py:157} INFO - Started process (PID=3757) to work on /home/hasyidan/venv/lib/python3.8/site-packages/airflow/example_dags/example_external_task_marker_dag.py
[2024-10-10T11:59:32.257+0700] {processor.py:826} INFO - Processing file /home/hasyidan/venv/lib/python3.8/site-packages/airflow/example_dags/example_external_task_marker_dag.py for tasks to queue
[2024-10-10T11:59:32.260+0700] {logging_mixin.py:149} INFO - [2024-10-10T11:59:32.259+0700] {dagbag.py:541} INFO - Filling up the DagBag from /home/hasyidan/venv/lib/python3.8/site-packages/airflow/example_dags/example_external_task_marker_dag.py
[2024-10-10T11:59:32.273+0700] {processor.py:836} INFO - DAG(s) dict_keys(['example_external_task_marker_child', 'example_external_task_marker_parent']) retrieved from /home/hasyidan/venv/lib/python3.8/site-packages/airflow/example_dags/example_external_task_marker_dag.py
[2024-10-10T11:59:32.319+0700] {logging_mixin.py:149} INFO - [2024-10-10T11:59:32.318+0700] {dag.py:2726} INFO - Sync 2 DAGs
[2024-10-10T11:59:32.360+0700] {logging_mixin.py:149} INFO - [2024-10-10T11:59:32.360+0700] {dag.py:3486} INFO - Setting next_dagrun for example_external_task_marker_child to None, run_after=None
[2024-10-10T11:59:32.367+0700] {logging_mixin.py:149} INFO - [2024-10-10T11:59:32.367+0700] {dag.py:3486} INFO - Setting next_dagrun for example_external_task_marker_parent to None, run_after=None
[2024-10-10T11:59:32.486+0700] {processor.py:179} INFO - Processing /home/hasyidan/venv/lib/python3.8/site-packages/airflow/example_dags/example_external_task_marker_dag.py took 0.257 seconds
[2024-10-10T12:00:28.733+0700] {processor.py:157} INFO - Started process (PID=3815) to work on /home/hasyidan/venv/lib/python3.8/site-packages/airflow/example_dags/example_external_task_marker_dag.py
[2024-10-10T12:00:28.747+0700] {processor.py:826} INFO - Processing file /home/hasyidan/venv/lib/python3.8/site-packages/airflow/example_dags/example_external_task_marker_dag.py for tasks to queue
[2024-10-10T12:00:28.750+0700] {logging_mixin.py:149} INFO - [2024-10-10T12:00:28.750+0700] {dagbag.py:541} INFO - Filling up the DagBag from /home/hasyidan/venv/lib/python3.8/site-packages/airflow/example_dags/example_external_task_marker_dag.py
[2024-10-10T12:00:28.765+0700] {processor.py:836} INFO - DAG(s) dict_keys(['example_external_task_marker_parent', 'example_external_task_marker_child']) retrieved from /home/hasyidan/venv/lib/python3.8/site-packages/airflow/example_dags/example_external_task_marker_dag.py
[2024-10-10T12:00:28.811+0700] {logging_mixin.py:149} INFO - [2024-10-10T12:00:28.810+0700] {dag.py:2726} INFO - Sync 2 DAGs
[2024-10-10T12:00:28.852+0700] {logging_mixin.py:149} INFO - [2024-10-10T12:00:28.852+0700] {dag.py:3486} INFO - Setting next_dagrun for example_external_task_marker_child to None, run_after=None
[2024-10-10T12:00:28.859+0700] {logging_mixin.py:149} INFO - [2024-10-10T12:00:28.859+0700] {dag.py:3486} INFO - Setting next_dagrun for example_external_task_marker_parent to None, run_after=None
[2024-10-10T12:00:28.972+0700] {processor.py:179} INFO - Processing /home/hasyidan/venv/lib/python3.8/site-packages/airflow/example_dags/example_external_task_marker_dag.py took 0.246 seconds
[2024-10-10T12:01:24.551+0700] {processor.py:157} INFO - Started process (PID=3875) to work on /home/hasyidan/venv/lib/python3.8/site-packages/airflow/example_dags/example_external_task_marker_dag.py
[2024-10-10T12:01:24.566+0700] {processor.py:826} INFO - Processing file /home/hasyidan/venv/lib/python3.8/site-packages/airflow/example_dags/example_external_task_marker_dag.py for tasks to queue
[2024-10-10T12:01:24.569+0700] {logging_mixin.py:149} INFO - [2024-10-10T12:01:24.569+0700] {dagbag.py:541} INFO - Filling up the DagBag from /home/hasyidan/venv/lib/python3.8/site-packages/airflow/example_dags/example_external_task_marker_dag.py
[2024-10-10T12:01:24.584+0700] {processor.py:836} INFO - DAG(s) dict_keys(['example_external_task_marker_parent', 'example_external_task_marker_child']) retrieved from /home/hasyidan/venv/lib/python3.8/site-packages/airflow/example_dags/example_external_task_marker_dag.py
[2024-10-10T12:01:24.631+0700] {logging_mixin.py:149} INFO - [2024-10-10T12:01:24.630+0700] {dag.py:2726} INFO - Sync 2 DAGs
[2024-10-10T12:01:24.672+0700] {logging_mixin.py:149} INFO - [2024-10-10T12:01:24.672+0700] {dag.py:3486} INFO - Setting next_dagrun for example_external_task_marker_child to None, run_after=None
[2024-10-10T12:01:24.679+0700] {logging_mixin.py:149} INFO - [2024-10-10T12:01:24.679+0700] {dag.py:3486} INFO - Setting next_dagrun for example_external_task_marker_parent to None, run_after=None
[2024-10-10T12:01:24.812+0700] {processor.py:179} INFO - Processing /home/hasyidan/venv/lib/python3.8/site-packages/airflow/example_dags/example_external_task_marker_dag.py took 0.267 seconds
[2024-10-10T12:02:14.526+0700] {processor.py:157} INFO - Started process (PID=3934) to work on /home/hasyidan/venv/lib/python3.8/site-packages/airflow/example_dags/example_external_task_marker_dag.py
[2024-10-10T12:02:14.547+0700] {processor.py:826} INFO - Processing file /home/hasyidan/venv/lib/python3.8/site-packages/airflow/example_dags/example_external_task_marker_dag.py for tasks to queue
[2024-10-10T12:02:14.550+0700] {logging_mixin.py:149} INFO - [2024-10-10T12:02:14.549+0700] {dagbag.py:541} INFO - Filling up the DagBag from /home/hasyidan/venv/lib/python3.8/site-packages/airflow/example_dags/example_external_task_marker_dag.py
[2024-10-10T12:02:14.563+0700] {processor.py:836} INFO - DAG(s) dict_keys(['example_external_task_marker_parent', 'example_external_task_marker_child']) retrieved from /home/hasyidan/venv/lib/python3.8/site-packages/airflow/example_dags/example_external_task_marker_dag.py
[2024-10-10T12:02:14.609+0700] {logging_mixin.py:149} INFO - [2024-10-10T12:02:14.608+0700] {dag.py:2726} INFO - Sync 2 DAGs
[2024-10-10T12:02:14.656+0700] {logging_mixin.py:149} INFO - [2024-10-10T12:02:14.655+0700] {dag.py:3486} INFO - Setting next_dagrun for example_external_task_marker_child to None, run_after=None
[2024-10-10T12:02:14.662+0700] {logging_mixin.py:149} INFO - [2024-10-10T12:02:14.662+0700] {dag.py:3486} INFO - Setting next_dagrun for example_external_task_marker_parent to None, run_after=None
[2024-10-10T12:02:14.787+0700] {processor.py:179} INFO - Processing /home/hasyidan/venv/lib/python3.8/site-packages/airflow/example_dags/example_external_task_marker_dag.py took 0.268 seconds
[2024-10-10T12:03:04.640+0700] {processor.py:157} INFO - Started process (PID=3988) to work on /home/hasyidan/venv/lib/python3.8/site-packages/airflow/example_dags/example_external_task_marker_dag.py
[2024-10-10T12:03:04.663+0700] {processor.py:826} INFO - Processing file /home/hasyidan/venv/lib/python3.8/site-packages/airflow/example_dags/example_external_task_marker_dag.py for tasks to queue
[2024-10-10T12:03:04.666+0700] {logging_mixin.py:149} INFO - [2024-10-10T12:03:04.665+0700] {dagbag.py:541} INFO - Filling up the DagBag from /home/hasyidan/venv/lib/python3.8/site-packages/airflow/example_dags/example_external_task_marker_dag.py
[2024-10-10T12:03:04.681+0700] {processor.py:836} INFO - DAG(s) dict_keys(['example_external_task_marker_child', 'example_external_task_marker_parent']) retrieved from /home/hasyidan/venv/lib/python3.8/site-packages/airflow/example_dags/example_external_task_marker_dag.py
[2024-10-10T12:03:04.726+0700] {logging_mixin.py:149} INFO - [2024-10-10T12:03:04.725+0700] {dag.py:2726} INFO - Sync 2 DAGs
[2024-10-10T12:03:04.769+0700] {logging_mixin.py:149} INFO - [2024-10-10T12:03:04.769+0700] {dag.py:3486} INFO - Setting next_dagrun for example_external_task_marker_child to None, run_after=None
[2024-10-10T12:03:04.776+0700] {logging_mixin.py:149} INFO - [2024-10-10T12:03:04.776+0700] {dag.py:3486} INFO - Setting next_dagrun for example_external_task_marker_parent to None, run_after=None
[2024-10-10T12:03:04.906+0700] {processor.py:179} INFO - Processing /home/hasyidan/venv/lib/python3.8/site-packages/airflow/example_dags/example_external_task_marker_dag.py took 0.271 seconds
[2024-10-10T12:03:57.205+0700] {processor.py:157} INFO - Started process (PID=4046) to work on /home/hasyidan/venv/lib/python3.8/site-packages/airflow/example_dags/example_external_task_marker_dag.py
[2024-10-10T12:03:57.218+0700] {processor.py:826} INFO - Processing file /home/hasyidan/venv/lib/python3.8/site-packages/airflow/example_dags/example_external_task_marker_dag.py for tasks to queue
[2024-10-10T12:03:57.220+0700] {logging_mixin.py:149} INFO - [2024-10-10T12:03:57.219+0700] {dagbag.py:541} INFO - Filling up the DagBag from /home/hasyidan/venv/lib/python3.8/site-packages/airflow/example_dags/example_external_task_marker_dag.py
[2024-10-10T12:03:57.234+0700] {processor.py:836} INFO - DAG(s) dict_keys(['example_external_task_marker_child', 'example_external_task_marker_parent']) retrieved from /home/hasyidan/venv/lib/python3.8/site-packages/airflow/example_dags/example_external_task_marker_dag.py
[2024-10-10T12:03:57.279+0700] {logging_mixin.py:149} INFO - [2024-10-10T12:03:57.279+0700] {dag.py:2726} INFO - Sync 2 DAGs
[2024-10-10T12:03:57.321+0700] {logging_mixin.py:149} INFO - [2024-10-10T12:03:57.320+0700] {dag.py:3486} INFO - Setting next_dagrun for example_external_task_marker_child to None, run_after=None
[2024-10-10T12:03:57.328+0700] {logging_mixin.py:149} INFO - [2024-10-10T12:03:57.327+0700] {dag.py:3486} INFO - Setting next_dagrun for example_external_task_marker_parent to None, run_after=None
[2024-10-10T12:03:57.443+0700] {processor.py:179} INFO - Processing /home/hasyidan/venv/lib/python3.8/site-packages/airflow/example_dags/example_external_task_marker_dag.py took 0.244 seconds
[2024-10-10T12:04:49.289+0700] {processor.py:157} INFO - Started process (PID=4157) to work on /home/hasyidan/venv/lib/python3.8/site-packages/airflow/example_dags/example_external_task_marker_dag.py
[2024-10-10T12:04:49.295+0700] {processor.py:826} INFO - Processing file /home/hasyidan/venv/lib/python3.8/site-packages/airflow/example_dags/example_external_task_marker_dag.py for tasks to queue
[2024-10-10T12:04:49.298+0700] {logging_mixin.py:149} INFO - [2024-10-10T12:04:49.297+0700] {dagbag.py:541} INFO - Filling up the DagBag from /home/hasyidan/venv/lib/python3.8/site-packages/airflow/example_dags/example_external_task_marker_dag.py
[2024-10-10T12:04:49.311+0700] {processor.py:836} INFO - DAG(s) dict_keys(['example_external_task_marker_child', 'example_external_task_marker_parent']) retrieved from /home/hasyidan/venv/lib/python3.8/site-packages/airflow/example_dags/example_external_task_marker_dag.py
[2024-10-10T12:04:49.356+0700] {logging_mixin.py:149} INFO - [2024-10-10T12:04:49.356+0700] {dag.py:2726} INFO - Sync 2 DAGs
[2024-10-10T12:04:49.398+0700] {logging_mixin.py:149} INFO - [2024-10-10T12:04:49.397+0700] {dag.py:3486} INFO - Setting next_dagrun for example_external_task_marker_child to None, run_after=None
[2024-10-10T12:04:49.405+0700] {logging_mixin.py:149} INFO - [2024-10-10T12:04:49.404+0700] {dag.py:3486} INFO - Setting next_dagrun for example_external_task_marker_parent to None, run_after=None
[2024-10-10T12:04:49.536+0700] {processor.py:179} INFO - Processing /home/hasyidan/venv/lib/python3.8/site-packages/airflow/example_dags/example_external_task_marker_dag.py took 0.253 seconds
[2024-10-10T12:05:44.256+0700] {processor.py:157} INFO - Started process (PID=4219) to work on /home/hasyidan/venv/lib/python3.8/site-packages/airflow/example_dags/example_external_task_marker_dag.py
[2024-10-10T12:05:44.275+0700] {processor.py:826} INFO - Processing file /home/hasyidan/venv/lib/python3.8/site-packages/airflow/example_dags/example_external_task_marker_dag.py for tasks to queue
[2024-10-10T12:05:44.278+0700] {logging_mixin.py:149} INFO - [2024-10-10T12:05:44.277+0700] {dagbag.py:541} INFO - Filling up the DagBag from /home/hasyidan/venv/lib/python3.8/site-packages/airflow/example_dags/example_external_task_marker_dag.py
[2024-10-10T12:05:44.292+0700] {processor.py:836} INFO - DAG(s) dict_keys(['example_external_task_marker_parent', 'example_external_task_marker_child']) retrieved from /home/hasyidan/venv/lib/python3.8/site-packages/airflow/example_dags/example_external_task_marker_dag.py
[2024-10-10T12:05:44.338+0700] {logging_mixin.py:149} INFO - [2024-10-10T12:05:44.338+0700] {dag.py:2726} INFO - Sync 2 DAGs
[2024-10-10T12:05:44.381+0700] {logging_mixin.py:149} INFO - [2024-10-10T12:05:44.380+0700] {dag.py:3486} INFO - Setting next_dagrun for example_external_task_marker_child to None, run_after=None
[2024-10-10T12:05:44.388+0700] {logging_mixin.py:149} INFO - [2024-10-10T12:05:44.387+0700] {dag.py:3486} INFO - Setting next_dagrun for example_external_task_marker_parent to None, run_after=None
[2024-10-10T12:05:44.523+0700] {processor.py:179} INFO - Processing /home/hasyidan/venv/lib/python3.8/site-packages/airflow/example_dags/example_external_task_marker_dag.py took 0.274 seconds
[2024-10-10T12:06:39.777+0700] {processor.py:157} INFO - Started process (PID=4279) to work on /home/hasyidan/venv/lib/python3.8/site-packages/airflow/example_dags/example_external_task_marker_dag.py
[2024-10-10T12:06:39.798+0700] {processor.py:826} INFO - Processing file /home/hasyidan/venv/lib/python3.8/site-packages/airflow/example_dags/example_external_task_marker_dag.py for tasks to queue
[2024-10-10T12:06:39.801+0700] {logging_mixin.py:149} INFO - [2024-10-10T12:06:39.800+0700] {dagbag.py:541} INFO - Filling up the DagBag from /home/hasyidan/venv/lib/python3.8/site-packages/airflow/example_dags/example_external_task_marker_dag.py
[2024-10-10T12:06:39.814+0700] {processor.py:836} INFO - DAG(s) dict_keys(['example_external_task_marker_parent', 'example_external_task_marker_child']) retrieved from /home/hasyidan/venv/lib/python3.8/site-packages/airflow/example_dags/example_external_task_marker_dag.py
[2024-10-10T12:06:39.860+0700] {logging_mixin.py:149} INFO - [2024-10-10T12:06:39.860+0700] {dag.py:2726} INFO - Sync 2 DAGs
[2024-10-10T12:06:39.901+0700] {logging_mixin.py:149} INFO - [2024-10-10T12:06:39.901+0700] {dag.py:3486} INFO - Setting next_dagrun for example_external_task_marker_child to None, run_after=None
[2024-10-10T12:06:39.908+0700] {logging_mixin.py:149} INFO - [2024-10-10T12:06:39.908+0700] {dag.py:3486} INFO - Setting next_dagrun for example_external_task_marker_parent to None, run_after=None
[2024-10-10T12:06:40.047+0700] {processor.py:179} INFO - Processing /home/hasyidan/venv/lib/python3.8/site-packages/airflow/example_dags/example_external_task_marker_dag.py took 0.277 seconds
[2024-10-10T12:07:36.384+0700] {processor.py:157} INFO - Started process (PID=4337) to work on /home/hasyidan/venv/lib/python3.8/site-packages/airflow/example_dags/example_external_task_marker_dag.py
[2024-10-10T12:07:36.405+0700] {processor.py:826} INFO - Processing file /home/hasyidan/venv/lib/python3.8/site-packages/airflow/example_dags/example_external_task_marker_dag.py for tasks to queue
[2024-10-10T12:07:36.407+0700] {logging_mixin.py:149} INFO - [2024-10-10T12:07:36.407+0700] {dagbag.py:541} INFO - Filling up the DagBag from /home/hasyidan/venv/lib/python3.8/site-packages/airflow/example_dags/example_external_task_marker_dag.py
[2024-10-10T12:07:36.423+0700] {processor.py:836} INFO - DAG(s) dict_keys(['example_external_task_marker_parent', 'example_external_task_marker_child']) retrieved from /home/hasyidan/venv/lib/python3.8/site-packages/airflow/example_dags/example_external_task_marker_dag.py
[2024-10-10T12:07:36.472+0700] {logging_mixin.py:149} INFO - [2024-10-10T12:07:36.472+0700] {dag.py:2726} INFO - Sync 2 DAGs
[2024-10-10T12:07:36.602+0700] {logging_mixin.py:149} INFO - [2024-10-10T12:07:36.602+0700] {dag.py:3486} INFO - Setting next_dagrun for example_external_task_marker_child to None, run_after=None
[2024-10-10T12:07:36.609+0700] {logging_mixin.py:149} INFO - [2024-10-10T12:07:36.609+0700] {dag.py:3486} INFO - Setting next_dagrun for example_external_task_marker_parent to None, run_after=None
[2024-10-10T12:07:36.768+0700] {processor.py:179} INFO - Processing /home/hasyidan/venv/lib/python3.8/site-packages/airflow/example_dags/example_external_task_marker_dag.py took 0.390 seconds
[2024-10-10T12:08:34.563+0700] {processor.py:157} INFO - Started process (PID=4405) to work on /home/hasyidan/venv/lib/python3.8/site-packages/airflow/example_dags/example_external_task_marker_dag.py
[2024-10-10T12:08:34.565+0700] {processor.py:826} INFO - Processing file /home/hasyidan/venv/lib/python3.8/site-packages/airflow/example_dags/example_external_task_marker_dag.py for tasks to queue
[2024-10-10T12:08:34.566+0700] {logging_mixin.py:149} INFO - [2024-10-10T12:08:34.566+0700] {dagbag.py:541} INFO - Filling up the DagBag from /home/hasyidan/venv/lib/python3.8/site-packages/airflow/example_dags/example_external_task_marker_dag.py
[2024-10-10T12:08:34.577+0700] {processor.py:836} INFO - DAG(s) dict_keys(['example_external_task_marker_parent', 'example_external_task_marker_child']) retrieved from /home/hasyidan/venv/lib/python3.8/site-packages/airflow/example_dags/example_external_task_marker_dag.py
[2024-10-10T12:08:34.622+0700] {logging_mixin.py:149} INFO - [2024-10-10T12:08:34.622+0700] {dag.py:2726} INFO - Sync 2 DAGs
[2024-10-10T12:08:34.664+0700] {logging_mixin.py:149} INFO - [2024-10-10T12:08:34.663+0700] {dag.py:3486} INFO - Setting next_dagrun for example_external_task_marker_child to None, run_after=None
[2024-10-10T12:08:34.671+0700] {logging_mixin.py:149} INFO - [2024-10-10T12:08:34.670+0700] {dag.py:3486} INFO - Setting next_dagrun for example_external_task_marker_parent to None, run_after=None
[2024-10-10T12:08:34.773+0700] {processor.py:179} INFO - Processing /home/hasyidan/venv/lib/python3.8/site-packages/airflow/example_dags/example_external_task_marker_dag.py took 0.217 seconds
[2024-10-10T12:09:28.779+0700] {processor.py:157} INFO - Started process (PID=4458) to work on /home/hasyidan/venv/lib/python3.8/site-packages/airflow/example_dags/example_external_task_marker_dag.py
[2024-10-10T12:09:28.803+0700] {processor.py:826} INFO - Processing file /home/hasyidan/venv/lib/python3.8/site-packages/airflow/example_dags/example_external_task_marker_dag.py for tasks to queue
[2024-10-10T12:09:28.805+0700] {logging_mixin.py:149} INFO - [2024-10-10T12:09:28.805+0700] {dagbag.py:541} INFO - Filling up the DagBag from /home/hasyidan/venv/lib/python3.8/site-packages/airflow/example_dags/example_external_task_marker_dag.py
[2024-10-10T12:09:28.818+0700] {processor.py:836} INFO - DAG(s) dict_keys(['example_external_task_marker_child', 'example_external_task_marker_parent']) retrieved from /home/hasyidan/venv/lib/python3.8/site-packages/airflow/example_dags/example_external_task_marker_dag.py
[2024-10-10T12:09:28.863+0700] {logging_mixin.py:149} INFO - [2024-10-10T12:09:28.863+0700] {dag.py:2726} INFO - Sync 2 DAGs
[2024-10-10T12:09:28.907+0700] {logging_mixin.py:149} INFO - [2024-10-10T12:09:28.906+0700] {dag.py:3486} INFO - Setting next_dagrun for example_external_task_marker_child to None, run_after=None
[2024-10-10T12:09:28.914+0700] {logging_mixin.py:149} INFO - [2024-10-10T12:09:28.914+0700] {dag.py:3486} INFO - Setting next_dagrun for example_external_task_marker_parent to None, run_after=None
[2024-10-10T12:09:29.032+0700] {processor.py:179} INFO - Processing /home/hasyidan/venv/lib/python3.8/site-packages/airflow/example_dags/example_external_task_marker_dag.py took 0.260 seconds
[2024-10-10T12:10:20.328+0700] {processor.py:157} INFO - Started process (PID=4516) to work on /home/hasyidan/venv/lib/python3.8/site-packages/airflow/example_dags/example_external_task_marker_dag.py
[2024-10-10T12:10:20.348+0700] {processor.py:826} INFO - Processing file /home/hasyidan/venv/lib/python3.8/site-packages/airflow/example_dags/example_external_task_marker_dag.py for tasks to queue
[2024-10-10T12:10:20.351+0700] {logging_mixin.py:149} INFO - [2024-10-10T12:10:20.350+0700] {dagbag.py:541} INFO - Filling up the DagBag from /home/hasyidan/venv/lib/python3.8/site-packages/airflow/example_dags/example_external_task_marker_dag.py
[2024-10-10T12:10:20.366+0700] {processor.py:836} INFO - DAG(s) dict_keys(['example_external_task_marker_child', 'example_external_task_marker_parent']) retrieved from /home/hasyidan/venv/lib/python3.8/site-packages/airflow/example_dags/example_external_task_marker_dag.py
[2024-10-10T12:10:20.411+0700] {logging_mixin.py:149} INFO - [2024-10-10T12:10:20.411+0700] {dag.py:2726} INFO - Sync 2 DAGs
[2024-10-10T12:10:20.453+0700] {logging_mixin.py:149} INFO - [2024-10-10T12:10:20.452+0700] {dag.py:3486} INFO - Setting next_dagrun for example_external_task_marker_child to None, run_after=None
[2024-10-10T12:10:20.460+0700] {logging_mixin.py:149} INFO - [2024-10-10T12:10:20.460+0700] {dag.py:3486} INFO - Setting next_dagrun for example_external_task_marker_parent to None, run_after=None
[2024-10-10T12:10:20.591+0700] {processor.py:179} INFO - Processing /home/hasyidan/venv/lib/python3.8/site-packages/airflow/example_dags/example_external_task_marker_dag.py took 0.269 seconds
[2024-10-10T12:11:13.041+0700] {processor.py:157} INFO - Started process (PID=4581) to work on /home/hasyidan/venv/lib/python3.8/site-packages/airflow/example_dags/example_external_task_marker_dag.py
[2024-10-10T12:11:13.062+0700] {processor.py:826} INFO - Processing file /home/hasyidan/venv/lib/python3.8/site-packages/airflow/example_dags/example_external_task_marker_dag.py for tasks to queue
[2024-10-10T12:11:13.064+0700] {logging_mixin.py:149} INFO - [2024-10-10T12:11:13.064+0700] {dagbag.py:541} INFO - Filling up the DagBag from /home/hasyidan/venv/lib/python3.8/site-packages/airflow/example_dags/example_external_task_marker_dag.py
[2024-10-10T12:11:13.078+0700] {processor.py:836} INFO - DAG(s) dict_keys(['example_external_task_marker_child', 'example_external_task_marker_parent']) retrieved from /home/hasyidan/venv/lib/python3.8/site-packages/airflow/example_dags/example_external_task_marker_dag.py
[2024-10-10T12:11:13.129+0700] {logging_mixin.py:149} INFO - [2024-10-10T12:11:13.129+0700] {dag.py:2726} INFO - Sync 2 DAGs
[2024-10-10T12:11:13.174+0700] {logging_mixin.py:149} INFO - [2024-10-10T12:11:13.174+0700] {dag.py:3486} INFO - Setting next_dagrun for example_external_task_marker_child to None, run_after=None
[2024-10-10T12:11:13.181+0700] {logging_mixin.py:149} INFO - [2024-10-10T12:11:13.181+0700] {dag.py:3486} INFO - Setting next_dagrun for example_external_task_marker_parent to None, run_after=None
[2024-10-10T12:11:13.313+0700] {processor.py:179} INFO - Processing /home/hasyidan/venv/lib/python3.8/site-packages/airflow/example_dags/example_external_task_marker_dag.py took 0.278 seconds
[2024-10-10T12:12:06.941+0700] {processor.py:157} INFO - Started process (PID=4645) to work on /home/hasyidan/venv/lib/python3.8/site-packages/airflow/example_dags/example_external_task_marker_dag.py
[2024-10-10T12:12:06.943+0700] {processor.py:826} INFO - Processing file /home/hasyidan/venv/lib/python3.8/site-packages/airflow/example_dags/example_external_task_marker_dag.py for tasks to queue
[2024-10-10T12:12:06.944+0700] {logging_mixin.py:149} INFO - [2024-10-10T12:12:06.944+0700] {dagbag.py:541} INFO - Filling up the DagBag from /home/hasyidan/venv/lib/python3.8/site-packages/airflow/example_dags/example_external_task_marker_dag.py
[2024-10-10T12:12:06.955+0700] {processor.py:836} INFO - DAG(s) dict_keys(['example_external_task_marker_parent', 'example_external_task_marker_child']) retrieved from /home/hasyidan/venv/lib/python3.8/site-packages/airflow/example_dags/example_external_task_marker_dag.py
[2024-10-10T12:12:06.999+0700] {logging_mixin.py:149} INFO - [2024-10-10T12:12:06.998+0700] {dag.py:2726} INFO - Sync 2 DAGs
[2024-10-10T12:12:07.040+0700] {logging_mixin.py:149} INFO - [2024-10-10T12:12:07.039+0700] {dag.py:3486} INFO - Setting next_dagrun for example_external_task_marker_child to None, run_after=None
[2024-10-10T12:12:07.046+0700] {logging_mixin.py:149} INFO - [2024-10-10T12:12:07.046+0700] {dag.py:3486} INFO - Setting next_dagrun for example_external_task_marker_parent to None, run_after=None
[2024-10-10T12:12:07.179+0700] {processor.py:179} INFO - Processing /home/hasyidan/venv/lib/python3.8/site-packages/airflow/example_dags/example_external_task_marker_dag.py took 0.245 seconds
[2024-10-10T12:13:01.132+0700] {processor.py:157} INFO - Started process (PID=4706) to work on /home/hasyidan/venv/lib/python3.8/site-packages/airflow/example_dags/example_external_task_marker_dag.py
[2024-10-10T12:13:01.159+0700] {processor.py:826} INFO - Processing file /home/hasyidan/venv/lib/python3.8/site-packages/airflow/example_dags/example_external_task_marker_dag.py for tasks to queue
[2024-10-10T12:13:01.161+0700] {logging_mixin.py:149} INFO - [2024-10-10T12:13:01.161+0700] {dagbag.py:541} INFO - Filling up the DagBag from /home/hasyidan/venv/lib/python3.8/site-packages/airflow/example_dags/example_external_task_marker_dag.py
[2024-10-10T12:13:01.175+0700] {processor.py:836} INFO - DAG(s) dict_keys(['example_external_task_marker_child', 'example_external_task_marker_parent']) retrieved from /home/hasyidan/venv/lib/python3.8/site-packages/airflow/example_dags/example_external_task_marker_dag.py
[2024-10-10T12:13:01.220+0700] {logging_mixin.py:149} INFO - [2024-10-10T12:13:01.220+0700] {dag.py:2726} INFO - Sync 2 DAGs
[2024-10-10T12:13:01.261+0700] {logging_mixin.py:149} INFO - [2024-10-10T12:13:01.261+0700] {dag.py:3486} INFO - Setting next_dagrun for example_external_task_marker_child to None, run_after=None
[2024-10-10T12:13:01.268+0700] {logging_mixin.py:149} INFO - [2024-10-10T12:13:01.268+0700] {dag.py:3486} INFO - Setting next_dagrun for example_external_task_marker_parent to None, run_after=None
[2024-10-10T12:13:01.389+0700] {processor.py:179} INFO - Processing /home/hasyidan/venv/lib/python3.8/site-packages/airflow/example_dags/example_external_task_marker_dag.py took 0.264 seconds
[2024-10-10T12:13:51.908+0700] {processor.py:157} INFO - Started process (PID=4765) to work on /home/hasyidan/venv/lib/python3.8/site-packages/airflow/example_dags/example_external_task_marker_dag.py
[2024-10-10T12:13:51.938+0700] {processor.py:826} INFO - Processing file /home/hasyidan/venv/lib/python3.8/site-packages/airflow/example_dags/example_external_task_marker_dag.py for tasks to queue
[2024-10-10T12:13:51.941+0700] {logging_mixin.py:149} INFO - [2024-10-10T12:13:51.941+0700] {dagbag.py:541} INFO - Filling up the DagBag from /home/hasyidan/venv/lib/python3.8/site-packages/airflow/example_dags/example_external_task_marker_dag.py
[2024-10-10T12:13:51.954+0700] {processor.py:836} INFO - DAG(s) dict_keys(['example_external_task_marker_child', 'example_external_task_marker_parent']) retrieved from /home/hasyidan/venv/lib/python3.8/site-packages/airflow/example_dags/example_external_task_marker_dag.py
[2024-10-10T12:13:51.999+0700] {logging_mixin.py:149} INFO - [2024-10-10T12:13:51.998+0700] {dag.py:2726} INFO - Sync 2 DAGs
[2024-10-10T12:13:52.040+0700] {logging_mixin.py:149} INFO - [2024-10-10T12:13:52.040+0700] {dag.py:3486} INFO - Setting next_dagrun for example_external_task_marker_child to None, run_after=None
[2024-10-10T12:13:52.047+0700] {logging_mixin.py:149} INFO - [2024-10-10T12:13:52.046+0700] {dag.py:3486} INFO - Setting next_dagrun for example_external_task_marker_parent to None, run_after=None
[2024-10-10T12:13:52.183+0700] {processor.py:179} INFO - Processing /home/hasyidan/venv/lib/python3.8/site-packages/airflow/example_dags/example_external_task_marker_dag.py took 0.282 seconds
[2024-10-10T12:14:42.248+0700] {processor.py:157} INFO - Started process (PID=4825) to work on /home/hasyidan/venv/lib/python3.8/site-packages/airflow/example_dags/example_external_task_marker_dag.py
[2024-10-10T12:14:42.250+0700] {processor.py:826} INFO - Processing file /home/hasyidan/venv/lib/python3.8/site-packages/airflow/example_dags/example_external_task_marker_dag.py for tasks to queue
[2024-10-10T12:14:42.251+0700] {logging_mixin.py:149} INFO - [2024-10-10T12:14:42.251+0700] {dagbag.py:541} INFO - Filling up the DagBag from /home/hasyidan/venv/lib/python3.8/site-packages/airflow/example_dags/example_external_task_marker_dag.py
[2024-10-10T12:14:42.262+0700] {processor.py:836} INFO - DAG(s) dict_keys(['example_external_task_marker_parent', 'example_external_task_marker_child']) retrieved from /home/hasyidan/venv/lib/python3.8/site-packages/airflow/example_dags/example_external_task_marker_dag.py
[2024-10-10T12:14:42.307+0700] {logging_mixin.py:149} INFO - [2024-10-10T12:14:42.306+0700] {dag.py:2726} INFO - Sync 2 DAGs
[2024-10-10T12:14:42.348+0700] {logging_mixin.py:149} INFO - [2024-10-10T12:14:42.348+0700] {dag.py:3486} INFO - Setting next_dagrun for example_external_task_marker_child to None, run_after=None
[2024-10-10T12:14:42.355+0700] {logging_mixin.py:149} INFO - [2024-10-10T12:14:42.354+0700] {dag.py:3486} INFO - Setting next_dagrun for example_external_task_marker_parent to None, run_after=None
[2024-10-10T12:14:42.505+0700] {processor.py:179} INFO - Processing /home/hasyidan/venv/lib/python3.8/site-packages/airflow/example_dags/example_external_task_marker_dag.py took 0.263 seconds
[2024-10-10T12:15:32.379+0700] {processor.py:157} INFO - Started process (PID=4885) to work on /home/hasyidan/venv/lib/python3.8/site-packages/airflow/example_dags/example_external_task_marker_dag.py
[2024-10-10T12:15:32.381+0700] {processor.py:826} INFO - Processing file /home/hasyidan/venv/lib/python3.8/site-packages/airflow/example_dags/example_external_task_marker_dag.py for tasks to queue
[2024-10-10T12:15:32.382+0700] {logging_mixin.py:149} INFO - [2024-10-10T12:15:32.382+0700] {dagbag.py:541} INFO - Filling up the DagBag from /home/hasyidan/venv/lib/python3.8/site-packages/airflow/example_dags/example_external_task_marker_dag.py
[2024-10-10T12:15:32.393+0700] {processor.py:836} INFO - DAG(s) dict_keys(['example_external_task_marker_parent', 'example_external_task_marker_child']) retrieved from /home/hasyidan/venv/lib/python3.8/site-packages/airflow/example_dags/example_external_task_marker_dag.py
[2024-10-10T12:15:32.437+0700] {logging_mixin.py:149} INFO - [2024-10-10T12:15:32.437+0700] {dag.py:2726} INFO - Sync 2 DAGs
[2024-10-10T12:15:32.481+0700] {logging_mixin.py:149} INFO - [2024-10-10T12:15:32.481+0700] {dag.py:3486} INFO - Setting next_dagrun for example_external_task_marker_child to None, run_after=None
[2024-10-10T12:15:32.488+0700] {logging_mixin.py:149} INFO - [2024-10-10T12:15:32.488+0700] {dag.py:3486} INFO - Setting next_dagrun for example_external_task_marker_parent to None, run_after=None
[2024-10-10T12:15:32.631+0700] {processor.py:179} INFO - Processing /home/hasyidan/venv/lib/python3.8/site-packages/airflow/example_dags/example_external_task_marker_dag.py took 0.257 seconds
[2024-10-10T12:16:25.913+0700] {processor.py:157} INFO - Started process (PID=4942) to work on /home/hasyidan/venv/lib/python3.8/site-packages/airflow/example_dags/example_external_task_marker_dag.py
[2024-10-10T12:16:25.945+0700] {processor.py:826} INFO - Processing file /home/hasyidan/venv/lib/python3.8/site-packages/airflow/example_dags/example_external_task_marker_dag.py for tasks to queue
[2024-10-10T12:16:25.947+0700] {logging_mixin.py:149} INFO - [2024-10-10T12:16:25.946+0700] {dagbag.py:541} INFO - Filling up the DagBag from /home/hasyidan/venv/lib/python3.8/site-packages/airflow/example_dags/example_external_task_marker_dag.py
[2024-10-10T12:16:25.959+0700] {processor.py:836} INFO - DAG(s) dict_keys(['example_external_task_marker_parent', 'example_external_task_marker_child']) retrieved from /home/hasyidan/venv/lib/python3.8/site-packages/airflow/example_dags/example_external_task_marker_dag.py
[2024-10-10T12:16:26.004+0700] {logging_mixin.py:149} INFO - [2024-10-10T12:16:26.003+0700] {dag.py:2726} INFO - Sync 2 DAGs
[2024-10-10T12:16:26.045+0700] {logging_mixin.py:149} INFO - [2024-10-10T12:16:26.045+0700] {dag.py:3486} INFO - Setting next_dagrun for example_external_task_marker_child to None, run_after=None
[2024-10-10T12:16:26.052+0700] {logging_mixin.py:149} INFO - [2024-10-10T12:16:26.051+0700] {dag.py:3486} INFO - Setting next_dagrun for example_external_task_marker_parent to None, run_after=None
[2024-10-10T12:16:26.180+0700] {processor.py:179} INFO - Processing /home/hasyidan/venv/lib/python3.8/site-packages/airflow/example_dags/example_external_task_marker_dag.py took 0.273 seconds
[2024-10-10T12:17:22.019+0700] {processor.py:157} INFO - Started process (PID=5013) to work on /home/hasyidan/venv/lib/python3.8/site-packages/airflow/example_dags/example_external_task_marker_dag.py
[2024-10-10T12:17:22.050+0700] {processor.py:826} INFO - Processing file /home/hasyidan/venv/lib/python3.8/site-packages/airflow/example_dags/example_external_task_marker_dag.py for tasks to queue
[2024-10-10T12:17:22.053+0700] {logging_mixin.py:149} INFO - [2024-10-10T12:17:22.052+0700] {dagbag.py:541} INFO - Filling up the DagBag from /home/hasyidan/venv/lib/python3.8/site-packages/airflow/example_dags/example_external_task_marker_dag.py
[2024-10-10T12:17:22.065+0700] {processor.py:836} INFO - DAG(s) dict_keys(['example_external_task_marker_child', 'example_external_task_marker_parent']) retrieved from /home/hasyidan/venv/lib/python3.8/site-packages/airflow/example_dags/example_external_task_marker_dag.py
[2024-10-10T12:17:22.109+0700] {logging_mixin.py:149} INFO - [2024-10-10T12:17:22.109+0700] {dag.py:2726} INFO - Sync 2 DAGs
[2024-10-10T12:17:22.153+0700] {logging_mixin.py:149} INFO - [2024-10-10T12:17:22.153+0700] {dag.py:3486} INFO - Setting next_dagrun for example_external_task_marker_child to None, run_after=None
[2024-10-10T12:17:22.160+0700] {logging_mixin.py:149} INFO - [2024-10-10T12:17:22.160+0700] {dag.py:3486} INFO - Setting next_dagrun for example_external_task_marker_parent to None, run_after=None
[2024-10-10T12:17:22.284+0700] {processor.py:179} INFO - Processing /home/hasyidan/venv/lib/python3.8/site-packages/airflow/example_dags/example_external_task_marker_dag.py took 0.272 seconds
[2024-10-10T12:18:15.202+0700] {processor.py:157} INFO - Started process (PID=5079) to work on /home/hasyidan/venv/lib/python3.8/site-packages/airflow/example_dags/example_external_task_marker_dag.py
[2024-10-10T12:18:15.244+0700] {processor.py:826} INFO - Processing file /home/hasyidan/venv/lib/python3.8/site-packages/airflow/example_dags/example_external_task_marker_dag.py for tasks to queue
[2024-10-10T12:18:15.247+0700] {logging_mixin.py:149} INFO - [2024-10-10T12:18:15.247+0700] {dagbag.py:541} INFO - Filling up the DagBag from /home/hasyidan/venv/lib/python3.8/site-packages/airflow/example_dags/example_external_task_marker_dag.py
[2024-10-10T12:18:15.263+0700] {processor.py:836} INFO - DAG(s) dict_keys(['example_external_task_marker_child', 'example_external_task_marker_parent']) retrieved from /home/hasyidan/venv/lib/python3.8/site-packages/airflow/example_dags/example_external_task_marker_dag.py
[2024-10-10T12:18:15.311+0700] {logging_mixin.py:149} INFO - [2024-10-10T12:18:15.310+0700] {dag.py:2726} INFO - Sync 2 DAGs
[2024-10-10T12:18:15.353+0700] {logging_mixin.py:149} INFO - [2024-10-10T12:18:15.353+0700] {dag.py:3486} INFO - Setting next_dagrun for example_external_task_marker_child to None, run_after=None
[2024-10-10T12:18:15.360+0700] {logging_mixin.py:149} INFO - [2024-10-10T12:18:15.360+0700] {dag.py:3486} INFO - Setting next_dagrun for example_external_task_marker_parent to None, run_after=None
[2024-10-10T12:18:15.490+0700] {processor.py:179} INFO - Processing /home/hasyidan/venv/lib/python3.8/site-packages/airflow/example_dags/example_external_task_marker_dag.py took 0.293 seconds
[2024-10-10T12:19:07.292+0700] {processor.py:157} INFO - Started process (PID=5133) to work on /home/hasyidan/venv/lib/python3.8/site-packages/airflow/example_dags/example_external_task_marker_dag.py
[2024-10-10T12:19:07.304+0700] {processor.py:826} INFO - Processing file /home/hasyidan/venv/lib/python3.8/site-packages/airflow/example_dags/example_external_task_marker_dag.py for tasks to queue
[2024-10-10T12:19:07.306+0700] {logging_mixin.py:149} INFO - [2024-10-10T12:19:07.305+0700] {dagbag.py:541} INFO - Filling up the DagBag from /home/hasyidan/venv/lib/python3.8/site-packages/airflow/example_dags/example_external_task_marker_dag.py
[2024-10-10T12:19:07.320+0700] {processor.py:836} INFO - DAG(s) dict_keys(['example_external_task_marker_parent', 'example_external_task_marker_child']) retrieved from /home/hasyidan/venv/lib/python3.8/site-packages/airflow/example_dags/example_external_task_marker_dag.py
[2024-10-10T12:19:07.364+0700] {logging_mixin.py:149} INFO - [2024-10-10T12:19:07.364+0700] {dag.py:2726} INFO - Sync 2 DAGs
[2024-10-10T12:19:07.407+0700] {logging_mixin.py:149} INFO - [2024-10-10T12:19:07.407+0700] {dag.py:3486} INFO - Setting next_dagrun for example_external_task_marker_child to None, run_after=None
[2024-10-10T12:19:07.414+0700] {logging_mixin.py:149} INFO - [2024-10-10T12:19:07.413+0700] {dag.py:3486} INFO - Setting next_dagrun for example_external_task_marker_parent to None, run_after=None
[2024-10-10T12:19:07.560+0700] {processor.py:179} INFO - Processing /home/hasyidan/venv/lib/python3.8/site-packages/airflow/example_dags/example_external_task_marker_dag.py took 0.275 seconds
[2024-10-10T12:19:59.598+0700] {processor.py:157} INFO - Started process (PID=5193) to work on /home/hasyidan/venv/lib/python3.8/site-packages/airflow/example_dags/example_external_task_marker_dag.py
[2024-10-10T12:19:59.819+0700] {processor.py:826} INFO - Processing file /home/hasyidan/venv/lib/python3.8/site-packages/airflow/example_dags/example_external_task_marker_dag.py for tasks to queue
[2024-10-10T12:19:59.821+0700] {logging_mixin.py:149} INFO - [2024-10-10T12:19:59.821+0700] {dagbag.py:541} INFO - Filling up the DagBag from /home/hasyidan/venv/lib/python3.8/site-packages/airflow/example_dags/example_external_task_marker_dag.py
[2024-10-10T12:19:59.834+0700] {processor.py:836} INFO - DAG(s) dict_keys(['example_external_task_marker_child', 'example_external_task_marker_parent']) retrieved from /home/hasyidan/venv/lib/python3.8/site-packages/airflow/example_dags/example_external_task_marker_dag.py
[2024-10-10T12:19:59.879+0700] {logging_mixin.py:149} INFO - [2024-10-10T12:19:59.879+0700] {dag.py:2726} INFO - Sync 2 DAGs
[2024-10-10T12:19:59.921+0700] {logging_mixin.py:149} INFO - [2024-10-10T12:19:59.920+0700] {dag.py:3486} INFO - Setting next_dagrun for example_external_task_marker_child to None, run_after=None
[2024-10-10T12:19:59.927+0700] {logging_mixin.py:149} INFO - [2024-10-10T12:19:59.927+0700] {dag.py:3486} INFO - Setting next_dagrun for example_external_task_marker_parent to None, run_after=None
[2024-10-10T12:20:00.211+0700] {processor.py:179} INFO - Processing /home/hasyidan/venv/lib/python3.8/site-packages/airflow/example_dags/example_external_task_marker_dag.py took 0.620 seconds
[2024-10-10T12:20:56.863+0700] {processor.py:157} INFO - Started process (PID=5261) to work on /home/hasyidan/venv/lib/python3.8/site-packages/airflow/example_dags/example_external_task_marker_dag.py
[2024-10-10T12:20:56.880+0700] {processor.py:826} INFO - Processing file /home/hasyidan/venv/lib/python3.8/site-packages/airflow/example_dags/example_external_task_marker_dag.py for tasks to queue
[2024-10-10T12:20:56.883+0700] {logging_mixin.py:149} INFO - [2024-10-10T12:20:56.882+0700] {dagbag.py:541} INFO - Filling up the DagBag from /home/hasyidan/venv/lib/python3.8/site-packages/airflow/example_dags/example_external_task_marker_dag.py
[2024-10-10T12:20:56.897+0700] {processor.py:836} INFO - DAG(s) dict_keys(['example_external_task_marker_child', 'example_external_task_marker_parent']) retrieved from /home/hasyidan/venv/lib/python3.8/site-packages/airflow/example_dags/example_external_task_marker_dag.py
[2024-10-10T12:20:56.943+0700] {logging_mixin.py:149} INFO - [2024-10-10T12:20:56.942+0700] {dag.py:2726} INFO - Sync 2 DAGs
[2024-10-10T12:20:56.986+0700] {logging_mixin.py:149} INFO - [2024-10-10T12:20:56.986+0700] {dag.py:3486} INFO - Setting next_dagrun for example_external_task_marker_child to None, run_after=None
[2024-10-10T12:20:56.993+0700] {logging_mixin.py:149} INFO - [2024-10-10T12:20:56.992+0700] {dag.py:3486} INFO - Setting next_dagrun for example_external_task_marker_parent to None, run_after=None
[2024-10-10T12:20:57.102+0700] {processor.py:179} INFO - Processing /home/hasyidan/venv/lib/python3.8/site-packages/airflow/example_dags/example_external_task_marker_dag.py took 0.244 seconds
[2024-10-10T13:20:50.663+0700] {processor.py:157} INFO - Started process (PID=2016) to work on /home/hasyidan/venv/lib/python3.8/site-packages/airflow/example_dags/example_external_task_marker_dag.py
[2024-10-10T13:20:50.823+0700] {processor.py:826} INFO - Processing file /home/hasyidan/venv/lib/python3.8/site-packages/airflow/example_dags/example_external_task_marker_dag.py for tasks to queue
[2024-10-10T13:20:50.825+0700] {logging_mixin.py:149} INFO - [2024-10-10T13:20:50.825+0700] {dagbag.py:541} INFO - Filling up the DagBag from /home/hasyidan/venv/lib/python3.8/site-packages/airflow/example_dags/example_external_task_marker_dag.py
[2024-10-10T13:20:51.407+0700] {processor.py:836} INFO - DAG(s) dict_keys(['example_external_task_marker_child', 'example_external_task_marker_parent']) retrieved from /home/hasyidan/venv/lib/python3.8/site-packages/airflow/example_dags/example_external_task_marker_dag.py
[2024-10-10T13:20:52.987+0700] {logging_mixin.py:149} INFO - [2024-10-10T13:20:52.986+0700] {dag.py:2726} INFO - Sync 2 DAGs
[2024-10-10T13:21:23.782+0700] {logging_mixin.py:149} INFO - [2024-10-10T13:21:23.574+0700] {dag.py:3486} INFO - Setting next_dagrun for example_external_task_marker_child to None, run_after=None
[2024-10-10T13:21:23.819+0700] {logging_mixin.py:149} INFO - [2024-10-10T13:21:23.819+0700] {dag.py:3486} INFO - Setting next_dagrun for example_external_task_marker_parent to None, run_after=None
[2024-10-10T13:21:25.779+0700] {processor.py:179} INFO - Processing /home/hasyidan/venv/lib/python3.8/site-packages/airflow/example_dags/example_external_task_marker_dag.py took 35.122 seconds
[2024-10-10T13:26:19.933+0700] {processor.py:157} INFO - Started process (PID=2644) to work on /home/hasyidan/venv/lib/python3.8/site-packages/airflow/example_dags/example_external_task_marker_dag.py
[2024-10-10T13:26:20.157+0700] {processor.py:826} INFO - Processing file /home/hasyidan/venv/lib/python3.8/site-packages/airflow/example_dags/example_external_task_marker_dag.py for tasks to queue
[2024-10-10T13:26:20.159+0700] {logging_mixin.py:149} INFO - [2024-10-10T13:26:20.159+0700] {dagbag.py:541} INFO - Filling up the DagBag from /home/hasyidan/venv/lib/python3.8/site-packages/airflow/example_dags/example_external_task_marker_dag.py
[2024-10-10T13:26:20.204+0700] {processor.py:836} INFO - DAG(s) dict_keys(['example_external_task_marker_parent', 'example_external_task_marker_child']) retrieved from /home/hasyidan/venv/lib/python3.8/site-packages/airflow/example_dags/example_external_task_marker_dag.py
[2024-10-10T13:26:20.821+0700] {logging_mixin.py:149} INFO - [2024-10-10T13:26:20.821+0700] {dag.py:2726} INFO - Sync 2 DAGs
[2024-10-10T13:26:21.030+0700] {logging_mixin.py:149} INFO - [2024-10-10T13:26:21.030+0700] {dag.py:3486} INFO - Setting next_dagrun for example_external_task_marker_child to None, run_after=None
[2024-10-10T13:26:21.046+0700] {logging_mixin.py:149} INFO - [2024-10-10T13:26:21.046+0700] {dag.py:3486} INFO - Setting next_dagrun for example_external_task_marker_parent to None, run_after=None
[2024-10-10T13:26:21.309+0700] {processor.py:179} INFO - Processing /home/hasyidan/venv/lib/python3.8/site-packages/airflow/example_dags/example_external_task_marker_dag.py took 1.386 seconds
