[2024-10-10T11:48:55.736+0700] {processor.py:157} INFO - Started process (PID=2921) to work on /home/hasyidan/venv/lib/python3.8/site-packages/airflow/example_dags/example_branch_operator_decorator.py
[2024-10-10T11:48:55.737+0700] {processor.py:826} INFO - Processing file /home/hasyidan/venv/lib/python3.8/site-packages/airflow/example_dags/example_branch_operator_decorator.py for tasks to queue
[2024-10-10T11:48:55.739+0700] {logging_mixin.py:149} INFO - [2024-10-10T11:48:55.738+0700] {dagbag.py:541} INFO - Filling up the DagBag from /home/hasyidan/venv/lib/python3.8/site-packages/airflow/example_dags/example_branch_operator_decorator.py
[2024-10-10T11:48:55.788+0700] {processor.py:836} INFO - DAG(s) dict_keys(['example_branch_python_operator_decorator']) retrieved from /home/hasyidan/venv/lib/python3.8/site-packages/airflow/example_dags/example_branch_operator_decorator.py
[2024-10-10T11:48:55.830+0700] {logging_mixin.py:149} INFO - [2024-10-10T11:48:55.829+0700] {dag.py:2726} INFO - Sync 1 DAGs
[2024-10-10T11:48:55.877+0700] {logging_mixin.py:149} INFO - [2024-10-10T11:48:55.877+0700] {dag.py:3486} INFO - Setting next_dagrun for example_branch_python_operator_decorator to 2024-10-09T00:00:00+00:00, run_after=2024-10-10T00:00:00+00:00
[2024-10-10T11:48:56.226+0700] {processor.py:179} INFO - Processing /home/hasyidan/venv/lib/python3.8/site-packages/airflow/example_dags/example_branch_operator_decorator.py took 0.496 seconds
[2024-10-10T11:52:36.219+0700] {processor.py:157} INFO - Started process (PID=3276) to work on /home/hasyidan/venv/lib/python3.8/site-packages/airflow/example_dags/example_branch_operator_decorator.py
[2024-10-10T11:52:36.239+0700] {processor.py:826} INFO - Processing file /home/hasyidan/venv/lib/python3.8/site-packages/airflow/example_dags/example_branch_operator_decorator.py for tasks to queue
[2024-10-10T11:52:36.242+0700] {logging_mixin.py:149} INFO - [2024-10-10T11:52:36.241+0700] {dagbag.py:541} INFO - Filling up the DagBag from /home/hasyidan/venv/lib/python3.8/site-packages/airflow/example_dags/example_branch_operator_decorator.py
[2024-10-10T11:52:36.266+0700] {processor.py:836} INFO - DAG(s) dict_keys(['example_branch_python_operator_decorator']) retrieved from /home/hasyidan/venv/lib/python3.8/site-packages/airflow/example_dags/example_branch_operator_decorator.py
[2024-10-10T11:52:36.313+0700] {logging_mixin.py:149} INFO - [2024-10-10T11:52:36.312+0700] {dag.py:2726} INFO - Sync 1 DAGs
[2024-10-10T11:52:36.369+0700] {logging_mixin.py:149} INFO - [2024-10-10T11:52:36.369+0700] {dag.py:3486} INFO - Setting next_dagrun for example_branch_python_operator_decorator to 2024-10-09T00:00:00+00:00, run_after=2024-10-10T00:00:00+00:00
[2024-10-10T11:52:36.600+0700] {processor.py:179} INFO - Processing /home/hasyidan/venv/lib/python3.8/site-packages/airflow/example_dags/example_branch_operator_decorator.py took 0.387 seconds
[2024-10-10T11:54:01.672+0700] {processor.py:157} INFO - Started process (PID=3382) to work on /home/hasyidan/venv/lib/python3.8/site-packages/airflow/example_dags/example_branch_operator_decorator.py
[2024-10-10T11:54:01.695+0700] {processor.py:826} INFO - Processing file /home/hasyidan/venv/lib/python3.8/site-packages/airflow/example_dags/example_branch_operator_decorator.py for tasks to queue
[2024-10-10T11:54:01.698+0700] {logging_mixin.py:149} INFO - [2024-10-10T11:54:01.697+0700] {dagbag.py:541} INFO - Filling up the DagBag from /home/hasyidan/venv/lib/python3.8/site-packages/airflow/example_dags/example_branch_operator_decorator.py
[2024-10-10T11:54:01.722+0700] {processor.py:836} INFO - DAG(s) dict_keys(['example_branch_python_operator_decorator']) retrieved from /home/hasyidan/venv/lib/python3.8/site-packages/airflow/example_dags/example_branch_operator_decorator.py
[2024-10-10T11:54:01.764+0700] {logging_mixin.py:149} INFO - [2024-10-10T11:54:01.764+0700] {dag.py:2726} INFO - Sync 1 DAGs
[2024-10-10T11:54:01.809+0700] {logging_mixin.py:149} INFO - [2024-10-10T11:54:01.809+0700] {dag.py:3486} INFO - Setting next_dagrun for example_branch_python_operator_decorator to 2024-10-09T00:00:00+00:00, run_after=2024-10-10T00:00:00+00:00
[2024-10-10T11:54:01.943+0700] {processor.py:179} INFO - Processing /home/hasyidan/venv/lib/python3.8/site-packages/airflow/example_dags/example_branch_operator_decorator.py took 0.279 seconds
[2024-10-10T11:55:35.600+0700] {processor.py:157} INFO - Started process (PID=3495) to work on /home/hasyidan/venv/lib/python3.8/site-packages/airflow/example_dags/example_branch_operator_decorator.py
[2024-10-10T11:55:35.620+0700] {processor.py:826} INFO - Processing file /home/hasyidan/venv/lib/python3.8/site-packages/airflow/example_dags/example_branch_operator_decorator.py for tasks to queue
[2024-10-10T11:55:35.623+0700] {logging_mixin.py:149} INFO - [2024-10-10T11:55:35.623+0700] {dagbag.py:541} INFO - Filling up the DagBag from /home/hasyidan/venv/lib/python3.8/site-packages/airflow/example_dags/example_branch_operator_decorator.py
[2024-10-10T11:55:35.651+0700] {processor.py:836} INFO - DAG(s) dict_keys(['example_branch_python_operator_decorator']) retrieved from /home/hasyidan/venv/lib/python3.8/site-packages/airflow/example_dags/example_branch_operator_decorator.py
[2024-10-10T11:55:35.712+0700] {logging_mixin.py:149} INFO - [2024-10-10T11:55:35.712+0700] {dag.py:2726} INFO - Sync 1 DAGs
[2024-10-10T11:55:35.806+0700] {logging_mixin.py:149} INFO - [2024-10-10T11:55:35.804+0700] {dag.py:3486} INFO - Setting next_dagrun for example_branch_python_operator_decorator to 2024-10-09T00:00:00+00:00, run_after=2024-10-10T00:00:00+00:00
[2024-10-10T11:55:35.972+0700] {processor.py:179} INFO - Processing /home/hasyidan/venv/lib/python3.8/site-packages/airflow/example_dags/example_branch_operator_decorator.py took 0.378 seconds
[2024-10-10T11:56:36.616+0700] {processor.py:157} INFO - Started process (PID=3561) to work on /home/hasyidan/venv/lib/python3.8/site-packages/airflow/example_dags/example_branch_operator_decorator.py
[2024-10-10T11:56:36.641+0700] {processor.py:826} INFO - Processing file /home/hasyidan/venv/lib/python3.8/site-packages/airflow/example_dags/example_branch_operator_decorator.py for tasks to queue
[2024-10-10T11:56:36.644+0700] {logging_mixin.py:149} INFO - [2024-10-10T11:56:36.644+0700] {dagbag.py:541} INFO - Filling up the DagBag from /home/hasyidan/venv/lib/python3.8/site-packages/airflow/example_dags/example_branch_operator_decorator.py
[2024-10-10T11:56:36.666+0700] {processor.py:836} INFO - DAG(s) dict_keys(['example_branch_python_operator_decorator']) retrieved from /home/hasyidan/venv/lib/python3.8/site-packages/airflow/example_dags/example_branch_operator_decorator.py
[2024-10-10T11:56:36.707+0700] {logging_mixin.py:149} INFO - [2024-10-10T11:56:36.707+0700] {dag.py:2726} INFO - Sync 1 DAGs
[2024-10-10T11:56:36.755+0700] {logging_mixin.py:149} INFO - [2024-10-10T11:56:36.755+0700] {dag.py:3486} INFO - Setting next_dagrun for example_branch_python_operator_decorator to 2024-10-09T00:00:00+00:00, run_after=2024-10-10T00:00:00+00:00
[2024-10-10T11:56:36.868+0700] {processor.py:179} INFO - Processing /home/hasyidan/venv/lib/python3.8/site-packages/airflow/example_dags/example_branch_operator_decorator.py took 0.258 seconds
[2024-10-10T11:58:02.079+0700] {processor.py:157} INFO - Started process (PID=3652) to work on /home/hasyidan/venv/lib/python3.8/site-packages/airflow/example_dags/example_branch_operator_decorator.py
[2024-10-10T11:58:02.167+0700] {processor.py:826} INFO - Processing file /home/hasyidan/venv/lib/python3.8/site-packages/airflow/example_dags/example_branch_operator_decorator.py for tasks to queue
[2024-10-10T11:58:02.170+0700] {logging_mixin.py:149} INFO - [2024-10-10T11:58:02.169+0700] {dagbag.py:541} INFO - Filling up the DagBag from /home/hasyidan/venv/lib/python3.8/site-packages/airflow/example_dags/example_branch_operator_decorator.py
[2024-10-10T11:58:02.192+0700] {processor.py:836} INFO - DAG(s) dict_keys(['example_branch_python_operator_decorator']) retrieved from /home/hasyidan/venv/lib/python3.8/site-packages/airflow/example_dags/example_branch_operator_decorator.py
[2024-10-10T11:58:02.233+0700] {logging_mixin.py:149} INFO - [2024-10-10T11:58:02.233+0700] {dag.py:2726} INFO - Sync 1 DAGs
[2024-10-10T11:58:02.279+0700] {logging_mixin.py:149} INFO - [2024-10-10T11:58:02.278+0700] {dag.py:3486} INFO - Setting next_dagrun for example_branch_python_operator_decorator to 2024-10-09T00:00:00+00:00, run_after=2024-10-10T00:00:00+00:00
[2024-10-10T11:58:02.395+0700] {processor.py:179} INFO - Processing /home/hasyidan/venv/lib/python3.8/site-packages/airflow/example_dags/example_branch_operator_decorator.py took 0.322 seconds
[2024-10-10T11:59:13.195+0700] {processor.py:157} INFO - Started process (PID=3740) to work on /home/hasyidan/venv/lib/python3.8/site-packages/airflow/example_dags/example_branch_operator_decorator.py
[2024-10-10T11:59:13.219+0700] {processor.py:826} INFO - Processing file /home/hasyidan/venv/lib/python3.8/site-packages/airflow/example_dags/example_branch_operator_decorator.py for tasks to queue
[2024-10-10T11:59:13.222+0700] {logging_mixin.py:149} INFO - [2024-10-10T11:59:13.221+0700] {dagbag.py:541} INFO - Filling up the DagBag from /home/hasyidan/venv/lib/python3.8/site-packages/airflow/example_dags/example_branch_operator_decorator.py
[2024-10-10T11:59:13.251+0700] {processor.py:836} INFO - DAG(s) dict_keys(['example_branch_python_operator_decorator']) retrieved from /home/hasyidan/venv/lib/python3.8/site-packages/airflow/example_dags/example_branch_operator_decorator.py
[2024-10-10T11:59:13.305+0700] {logging_mixin.py:149} INFO - [2024-10-10T11:59:13.304+0700] {dag.py:2726} INFO - Sync 1 DAGs
[2024-10-10T11:59:13.356+0700] {logging_mixin.py:149} INFO - [2024-10-10T11:59:13.356+0700] {dag.py:3486} INFO - Setting next_dagrun for example_branch_python_operator_decorator to 2024-10-09T00:00:00+00:00, run_after=2024-10-10T00:00:00+00:00
[2024-10-10T11:59:13.473+0700] {processor.py:179} INFO - Processing /home/hasyidan/venv/lib/python3.8/site-packages/airflow/example_dags/example_branch_operator_decorator.py took 0.283 seconds
[2024-10-10T12:00:11.520+0700] {processor.py:157} INFO - Started process (PID=3798) to work on /home/hasyidan/venv/lib/python3.8/site-packages/airflow/example_dags/example_branch_operator_decorator.py
[2024-10-10T12:00:11.530+0700] {processor.py:826} INFO - Processing file /home/hasyidan/venv/lib/python3.8/site-packages/airflow/example_dags/example_branch_operator_decorator.py for tasks to queue
[2024-10-10T12:00:11.533+0700] {logging_mixin.py:149} INFO - [2024-10-10T12:00:11.532+0700] {dagbag.py:541} INFO - Filling up the DagBag from /home/hasyidan/venv/lib/python3.8/site-packages/airflow/example_dags/example_branch_operator_decorator.py
[2024-10-10T12:00:11.557+0700] {processor.py:836} INFO - DAG(s) dict_keys(['example_branch_python_operator_decorator']) retrieved from /home/hasyidan/venv/lib/python3.8/site-packages/airflow/example_dags/example_branch_operator_decorator.py
[2024-10-10T12:00:11.597+0700] {logging_mixin.py:149} INFO - [2024-10-10T12:00:11.597+0700] {dag.py:2726} INFO - Sync 1 DAGs
[2024-10-10T12:00:11.644+0700] {logging_mixin.py:149} INFO - [2024-10-10T12:00:11.644+0700] {dag.py:3486} INFO - Setting next_dagrun for example_branch_python_operator_decorator to 2024-10-09T00:00:00+00:00, run_after=2024-10-10T00:00:00+00:00
[2024-10-10T12:00:11.759+0700] {processor.py:179} INFO - Processing /home/hasyidan/venv/lib/python3.8/site-packages/airflow/example_dags/example_branch_operator_decorator.py took 0.246 seconds
[2024-10-10T12:01:32.995+0700] {processor.py:157} INFO - Started process (PID=3886) to work on /home/hasyidan/venv/lib/python3.8/site-packages/airflow/example_dags/example_branch_operator_decorator.py
[2024-10-10T12:01:33.012+0700] {processor.py:826} INFO - Processing file /home/hasyidan/venv/lib/python3.8/site-packages/airflow/example_dags/example_branch_operator_decorator.py for tasks to queue
[2024-10-10T12:01:33.014+0700] {logging_mixin.py:149} INFO - [2024-10-10T12:01:33.014+0700] {dagbag.py:541} INFO - Filling up the DagBag from /home/hasyidan/venv/lib/python3.8/site-packages/airflow/example_dags/example_branch_operator_decorator.py
[2024-10-10T12:01:33.038+0700] {processor.py:836} INFO - DAG(s) dict_keys(['example_branch_python_operator_decorator']) retrieved from /home/hasyidan/venv/lib/python3.8/site-packages/airflow/example_dags/example_branch_operator_decorator.py
[2024-10-10T12:01:33.080+0700] {logging_mixin.py:149} INFO - [2024-10-10T12:01:33.079+0700] {dag.py:2726} INFO - Sync 1 DAGs
[2024-10-10T12:01:33.124+0700] {logging_mixin.py:149} INFO - [2024-10-10T12:01:33.124+0700] {dag.py:3486} INFO - Setting next_dagrun for example_branch_python_operator_decorator to 2024-10-09T00:00:00+00:00, run_after=2024-10-10T00:00:00+00:00
[2024-10-10T12:01:33.252+0700] {processor.py:179} INFO - Processing /home/hasyidan/venv/lib/python3.8/site-packages/airflow/example_dags/example_branch_operator_decorator.py took 0.262 seconds
[2024-10-10T12:02:49.692+0700] {processor.py:157} INFO - Started process (PID=3971) to work on /home/hasyidan/venv/lib/python3.8/site-packages/airflow/example_dags/example_branch_operator_decorator.py
[2024-10-10T12:02:49.694+0700] {processor.py:826} INFO - Processing file /home/hasyidan/venv/lib/python3.8/site-packages/airflow/example_dags/example_branch_operator_decorator.py for tasks to queue
[2024-10-10T12:02:49.695+0700] {logging_mixin.py:149} INFO - [2024-10-10T12:02:49.695+0700] {dagbag.py:541} INFO - Filling up the DagBag from /home/hasyidan/venv/lib/python3.8/site-packages/airflow/example_dags/example_branch_operator_decorator.py
[2024-10-10T12:02:49.715+0700] {processor.py:836} INFO - DAG(s) dict_keys(['example_branch_python_operator_decorator']) retrieved from /home/hasyidan/venv/lib/python3.8/site-packages/airflow/example_dags/example_branch_operator_decorator.py
[2024-10-10T12:02:49.756+0700] {logging_mixin.py:149} INFO - [2024-10-10T12:02:49.756+0700] {dag.py:2726} INFO - Sync 1 DAGs
[2024-10-10T12:02:49.801+0700] {logging_mixin.py:149} INFO - [2024-10-10T12:02:49.801+0700] {dag.py:3486} INFO - Setting next_dagrun for example_branch_python_operator_decorator to 2024-10-09T00:00:00+00:00, run_after=2024-10-10T00:00:00+00:00
[2024-10-10T12:02:49.924+0700] {processor.py:179} INFO - Processing /home/hasyidan/venv/lib/python3.8/site-packages/airflow/example_dags/example_branch_operator_decorator.py took 0.238 seconds
[2024-10-10T12:04:07.737+0700] {processor.py:157} INFO - Started process (PID=4056) to work on /home/hasyidan/venv/lib/python3.8/site-packages/airflow/example_dags/example_branch_operator_decorator.py
[2024-10-10T12:04:07.746+0700] {processor.py:826} INFO - Processing file /home/hasyidan/venv/lib/python3.8/site-packages/airflow/example_dags/example_branch_operator_decorator.py for tasks to queue
[2024-10-10T12:04:07.747+0700] {logging_mixin.py:149} INFO - [2024-10-10T12:04:07.747+0700] {dagbag.py:541} INFO - Filling up the DagBag from /home/hasyidan/venv/lib/python3.8/site-packages/airflow/example_dags/example_branch_operator_decorator.py
[2024-10-10T12:04:07.770+0700] {processor.py:836} INFO - DAG(s) dict_keys(['example_branch_python_operator_decorator']) retrieved from /home/hasyidan/venv/lib/python3.8/site-packages/airflow/example_dags/example_branch_operator_decorator.py
[2024-10-10T12:04:07.812+0700] {logging_mixin.py:149} INFO - [2024-10-10T12:04:07.811+0700] {dag.py:2726} INFO - Sync 1 DAGs
[2024-10-10T12:04:07.856+0700] {logging_mixin.py:149} INFO - [2024-10-10T12:04:07.856+0700] {dag.py:3486} INFO - Setting next_dagrun for example_branch_python_operator_decorator to 2024-10-09T00:00:00+00:00, run_after=2024-10-10T00:00:00+00:00
[2024-10-10T12:04:07.981+0700] {processor.py:179} INFO - Processing /home/hasyidan/venv/lib/python3.8/site-packages/airflow/example_dags/example_branch_operator_decorator.py took 0.251 seconds
[2024-10-10T12:05:27.885+0700] {processor.py:157} INFO - Started process (PID=4198) to work on /home/hasyidan/venv/lib/python3.8/site-packages/airflow/example_dags/example_branch_operator_decorator.py
[2024-10-10T12:05:27.890+0700] {processor.py:826} INFO - Processing file /home/hasyidan/venv/lib/python3.8/site-packages/airflow/example_dags/example_branch_operator_decorator.py for tasks to queue
[2024-10-10T12:05:27.891+0700] {logging_mixin.py:149} INFO - [2024-10-10T12:05:27.891+0700] {dagbag.py:541} INFO - Filling up the DagBag from /home/hasyidan/venv/lib/python3.8/site-packages/airflow/example_dags/example_branch_operator_decorator.py
[2024-10-10T12:05:27.912+0700] {processor.py:836} INFO - DAG(s) dict_keys(['example_branch_python_operator_decorator']) retrieved from /home/hasyidan/venv/lib/python3.8/site-packages/airflow/example_dags/example_branch_operator_decorator.py
[2024-10-10T12:05:27.953+0700] {logging_mixin.py:149} INFO - [2024-10-10T12:05:27.953+0700] {dag.py:2726} INFO - Sync 1 DAGs
[2024-10-10T12:05:28.000+0700] {logging_mixin.py:149} INFO - [2024-10-10T12:05:28.000+0700] {dag.py:3486} INFO - Setting next_dagrun for example_branch_python_operator_decorator to 2024-10-09T00:00:00+00:00, run_after=2024-10-10T00:00:00+00:00
[2024-10-10T12:05:28.157+0700] {processor.py:179} INFO - Processing /home/hasyidan/venv/lib/python3.8/site-packages/airflow/example_dags/example_branch_operator_decorator.py took 0.280 seconds
[2024-10-10T12:06:50.378+0700] {processor.py:157} INFO - Started process (PID=4290) to work on /home/hasyidan/venv/lib/python3.8/site-packages/airflow/example_dags/example_branch_operator_decorator.py
[2024-10-10T12:06:50.419+0700] {processor.py:826} INFO - Processing file /home/hasyidan/venv/lib/python3.8/site-packages/airflow/example_dags/example_branch_operator_decorator.py for tasks to queue
[2024-10-10T12:06:50.421+0700] {logging_mixin.py:149} INFO - [2024-10-10T12:06:50.421+0700] {dagbag.py:541} INFO - Filling up the DagBag from /home/hasyidan/venv/lib/python3.8/site-packages/airflow/example_dags/example_branch_operator_decorator.py
[2024-10-10T12:06:50.443+0700] {processor.py:836} INFO - DAG(s) dict_keys(['example_branch_python_operator_decorator']) retrieved from /home/hasyidan/venv/lib/python3.8/site-packages/airflow/example_dags/example_branch_operator_decorator.py
[2024-10-10T12:06:50.485+0700] {logging_mixin.py:149} INFO - [2024-10-10T12:06:50.484+0700] {dag.py:2726} INFO - Sync 1 DAGs
[2024-10-10T12:06:50.530+0700] {logging_mixin.py:149} INFO - [2024-10-10T12:06:50.529+0700] {dag.py:3486} INFO - Setting next_dagrun for example_branch_python_operator_decorator to 2024-10-09T00:00:00+00:00, run_after=2024-10-10T00:00:00+00:00
[2024-10-10T12:06:50.691+0700] {processor.py:179} INFO - Processing /home/hasyidan/venv/lib/python3.8/site-packages/airflow/example_dags/example_branch_operator_decorator.py took 0.319 seconds
[2024-10-10T12:08:18.580+0700] {processor.py:157} INFO - Started process (PID=4388) to work on /home/hasyidan/venv/lib/python3.8/site-packages/airflow/example_dags/example_branch_operator_decorator.py
[2024-10-10T12:08:18.587+0700] {processor.py:826} INFO - Processing file /home/hasyidan/venv/lib/python3.8/site-packages/airflow/example_dags/example_branch_operator_decorator.py for tasks to queue
[2024-10-10T12:08:18.589+0700] {logging_mixin.py:149} INFO - [2024-10-10T12:08:18.589+0700] {dagbag.py:541} INFO - Filling up the DagBag from /home/hasyidan/venv/lib/python3.8/site-packages/airflow/example_dags/example_branch_operator_decorator.py
[2024-10-10T12:08:18.611+0700] {processor.py:836} INFO - DAG(s) dict_keys(['example_branch_python_operator_decorator']) retrieved from /home/hasyidan/venv/lib/python3.8/site-packages/airflow/example_dags/example_branch_operator_decorator.py
[2024-10-10T12:08:18.652+0700] {logging_mixin.py:149} INFO - [2024-10-10T12:08:18.652+0700] {dag.py:2726} INFO - Sync 1 DAGs
[2024-10-10T12:08:18.697+0700] {logging_mixin.py:149} INFO - [2024-10-10T12:08:18.696+0700] {dag.py:3486} INFO - Setting next_dagrun for example_branch_python_operator_decorator to 2024-10-09T00:00:00+00:00, run_after=2024-10-10T00:00:00+00:00
[2024-10-10T12:08:18.849+0700] {processor.py:179} INFO - Processing /home/hasyidan/venv/lib/python3.8/site-packages/airflow/example_dags/example_branch_operator_decorator.py took 0.274 seconds
[2024-10-10T12:09:40.656+0700] {processor.py:157} INFO - Started process (PID=4473) to work on /home/hasyidan/venv/lib/python3.8/site-packages/airflow/example_dags/example_branch_operator_decorator.py
[2024-10-10T12:09:40.667+0700] {processor.py:826} INFO - Processing file /home/hasyidan/venv/lib/python3.8/site-packages/airflow/example_dags/example_branch_operator_decorator.py for tasks to queue
[2024-10-10T12:09:40.668+0700] {logging_mixin.py:149} INFO - [2024-10-10T12:09:40.668+0700] {dagbag.py:541} INFO - Filling up the DagBag from /home/hasyidan/venv/lib/python3.8/site-packages/airflow/example_dags/example_branch_operator_decorator.py
[2024-10-10T12:09:40.710+0700] {processor.py:836} INFO - DAG(s) dict_keys(['example_branch_python_operator_decorator']) retrieved from /home/hasyidan/venv/lib/python3.8/site-packages/airflow/example_dags/example_branch_operator_decorator.py
[2024-10-10T12:09:40.765+0700] {logging_mixin.py:149} INFO - [2024-10-10T12:09:40.765+0700] {dag.py:2726} INFO - Sync 1 DAGs
[2024-10-10T12:09:40.816+0700] {logging_mixin.py:149} INFO - [2024-10-10T12:09:40.815+0700] {dag.py:3486} INFO - Setting next_dagrun for example_branch_python_operator_decorator to 2024-10-09T00:00:00+00:00, run_after=2024-10-10T00:00:00+00:00
[2024-10-10T12:09:40.929+0700] {processor.py:179} INFO - Processing /home/hasyidan/venv/lib/python3.8/site-packages/airflow/example_dags/example_branch_operator_decorator.py took 0.285 seconds
[2024-10-10T12:10:56.355+0700] {processor.py:157} INFO - Started process (PID=4564) to work on /home/hasyidan/venv/lib/python3.8/site-packages/airflow/example_dags/example_branch_operator_decorator.py
[2024-10-10T12:10:56.400+0700] {processor.py:826} INFO - Processing file /home/hasyidan/venv/lib/python3.8/site-packages/airflow/example_dags/example_branch_operator_decorator.py for tasks to queue
[2024-10-10T12:10:56.403+0700] {logging_mixin.py:149} INFO - [2024-10-10T12:10:56.402+0700] {dagbag.py:541} INFO - Filling up the DagBag from /home/hasyidan/venv/lib/python3.8/site-packages/airflow/example_dags/example_branch_operator_decorator.py
[2024-10-10T12:10:56.426+0700] {processor.py:836} INFO - DAG(s) dict_keys(['example_branch_python_operator_decorator']) retrieved from /home/hasyidan/venv/lib/python3.8/site-packages/airflow/example_dags/example_branch_operator_decorator.py
[2024-10-10T12:10:56.469+0700] {logging_mixin.py:149} INFO - [2024-10-10T12:10:56.469+0700] {dag.py:2726} INFO - Sync 1 DAGs
[2024-10-10T12:10:56.516+0700] {logging_mixin.py:149} INFO - [2024-10-10T12:10:56.516+0700] {dag.py:3486} INFO - Setting next_dagrun for example_branch_python_operator_decorator to 2024-10-09T00:00:00+00:00, run_after=2024-10-10T00:00:00+00:00
[2024-10-10T12:10:56.632+0700] {processor.py:179} INFO - Processing /home/hasyidan/venv/lib/python3.8/site-packages/airflow/example_dags/example_branch_operator_decorator.py took 0.283 seconds
[2024-10-10T12:12:19.560+0700] {processor.py:157} INFO - Started process (PID=4660) to work on /home/hasyidan/venv/lib/python3.8/site-packages/airflow/example_dags/example_branch_operator_decorator.py
[2024-10-10T12:12:19.594+0700] {processor.py:826} INFO - Processing file /home/hasyidan/venv/lib/python3.8/site-packages/airflow/example_dags/example_branch_operator_decorator.py for tasks to queue
[2024-10-10T12:12:19.597+0700] {logging_mixin.py:149} INFO - [2024-10-10T12:12:19.596+0700] {dagbag.py:541} INFO - Filling up the DagBag from /home/hasyidan/venv/lib/python3.8/site-packages/airflow/example_dags/example_branch_operator_decorator.py
[2024-10-10T12:12:19.618+0700] {processor.py:836} INFO - DAG(s) dict_keys(['example_branch_python_operator_decorator']) retrieved from /home/hasyidan/venv/lib/python3.8/site-packages/airflow/example_dags/example_branch_operator_decorator.py
[2024-10-10T12:12:19.660+0700] {logging_mixin.py:149} INFO - [2024-10-10T12:12:19.659+0700] {dag.py:2726} INFO - Sync 1 DAGs
[2024-10-10T12:12:19.704+0700] {logging_mixin.py:149} INFO - [2024-10-10T12:12:19.704+0700] {dag.py:3486} INFO - Setting next_dagrun for example_branch_python_operator_decorator to 2024-10-09T00:00:00+00:00, run_after=2024-10-10T00:00:00+00:00
[2024-10-10T12:12:19.831+0700] {processor.py:179} INFO - Processing /home/hasyidan/venv/lib/python3.8/site-packages/airflow/example_dags/example_branch_operator_decorator.py took 0.278 seconds
[2024-10-10T12:13:35.331+0700] {processor.py:157} INFO - Started process (PID=4750) to work on /home/hasyidan/venv/lib/python3.8/site-packages/airflow/example_dags/example_branch_operator_decorator.py
[2024-10-10T12:13:35.349+0700] {processor.py:826} INFO - Processing file /home/hasyidan/venv/lib/python3.8/site-packages/airflow/example_dags/example_branch_operator_decorator.py for tasks to queue
[2024-10-10T12:13:35.352+0700] {logging_mixin.py:149} INFO - [2024-10-10T12:13:35.351+0700] {dagbag.py:541} INFO - Filling up the DagBag from /home/hasyidan/venv/lib/python3.8/site-packages/airflow/example_dags/example_branch_operator_decorator.py
[2024-10-10T12:13:35.373+0700] {processor.py:836} INFO - DAG(s) dict_keys(['example_branch_python_operator_decorator']) retrieved from /home/hasyidan/venv/lib/python3.8/site-packages/airflow/example_dags/example_branch_operator_decorator.py
[2024-10-10T12:13:35.414+0700] {logging_mixin.py:149} INFO - [2024-10-10T12:13:35.414+0700] {dag.py:2726} INFO - Sync 1 DAGs
[2024-10-10T12:13:35.460+0700] {logging_mixin.py:149} INFO - [2024-10-10T12:13:35.460+0700] {dag.py:3486} INFO - Setting next_dagrun for example_branch_python_operator_decorator to 2024-10-09T00:00:00+00:00, run_after=2024-10-10T00:00:00+00:00
[2024-10-10T12:13:35.573+0700] {processor.py:179} INFO - Processing /home/hasyidan/venv/lib/python3.8/site-packages/airflow/example_dags/example_branch_operator_decorator.py took 0.248 seconds
[2024-10-10T12:14:49.135+0700] {processor.py:157} INFO - Started process (PID=4832) to work on /home/hasyidan/venv/lib/python3.8/site-packages/airflow/example_dags/example_branch_operator_decorator.py
[2024-10-10T12:14:49.163+0700] {processor.py:826} INFO - Processing file /home/hasyidan/venv/lib/python3.8/site-packages/airflow/example_dags/example_branch_operator_decorator.py for tasks to queue
[2024-10-10T12:14:49.165+0700] {logging_mixin.py:149} INFO - [2024-10-10T12:14:49.165+0700] {dagbag.py:541} INFO - Filling up the DagBag from /home/hasyidan/venv/lib/python3.8/site-packages/airflow/example_dags/example_branch_operator_decorator.py
[2024-10-10T12:14:49.189+0700] {processor.py:836} INFO - DAG(s) dict_keys(['example_branch_python_operator_decorator']) retrieved from /home/hasyidan/venv/lib/python3.8/site-packages/airflow/example_dags/example_branch_operator_decorator.py
[2024-10-10T12:14:49.230+0700] {logging_mixin.py:149} INFO - [2024-10-10T12:14:49.230+0700] {dag.py:2726} INFO - Sync 1 DAGs
[2024-10-10T12:14:49.275+0700] {logging_mixin.py:149} INFO - [2024-10-10T12:14:49.274+0700] {dag.py:3486} INFO - Setting next_dagrun for example_branch_python_operator_decorator to 2024-10-09T00:00:00+00:00, run_after=2024-10-10T00:00:00+00:00
[2024-10-10T12:14:49.375+0700] {processor.py:179} INFO - Processing /home/hasyidan/venv/lib/python3.8/site-packages/airflow/example_dags/example_branch_operator_decorator.py took 0.246 seconds
[2024-10-10T12:16:07.003+0700] {processor.py:157} INFO - Started process (PID=4924) to work on /home/hasyidan/venv/lib/python3.8/site-packages/airflow/example_dags/example_branch_operator_decorator.py
[2024-10-10T12:16:07.024+0700] {processor.py:826} INFO - Processing file /home/hasyidan/venv/lib/python3.8/site-packages/airflow/example_dags/example_branch_operator_decorator.py for tasks to queue
[2024-10-10T12:16:07.027+0700] {logging_mixin.py:149} INFO - [2024-10-10T12:16:07.026+0700] {dagbag.py:541} INFO - Filling up the DagBag from /home/hasyidan/venv/lib/python3.8/site-packages/airflow/example_dags/example_branch_operator_decorator.py
[2024-10-10T12:16:07.049+0700] {processor.py:836} INFO - DAG(s) dict_keys(['example_branch_python_operator_decorator']) retrieved from /home/hasyidan/venv/lib/python3.8/site-packages/airflow/example_dags/example_branch_operator_decorator.py
[2024-10-10T12:16:07.090+0700] {logging_mixin.py:149} INFO - [2024-10-10T12:16:07.089+0700] {dag.py:2726} INFO - Sync 1 DAGs
[2024-10-10T12:16:07.136+0700] {logging_mixin.py:149} INFO - [2024-10-10T12:16:07.135+0700] {dag.py:3486} INFO - Setting next_dagrun for example_branch_python_operator_decorator to 2024-10-09T00:00:00+00:00, run_after=2024-10-10T00:00:00+00:00
[2024-10-10T12:16:07.264+0700] {processor.py:179} INFO - Processing /home/hasyidan/venv/lib/python3.8/site-packages/airflow/example_dags/example_branch_operator_decorator.py took 0.267 seconds
[2024-10-10T12:17:31.154+0700] {processor.py:157} INFO - Started process (PID=5020) to work on /home/hasyidan/venv/lib/python3.8/site-packages/airflow/example_dags/example_branch_operator_decorator.py
[2024-10-10T12:17:31.169+0700] {processor.py:826} INFO - Processing file /home/hasyidan/venv/lib/python3.8/site-packages/airflow/example_dags/example_branch_operator_decorator.py for tasks to queue
[2024-10-10T12:17:31.171+0700] {logging_mixin.py:149} INFO - [2024-10-10T12:17:31.171+0700] {dagbag.py:541} INFO - Filling up the DagBag from /home/hasyidan/venv/lib/python3.8/site-packages/airflow/example_dags/example_branch_operator_decorator.py
[2024-10-10T12:17:31.193+0700] {processor.py:836} INFO - DAG(s) dict_keys(['example_branch_python_operator_decorator']) retrieved from /home/hasyidan/venv/lib/python3.8/site-packages/airflow/example_dags/example_branch_operator_decorator.py
[2024-10-10T12:17:31.234+0700] {logging_mixin.py:149} INFO - [2024-10-10T12:17:31.233+0700] {dag.py:2726} INFO - Sync 1 DAGs
[2024-10-10T12:17:31.280+0700] {logging_mixin.py:149} INFO - [2024-10-10T12:17:31.280+0700] {dag.py:3486} INFO - Setting next_dagrun for example_branch_python_operator_decorator to 2024-10-09T00:00:00+00:00, run_after=2024-10-10T00:00:00+00:00
[2024-10-10T12:17:31.389+0700] {processor.py:179} INFO - Processing /home/hasyidan/venv/lib/python3.8/site-packages/airflow/example_dags/example_branch_operator_decorator.py took 0.242 seconds
[2024-10-10T12:18:50.520+0700] {processor.py:157} INFO - Started process (PID=5116) to work on /home/hasyidan/venv/lib/python3.8/site-packages/airflow/example_dags/example_branch_operator_decorator.py
[2024-10-10T12:18:50.554+0700] {processor.py:826} INFO - Processing file /home/hasyidan/venv/lib/python3.8/site-packages/airflow/example_dags/example_branch_operator_decorator.py for tasks to queue
[2024-10-10T12:18:50.556+0700] {logging_mixin.py:149} INFO - [2024-10-10T12:18:50.556+0700] {dagbag.py:541} INFO - Filling up the DagBag from /home/hasyidan/venv/lib/python3.8/site-packages/airflow/example_dags/example_branch_operator_decorator.py
[2024-10-10T12:18:50.580+0700] {processor.py:836} INFO - DAG(s) dict_keys(['example_branch_python_operator_decorator']) retrieved from /home/hasyidan/venv/lib/python3.8/site-packages/airflow/example_dags/example_branch_operator_decorator.py
[2024-10-10T12:18:50.621+0700] {logging_mixin.py:149} INFO - [2024-10-10T12:18:50.621+0700] {dag.py:2726} INFO - Sync 1 DAGs
[2024-10-10T12:18:50.668+0700] {logging_mixin.py:149} INFO - [2024-10-10T12:18:50.667+0700] {dag.py:3486} INFO - Setting next_dagrun for example_branch_python_operator_decorator to 2024-10-09T00:00:00+00:00, run_after=2024-10-10T00:00:00+00:00
[2024-10-10T12:18:50.810+0700] {processor.py:179} INFO - Processing /home/hasyidan/venv/lib/python3.8/site-packages/airflow/example_dags/example_branch_operator_decorator.py took 0.296 seconds
[2024-10-10T12:20:10.547+0700] {processor.py:157} INFO - Started process (PID=5202) to work on /home/hasyidan/venv/lib/python3.8/site-packages/airflow/example_dags/example_branch_operator_decorator.py
[2024-10-10T12:20:10.560+0700] {processor.py:826} INFO - Processing file /home/hasyidan/venv/lib/python3.8/site-packages/airflow/example_dags/example_branch_operator_decorator.py for tasks to queue
[2024-10-10T12:20:10.563+0700] {logging_mixin.py:149} INFO - [2024-10-10T12:20:10.562+0700] {dagbag.py:541} INFO - Filling up the DagBag from /home/hasyidan/venv/lib/python3.8/site-packages/airflow/example_dags/example_branch_operator_decorator.py
[2024-10-10T12:20:10.585+0700] {processor.py:836} INFO - DAG(s) dict_keys(['example_branch_python_operator_decorator']) retrieved from /home/hasyidan/venv/lib/python3.8/site-packages/airflow/example_dags/example_branch_operator_decorator.py
[2024-10-10T12:20:10.630+0700] {logging_mixin.py:149} INFO - [2024-10-10T12:20:10.629+0700] {dag.py:2726} INFO - Sync 1 DAGs
[2024-10-10T12:20:10.680+0700] {logging_mixin.py:149} INFO - [2024-10-10T12:20:10.679+0700] {dag.py:3486} INFO - Setting next_dagrun for example_branch_python_operator_decorator to 2024-10-09T00:00:00+00:00, run_after=2024-10-10T00:00:00+00:00
[2024-10-10T12:20:10.808+0700] {processor.py:179} INFO - Processing /home/hasyidan/venv/lib/python3.8/site-packages/airflow/example_dags/example_branch_operator_decorator.py took 0.266 seconds
[2024-10-10T13:24:42.491+0700] {processor.py:157} INFO - Started process (PID=2523) to work on /home/hasyidan/venv/lib/python3.8/site-packages/airflow/example_dags/example_branch_operator_decorator.py
[2024-10-10T13:24:42.673+0700] {processor.py:826} INFO - Processing file /home/hasyidan/venv/lib/python3.8/site-packages/airflow/example_dags/example_branch_operator_decorator.py for tasks to queue
[2024-10-10T13:24:42.675+0700] {logging_mixin.py:149} INFO - [2024-10-10T13:24:42.675+0700] {dagbag.py:541} INFO - Filling up the DagBag from /home/hasyidan/venv/lib/python3.8/site-packages/airflow/example_dags/example_branch_operator_decorator.py
[2024-10-10T13:24:42.793+0700] {processor.py:836} INFO - DAG(s) dict_keys(['example_branch_python_operator_decorator']) retrieved from /home/hasyidan/venv/lib/python3.8/site-packages/airflow/example_dags/example_branch_operator_decorator.py
[2024-10-10T13:24:43.549+0700] {logging_mixin.py:149} INFO - [2024-10-10T13:24:43.549+0700] {dag.py:2726} INFO - Sync 1 DAGs
[2024-10-10T13:24:43.606+0700] {logging_mixin.py:149} INFO - [2024-10-10T13:24:43.606+0700] {dag.py:3486} INFO - Setting next_dagrun for example_branch_python_operator_decorator to 2024-10-09T00:00:00+00:00, run_after=2024-10-10T00:00:00+00:00
[2024-10-10T13:24:43.862+0700] {processor.py:179} INFO - Processing /home/hasyidan/venv/lib/python3.8/site-packages/airflow/example_dags/example_branch_operator_decorator.py took 1.378 seconds
