[2024-10-10T11:43:27.475+0700] {processor.py:157} INFO - Started process (PID=2769) to work on /home/hasyidan/venv/lib/python3.8/site-packages/airflow/example_dags/example_latest_only_with_trigger.py
[2024-10-10T11:43:27.476+0700] {processor.py:826} INFO - Processing file /home/hasyidan/venv/lib/python3.8/site-packages/airflow/example_dags/example_latest_only_with_trigger.py for tasks to queue
[2024-10-10T11:43:27.478+0700] {logging_mixin.py:149} INFO - [2024-10-10T11:43:27.477+0700] {dagbag.py:541} INFO - Filling up the DagBag from /home/hasyidan/venv/lib/python3.8/site-packages/airflow/example_dags/example_latest_only_with_trigger.py
[2024-10-10T11:43:27.508+0700] {processor.py:836} INFO - DAG(s) dict_keys(['latest_only_with_trigger']) retrieved from /home/hasyidan/venv/lib/python3.8/site-packages/airflow/example_dags/example_latest_only_with_trigger.py
[2024-10-10T11:43:27.579+0700] {logging_mixin.py:149} INFO - [2024-10-10T11:43:27.579+0700] {dag.py:2726} INFO - Sync 1 DAGs
[2024-10-10T11:43:27.623+0700] {logging_mixin.py:149} INFO - [2024-10-10T11:43:27.622+0700] {dag.py:3486} INFO - Setting next_dagrun for latest_only_with_trigger to 2024-10-10T00:43:27.622363+00:00, run_after=2024-10-10T04:43:27.622363+00:00
[2024-10-10T11:43:27.852+0700] {processor.py:179} INFO - Processing /home/hasyidan/venv/lib/python3.8/site-packages/airflow/example_dags/example_latest_only_with_trigger.py took 0.384 seconds
[2024-10-10T11:48:38.535+0700] {processor.py:157} INFO - Started process (PID=2909) to work on /home/hasyidan/venv/lib/python3.8/site-packages/airflow/example_dags/example_latest_only_with_trigger.py
[2024-10-10T11:48:38.558+0700] {processor.py:826} INFO - Processing file /home/hasyidan/venv/lib/python3.8/site-packages/airflow/example_dags/example_latest_only_with_trigger.py for tasks to queue
[2024-10-10T11:48:38.560+0700] {logging_mixin.py:149} INFO - [2024-10-10T11:48:38.560+0700] {dagbag.py:541} INFO - Filling up the DagBag from /home/hasyidan/venv/lib/python3.8/site-packages/airflow/example_dags/example_latest_only_with_trigger.py
[2024-10-10T11:48:38.645+0700] {processor.py:836} INFO - DAG(s) dict_keys(['latest_only_with_trigger']) retrieved from /home/hasyidan/venv/lib/python3.8/site-packages/airflow/example_dags/example_latest_only_with_trigger.py
[2024-10-10T11:48:38.683+0700] {logging_mixin.py:149} INFO - [2024-10-10T11:48:38.682+0700] {dag.py:2726} INFO - Sync 1 DAGs
[2024-10-10T11:48:38.725+0700] {logging_mixin.py:149} INFO - [2024-10-10T11:48:38.724+0700] {dag.py:3486} INFO - Setting next_dagrun for latest_only_with_trigger to 2024-10-10T00:48:38.724294+00:00, run_after=2024-10-10T04:48:38.724294+00:00
[2024-10-10T11:48:38.948+0700] {processor.py:179} INFO - Processing /home/hasyidan/venv/lib/python3.8/site-packages/airflow/example_dags/example_latest_only_with_trigger.py took 0.420 seconds
[2024-10-10T11:51:25.968+0700] {processor.py:157} INFO - Started process (PID=3097) to work on /home/hasyidan/venv/lib/python3.8/site-packages/airflow/example_dags/example_latest_only_with_trigger.py
[2024-10-10T11:51:26.033+0700] {processor.py:826} INFO - Processing file /home/hasyidan/venv/lib/python3.8/site-packages/airflow/example_dags/example_latest_only_with_trigger.py for tasks to queue
[2024-10-10T11:51:26.036+0700] {logging_mixin.py:149} INFO - [2024-10-10T11:51:26.035+0700] {dagbag.py:541} INFO - Filling up the DagBag from /home/hasyidan/venv/lib/python3.8/site-packages/airflow/example_dags/example_latest_only_with_trigger.py
[2024-10-10T11:51:26.134+0700] {processor.py:836} INFO - DAG(s) dict_keys(['latest_only_with_trigger']) retrieved from /home/hasyidan/venv/lib/python3.8/site-packages/airflow/example_dags/example_latest_only_with_trigger.py
[2024-10-10T11:51:26.603+0700] {logging_mixin.py:149} INFO - [2024-10-10T11:51:26.603+0700] {dag.py:2726} INFO - Sync 1 DAGs
[2024-10-10T11:51:26.654+0700] {logging_mixin.py:149} INFO - [2024-10-10T11:51:26.654+0700] {dag.py:3486} INFO - Setting next_dagrun for latest_only_with_trigger to 2024-10-10T00:51:26.653624+00:00, run_after=2024-10-10T04:51:26.653624+00:00
[2024-10-10T11:51:28.237+0700] {processor.py:179} INFO - Processing /home/hasyidan/venv/lib/python3.8/site-packages/airflow/example_dags/example_latest_only_with_trigger.py took 2.275 seconds
[2024-10-10T11:53:24.790+0700] {processor.py:157} INFO - Started process (PID=3344) to work on /home/hasyidan/venv/lib/python3.8/site-packages/airflow/example_dags/example_latest_only_with_trigger.py
[2024-10-10T11:53:24.812+0700] {processor.py:826} INFO - Processing file /home/hasyidan/venv/lib/python3.8/site-packages/airflow/example_dags/example_latest_only_with_trigger.py for tasks to queue
[2024-10-10T11:53:24.815+0700] {logging_mixin.py:149} INFO - [2024-10-10T11:53:24.814+0700] {dagbag.py:541} INFO - Filling up the DagBag from /home/hasyidan/venv/lib/python3.8/site-packages/airflow/example_dags/example_latest_only_with_trigger.py
[2024-10-10T11:53:24.831+0700] {processor.py:836} INFO - DAG(s) dict_keys(['latest_only_with_trigger']) retrieved from /home/hasyidan/venv/lib/python3.8/site-packages/airflow/example_dags/example_latest_only_with_trigger.py
[2024-10-10T11:53:24.885+0700] {logging_mixin.py:149} INFO - [2024-10-10T11:53:24.885+0700] {dag.py:2726} INFO - Sync 1 DAGs
[2024-10-10T11:53:24.935+0700] {logging_mixin.py:149} INFO - [2024-10-10T11:53:24.934+0700] {dag.py:3486} INFO - Setting next_dagrun for latest_only_with_trigger to 2024-10-10T00:53:24.934449+00:00, run_after=2024-10-10T04:53:24.934449+00:00
[2024-10-10T11:53:25.104+0700] {processor.py:179} INFO - Processing /home/hasyidan/venv/lib/python3.8/site-packages/airflow/example_dags/example_latest_only_with_trigger.py took 0.321 seconds
[2024-10-10T11:54:22.463+0700] {processor.py:157} INFO - Started process (PID=3405) to work on /home/hasyidan/venv/lib/python3.8/site-packages/airflow/example_dags/example_latest_only_with_trigger.py
[2024-10-10T11:54:22.475+0700] {processor.py:826} INFO - Processing file /home/hasyidan/venv/lib/python3.8/site-packages/airflow/example_dags/example_latest_only_with_trigger.py for tasks to queue
[2024-10-10T11:54:22.477+0700] {logging_mixin.py:149} INFO - [2024-10-10T11:54:22.476+0700] {dagbag.py:541} INFO - Filling up the DagBag from /home/hasyidan/venv/lib/python3.8/site-packages/airflow/example_dags/example_latest_only_with_trigger.py
[2024-10-10T11:54:22.492+0700] {processor.py:836} INFO - DAG(s) dict_keys(['latest_only_with_trigger']) retrieved from /home/hasyidan/venv/lib/python3.8/site-packages/airflow/example_dags/example_latest_only_with_trigger.py
[2024-10-10T11:54:22.530+0700] {logging_mixin.py:149} INFO - [2024-10-10T11:54:22.529+0700] {dag.py:2726} INFO - Sync 1 DAGs
[2024-10-10T11:54:22.573+0700] {logging_mixin.py:149} INFO - [2024-10-10T11:54:22.572+0700] {dag.py:3486} INFO - Setting next_dagrun for latest_only_with_trigger to 2024-10-10T00:54:22.572060+00:00, run_after=2024-10-10T04:54:22.572060+00:00
[2024-10-10T11:54:22.758+0700] {processor.py:179} INFO - Processing /home/hasyidan/venv/lib/python3.8/site-packages/airflow/example_dags/example_latest_only_with_trigger.py took 0.302 seconds
[2024-10-10T11:55:27.073+0700] {processor.py:157} INFO - Started process (PID=3484) to work on /home/hasyidan/venv/lib/python3.8/site-packages/airflow/example_dags/example_latest_only_with_trigger.py
[2024-10-10T11:55:27.104+0700] {processor.py:826} INFO - Processing file /home/hasyidan/venv/lib/python3.8/site-packages/airflow/example_dags/example_latest_only_with_trigger.py for tasks to queue
[2024-10-10T11:55:27.106+0700] {logging_mixin.py:149} INFO - [2024-10-10T11:55:27.105+0700] {dagbag.py:541} INFO - Filling up the DagBag from /home/hasyidan/venv/lib/python3.8/site-packages/airflow/example_dags/example_latest_only_with_trigger.py
[2024-10-10T11:55:27.121+0700] {processor.py:836} INFO - DAG(s) dict_keys(['latest_only_with_trigger']) retrieved from /home/hasyidan/venv/lib/python3.8/site-packages/airflow/example_dags/example_latest_only_with_trigger.py
[2024-10-10T11:55:27.163+0700] {logging_mixin.py:149} INFO - [2024-10-10T11:55:27.163+0700] {dag.py:2726} INFO - Sync 1 DAGs
[2024-10-10T11:55:27.217+0700] {logging_mixin.py:149} INFO - [2024-10-10T11:55:27.217+0700] {dag.py:3486} INFO - Setting next_dagrun for latest_only_with_trigger to 2024-10-10T00:55:27.216899+00:00, run_after=2024-10-10T04:55:27.216899+00:00
[2024-10-10T11:55:27.507+0700] {processor.py:179} INFO - Processing /home/hasyidan/venv/lib/python3.8/site-packages/airflow/example_dags/example_latest_only_with_trigger.py took 0.441 seconds
[2024-10-10T11:56:27.616+0700] {processor.py:157} INFO - Started process (PID=3550) to work on /home/hasyidan/venv/lib/python3.8/site-packages/airflow/example_dags/example_latest_only_with_trigger.py
[2024-10-10T11:56:27.670+0700] {processor.py:826} INFO - Processing file /home/hasyidan/venv/lib/python3.8/site-packages/airflow/example_dags/example_latest_only_with_trigger.py for tasks to queue
[2024-10-10T11:56:27.672+0700] {logging_mixin.py:149} INFO - [2024-10-10T11:56:27.672+0700] {dagbag.py:541} INFO - Filling up the DagBag from /home/hasyidan/venv/lib/python3.8/site-packages/airflow/example_dags/example_latest_only_with_trigger.py
[2024-10-10T11:56:27.686+0700] {processor.py:836} INFO - DAG(s) dict_keys(['latest_only_with_trigger']) retrieved from /home/hasyidan/venv/lib/python3.8/site-packages/airflow/example_dags/example_latest_only_with_trigger.py
[2024-10-10T11:56:27.724+0700] {logging_mixin.py:149} INFO - [2024-10-10T11:56:27.724+0700] {dag.py:2726} INFO - Sync 1 DAGs
[2024-10-10T11:56:27.766+0700] {logging_mixin.py:149} INFO - [2024-10-10T11:56:27.766+0700] {dag.py:3486} INFO - Setting next_dagrun for latest_only_with_trigger to 2024-10-10T00:56:27.765865+00:00, run_after=2024-10-10T04:56:27.765865+00:00
[2024-10-10T11:56:27.903+0700] {processor.py:179} INFO - Processing /home/hasyidan/venv/lib/python3.8/site-packages/airflow/example_dags/example_latest_only_with_trigger.py took 0.293 seconds
[2024-10-10T11:57:25.622+0700] {processor.py:157} INFO - Started process (PID=3615) to work on /home/hasyidan/venv/lib/python3.8/site-packages/airflow/example_dags/example_latest_only_with_trigger.py
[2024-10-10T11:57:25.629+0700] {processor.py:826} INFO - Processing file /home/hasyidan/venv/lib/python3.8/site-packages/airflow/example_dags/example_latest_only_with_trigger.py for tasks to queue
[2024-10-10T11:57:25.631+0700] {logging_mixin.py:149} INFO - [2024-10-10T11:57:25.631+0700] {dagbag.py:541} INFO - Filling up the DagBag from /home/hasyidan/venv/lib/python3.8/site-packages/airflow/example_dags/example_latest_only_with_trigger.py
[2024-10-10T11:57:25.645+0700] {processor.py:836} INFO - DAG(s) dict_keys(['latest_only_with_trigger']) retrieved from /home/hasyidan/venv/lib/python3.8/site-packages/airflow/example_dags/example_latest_only_with_trigger.py
[2024-10-10T11:57:25.684+0700] {logging_mixin.py:149} INFO - [2024-10-10T11:57:25.684+0700] {dag.py:2726} INFO - Sync 1 DAGs
[2024-10-10T11:57:25.726+0700] {logging_mixin.py:149} INFO - [2024-10-10T11:57:25.726+0700] {dag.py:3486} INFO - Setting next_dagrun for latest_only_with_trigger to 2024-10-10T00:57:25.725978+00:00, run_after=2024-10-10T04:57:25.725978+00:00
[2024-10-10T11:57:25.872+0700] {processor.py:179} INFO - Processing /home/hasyidan/venv/lib/python3.8/site-packages/airflow/example_dags/example_latest_only_with_trigger.py took 0.255 seconds
[2024-10-10T11:58:26.003+0700] {processor.py:157} INFO - Started process (PID=3687) to work on /home/hasyidan/venv/lib/python3.8/site-packages/airflow/example_dags/example_latest_only_with_trigger.py
[2024-10-10T11:58:26.026+0700] {processor.py:826} INFO - Processing file /home/hasyidan/venv/lib/python3.8/site-packages/airflow/example_dags/example_latest_only_with_trigger.py for tasks to queue
[2024-10-10T11:58:26.028+0700] {logging_mixin.py:149} INFO - [2024-10-10T11:58:26.028+0700] {dagbag.py:541} INFO - Filling up the DagBag from /home/hasyidan/venv/lib/python3.8/site-packages/airflow/example_dags/example_latest_only_with_trigger.py
[2024-10-10T11:58:26.041+0700] {processor.py:836} INFO - DAG(s) dict_keys(['latest_only_with_trigger']) retrieved from /home/hasyidan/venv/lib/python3.8/site-packages/airflow/example_dags/example_latest_only_with_trigger.py
[2024-10-10T11:58:26.079+0700] {logging_mixin.py:149} INFO - [2024-10-10T11:58:26.078+0700] {dag.py:2726} INFO - Sync 1 DAGs
[2024-10-10T11:58:26.125+0700] {logging_mixin.py:149} INFO - [2024-10-10T11:58:26.125+0700] {dag.py:3486} INFO - Setting next_dagrun for latest_only_with_trigger to 2024-10-10T00:58:26.124872+00:00, run_after=2024-10-10T04:58:26.124872+00:00
[2024-10-10T11:58:26.548+0700] {processor.py:179} INFO - Processing /home/hasyidan/venv/lib/python3.8/site-packages/airflow/example_dags/example_latest_only_with_trigger.py took 0.551 seconds
[2024-10-10T11:59:36.238+0700] {processor.py:157} INFO - Started process (PID=3764) to work on /home/hasyidan/venv/lib/python3.8/site-packages/airflow/example_dags/example_latest_only_with_trigger.py
[2024-10-10T11:59:36.244+0700] {processor.py:826} INFO - Processing file /home/hasyidan/venv/lib/python3.8/site-packages/airflow/example_dags/example_latest_only_with_trigger.py for tasks to queue
[2024-10-10T11:59:36.245+0700] {logging_mixin.py:149} INFO - [2024-10-10T11:59:36.245+0700] {dagbag.py:541} INFO - Filling up the DagBag from /home/hasyidan/venv/lib/python3.8/site-packages/airflow/example_dags/example_latest_only_with_trigger.py
[2024-10-10T11:59:36.258+0700] {processor.py:836} INFO - DAG(s) dict_keys(['latest_only_with_trigger']) retrieved from /home/hasyidan/venv/lib/python3.8/site-packages/airflow/example_dags/example_latest_only_with_trigger.py
[2024-10-10T11:59:36.296+0700] {logging_mixin.py:149} INFO - [2024-10-10T11:59:36.296+0700] {dag.py:2726} INFO - Sync 1 DAGs
[2024-10-10T11:59:36.342+0700] {logging_mixin.py:149} INFO - [2024-10-10T11:59:36.341+0700] {dag.py:3486} INFO - Setting next_dagrun for latest_only_with_trigger to 2024-10-10T00:59:36.341359+00:00, run_after=2024-10-10T04:59:36.341359+00:00
[2024-10-10T11:59:36.470+0700] {processor.py:179} INFO - Processing /home/hasyidan/venv/lib/python3.8/site-packages/airflow/example_dags/example_latest_only_with_trigger.py took 0.239 seconds
[2024-10-10T12:00:34.007+0700] {processor.py:157} INFO - Started process (PID=3821) to work on /home/hasyidan/venv/lib/python3.8/site-packages/airflow/example_dags/example_latest_only_with_trigger.py
[2024-10-10T12:00:34.023+0700] {processor.py:826} INFO - Processing file /home/hasyidan/venv/lib/python3.8/site-packages/airflow/example_dags/example_latest_only_with_trigger.py for tasks to queue
[2024-10-10T12:00:34.026+0700] {logging_mixin.py:149} INFO - [2024-10-10T12:00:34.026+0700] {dagbag.py:541} INFO - Filling up the DagBag from /home/hasyidan/venv/lib/python3.8/site-packages/airflow/example_dags/example_latest_only_with_trigger.py
[2024-10-10T12:00:34.041+0700] {processor.py:836} INFO - DAG(s) dict_keys(['latest_only_with_trigger']) retrieved from /home/hasyidan/venv/lib/python3.8/site-packages/airflow/example_dags/example_latest_only_with_trigger.py
[2024-10-10T12:00:34.080+0700] {logging_mixin.py:149} INFO - [2024-10-10T12:00:34.080+0700] {dag.py:2726} INFO - Sync 1 DAGs
[2024-10-10T12:00:34.122+0700] {logging_mixin.py:149} INFO - [2024-10-10T12:00:34.122+0700] {dag.py:3486} INFO - Setting next_dagrun for latest_only_with_trigger to 2024-10-10T01:00:34.121734+00:00, run_after=2024-10-10T05:00:34.121734+00:00
[2024-10-10T12:00:34.238+0700] {processor.py:179} INFO - Processing /home/hasyidan/venv/lib/python3.8/site-packages/airflow/example_dags/example_latest_only_with_trigger.py took 0.238 seconds
[2024-10-10T12:01:29.460+0700] {processor.py:157} INFO - Started process (PID=3881) to work on /home/hasyidan/venv/lib/python3.8/site-packages/airflow/example_dags/example_latest_only_with_trigger.py
[2024-10-10T12:01:29.470+0700] {processor.py:826} INFO - Processing file /home/hasyidan/venv/lib/python3.8/site-packages/airflow/example_dags/example_latest_only_with_trigger.py for tasks to queue
[2024-10-10T12:01:29.472+0700] {logging_mixin.py:149} INFO - [2024-10-10T12:01:29.472+0700] {dagbag.py:541} INFO - Filling up the DagBag from /home/hasyidan/venv/lib/python3.8/site-packages/airflow/example_dags/example_latest_only_with_trigger.py
[2024-10-10T12:01:29.487+0700] {processor.py:836} INFO - DAG(s) dict_keys(['latest_only_with_trigger']) retrieved from /home/hasyidan/venv/lib/python3.8/site-packages/airflow/example_dags/example_latest_only_with_trigger.py
[2024-10-10T12:01:29.526+0700] {logging_mixin.py:149} INFO - [2024-10-10T12:01:29.526+0700] {dag.py:2726} INFO - Sync 1 DAGs
[2024-10-10T12:01:29.568+0700] {logging_mixin.py:149} INFO - [2024-10-10T12:01:29.568+0700] {dag.py:3486} INFO - Setting next_dagrun for latest_only_with_trigger to 2024-10-10T01:01:29.567979+00:00, run_after=2024-10-10T05:01:29.567979+00:00
[2024-10-10T12:01:29.684+0700] {processor.py:179} INFO - Processing /home/hasyidan/venv/lib/python3.8/site-packages/airflow/example_dags/example_latest_only_with_trigger.py took 0.231 seconds
[2024-10-10T12:02:45.253+0700] {processor.py:157} INFO - Started process (PID=3968) to work on /home/hasyidan/venv/lib/python3.8/site-packages/airflow/example_dags/example_latest_only_with_trigger.py
[2024-10-10T12:02:45.290+0700] {processor.py:826} INFO - Processing file /home/hasyidan/venv/lib/python3.8/site-packages/airflow/example_dags/example_latest_only_with_trigger.py for tasks to queue
[2024-10-10T12:02:45.293+0700] {logging_mixin.py:149} INFO - [2024-10-10T12:02:45.292+0700] {dagbag.py:541} INFO - Filling up the DagBag from /home/hasyidan/venv/lib/python3.8/site-packages/airflow/example_dags/example_latest_only_with_trigger.py
[2024-10-10T12:02:45.307+0700] {processor.py:836} INFO - DAG(s) dict_keys(['latest_only_with_trigger']) retrieved from /home/hasyidan/venv/lib/python3.8/site-packages/airflow/example_dags/example_latest_only_with_trigger.py
[2024-10-10T12:02:45.404+0700] {logging_mixin.py:149} INFO - [2024-10-10T12:02:45.403+0700] {dag.py:2726} INFO - Sync 1 DAGs
[2024-10-10T12:02:45.446+0700] {logging_mixin.py:149} INFO - [2024-10-10T12:02:45.445+0700] {dag.py:3486} INFO - Setting next_dagrun for latest_only_with_trigger to 2024-10-10T01:02:45.445521+00:00, run_after=2024-10-10T05:02:45.445521+00:00
[2024-10-10T12:02:45.556+0700] {processor.py:179} INFO - Processing /home/hasyidan/venv/lib/python3.8/site-packages/airflow/example_dags/example_latest_only_with_trigger.py took 0.308 seconds
[2024-10-10T12:03:38.268+0700] {processor.py:157} INFO - Started process (PID=4026) to work on /home/hasyidan/venv/lib/python3.8/site-packages/airflow/example_dags/example_latest_only_with_trigger.py
[2024-10-10T12:03:38.270+0700] {processor.py:826} INFO - Processing file /home/hasyidan/venv/lib/python3.8/site-packages/airflow/example_dags/example_latest_only_with_trigger.py for tasks to queue
[2024-10-10T12:03:38.271+0700] {logging_mixin.py:149} INFO - [2024-10-10T12:03:38.271+0700] {dagbag.py:541} INFO - Filling up the DagBag from /home/hasyidan/venv/lib/python3.8/site-packages/airflow/example_dags/example_latest_only_with_trigger.py
[2024-10-10T12:03:38.282+0700] {processor.py:836} INFO - DAG(s) dict_keys(['latest_only_with_trigger']) retrieved from /home/hasyidan/venv/lib/python3.8/site-packages/airflow/example_dags/example_latest_only_with_trigger.py
[2024-10-10T12:03:38.321+0700] {logging_mixin.py:149} INFO - [2024-10-10T12:03:38.321+0700] {dag.py:2726} INFO - Sync 1 DAGs
[2024-10-10T12:03:38.365+0700] {logging_mixin.py:149} INFO - [2024-10-10T12:03:38.365+0700] {dag.py:3486} INFO - Setting next_dagrun for latest_only_with_trigger to 2024-10-10T01:03:38.364585+00:00, run_after=2024-10-10T05:03:38.364585+00:00
[2024-10-10T12:03:38.479+0700] {processor.py:179} INFO - Processing /home/hasyidan/venv/lib/python3.8/site-packages/airflow/example_dags/example_latest_only_with_trigger.py took 0.218 seconds
[2024-10-10T12:04:30.464+0700] {processor.py:157} INFO - Started process (PID=4086) to work on /home/hasyidan/venv/lib/python3.8/site-packages/airflow/example_dags/example_latest_only_with_trigger.py
[2024-10-10T12:04:30.489+0700] {processor.py:826} INFO - Processing file /home/hasyidan/venv/lib/python3.8/site-packages/airflow/example_dags/example_latest_only_with_trigger.py for tasks to queue
[2024-10-10T12:04:30.492+0700] {logging_mixin.py:149} INFO - [2024-10-10T12:04:30.492+0700] {dagbag.py:541} INFO - Filling up the DagBag from /home/hasyidan/venv/lib/python3.8/site-packages/airflow/example_dags/example_latest_only_with_trigger.py
[2024-10-10T12:04:30.506+0700] {processor.py:836} INFO - DAG(s) dict_keys(['latest_only_with_trigger']) retrieved from /home/hasyidan/venv/lib/python3.8/site-packages/airflow/example_dags/example_latest_only_with_trigger.py
[2024-10-10T12:04:30.544+0700] {logging_mixin.py:149} INFO - [2024-10-10T12:04:30.544+0700] {dag.py:2726} INFO - Sync 1 DAGs
[2024-10-10T12:04:30.593+0700] {logging_mixin.py:149} INFO - [2024-10-10T12:04:30.592+0700] {dag.py:3486} INFO - Setting next_dagrun for latest_only_with_trigger to 2024-10-10T01:04:30.592230+00:00, run_after=2024-10-10T05:04:30.592230+00:00
[2024-10-10T12:04:30.840+0700] {processor.py:179} INFO - Processing /home/hasyidan/venv/lib/python3.8/site-packages/airflow/example_dags/example_latest_only_with_trigger.py took 0.383 seconds
[2024-10-10T12:05:24.113+0700] {processor.py:157} INFO - Started process (PID=4194) to work on /home/hasyidan/venv/lib/python3.8/site-packages/airflow/example_dags/example_latest_only_with_trigger.py
[2024-10-10T12:05:24.117+0700] {processor.py:826} INFO - Processing file /home/hasyidan/venv/lib/python3.8/site-packages/airflow/example_dags/example_latest_only_with_trigger.py for tasks to queue
[2024-10-10T12:05:24.119+0700] {logging_mixin.py:149} INFO - [2024-10-10T12:05:24.118+0700] {dagbag.py:541} INFO - Filling up the DagBag from /home/hasyidan/venv/lib/python3.8/site-packages/airflow/example_dags/example_latest_only_with_trigger.py
[2024-10-10T12:05:24.130+0700] {processor.py:836} INFO - DAG(s) dict_keys(['latest_only_with_trigger']) retrieved from /home/hasyidan/venv/lib/python3.8/site-packages/airflow/example_dags/example_latest_only_with_trigger.py
[2024-10-10T12:05:24.168+0700] {logging_mixin.py:149} INFO - [2024-10-10T12:05:24.168+0700] {dag.py:2726} INFO - Sync 1 DAGs
[2024-10-10T12:05:24.213+0700] {logging_mixin.py:149} INFO - [2024-10-10T12:05:24.213+0700] {dag.py:3486} INFO - Setting next_dagrun for latest_only_with_trigger to 2024-10-10T01:05:24.213022+00:00, run_after=2024-10-10T05:05:24.213022+00:00
[2024-10-10T12:05:24.333+0700] {processor.py:179} INFO - Processing /home/hasyidan/venv/lib/python3.8/site-packages/airflow/example_dags/example_latest_only_with_trigger.py took 0.227 seconds
[2024-10-10T12:06:19.201+0700] {processor.py:157} INFO - Started process (PID=4255) to work on /home/hasyidan/venv/lib/python3.8/site-packages/airflow/example_dags/example_latest_only_with_trigger.py
[2024-10-10T12:06:19.206+0700] {processor.py:826} INFO - Processing file /home/hasyidan/venv/lib/python3.8/site-packages/airflow/example_dags/example_latest_only_with_trigger.py for tasks to queue
[2024-10-10T12:06:19.208+0700] {logging_mixin.py:149} INFO - [2024-10-10T12:06:19.208+0700] {dagbag.py:541} INFO - Filling up the DagBag from /home/hasyidan/venv/lib/python3.8/site-packages/airflow/example_dags/example_latest_only_with_trigger.py
[2024-10-10T12:06:19.221+0700] {processor.py:836} INFO - DAG(s) dict_keys(['latest_only_with_trigger']) retrieved from /home/hasyidan/venv/lib/python3.8/site-packages/airflow/example_dags/example_latest_only_with_trigger.py
[2024-10-10T12:06:19.261+0700] {logging_mixin.py:149} INFO - [2024-10-10T12:06:19.260+0700] {dag.py:2726} INFO - Sync 1 DAGs
[2024-10-10T12:06:19.303+0700] {logging_mixin.py:149} INFO - [2024-10-10T12:06:19.303+0700] {dag.py:3486} INFO - Setting next_dagrun for latest_only_with_trigger to 2024-10-10T01:06:19.302785+00:00, run_after=2024-10-10T05:06:19.302785+00:00
[2024-10-10T12:06:19.479+0700] {processor.py:179} INFO - Processing /home/hasyidan/venv/lib/python3.8/site-packages/airflow/example_dags/example_latest_only_with_trigger.py took 0.284 seconds
[2024-10-10T12:07:14.648+0700] {processor.py:157} INFO - Started process (PID=4314) to work on /home/hasyidan/venv/lib/python3.8/site-packages/airflow/example_dags/example_latest_only_with_trigger.py
[2024-10-10T12:07:14.650+0700] {processor.py:826} INFO - Processing file /home/hasyidan/venv/lib/python3.8/site-packages/airflow/example_dags/example_latest_only_with_trigger.py for tasks to queue
[2024-10-10T12:07:14.651+0700] {logging_mixin.py:149} INFO - [2024-10-10T12:07:14.651+0700] {dagbag.py:541} INFO - Filling up the DagBag from /home/hasyidan/venv/lib/python3.8/site-packages/airflow/example_dags/example_latest_only_with_trigger.py
[2024-10-10T12:07:14.662+0700] {processor.py:836} INFO - DAG(s) dict_keys(['latest_only_with_trigger']) retrieved from /home/hasyidan/venv/lib/python3.8/site-packages/airflow/example_dags/example_latest_only_with_trigger.py
[2024-10-10T12:07:14.700+0700] {logging_mixin.py:149} INFO - [2024-10-10T12:07:14.699+0700] {dag.py:2726} INFO - Sync 1 DAGs
[2024-10-10T12:07:14.744+0700] {logging_mixin.py:149} INFO - [2024-10-10T12:07:14.744+0700] {dag.py:3486} INFO - Setting next_dagrun for latest_only_with_trigger to 2024-10-10T01:07:14.743768+00:00, run_after=2024-10-10T05:07:14.743768+00:00
[2024-10-10T12:07:14.903+0700] {processor.py:179} INFO - Processing /home/hasyidan/venv/lib/python3.8/site-packages/airflow/example_dags/example_latest_only_with_trigger.py took 0.261 seconds
[2024-10-10T12:08:13.096+0700] {processor.py:157} INFO - Started process (PID=4379) to work on /home/hasyidan/venv/lib/python3.8/site-packages/airflow/example_dags/example_latest_only_with_trigger.py
[2024-10-10T12:08:13.124+0700] {processor.py:826} INFO - Processing file /home/hasyidan/venv/lib/python3.8/site-packages/airflow/example_dags/example_latest_only_with_trigger.py for tasks to queue
[2024-10-10T12:08:13.127+0700] {logging_mixin.py:149} INFO - [2024-10-10T12:08:13.126+0700] {dagbag.py:541} INFO - Filling up the DagBag from /home/hasyidan/venv/lib/python3.8/site-packages/airflow/example_dags/example_latest_only_with_trigger.py
[2024-10-10T12:08:13.140+0700] {processor.py:836} INFO - DAG(s) dict_keys(['latest_only_with_trigger']) retrieved from /home/hasyidan/venv/lib/python3.8/site-packages/airflow/example_dags/example_latest_only_with_trigger.py
[2024-10-10T12:08:13.177+0700] {logging_mixin.py:149} INFO - [2024-10-10T12:08:13.177+0700] {dag.py:2726} INFO - Sync 1 DAGs
[2024-10-10T12:08:13.220+0700] {logging_mixin.py:149} INFO - [2024-10-10T12:08:13.220+0700] {dag.py:3486} INFO - Setting next_dagrun for latest_only_with_trigger to 2024-10-10T01:08:13.219724+00:00, run_after=2024-10-10T05:08:13.219724+00:00
[2024-10-10T12:08:13.369+0700] {processor.py:179} INFO - Processing /home/hasyidan/venv/lib/python3.8/site-packages/airflow/example_dags/example_latest_only_with_trigger.py took 0.281 seconds
[2024-10-10T12:09:09.440+0700] {processor.py:157} INFO - Started process (PID=4440) to work on /home/hasyidan/venv/lib/python3.8/site-packages/airflow/example_dags/example_latest_only_with_trigger.py
[2024-10-10T12:09:09.538+0700] {processor.py:826} INFO - Processing file /home/hasyidan/venv/lib/python3.8/site-packages/airflow/example_dags/example_latest_only_with_trigger.py for tasks to queue
[2024-10-10T12:09:09.541+0700] {logging_mixin.py:149} INFO - [2024-10-10T12:09:09.540+0700] {dagbag.py:541} INFO - Filling up the DagBag from /home/hasyidan/venv/lib/python3.8/site-packages/airflow/example_dags/example_latest_only_with_trigger.py
[2024-10-10T12:09:09.556+0700] {processor.py:836} INFO - DAG(s) dict_keys(['latest_only_with_trigger']) retrieved from /home/hasyidan/venv/lib/python3.8/site-packages/airflow/example_dags/example_latest_only_with_trigger.py
[2024-10-10T12:09:09.594+0700] {logging_mixin.py:149} INFO - [2024-10-10T12:09:09.594+0700] {dag.py:2726} INFO - Sync 1 DAGs
[2024-10-10T12:09:09.639+0700] {logging_mixin.py:149} INFO - [2024-10-10T12:09:09.638+0700] {dag.py:3486} INFO - Setting next_dagrun for latest_only_with_trigger to 2024-10-10T01:09:09.638517+00:00, run_after=2024-10-10T05:09:09.638517+00:00
[2024-10-10T12:09:09.782+0700] {processor.py:179} INFO - Processing /home/hasyidan/venv/lib/python3.8/site-packages/airflow/example_dags/example_latest_only_with_trigger.py took 0.350 seconds
[2024-10-10T12:10:03.539+0700] {processor.py:157} INFO - Started process (PID=4496) to work on /home/hasyidan/venv/lib/python3.8/site-packages/airflow/example_dags/example_latest_only_with_trigger.py
[2024-10-10T12:10:03.560+0700] {processor.py:826} INFO - Processing file /home/hasyidan/venv/lib/python3.8/site-packages/airflow/example_dags/example_latest_only_with_trigger.py for tasks to queue
[2024-10-10T12:10:03.563+0700] {logging_mixin.py:149} INFO - [2024-10-10T12:10:03.563+0700] {dagbag.py:541} INFO - Filling up the DagBag from /home/hasyidan/venv/lib/python3.8/site-packages/airflow/example_dags/example_latest_only_with_trigger.py
[2024-10-10T12:10:03.579+0700] {processor.py:836} INFO - DAG(s) dict_keys(['latest_only_with_trigger']) retrieved from /home/hasyidan/venv/lib/python3.8/site-packages/airflow/example_dags/example_latest_only_with_trigger.py
[2024-10-10T12:10:03.616+0700] {logging_mixin.py:149} INFO - [2024-10-10T12:10:03.616+0700] {dag.py:2726} INFO - Sync 1 DAGs
[2024-10-10T12:10:03.664+0700] {logging_mixin.py:149} INFO - [2024-10-10T12:10:03.663+0700] {dag.py:3486} INFO - Setting next_dagrun for latest_only_with_trigger to 2024-10-10T01:10:03.663417+00:00, run_after=2024-10-10T05:10:03.663417+00:00
[2024-10-10T12:10:03.819+0700] {processor.py:179} INFO - Processing /home/hasyidan/venv/lib/python3.8/site-packages/airflow/example_dags/example_latest_only_with_trigger.py took 0.284 seconds
[2024-10-10T12:11:18.207+0700] {processor.py:157} INFO - Started process (PID=4586) to work on /home/hasyidan/venv/lib/python3.8/site-packages/airflow/example_dags/example_latest_only_with_trigger.py
[2024-10-10T12:11:18.212+0700] {processor.py:826} INFO - Processing file /home/hasyidan/venv/lib/python3.8/site-packages/airflow/example_dags/example_latest_only_with_trigger.py for tasks to queue
[2024-10-10T12:11:18.214+0700] {logging_mixin.py:149} INFO - [2024-10-10T12:11:18.213+0700] {dagbag.py:541} INFO - Filling up the DagBag from /home/hasyidan/venv/lib/python3.8/site-packages/airflow/example_dags/example_latest_only_with_trigger.py
[2024-10-10T12:11:18.227+0700] {processor.py:836} INFO - DAG(s) dict_keys(['latest_only_with_trigger']) retrieved from /home/hasyidan/venv/lib/python3.8/site-packages/airflow/example_dags/example_latest_only_with_trigger.py
[2024-10-10T12:11:18.269+0700] {logging_mixin.py:149} INFO - [2024-10-10T12:11:18.269+0700] {dag.py:2726} INFO - Sync 1 DAGs
[2024-10-10T12:11:18.315+0700] {logging_mixin.py:149} INFO - [2024-10-10T12:11:18.315+0700] {dag.py:3486} INFO - Setting next_dagrun for latest_only_with_trigger to 2024-10-10T01:11:18.314821+00:00, run_after=2024-10-10T05:11:18.314821+00:00
[2024-10-10T12:11:18.428+0700] {processor.py:179} INFO - Processing /home/hasyidan/venv/lib/python3.8/site-packages/airflow/example_dags/example_latest_only_with_trigger.py took 0.227 seconds
[2024-10-10T12:12:11.557+0700] {processor.py:157} INFO - Started process (PID=4650) to work on /home/hasyidan/venv/lib/python3.8/site-packages/airflow/example_dags/example_latest_only_with_trigger.py
[2024-10-10T12:12:11.570+0700] {processor.py:826} INFO - Processing file /home/hasyidan/venv/lib/python3.8/site-packages/airflow/example_dags/example_latest_only_with_trigger.py for tasks to queue
[2024-10-10T12:12:11.572+0700] {logging_mixin.py:149} INFO - [2024-10-10T12:12:11.572+0700] {dagbag.py:541} INFO - Filling up the DagBag from /home/hasyidan/venv/lib/python3.8/site-packages/airflow/example_dags/example_latest_only_with_trigger.py
[2024-10-10T12:12:11.588+0700] {processor.py:836} INFO - DAG(s) dict_keys(['latest_only_with_trigger']) retrieved from /home/hasyidan/venv/lib/python3.8/site-packages/airflow/example_dags/example_latest_only_with_trigger.py
[2024-10-10T12:12:11.625+0700] {logging_mixin.py:149} INFO - [2024-10-10T12:12:11.625+0700] {dag.py:2726} INFO - Sync 1 DAGs
[2024-10-10T12:12:11.667+0700] {logging_mixin.py:149} INFO - [2024-10-10T12:12:11.666+0700] {dag.py:3486} INFO - Setting next_dagrun for latest_only_with_trigger to 2024-10-10T01:12:11.666312+00:00, run_after=2024-10-10T05:12:11.666312+00:00
[2024-10-10T12:12:11.831+0700] {processor.py:179} INFO - Processing /home/hasyidan/venv/lib/python3.8/site-packages/airflow/example_dags/example_latest_only_with_trigger.py took 0.281 seconds
[2024-10-10T12:13:06.076+0700] {processor.py:157} INFO - Started process (PID=4711) to work on /home/hasyidan/venv/lib/python3.8/site-packages/airflow/example_dags/example_latest_only_with_trigger.py
[2024-10-10T12:13:06.078+0700] {processor.py:826} INFO - Processing file /home/hasyidan/venv/lib/python3.8/site-packages/airflow/example_dags/example_latest_only_with_trigger.py for tasks to queue
[2024-10-10T12:13:06.079+0700] {logging_mixin.py:149} INFO - [2024-10-10T12:13:06.079+0700] {dagbag.py:541} INFO - Filling up the DagBag from /home/hasyidan/venv/lib/python3.8/site-packages/airflow/example_dags/example_latest_only_with_trigger.py
[2024-10-10T12:13:06.090+0700] {processor.py:836} INFO - DAG(s) dict_keys(['latest_only_with_trigger']) retrieved from /home/hasyidan/venv/lib/python3.8/site-packages/airflow/example_dags/example_latest_only_with_trigger.py
[2024-10-10T12:13:06.129+0700] {logging_mixin.py:149} INFO - [2024-10-10T12:13:06.128+0700] {dag.py:2726} INFO - Sync 1 DAGs
[2024-10-10T12:13:06.170+0700] {logging_mixin.py:149} INFO - [2024-10-10T12:13:06.170+0700] {dag.py:3486} INFO - Setting next_dagrun for latest_only_with_trigger to 2024-10-10T01:13:06.169905+00:00, run_after=2024-10-10T05:13:06.169905+00:00
[2024-10-10T12:13:06.326+0700] {processor.py:179} INFO - Processing /home/hasyidan/venv/lib/python3.8/site-packages/airflow/example_dags/example_latest_only_with_trigger.py took 0.257 seconds
[2024-10-10T12:14:18.506+0700] {processor.py:157} INFO - Started process (PID=4796) to work on /home/hasyidan/venv/lib/python3.8/site-packages/airflow/example_dags/example_latest_only_with_trigger.py
[2024-10-10T12:14:18.548+0700] {processor.py:826} INFO - Processing file /home/hasyidan/venv/lib/python3.8/site-packages/airflow/example_dags/example_latest_only_with_trigger.py for tasks to queue
[2024-10-10T12:14:18.550+0700] {logging_mixin.py:149} INFO - [2024-10-10T12:14:18.550+0700] {dagbag.py:541} INFO - Filling up the DagBag from /home/hasyidan/venv/lib/python3.8/site-packages/airflow/example_dags/example_latest_only_with_trigger.py
[2024-10-10T12:14:18.564+0700] {processor.py:836} INFO - DAG(s) dict_keys(['latest_only_with_trigger']) retrieved from /home/hasyidan/venv/lib/python3.8/site-packages/airflow/example_dags/example_latest_only_with_trigger.py
[2024-10-10T12:14:18.601+0700] {logging_mixin.py:149} INFO - [2024-10-10T12:14:18.601+0700] {dag.py:2726} INFO - Sync 1 DAGs
[2024-10-10T12:14:18.645+0700] {logging_mixin.py:149} INFO - [2024-10-10T12:14:18.645+0700] {dag.py:3486} INFO - Setting next_dagrun for latest_only_with_trigger to 2024-10-10T01:14:18.644607+00:00, run_after=2024-10-10T05:14:18.644607+00:00
[2024-10-10T12:14:18.771+0700] {processor.py:179} INFO - Processing /home/hasyidan/venv/lib/python3.8/site-packages/airflow/example_dags/example_latest_only_with_trigger.py took 0.273 seconds
[2024-10-10T12:15:10.240+0700] {processor.py:157} INFO - Started process (PID=4858) to work on /home/hasyidan/venv/lib/python3.8/site-packages/airflow/example_dags/example_latest_only_with_trigger.py
[2024-10-10T12:15:10.274+0700] {processor.py:826} INFO - Processing file /home/hasyidan/venv/lib/python3.8/site-packages/airflow/example_dags/example_latest_only_with_trigger.py for tasks to queue
[2024-10-10T12:15:10.277+0700] {logging_mixin.py:149} INFO - [2024-10-10T12:15:10.276+0700] {dagbag.py:541} INFO - Filling up the DagBag from /home/hasyidan/venv/lib/python3.8/site-packages/airflow/example_dags/example_latest_only_with_trigger.py
[2024-10-10T12:15:10.292+0700] {processor.py:836} INFO - DAG(s) dict_keys(['latest_only_with_trigger']) retrieved from /home/hasyidan/venv/lib/python3.8/site-packages/airflow/example_dags/example_latest_only_with_trigger.py
[2024-10-10T12:15:10.330+0700] {logging_mixin.py:149} INFO - [2024-10-10T12:15:10.329+0700] {dag.py:2726} INFO - Sync 1 DAGs
[2024-10-10T12:15:10.371+0700] {logging_mixin.py:149} INFO - [2024-10-10T12:15:10.371+0700] {dag.py:3486} INFO - Setting next_dagrun for latest_only_with_trigger to 2024-10-10T01:15:10.371134+00:00, run_after=2024-10-10T05:15:10.371134+00:00
[2024-10-10T12:15:10.497+0700] {processor.py:179} INFO - Processing /home/hasyidan/venv/lib/python3.8/site-packages/airflow/example_dags/example_latest_only_with_trigger.py took 0.263 seconds
[2024-10-10T12:16:02.715+0700] {processor.py:157} INFO - Started process (PID=4919) to work on /home/hasyidan/venv/lib/python3.8/site-packages/airflow/example_dags/example_latest_only_with_trigger.py
[2024-10-10T12:16:02.753+0700] {processor.py:826} INFO - Processing file /home/hasyidan/venv/lib/python3.8/site-packages/airflow/example_dags/example_latest_only_with_trigger.py for tasks to queue
[2024-10-10T12:16:02.756+0700] {logging_mixin.py:149} INFO - [2024-10-10T12:16:02.755+0700] {dagbag.py:541} INFO - Filling up the DagBag from /home/hasyidan/venv/lib/python3.8/site-packages/airflow/example_dags/example_latest_only_with_trigger.py
[2024-10-10T12:16:02.769+0700] {processor.py:836} INFO - DAG(s) dict_keys(['latest_only_with_trigger']) retrieved from /home/hasyidan/venv/lib/python3.8/site-packages/airflow/example_dags/example_latest_only_with_trigger.py
[2024-10-10T12:16:02.807+0700] {logging_mixin.py:149} INFO - [2024-10-10T12:16:02.806+0700] {dag.py:2726} INFO - Sync 1 DAGs
[2024-10-10T12:16:02.850+0700] {logging_mixin.py:149} INFO - [2024-10-10T12:16:02.850+0700] {dag.py:3486} INFO - Setting next_dagrun for latest_only_with_trigger to 2024-10-10T01:16:02.850111+00:00, run_after=2024-10-10T05:16:02.850111+00:00
[2024-10-10T12:16:02.979+0700] {processor.py:179} INFO - Processing /home/hasyidan/venv/lib/python3.8/site-packages/airflow/example_dags/example_latest_only_with_trigger.py took 0.269 seconds
[2024-10-10T12:16:57.976+0700] {processor.py:157} INFO - Started process (PID=4985) to work on /home/hasyidan/venv/lib/python3.8/site-packages/airflow/example_dags/example_latest_only_with_trigger.py
[2024-10-10T12:16:58.002+0700] {processor.py:826} INFO - Processing file /home/hasyidan/venv/lib/python3.8/site-packages/airflow/example_dags/example_latest_only_with_trigger.py for tasks to queue
[2024-10-10T12:16:58.004+0700] {logging_mixin.py:149} INFO - [2024-10-10T12:16:58.004+0700] {dagbag.py:541} INFO - Filling up the DagBag from /home/hasyidan/venv/lib/python3.8/site-packages/airflow/example_dags/example_latest_only_with_trigger.py
[2024-10-10T12:16:58.017+0700] {processor.py:836} INFO - DAG(s) dict_keys(['latest_only_with_trigger']) retrieved from /home/hasyidan/venv/lib/python3.8/site-packages/airflow/example_dags/example_latest_only_with_trigger.py
[2024-10-10T12:16:58.054+0700] {logging_mixin.py:149} INFO - [2024-10-10T12:16:58.054+0700] {dag.py:2726} INFO - Sync 1 DAGs
[2024-10-10T12:16:58.095+0700] {logging_mixin.py:149} INFO - [2024-10-10T12:16:58.095+0700] {dag.py:3486} INFO - Setting next_dagrun for latest_only_with_trigger to 2024-10-10T01:16:58.095156+00:00, run_after=2024-10-10T05:16:58.095156+00:00
[2024-10-10T12:16:58.227+0700] {processor.py:179} INFO - Processing /home/hasyidan/venv/lib/python3.8/site-packages/airflow/example_dags/example_latest_only_with_trigger.py took 0.258 seconds
[2024-10-10T12:17:53.104+0700] {processor.py:157} INFO - Started process (PID=5053) to work on /home/hasyidan/venv/lib/python3.8/site-packages/airflow/example_dags/example_latest_only_with_trigger.py
[2024-10-10T12:17:53.120+0700] {processor.py:826} INFO - Processing file /home/hasyidan/venv/lib/python3.8/site-packages/airflow/example_dags/example_latest_only_with_trigger.py for tasks to queue
[2024-10-10T12:17:53.122+0700] {logging_mixin.py:149} INFO - [2024-10-10T12:17:53.122+0700] {dagbag.py:541} INFO - Filling up the DagBag from /home/hasyidan/venv/lib/python3.8/site-packages/airflow/example_dags/example_latest_only_with_trigger.py
[2024-10-10T12:17:53.164+0700] {processor.py:836} INFO - DAG(s) dict_keys(['latest_only_with_trigger']) retrieved from /home/hasyidan/venv/lib/python3.8/site-packages/airflow/example_dags/example_latest_only_with_trigger.py
[2024-10-10T12:17:53.202+0700] {logging_mixin.py:149} INFO - [2024-10-10T12:17:53.202+0700] {dag.py:2726} INFO - Sync 1 DAGs
[2024-10-10T12:17:53.244+0700] {logging_mixin.py:149} INFO - [2024-10-10T12:17:53.244+0700] {dag.py:3486} INFO - Setting next_dagrun for latest_only_with_trigger to 2024-10-10T01:17:53.243704+00:00, run_after=2024-10-10T05:17:53.243704+00:00
[2024-10-10T12:17:53.378+0700] {processor.py:179} INFO - Processing /home/hasyidan/venv/lib/python3.8/site-packages/airflow/example_dags/example_latest_only_with_trigger.py took 0.281 seconds
[2024-10-10T12:18:46.703+0700] {processor.py:157} INFO - Started process (PID=5113) to work on /home/hasyidan/venv/lib/python3.8/site-packages/airflow/example_dags/example_latest_only_with_trigger.py
[2024-10-10T12:18:46.733+0700] {processor.py:826} INFO - Processing file /home/hasyidan/venv/lib/python3.8/site-packages/airflow/example_dags/example_latest_only_with_trigger.py for tasks to queue
[2024-10-10T12:18:46.736+0700] {logging_mixin.py:149} INFO - [2024-10-10T12:18:46.735+0700] {dagbag.py:541} INFO - Filling up the DagBag from /home/hasyidan/venv/lib/python3.8/site-packages/airflow/example_dags/example_latest_only_with_trigger.py
[2024-10-10T12:18:46.750+0700] {processor.py:836} INFO - DAG(s) dict_keys(['latest_only_with_trigger']) retrieved from /home/hasyidan/venv/lib/python3.8/site-packages/airflow/example_dags/example_latest_only_with_trigger.py
[2024-10-10T12:18:46.787+0700] {logging_mixin.py:149} INFO - [2024-10-10T12:18:46.786+0700] {dag.py:2726} INFO - Sync 1 DAGs
[2024-10-10T12:18:46.832+0700] {logging_mixin.py:149} INFO - [2024-10-10T12:18:46.831+0700] {dag.py:3486} INFO - Setting next_dagrun for latest_only_with_trigger to 2024-10-10T01:18:46.831469+00:00, run_after=2024-10-10T05:18:46.831469+00:00
[2024-10-10T12:18:46.961+0700] {processor.py:179} INFO - Processing /home/hasyidan/venv/lib/python3.8/site-packages/airflow/example_dags/example_latest_only_with_trigger.py took 0.265 seconds
[2024-10-10T12:19:39.663+0700] {processor.py:157} INFO - Started process (PID=5169) to work on /home/hasyidan/venv/lib/python3.8/site-packages/airflow/example_dags/example_latest_only_with_trigger.py
[2024-10-10T12:19:39.683+0700] {processor.py:826} INFO - Processing file /home/hasyidan/venv/lib/python3.8/site-packages/airflow/example_dags/example_latest_only_with_trigger.py for tasks to queue
[2024-10-10T12:19:39.686+0700] {logging_mixin.py:149} INFO - [2024-10-10T12:19:39.685+0700] {dagbag.py:541} INFO - Filling up the DagBag from /home/hasyidan/venv/lib/python3.8/site-packages/airflow/example_dags/example_latest_only_with_trigger.py
[2024-10-10T12:19:39.698+0700] {processor.py:836} INFO - DAG(s) dict_keys(['latest_only_with_trigger']) retrieved from /home/hasyidan/venv/lib/python3.8/site-packages/airflow/example_dags/example_latest_only_with_trigger.py
[2024-10-10T12:19:39.736+0700] {logging_mixin.py:149} INFO - [2024-10-10T12:19:39.736+0700] {dag.py:2726} INFO - Sync 1 DAGs
[2024-10-10T12:19:39.778+0700] {logging_mixin.py:149} INFO - [2024-10-10T12:19:39.778+0700] {dag.py:3486} INFO - Setting next_dagrun for latest_only_with_trigger to 2024-10-10T01:19:39.777697+00:00, run_after=2024-10-10T05:19:39.777697+00:00
[2024-10-10T12:19:39.910+0700] {processor.py:179} INFO - Processing /home/hasyidan/venv/lib/python3.8/site-packages/airflow/example_dags/example_latest_only_with_trigger.py took 0.253 seconds
[2024-10-10T12:20:31.826+0700] {processor.py:157} INFO - Started process (PID=5227) to work on /home/hasyidan/venv/lib/python3.8/site-packages/airflow/example_dags/example_latest_only_with_trigger.py
[2024-10-10T12:20:31.872+0700] {processor.py:826} INFO - Processing file /home/hasyidan/venv/lib/python3.8/site-packages/airflow/example_dags/example_latest_only_with_trigger.py for tasks to queue
[2024-10-10T12:20:31.875+0700] {logging_mixin.py:149} INFO - [2024-10-10T12:20:31.874+0700] {dagbag.py:541} INFO - Filling up the DagBag from /home/hasyidan/venv/lib/python3.8/site-packages/airflow/example_dags/example_latest_only_with_trigger.py
[2024-10-10T12:20:31.889+0700] {processor.py:836} INFO - DAG(s) dict_keys(['latest_only_with_trigger']) retrieved from /home/hasyidan/venv/lib/python3.8/site-packages/airflow/example_dags/example_latest_only_with_trigger.py
[2024-10-10T12:20:31.930+0700] {logging_mixin.py:149} INFO - [2024-10-10T12:20:31.930+0700] {dag.py:2726} INFO - Sync 1 DAGs
[2024-10-10T12:20:31.976+0700] {logging_mixin.py:149} INFO - [2024-10-10T12:20:31.975+0700] {dag.py:3486} INFO - Setting next_dagrun for latest_only_with_trigger to 2024-10-10T01:20:31.975363+00:00, run_after=2024-10-10T05:20:31.975363+00:00
[2024-10-10T12:20:32.108+0700] {processor.py:179} INFO - Processing /home/hasyidan/venv/lib/python3.8/site-packages/airflow/example_dags/example_latest_only_with_trigger.py took 0.289 seconds
[2024-10-10T12:21:30.726+0700] {processor.py:157} INFO - Started process (PID=5307) to work on /home/hasyidan/venv/lib/python3.8/site-packages/airflow/example_dags/example_latest_only_with_trigger.py
[2024-10-10T12:21:30.787+0700] {processor.py:826} INFO - Processing file /home/hasyidan/venv/lib/python3.8/site-packages/airflow/example_dags/example_latest_only_with_trigger.py for tasks to queue
[2024-10-10T12:21:30.790+0700] {logging_mixin.py:149} INFO - [2024-10-10T12:21:30.789+0700] {dagbag.py:541} INFO - Filling up the DagBag from /home/hasyidan/venv/lib/python3.8/site-packages/airflow/example_dags/example_latest_only_with_trigger.py
[2024-10-10T12:21:30.805+0700] {processor.py:836} INFO - DAG(s) dict_keys(['latest_only_with_trigger']) retrieved from /home/hasyidan/venv/lib/python3.8/site-packages/airflow/example_dags/example_latest_only_with_trigger.py
[2024-10-10T12:21:30.847+0700] {logging_mixin.py:149} INFO - [2024-10-10T12:21:30.846+0700] {dag.py:2726} INFO - Sync 1 DAGs
[2024-10-10T12:21:30.892+0700] {logging_mixin.py:149} INFO - [2024-10-10T12:21:30.891+0700] {dag.py:3486} INFO - Setting next_dagrun for latest_only_with_trigger to 2024-10-10T01:21:30.891462+00:00, run_after=2024-10-10T05:21:30.891462+00:00
[2024-10-10T12:21:31.036+0700] {processor.py:179} INFO - Processing /home/hasyidan/venv/lib/python3.8/site-packages/airflow/example_dags/example_latest_only_with_trigger.py took 0.315 seconds
[2024-10-10T13:22:26.470+0700] {processor.py:157} INFO - Started process (PID=2376) to work on /home/hasyidan/venv/lib/python3.8/site-packages/airflow/example_dags/example_latest_only_with_trigger.py
[2024-10-10T13:22:26.510+0700] {processor.py:826} INFO - Processing file /home/hasyidan/venv/lib/python3.8/site-packages/airflow/example_dags/example_latest_only_with_trigger.py for tasks to queue
[2024-10-10T13:22:26.577+0700] {logging_mixin.py:149} INFO - [2024-10-10T13:22:26.576+0700] {dagbag.py:541} INFO - Filling up the DagBag from /home/hasyidan/venv/lib/python3.8/site-packages/airflow/example_dags/example_latest_only_with_trigger.py
[2024-10-10T13:22:27.181+0700] {processor.py:836} INFO - DAG(s) dict_keys(['latest_only_with_trigger']) retrieved from /home/hasyidan/venv/lib/python3.8/site-packages/airflow/example_dags/example_latest_only_with_trigger.py
[2024-10-10T13:22:28.252+0700] {logging_mixin.py:149} INFO - [2024-10-10T13:22:28.252+0700] {dag.py:2726} INFO - Sync 1 DAGs
[2024-10-10T13:22:31.988+0700] {logging_mixin.py:149} INFO - [2024-10-10T13:22:31.988+0700] {dag.py:3486} INFO - Setting next_dagrun for latest_only_with_trigger to 2024-10-10T02:22:31.987390+00:00, run_after=2024-10-10T06:22:31.987390+00:00
[2024-10-10T13:22:32.594+0700] {processor.py:179} INFO - Processing /home/hasyidan/venv/lib/python3.8/site-packages/airflow/example_dags/example_latest_only_with_trigger.py took 6.276 seconds
[2024-10-10T13:26:28.079+0700] {processor.py:157} INFO - Started process (PID=2648) to work on /home/hasyidan/venv/lib/python3.8/site-packages/airflow/example_dags/example_latest_only_with_trigger.py
[2024-10-10T13:26:28.099+0700] {processor.py:826} INFO - Processing file /home/hasyidan/venv/lib/python3.8/site-packages/airflow/example_dags/example_latest_only_with_trigger.py for tasks to queue
[2024-10-10T13:26:28.102+0700] {logging_mixin.py:149} INFO - [2024-10-10T13:26:28.101+0700] {dagbag.py:541} INFO - Filling up the DagBag from /home/hasyidan/venv/lib/python3.8/site-packages/airflow/example_dags/example_latest_only_with_trigger.py
[2024-10-10T13:26:28.127+0700] {processor.py:836} INFO - DAG(s) dict_keys(['latest_only_with_trigger']) retrieved from /home/hasyidan/venv/lib/python3.8/site-packages/airflow/example_dags/example_latest_only_with_trigger.py
[2024-10-10T13:26:28.978+0700] {logging_mixin.py:149} INFO - [2024-10-10T13:26:28.978+0700] {dag.py:2726} INFO - Sync 1 DAGs
[2024-10-10T13:26:29.078+0700] {logging_mixin.py:149} INFO - [2024-10-10T13:26:29.077+0700] {dag.py:3486} INFO - Setting next_dagrun for latest_only_with_trigger to 2024-10-10T02:26:29.071956+00:00, run_after=2024-10-10T06:26:29.071956+00:00
[2024-10-10T13:26:29.358+0700] {processor.py:179} INFO - Processing /home/hasyidan/venv/lib/python3.8/site-packages/airflow/example_dags/example_latest_only_with_trigger.py took 1.290 seconds
