[2024-10-10T11:42:52.085+0700] {processor.py:157} INFO - Started process (PID=2742) to work on /home/hasyidan/venv/lib/python3.8/site-packages/airflow/example_dags/example_time_delta_sensor_async.py
[2024-10-10T11:42:52.087+0700] {processor.py:826} INFO - Processing file /home/hasyidan/venv/lib/python3.8/site-packages/airflow/example_dags/example_time_delta_sensor_async.py for tasks to queue
[2024-10-10T11:42:52.088+0700] {logging_mixin.py:149} INFO - [2024-10-10T11:42:52.088+0700] {dagbag.py:541} INFO - Filling up the DagBag from /home/hasyidan/venv/lib/python3.8/site-packages/airflow/example_dags/example_time_delta_sensor_async.py
[2024-10-10T11:42:52.153+0700] {processor.py:836} INFO - DAG(s) dict_keys(['example_time_delta_sensor_async']) retrieved from /home/hasyidan/venv/lib/python3.8/site-packages/airflow/example_dags/example_time_delta_sensor_async.py
[2024-10-10T11:42:52.204+0700] {logging_mixin.py:149} INFO - [2024-10-10T11:42:52.203+0700] {dag.py:2726} INFO - Sync 1 DAGs
[2024-10-10T11:42:52.265+0700] {logging_mixin.py:149} INFO - [2024-10-10T11:42:52.265+0700] {dag.py:3486} INFO - Setting next_dagrun for example_time_delta_sensor_async to None, run_after=None
[2024-10-10T11:42:52.560+0700] {processor.py:179} INFO - Processing /home/hasyidan/venv/lib/python3.8/site-packages/airflow/example_dags/example_time_delta_sensor_async.py took 0.482 seconds
[2024-10-10T11:48:16.432+0700] {processor.py:157} INFO - Started process (PID=2889) to work on /home/hasyidan/venv/lib/python3.8/site-packages/airflow/example_dags/example_time_delta_sensor_async.py
[2024-10-10T11:48:16.453+0700] {processor.py:826} INFO - Processing file /home/hasyidan/venv/lib/python3.8/site-packages/airflow/example_dags/example_time_delta_sensor_async.py for tasks to queue
[2024-10-10T11:48:16.456+0700] {logging_mixin.py:149} INFO - [2024-10-10T11:48:16.455+0700] {dagbag.py:541} INFO - Filling up the DagBag from /home/hasyidan/venv/lib/python3.8/site-packages/airflow/example_dags/example_time_delta_sensor_async.py
[2024-10-10T11:48:16.872+0700] {processor.py:836} INFO - DAG(s) dict_keys(['example_time_delta_sensor_async']) retrieved from /home/hasyidan/venv/lib/python3.8/site-packages/airflow/example_dags/example_time_delta_sensor_async.py
[2024-10-10T11:48:17.851+0700] {logging_mixin.py:149} INFO - [2024-10-10T11:48:17.850+0700] {dag.py:2726} INFO - Sync 1 DAGs
[2024-10-10T11:48:17.895+0700] {logging_mixin.py:149} INFO - [2024-10-10T11:48:17.895+0700] {dag.py:3486} INFO - Setting next_dagrun for example_time_delta_sensor_async to None, run_after=None
[2024-10-10T11:48:18.188+0700] {processor.py:179} INFO - Processing /home/hasyidan/venv/lib/python3.8/site-packages/airflow/example_dags/example_time_delta_sensor_async.py took 1.763 seconds
[2024-10-10T11:49:29.453+0700] {processor.py:157} INFO - Started process (PID=2947) to work on /home/hasyidan/venv/lib/python3.8/site-packages/airflow/example_dags/example_time_delta_sensor_async.py
[2024-10-10T11:49:29.494+0700] {processor.py:826} INFO - Processing file /home/hasyidan/venv/lib/python3.8/site-packages/airflow/example_dags/example_time_delta_sensor_async.py for tasks to queue
[2024-10-10T11:49:29.497+0700] {logging_mixin.py:149} INFO - [2024-10-10T11:49:29.495+0700] {dagbag.py:541} INFO - Filling up the DagBag from /home/hasyidan/venv/lib/python3.8/site-packages/airflow/example_dags/example_time_delta_sensor_async.py
[2024-10-10T11:49:29.508+0700] {processor.py:836} INFO - DAG(s) dict_keys(['example_time_delta_sensor_async']) retrieved from /home/hasyidan/venv/lib/python3.8/site-packages/airflow/example_dags/example_time_delta_sensor_async.py
[2024-10-10T11:49:29.551+0700] {logging_mixin.py:149} INFO - [2024-10-10T11:49:29.550+0700] {dag.py:2726} INFO - Sync 1 DAGs
[2024-10-10T11:49:29.812+0700] {logging_mixin.py:149} INFO - [2024-10-10T11:49:29.811+0700] {dag.py:3486} INFO - Setting next_dagrun for example_time_delta_sensor_async to None, run_after=None
[2024-10-10T11:49:30.196+0700] {processor.py:179} INFO - Processing /home/hasyidan/venv/lib/python3.8/site-packages/airflow/example_dags/example_time_delta_sensor_async.py took 0.751 seconds
[2024-10-10T11:53:04.233+0700] {processor.py:157} INFO - Started process (PID=3324) to work on /home/hasyidan/venv/lib/python3.8/site-packages/airflow/example_dags/example_time_delta_sensor_async.py
[2024-10-10T11:53:04.265+0700] {processor.py:826} INFO - Processing file /home/hasyidan/venv/lib/python3.8/site-packages/airflow/example_dags/example_time_delta_sensor_async.py for tasks to queue
[2024-10-10T11:53:04.267+0700] {logging_mixin.py:149} INFO - [2024-10-10T11:53:04.266+0700] {dagbag.py:541} INFO - Filling up the DagBag from /home/hasyidan/venv/lib/python3.8/site-packages/airflow/example_dags/example_time_delta_sensor_async.py
[2024-10-10T11:53:04.276+0700] {processor.py:836} INFO - DAG(s) dict_keys(['example_time_delta_sensor_async']) retrieved from /home/hasyidan/venv/lib/python3.8/site-packages/airflow/example_dags/example_time_delta_sensor_async.py
[2024-10-10T11:53:04.319+0700] {logging_mixin.py:149} INFO - [2024-10-10T11:53:04.319+0700] {dag.py:2726} INFO - Sync 1 DAGs
[2024-10-10T11:53:04.366+0700] {logging_mixin.py:149} INFO - [2024-10-10T11:53:04.366+0700] {dag.py:3486} INFO - Setting next_dagrun for example_time_delta_sensor_async to None, run_after=None
[2024-10-10T11:53:04.514+0700] {processor.py:179} INFO - Processing /home/hasyidan/venv/lib/python3.8/site-packages/airflow/example_dags/example_time_delta_sensor_async.py took 0.287 seconds
[2024-10-10T11:54:03.056+0700] {processor.py:157} INFO - Started process (PID=3384) to work on /home/hasyidan/venv/lib/python3.8/site-packages/airflow/example_dags/example_time_delta_sensor_async.py
[2024-10-10T11:54:03.061+0700] {processor.py:826} INFO - Processing file /home/hasyidan/venv/lib/python3.8/site-packages/airflow/example_dags/example_time_delta_sensor_async.py for tasks to queue
[2024-10-10T11:54:03.063+0700] {logging_mixin.py:149} INFO - [2024-10-10T11:54:03.062+0700] {dagbag.py:541} INFO - Filling up the DagBag from /home/hasyidan/venv/lib/python3.8/site-packages/airflow/example_dags/example_time_delta_sensor_async.py
[2024-10-10T11:54:03.072+0700] {processor.py:836} INFO - DAG(s) dict_keys(['example_time_delta_sensor_async']) retrieved from /home/hasyidan/venv/lib/python3.8/site-packages/airflow/example_dags/example_time_delta_sensor_async.py
[2024-10-10T11:54:03.110+0700] {logging_mixin.py:149} INFO - [2024-10-10T11:54:03.110+0700] {dag.py:2726} INFO - Sync 1 DAGs
[2024-10-10T11:54:03.152+0700] {logging_mixin.py:149} INFO - [2024-10-10T11:54:03.152+0700] {dag.py:3486} INFO - Setting next_dagrun for example_time_delta_sensor_async to None, run_after=None
[2024-10-10T11:54:03.275+0700] {processor.py:179} INFO - Processing /home/hasyidan/venv/lib/python3.8/site-packages/airflow/example_dags/example_time_delta_sensor_async.py took 0.225 seconds
[2024-10-10T11:55:02.642+0700] {processor.py:157} INFO - Started process (PID=3455) to work on /home/hasyidan/venv/lib/python3.8/site-packages/airflow/example_dags/example_time_delta_sensor_async.py
[2024-10-10T11:55:03.099+0700] {processor.py:826} INFO - Processing file /home/hasyidan/venv/lib/python3.8/site-packages/airflow/example_dags/example_time_delta_sensor_async.py for tasks to queue
[2024-10-10T11:55:03.102+0700] {logging_mixin.py:149} INFO - [2024-10-10T11:55:03.101+0700] {dagbag.py:541} INFO - Filling up the DagBag from /home/hasyidan/venv/lib/python3.8/site-packages/airflow/example_dags/example_time_delta_sensor_async.py
[2024-10-10T11:55:03.113+0700] {processor.py:836} INFO - DAG(s) dict_keys(['example_time_delta_sensor_async']) retrieved from /home/hasyidan/venv/lib/python3.8/site-packages/airflow/example_dags/example_time_delta_sensor_async.py
[2024-10-10T11:55:03.152+0700] {logging_mixin.py:149} INFO - [2024-10-10T11:55:03.152+0700] {dag.py:2726} INFO - Sync 1 DAGs
[2024-10-10T11:55:03.198+0700] {logging_mixin.py:149} INFO - [2024-10-10T11:55:03.197+0700] {dag.py:3486} INFO - Setting next_dagrun for example_time_delta_sensor_async to None, run_after=None
[2024-10-10T11:55:03.546+0700] {processor.py:179} INFO - Processing /home/hasyidan/venv/lib/python3.8/site-packages/airflow/example_dags/example_time_delta_sensor_async.py took 0.910 seconds
[2024-10-10T11:56:00.838+0700] {processor.py:157} INFO - Started process (PID=3522) to work on /home/hasyidan/venv/lib/python3.8/site-packages/airflow/example_dags/example_time_delta_sensor_async.py
[2024-10-10T11:56:00.858+0700] {processor.py:826} INFO - Processing file /home/hasyidan/venv/lib/python3.8/site-packages/airflow/example_dags/example_time_delta_sensor_async.py for tasks to queue
[2024-10-10T11:56:00.861+0700] {logging_mixin.py:149} INFO - [2024-10-10T11:56:00.860+0700] {dagbag.py:541} INFO - Filling up the DagBag from /home/hasyidan/venv/lib/python3.8/site-packages/airflow/example_dags/example_time_delta_sensor_async.py
[2024-10-10T11:56:00.873+0700] {processor.py:836} INFO - DAG(s) dict_keys(['example_time_delta_sensor_async']) retrieved from /home/hasyidan/venv/lib/python3.8/site-packages/airflow/example_dags/example_time_delta_sensor_async.py
[2024-10-10T11:56:00.909+0700] {logging_mixin.py:149} INFO - [2024-10-10T11:56:00.909+0700] {dag.py:2726} INFO - Sync 1 DAGs
[2024-10-10T11:56:00.952+0700] {logging_mixin.py:149} INFO - [2024-10-10T11:56:00.951+0700] {dag.py:3486} INFO - Setting next_dagrun for example_time_delta_sensor_async to None, run_after=None
[2024-10-10T11:56:01.095+0700] {processor.py:179} INFO - Processing /home/hasyidan/venv/lib/python3.8/site-packages/airflow/example_dags/example_time_delta_sensor_async.py took 0.262 seconds
[2024-10-10T11:56:58.232+0700] {processor.py:157} INFO - Started process (PID=3581) to work on /home/hasyidan/venv/lib/python3.8/site-packages/airflow/example_dags/example_time_delta_sensor_async.py
[2024-10-10T11:56:58.260+0700] {processor.py:826} INFO - Processing file /home/hasyidan/venv/lib/python3.8/site-packages/airflow/example_dags/example_time_delta_sensor_async.py for tasks to queue
[2024-10-10T11:56:58.262+0700] {logging_mixin.py:149} INFO - [2024-10-10T11:56:58.261+0700] {dagbag.py:541} INFO - Filling up the DagBag from /home/hasyidan/venv/lib/python3.8/site-packages/airflow/example_dags/example_time_delta_sensor_async.py
[2024-10-10T11:56:58.273+0700] {processor.py:836} INFO - DAG(s) dict_keys(['example_time_delta_sensor_async']) retrieved from /home/hasyidan/venv/lib/python3.8/site-packages/airflow/example_dags/example_time_delta_sensor_async.py
[2024-10-10T11:56:58.310+0700] {logging_mixin.py:149} INFO - [2024-10-10T11:56:58.310+0700] {dag.py:2726} INFO - Sync 1 DAGs
[2024-10-10T11:56:58.353+0700] {logging_mixin.py:149} INFO - [2024-10-10T11:56:58.353+0700] {dag.py:3486} INFO - Setting next_dagrun for example_time_delta_sensor_async to None, run_after=None
[2024-10-10T11:56:58.497+0700] {processor.py:179} INFO - Processing /home/hasyidan/venv/lib/python3.8/site-packages/airflow/example_dags/example_time_delta_sensor_async.py took 0.272 seconds
[2024-10-10T11:57:56.208+0700] {processor.py:157} INFO - Started process (PID=3646) to work on /home/hasyidan/venv/lib/python3.8/site-packages/airflow/example_dags/example_time_delta_sensor_async.py
[2024-10-10T11:57:56.222+0700] {processor.py:826} INFO - Processing file /home/hasyidan/venv/lib/python3.8/site-packages/airflow/example_dags/example_time_delta_sensor_async.py for tasks to queue
[2024-10-10T11:57:56.225+0700] {logging_mixin.py:149} INFO - [2024-10-10T11:57:56.224+0700] {dagbag.py:541} INFO - Filling up the DagBag from /home/hasyidan/venv/lib/python3.8/site-packages/airflow/example_dags/example_time_delta_sensor_async.py
[2024-10-10T11:57:56.238+0700] {processor.py:836} INFO - DAG(s) dict_keys(['example_time_delta_sensor_async']) retrieved from /home/hasyidan/venv/lib/python3.8/site-packages/airflow/example_dags/example_time_delta_sensor_async.py
[2024-10-10T11:57:56.275+0700] {logging_mixin.py:149} INFO - [2024-10-10T11:57:56.275+0700] {dag.py:2726} INFO - Sync 1 DAGs
[2024-10-10T11:57:56.317+0700] {logging_mixin.py:149} INFO - [2024-10-10T11:57:56.316+0700] {dag.py:3486} INFO - Setting next_dagrun for example_time_delta_sensor_async to None, run_after=None
[2024-10-10T11:57:56.439+0700] {processor.py:179} INFO - Processing /home/hasyidan/venv/lib/python3.8/site-packages/airflow/example_dags/example_time_delta_sensor_async.py took 0.237 seconds
[2024-10-10T11:59:03.490+0700] {processor.py:157} INFO - Started process (PID=3730) to work on /home/hasyidan/venv/lib/python3.8/site-packages/airflow/example_dags/example_time_delta_sensor_async.py
[2024-10-10T11:59:03.494+0700] {processor.py:826} INFO - Processing file /home/hasyidan/venv/lib/python3.8/site-packages/airflow/example_dags/example_time_delta_sensor_async.py for tasks to queue
[2024-10-10T11:59:03.496+0700] {logging_mixin.py:149} INFO - [2024-10-10T11:59:03.495+0700] {dagbag.py:541} INFO - Filling up the DagBag from /home/hasyidan/venv/lib/python3.8/site-packages/airflow/example_dags/example_time_delta_sensor_async.py
[2024-10-10T11:59:03.506+0700] {processor.py:836} INFO - DAG(s) dict_keys(['example_time_delta_sensor_async']) retrieved from /home/hasyidan/venv/lib/python3.8/site-packages/airflow/example_dags/example_time_delta_sensor_async.py
[2024-10-10T11:59:03.546+0700] {logging_mixin.py:149} INFO - [2024-10-10T11:59:03.545+0700] {dag.py:2726} INFO - Sync 1 DAGs
[2024-10-10T11:59:03.590+0700] {logging_mixin.py:149} INFO - [2024-10-10T11:59:03.589+0700] {dag.py:3486} INFO - Setting next_dagrun for example_time_delta_sensor_async to None, run_after=None
[2024-10-10T11:59:03.725+0700] {processor.py:179} INFO - Processing /home/hasyidan/venv/lib/python3.8/site-packages/airflow/example_dags/example_time_delta_sensor_async.py took 0.241 seconds
[2024-10-10T12:00:04.646+0700] {processor.py:157} INFO - Started process (PID=3790) to work on /home/hasyidan/venv/lib/python3.8/site-packages/airflow/example_dags/example_time_delta_sensor_async.py
[2024-10-10T12:00:04.648+0700] {processor.py:826} INFO - Processing file /home/hasyidan/venv/lib/python3.8/site-packages/airflow/example_dags/example_time_delta_sensor_async.py for tasks to queue
[2024-10-10T12:00:04.649+0700] {logging_mixin.py:149} INFO - [2024-10-10T12:00:04.649+0700] {dagbag.py:541} INFO - Filling up the DagBag from /home/hasyidan/venv/lib/python3.8/site-packages/airflow/example_dags/example_time_delta_sensor_async.py
[2024-10-10T12:00:04.658+0700] {processor.py:836} INFO - DAG(s) dict_keys(['example_time_delta_sensor_async']) retrieved from /home/hasyidan/venv/lib/python3.8/site-packages/airflow/example_dags/example_time_delta_sensor_async.py
[2024-10-10T12:00:04.696+0700] {logging_mixin.py:149} INFO - [2024-10-10T12:00:04.696+0700] {dag.py:2726} INFO - Sync 1 DAGs
[2024-10-10T12:00:04.740+0700] {logging_mixin.py:149} INFO - [2024-10-10T12:00:04.739+0700] {dag.py:3486} INFO - Setting next_dagrun for example_time_delta_sensor_async to None, run_after=None
[2024-10-10T12:00:04.874+0700] {processor.py:179} INFO - Processing /home/hasyidan/venv/lib/python3.8/site-packages/airflow/example_dags/example_time_delta_sensor_async.py took 0.234 seconds
[2024-10-10T12:00:57.140+0700] {processor.py:157} INFO - Started process (PID=3848) to work on /home/hasyidan/venv/lib/python3.8/site-packages/airflow/example_dags/example_time_delta_sensor_async.py
[2024-10-10T12:00:57.153+0700] {processor.py:826} INFO - Processing file /home/hasyidan/venv/lib/python3.8/site-packages/airflow/example_dags/example_time_delta_sensor_async.py for tasks to queue
[2024-10-10T12:00:57.156+0700] {logging_mixin.py:149} INFO - [2024-10-10T12:00:57.155+0700] {dagbag.py:541} INFO - Filling up the DagBag from /home/hasyidan/venv/lib/python3.8/site-packages/airflow/example_dags/example_time_delta_sensor_async.py
[2024-10-10T12:00:57.168+0700] {processor.py:836} INFO - DAG(s) dict_keys(['example_time_delta_sensor_async']) retrieved from /home/hasyidan/venv/lib/python3.8/site-packages/airflow/example_dags/example_time_delta_sensor_async.py
[2024-10-10T12:00:57.204+0700] {logging_mixin.py:149} INFO - [2024-10-10T12:00:57.204+0700] {dag.py:2726} INFO - Sync 1 DAGs
[2024-10-10T12:00:57.246+0700] {logging_mixin.py:149} INFO - [2024-10-10T12:00:57.246+0700] {dag.py:3486} INFO - Setting next_dagrun for example_time_delta_sensor_async to None, run_after=None
[2024-10-10T12:00:57.371+0700] {processor.py:179} INFO - Processing /home/hasyidan/venv/lib/python3.8/site-packages/airflow/example_dags/example_time_delta_sensor_async.py took 0.238 seconds
[2024-10-10T12:01:51.389+0700] {processor.py:157} INFO - Started process (PID=3904) to work on /home/hasyidan/venv/lib/python3.8/site-packages/airflow/example_dags/example_time_delta_sensor_async.py
[2024-10-10T12:01:51.406+0700] {processor.py:826} INFO - Processing file /home/hasyidan/venv/lib/python3.8/site-packages/airflow/example_dags/example_time_delta_sensor_async.py for tasks to queue
[2024-10-10T12:01:51.409+0700] {logging_mixin.py:149} INFO - [2024-10-10T12:01:51.408+0700] {dagbag.py:541} INFO - Filling up the DagBag from /home/hasyidan/venv/lib/python3.8/site-packages/airflow/example_dags/example_time_delta_sensor_async.py
[2024-10-10T12:01:51.420+0700] {processor.py:836} INFO - DAG(s) dict_keys(['example_time_delta_sensor_async']) retrieved from /home/hasyidan/venv/lib/python3.8/site-packages/airflow/example_dags/example_time_delta_sensor_async.py
[2024-10-10T12:01:51.458+0700] {logging_mixin.py:149} INFO - [2024-10-10T12:01:51.457+0700] {dag.py:2726} INFO - Sync 1 DAGs
[2024-10-10T12:01:51.502+0700] {logging_mixin.py:149} INFO - [2024-10-10T12:01:51.501+0700] {dag.py:3486} INFO - Setting next_dagrun for example_time_delta_sensor_async to None, run_after=None
[2024-10-10T12:01:51.628+0700] {processor.py:179} INFO - Processing /home/hasyidan/venv/lib/python3.8/site-packages/airflow/example_dags/example_time_delta_sensor_async.py took 0.245 seconds
[2024-10-10T12:02:41.283+0700] {processor.py:157} INFO - Started process (PID=3964) to work on /home/hasyidan/venv/lib/python3.8/site-packages/airflow/example_dags/example_time_delta_sensor_async.py
[2024-10-10T12:02:41.297+0700] {processor.py:826} INFO - Processing file /home/hasyidan/venv/lib/python3.8/site-packages/airflow/example_dags/example_time_delta_sensor_async.py for tasks to queue
[2024-10-10T12:02:41.299+0700] {logging_mixin.py:149} INFO - [2024-10-10T12:02:41.299+0700] {dagbag.py:541} INFO - Filling up the DagBag from /home/hasyidan/venv/lib/python3.8/site-packages/airflow/example_dags/example_time_delta_sensor_async.py
[2024-10-10T12:02:41.309+0700] {processor.py:836} INFO - DAG(s) dict_keys(['example_time_delta_sensor_async']) retrieved from /home/hasyidan/venv/lib/python3.8/site-packages/airflow/example_dags/example_time_delta_sensor_async.py
[2024-10-10T12:02:41.347+0700] {logging_mixin.py:149} INFO - [2024-10-10T12:02:41.347+0700] {dag.py:2726} INFO - Sync 1 DAGs
[2024-10-10T12:02:41.389+0700] {logging_mixin.py:149} INFO - [2024-10-10T12:02:41.389+0700] {dag.py:3486} INFO - Setting next_dagrun for example_time_delta_sensor_async to None, run_after=None
[2024-10-10T12:02:41.531+0700] {processor.py:179} INFO - Processing /home/hasyidan/venv/lib/python3.8/site-packages/airflow/example_dags/example_time_delta_sensor_async.py took 0.255 seconds
[2024-10-10T12:03:34.201+0700] {processor.py:157} INFO - Started process (PID=4022) to work on /home/hasyidan/venv/lib/python3.8/site-packages/airflow/example_dags/example_time_delta_sensor_async.py
[2024-10-10T12:03:34.221+0700] {processor.py:826} INFO - Processing file /home/hasyidan/venv/lib/python3.8/site-packages/airflow/example_dags/example_time_delta_sensor_async.py for tasks to queue
[2024-10-10T12:03:34.223+0700] {logging_mixin.py:149} INFO - [2024-10-10T12:03:34.223+0700] {dagbag.py:541} INFO - Filling up the DagBag from /home/hasyidan/venv/lib/python3.8/site-packages/airflow/example_dags/example_time_delta_sensor_async.py
[2024-10-10T12:03:34.235+0700] {processor.py:836} INFO - DAG(s) dict_keys(['example_time_delta_sensor_async']) retrieved from /home/hasyidan/venv/lib/python3.8/site-packages/airflow/example_dags/example_time_delta_sensor_async.py
[2024-10-10T12:03:34.272+0700] {logging_mixin.py:149} INFO - [2024-10-10T12:03:34.272+0700] {dag.py:2726} INFO - Sync 1 DAGs
[2024-10-10T12:03:34.316+0700] {logging_mixin.py:149} INFO - [2024-10-10T12:03:34.315+0700] {dag.py:3486} INFO - Setting next_dagrun for example_time_delta_sensor_async to None, run_after=None
[2024-10-10T12:03:34.444+0700] {processor.py:179} INFO - Processing /home/hasyidan/venv/lib/python3.8/site-packages/airflow/example_dags/example_time_delta_sensor_async.py took 0.250 seconds
[2024-10-10T12:04:26.005+0700] {processor.py:157} INFO - Started process (PID=4078) to work on /home/hasyidan/venv/lib/python3.8/site-packages/airflow/example_dags/example_time_delta_sensor_async.py
[2024-10-10T12:04:26.033+0700] {processor.py:826} INFO - Processing file /home/hasyidan/venv/lib/python3.8/site-packages/airflow/example_dags/example_time_delta_sensor_async.py for tasks to queue
[2024-10-10T12:04:26.036+0700] {logging_mixin.py:149} INFO - [2024-10-10T12:04:26.035+0700] {dagbag.py:541} INFO - Filling up the DagBag from /home/hasyidan/venv/lib/python3.8/site-packages/airflow/example_dags/example_time_delta_sensor_async.py
[2024-10-10T12:04:26.048+0700] {processor.py:836} INFO - DAG(s) dict_keys(['example_time_delta_sensor_async']) retrieved from /home/hasyidan/venv/lib/python3.8/site-packages/airflow/example_dags/example_time_delta_sensor_async.py
[2024-10-10T12:04:26.086+0700] {logging_mixin.py:149} INFO - [2024-10-10T12:04:26.086+0700] {dag.py:2726} INFO - Sync 1 DAGs
[2024-10-10T12:04:26.129+0700] {logging_mixin.py:149} INFO - [2024-10-10T12:04:26.128+0700] {dag.py:3486} INFO - Setting next_dagrun for example_time_delta_sensor_async to None, run_after=None
[2024-10-10T12:04:26.392+0700] {processor.py:179} INFO - Processing /home/hasyidan/venv/lib/python3.8/site-packages/airflow/example_dags/example_time_delta_sensor_async.py took 0.394 seconds
[2024-10-10T12:05:19.696+0700] {processor.py:157} INFO - Started process (PID=4191) to work on /home/hasyidan/venv/lib/python3.8/site-packages/airflow/example_dags/example_time_delta_sensor_async.py
[2024-10-10T12:05:19.711+0700] {processor.py:826} INFO - Processing file /home/hasyidan/venv/lib/python3.8/site-packages/airflow/example_dags/example_time_delta_sensor_async.py for tasks to queue
[2024-10-10T12:05:19.714+0700] {logging_mixin.py:149} INFO - [2024-10-10T12:05:19.713+0700] {dagbag.py:541} INFO - Filling up the DagBag from /home/hasyidan/venv/lib/python3.8/site-packages/airflow/example_dags/example_time_delta_sensor_async.py
[2024-10-10T12:05:19.727+0700] {processor.py:836} INFO - DAG(s) dict_keys(['example_time_delta_sensor_async']) retrieved from /home/hasyidan/venv/lib/python3.8/site-packages/airflow/example_dags/example_time_delta_sensor_async.py
[2024-10-10T12:05:19.763+0700] {logging_mixin.py:149} INFO - [2024-10-10T12:05:19.763+0700] {dag.py:2726} INFO - Sync 1 DAGs
[2024-10-10T12:05:19.807+0700] {logging_mixin.py:149} INFO - [2024-10-10T12:05:19.807+0700] {dag.py:3486} INFO - Setting next_dagrun for example_time_delta_sensor_async to None, run_after=None
[2024-10-10T12:05:19.964+0700] {processor.py:179} INFO - Processing /home/hasyidan/venv/lib/python3.8/site-packages/airflow/example_dags/example_time_delta_sensor_async.py took 0.275 seconds
[2024-10-10T12:06:15.107+0700] {processor.py:157} INFO - Started process (PID=4251) to work on /home/hasyidan/venv/lib/python3.8/site-packages/airflow/example_dags/example_time_delta_sensor_async.py
[2024-10-10T12:06:15.123+0700] {processor.py:826} INFO - Processing file /home/hasyidan/venv/lib/python3.8/site-packages/airflow/example_dags/example_time_delta_sensor_async.py for tasks to queue
[2024-10-10T12:06:15.126+0700] {logging_mixin.py:149} INFO - [2024-10-10T12:06:15.125+0700] {dagbag.py:541} INFO - Filling up the DagBag from /home/hasyidan/venv/lib/python3.8/site-packages/airflow/example_dags/example_time_delta_sensor_async.py
[2024-10-10T12:06:15.137+0700] {processor.py:836} INFO - DAG(s) dict_keys(['example_time_delta_sensor_async']) retrieved from /home/hasyidan/venv/lib/python3.8/site-packages/airflow/example_dags/example_time_delta_sensor_async.py
[2024-10-10T12:06:15.174+0700] {logging_mixin.py:149} INFO - [2024-10-10T12:06:15.174+0700] {dag.py:2726} INFO - Sync 1 DAGs
[2024-10-10T12:06:15.216+0700] {logging_mixin.py:149} INFO - [2024-10-10T12:06:15.216+0700] {dag.py:3486} INFO - Setting next_dagrun for example_time_delta_sensor_async to None, run_after=None
[2024-10-10T12:06:15.344+0700] {processor.py:179} INFO - Processing /home/hasyidan/venv/lib/python3.8/site-packages/airflow/example_dags/example_time_delta_sensor_async.py took 0.243 seconds
[2024-10-10T12:07:11.003+0700] {processor.py:157} INFO - Started process (PID=4309) to work on /home/hasyidan/venv/lib/python3.8/site-packages/airflow/example_dags/example_time_delta_sensor_async.py
[2024-10-10T12:07:11.030+0700] {processor.py:826} INFO - Processing file /home/hasyidan/venv/lib/python3.8/site-packages/airflow/example_dags/example_time_delta_sensor_async.py for tasks to queue
[2024-10-10T12:07:11.032+0700] {logging_mixin.py:149} INFO - [2024-10-10T12:07:11.032+0700] {dagbag.py:541} INFO - Filling up the DagBag from /home/hasyidan/venv/lib/python3.8/site-packages/airflow/example_dags/example_time_delta_sensor_async.py
[2024-10-10T12:07:11.045+0700] {processor.py:836} INFO - DAG(s) dict_keys(['example_time_delta_sensor_async']) retrieved from /home/hasyidan/venv/lib/python3.8/site-packages/airflow/example_dags/example_time_delta_sensor_async.py
[2024-10-10T12:07:11.082+0700] {logging_mixin.py:149} INFO - [2024-10-10T12:07:11.082+0700] {dag.py:2726} INFO - Sync 1 DAGs
[2024-10-10T12:07:11.126+0700] {logging_mixin.py:149} INFO - [2024-10-10T12:07:11.126+0700] {dag.py:3486} INFO - Setting next_dagrun for example_time_delta_sensor_async to None, run_after=None
[2024-10-10T12:07:11.270+0700] {processor.py:179} INFO - Processing /home/hasyidan/venv/lib/python3.8/site-packages/airflow/example_dags/example_time_delta_sensor_async.py took 0.273 seconds
[2024-10-10T12:08:10.393+0700] {processor.py:157} INFO - Started process (PID=4374) to work on /home/hasyidan/venv/lib/python3.8/site-packages/airflow/example_dags/example_time_delta_sensor_async.py
[2024-10-10T12:08:10.421+0700] {processor.py:826} INFO - Processing file /home/hasyidan/venv/lib/python3.8/site-packages/airflow/example_dags/example_time_delta_sensor_async.py for tasks to queue
[2024-10-10T12:08:10.423+0700] {logging_mixin.py:149} INFO - [2024-10-10T12:08:10.423+0700] {dagbag.py:541} INFO - Filling up the DagBag from /home/hasyidan/venv/lib/python3.8/site-packages/airflow/example_dags/example_time_delta_sensor_async.py
[2024-10-10T12:08:10.436+0700] {processor.py:836} INFO - DAG(s) dict_keys(['example_time_delta_sensor_async']) retrieved from /home/hasyidan/venv/lib/python3.8/site-packages/airflow/example_dags/example_time_delta_sensor_async.py
[2024-10-10T12:08:10.472+0700] {logging_mixin.py:149} INFO - [2024-10-10T12:08:10.472+0700] {dag.py:2726} INFO - Sync 1 DAGs
[2024-10-10T12:08:10.515+0700] {logging_mixin.py:149} INFO - [2024-10-10T12:08:10.515+0700] {dag.py:3486} INFO - Setting next_dagrun for example_time_delta_sensor_async to None, run_after=None
[2024-10-10T12:08:10.667+0700] {processor.py:179} INFO - Processing /home/hasyidan/venv/lib/python3.8/site-packages/airflow/example_dags/example_time_delta_sensor_async.py took 0.280 seconds
[2024-10-10T12:09:05.407+0700] {processor.py:157} INFO - Started process (PID=4436) to work on /home/hasyidan/venv/lib/python3.8/site-packages/airflow/example_dags/example_time_delta_sensor_async.py
[2024-10-10T12:09:05.433+0700] {processor.py:826} INFO - Processing file /home/hasyidan/venv/lib/python3.8/site-packages/airflow/example_dags/example_time_delta_sensor_async.py for tasks to queue
[2024-10-10T12:09:05.436+0700] {logging_mixin.py:149} INFO - [2024-10-10T12:09:05.436+0700] {dagbag.py:541} INFO - Filling up the DagBag from /home/hasyidan/venv/lib/python3.8/site-packages/airflow/example_dags/example_time_delta_sensor_async.py
[2024-10-10T12:09:05.448+0700] {processor.py:836} INFO - DAG(s) dict_keys(['example_time_delta_sensor_async']) retrieved from /home/hasyidan/venv/lib/python3.8/site-packages/airflow/example_dags/example_time_delta_sensor_async.py
[2024-10-10T12:09:05.485+0700] {logging_mixin.py:149} INFO - [2024-10-10T12:09:05.484+0700] {dag.py:2726} INFO - Sync 1 DAGs
[2024-10-10T12:09:05.529+0700] {logging_mixin.py:149} INFO - [2024-10-10T12:09:05.529+0700] {dag.py:3486} INFO - Setting next_dagrun for example_time_delta_sensor_async to None, run_after=None
[2024-10-10T12:09:05.672+0700] {processor.py:179} INFO - Processing /home/hasyidan/venv/lib/python3.8/site-packages/airflow/example_dags/example_time_delta_sensor_async.py took 0.270 seconds
[2024-10-10T12:10:00.027+0700] {processor.py:157} INFO - Started process (PID=4493) to work on /home/hasyidan/venv/lib/python3.8/site-packages/airflow/example_dags/example_time_delta_sensor_async.py
[2024-10-10T12:10:00.046+0700] {processor.py:826} INFO - Processing file /home/hasyidan/venv/lib/python3.8/site-packages/airflow/example_dags/example_time_delta_sensor_async.py for tasks to queue
[2024-10-10T12:10:00.049+0700] {logging_mixin.py:149} INFO - [2024-10-10T12:10:00.048+0700] {dagbag.py:541} INFO - Filling up the DagBag from /home/hasyidan/venv/lib/python3.8/site-packages/airflow/example_dags/example_time_delta_sensor_async.py
[2024-10-10T12:10:00.060+0700] {processor.py:836} INFO - DAG(s) dict_keys(['example_time_delta_sensor_async']) retrieved from /home/hasyidan/venv/lib/python3.8/site-packages/airflow/example_dags/example_time_delta_sensor_async.py
[2024-10-10T12:10:00.097+0700] {logging_mixin.py:149} INFO - [2024-10-10T12:10:00.097+0700] {dag.py:2726} INFO - Sync 1 DAGs
[2024-10-10T12:10:00.138+0700] {logging_mixin.py:149} INFO - [2024-10-10T12:10:00.138+0700] {dag.py:3486} INFO - Setting next_dagrun for example_time_delta_sensor_async to None, run_after=None
[2024-10-10T12:10:00.268+0700] {processor.py:179} INFO - Processing /home/hasyidan/venv/lib/python3.8/site-packages/airflow/example_dags/example_time_delta_sensor_async.py took 0.248 seconds
[2024-10-10T12:10:49.515+0700] {processor.py:157} INFO - Started process (PID=4556) to work on /home/hasyidan/venv/lib/python3.8/site-packages/airflow/example_dags/example_time_delta_sensor_async.py
[2024-10-10T12:10:49.524+0700] {processor.py:826} INFO - Processing file /home/hasyidan/venv/lib/python3.8/site-packages/airflow/example_dags/example_time_delta_sensor_async.py for tasks to queue
[2024-10-10T12:10:49.526+0700] {logging_mixin.py:149} INFO - [2024-10-10T12:10:49.526+0700] {dagbag.py:541} INFO - Filling up the DagBag from /home/hasyidan/venv/lib/python3.8/site-packages/airflow/example_dags/example_time_delta_sensor_async.py
[2024-10-10T12:10:49.538+0700] {processor.py:836} INFO - DAG(s) dict_keys(['example_time_delta_sensor_async']) retrieved from /home/hasyidan/venv/lib/python3.8/site-packages/airflow/example_dags/example_time_delta_sensor_async.py
[2024-10-10T12:10:49.576+0700] {logging_mixin.py:149} INFO - [2024-10-10T12:10:49.576+0700] {dag.py:2726} INFO - Sync 1 DAGs
[2024-10-10T12:10:49.621+0700] {logging_mixin.py:149} INFO - [2024-10-10T12:10:49.620+0700] {dag.py:3486} INFO - Setting next_dagrun for example_time_delta_sensor_async to None, run_after=None
[2024-10-10T12:10:49.759+0700] {processor.py:179} INFO - Processing /home/hasyidan/venv/lib/python3.8/site-packages/airflow/example_dags/example_time_delta_sensor_async.py took 0.250 seconds
[2024-10-10T12:11:43.080+0700] {processor.py:157} INFO - Started process (PID=4620) to work on /home/hasyidan/venv/lib/python3.8/site-packages/airflow/example_dags/example_time_delta_sensor_async.py
[2024-10-10T12:11:43.093+0700] {processor.py:826} INFO - Processing file /home/hasyidan/venv/lib/python3.8/site-packages/airflow/example_dags/example_time_delta_sensor_async.py for tasks to queue
[2024-10-10T12:11:43.096+0700] {logging_mixin.py:149} INFO - [2024-10-10T12:11:43.095+0700] {dagbag.py:541} INFO - Filling up the DagBag from /home/hasyidan/venv/lib/python3.8/site-packages/airflow/example_dags/example_time_delta_sensor_async.py
[2024-10-10T12:11:43.108+0700] {processor.py:836} INFO - DAG(s) dict_keys(['example_time_delta_sensor_async']) retrieved from /home/hasyidan/venv/lib/python3.8/site-packages/airflow/example_dags/example_time_delta_sensor_async.py
[2024-10-10T12:11:43.146+0700] {logging_mixin.py:149} INFO - [2024-10-10T12:11:43.146+0700] {dag.py:2726} INFO - Sync 1 DAGs
[2024-10-10T12:11:43.188+0700] {logging_mixin.py:149} INFO - [2024-10-10T12:11:43.187+0700] {dag.py:3486} INFO - Setting next_dagrun for example_time_delta_sensor_async to None, run_after=None
[2024-10-10T12:11:43.316+0700] {processor.py:179} INFO - Processing /home/hasyidan/venv/lib/python3.8/site-packages/airflow/example_dags/example_time_delta_sensor_async.py took 0.243 seconds
[2024-10-10T12:12:38.338+0700] {processor.py:157} INFO - Started process (PID=4682) to work on /home/hasyidan/venv/lib/python3.8/site-packages/airflow/example_dags/example_time_delta_sensor_async.py
[2024-10-10T12:12:38.396+0700] {processor.py:826} INFO - Processing file /home/hasyidan/venv/lib/python3.8/site-packages/airflow/example_dags/example_time_delta_sensor_async.py for tasks to queue
[2024-10-10T12:12:38.399+0700] {logging_mixin.py:149} INFO - [2024-10-10T12:12:38.398+0700] {dagbag.py:541} INFO - Filling up the DagBag from /home/hasyidan/venv/lib/python3.8/site-packages/airflow/example_dags/example_time_delta_sensor_async.py
[2024-10-10T12:12:38.410+0700] {processor.py:836} INFO - DAG(s) dict_keys(['example_time_delta_sensor_async']) retrieved from /home/hasyidan/venv/lib/python3.8/site-packages/airflow/example_dags/example_time_delta_sensor_async.py
[2024-10-10T12:12:38.447+0700] {logging_mixin.py:149} INFO - [2024-10-10T12:12:38.447+0700] {dag.py:2726} INFO - Sync 1 DAGs
[2024-10-10T12:12:38.491+0700] {logging_mixin.py:149} INFO - [2024-10-10T12:12:38.491+0700] {dag.py:3486} INFO - Setting next_dagrun for example_time_delta_sensor_async to None, run_after=None
[2024-10-10T12:12:38.620+0700] {processor.py:179} INFO - Processing /home/hasyidan/venv/lib/python3.8/site-packages/airflow/example_dags/example_time_delta_sensor_async.py took 0.288 seconds
[2024-10-10T12:13:29.702+0700] {processor.py:157} INFO - Started process (PID=4740) to work on /home/hasyidan/venv/lib/python3.8/site-packages/airflow/example_dags/example_time_delta_sensor_async.py
[2024-10-10T12:13:29.721+0700] {processor.py:826} INFO - Processing file /home/hasyidan/venv/lib/python3.8/site-packages/airflow/example_dags/example_time_delta_sensor_async.py for tasks to queue
[2024-10-10T12:13:29.723+0700] {logging_mixin.py:149} INFO - [2024-10-10T12:13:29.723+0700] {dagbag.py:541} INFO - Filling up the DagBag from /home/hasyidan/venv/lib/python3.8/site-packages/airflow/example_dags/example_time_delta_sensor_async.py
[2024-10-10T12:13:29.735+0700] {processor.py:836} INFO - DAG(s) dict_keys(['example_time_delta_sensor_async']) retrieved from /home/hasyidan/venv/lib/python3.8/site-packages/airflow/example_dags/example_time_delta_sensor_async.py
[2024-10-10T12:13:29.772+0700] {logging_mixin.py:149} INFO - [2024-10-10T12:13:29.771+0700] {dag.py:2726} INFO - Sync 1 DAGs
[2024-10-10T12:13:29.816+0700] {logging_mixin.py:149} INFO - [2024-10-10T12:13:29.816+0700] {dag.py:3486} INFO - Setting next_dagrun for example_time_delta_sensor_async to None, run_after=None
[2024-10-10T12:13:29.935+0700] {processor.py:179} INFO - Processing /home/hasyidan/venv/lib/python3.8/site-packages/airflow/example_dags/example_time_delta_sensor_async.py took 0.240 seconds
[2024-10-10T12:14:17.022+0700] {processor.py:157} INFO - Started process (PID=4795) to work on /home/hasyidan/venv/lib/python3.8/site-packages/airflow/example_dags/example_time_delta_sensor_async.py
[2024-10-10T12:14:17.054+0700] {processor.py:826} INFO - Processing file /home/hasyidan/venv/lib/python3.8/site-packages/airflow/example_dags/example_time_delta_sensor_async.py for tasks to queue
[2024-10-10T12:14:17.057+0700] {logging_mixin.py:149} INFO - [2024-10-10T12:14:17.056+0700] {dagbag.py:541} INFO - Filling up the DagBag from /home/hasyidan/venv/lib/python3.8/site-packages/airflow/example_dags/example_time_delta_sensor_async.py
[2024-10-10T12:14:17.070+0700] {processor.py:836} INFO - DAG(s) dict_keys(['example_time_delta_sensor_async']) retrieved from /home/hasyidan/venv/lib/python3.8/site-packages/airflow/example_dags/example_time_delta_sensor_async.py
[2024-10-10T12:14:17.106+0700] {logging_mixin.py:149} INFO - [2024-10-10T12:14:17.106+0700] {dag.py:2726} INFO - Sync 1 DAGs
[2024-10-10T12:14:17.150+0700] {logging_mixin.py:149} INFO - [2024-10-10T12:14:17.149+0700] {dag.py:3486} INFO - Setting next_dagrun for example_time_delta_sensor_async to None, run_after=None
[2024-10-10T12:14:17.279+0700] {processor.py:179} INFO - Processing /home/hasyidan/venv/lib/python3.8/site-packages/airflow/example_dags/example_time_delta_sensor_async.py took 0.263 seconds
[2024-10-10T12:15:08.535+0700] {processor.py:157} INFO - Started process (PID=4856) to work on /home/hasyidan/venv/lib/python3.8/site-packages/airflow/example_dags/example_time_delta_sensor_async.py
[2024-10-10T12:15:08.561+0700] {processor.py:826} INFO - Processing file /home/hasyidan/venv/lib/python3.8/site-packages/airflow/example_dags/example_time_delta_sensor_async.py for tasks to queue
[2024-10-10T12:15:08.564+0700] {logging_mixin.py:149} INFO - [2024-10-10T12:15:08.563+0700] {dagbag.py:541} INFO - Filling up the DagBag from /home/hasyidan/venv/lib/python3.8/site-packages/airflow/example_dags/example_time_delta_sensor_async.py
[2024-10-10T12:15:08.576+0700] {processor.py:836} INFO - DAG(s) dict_keys(['example_time_delta_sensor_async']) retrieved from /home/hasyidan/venv/lib/python3.8/site-packages/airflow/example_dags/example_time_delta_sensor_async.py
[2024-10-10T12:15:08.613+0700] {logging_mixin.py:149} INFO - [2024-10-10T12:15:08.613+0700] {dag.py:2726} INFO - Sync 1 DAGs
[2024-10-10T12:15:08.655+0700] {logging_mixin.py:149} INFO - [2024-10-10T12:15:08.654+0700] {dag.py:3486} INFO - Setting next_dagrun for example_time_delta_sensor_async to None, run_after=None
[2024-10-10T12:15:08.760+0700] {processor.py:179} INFO - Processing /home/hasyidan/venv/lib/python3.8/site-packages/airflow/example_dags/example_time_delta_sensor_async.py took 0.231 seconds
[2024-10-10T12:16:00.063+0700] {processor.py:157} INFO - Started process (PID=4917) to work on /home/hasyidan/venv/lib/python3.8/site-packages/airflow/example_dags/example_time_delta_sensor_async.py
[2024-10-10T12:16:00.065+0700] {processor.py:826} INFO - Processing file /home/hasyidan/venv/lib/python3.8/site-packages/airflow/example_dags/example_time_delta_sensor_async.py for tasks to queue
[2024-10-10T12:16:00.066+0700] {logging_mixin.py:149} INFO - [2024-10-10T12:16:00.066+0700] {dagbag.py:541} INFO - Filling up the DagBag from /home/hasyidan/venv/lib/python3.8/site-packages/airflow/example_dags/example_time_delta_sensor_async.py
[2024-10-10T12:16:00.075+0700] {processor.py:836} INFO - DAG(s) dict_keys(['example_time_delta_sensor_async']) retrieved from /home/hasyidan/venv/lib/python3.8/site-packages/airflow/example_dags/example_time_delta_sensor_async.py
[2024-10-10T12:16:00.112+0700] {logging_mixin.py:149} INFO - [2024-10-10T12:16:00.111+0700] {dag.py:2726} INFO - Sync 1 DAGs
[2024-10-10T12:16:00.155+0700] {logging_mixin.py:149} INFO - [2024-10-10T12:16:00.154+0700] {dag.py:3486} INFO - Setting next_dagrun for example_time_delta_sensor_async to None, run_after=None
[2024-10-10T12:16:00.321+0700] {processor.py:179} INFO - Processing /home/hasyidan/venv/lib/python3.8/site-packages/airflow/example_dags/example_time_delta_sensor_async.py took 0.265 seconds
[2024-10-10T12:16:56.356+0700] {processor.py:157} INFO - Started process (PID=4983) to work on /home/hasyidan/venv/lib/python3.8/site-packages/airflow/example_dags/example_time_delta_sensor_async.py
[2024-10-10T12:16:56.370+0700] {processor.py:826} INFO - Processing file /home/hasyidan/venv/lib/python3.8/site-packages/airflow/example_dags/example_time_delta_sensor_async.py for tasks to queue
[2024-10-10T12:16:56.372+0700] {logging_mixin.py:149} INFO - [2024-10-10T12:16:56.371+0700] {dagbag.py:541} INFO - Filling up the DagBag from /home/hasyidan/venv/lib/python3.8/site-packages/airflow/example_dags/example_time_delta_sensor_async.py
[2024-10-10T12:16:56.384+0700] {processor.py:836} INFO - DAG(s) dict_keys(['example_time_delta_sensor_async']) retrieved from /home/hasyidan/venv/lib/python3.8/site-packages/airflow/example_dags/example_time_delta_sensor_async.py
[2024-10-10T12:16:56.421+0700] {logging_mixin.py:149} INFO - [2024-10-10T12:16:56.420+0700] {dag.py:2726} INFO - Sync 1 DAGs
[2024-10-10T12:16:56.462+0700] {logging_mixin.py:149} INFO - [2024-10-10T12:16:56.462+0700] {dag.py:3486} INFO - Setting next_dagrun for example_time_delta_sensor_async to None, run_after=None
[2024-10-10T12:16:56.591+0700] {processor.py:179} INFO - Processing /home/hasyidan/venv/lib/python3.8/site-packages/airflow/example_dags/example_time_delta_sensor_async.py took 0.242 seconds
[2024-10-10T12:17:50.540+0700] {processor.py:157} INFO - Started process (PID=5049) to work on /home/hasyidan/venv/lib/python3.8/site-packages/airflow/example_dags/example_time_delta_sensor_async.py
[2024-10-10T12:17:50.565+0700] {processor.py:826} INFO - Processing file /home/hasyidan/venv/lib/python3.8/site-packages/airflow/example_dags/example_time_delta_sensor_async.py for tasks to queue
[2024-10-10T12:17:50.566+0700] {logging_mixin.py:149} INFO - [2024-10-10T12:17:50.566+0700] {dagbag.py:541} INFO - Filling up the DagBag from /home/hasyidan/venv/lib/python3.8/site-packages/airflow/example_dags/example_time_delta_sensor_async.py
[2024-10-10T12:17:50.575+0700] {processor.py:836} INFO - DAG(s) dict_keys(['example_time_delta_sensor_async']) retrieved from /home/hasyidan/venv/lib/python3.8/site-packages/airflow/example_dags/example_time_delta_sensor_async.py
[2024-10-10T12:17:50.621+0700] {logging_mixin.py:149} INFO - [2024-10-10T12:17:50.620+0700] {dag.py:2726} INFO - Sync 1 DAGs
[2024-10-10T12:17:50.666+0700] {logging_mixin.py:149} INFO - [2024-10-10T12:17:50.665+0700] {dag.py:3486} INFO - Setting next_dagrun for example_time_delta_sensor_async to None, run_after=None
[2024-10-10T12:17:50.786+0700] {processor.py:179} INFO - Processing /home/hasyidan/venv/lib/python3.8/site-packages/airflow/example_dags/example_time_delta_sensor_async.py took 0.252 seconds
[2024-10-10T12:18:44.971+0700] {processor.py:157} INFO - Started process (PID=5111) to work on /home/hasyidan/venv/lib/python3.8/site-packages/airflow/example_dags/example_time_delta_sensor_async.py
[2024-10-10T12:18:45.004+0700] {processor.py:826} INFO - Processing file /home/hasyidan/venv/lib/python3.8/site-packages/airflow/example_dags/example_time_delta_sensor_async.py for tasks to queue
[2024-10-10T12:18:45.006+0700] {logging_mixin.py:149} INFO - [2024-10-10T12:18:45.005+0700] {dagbag.py:541} INFO - Filling up the DagBag from /home/hasyidan/venv/lib/python3.8/site-packages/airflow/example_dags/example_time_delta_sensor_async.py
[2024-10-10T12:18:45.016+0700] {processor.py:836} INFO - DAG(s) dict_keys(['example_time_delta_sensor_async']) retrieved from /home/hasyidan/venv/lib/python3.8/site-packages/airflow/example_dags/example_time_delta_sensor_async.py
[2024-10-10T12:18:45.053+0700] {logging_mixin.py:149} INFO - [2024-10-10T12:18:45.053+0700] {dag.py:2726} INFO - Sync 1 DAGs
[2024-10-10T12:18:45.094+0700] {logging_mixin.py:149} INFO - [2024-10-10T12:18:45.094+0700] {dag.py:3486} INFO - Setting next_dagrun for example_time_delta_sensor_async to None, run_after=None
[2024-10-10T12:18:45.224+0700] {processor.py:179} INFO - Processing /home/hasyidan/venv/lib/python3.8/site-packages/airflow/example_dags/example_time_delta_sensor_async.py took 0.259 seconds
[2024-10-10T12:19:37.079+0700] {processor.py:157} INFO - Started process (PID=5166) to work on /home/hasyidan/venv/lib/python3.8/site-packages/airflow/example_dags/example_time_delta_sensor_async.py
[2024-10-10T12:19:37.108+0700] {processor.py:826} INFO - Processing file /home/hasyidan/venv/lib/python3.8/site-packages/airflow/example_dags/example_time_delta_sensor_async.py for tasks to queue
[2024-10-10T12:19:37.110+0700] {logging_mixin.py:149} INFO - [2024-10-10T12:19:37.109+0700] {dagbag.py:541} INFO - Filling up the DagBag from /home/hasyidan/venv/lib/python3.8/site-packages/airflow/example_dags/example_time_delta_sensor_async.py
[2024-10-10T12:19:37.120+0700] {processor.py:836} INFO - DAG(s) dict_keys(['example_time_delta_sensor_async']) retrieved from /home/hasyidan/venv/lib/python3.8/site-packages/airflow/example_dags/example_time_delta_sensor_async.py
[2024-10-10T12:19:37.157+0700] {logging_mixin.py:149} INFO - [2024-10-10T12:19:37.156+0700] {dag.py:2726} INFO - Sync 1 DAGs
[2024-10-10T12:19:37.198+0700] {logging_mixin.py:149} INFO - [2024-10-10T12:19:37.198+0700] {dag.py:3486} INFO - Setting next_dagrun for example_time_delta_sensor_async to None, run_after=None
[2024-10-10T12:19:37.307+0700] {processor.py:179} INFO - Processing /home/hasyidan/venv/lib/python3.8/site-packages/airflow/example_dags/example_time_delta_sensor_async.py took 0.234 seconds
[2024-10-10T12:20:29.139+0700] {processor.py:157} INFO - Started process (PID=5224) to work on /home/hasyidan/venv/lib/python3.8/site-packages/airflow/example_dags/example_time_delta_sensor_async.py
[2024-10-10T12:20:29.180+0700] {processor.py:826} INFO - Processing file /home/hasyidan/venv/lib/python3.8/site-packages/airflow/example_dags/example_time_delta_sensor_async.py for tasks to queue
[2024-10-10T12:20:29.182+0700] {logging_mixin.py:149} INFO - [2024-10-10T12:20:29.182+0700] {dagbag.py:541} INFO - Filling up the DagBag from /home/hasyidan/venv/lib/python3.8/site-packages/airflow/example_dags/example_time_delta_sensor_async.py
[2024-10-10T12:20:29.193+0700] {processor.py:836} INFO - DAG(s) dict_keys(['example_time_delta_sensor_async']) retrieved from /home/hasyidan/venv/lib/python3.8/site-packages/airflow/example_dags/example_time_delta_sensor_async.py
[2024-10-10T12:20:29.230+0700] {logging_mixin.py:149} INFO - [2024-10-10T12:20:29.229+0700] {dag.py:2726} INFO - Sync 1 DAGs
[2024-10-10T12:20:29.270+0700] {logging_mixin.py:149} INFO - [2024-10-10T12:20:29.270+0700] {dag.py:3486} INFO - Setting next_dagrun for example_time_delta_sensor_async to None, run_after=None
[2024-10-10T12:20:29.395+0700] {processor.py:179} INFO - Processing /home/hasyidan/venv/lib/python3.8/site-packages/airflow/example_dags/example_time_delta_sensor_async.py took 0.262 seconds
[2024-10-10T12:21:28.208+0700] {processor.py:157} INFO - Started process (PID=5305) to work on /home/hasyidan/venv/lib/python3.8/site-packages/airflow/example_dags/example_time_delta_sensor_async.py
[2024-10-10T12:21:28.266+0700] {processor.py:826} INFO - Processing file /home/hasyidan/venv/lib/python3.8/site-packages/airflow/example_dags/example_time_delta_sensor_async.py for tasks to queue
[2024-10-10T12:21:28.269+0700] {logging_mixin.py:149} INFO - [2024-10-10T12:21:28.268+0700] {dagbag.py:541} INFO - Filling up the DagBag from /home/hasyidan/venv/lib/python3.8/site-packages/airflow/example_dags/example_time_delta_sensor_async.py
[2024-10-10T12:21:28.280+0700] {processor.py:836} INFO - DAG(s) dict_keys(['example_time_delta_sensor_async']) retrieved from /home/hasyidan/venv/lib/python3.8/site-packages/airflow/example_dags/example_time_delta_sensor_async.py
[2024-10-10T12:21:28.320+0700] {logging_mixin.py:149} INFO - [2024-10-10T12:21:28.320+0700] {dag.py:2726} INFO - Sync 1 DAGs
[2024-10-10T12:21:28.365+0700] {logging_mixin.py:149} INFO - [2024-10-10T12:21:28.364+0700] {dag.py:3486} INFO - Setting next_dagrun for example_time_delta_sensor_async to None, run_after=None
[2024-10-10T12:21:28.492+0700] {processor.py:179} INFO - Processing /home/hasyidan/venv/lib/python3.8/site-packages/airflow/example_dags/example_time_delta_sensor_async.py took 0.290 seconds
[2024-10-10T13:20:12.112+0700] {processor.py:157} INFO - Started process (PID=1949) to work on /home/hasyidan/venv/lib/python3.8/site-packages/airflow/example_dags/example_time_delta_sensor_async.py
[2024-10-10T13:20:12.130+0700] {processor.py:826} INFO - Processing file /home/hasyidan/venv/lib/python3.8/site-packages/airflow/example_dags/example_time_delta_sensor_async.py for tasks to queue
[2024-10-10T13:20:12.133+0700] {logging_mixin.py:149} INFO - [2024-10-10T13:20:12.132+0700] {dagbag.py:541} INFO - Filling up the DagBag from /home/hasyidan/venv/lib/python3.8/site-packages/airflow/example_dags/example_time_delta_sensor_async.py
[2024-10-10T13:20:12.144+0700] {processor.py:836} INFO - DAG(s) dict_keys(['example_time_delta_sensor_async']) retrieved from /home/hasyidan/venv/lib/python3.8/site-packages/airflow/example_dags/example_time_delta_sensor_async.py
[2024-10-10T13:20:12.184+0700] {logging_mixin.py:149} INFO - [2024-10-10T13:20:12.183+0700] {dag.py:2726} INFO - Sync 1 DAGs
[2024-10-10T13:20:12.225+0700] {logging_mixin.py:149} INFO - [2024-10-10T13:20:12.225+0700] {dag.py:3486} INFO - Setting next_dagrun for example_time_delta_sensor_async to None, run_after=None
[2024-10-10T13:20:12.602+0700] {processor.py:179} INFO - Processing /home/hasyidan/venv/lib/python3.8/site-packages/airflow/example_dags/example_time_delta_sensor_async.py took 0.496 seconds
[2024-10-10T13:25:27.122+0700] {processor.py:157} INFO - Started process (PID=2550) to work on /home/hasyidan/venv/lib/python3.8/site-packages/airflow/example_dags/example_time_delta_sensor_async.py
[2024-10-10T13:25:27.176+0700] {processor.py:826} INFO - Processing file /home/hasyidan/venv/lib/python3.8/site-packages/airflow/example_dags/example_time_delta_sensor_async.py for tasks to queue
[2024-10-10T13:25:27.177+0700] {logging_mixin.py:149} INFO - [2024-10-10T13:25:27.177+0700] {dagbag.py:541} INFO - Filling up the DagBag from /home/hasyidan/venv/lib/python3.8/site-packages/airflow/example_dags/example_time_delta_sensor_async.py
[2024-10-10T13:25:27.206+0700] {processor.py:836} INFO - DAG(s) dict_keys(['example_time_delta_sensor_async']) retrieved from /home/hasyidan/venv/lib/python3.8/site-packages/airflow/example_dags/example_time_delta_sensor_async.py
[2024-10-10T13:25:27.550+0700] {logging_mixin.py:149} INFO - [2024-10-10T13:25:27.549+0700] {dag.py:2726} INFO - Sync 1 DAGs
[2024-10-10T13:25:27.605+0700] {logging_mixin.py:149} INFO - [2024-10-10T13:25:27.604+0700] {dag.py:3486} INFO - Setting next_dagrun for example_time_delta_sensor_async to None, run_after=None
[2024-10-10T13:25:27.888+0700] {processor.py:179} INFO - Processing /home/hasyidan/venv/lib/python3.8/site-packages/airflow/example_dags/example_time_delta_sensor_async.py took 0.777 seconds
[2024-10-10T13:27:12.717+0700] {processor.py:157} INFO - Started process (PID=2700) to work on /home/hasyidan/venv/lib/python3.8/site-packages/airflow/example_dags/example_time_delta_sensor_async.py
[2024-10-10T13:27:12.772+0700] {processor.py:826} INFO - Processing file /home/hasyidan/venv/lib/python3.8/site-packages/airflow/example_dags/example_time_delta_sensor_async.py for tasks to queue
[2024-10-10T13:27:12.775+0700] {logging_mixin.py:149} INFO - [2024-10-10T13:27:12.774+0700] {dagbag.py:541} INFO - Filling up the DagBag from /home/hasyidan/venv/lib/python3.8/site-packages/airflow/example_dags/example_time_delta_sensor_async.py
[2024-10-10T13:27:12.790+0700] {processor.py:836} INFO - DAG(s) dict_keys(['example_time_delta_sensor_async']) retrieved from /home/hasyidan/venv/lib/python3.8/site-packages/airflow/example_dags/example_time_delta_sensor_async.py
[2024-10-10T13:27:12.865+0700] {logging_mixin.py:149} INFO - [2024-10-10T13:27:12.865+0700] {dag.py:2726} INFO - Sync 1 DAGs
[2024-10-10T13:27:12.916+0700] {logging_mixin.py:149} INFO - [2024-10-10T13:27:12.916+0700] {dag.py:3486} INFO - Setting next_dagrun for example_time_delta_sensor_async to None, run_after=None
[2024-10-10T13:27:13.064+0700] {processor.py:179} INFO - Processing /home/hasyidan/venv/lib/python3.8/site-packages/airflow/example_dags/example_time_delta_sensor_async.py took 0.364 seconds
