[2024-10-10T11:43:01.389+0700] {processor.py:157} INFO - Started process (PID=2749) to work on /home/hasyidan/venv/lib/python3.8/site-packages/airflow/example_dags/example_params_ui_tutorial.py
[2024-10-10T11:43:01.391+0700] {processor.py:826} INFO - Processing file /home/hasyidan/venv/lib/python3.8/site-packages/airflow/example_dags/example_params_ui_tutorial.py for tasks to queue
[2024-10-10T11:43:01.392+0700] {logging_mixin.py:149} INFO - [2024-10-10T11:43:01.392+0700] {dagbag.py:541} INFO - Filling up the DagBag from /home/hasyidan/venv/lib/python3.8/site-packages/airflow/example_dags/example_params_ui_tutorial.py
[2024-10-10T11:43:01.604+0700] {processor.py:836} INFO - DAG(s) dict_keys(['example_params_ui_tutorial']) retrieved from /home/hasyidan/venv/lib/python3.8/site-packages/airflow/example_dags/example_params_ui_tutorial.py
[2024-10-10T11:43:01.834+0700] {logging_mixin.py:149} INFO - [2024-10-10T11:43:01.834+0700] {dag.py:2726} INFO - Sync 1 DAGs
[2024-10-10T11:43:01.960+0700] {logging_mixin.py:149} INFO - [2024-10-10T11:43:01.959+0700] {dag.py:3486} INFO - Setting next_dagrun for example_params_ui_tutorial to None, run_after=None
[2024-10-10T11:43:02.537+0700] {processor.py:179} INFO - Processing /home/hasyidan/venv/lib/python3.8/site-packages/airflow/example_dags/example_params_ui_tutorial.py took 1.166 seconds
[2024-10-10T11:48:26.592+0700] {processor.py:157} INFO - Started process (PID=2899) to work on /home/hasyidan/venv/lib/python3.8/site-packages/airflow/example_dags/example_params_ui_tutorial.py
[2024-10-10T11:48:26.623+0700] {processor.py:826} INFO - Processing file /home/hasyidan/venv/lib/python3.8/site-packages/airflow/example_dags/example_params_ui_tutorial.py for tasks to queue
[2024-10-10T11:48:26.625+0700] {logging_mixin.py:149} INFO - [2024-10-10T11:48:26.625+0700] {dagbag.py:541} INFO - Filling up the DagBag from /home/hasyidan/venv/lib/python3.8/site-packages/airflow/example_dags/example_params_ui_tutorial.py
[2024-10-10T11:48:26.728+0700] {processor.py:836} INFO - DAG(s) dict_keys(['example_params_ui_tutorial']) retrieved from /home/hasyidan/venv/lib/python3.8/site-packages/airflow/example_dags/example_params_ui_tutorial.py
[2024-10-10T11:48:26.861+0700] {logging_mixin.py:149} INFO - [2024-10-10T11:48:26.861+0700] {dag.py:2726} INFO - Sync 1 DAGs
[2024-10-10T11:48:26.908+0700] {logging_mixin.py:149} INFO - [2024-10-10T11:48:26.907+0700] {dag.py:3486} INFO - Setting next_dagrun for example_params_ui_tutorial to None, run_after=None
[2024-10-10T11:48:27.047+0700] {processor.py:179} INFO - Processing /home/hasyidan/venv/lib/python3.8/site-packages/airflow/example_dags/example_params_ui_tutorial.py took 0.462 seconds
[2024-10-10T11:49:43.616+0700] {processor.py:157} INFO - Started process (PID=2961) to work on /home/hasyidan/venv/lib/python3.8/site-packages/airflow/example_dags/example_params_ui_tutorial.py
[2024-10-10T11:49:43.831+0700] {processor.py:826} INFO - Processing file /home/hasyidan/venv/lib/python3.8/site-packages/airflow/example_dags/example_params_ui_tutorial.py for tasks to queue
[2024-10-10T11:49:43.833+0700] {logging_mixin.py:149} INFO - [2024-10-10T11:49:43.832+0700] {dagbag.py:541} INFO - Filling up the DagBag from /home/hasyidan/venv/lib/python3.8/site-packages/airflow/example_dags/example_params_ui_tutorial.py
[2024-10-10T11:49:46.936+0700] {processor.py:836} INFO - DAG(s) dict_keys(['example_params_ui_tutorial']) retrieved from /home/hasyidan/venv/lib/python3.8/site-packages/airflow/example_dags/example_params_ui_tutorial.py
[2024-10-10T11:49:47.784+0700] {logging_mixin.py:149} INFO - [2024-10-10T11:49:47.783+0700] {dag.py:2726} INFO - Sync 1 DAGs
[2024-10-10T11:49:47.825+0700] {logging_mixin.py:149} INFO - [2024-10-10T11:49:47.825+0700] {dag.py:3486} INFO - Setting next_dagrun for example_params_ui_tutorial to None, run_after=None
[2024-10-10T11:49:48.466+0700] {processor.py:179} INFO - Processing /home/hasyidan/venv/lib/python3.8/site-packages/airflow/example_dags/example_params_ui_tutorial.py took 4.856 seconds
[2024-10-10T11:53:12.689+0700] {processor.py:157} INFO - Started process (PID=3335) to work on /home/hasyidan/venv/lib/python3.8/site-packages/airflow/example_dags/example_params_ui_tutorial.py
[2024-10-10T11:53:12.702+0700] {processor.py:826} INFO - Processing file /home/hasyidan/venv/lib/python3.8/site-packages/airflow/example_dags/example_params_ui_tutorial.py for tasks to queue
[2024-10-10T11:53:12.704+0700] {logging_mixin.py:149} INFO - [2024-10-10T11:53:12.703+0700] {dagbag.py:541} INFO - Filling up the DagBag from /home/hasyidan/venv/lib/python3.8/site-packages/airflow/example_dags/example_params_ui_tutorial.py
[2024-10-10T11:53:12.806+0700] {processor.py:836} INFO - DAG(s) dict_keys(['example_params_ui_tutorial']) retrieved from /home/hasyidan/venv/lib/python3.8/site-packages/airflow/example_dags/example_params_ui_tutorial.py
[2024-10-10T11:53:12.938+0700] {logging_mixin.py:149} INFO - [2024-10-10T11:53:12.938+0700] {dag.py:2726} INFO - Sync 1 DAGs
[2024-10-10T11:53:12.980+0700] {logging_mixin.py:149} INFO - [2024-10-10T11:53:12.980+0700] {dag.py:3486} INFO - Setting next_dagrun for example_params_ui_tutorial to None, run_after=None
[2024-10-10T11:53:13.122+0700] {processor.py:179} INFO - Processing /home/hasyidan/venv/lib/python3.8/site-packages/airflow/example_dags/example_params_ui_tutorial.py took 0.439 seconds
[2024-10-10T11:54:10.673+0700] {processor.py:157} INFO - Started process (PID=3392) to work on /home/hasyidan/venv/lib/python3.8/site-packages/airflow/example_dags/example_params_ui_tutorial.py
[2024-10-10T11:54:10.688+0700] {processor.py:826} INFO - Processing file /home/hasyidan/venv/lib/python3.8/site-packages/airflow/example_dags/example_params_ui_tutorial.py for tasks to queue
[2024-10-10T11:54:10.691+0700] {logging_mixin.py:149} INFO - [2024-10-10T11:54:10.690+0700] {dagbag.py:541} INFO - Filling up the DagBag from /home/hasyidan/venv/lib/python3.8/site-packages/airflow/example_dags/example_params_ui_tutorial.py
[2024-10-10T11:54:10.768+0700] {processor.py:836} INFO - DAG(s) dict_keys(['example_params_ui_tutorial']) retrieved from /home/hasyidan/venv/lib/python3.8/site-packages/airflow/example_dags/example_params_ui_tutorial.py
[2024-10-10T11:54:10.886+0700] {logging_mixin.py:149} INFO - [2024-10-10T11:54:10.886+0700] {dag.py:2726} INFO - Sync 1 DAGs
[2024-10-10T11:54:10.931+0700] {logging_mixin.py:149} INFO - [2024-10-10T11:54:10.930+0700] {dag.py:3486} INFO - Setting next_dagrun for example_params_ui_tutorial to None, run_after=None
[2024-10-10T11:54:11.096+0700] {processor.py:179} INFO - Processing /home/hasyidan/venv/lib/python3.8/site-packages/airflow/example_dags/example_params_ui_tutorial.py took 0.429 seconds
[2024-10-10T11:55:13.337+0700] {processor.py:157} INFO - Started process (PID=3472) to work on /home/hasyidan/venv/lib/python3.8/site-packages/airflow/example_dags/example_params_ui_tutorial.py
[2024-10-10T11:55:13.387+0700] {processor.py:826} INFO - Processing file /home/hasyidan/venv/lib/python3.8/site-packages/airflow/example_dags/example_params_ui_tutorial.py for tasks to queue
[2024-10-10T11:55:13.390+0700] {logging_mixin.py:149} INFO - [2024-10-10T11:55:13.389+0700] {dagbag.py:541} INFO - Filling up the DagBag from /home/hasyidan/venv/lib/python3.8/site-packages/airflow/example_dags/example_params_ui_tutorial.py
[2024-10-10T11:55:13.487+0700] {processor.py:836} INFO - DAG(s) dict_keys(['example_params_ui_tutorial']) retrieved from /home/hasyidan/venv/lib/python3.8/site-packages/airflow/example_dags/example_params_ui_tutorial.py
[2024-10-10T11:55:13.627+0700] {logging_mixin.py:149} INFO - [2024-10-10T11:55:13.626+0700] {dag.py:2726} INFO - Sync 1 DAGs
[2024-10-10T11:55:13.706+0700] {logging_mixin.py:149} INFO - [2024-10-10T11:55:13.706+0700] {dag.py:3486} INFO - Setting next_dagrun for example_params_ui_tutorial to None, run_after=None
[2024-10-10T11:55:14.001+0700] {processor.py:179} INFO - Processing /home/hasyidan/venv/lib/python3.8/site-packages/airflow/example_dags/example_params_ui_tutorial.py took 0.670 seconds
[2024-10-10T11:56:15.828+0700] {processor.py:157} INFO - Started process (PID=3540) to work on /home/hasyidan/venv/lib/python3.8/site-packages/airflow/example_dags/example_params_ui_tutorial.py
[2024-10-10T11:56:15.860+0700] {processor.py:826} INFO - Processing file /home/hasyidan/venv/lib/python3.8/site-packages/airflow/example_dags/example_params_ui_tutorial.py for tasks to queue
[2024-10-10T11:56:15.862+0700] {logging_mixin.py:149} INFO - [2024-10-10T11:56:15.861+0700] {dagbag.py:541} INFO - Filling up the DagBag from /home/hasyidan/venv/lib/python3.8/site-packages/airflow/example_dags/example_params_ui_tutorial.py
[2024-10-10T11:56:15.938+0700] {processor.py:836} INFO - DAG(s) dict_keys(['example_params_ui_tutorial']) retrieved from /home/hasyidan/venv/lib/python3.8/site-packages/airflow/example_dags/example_params_ui_tutorial.py
[2024-10-10T11:56:16.056+0700] {logging_mixin.py:149} INFO - [2024-10-10T11:56:16.055+0700] {dag.py:2726} INFO - Sync 1 DAGs
[2024-10-10T11:56:16.105+0700] {logging_mixin.py:149} INFO - [2024-10-10T11:56:16.105+0700] {dag.py:3486} INFO - Setting next_dagrun for example_params_ui_tutorial to None, run_after=None
[2024-10-10T11:56:16.280+0700] {processor.py:179} INFO - Processing /home/hasyidan/venv/lib/python3.8/site-packages/airflow/example_dags/example_params_ui_tutorial.py took 0.458 seconds
[2024-10-10T11:57:14.384+0700] {processor.py:157} INFO - Started process (PID=3604) to work on /home/hasyidan/venv/lib/python3.8/site-packages/airflow/example_dags/example_params_ui_tutorial.py
[2024-10-10T11:57:14.445+0700] {processor.py:826} INFO - Processing file /home/hasyidan/venv/lib/python3.8/site-packages/airflow/example_dags/example_params_ui_tutorial.py for tasks to queue
[2024-10-10T11:57:14.448+0700] {logging_mixin.py:149} INFO - [2024-10-10T11:57:14.447+0700] {dagbag.py:541} INFO - Filling up the DagBag from /home/hasyidan/venv/lib/python3.8/site-packages/airflow/example_dags/example_params_ui_tutorial.py
[2024-10-10T11:57:14.526+0700] {processor.py:836} INFO - DAG(s) dict_keys(['example_params_ui_tutorial']) retrieved from /home/hasyidan/venv/lib/python3.8/site-packages/airflow/example_dags/example_params_ui_tutorial.py
[2024-10-10T11:57:14.644+0700] {logging_mixin.py:149} INFO - [2024-10-10T11:57:14.644+0700] {dag.py:2726} INFO - Sync 1 DAGs
[2024-10-10T11:57:14.690+0700] {logging_mixin.py:149} INFO - [2024-10-10T11:57:14.689+0700] {dag.py:3486} INFO - Setting next_dagrun for example_params_ui_tutorial to None, run_after=None
[2024-10-10T11:57:14.864+0700] {processor.py:179} INFO - Processing /home/hasyidan/venv/lib/python3.8/site-packages/airflow/example_dags/example_params_ui_tutorial.py took 0.486 seconds
[2024-10-10T11:58:12.357+0700] {processor.py:157} INFO - Started process (PID=3667) to work on /home/hasyidan/venv/lib/python3.8/site-packages/airflow/example_dags/example_params_ui_tutorial.py
[2024-10-10T11:58:12.386+0700] {processor.py:826} INFO - Processing file /home/hasyidan/venv/lib/python3.8/site-packages/airflow/example_dags/example_params_ui_tutorial.py for tasks to queue
[2024-10-10T11:58:12.389+0700] {logging_mixin.py:149} INFO - [2024-10-10T11:58:12.388+0700] {dagbag.py:541} INFO - Filling up the DagBag from /home/hasyidan/venv/lib/python3.8/site-packages/airflow/example_dags/example_params_ui_tutorial.py
[2024-10-10T11:58:12.467+0700] {processor.py:836} INFO - DAG(s) dict_keys(['example_params_ui_tutorial']) retrieved from /home/hasyidan/venv/lib/python3.8/site-packages/airflow/example_dags/example_params_ui_tutorial.py
[2024-10-10T11:58:12.588+0700] {logging_mixin.py:149} INFO - [2024-10-10T11:58:12.588+0700] {dag.py:2726} INFO - Sync 1 DAGs
[2024-10-10T11:58:12.630+0700] {logging_mixin.py:149} INFO - [2024-10-10T11:58:12.629+0700] {dag.py:3486} INFO - Setting next_dagrun for example_params_ui_tutorial to None, run_after=None
[2024-10-10T11:58:12.787+0700] {processor.py:179} INFO - Processing /home/hasyidan/venv/lib/python3.8/site-packages/airflow/example_dags/example_params_ui_tutorial.py took 0.437 seconds
[2024-10-10T11:59:25.089+0700] {processor.py:157} INFO - Started process (PID=3752) to work on /home/hasyidan/venv/lib/python3.8/site-packages/airflow/example_dags/example_params_ui_tutorial.py
[2024-10-10T11:59:25.108+0700] {processor.py:826} INFO - Processing file /home/hasyidan/venv/lib/python3.8/site-packages/airflow/example_dags/example_params_ui_tutorial.py for tasks to queue
[2024-10-10T11:59:25.111+0700] {logging_mixin.py:149} INFO - [2024-10-10T11:59:25.110+0700] {dagbag.py:541} INFO - Filling up the DagBag from /home/hasyidan/venv/lib/python3.8/site-packages/airflow/example_dags/example_params_ui_tutorial.py
[2024-10-10T11:59:25.195+0700] {processor.py:836} INFO - DAG(s) dict_keys(['example_params_ui_tutorial']) retrieved from /home/hasyidan/venv/lib/python3.8/site-packages/airflow/example_dags/example_params_ui_tutorial.py
[2024-10-10T11:59:25.350+0700] {logging_mixin.py:149} INFO - [2024-10-10T11:59:25.349+0700] {dag.py:2726} INFO - Sync 1 DAGs
[2024-10-10T11:59:25.398+0700] {logging_mixin.py:149} INFO - [2024-10-10T11:59:25.398+0700] {dag.py:3486} INFO - Setting next_dagrun for example_params_ui_tutorial to None, run_after=None
[2024-10-10T11:59:25.524+0700] {processor.py:179} INFO - Processing /home/hasyidan/venv/lib/python3.8/site-packages/airflow/example_dags/example_params_ui_tutorial.py took 0.442 seconds
[2024-10-10T12:00:21.616+0700] {processor.py:157} INFO - Started process (PID=3810) to work on /home/hasyidan/venv/lib/python3.8/site-packages/airflow/example_dags/example_params_ui_tutorial.py
[2024-10-10T12:00:21.640+0700] {processor.py:826} INFO - Processing file /home/hasyidan/venv/lib/python3.8/site-packages/airflow/example_dags/example_params_ui_tutorial.py for tasks to queue
[2024-10-10T12:00:21.643+0700] {logging_mixin.py:149} INFO - [2024-10-10T12:00:21.642+0700] {dagbag.py:541} INFO - Filling up the DagBag from /home/hasyidan/venv/lib/python3.8/site-packages/airflow/example_dags/example_params_ui_tutorial.py
[2024-10-10T12:00:21.723+0700] {processor.py:836} INFO - DAG(s) dict_keys(['example_params_ui_tutorial']) retrieved from /home/hasyidan/venv/lib/python3.8/site-packages/airflow/example_dags/example_params_ui_tutorial.py
[2024-10-10T12:00:21.842+0700] {logging_mixin.py:149} INFO - [2024-10-10T12:00:21.842+0700] {dag.py:2726} INFO - Sync 1 DAGs
[2024-10-10T12:00:21.883+0700] {logging_mixin.py:149} INFO - [2024-10-10T12:00:21.883+0700] {dag.py:3486} INFO - Setting next_dagrun for example_params_ui_tutorial to None, run_after=None
[2024-10-10T12:00:22.003+0700] {processor.py:179} INFO - Processing /home/hasyidan/venv/lib/python3.8/site-packages/airflow/example_dags/example_params_ui_tutorial.py took 0.392 seconds
[2024-10-10T12:01:17.674+0700] {processor.py:157} INFO - Started process (PID=3869) to work on /home/hasyidan/venv/lib/python3.8/site-packages/airflow/example_dags/example_params_ui_tutorial.py
[2024-10-10T12:01:17.705+0700] {processor.py:826} INFO - Processing file /home/hasyidan/venv/lib/python3.8/site-packages/airflow/example_dags/example_params_ui_tutorial.py for tasks to queue
[2024-10-10T12:01:17.708+0700] {logging_mixin.py:149} INFO - [2024-10-10T12:01:17.707+0700] {dagbag.py:541} INFO - Filling up the DagBag from /home/hasyidan/venv/lib/python3.8/site-packages/airflow/example_dags/example_params_ui_tutorial.py
[2024-10-10T12:01:17.786+0700] {processor.py:836} INFO - DAG(s) dict_keys(['example_params_ui_tutorial']) retrieved from /home/hasyidan/venv/lib/python3.8/site-packages/airflow/example_dags/example_params_ui_tutorial.py
[2024-10-10T12:01:17.906+0700] {logging_mixin.py:149} INFO - [2024-10-10T12:01:17.905+0700] {dag.py:2726} INFO - Sync 1 DAGs
[2024-10-10T12:01:17.951+0700] {logging_mixin.py:149} INFO - [2024-10-10T12:01:17.950+0700] {dag.py:3486} INFO - Setting next_dagrun for example_params_ui_tutorial to None, run_after=None
[2024-10-10T12:01:18.095+0700] {processor.py:179} INFO - Processing /home/hasyidan/venv/lib/python3.8/site-packages/airflow/example_dags/example_params_ui_tutorial.py took 0.428 seconds
[2024-10-10T12:02:07.384+0700] {processor.py:157} INFO - Started process (PID=3926) to work on /home/hasyidan/venv/lib/python3.8/site-packages/airflow/example_dags/example_params_ui_tutorial.py
[2024-10-10T12:02:07.400+0700] {processor.py:826} INFO - Processing file /home/hasyidan/venv/lib/python3.8/site-packages/airflow/example_dags/example_params_ui_tutorial.py for tasks to queue
[2024-10-10T12:02:07.403+0700] {logging_mixin.py:149} INFO - [2024-10-10T12:02:07.402+0700] {dagbag.py:541} INFO - Filling up the DagBag from /home/hasyidan/venv/lib/python3.8/site-packages/airflow/example_dags/example_params_ui_tutorial.py
[2024-10-10T12:02:07.482+0700] {processor.py:836} INFO - DAG(s) dict_keys(['example_params_ui_tutorial']) retrieved from /home/hasyidan/venv/lib/python3.8/site-packages/airflow/example_dags/example_params_ui_tutorial.py
[2024-10-10T12:02:07.601+0700] {logging_mixin.py:149} INFO - [2024-10-10T12:02:07.601+0700] {dag.py:2726} INFO - Sync 1 DAGs
[2024-10-10T12:02:07.643+0700] {logging_mixin.py:149} INFO - [2024-10-10T12:02:07.643+0700] {dag.py:3486} INFO - Setting next_dagrun for example_params_ui_tutorial to None, run_after=None
[2024-10-10T12:02:07.807+0700] {processor.py:179} INFO - Processing /home/hasyidan/venv/lib/python3.8/site-packages/airflow/example_dags/example_params_ui_tutorial.py took 0.429 seconds
[2024-10-10T12:02:57.757+0700] {processor.py:157} INFO - Started process (PID=3981) to work on /home/hasyidan/venv/lib/python3.8/site-packages/airflow/example_dags/example_params_ui_tutorial.py
[2024-10-10T12:02:57.770+0700] {processor.py:826} INFO - Processing file /home/hasyidan/venv/lib/python3.8/site-packages/airflow/example_dags/example_params_ui_tutorial.py for tasks to queue
[2024-10-10T12:02:57.772+0700] {logging_mixin.py:149} INFO - [2024-10-10T12:02:57.771+0700] {dagbag.py:541} INFO - Filling up the DagBag from /home/hasyidan/venv/lib/python3.8/site-packages/airflow/example_dags/example_params_ui_tutorial.py
[2024-10-10T12:02:57.850+0700] {processor.py:836} INFO - DAG(s) dict_keys(['example_params_ui_tutorial']) retrieved from /home/hasyidan/venv/lib/python3.8/site-packages/airflow/example_dags/example_params_ui_tutorial.py
[2024-10-10T12:02:57.967+0700] {logging_mixin.py:149} INFO - [2024-10-10T12:02:57.967+0700] {dag.py:2726} INFO - Sync 1 DAGs
[2024-10-10T12:02:58.017+0700] {logging_mixin.py:149} INFO - [2024-10-10T12:02:58.017+0700] {dag.py:3486} INFO - Setting next_dagrun for example_params_ui_tutorial to None, run_after=None
[2024-10-10T12:02:58.143+0700] {processor.py:179} INFO - Processing /home/hasyidan/venv/lib/python3.8/site-packages/airflow/example_dags/example_params_ui_tutorial.py took 0.392 seconds
[2024-10-10T12:03:50.425+0700] {processor.py:157} INFO - Started process (PID=4039) to work on /home/hasyidan/venv/lib/python3.8/site-packages/airflow/example_dags/example_params_ui_tutorial.py
[2024-10-10T12:03:50.436+0700] {processor.py:826} INFO - Processing file /home/hasyidan/venv/lib/python3.8/site-packages/airflow/example_dags/example_params_ui_tutorial.py for tasks to queue
[2024-10-10T12:03:50.438+0700] {logging_mixin.py:149} INFO - [2024-10-10T12:03:50.438+0700] {dagbag.py:541} INFO - Filling up the DagBag from /home/hasyidan/venv/lib/python3.8/site-packages/airflow/example_dags/example_params_ui_tutorial.py
[2024-10-10T12:03:50.516+0700] {processor.py:836} INFO - DAG(s) dict_keys(['example_params_ui_tutorial']) retrieved from /home/hasyidan/venv/lib/python3.8/site-packages/airflow/example_dags/example_params_ui_tutorial.py
[2024-10-10T12:03:50.637+0700] {logging_mixin.py:149} INFO - [2024-10-10T12:03:50.637+0700] {dag.py:2726} INFO - Sync 1 DAGs
[2024-10-10T12:03:50.685+0700] {logging_mixin.py:149} INFO - [2024-10-10T12:03:50.684+0700] {dag.py:3486} INFO - Setting next_dagrun for example_params_ui_tutorial to None, run_after=None
[2024-10-10T12:03:50.812+0700] {processor.py:179} INFO - Processing /home/hasyidan/venv/lib/python3.8/site-packages/airflow/example_dags/example_params_ui_tutorial.py took 0.393 seconds
[2024-10-10T12:04:42.992+0700] {processor.py:157} INFO - Started process (PID=4151) to work on /home/hasyidan/venv/lib/python3.8/site-packages/airflow/example_dags/example_params_ui_tutorial.py
[2024-10-10T12:04:43.002+0700] {processor.py:826} INFO - Processing file /home/hasyidan/venv/lib/python3.8/site-packages/airflow/example_dags/example_params_ui_tutorial.py for tasks to queue
[2024-10-10T12:04:43.004+0700] {logging_mixin.py:149} INFO - [2024-10-10T12:04:43.003+0700] {dagbag.py:541} INFO - Filling up the DagBag from /home/hasyidan/venv/lib/python3.8/site-packages/airflow/example_dags/example_params_ui_tutorial.py
[2024-10-10T12:04:43.081+0700] {processor.py:836} INFO - DAG(s) dict_keys(['example_params_ui_tutorial']) retrieved from /home/hasyidan/venv/lib/python3.8/site-packages/airflow/example_dags/example_params_ui_tutorial.py
[2024-10-10T12:04:43.200+0700] {logging_mixin.py:149} INFO - [2024-10-10T12:04:43.199+0700] {dag.py:2726} INFO - Sync 1 DAGs
[2024-10-10T12:04:43.244+0700] {logging_mixin.py:149} INFO - [2024-10-10T12:04:43.244+0700] {dag.py:3486} INFO - Setting next_dagrun for example_params_ui_tutorial to None, run_after=None
[2024-10-10T12:04:43.375+0700] {processor.py:179} INFO - Processing /home/hasyidan/venv/lib/python3.8/site-packages/airflow/example_dags/example_params_ui_tutorial.py took 0.389 seconds
[2024-10-10T12:05:38.573+0700] {processor.py:157} INFO - Started process (PID=4211) to work on /home/hasyidan/venv/lib/python3.8/site-packages/airflow/example_dags/example_params_ui_tutorial.py
[2024-10-10T12:05:38.586+0700] {processor.py:826} INFO - Processing file /home/hasyidan/venv/lib/python3.8/site-packages/airflow/example_dags/example_params_ui_tutorial.py for tasks to queue
[2024-10-10T12:05:38.589+0700] {logging_mixin.py:149} INFO - [2024-10-10T12:05:38.588+0700] {dagbag.py:541} INFO - Filling up the DagBag from /home/hasyidan/venv/lib/python3.8/site-packages/airflow/example_dags/example_params_ui_tutorial.py
[2024-10-10T12:05:38.691+0700] {processor.py:836} INFO - DAG(s) dict_keys(['example_params_ui_tutorial']) retrieved from /home/hasyidan/venv/lib/python3.8/site-packages/airflow/example_dags/example_params_ui_tutorial.py
[2024-10-10T12:05:38.813+0700] {logging_mixin.py:149} INFO - [2024-10-10T12:05:38.813+0700] {dag.py:2726} INFO - Sync 1 DAGs
[2024-10-10T12:05:38.855+0700] {logging_mixin.py:149} INFO - [2024-10-10T12:05:38.855+0700] {dag.py:3486} INFO - Setting next_dagrun for example_params_ui_tutorial to None, run_after=None
[2024-10-10T12:05:38.987+0700] {processor.py:179} INFO - Processing /home/hasyidan/venv/lib/python3.8/site-packages/airflow/example_dags/example_params_ui_tutorial.py took 0.420 seconds
[2024-10-10T12:06:33.142+0700] {processor.py:157} INFO - Started process (PID=4274) to work on /home/hasyidan/venv/lib/python3.8/site-packages/airflow/example_dags/example_params_ui_tutorial.py
[2024-10-10T12:06:33.164+0700] {processor.py:826} INFO - Processing file /home/hasyidan/venv/lib/python3.8/site-packages/airflow/example_dags/example_params_ui_tutorial.py for tasks to queue
[2024-10-10T12:06:33.167+0700] {logging_mixin.py:149} INFO - [2024-10-10T12:06:33.167+0700] {dagbag.py:541} INFO - Filling up the DagBag from /home/hasyidan/venv/lib/python3.8/site-packages/airflow/example_dags/example_params_ui_tutorial.py
[2024-10-10T12:06:33.244+0700] {processor.py:836} INFO - DAG(s) dict_keys(['example_params_ui_tutorial']) retrieved from /home/hasyidan/venv/lib/python3.8/site-packages/airflow/example_dags/example_params_ui_tutorial.py
[2024-10-10T12:06:33.362+0700] {logging_mixin.py:149} INFO - [2024-10-10T12:06:33.362+0700] {dag.py:2726} INFO - Sync 1 DAGs
[2024-10-10T12:06:33.407+0700] {logging_mixin.py:149} INFO - [2024-10-10T12:06:33.406+0700] {dag.py:3486} INFO - Setting next_dagrun for example_params_ui_tutorial to None, run_after=None
[2024-10-10T12:06:33.555+0700] {processor.py:179} INFO - Processing /home/hasyidan/venv/lib/python3.8/site-packages/airflow/example_dags/example_params_ui_tutorial.py took 0.419 seconds
[2024-10-10T12:07:29.605+0700] {processor.py:157} INFO - Started process (PID=4327) to work on /home/hasyidan/venv/lib/python3.8/site-packages/airflow/example_dags/example_params_ui_tutorial.py
[2024-10-10T12:07:29.621+0700] {processor.py:826} INFO - Processing file /home/hasyidan/venv/lib/python3.8/site-packages/airflow/example_dags/example_params_ui_tutorial.py for tasks to queue
[2024-10-10T12:07:29.624+0700] {logging_mixin.py:149} INFO - [2024-10-10T12:07:29.623+0700] {dagbag.py:541} INFO - Filling up the DagBag from /home/hasyidan/venv/lib/python3.8/site-packages/airflow/example_dags/example_params_ui_tutorial.py
[2024-10-10T12:07:29.725+0700] {processor.py:836} INFO - DAG(s) dict_keys(['example_params_ui_tutorial']) retrieved from /home/hasyidan/venv/lib/python3.8/site-packages/airflow/example_dags/example_params_ui_tutorial.py
[2024-10-10T12:07:29.846+0700] {logging_mixin.py:149} INFO - [2024-10-10T12:07:29.845+0700] {dag.py:2726} INFO - Sync 1 DAGs
[2024-10-10T12:07:29.887+0700] {logging_mixin.py:149} INFO - [2024-10-10T12:07:29.887+0700] {dag.py:3486} INFO - Setting next_dagrun for example_params_ui_tutorial to None, run_after=None
[2024-10-10T12:07:30.023+0700] {processor.py:179} INFO - Processing /home/hasyidan/venv/lib/python3.8/site-packages/airflow/example_dags/example_params_ui_tutorial.py took 0.425 seconds
[2024-10-10T12:08:27.817+0700] {processor.py:157} INFO - Started process (PID=4395) to work on /home/hasyidan/venv/lib/python3.8/site-packages/airflow/example_dags/example_params_ui_tutorial.py
[2024-10-10T12:08:27.837+0700] {processor.py:826} INFO - Processing file /home/hasyidan/venv/lib/python3.8/site-packages/airflow/example_dags/example_params_ui_tutorial.py for tasks to queue
[2024-10-10T12:08:27.840+0700] {logging_mixin.py:149} INFO - [2024-10-10T12:08:27.839+0700] {dagbag.py:541} INFO - Filling up the DagBag from /home/hasyidan/venv/lib/python3.8/site-packages/airflow/example_dags/example_params_ui_tutorial.py
[2024-10-10T12:08:27.919+0700] {processor.py:836} INFO - DAG(s) dict_keys(['example_params_ui_tutorial']) retrieved from /home/hasyidan/venv/lib/python3.8/site-packages/airflow/example_dags/example_params_ui_tutorial.py
[2024-10-10T12:08:28.037+0700] {logging_mixin.py:149} INFO - [2024-10-10T12:08:28.036+0700] {dag.py:2726} INFO - Sync 1 DAGs
[2024-10-10T12:08:28.081+0700] {logging_mixin.py:149} INFO - [2024-10-10T12:08:28.081+0700] {dag.py:3486} INFO - Setting next_dagrun for example_params_ui_tutorial to None, run_after=None
[2024-10-10T12:08:28.248+0700] {processor.py:179} INFO - Processing /home/hasyidan/venv/lib/python3.8/site-packages/airflow/example_dags/example_params_ui_tutorial.py took 0.438 seconds
[2024-10-10T12:09:21.639+0700] {processor.py:157} INFO - Started process (PID=4453) to work on /home/hasyidan/venv/lib/python3.8/site-packages/airflow/example_dags/example_params_ui_tutorial.py
[2024-10-10T12:09:21.663+0700] {processor.py:826} INFO - Processing file /home/hasyidan/venv/lib/python3.8/site-packages/airflow/example_dags/example_params_ui_tutorial.py for tasks to queue
[2024-10-10T12:09:21.666+0700] {logging_mixin.py:149} INFO - [2024-10-10T12:09:21.665+0700] {dagbag.py:541} INFO - Filling up the DagBag from /home/hasyidan/venv/lib/python3.8/site-packages/airflow/example_dags/example_params_ui_tutorial.py
[2024-10-10T12:09:21.744+0700] {processor.py:836} INFO - DAG(s) dict_keys(['example_params_ui_tutorial']) retrieved from /home/hasyidan/venv/lib/python3.8/site-packages/airflow/example_dags/example_params_ui_tutorial.py
[2024-10-10T12:09:21.862+0700] {logging_mixin.py:149} INFO - [2024-10-10T12:09:21.862+0700] {dag.py:2726} INFO - Sync 1 DAGs
[2024-10-10T12:09:21.903+0700] {logging_mixin.py:149} INFO - [2024-10-10T12:09:21.903+0700] {dag.py:3486} INFO - Setting next_dagrun for example_params_ui_tutorial to None, run_after=None
[2024-10-10T12:09:22.051+0700] {processor.py:179} INFO - Processing /home/hasyidan/venv/lib/python3.8/site-packages/airflow/example_dags/example_params_ui_tutorial.py took 0.418 seconds
[2024-10-10T12:10:13.836+0700] {processor.py:157} INFO - Started process (PID=4510) to work on /home/hasyidan/venv/lib/python3.8/site-packages/airflow/example_dags/example_params_ui_tutorial.py
[2024-10-10T12:10:13.838+0700] {processor.py:826} INFO - Processing file /home/hasyidan/venv/lib/python3.8/site-packages/airflow/example_dags/example_params_ui_tutorial.py for tasks to queue
[2024-10-10T12:10:13.839+0700] {logging_mixin.py:149} INFO - [2024-10-10T12:10:13.839+0700] {dagbag.py:541} INFO - Filling up the DagBag from /home/hasyidan/venv/lib/python3.8/site-packages/airflow/example_dags/example_params_ui_tutorial.py
[2024-10-10T12:10:13.914+0700] {processor.py:836} INFO - DAG(s) dict_keys(['example_params_ui_tutorial']) retrieved from /home/hasyidan/venv/lib/python3.8/site-packages/airflow/example_dags/example_params_ui_tutorial.py
[2024-10-10T12:10:14.031+0700] {logging_mixin.py:149} INFO - [2024-10-10T12:10:14.031+0700] {dag.py:2726} INFO - Sync 1 DAGs
[2024-10-10T12:10:14.076+0700] {logging_mixin.py:149} INFO - [2024-10-10T12:10:14.076+0700] {dag.py:3486} INFO - Setting next_dagrun for example_params_ui_tutorial to None, run_after=None
[2024-10-10T12:10:14.211+0700] {processor.py:179} INFO - Processing /home/hasyidan/venv/lib/python3.8/site-packages/airflow/example_dags/example_params_ui_tutorial.py took 0.381 seconds
[2024-10-10T12:11:06.299+0700] {processor.py:157} INFO - Started process (PID=4573) to work on /home/hasyidan/venv/lib/python3.8/site-packages/airflow/example_dags/example_params_ui_tutorial.py
[2024-10-10T12:11:06.301+0700] {processor.py:826} INFO - Processing file /home/hasyidan/venv/lib/python3.8/site-packages/airflow/example_dags/example_params_ui_tutorial.py for tasks to queue
[2024-10-10T12:11:06.303+0700] {logging_mixin.py:149} INFO - [2024-10-10T12:11:06.302+0700] {dagbag.py:541} INFO - Filling up the DagBag from /home/hasyidan/venv/lib/python3.8/site-packages/airflow/example_dags/example_params_ui_tutorial.py
[2024-10-10T12:11:06.386+0700] {processor.py:836} INFO - DAG(s) dict_keys(['example_params_ui_tutorial']) retrieved from /home/hasyidan/venv/lib/python3.8/site-packages/airflow/example_dags/example_params_ui_tutorial.py
[2024-10-10T12:11:06.520+0700] {logging_mixin.py:149} INFO - [2024-10-10T12:11:06.520+0700] {dag.py:2726} INFO - Sync 1 DAGs
[2024-10-10T12:11:06.566+0700] {logging_mixin.py:149} INFO - [2024-10-10T12:11:06.566+0700] {dag.py:3486} INFO - Setting next_dagrun for example_params_ui_tutorial to None, run_after=None
[2024-10-10T12:11:06.712+0700] {processor.py:179} INFO - Processing /home/hasyidan/venv/lib/python3.8/site-packages/airflow/example_dags/example_params_ui_tutorial.py took 0.420 seconds
[2024-10-10T12:12:01.365+0700] {processor.py:157} INFO - Started process (PID=4639) to work on /home/hasyidan/venv/lib/python3.8/site-packages/airflow/example_dags/example_params_ui_tutorial.py
[2024-10-10T12:12:01.367+0700] {processor.py:826} INFO - Processing file /home/hasyidan/venv/lib/python3.8/site-packages/airflow/example_dags/example_params_ui_tutorial.py for tasks to queue
[2024-10-10T12:12:01.368+0700] {logging_mixin.py:149} INFO - [2024-10-10T12:12:01.368+0700] {dagbag.py:541} INFO - Filling up the DagBag from /home/hasyidan/venv/lib/python3.8/site-packages/airflow/example_dags/example_params_ui_tutorial.py
[2024-10-10T12:12:01.442+0700] {processor.py:836} INFO - DAG(s) dict_keys(['example_params_ui_tutorial']) retrieved from /home/hasyidan/venv/lib/python3.8/site-packages/airflow/example_dags/example_params_ui_tutorial.py
[2024-10-10T12:12:01.560+0700] {logging_mixin.py:149} INFO - [2024-10-10T12:12:01.559+0700] {dag.py:2726} INFO - Sync 1 DAGs
[2024-10-10T12:12:01.604+0700] {logging_mixin.py:149} INFO - [2024-10-10T12:12:01.604+0700] {dag.py:3486} INFO - Setting next_dagrun for example_params_ui_tutorial to None, run_after=None
[2024-10-10T12:12:01.742+0700] {processor.py:179} INFO - Processing /home/hasyidan/venv/lib/python3.8/site-packages/airflow/example_dags/example_params_ui_tutorial.py took 0.383 seconds
[2024-10-10T12:12:55.021+0700] {processor.py:157} INFO - Started process (PID=4701) to work on /home/hasyidan/venv/lib/python3.8/site-packages/airflow/example_dags/example_params_ui_tutorial.py
[2024-10-10T12:12:55.023+0700] {processor.py:826} INFO - Processing file /home/hasyidan/venv/lib/python3.8/site-packages/airflow/example_dags/example_params_ui_tutorial.py for tasks to queue
[2024-10-10T12:12:55.024+0700] {logging_mixin.py:149} INFO - [2024-10-10T12:12:55.024+0700] {dagbag.py:541} INFO - Filling up the DagBag from /home/hasyidan/venv/lib/python3.8/site-packages/airflow/example_dags/example_params_ui_tutorial.py
[2024-10-10T12:12:55.098+0700] {processor.py:836} INFO - DAG(s) dict_keys(['example_params_ui_tutorial']) retrieved from /home/hasyidan/venv/lib/python3.8/site-packages/airflow/example_dags/example_params_ui_tutorial.py
[2024-10-10T12:12:55.217+0700] {logging_mixin.py:149} INFO - [2024-10-10T12:12:55.217+0700] {dag.py:2726} INFO - Sync 1 DAGs
[2024-10-10T12:12:55.259+0700] {logging_mixin.py:149} INFO - [2024-10-10T12:12:55.258+0700] {dag.py:3486} INFO - Setting next_dagrun for example_params_ui_tutorial to None, run_after=None
[2024-10-10T12:12:55.395+0700] {processor.py:179} INFO - Processing /home/hasyidan/venv/lib/python3.8/site-packages/airflow/example_dags/example_params_ui_tutorial.py took 0.379 seconds
[2024-10-10T12:13:44.788+0700] {processor.py:157} INFO - Started process (PID=4760) to work on /home/hasyidan/venv/lib/python3.8/site-packages/airflow/example_dags/example_params_ui_tutorial.py
[2024-10-10T12:13:44.814+0700] {processor.py:826} INFO - Processing file /home/hasyidan/venv/lib/python3.8/site-packages/airflow/example_dags/example_params_ui_tutorial.py for tasks to queue
[2024-10-10T12:13:44.816+0700] {logging_mixin.py:149} INFO - [2024-10-10T12:13:44.816+0700] {dagbag.py:541} INFO - Filling up the DagBag from /home/hasyidan/venv/lib/python3.8/site-packages/airflow/example_dags/example_params_ui_tutorial.py
[2024-10-10T12:13:44.892+0700] {processor.py:836} INFO - DAG(s) dict_keys(['example_params_ui_tutorial']) retrieved from /home/hasyidan/venv/lib/python3.8/site-packages/airflow/example_dags/example_params_ui_tutorial.py
[2024-10-10T12:13:45.010+0700] {logging_mixin.py:149} INFO - [2024-10-10T12:13:45.010+0700] {dag.py:2726} INFO - Sync 1 DAGs
[2024-10-10T12:13:45.055+0700] {logging_mixin.py:149} INFO - [2024-10-10T12:13:45.055+0700] {dag.py:3486} INFO - Setting next_dagrun for example_params_ui_tutorial to None, run_after=None
[2024-10-10T12:13:45.208+0700] {processor.py:179} INFO - Processing /home/hasyidan/venv/lib/python3.8/site-packages/airflow/example_dags/example_params_ui_tutorial.py took 0.426 seconds
[2024-10-10T12:14:35.869+0700] {processor.py:157} INFO - Started process (PID=4818) to work on /home/hasyidan/venv/lib/python3.8/site-packages/airflow/example_dags/example_params_ui_tutorial.py
[2024-10-10T12:14:35.884+0700] {processor.py:826} INFO - Processing file /home/hasyidan/venv/lib/python3.8/site-packages/airflow/example_dags/example_params_ui_tutorial.py for tasks to queue
[2024-10-10T12:14:35.887+0700] {logging_mixin.py:149} INFO - [2024-10-10T12:14:35.887+0700] {dagbag.py:541} INFO - Filling up the DagBag from /home/hasyidan/venv/lib/python3.8/site-packages/airflow/example_dags/example_params_ui_tutorial.py
[2024-10-10T12:14:35.964+0700] {processor.py:836} INFO - DAG(s) dict_keys(['example_params_ui_tutorial']) retrieved from /home/hasyidan/venv/lib/python3.8/site-packages/airflow/example_dags/example_params_ui_tutorial.py
[2024-10-10T12:14:36.082+0700] {logging_mixin.py:149} INFO - [2024-10-10T12:14:36.082+0700] {dag.py:2726} INFO - Sync 1 DAGs
[2024-10-10T12:14:36.123+0700] {logging_mixin.py:149} INFO - [2024-10-10T12:14:36.122+0700] {dag.py:3486} INFO - Setting next_dagrun for example_params_ui_tutorial to None, run_after=None
[2024-10-10T12:14:36.246+0700] {processor.py:179} INFO - Processing /home/hasyidan/venv/lib/python3.8/site-packages/airflow/example_dags/example_params_ui_tutorial.py took 0.384 seconds
[2024-10-10T12:15:25.715+0700] {processor.py:157} INFO - Started process (PID=4875) to work on /home/hasyidan/venv/lib/python3.8/site-packages/airflow/example_dags/example_params_ui_tutorial.py
[2024-10-10T12:15:25.742+0700] {processor.py:826} INFO - Processing file /home/hasyidan/venv/lib/python3.8/site-packages/airflow/example_dags/example_params_ui_tutorial.py for tasks to queue
[2024-10-10T12:15:25.744+0700] {logging_mixin.py:149} INFO - [2024-10-10T12:15:25.743+0700] {dagbag.py:541} INFO - Filling up the DagBag from /home/hasyidan/venv/lib/python3.8/site-packages/airflow/example_dags/example_params_ui_tutorial.py
[2024-10-10T12:15:25.818+0700] {processor.py:836} INFO - DAG(s) dict_keys(['example_params_ui_tutorial']) retrieved from /home/hasyidan/venv/lib/python3.8/site-packages/airflow/example_dags/example_params_ui_tutorial.py
[2024-10-10T12:15:25.934+0700] {logging_mixin.py:149} INFO - [2024-10-10T12:15:25.934+0700] {dag.py:2726} INFO - Sync 1 DAGs
[2024-10-10T12:15:25.978+0700] {logging_mixin.py:149} INFO - [2024-10-10T12:15:25.977+0700] {dag.py:3486} INFO - Setting next_dagrun for example_params_ui_tutorial to None, run_after=None
[2024-10-10T12:15:26.114+0700] {processor.py:179} INFO - Processing /home/hasyidan/venv/lib/python3.8/site-packages/airflow/example_dags/example_params_ui_tutorial.py took 0.405 seconds
[2024-10-10T12:16:18.926+0700] {processor.py:157} INFO - Started process (PID=4937) to work on /home/hasyidan/venv/lib/python3.8/site-packages/airflow/example_dags/example_params_ui_tutorial.py
[2024-10-10T12:16:18.960+0700] {processor.py:826} INFO - Processing file /home/hasyidan/venv/lib/python3.8/site-packages/airflow/example_dags/example_params_ui_tutorial.py for tasks to queue
[2024-10-10T12:16:18.963+0700] {logging_mixin.py:149} INFO - [2024-10-10T12:16:18.962+0700] {dagbag.py:541} INFO - Filling up the DagBag from /home/hasyidan/venv/lib/python3.8/site-packages/airflow/example_dags/example_params_ui_tutorial.py
[2024-10-10T12:16:19.042+0700] {processor.py:836} INFO - DAG(s) dict_keys(['example_params_ui_tutorial']) retrieved from /home/hasyidan/venv/lib/python3.8/site-packages/airflow/example_dags/example_params_ui_tutorial.py
[2024-10-10T12:16:19.348+0700] {logging_mixin.py:149} INFO - [2024-10-10T12:16:19.348+0700] {dag.py:2726} INFO - Sync 1 DAGs
[2024-10-10T12:16:19.388+0700] {logging_mixin.py:149} INFO - [2024-10-10T12:16:19.388+0700] {dag.py:3486} INFO - Setting next_dagrun for example_params_ui_tutorial to None, run_after=None
[2024-10-10T12:16:19.519+0700] {processor.py:179} INFO - Processing /home/hasyidan/venv/lib/python3.8/site-packages/airflow/example_dags/example_params_ui_tutorial.py took 0.600 seconds
[2024-10-10T12:17:14.763+0700] {processor.py:157} INFO - Started process (PID=5006) to work on /home/hasyidan/venv/lib/python3.8/site-packages/airflow/example_dags/example_params_ui_tutorial.py
[2024-10-10T12:17:14.788+0700] {processor.py:826} INFO - Processing file /home/hasyidan/venv/lib/python3.8/site-packages/airflow/example_dags/example_params_ui_tutorial.py for tasks to queue
[2024-10-10T12:17:14.790+0700] {logging_mixin.py:149} INFO - [2024-10-10T12:17:14.790+0700] {dagbag.py:541} INFO - Filling up the DagBag from /home/hasyidan/venv/lib/python3.8/site-packages/airflow/example_dags/example_params_ui_tutorial.py
[2024-10-10T12:17:14.867+0700] {processor.py:836} INFO - DAG(s) dict_keys(['example_params_ui_tutorial']) retrieved from /home/hasyidan/venv/lib/python3.8/site-packages/airflow/example_dags/example_params_ui_tutorial.py
[2024-10-10T12:17:14.985+0700] {logging_mixin.py:149} INFO - [2024-10-10T12:17:14.984+0700] {dag.py:2726} INFO - Sync 1 DAGs
[2024-10-10T12:17:15.028+0700] {logging_mixin.py:149} INFO - [2024-10-10T12:17:15.028+0700] {dag.py:3486} INFO - Setting next_dagrun for example_params_ui_tutorial to None, run_after=None
[2024-10-10T12:17:15.156+0700] {processor.py:179} INFO - Processing /home/hasyidan/venv/lib/python3.8/site-packages/airflow/example_dags/example_params_ui_tutorial.py took 0.397 seconds
[2024-10-10T12:18:09.540+0700] {processor.py:157} INFO - Started process (PID=5069) to work on /home/hasyidan/venv/lib/python3.8/site-packages/airflow/example_dags/example_params_ui_tutorial.py
[2024-10-10T12:18:09.542+0700] {processor.py:826} INFO - Processing file /home/hasyidan/venv/lib/python3.8/site-packages/airflow/example_dags/example_params_ui_tutorial.py for tasks to queue
[2024-10-10T12:18:09.544+0700] {logging_mixin.py:149} INFO - [2024-10-10T12:18:09.543+0700] {dagbag.py:541} INFO - Filling up the DagBag from /home/hasyidan/venv/lib/python3.8/site-packages/airflow/example_dags/example_params_ui_tutorial.py
[2024-10-10T12:18:09.618+0700] {processor.py:836} INFO - DAG(s) dict_keys(['example_params_ui_tutorial']) retrieved from /home/hasyidan/venv/lib/python3.8/site-packages/airflow/example_dags/example_params_ui_tutorial.py
[2024-10-10T12:18:09.741+0700] {logging_mixin.py:149} INFO - [2024-10-10T12:18:09.740+0700] {dag.py:2726} INFO - Sync 1 DAGs
[2024-10-10T12:18:09.785+0700] {logging_mixin.py:149} INFO - [2024-10-10T12:18:09.784+0700] {dag.py:3486} INFO - Setting next_dagrun for example_params_ui_tutorial to None, run_after=None
[2024-10-10T12:18:09.951+0700] {processor.py:179} INFO - Processing /home/hasyidan/venv/lib/python3.8/site-packages/airflow/example_dags/example_params_ui_tutorial.py took 0.416 seconds
[2024-10-10T12:19:01.754+0700] {processor.py:157} INFO - Started process (PID=5127) to work on /home/hasyidan/venv/lib/python3.8/site-packages/airflow/example_dags/example_params_ui_tutorial.py
[2024-10-10T12:19:01.767+0700] {processor.py:826} INFO - Processing file /home/hasyidan/venv/lib/python3.8/site-packages/airflow/example_dags/example_params_ui_tutorial.py for tasks to queue
[2024-10-10T12:19:01.770+0700] {logging_mixin.py:149} INFO - [2024-10-10T12:19:01.769+0700] {dagbag.py:541} INFO - Filling up the DagBag from /home/hasyidan/venv/lib/python3.8/site-packages/airflow/example_dags/example_params_ui_tutorial.py
[2024-10-10T12:19:01.847+0700] {processor.py:836} INFO - DAG(s) dict_keys(['example_params_ui_tutorial']) retrieved from /home/hasyidan/venv/lib/python3.8/site-packages/airflow/example_dags/example_params_ui_tutorial.py
[2024-10-10T12:19:01.966+0700] {logging_mixin.py:149} INFO - [2024-10-10T12:19:01.965+0700] {dag.py:2726} INFO - Sync 1 DAGs
[2024-10-10T12:19:02.006+0700] {logging_mixin.py:149} INFO - [2024-10-10T12:19:02.006+0700] {dag.py:3486} INFO - Setting next_dagrun for example_params_ui_tutorial to None, run_after=None
[2024-10-10T12:19:02.155+0700] {processor.py:179} INFO - Processing /home/hasyidan/venv/lib/python3.8/site-packages/airflow/example_dags/example_params_ui_tutorial.py took 0.408 seconds
[2024-10-10T12:19:52.751+0700] {processor.py:157} INFO - Started process (PID=5188) to work on /home/hasyidan/venv/lib/python3.8/site-packages/airflow/example_dags/example_params_ui_tutorial.py
[2024-10-10T12:19:52.753+0700] {processor.py:826} INFO - Processing file /home/hasyidan/venv/lib/python3.8/site-packages/airflow/example_dags/example_params_ui_tutorial.py for tasks to queue
[2024-10-10T12:19:52.755+0700] {logging_mixin.py:149} INFO - [2024-10-10T12:19:52.754+0700] {dagbag.py:541} INFO - Filling up the DagBag from /home/hasyidan/venv/lib/python3.8/site-packages/airflow/example_dags/example_params_ui_tutorial.py
[2024-10-10T12:19:52.828+0700] {processor.py:836} INFO - DAG(s) dict_keys(['example_params_ui_tutorial']) retrieved from /home/hasyidan/venv/lib/python3.8/site-packages/airflow/example_dags/example_params_ui_tutorial.py
[2024-10-10T12:19:52.946+0700] {logging_mixin.py:149} INFO - [2024-10-10T12:19:52.945+0700] {dag.py:2726} INFO - Sync 1 DAGs
[2024-10-10T12:19:52.990+0700] {logging_mixin.py:149} INFO - [2024-10-10T12:19:52.990+0700] {dag.py:3486} INFO - Setting next_dagrun for example_params_ui_tutorial to None, run_after=None
[2024-10-10T12:19:53.148+0700] {processor.py:179} INFO - Processing /home/hasyidan/venv/lib/python3.8/site-packages/airflow/example_dags/example_params_ui_tutorial.py took 0.404 seconds
[2024-10-10T12:20:49.655+0700] {processor.py:157} INFO - Started process (PID=5254) to work on /home/hasyidan/venv/lib/python3.8/site-packages/airflow/example_dags/example_params_ui_tutorial.py
[2024-10-10T12:20:49.657+0700] {processor.py:826} INFO - Processing file /home/hasyidan/venv/lib/python3.8/site-packages/airflow/example_dags/example_params_ui_tutorial.py for tasks to queue
[2024-10-10T12:20:49.659+0700] {logging_mixin.py:149} INFO - [2024-10-10T12:20:49.658+0700] {dagbag.py:541} INFO - Filling up the DagBag from /home/hasyidan/venv/lib/python3.8/site-packages/airflow/example_dags/example_params_ui_tutorial.py
[2024-10-10T12:20:49.743+0700] {processor.py:836} INFO - DAG(s) dict_keys(['example_params_ui_tutorial']) retrieved from /home/hasyidan/venv/lib/python3.8/site-packages/airflow/example_dags/example_params_ui_tutorial.py
[2024-10-10T12:20:49.962+0700] {logging_mixin.py:149} INFO - [2024-10-10T12:20:49.961+0700] {dag.py:2726} INFO - Sync 1 DAGs
[2024-10-10T12:20:50.006+0700] {logging_mixin.py:149} INFO - [2024-10-10T12:20:50.006+0700] {dag.py:3486} INFO - Setting next_dagrun for example_params_ui_tutorial to None, run_after=None
[2024-10-10T12:20:50.132+0700] {processor.py:179} INFO - Processing /home/hasyidan/venv/lib/python3.8/site-packages/airflow/example_dags/example_params_ui_tutorial.py took 0.484 seconds
[2024-10-10T13:20:39.528+0700] {processor.py:157} INFO - Started process (PID=1998) to work on /home/hasyidan/venv/lib/python3.8/site-packages/airflow/example_dags/example_params_ui_tutorial.py
[2024-10-10T13:20:39.600+0700] {processor.py:826} INFO - Processing file /home/hasyidan/venv/lib/python3.8/site-packages/airflow/example_dags/example_params_ui_tutorial.py for tasks to queue
[2024-10-10T13:20:39.603+0700] {logging_mixin.py:149} INFO - [2024-10-10T13:20:39.602+0700] {dagbag.py:541} INFO - Filling up the DagBag from /home/hasyidan/venv/lib/python3.8/site-packages/airflow/example_dags/example_params_ui_tutorial.py
[2024-10-10T13:20:39.744+0700] {processor.py:836} INFO - DAG(s) dict_keys(['example_params_ui_tutorial']) retrieved from /home/hasyidan/venv/lib/python3.8/site-packages/airflow/example_dags/example_params_ui_tutorial.py
[2024-10-10T13:20:40.140+0700] {logging_mixin.py:149} INFO - [2024-10-10T13:20:40.139+0700] {dag.py:2726} INFO - Sync 1 DAGs
[2024-10-10T13:20:40.182+0700] {logging_mixin.py:149} INFO - [2024-10-10T13:20:40.182+0700] {dag.py:3486} INFO - Setting next_dagrun for example_params_ui_tutorial to None, run_after=None
[2024-10-10T13:20:40.460+0700] {processor.py:179} INFO - Processing /home/hasyidan/venv/lib/python3.8/site-packages/airflow/example_dags/example_params_ui_tutorial.py took 0.942 seconds
[2024-10-10T13:25:57.139+0700] {processor.py:157} INFO - Started process (PID=2594) to work on /home/hasyidan/venv/lib/python3.8/site-packages/airflow/example_dags/example_params_ui_tutorial.py
[2024-10-10T13:25:57.731+0700] {processor.py:826} INFO - Processing file /home/hasyidan/venv/lib/python3.8/site-packages/airflow/example_dags/example_params_ui_tutorial.py for tasks to queue
[2024-10-10T13:25:57.733+0700] {logging_mixin.py:149} INFO - [2024-10-10T13:25:57.733+0700] {dagbag.py:541} INFO - Filling up the DagBag from /home/hasyidan/venv/lib/python3.8/site-packages/airflow/example_dags/example_params_ui_tutorial.py
[2024-10-10T13:25:58.779+0700] {processor.py:836} INFO - DAG(s) dict_keys(['example_params_ui_tutorial']) retrieved from /home/hasyidan/venv/lib/python3.8/site-packages/airflow/example_dags/example_params_ui_tutorial.py
[2024-10-10T13:26:01.631+0700] {logging_mixin.py:149} INFO - [2024-10-10T13:26:01.631+0700] {dag.py:2726} INFO - Sync 1 DAGs
[2024-10-10T13:26:02.448+0700] {logging_mixin.py:149} INFO - [2024-10-10T13:26:02.448+0700] {dag.py:3486} INFO - Setting next_dagrun for example_params_ui_tutorial to None, run_after=None
[2024-10-10T13:26:03.560+0700] {processor.py:179} INFO - Processing /home/hasyidan/venv/lib/python3.8/site-packages/airflow/example_dags/example_params_ui_tutorial.py took 6.430 seconds
