[2024-10-10T11:42:37.338+0700] {processor.py:157} INFO - Started process (PID=2731) to work on /home/hasyidan/venv/lib/python3.8/site-packages/airflow/example_dags/example_task_group_decorator.py
[2024-10-10T11:42:37.340+0700] {processor.py:826} INFO - Processing file /home/hasyidan/venv/lib/python3.8/site-packages/airflow/example_dags/example_task_group_decorator.py for tasks to queue
[2024-10-10T11:42:37.341+0700] {logging_mixin.py:149} INFO - [2024-10-10T11:42:37.341+0700] {dagbag.py:541} INFO - Filling up the DagBag from /home/hasyidan/venv/lib/python3.8/site-packages/airflow/example_dags/example_task_group_decorator.py
[2024-10-10T11:42:37.608+0700] {processor.py:836} INFO - DAG(s) dict_keys(['example_task_group_decorator']) retrieved from /home/hasyidan/venv/lib/python3.8/site-packages/airflow/example_dags/example_task_group_decorator.py
[2024-10-10T11:42:37.991+0700] {logging_mixin.py:149} INFO - [2024-10-10T11:42:37.990+0700] {dag.py:2726} INFO - Sync 1 DAGs
[2024-10-10T11:42:38.075+0700] {logging_mixin.py:149} INFO - [2024-10-10T11:42:38.075+0700] {dag.py:3486} INFO - Setting next_dagrun for example_task_group_decorator to 2024-10-09T04:42:38.074771+00:00, run_after=2024-10-10T04:42:38.074771+00:00
[2024-10-10T11:42:38.609+0700] {processor.py:179} INFO - Processing /home/hasyidan/venv/lib/python3.8/site-packages/airflow/example_dags/example_task_group_decorator.py took 1.276 seconds
[2024-10-10T11:47:58.155+0700] {processor.py:157} INFO - Started process (PID=2875) to work on /home/hasyidan/venv/lib/python3.8/site-packages/airflow/example_dags/example_task_group_decorator.py
[2024-10-10T11:47:58.183+0700] {processor.py:826} INFO - Processing file /home/hasyidan/venv/lib/python3.8/site-packages/airflow/example_dags/example_task_group_decorator.py for tasks to queue
[2024-10-10T11:47:58.186+0700] {logging_mixin.py:149} INFO - [2024-10-10T11:47:58.185+0700] {dagbag.py:541} INFO - Filling up the DagBag from /home/hasyidan/venv/lib/python3.8/site-packages/airflow/example_dags/example_task_group_decorator.py
[2024-10-10T11:47:58.220+0700] {processor.py:836} INFO - DAG(s) dict_keys(['example_task_group_decorator']) retrieved from /home/hasyidan/venv/lib/python3.8/site-packages/airflow/example_dags/example_task_group_decorator.py
[2024-10-10T11:47:58.267+0700] {logging_mixin.py:149} INFO - [2024-10-10T11:47:58.267+0700] {dag.py:2726} INFO - Sync 1 DAGs
[2024-10-10T11:47:58.312+0700] {logging_mixin.py:149} INFO - [2024-10-10T11:47:58.312+0700] {dag.py:3486} INFO - Setting next_dagrun for example_task_group_decorator to 2024-10-09T04:47:58.311961+00:00, run_after=2024-10-10T04:47:58.311961+00:00
[2024-10-10T11:47:58.727+0700] {processor.py:179} INFO - Processing /home/hasyidan/venv/lib/python3.8/site-packages/airflow/example_dags/example_task_group_decorator.py took 0.577 seconds
[2024-10-10T11:49:17.396+0700] {processor.py:157} INFO - Started process (PID=2940) to work on /home/hasyidan/venv/lib/python3.8/site-packages/airflow/example_dags/example_task_group_decorator.py
[2024-10-10T11:49:17.525+0700] {processor.py:826} INFO - Processing file /home/hasyidan/venv/lib/python3.8/site-packages/airflow/example_dags/example_task_group_decorator.py for tasks to queue
[2024-10-10T11:49:17.527+0700] {logging_mixin.py:149} INFO - [2024-10-10T11:49:17.527+0700] {dagbag.py:541} INFO - Filling up the DagBag from /home/hasyidan/venv/lib/python3.8/site-packages/airflow/example_dags/example_task_group_decorator.py
[2024-10-10T11:49:17.558+0700] {processor.py:836} INFO - DAG(s) dict_keys(['example_task_group_decorator']) retrieved from /home/hasyidan/venv/lib/python3.8/site-packages/airflow/example_dags/example_task_group_decorator.py
[2024-10-10T11:49:17.603+0700] {logging_mixin.py:149} INFO - [2024-10-10T11:49:17.603+0700] {dag.py:2726} INFO - Sync 1 DAGs
[2024-10-10T11:49:17.856+0700] {logging_mixin.py:149} INFO - [2024-10-10T11:49:17.855+0700] {dag.py:3486} INFO - Setting next_dagrun for example_task_group_decorator to 2024-10-09T04:49:17.855552+00:00, run_after=2024-10-10T04:49:17.855552+00:00
[2024-10-10T11:49:18.215+0700] {processor.py:179} INFO - Processing /home/hasyidan/venv/lib/python3.8/site-packages/airflow/example_dags/example_task_group_decorator.py took 0.826 seconds
[2024-10-10T11:50:42.921+0700] {processor.py:157} INFO - Started process (PID=3018) to work on /home/hasyidan/venv/lib/python3.8/site-packages/airflow/example_dags/example_task_group_decorator.py
[2024-10-10T11:50:43.012+0700] {processor.py:826} INFO - Processing file /home/hasyidan/venv/lib/python3.8/site-packages/airflow/example_dags/example_task_group_decorator.py for tasks to queue
[2024-10-10T11:50:43.015+0700] {logging_mixin.py:149} INFO - [2024-10-10T11:50:43.014+0700] {dagbag.py:541} INFO - Filling up the DagBag from /home/hasyidan/venv/lib/python3.8/site-packages/airflow/example_dags/example_task_group_decorator.py
[2024-10-10T11:50:43.256+0700] {processor.py:836} INFO - DAG(s) dict_keys(['example_task_group_decorator']) retrieved from /home/hasyidan/venv/lib/python3.8/site-packages/airflow/example_dags/example_task_group_decorator.py
[2024-10-10T11:50:43.591+0700] {logging_mixin.py:149} INFO - [2024-10-10T11:50:43.590+0700] {dag.py:2726} INFO - Sync 1 DAGs
[2024-10-10T11:50:43.657+0700] {logging_mixin.py:149} INFO - [2024-10-10T11:50:43.656+0700] {dag.py:3486} INFO - Setting next_dagrun for example_task_group_decorator to 2024-10-09T04:50:43.656400+00:00, run_after=2024-10-10T04:50:43.656400+00:00
[2024-10-10T11:50:44.835+0700] {processor.py:179} INFO - Processing /home/hasyidan/venv/lib/python3.8/site-packages/airflow/example_dags/example_task_group_decorator.py took 1.924 seconds
[2024-10-10T11:52:54.788+0700] {processor.py:157} INFO - Started process (PID=3292) to work on /home/hasyidan/venv/lib/python3.8/site-packages/airflow/example_dags/example_task_group_decorator.py
[2024-10-10T11:52:54.806+0700] {processor.py:826} INFO - Processing file /home/hasyidan/venv/lib/python3.8/site-packages/airflow/example_dags/example_task_group_decorator.py for tasks to queue
[2024-10-10T11:52:54.809+0700] {logging_mixin.py:149} INFO - [2024-10-10T11:52:54.809+0700] {dagbag.py:541} INFO - Filling up the DagBag from /home/hasyidan/venv/lib/python3.8/site-packages/airflow/example_dags/example_task_group_decorator.py
[2024-10-10T11:52:54.842+0700] {processor.py:836} INFO - DAG(s) dict_keys(['example_task_group_decorator']) retrieved from /home/hasyidan/venv/lib/python3.8/site-packages/airflow/example_dags/example_task_group_decorator.py
[2024-10-10T11:52:54.890+0700] {logging_mixin.py:149} INFO - [2024-10-10T11:52:54.890+0700] {dag.py:2726} INFO - Sync 1 DAGs
[2024-10-10T11:52:54.936+0700] {logging_mixin.py:149} INFO - [2024-10-10T11:52:54.936+0700] {dag.py:3486} INFO - Setting next_dagrun for example_task_group_decorator to 2024-10-09T04:52:54.935867+00:00, run_after=2024-10-10T04:52:54.935867+00:00
[2024-10-10T11:52:55.053+0700] {processor.py:179} INFO - Processing /home/hasyidan/venv/lib/python3.8/site-packages/airflow/example_dags/example_task_group_decorator.py took 0.271 seconds
[2024-10-10T11:53:47.851+0700] {processor.py:157} INFO - Started process (PID=3368) to work on /home/hasyidan/venv/lib/python3.8/site-packages/airflow/example_dags/example_task_group_decorator.py
[2024-10-10T11:53:47.891+0700] {processor.py:826} INFO - Processing file /home/hasyidan/venv/lib/python3.8/site-packages/airflow/example_dags/example_task_group_decorator.py for tasks to queue
[2024-10-10T11:53:47.894+0700] {logging_mixin.py:149} INFO - [2024-10-10T11:53:47.893+0700] {dagbag.py:541} INFO - Filling up the DagBag from /home/hasyidan/venv/lib/python3.8/site-packages/airflow/example_dags/example_task_group_decorator.py
[2024-10-10T11:53:47.926+0700] {processor.py:836} INFO - DAG(s) dict_keys(['example_task_group_decorator']) retrieved from /home/hasyidan/venv/lib/python3.8/site-packages/airflow/example_dags/example_task_group_decorator.py
[2024-10-10T11:53:47.971+0700] {logging_mixin.py:149} INFO - [2024-10-10T11:53:47.971+0700] {dag.py:2726} INFO - Sync 1 DAGs
[2024-10-10T11:53:48.013+0700] {logging_mixin.py:149} INFO - [2024-10-10T11:53:48.012+0700] {dag.py:3486} INFO - Setting next_dagrun for example_task_group_decorator to 2024-10-09T04:53:48.012517+00:00, run_after=2024-10-10T04:53:48.012517+00:00
[2024-10-10T11:53:48.139+0700] {processor.py:179} INFO - Processing /home/hasyidan/venv/lib/python3.8/site-packages/airflow/example_dags/example_task_group_decorator.py took 0.293 seconds
[2024-10-10T11:54:45.696+0700] {processor.py:157} INFO - Started process (PID=3429) to work on /home/hasyidan/venv/lib/python3.8/site-packages/airflow/example_dags/example_task_group_decorator.py
[2024-10-10T11:54:45.715+0700] {processor.py:826} INFO - Processing file /home/hasyidan/venv/lib/python3.8/site-packages/airflow/example_dags/example_task_group_decorator.py for tasks to queue
[2024-10-10T11:54:45.717+0700] {logging_mixin.py:149} INFO - [2024-10-10T11:54:45.717+0700] {dagbag.py:541} INFO - Filling up the DagBag from /home/hasyidan/venv/lib/python3.8/site-packages/airflow/example_dags/example_task_group_decorator.py
[2024-10-10T11:54:45.748+0700] {processor.py:836} INFO - DAG(s) dict_keys(['example_task_group_decorator']) retrieved from /home/hasyidan/venv/lib/python3.8/site-packages/airflow/example_dags/example_task_group_decorator.py
[2024-10-10T11:54:45.793+0700] {logging_mixin.py:149} INFO - [2024-10-10T11:54:45.792+0700] {dag.py:2726} INFO - Sync 1 DAGs
[2024-10-10T11:54:45.838+0700] {logging_mixin.py:149} INFO - [2024-10-10T11:54:45.837+0700] {dag.py:3486} INFO - Setting next_dagrun for example_task_group_decorator to 2024-10-09T04:54:45.837157+00:00, run_after=2024-10-10T04:54:45.837157+00:00
[2024-10-10T11:54:45.996+0700] {processor.py:179} INFO - Processing /home/hasyidan/venv/lib/python3.8/site-packages/airflow/example_dags/example_task_group_decorator.py took 0.305 seconds
[2024-10-10T11:55:52.244+0700] {processor.py:157} INFO - Started process (PID=3513) to work on /home/hasyidan/venv/lib/python3.8/site-packages/airflow/example_dags/example_task_group_decorator.py
[2024-10-10T11:55:52.315+0700] {processor.py:826} INFO - Processing file /home/hasyidan/venv/lib/python3.8/site-packages/airflow/example_dags/example_task_group_decorator.py for tasks to queue
[2024-10-10T11:55:52.318+0700] {logging_mixin.py:149} INFO - [2024-10-10T11:55:52.317+0700] {dagbag.py:541} INFO - Filling up the DagBag from /home/hasyidan/venv/lib/python3.8/site-packages/airflow/example_dags/example_task_group_decorator.py
[2024-10-10T11:55:52.350+0700] {processor.py:836} INFO - DAG(s) dict_keys(['example_task_group_decorator']) retrieved from /home/hasyidan/venv/lib/python3.8/site-packages/airflow/example_dags/example_task_group_decorator.py
[2024-10-10T11:55:52.395+0700] {logging_mixin.py:149} INFO - [2024-10-10T11:55:52.395+0700] {dag.py:2726} INFO - Sync 1 DAGs
[2024-10-10T11:55:52.437+0700] {logging_mixin.py:149} INFO - [2024-10-10T11:55:52.437+0700] {dag.py:3486} INFO - Setting next_dagrun for example_task_group_decorator to 2024-10-09T04:55:52.436865+00:00, run_after=2024-10-10T04:55:52.436865+00:00
[2024-10-10T11:55:52.607+0700] {processor.py:179} INFO - Processing /home/hasyidan/venv/lib/python3.8/site-packages/airflow/example_dags/example_task_group_decorator.py took 0.369 seconds
[2024-10-10T11:56:50.093+0700] {processor.py:157} INFO - Started process (PID=3573) to work on /home/hasyidan/venv/lib/python3.8/site-packages/airflow/example_dags/example_task_group_decorator.py
[2024-10-10T11:56:50.105+0700] {processor.py:826} INFO - Processing file /home/hasyidan/venv/lib/python3.8/site-packages/airflow/example_dags/example_task_group_decorator.py for tasks to queue
[2024-10-10T11:56:50.108+0700] {logging_mixin.py:149} INFO - [2024-10-10T11:56:50.107+0700] {dagbag.py:541} INFO - Filling up the DagBag from /home/hasyidan/venv/lib/python3.8/site-packages/airflow/example_dags/example_task_group_decorator.py
[2024-10-10T11:56:50.140+0700] {processor.py:836} INFO - DAG(s) dict_keys(['example_task_group_decorator']) retrieved from /home/hasyidan/venv/lib/python3.8/site-packages/airflow/example_dags/example_task_group_decorator.py
[2024-10-10T11:56:50.186+0700] {logging_mixin.py:149} INFO - [2024-10-10T11:56:50.186+0700] {dag.py:2726} INFO - Sync 1 DAGs
[2024-10-10T11:56:50.232+0700] {logging_mixin.py:149} INFO - [2024-10-10T11:56:50.232+0700] {dag.py:3486} INFO - Setting next_dagrun for example_task_group_decorator to 2024-10-09T04:56:50.231714+00:00, run_after=2024-10-10T04:56:50.231714+00:00
[2024-10-10T11:56:50.396+0700] {processor.py:179} INFO - Processing /home/hasyidan/venv/lib/python3.8/site-packages/airflow/example_dags/example_task_group_decorator.py took 0.310 seconds
[2024-10-10T11:57:48.129+0700] {processor.py:157} INFO - Started process (PID=3636) to work on /home/hasyidan/venv/lib/python3.8/site-packages/airflow/example_dags/example_task_group_decorator.py
[2024-10-10T11:57:48.140+0700] {processor.py:826} INFO - Processing file /home/hasyidan/venv/lib/python3.8/site-packages/airflow/example_dags/example_task_group_decorator.py for tasks to queue
[2024-10-10T11:57:48.142+0700] {logging_mixin.py:149} INFO - [2024-10-10T11:57:48.141+0700] {dagbag.py:541} INFO - Filling up the DagBag from /home/hasyidan/venv/lib/python3.8/site-packages/airflow/example_dags/example_task_group_decorator.py
[2024-10-10T11:57:48.172+0700] {processor.py:836} INFO - DAG(s) dict_keys(['example_task_group_decorator']) retrieved from /home/hasyidan/venv/lib/python3.8/site-packages/airflow/example_dags/example_task_group_decorator.py
[2024-10-10T11:57:48.217+0700] {logging_mixin.py:149} INFO - [2024-10-10T11:57:48.217+0700] {dag.py:2726} INFO - Sync 1 DAGs
[2024-10-10T11:57:48.259+0700] {logging_mixin.py:149} INFO - [2024-10-10T11:57:48.259+0700] {dag.py:3486} INFO - Setting next_dagrun for example_task_group_decorator to 2024-10-09T04:57:48.258928+00:00, run_after=2024-10-10T04:57:48.258928+00:00
[2024-10-10T11:57:48.382+0700] {processor.py:179} INFO - Processing /home/hasyidan/venv/lib/python3.8/site-packages/airflow/example_dags/example_task_group_decorator.py took 0.260 seconds
[2024-10-10T11:58:54.106+0700] {processor.py:157} INFO - Started process (PID=3722) to work on /home/hasyidan/venv/lib/python3.8/site-packages/airflow/example_dags/example_task_group_decorator.py
[2024-10-10T11:58:54.162+0700] {processor.py:826} INFO - Processing file /home/hasyidan/venv/lib/python3.8/site-packages/airflow/example_dags/example_task_group_decorator.py for tasks to queue
[2024-10-10T11:58:54.168+0700] {logging_mixin.py:149} INFO - [2024-10-10T11:58:54.165+0700] {dagbag.py:541} INFO - Filling up the DagBag from /home/hasyidan/venv/lib/python3.8/site-packages/airflow/example_dags/example_task_group_decorator.py
[2024-10-10T11:58:54.311+0700] {processor.py:836} INFO - DAG(s) dict_keys(['example_task_group_decorator']) retrieved from /home/hasyidan/venv/lib/python3.8/site-packages/airflow/example_dags/example_task_group_decorator.py
[2024-10-10T11:58:54.426+0700] {logging_mixin.py:149} INFO - [2024-10-10T11:58:54.425+0700] {dag.py:2726} INFO - Sync 1 DAGs
[2024-10-10T11:58:54.508+0700] {logging_mixin.py:149} INFO - [2024-10-10T11:58:54.508+0700] {dag.py:3486} INFO - Setting next_dagrun for example_task_group_decorator to 2024-10-09T04:58:54.507801+00:00, run_after=2024-10-10T04:58:54.507801+00:00
[2024-10-10T11:58:54.649+0700] {processor.py:179} INFO - Processing /home/hasyidan/venv/lib/python3.8/site-packages/airflow/example_dags/example_task_group_decorator.py took 0.549 seconds
[2024-10-10T11:59:56.264+0700] {processor.py:157} INFO - Started process (PID=3783) to work on /home/hasyidan/venv/lib/python3.8/site-packages/airflow/example_dags/example_task_group_decorator.py
[2024-10-10T11:59:56.272+0700] {processor.py:826} INFO - Processing file /home/hasyidan/venv/lib/python3.8/site-packages/airflow/example_dags/example_task_group_decorator.py for tasks to queue
[2024-10-10T11:59:56.275+0700] {logging_mixin.py:149} INFO - [2024-10-10T11:59:56.274+0700] {dagbag.py:541} INFO - Filling up the DagBag from /home/hasyidan/venv/lib/python3.8/site-packages/airflow/example_dags/example_task_group_decorator.py
[2024-10-10T11:59:56.306+0700] {processor.py:836} INFO - DAG(s) dict_keys(['example_task_group_decorator']) retrieved from /home/hasyidan/venv/lib/python3.8/site-packages/airflow/example_dags/example_task_group_decorator.py
[2024-10-10T11:59:56.351+0700] {logging_mixin.py:149} INFO - [2024-10-10T11:59:56.351+0700] {dag.py:2726} INFO - Sync 1 DAGs
[2024-10-10T11:59:56.399+0700] {logging_mixin.py:149} INFO - [2024-10-10T11:59:56.398+0700] {dag.py:3486} INFO - Setting next_dagrun for example_task_group_decorator to 2024-10-09T04:59:56.398107+00:00, run_after=2024-10-10T04:59:56.398107+00:00
[2024-10-10T11:59:56.624+0700] {processor.py:179} INFO - Processing /home/hasyidan/venv/lib/python3.8/site-packages/airflow/example_dags/example_task_group_decorator.py took 0.367 seconds
[2024-10-10T12:00:49.616+0700] {processor.py:157} INFO - Started process (PID=3839) to work on /home/hasyidan/venv/lib/python3.8/site-packages/airflow/example_dags/example_task_group_decorator.py
[2024-10-10T12:00:49.623+0700] {processor.py:826} INFO - Processing file /home/hasyidan/venv/lib/python3.8/site-packages/airflow/example_dags/example_task_group_decorator.py for tasks to queue
[2024-10-10T12:00:49.625+0700] {logging_mixin.py:149} INFO - [2024-10-10T12:00:49.625+0700] {dagbag.py:541} INFO - Filling up the DagBag from /home/hasyidan/venv/lib/python3.8/site-packages/airflow/example_dags/example_task_group_decorator.py
[2024-10-10T12:00:49.656+0700] {processor.py:836} INFO - DAG(s) dict_keys(['example_task_group_decorator']) retrieved from /home/hasyidan/venv/lib/python3.8/site-packages/airflow/example_dags/example_task_group_decorator.py
[2024-10-10T12:00:49.700+0700] {logging_mixin.py:149} INFO - [2024-10-10T12:00:49.700+0700] {dag.py:2726} INFO - Sync 1 DAGs
[2024-10-10T12:00:49.743+0700] {logging_mixin.py:149} INFO - [2024-10-10T12:00:49.742+0700] {dag.py:3486} INFO - Setting next_dagrun for example_task_group_decorator to 2024-10-09T05:00:49.742501+00:00, run_after=2024-10-10T05:00:49.742501+00:00
[2024-10-10T12:00:49.859+0700] {processor.py:179} INFO - Processing /home/hasyidan/venv/lib/python3.8/site-packages/airflow/example_dags/example_task_group_decorator.py took 0.249 seconds
[2024-10-10T12:01:43.665+0700] {processor.py:157} INFO - Started process (PID=3897) to work on /home/hasyidan/venv/lib/python3.8/site-packages/airflow/example_dags/example_task_group_decorator.py
[2024-10-10T12:01:43.693+0700] {processor.py:826} INFO - Processing file /home/hasyidan/venv/lib/python3.8/site-packages/airflow/example_dags/example_task_group_decorator.py for tasks to queue
[2024-10-10T12:01:43.694+0700] {logging_mixin.py:149} INFO - [2024-10-10T12:01:43.694+0700] {dagbag.py:541} INFO - Filling up the DagBag from /home/hasyidan/venv/lib/python3.8/site-packages/airflow/example_dags/example_task_group_decorator.py
[2024-10-10T12:01:43.725+0700] {processor.py:836} INFO - DAG(s) dict_keys(['example_task_group_decorator']) retrieved from /home/hasyidan/venv/lib/python3.8/site-packages/airflow/example_dags/example_task_group_decorator.py
[2024-10-10T12:01:43.770+0700] {logging_mixin.py:149} INFO - [2024-10-10T12:01:43.769+0700] {dag.py:2726} INFO - Sync 1 DAGs
[2024-10-10T12:01:43.815+0700] {logging_mixin.py:149} INFO - [2024-10-10T12:01:43.815+0700] {dag.py:3486} INFO - Setting next_dagrun for example_task_group_decorator to 2024-10-09T05:01:43.815065+00:00, run_after=2024-10-10T05:01:43.815065+00:00
[2024-10-10T12:01:43.929+0700] {processor.py:179} INFO - Processing /home/hasyidan/venv/lib/python3.8/site-packages/airflow/example_dags/example_task_group_decorator.py took 0.271 seconds
[2024-10-10T12:02:33.146+0700] {processor.py:157} INFO - Started process (PID=3958) to work on /home/hasyidan/venv/lib/python3.8/site-packages/airflow/example_dags/example_task_group_decorator.py
[2024-10-10T12:02:33.173+0700] {processor.py:826} INFO - Processing file /home/hasyidan/venv/lib/python3.8/site-packages/airflow/example_dags/example_task_group_decorator.py for tasks to queue
[2024-10-10T12:02:33.177+0700] {logging_mixin.py:149} INFO - [2024-10-10T12:02:33.176+0700] {dagbag.py:541} INFO - Filling up the DagBag from /home/hasyidan/venv/lib/python3.8/site-packages/airflow/example_dags/example_task_group_decorator.py
[2024-10-10T12:02:33.254+0700] {processor.py:836} INFO - DAG(s) dict_keys(['example_task_group_decorator']) retrieved from /home/hasyidan/venv/lib/python3.8/site-packages/airflow/example_dags/example_task_group_decorator.py
[2024-10-10T12:02:33.351+0700] {logging_mixin.py:149} INFO - [2024-10-10T12:02:33.349+0700] {dag.py:2726} INFO - Sync 1 DAGs
[2024-10-10T12:02:33.407+0700] {logging_mixin.py:149} INFO - [2024-10-10T12:02:33.406+0700] {dag.py:3486} INFO - Setting next_dagrun for example_task_group_decorator to 2024-10-09T05:02:33.405977+00:00, run_after=2024-10-10T05:02:33.405977+00:00
[2024-10-10T12:02:33.687+0700] {processor.py:179} INFO - Processing /home/hasyidan/venv/lib/python3.8/site-packages/airflow/example_dags/example_task_group_decorator.py took 0.549 seconds
[2024-10-10T12:03:26.343+0700] {processor.py:157} INFO - Started process (PID=4014) to work on /home/hasyidan/venv/lib/python3.8/site-packages/airflow/example_dags/example_task_group_decorator.py
[2024-10-10T12:03:26.364+0700] {processor.py:826} INFO - Processing file /home/hasyidan/venv/lib/python3.8/site-packages/airflow/example_dags/example_task_group_decorator.py for tasks to queue
[2024-10-10T12:03:26.367+0700] {logging_mixin.py:149} INFO - [2024-10-10T12:03:26.366+0700] {dagbag.py:541} INFO - Filling up the DagBag from /home/hasyidan/venv/lib/python3.8/site-packages/airflow/example_dags/example_task_group_decorator.py
[2024-10-10T12:03:26.398+0700] {processor.py:836} INFO - DAG(s) dict_keys(['example_task_group_decorator']) retrieved from /home/hasyidan/venv/lib/python3.8/site-packages/airflow/example_dags/example_task_group_decorator.py
[2024-10-10T12:03:26.443+0700] {logging_mixin.py:149} INFO - [2024-10-10T12:03:26.442+0700] {dag.py:2726} INFO - Sync 1 DAGs
[2024-10-10T12:03:26.488+0700] {logging_mixin.py:149} INFO - [2024-10-10T12:03:26.488+0700] {dag.py:3486} INFO - Setting next_dagrun for example_task_group_decorator to 2024-10-09T05:03:26.488126+00:00, run_after=2024-10-10T05:03:26.488126+00:00
[2024-10-10T12:03:26.602+0700] {processor.py:179} INFO - Processing /home/hasyidan/venv/lib/python3.8/site-packages/airflow/example_dags/example_task_group_decorator.py took 0.264 seconds
[2024-10-10T12:04:18.355+0700] {processor.py:157} INFO - Started process (PID=4070) to work on /home/hasyidan/venv/lib/python3.8/site-packages/airflow/example_dags/example_task_group_decorator.py
[2024-10-10T12:04:18.374+0700] {processor.py:826} INFO - Processing file /home/hasyidan/venv/lib/python3.8/site-packages/airflow/example_dags/example_task_group_decorator.py for tasks to queue
[2024-10-10T12:04:18.377+0700] {logging_mixin.py:149} INFO - [2024-10-10T12:04:18.377+0700] {dagbag.py:541} INFO - Filling up the DagBag from /home/hasyidan/venv/lib/python3.8/site-packages/airflow/example_dags/example_task_group_decorator.py
[2024-10-10T12:04:18.409+0700] {processor.py:836} INFO - DAG(s) dict_keys(['example_task_group_decorator']) retrieved from /home/hasyidan/venv/lib/python3.8/site-packages/airflow/example_dags/example_task_group_decorator.py
[2024-10-10T12:04:18.454+0700] {logging_mixin.py:149} INFO - [2024-10-10T12:04:18.453+0700] {dag.py:2726} INFO - Sync 1 DAGs
[2024-10-10T12:04:18.496+0700] {logging_mixin.py:149} INFO - [2024-10-10T12:04:18.496+0700] {dag.py:3486} INFO - Setting next_dagrun for example_task_group_decorator to 2024-10-09T05:04:18.496069+00:00, run_after=2024-10-10T05:04:18.496069+00:00
[2024-10-10T12:04:18.611+0700] {processor.py:179} INFO - Processing /home/hasyidan/venv/lib/python3.8/site-packages/airflow/example_dags/example_task_group_decorator.py took 0.261 seconds
[2024-10-10T12:05:11.125+0700] {processor.py:157} INFO - Started process (PID=4182) to work on /home/hasyidan/venv/lib/python3.8/site-packages/airflow/example_dags/example_task_group_decorator.py
[2024-10-10T12:05:11.127+0700] {processor.py:826} INFO - Processing file /home/hasyidan/venv/lib/python3.8/site-packages/airflow/example_dags/example_task_group_decorator.py for tasks to queue
[2024-10-10T12:05:11.128+0700] {logging_mixin.py:149} INFO - [2024-10-10T12:05:11.128+0700] {dagbag.py:541} INFO - Filling up the DagBag from /home/hasyidan/venv/lib/python3.8/site-packages/airflow/example_dags/example_task_group_decorator.py
[2024-10-10T12:05:11.158+0700] {processor.py:836} INFO - DAG(s) dict_keys(['example_task_group_decorator']) retrieved from /home/hasyidan/venv/lib/python3.8/site-packages/airflow/example_dags/example_task_group_decorator.py
[2024-10-10T12:05:11.203+0700] {logging_mixin.py:149} INFO - [2024-10-10T12:05:11.203+0700] {dag.py:2726} INFO - Sync 1 DAGs
[2024-10-10T12:05:11.249+0700] {logging_mixin.py:149} INFO - [2024-10-10T12:05:11.248+0700] {dag.py:3486} INFO - Setting next_dagrun for example_task_group_decorator to 2024-10-09T05:05:11.248315+00:00, run_after=2024-10-10T05:05:11.248315+00:00
[2024-10-10T12:05:11.384+0700] {processor.py:179} INFO - Processing /home/hasyidan/venv/lib/python3.8/site-packages/airflow/example_dags/example_task_group_decorator.py took 0.264 seconds
[2024-10-10T12:06:07.071+0700] {processor.py:157} INFO - Started process (PID=4243) to work on /home/hasyidan/venv/lib/python3.8/site-packages/airflow/example_dags/example_task_group_decorator.py
[2024-10-10T12:06:07.083+0700] {processor.py:826} INFO - Processing file /home/hasyidan/venv/lib/python3.8/site-packages/airflow/example_dags/example_task_group_decorator.py for tasks to queue
[2024-10-10T12:06:07.085+0700] {logging_mixin.py:149} INFO - [2024-10-10T12:06:07.085+0700] {dagbag.py:541} INFO - Filling up the DagBag from /home/hasyidan/venv/lib/python3.8/site-packages/airflow/example_dags/example_task_group_decorator.py
[2024-10-10T12:06:07.116+0700] {processor.py:836} INFO - DAG(s) dict_keys(['example_task_group_decorator']) retrieved from /home/hasyidan/venv/lib/python3.8/site-packages/airflow/example_dags/example_task_group_decorator.py
[2024-10-10T12:06:07.161+0700] {logging_mixin.py:149} INFO - [2024-10-10T12:06:07.161+0700] {dag.py:2726} INFO - Sync 1 DAGs
[2024-10-10T12:06:07.203+0700] {logging_mixin.py:149} INFO - [2024-10-10T12:06:07.203+0700] {dag.py:3486} INFO - Setting next_dagrun for example_task_group_decorator to 2024-10-09T05:06:07.202806+00:00, run_after=2024-10-10T05:06:07.202806+00:00
[2024-10-10T12:06:07.362+0700] {processor.py:179} INFO - Processing /home/hasyidan/venv/lib/python3.8/site-packages/airflow/example_dags/example_task_group_decorator.py took 0.297 seconds
[2024-10-10T12:07:02.504+0700] {processor.py:157} INFO - Started process (PID=4301) to work on /home/hasyidan/venv/lib/python3.8/site-packages/airflow/example_dags/example_task_group_decorator.py
[2024-10-10T12:07:02.517+0700] {processor.py:826} INFO - Processing file /home/hasyidan/venv/lib/python3.8/site-packages/airflow/example_dags/example_task_group_decorator.py for tasks to queue
[2024-10-10T12:07:02.519+0700] {logging_mixin.py:149} INFO - [2024-10-10T12:07:02.518+0700] {dagbag.py:541} INFO - Filling up the DagBag from /home/hasyidan/venv/lib/python3.8/site-packages/airflow/example_dags/example_task_group_decorator.py
[2024-10-10T12:07:02.549+0700] {processor.py:836} INFO - DAG(s) dict_keys(['example_task_group_decorator']) retrieved from /home/hasyidan/venv/lib/python3.8/site-packages/airflow/example_dags/example_task_group_decorator.py
[2024-10-10T12:07:02.594+0700] {logging_mixin.py:149} INFO - [2024-10-10T12:07:02.594+0700] {dag.py:2726} INFO - Sync 1 DAGs
[2024-10-10T12:07:02.642+0700] {logging_mixin.py:149} INFO - [2024-10-10T12:07:02.641+0700] {dag.py:3486} INFO - Setting next_dagrun for example_task_group_decorator to 2024-10-09T05:07:02.641475+00:00, run_after=2024-10-10T05:07:02.641475+00:00
[2024-10-10T12:07:02.820+0700] {processor.py:179} INFO - Processing /home/hasyidan/venv/lib/python3.8/site-packages/airflow/example_dags/example_task_group_decorator.py took 0.321 seconds
[2024-10-10T12:08:01.973+0700] {processor.py:157} INFO - Started process (PID=4366) to work on /home/hasyidan/venv/lib/python3.8/site-packages/airflow/example_dags/example_task_group_decorator.py
[2024-10-10T12:08:01.997+0700] {processor.py:826} INFO - Processing file /home/hasyidan/venv/lib/python3.8/site-packages/airflow/example_dags/example_task_group_decorator.py for tasks to queue
[2024-10-10T12:08:01.999+0700] {logging_mixin.py:149} INFO - [2024-10-10T12:08:01.999+0700] {dagbag.py:541} INFO - Filling up the DagBag from /home/hasyidan/venv/lib/python3.8/site-packages/airflow/example_dags/example_task_group_decorator.py
[2024-10-10T12:08:02.032+0700] {processor.py:836} INFO - DAG(s) dict_keys(['example_task_group_decorator']) retrieved from /home/hasyidan/venv/lib/python3.8/site-packages/airflow/example_dags/example_task_group_decorator.py
[2024-10-10T12:08:02.077+0700] {logging_mixin.py:149} INFO - [2024-10-10T12:08:02.077+0700] {dag.py:2726} INFO - Sync 1 DAGs
[2024-10-10T12:08:02.119+0700] {logging_mixin.py:149} INFO - [2024-10-10T12:08:02.119+0700] {dag.py:3486} INFO - Setting next_dagrun for example_task_group_decorator to 2024-10-09T05:08:02.118830+00:00, run_after=2024-10-10T05:08:02.118830+00:00
[2024-10-10T12:08:02.276+0700] {processor.py:179} INFO - Processing /home/hasyidan/venv/lib/python3.8/site-packages/airflow/example_dags/example_task_group_decorator.py took 0.309 seconds
[2024-10-10T12:08:58.753+0700] {processor.py:157} INFO - Started process (PID=4429) to work on /home/hasyidan/venv/lib/python3.8/site-packages/airflow/example_dags/example_task_group_decorator.py
[2024-10-10T12:08:58.755+0700] {processor.py:826} INFO - Processing file /home/hasyidan/venv/lib/python3.8/site-packages/airflow/example_dags/example_task_group_decorator.py for tasks to queue
[2024-10-10T12:08:58.757+0700] {logging_mixin.py:149} INFO - [2024-10-10T12:08:58.756+0700] {dagbag.py:541} INFO - Filling up the DagBag from /home/hasyidan/venv/lib/python3.8/site-packages/airflow/example_dags/example_task_group_decorator.py
[2024-10-10T12:08:58.785+0700] {processor.py:836} INFO - DAG(s) dict_keys(['example_task_group_decorator']) retrieved from /home/hasyidan/venv/lib/python3.8/site-packages/airflow/example_dags/example_task_group_decorator.py
[2024-10-10T12:08:58.829+0700] {logging_mixin.py:149} INFO - [2024-10-10T12:08:58.829+0700] {dag.py:2726} INFO - Sync 1 DAGs
[2024-10-10T12:08:58.874+0700] {logging_mixin.py:149} INFO - [2024-10-10T12:08:58.874+0700] {dag.py:3486} INFO - Setting next_dagrun for example_task_group_decorator to 2024-10-09T05:08:58.873823+00:00, run_after=2024-10-10T05:08:58.873823+00:00
[2024-10-10T12:08:59.023+0700] {processor.py:179} INFO - Processing /home/hasyidan/venv/lib/python3.8/site-packages/airflow/example_dags/example_task_group_decorator.py took 0.277 seconds
[2024-10-10T12:09:52.345+0700] {processor.py:157} INFO - Started process (PID=4485) to work on /home/hasyidan/venv/lib/python3.8/site-packages/airflow/example_dags/example_task_group_decorator.py
[2024-10-10T12:09:52.347+0700] {processor.py:826} INFO - Processing file /home/hasyidan/venv/lib/python3.8/site-packages/airflow/example_dags/example_task_group_decorator.py for tasks to queue
[2024-10-10T12:09:52.348+0700] {logging_mixin.py:149} INFO - [2024-10-10T12:09:52.348+0700] {dagbag.py:541} INFO - Filling up the DagBag from /home/hasyidan/venv/lib/python3.8/site-packages/airflow/example_dags/example_task_group_decorator.py
[2024-10-10T12:09:52.376+0700] {processor.py:836} INFO - DAG(s) dict_keys(['example_task_group_decorator']) retrieved from /home/hasyidan/venv/lib/python3.8/site-packages/airflow/example_dags/example_task_group_decorator.py
[2024-10-10T12:09:52.420+0700] {logging_mixin.py:149} INFO - [2024-10-10T12:09:52.420+0700] {dag.py:2726} INFO - Sync 1 DAGs
[2024-10-10T12:09:52.462+0700] {logging_mixin.py:149} INFO - [2024-10-10T12:09:52.462+0700] {dag.py:3486} INFO - Setting next_dagrun for example_task_group_decorator to 2024-10-09T05:09:52.461908+00:00, run_after=2024-10-10T05:09:52.461908+00:00
[2024-10-10T12:09:52.596+0700] {processor.py:179} INFO - Processing /home/hasyidan/venv/lib/python3.8/site-packages/airflow/example_dags/example_task_group_decorator.py took 0.257 seconds
[2024-10-10T12:10:41.928+0700] {processor.py:157} INFO - Started process (PID=4549) to work on /home/hasyidan/venv/lib/python3.8/site-packages/airflow/example_dags/example_task_group_decorator.py
[2024-10-10T12:10:41.930+0700] {processor.py:826} INFO - Processing file /home/hasyidan/venv/lib/python3.8/site-packages/airflow/example_dags/example_task_group_decorator.py for tasks to queue
[2024-10-10T12:10:41.931+0700] {logging_mixin.py:149} INFO - [2024-10-10T12:10:41.931+0700] {dagbag.py:541} INFO - Filling up the DagBag from /home/hasyidan/venv/lib/python3.8/site-packages/airflow/example_dags/example_task_group_decorator.py
[2024-10-10T12:10:41.959+0700] {processor.py:836} INFO - DAG(s) dict_keys(['example_task_group_decorator']) retrieved from /home/hasyidan/venv/lib/python3.8/site-packages/airflow/example_dags/example_task_group_decorator.py
[2024-10-10T12:10:42.003+0700] {logging_mixin.py:149} INFO - [2024-10-10T12:10:42.003+0700] {dag.py:2726} INFO - Sync 1 DAGs
[2024-10-10T12:10:42.047+0700] {logging_mixin.py:149} INFO - [2024-10-10T12:10:42.047+0700] {dag.py:3486} INFO - Setting next_dagrun for example_task_group_decorator to 2024-10-09T05:10:42.047148+00:00, run_after=2024-10-10T05:10:42.047148+00:00
[2024-10-10T12:10:42.188+0700] {processor.py:179} INFO - Processing /home/hasyidan/venv/lib/python3.8/site-packages/airflow/example_dags/example_task_group_decorator.py took 0.266 seconds
[2024-10-10T12:11:35.613+0700] {processor.py:157} INFO - Started process (PID=4611) to work on /home/hasyidan/venv/lib/python3.8/site-packages/airflow/example_dags/example_task_group_decorator.py
[2024-10-10T12:11:35.628+0700] {processor.py:826} INFO - Processing file /home/hasyidan/venv/lib/python3.8/site-packages/airflow/example_dags/example_task_group_decorator.py for tasks to queue
[2024-10-10T12:11:35.630+0700] {logging_mixin.py:149} INFO - [2024-10-10T12:11:35.630+0700] {dagbag.py:541} INFO - Filling up the DagBag from /home/hasyidan/venv/lib/python3.8/site-packages/airflow/example_dags/example_task_group_decorator.py
[2024-10-10T12:11:35.665+0700] {processor.py:836} INFO - DAG(s) dict_keys(['example_task_group_decorator']) retrieved from /home/hasyidan/venv/lib/python3.8/site-packages/airflow/example_dags/example_task_group_decorator.py
[2024-10-10T12:11:35.716+0700] {logging_mixin.py:149} INFO - [2024-10-10T12:11:35.715+0700] {dag.py:2726} INFO - Sync 1 DAGs
[2024-10-10T12:11:35.761+0700] {logging_mixin.py:149} INFO - [2024-10-10T12:11:35.761+0700] {dag.py:3486} INFO - Setting next_dagrun for example_task_group_decorator to 2024-10-09T05:11:35.760958+00:00, run_after=2024-10-10T05:11:35.760958+00:00
[2024-10-10T12:11:35.882+0700] {processor.py:179} INFO - Processing /home/hasyidan/venv/lib/python3.8/site-packages/airflow/example_dags/example_task_group_decorator.py took 0.276 seconds
[2024-10-10T12:12:30.746+0700] {processor.py:157} INFO - Started process (PID=4670) to work on /home/hasyidan/venv/lib/python3.8/site-packages/airflow/example_dags/example_task_group_decorator.py
[2024-10-10T12:12:30.754+0700] {processor.py:826} INFO - Processing file /home/hasyidan/venv/lib/python3.8/site-packages/airflow/example_dags/example_task_group_decorator.py for tasks to queue
[2024-10-10T12:12:30.757+0700] {logging_mixin.py:149} INFO - [2024-10-10T12:12:30.756+0700] {dagbag.py:541} INFO - Filling up the DagBag from /home/hasyidan/venv/lib/python3.8/site-packages/airflow/example_dags/example_task_group_decorator.py
[2024-10-10T12:12:30.791+0700] {processor.py:836} INFO - DAG(s) dict_keys(['example_task_group_decorator']) retrieved from /home/hasyidan/venv/lib/python3.8/site-packages/airflow/example_dags/example_task_group_decorator.py
[2024-10-10T12:12:30.840+0700] {logging_mixin.py:149} INFO - [2024-10-10T12:12:30.839+0700] {dag.py:2726} INFO - Sync 1 DAGs
[2024-10-10T12:12:30.885+0700] {logging_mixin.py:149} INFO - [2024-10-10T12:12:30.884+0700] {dag.py:3486} INFO - Setting next_dagrun for example_task_group_decorator to 2024-10-09T05:12:30.884531+00:00, run_after=2024-10-10T05:12:30.884531+00:00
[2024-10-10T12:12:30.995+0700] {processor.py:179} INFO - Processing /home/hasyidan/venv/lib/python3.8/site-packages/airflow/example_dags/example_task_group_decorator.py took 0.255 seconds
[2024-10-10T12:13:21.678+0700] {processor.py:157} INFO - Started process (PID=4734) to work on /home/hasyidan/venv/lib/python3.8/site-packages/airflow/example_dags/example_task_group_decorator.py
[2024-10-10T12:13:21.689+0700] {processor.py:826} INFO - Processing file /home/hasyidan/venv/lib/python3.8/site-packages/airflow/example_dags/example_task_group_decorator.py for tasks to queue
[2024-10-10T12:13:21.692+0700] {logging_mixin.py:149} INFO - [2024-10-10T12:13:21.691+0700] {dagbag.py:541} INFO - Filling up the DagBag from /home/hasyidan/venv/lib/python3.8/site-packages/airflow/example_dags/example_task_group_decorator.py
[2024-10-10T12:13:21.722+0700] {processor.py:836} INFO - DAG(s) dict_keys(['example_task_group_decorator']) retrieved from /home/hasyidan/venv/lib/python3.8/site-packages/airflow/example_dags/example_task_group_decorator.py
[2024-10-10T12:13:21.767+0700] {logging_mixin.py:149} INFO - [2024-10-10T12:13:21.766+0700] {dag.py:2726} INFO - Sync 1 DAGs
[2024-10-10T12:13:21.808+0700] {logging_mixin.py:149} INFO - [2024-10-10T12:13:21.808+0700] {dag.py:3486} INFO - Setting next_dagrun for example_task_group_decorator to 2024-10-09T05:13:21.807530+00:00, run_after=2024-10-10T05:13:21.807530+00:00
[2024-10-10T12:13:21.921+0700] {processor.py:179} INFO - Processing /home/hasyidan/venv/lib/python3.8/site-packages/airflow/example_dags/example_task_group_decorator.py took 0.249 seconds
[2024-10-10T12:14:10.175+0700] {processor.py:157} INFO - Started process (PID=4785) to work on /home/hasyidan/venv/lib/python3.8/site-packages/airflow/example_dags/example_task_group_decorator.py
[2024-10-10T12:14:10.184+0700] {processor.py:826} INFO - Processing file /home/hasyidan/venv/lib/python3.8/site-packages/airflow/example_dags/example_task_group_decorator.py for tasks to queue
[2024-10-10T12:14:10.186+0700] {logging_mixin.py:149} INFO - [2024-10-10T12:14:10.185+0700] {dagbag.py:541} INFO - Filling up the DagBag from /home/hasyidan/venv/lib/python3.8/site-packages/airflow/example_dags/example_task_group_decorator.py
[2024-10-10T12:14:10.218+0700] {processor.py:836} INFO - DAG(s) dict_keys(['example_task_group_decorator']) retrieved from /home/hasyidan/venv/lib/python3.8/site-packages/airflow/example_dags/example_task_group_decorator.py
[2024-10-10T12:14:10.263+0700] {logging_mixin.py:149} INFO - [2024-10-10T12:14:10.262+0700] {dag.py:2726} INFO - Sync 1 DAGs
[2024-10-10T12:14:10.307+0700] {logging_mixin.py:149} INFO - [2024-10-10T12:14:10.307+0700] {dag.py:3486} INFO - Setting next_dagrun for example_task_group_decorator to 2024-10-09T05:14:10.306735+00:00, run_after=2024-10-10T05:14:10.306735+00:00
[2024-10-10T12:14:10.410+0700] {processor.py:179} INFO - Processing /home/hasyidan/venv/lib/python3.8/site-packages/airflow/example_dags/example_task_group_decorator.py took 0.242 seconds
[2024-10-10T12:15:00.234+0700] {processor.py:157} INFO - Started process (PID=4846) to work on /home/hasyidan/venv/lib/python3.8/site-packages/airflow/example_dags/example_task_group_decorator.py
[2024-10-10T12:15:00.242+0700] {processor.py:826} INFO - Processing file /home/hasyidan/venv/lib/python3.8/site-packages/airflow/example_dags/example_task_group_decorator.py for tasks to queue
[2024-10-10T12:15:00.244+0700] {logging_mixin.py:149} INFO - [2024-10-10T12:15:00.243+0700] {dagbag.py:541} INFO - Filling up the DagBag from /home/hasyidan/venv/lib/python3.8/site-packages/airflow/example_dags/example_task_group_decorator.py
[2024-10-10T12:15:00.275+0700] {processor.py:836} INFO - DAG(s) dict_keys(['example_task_group_decorator']) retrieved from /home/hasyidan/venv/lib/python3.8/site-packages/airflow/example_dags/example_task_group_decorator.py
[2024-10-10T12:15:00.320+0700] {logging_mixin.py:149} INFO - [2024-10-10T12:15:00.319+0700] {dag.py:2726} INFO - Sync 1 DAGs
[2024-10-10T12:15:00.361+0700] {logging_mixin.py:149} INFO - [2024-10-10T12:15:00.361+0700] {dag.py:3486} INFO - Setting next_dagrun for example_task_group_decorator to 2024-10-09T05:15:00.360993+00:00, run_after=2024-10-10T05:15:00.360993+00:00
[2024-10-10T12:15:00.480+0700] {processor.py:179} INFO - Processing /home/hasyidan/venv/lib/python3.8/site-packages/airflow/example_dags/example_task_group_decorator.py took 0.251 seconds
[2024-10-10T12:15:53.354+0700] {processor.py:157} INFO - Started process (PID=4911) to work on /home/hasyidan/venv/lib/python3.8/site-packages/airflow/example_dags/example_task_group_decorator.py
[2024-10-10T12:15:53.356+0700] {processor.py:826} INFO - Processing file /home/hasyidan/venv/lib/python3.8/site-packages/airflow/example_dags/example_task_group_decorator.py for tasks to queue
[2024-10-10T12:15:53.357+0700] {logging_mixin.py:149} INFO - [2024-10-10T12:15:53.357+0700] {dagbag.py:541} INFO - Filling up the DagBag from /home/hasyidan/venv/lib/python3.8/site-packages/airflow/example_dags/example_task_group_decorator.py
[2024-10-10T12:15:53.385+0700] {processor.py:836} INFO - DAG(s) dict_keys(['example_task_group_decorator']) retrieved from /home/hasyidan/venv/lib/python3.8/site-packages/airflow/example_dags/example_task_group_decorator.py
[2024-10-10T12:15:53.430+0700] {logging_mixin.py:149} INFO - [2024-10-10T12:15:53.429+0700] {dag.py:2726} INFO - Sync 1 DAGs
[2024-10-10T12:15:53.474+0700] {logging_mixin.py:149} INFO - [2024-10-10T12:15:53.474+0700] {dag.py:3486} INFO - Setting next_dagrun for example_task_group_decorator to 2024-10-09T05:15:53.473511+00:00, run_after=2024-10-10T05:15:53.473511+00:00
[2024-10-10T12:15:53.596+0700] {processor.py:179} INFO - Processing /home/hasyidan/venv/lib/python3.8/site-packages/airflow/example_dags/example_task_group_decorator.py took 0.248 seconds
[2024-10-10T12:16:47.532+0700] {processor.py:157} INFO - Started process (PID=4973) to work on /home/hasyidan/venv/lib/python3.8/site-packages/airflow/example_dags/example_task_group_decorator.py
[2024-10-10T12:16:47.574+0700] {processor.py:826} INFO - Processing file /home/hasyidan/venv/lib/python3.8/site-packages/airflow/example_dags/example_task_group_decorator.py for tasks to queue
[2024-10-10T12:16:47.576+0700] {logging_mixin.py:149} INFO - [2024-10-10T12:16:47.576+0700] {dagbag.py:541} INFO - Filling up the DagBag from /home/hasyidan/venv/lib/python3.8/site-packages/airflow/example_dags/example_task_group_decorator.py
[2024-10-10T12:16:47.609+0700] {processor.py:836} INFO - DAG(s) dict_keys(['example_task_group_decorator']) retrieved from /home/hasyidan/venv/lib/python3.8/site-packages/airflow/example_dags/example_task_group_decorator.py
[2024-10-10T12:16:47.658+0700] {logging_mixin.py:149} INFO - [2024-10-10T12:16:47.658+0700] {dag.py:2726} INFO - Sync 1 DAGs
[2024-10-10T12:16:47.704+0700] {logging_mixin.py:149} INFO - [2024-10-10T12:16:47.704+0700] {dag.py:3486} INFO - Setting next_dagrun for example_task_group_decorator to 2024-10-09T05:16:47.704035+00:00, run_after=2024-10-10T05:16:47.704035+00:00
[2024-10-10T12:16:47.833+0700] {processor.py:179} INFO - Processing /home/hasyidan/venv/lib/python3.8/site-packages/airflow/example_dags/example_task_group_decorator.py took 0.307 seconds
[2024-10-10T12:17:43.331+0700] {processor.py:157} INFO - Started process (PID=5042) to work on /home/hasyidan/venv/lib/python3.8/site-packages/airflow/example_dags/example_task_group_decorator.py
[2024-10-10T12:17:43.346+0700] {processor.py:826} INFO - Processing file /home/hasyidan/venv/lib/python3.8/site-packages/airflow/example_dags/example_task_group_decorator.py for tasks to queue
[2024-10-10T12:17:43.348+0700] {logging_mixin.py:149} INFO - [2024-10-10T12:17:43.348+0700] {dagbag.py:541} INFO - Filling up the DagBag from /home/hasyidan/venv/lib/python3.8/site-packages/airflow/example_dags/example_task_group_decorator.py
[2024-10-10T12:17:43.379+0700] {processor.py:836} INFO - DAG(s) dict_keys(['example_task_group_decorator']) retrieved from /home/hasyidan/venv/lib/python3.8/site-packages/airflow/example_dags/example_task_group_decorator.py
[2024-10-10T12:17:43.425+0700] {logging_mixin.py:149} INFO - [2024-10-10T12:17:43.424+0700] {dag.py:2726} INFO - Sync 1 DAGs
[2024-10-10T12:17:43.466+0700] {logging_mixin.py:149} INFO - [2024-10-10T12:17:43.466+0700] {dag.py:3486} INFO - Setting next_dagrun for example_task_group_decorator to 2024-10-09T05:17:43.465828+00:00, run_after=2024-10-10T05:17:43.465828+00:00
[2024-10-10T12:17:43.583+0700] {processor.py:179} INFO - Processing /home/hasyidan/venv/lib/python3.8/site-packages/airflow/example_dags/example_task_group_decorator.py took 0.258 seconds
[2024-10-10T12:18:36.513+0700] {processor.py:157} INFO - Started process (PID=5102) to work on /home/hasyidan/venv/lib/python3.8/site-packages/airflow/example_dags/example_task_group_decorator.py
[2024-10-10T12:18:36.550+0700] {processor.py:826} INFO - Processing file /home/hasyidan/venv/lib/python3.8/site-packages/airflow/example_dags/example_task_group_decorator.py for tasks to queue
[2024-10-10T12:18:36.553+0700] {logging_mixin.py:149} INFO - [2024-10-10T12:18:36.552+0700] {dagbag.py:541} INFO - Filling up the DagBag from /home/hasyidan/venv/lib/python3.8/site-packages/airflow/example_dags/example_task_group_decorator.py
[2024-10-10T12:18:36.585+0700] {processor.py:836} INFO - DAG(s) dict_keys(['example_task_group_decorator']) retrieved from /home/hasyidan/venv/lib/python3.8/site-packages/airflow/example_dags/example_task_group_decorator.py
[2024-10-10T12:18:36.629+0700] {logging_mixin.py:149} INFO - [2024-10-10T12:18:36.629+0700] {dag.py:2726} INFO - Sync 1 DAGs
[2024-10-10T12:18:36.674+0700] {logging_mixin.py:149} INFO - [2024-10-10T12:18:36.674+0700] {dag.py:3486} INFO - Setting next_dagrun for example_task_group_decorator to 2024-10-09T05:18:36.673689+00:00, run_after=2024-10-10T05:18:36.673689+00:00
[2024-10-10T12:18:36.778+0700] {processor.py:179} INFO - Processing /home/hasyidan/venv/lib/python3.8/site-packages/airflow/example_dags/example_task_group_decorator.py took 0.272 seconds
[2024-10-10T12:19:29.463+0700] {processor.py:157} INFO - Started process (PID=5155) to work on /home/hasyidan/venv/lib/python3.8/site-packages/airflow/example_dags/example_task_group_decorator.py
[2024-10-10T12:19:29.476+0700] {processor.py:826} INFO - Processing file /home/hasyidan/venv/lib/python3.8/site-packages/airflow/example_dags/example_task_group_decorator.py for tasks to queue
[2024-10-10T12:19:29.479+0700] {logging_mixin.py:149} INFO - [2024-10-10T12:19:29.478+0700] {dagbag.py:541} INFO - Filling up the DagBag from /home/hasyidan/venv/lib/python3.8/site-packages/airflow/example_dags/example_task_group_decorator.py
[2024-10-10T12:19:29.511+0700] {processor.py:836} INFO - DAG(s) dict_keys(['example_task_group_decorator']) retrieved from /home/hasyidan/venv/lib/python3.8/site-packages/airflow/example_dags/example_task_group_decorator.py
[2024-10-10T12:19:29.556+0700] {logging_mixin.py:149} INFO - [2024-10-10T12:19:29.556+0700] {dag.py:2726} INFO - Sync 1 DAGs
[2024-10-10T12:19:29.597+0700] {logging_mixin.py:149} INFO - [2024-10-10T12:19:29.597+0700] {dag.py:3486} INFO - Setting next_dagrun for example_task_group_decorator to 2024-10-09T05:19:29.596842+00:00, run_after=2024-10-10T05:19:29.596842+00:00
[2024-10-10T12:19:29.716+0700] {processor.py:179} INFO - Processing /home/hasyidan/venv/lib/python3.8/site-packages/airflow/example_dags/example_task_group_decorator.py took 0.260 seconds
[2024-10-10T12:20:21.302+0700] {processor.py:157} INFO - Started process (PID=5217) to work on /home/hasyidan/venv/lib/python3.8/site-packages/airflow/example_dags/example_task_group_decorator.py
[2024-10-10T12:20:21.351+0700] {processor.py:826} INFO - Processing file /home/hasyidan/venv/lib/python3.8/site-packages/airflow/example_dags/example_task_group_decorator.py for tasks to queue
[2024-10-10T12:20:21.354+0700] {logging_mixin.py:149} INFO - [2024-10-10T12:20:21.353+0700] {dagbag.py:541} INFO - Filling up the DagBag from /home/hasyidan/venv/lib/python3.8/site-packages/airflow/example_dags/example_task_group_decorator.py
[2024-10-10T12:20:21.385+0700] {processor.py:836} INFO - DAG(s) dict_keys(['example_task_group_decorator']) retrieved from /home/hasyidan/venv/lib/python3.8/site-packages/airflow/example_dags/example_task_group_decorator.py
[2024-10-10T12:20:21.430+0700] {logging_mixin.py:149} INFO - [2024-10-10T12:20:21.429+0700] {dag.py:2726} INFO - Sync 1 DAGs
[2024-10-10T12:20:21.474+0700] {logging_mixin.py:149} INFO - [2024-10-10T12:20:21.474+0700] {dag.py:3486} INFO - Setting next_dagrun for example_task_group_decorator to 2024-10-09T05:20:21.473645+00:00, run_after=2024-10-10T05:20:21.473645+00:00
[2024-10-10T12:20:21.595+0700] {processor.py:179} INFO - Processing /home/hasyidan/venv/lib/python3.8/site-packages/airflow/example_dags/example_task_group_decorator.py took 0.299 seconds
[2024-10-10T12:21:19.155+0700] {processor.py:157} INFO - Started process (PID=5297) to work on /home/hasyidan/venv/lib/python3.8/site-packages/airflow/example_dags/example_task_group_decorator.py
[2024-10-10T12:21:19.231+0700] {processor.py:826} INFO - Processing file /home/hasyidan/venv/lib/python3.8/site-packages/airflow/example_dags/example_task_group_decorator.py for tasks to queue
[2024-10-10T12:21:19.234+0700] {logging_mixin.py:149} INFO - [2024-10-10T12:21:19.233+0700] {dagbag.py:541} INFO - Filling up the DagBag from /home/hasyidan/venv/lib/python3.8/site-packages/airflow/example_dags/example_task_group_decorator.py
[2024-10-10T12:21:19.265+0700] {processor.py:836} INFO - DAG(s) dict_keys(['example_task_group_decorator']) retrieved from /home/hasyidan/venv/lib/python3.8/site-packages/airflow/example_dags/example_task_group_decorator.py
[2024-10-10T12:21:19.315+0700] {logging_mixin.py:149} INFO - [2024-10-10T12:21:19.315+0700] {dag.py:2726} INFO - Sync 1 DAGs
[2024-10-10T12:21:19.373+0700] {logging_mixin.py:149} INFO - [2024-10-10T12:21:19.372+0700] {dag.py:3486} INFO - Setting next_dagrun for example_task_group_decorator to 2024-10-09T05:21:19.372280+00:00, run_after=2024-10-10T05:21:19.372280+00:00
[2024-10-10T12:21:19.722+0700] {processor.py:179} INFO - Processing /home/hasyidan/venv/lib/python3.8/site-packages/airflow/example_dags/example_task_group_decorator.py took 0.574 seconds
[2024-10-10T13:20:00.207+0700] {processor.py:157} INFO - Started process (PID=1940) to work on /home/hasyidan/venv/lib/python3.8/site-packages/airflow/example_dags/example_task_group_decorator.py
[2024-10-10T13:20:00.247+0700] {processor.py:826} INFO - Processing file /home/hasyidan/venv/lib/python3.8/site-packages/airflow/example_dags/example_task_group_decorator.py for tasks to queue
[2024-10-10T13:20:00.250+0700] {logging_mixin.py:149} INFO - [2024-10-10T13:20:00.249+0700] {dagbag.py:541} INFO - Filling up the DagBag from /home/hasyidan/venv/lib/python3.8/site-packages/airflow/example_dags/example_task_group_decorator.py
[2024-10-10T13:20:00.286+0700] {processor.py:836} INFO - DAG(s) dict_keys(['example_task_group_decorator']) retrieved from /home/hasyidan/venv/lib/python3.8/site-packages/airflow/example_dags/example_task_group_decorator.py
[2024-10-10T13:20:00.348+0700] {logging_mixin.py:149} INFO - [2024-10-10T13:20:00.348+0700] {dag.py:2726} INFO - Sync 1 DAGs
[2024-10-10T13:20:00.397+0700] {logging_mixin.py:149} INFO - [2024-10-10T13:20:00.397+0700] {dag.py:3486} INFO - Setting next_dagrun for example_task_group_decorator to 2024-10-09T06:20:00.396496+00:00, run_after=2024-10-10T06:20:00.396496+00:00
[2024-10-10T13:20:01.492+0700] {processor.py:179} INFO - Processing /home/hasyidan/venv/lib/python3.8/site-packages/airflow/example_dags/example_task_group_decorator.py took 1.292 seconds
[2024-10-10T13:25:05.962+0700] {processor.py:157} INFO - Started process (PID=2538) to work on /home/hasyidan/venv/lib/python3.8/site-packages/airflow/example_dags/example_task_group_decorator.py
[2024-10-10T13:25:05.998+0700] {processor.py:826} INFO - Processing file /home/hasyidan/venv/lib/python3.8/site-packages/airflow/example_dags/example_task_group_decorator.py for tasks to queue
[2024-10-10T13:25:06.000+0700] {logging_mixin.py:149} INFO - [2024-10-10T13:25:06.000+0700] {dagbag.py:541} INFO - Filling up the DagBag from /home/hasyidan/venv/lib/python3.8/site-packages/airflow/example_dags/example_task_group_decorator.py
[2024-10-10T13:25:06.553+0700] {processor.py:836} INFO - DAG(s) dict_keys(['example_task_group_decorator']) retrieved from /home/hasyidan/venv/lib/python3.8/site-packages/airflow/example_dags/example_task_group_decorator.py
[2024-10-10T13:25:06.833+0700] {logging_mixin.py:149} INFO - [2024-10-10T13:25:06.833+0700] {dag.py:2726} INFO - Sync 1 DAGs
[2024-10-10T13:25:06.891+0700] {logging_mixin.py:149} INFO - [2024-10-10T13:25:06.890+0700] {dag.py:3486} INFO - Setting next_dagrun for example_task_group_decorator to 2024-10-09T06:25:06.888429+00:00, run_after=2024-10-10T06:25:06.888429+00:00
[2024-10-10T13:25:07.123+0700] {processor.py:179} INFO - Processing /home/hasyidan/venv/lib/python3.8/site-packages/airflow/example_dags/example_task_group_decorator.py took 1.175 seconds
[2024-10-10T13:27:00.478+0700] {processor.py:157} INFO - Started process (PID=2692) to work on /home/hasyidan/venv/lib/python3.8/site-packages/airflow/example_dags/example_task_group_decorator.py
[2024-10-10T13:27:00.625+0700] {processor.py:826} INFO - Processing file /home/hasyidan/venv/lib/python3.8/site-packages/airflow/example_dags/example_task_group_decorator.py for tasks to queue
[2024-10-10T13:27:00.627+0700] {logging_mixin.py:149} INFO - [2024-10-10T13:27:00.627+0700] {dagbag.py:541} INFO - Filling up the DagBag from /home/hasyidan/venv/lib/python3.8/site-packages/airflow/example_dags/example_task_group_decorator.py
[2024-10-10T13:27:00.735+0700] {processor.py:836} INFO - DAG(s) dict_keys(['example_task_group_decorator']) retrieved from /home/hasyidan/venv/lib/python3.8/site-packages/airflow/example_dags/example_task_group_decorator.py
[2024-10-10T13:27:01.293+0700] {logging_mixin.py:149} INFO - [2024-10-10T13:27:01.292+0700] {dag.py:2726} INFO - Sync 1 DAGs
[2024-10-10T13:27:01.851+0700] {logging_mixin.py:149} INFO - [2024-10-10T13:27:01.851+0700] {dag.py:3486} INFO - Setting next_dagrun for example_task_group_decorator to 2024-10-09T06:27:01.850840+00:00, run_after=2024-10-10T06:27:01.850840+00:00
[2024-10-10T13:27:03.139+0700] {processor.py:179} INFO - Processing /home/hasyidan/venv/lib/python3.8/site-packages/airflow/example_dags/example_task_group_decorator.py took 2.669 seconds
