[2024-10-10T11:42:53.713+0700] {processor.py:157} INFO - Started process (PID=2743) to work on /home/hasyidan/venv/lib/python3.8/site-packages/airflow/example_dags/example_setup_teardown_taskflow.py
[2024-10-10T11:42:53.714+0700] {processor.py:826} INFO - Processing file /home/hasyidan/venv/lib/python3.8/site-packages/airflow/example_dags/example_setup_teardown_taskflow.py for tasks to queue
[2024-10-10T11:42:53.724+0700] {logging_mixin.py:149} INFO - [2024-10-10T11:42:53.723+0700] {dagbag.py:541} INFO - Filling up the DagBag from /home/hasyidan/venv/lib/python3.8/site-packages/airflow/example_dags/example_setup_teardown_taskflow.py
[2024-10-10T11:42:53.787+0700] {processor.py:838} WARNING - No viable dags retrieved from /home/hasyidan/venv/lib/python3.8/site-packages/airflow/example_dags/example_setup_teardown_taskflow.py
[2024-10-10T11:42:53.811+0700] {processor.py:179} INFO - Processing /home/hasyidan/venv/lib/python3.8/site-packages/airflow/example_dags/example_setup_teardown_taskflow.py took 0.105 seconds
[2024-10-10T11:48:19.594+0700] {processor.py:157} INFO - Started process (PID=2893) to work on /home/hasyidan/venv/lib/python3.8/site-packages/airflow/example_dags/example_setup_teardown_taskflow.py
[2024-10-10T11:48:19.620+0700] {processor.py:826} INFO - Processing file /home/hasyidan/venv/lib/python3.8/site-packages/airflow/example_dags/example_setup_teardown_taskflow.py for tasks to queue
[2024-10-10T11:48:19.623+0700] {logging_mixin.py:149} INFO - [2024-10-10T11:48:19.622+0700] {dagbag.py:541} INFO - Filling up the DagBag from /home/hasyidan/venv/lib/python3.8/site-packages/airflow/example_dags/example_setup_teardown_taskflow.py
[2024-10-10T11:48:19.663+0700] {processor.py:838} WARNING - No viable dags retrieved from /home/hasyidan/venv/lib/python3.8/site-packages/airflow/example_dags/example_setup_teardown_taskflow.py
[2024-10-10T11:48:19.703+0700] {processor.py:179} INFO - Processing /home/hasyidan/venv/lib/python3.8/site-packages/airflow/example_dags/example_setup_teardown_taskflow.py took 0.119 seconds
[2024-10-10T11:49:30.416+0700] {processor.py:157} INFO - Started process (PID=2950) to work on /home/hasyidan/venv/lib/python3.8/site-packages/airflow/example_dags/example_setup_teardown_taskflow.py
[2024-10-10T11:49:30.439+0700] {processor.py:826} INFO - Processing file /home/hasyidan/venv/lib/python3.8/site-packages/airflow/example_dags/example_setup_teardown_taskflow.py for tasks to queue
[2024-10-10T11:49:30.442+0700] {logging_mixin.py:149} INFO - [2024-10-10T11:49:30.441+0700] {dagbag.py:541} INFO - Filling up the DagBag from /home/hasyidan/venv/lib/python3.8/site-packages/airflow/example_dags/example_setup_teardown_taskflow.py
[2024-10-10T11:49:30.446+0700] {processor.py:838} WARNING - No viable dags retrieved from /home/hasyidan/venv/lib/python3.8/site-packages/airflow/example_dags/example_setup_teardown_taskflow.py
[2024-10-10T11:49:30.467+0700] {processor.py:179} INFO - Processing /home/hasyidan/venv/lib/python3.8/site-packages/airflow/example_dags/example_setup_teardown_taskflow.py took 0.058 seconds
[2024-10-10T11:53:05.714+0700] {processor.py:157} INFO - Started process (PID=3327) to work on /home/hasyidan/venv/lib/python3.8/site-packages/airflow/example_dags/example_setup_teardown_taskflow.py
[2024-10-10T11:53:05.754+0700] {processor.py:826} INFO - Processing file /home/hasyidan/venv/lib/python3.8/site-packages/airflow/example_dags/example_setup_teardown_taskflow.py for tasks to queue
[2024-10-10T11:53:05.757+0700] {logging_mixin.py:149} INFO - [2024-10-10T11:53:05.757+0700] {dagbag.py:541} INFO - Filling up the DagBag from /home/hasyidan/venv/lib/python3.8/site-packages/airflow/example_dags/example_setup_teardown_taskflow.py
[2024-10-10T11:53:05.762+0700] {processor.py:838} WARNING - No viable dags retrieved from /home/hasyidan/venv/lib/python3.8/site-packages/airflow/example_dags/example_setup_teardown_taskflow.py
[2024-10-10T11:53:05.784+0700] {processor.py:179} INFO - Processing /home/hasyidan/venv/lib/python3.8/site-packages/airflow/example_dags/example_setup_teardown_taskflow.py took 0.077 seconds
[2024-10-10T11:54:04.176+0700] {processor.py:157} INFO - Started process (PID=3385) to work on /home/hasyidan/venv/lib/python3.8/site-packages/airflow/example_dags/example_setup_teardown_taskflow.py
[2024-10-10T11:54:04.198+0700] {processor.py:826} INFO - Processing file /home/hasyidan/venv/lib/python3.8/site-packages/airflow/example_dags/example_setup_teardown_taskflow.py for tasks to queue
[2024-10-10T11:54:04.200+0700] {logging_mixin.py:149} INFO - [2024-10-10T11:54:04.200+0700] {dagbag.py:541} INFO - Filling up the DagBag from /home/hasyidan/venv/lib/python3.8/site-packages/airflow/example_dags/example_setup_teardown_taskflow.py
[2024-10-10T11:54:04.206+0700] {processor.py:838} WARNING - No viable dags retrieved from /home/hasyidan/venv/lib/python3.8/site-packages/airflow/example_dags/example_setup_teardown_taskflow.py
[2024-10-10T11:54:04.225+0700] {processor.py:179} INFO - Processing /home/hasyidan/venv/lib/python3.8/site-packages/airflow/example_dags/example_setup_teardown_taskflow.py took 0.056 seconds
[2024-10-10T11:55:04.740+0700] {processor.py:157} INFO - Started process (PID=3464) to work on /home/hasyidan/venv/lib/python3.8/site-packages/airflow/example_dags/example_setup_teardown_taskflow.py
[2024-10-10T11:55:04.867+0700] {processor.py:826} INFO - Processing file /home/hasyidan/venv/lib/python3.8/site-packages/airflow/example_dags/example_setup_teardown_taskflow.py for tasks to queue
[2024-10-10T11:55:04.870+0700] {logging_mixin.py:149} INFO - [2024-10-10T11:55:04.869+0700] {dagbag.py:541} INFO - Filling up the DagBag from /home/hasyidan/venv/lib/python3.8/site-packages/airflow/example_dags/example_setup_teardown_taskflow.py
[2024-10-10T11:55:04.875+0700] {processor.py:838} WARNING - No viable dags retrieved from /home/hasyidan/venv/lib/python3.8/site-packages/airflow/example_dags/example_setup_teardown_taskflow.py
[2024-10-10T11:55:04.895+0700] {processor.py:179} INFO - Processing /home/hasyidan/venv/lib/python3.8/site-packages/airflow/example_dags/example_setup_teardown_taskflow.py took 0.161 seconds
[2024-10-10T11:56:02.228+0700] {processor.py:157} INFO - Started process (PID=3524) to work on /home/hasyidan/venv/lib/python3.8/site-packages/airflow/example_dags/example_setup_teardown_taskflow.py
[2024-10-10T11:56:02.262+0700] {processor.py:826} INFO - Processing file /home/hasyidan/venv/lib/python3.8/site-packages/airflow/example_dags/example_setup_teardown_taskflow.py for tasks to queue
[2024-10-10T11:56:02.265+0700] {logging_mixin.py:149} INFO - [2024-10-10T11:56:02.264+0700] {dagbag.py:541} INFO - Filling up the DagBag from /home/hasyidan/venv/lib/python3.8/site-packages/airflow/example_dags/example_setup_teardown_taskflow.py
[2024-10-10T11:56:02.272+0700] {processor.py:838} WARNING - No viable dags retrieved from /home/hasyidan/venv/lib/python3.8/site-packages/airflow/example_dags/example_setup_teardown_taskflow.py
[2024-10-10T11:56:02.296+0700] {processor.py:179} INFO - Processing /home/hasyidan/venv/lib/python3.8/site-packages/airflow/example_dags/example_setup_teardown_taskflow.py took 0.075 seconds
[2024-10-10T11:56:59.509+0700] {processor.py:157} INFO - Started process (PID=3582) to work on /home/hasyidan/venv/lib/python3.8/site-packages/airflow/example_dags/example_setup_teardown_taskflow.py
[2024-10-10T11:56:59.576+0700] {processor.py:826} INFO - Processing file /home/hasyidan/venv/lib/python3.8/site-packages/airflow/example_dags/example_setup_teardown_taskflow.py for tasks to queue
[2024-10-10T11:56:59.578+0700] {logging_mixin.py:149} INFO - [2024-10-10T11:56:59.578+0700] {dagbag.py:541} INFO - Filling up the DagBag from /home/hasyidan/venv/lib/python3.8/site-packages/airflow/example_dags/example_setup_teardown_taskflow.py
[2024-10-10T11:56:59.584+0700] {processor.py:838} WARNING - No viable dags retrieved from /home/hasyidan/venv/lib/python3.8/site-packages/airflow/example_dags/example_setup_teardown_taskflow.py
[2024-10-10T11:56:59.606+0700] {processor.py:179} INFO - Processing /home/hasyidan/venv/lib/python3.8/site-packages/airflow/example_dags/example_setup_teardown_taskflow.py took 0.103 seconds
[2024-10-10T11:57:57.242+0700] {processor.py:157} INFO - Started process (PID=3647) to work on /home/hasyidan/venv/lib/python3.8/site-packages/airflow/example_dags/example_setup_teardown_taskflow.py
[2024-10-10T11:57:57.255+0700] {processor.py:826} INFO - Processing file /home/hasyidan/venv/lib/python3.8/site-packages/airflow/example_dags/example_setup_teardown_taskflow.py for tasks to queue
[2024-10-10T11:57:57.257+0700] {logging_mixin.py:149} INFO - [2024-10-10T11:57:57.257+0700] {dagbag.py:541} INFO - Filling up the DagBag from /home/hasyidan/venv/lib/python3.8/site-packages/airflow/example_dags/example_setup_teardown_taskflow.py
[2024-10-10T11:57:57.263+0700] {processor.py:838} WARNING - No viable dags retrieved from /home/hasyidan/venv/lib/python3.8/site-packages/airflow/example_dags/example_setup_teardown_taskflow.py
[2024-10-10T11:57:57.286+0700] {processor.py:179} INFO - Processing /home/hasyidan/venv/lib/python3.8/site-packages/airflow/example_dags/example_setup_teardown_taskflow.py took 0.050 seconds
[2024-10-10T11:59:05.003+0700] {processor.py:157} INFO - Started process (PID=3732) to work on /home/hasyidan/venv/lib/python3.8/site-packages/airflow/example_dags/example_setup_teardown_taskflow.py
[2024-10-10T11:59:05.043+0700] {processor.py:826} INFO - Processing file /home/hasyidan/venv/lib/python3.8/site-packages/airflow/example_dags/example_setup_teardown_taskflow.py for tasks to queue
[2024-10-10T11:59:05.045+0700] {logging_mixin.py:149} INFO - [2024-10-10T11:59:05.045+0700] {dagbag.py:541} INFO - Filling up the DagBag from /home/hasyidan/venv/lib/python3.8/site-packages/airflow/example_dags/example_setup_teardown_taskflow.py
[2024-10-10T11:59:05.052+0700] {processor.py:838} WARNING - No viable dags retrieved from /home/hasyidan/venv/lib/python3.8/site-packages/airflow/example_dags/example_setup_teardown_taskflow.py
[2024-10-10T11:59:05.096+0700] {processor.py:179} INFO - Processing /home/hasyidan/venv/lib/python3.8/site-packages/airflow/example_dags/example_setup_teardown_taskflow.py took 0.107 seconds
[2024-10-10T12:00:05.032+0700] {processor.py:157} INFO - Started process (PID=3792) to work on /home/hasyidan/venv/lib/python3.8/site-packages/airflow/example_dags/example_setup_teardown_taskflow.py
[2024-10-10T12:00:05.055+0700] {processor.py:826} INFO - Processing file /home/hasyidan/venv/lib/python3.8/site-packages/airflow/example_dags/example_setup_teardown_taskflow.py for tasks to queue
[2024-10-10T12:00:05.058+0700] {logging_mixin.py:149} INFO - [2024-10-10T12:00:05.057+0700] {dagbag.py:541} INFO - Filling up the DagBag from /home/hasyidan/venv/lib/python3.8/site-packages/airflow/example_dags/example_setup_teardown_taskflow.py
[2024-10-10T12:00:05.064+0700] {processor.py:838} WARNING - No viable dags retrieved from /home/hasyidan/venv/lib/python3.8/site-packages/airflow/example_dags/example_setup_teardown_taskflow.py
[2024-10-10T12:00:05.084+0700] {processor.py:179} INFO - Processing /home/hasyidan/venv/lib/python3.8/site-packages/airflow/example_dags/example_setup_teardown_taskflow.py took 0.058 seconds
[2024-10-10T12:00:58.619+0700] {processor.py:157} INFO - Started process (PID=3849) to work on /home/hasyidan/venv/lib/python3.8/site-packages/airflow/example_dags/example_setup_teardown_taskflow.py
[2024-10-10T12:00:58.635+0700] {processor.py:826} INFO - Processing file /home/hasyidan/venv/lib/python3.8/site-packages/airflow/example_dags/example_setup_teardown_taskflow.py for tasks to queue
[2024-10-10T12:00:58.637+0700] {logging_mixin.py:149} INFO - [2024-10-10T12:00:58.637+0700] {dagbag.py:541} INFO - Filling up the DagBag from /home/hasyidan/venv/lib/python3.8/site-packages/airflow/example_dags/example_setup_teardown_taskflow.py
[2024-10-10T12:00:58.643+0700] {processor.py:838} WARNING - No viable dags retrieved from /home/hasyidan/venv/lib/python3.8/site-packages/airflow/example_dags/example_setup_teardown_taskflow.py
[2024-10-10T12:00:58.665+0700] {processor.py:179} INFO - Processing /home/hasyidan/venv/lib/python3.8/site-packages/airflow/example_dags/example_setup_teardown_taskflow.py took 0.053 seconds
[2024-10-10T12:01:52.198+0700] {processor.py:157} INFO - Started process (PID=3905) to work on /home/hasyidan/venv/lib/python3.8/site-packages/airflow/example_dags/example_setup_teardown_taskflow.py
[2024-10-10T12:01:52.199+0700] {processor.py:826} INFO - Processing file /home/hasyidan/venv/lib/python3.8/site-packages/airflow/example_dags/example_setup_teardown_taskflow.py for tasks to queue
[2024-10-10T12:01:52.201+0700] {logging_mixin.py:149} INFO - [2024-10-10T12:01:52.201+0700] {dagbag.py:541} INFO - Filling up the DagBag from /home/hasyidan/venv/lib/python3.8/site-packages/airflow/example_dags/example_setup_teardown_taskflow.py
[2024-10-10T12:01:52.204+0700] {processor.py:838} WARNING - No viable dags retrieved from /home/hasyidan/venv/lib/python3.8/site-packages/airflow/example_dags/example_setup_teardown_taskflow.py
[2024-10-10T12:01:52.223+0700] {processor.py:179} INFO - Processing /home/hasyidan/venv/lib/python3.8/site-packages/airflow/example_dags/example_setup_teardown_taskflow.py took 0.032 seconds
[2024-10-10T12:02:42.668+0700] {processor.py:157} INFO - Started process (PID=3965) to work on /home/hasyidan/venv/lib/python3.8/site-packages/airflow/example_dags/example_setup_teardown_taskflow.py
[2024-10-10T12:02:42.686+0700] {processor.py:826} INFO - Processing file /home/hasyidan/venv/lib/python3.8/site-packages/airflow/example_dags/example_setup_teardown_taskflow.py for tasks to queue
[2024-10-10T12:02:42.689+0700] {logging_mixin.py:149} INFO - [2024-10-10T12:02:42.689+0700] {dagbag.py:541} INFO - Filling up the DagBag from /home/hasyidan/venv/lib/python3.8/site-packages/airflow/example_dags/example_setup_teardown_taskflow.py
[2024-10-10T12:02:42.694+0700] {processor.py:838} WARNING - No viable dags retrieved from /home/hasyidan/venv/lib/python3.8/site-packages/airflow/example_dags/example_setup_teardown_taskflow.py
[2024-10-10T12:02:42.716+0700] {processor.py:179} INFO - Processing /home/hasyidan/venv/lib/python3.8/site-packages/airflow/example_dags/example_setup_teardown_taskflow.py took 0.055 seconds
[2024-10-10T12:03:35.696+0700] {processor.py:157} INFO - Started process (PID=4023) to work on /home/hasyidan/venv/lib/python3.8/site-packages/airflow/example_dags/example_setup_teardown_taskflow.py
[2024-10-10T12:03:35.698+0700] {processor.py:826} INFO - Processing file /home/hasyidan/venv/lib/python3.8/site-packages/airflow/example_dags/example_setup_teardown_taskflow.py for tasks to queue
[2024-10-10T12:03:35.700+0700] {logging_mixin.py:149} INFO - [2024-10-10T12:03:35.699+0700] {dagbag.py:541} INFO - Filling up the DagBag from /home/hasyidan/venv/lib/python3.8/site-packages/airflow/example_dags/example_setup_teardown_taskflow.py
[2024-10-10T12:03:35.703+0700] {processor.py:838} WARNING - No viable dags retrieved from /home/hasyidan/venv/lib/python3.8/site-packages/airflow/example_dags/example_setup_teardown_taskflow.py
[2024-10-10T12:03:35.722+0700] {processor.py:179} INFO - Processing /home/hasyidan/venv/lib/python3.8/site-packages/airflow/example_dags/example_setup_teardown_taskflow.py took 0.033 seconds
[2024-10-10T12:04:27.596+0700] {processor.py:157} INFO - Started process (PID=4079) to work on /home/hasyidan/venv/lib/python3.8/site-packages/airflow/example_dags/example_setup_teardown_taskflow.py
[2024-10-10T12:04:27.631+0700] {processor.py:826} INFO - Processing file /home/hasyidan/venv/lib/python3.8/site-packages/airflow/example_dags/example_setup_teardown_taskflow.py for tasks to queue
[2024-10-10T12:04:27.634+0700] {logging_mixin.py:149} INFO - [2024-10-10T12:04:27.633+0700] {dagbag.py:541} INFO - Filling up the DagBag from /home/hasyidan/venv/lib/python3.8/site-packages/airflow/example_dags/example_setup_teardown_taskflow.py
[2024-10-10T12:04:27.639+0700] {processor.py:838} WARNING - No viable dags retrieved from /home/hasyidan/venv/lib/python3.8/site-packages/airflow/example_dags/example_setup_teardown_taskflow.py
[2024-10-10T12:04:27.659+0700] {processor.py:179} INFO - Processing /home/hasyidan/venv/lib/python3.8/site-packages/airflow/example_dags/example_setup_teardown_taskflow.py took 0.069 seconds
[2024-10-10T12:05:21.080+0700] {processor.py:157} INFO - Started process (PID=4192) to work on /home/hasyidan/venv/lib/python3.8/site-packages/airflow/example_dags/example_setup_teardown_taskflow.py
[2024-10-10T12:05:21.082+0700] {processor.py:826} INFO - Processing file /home/hasyidan/venv/lib/python3.8/site-packages/airflow/example_dags/example_setup_teardown_taskflow.py for tasks to queue
[2024-10-10T12:05:21.083+0700] {logging_mixin.py:149} INFO - [2024-10-10T12:05:21.083+0700] {dagbag.py:541} INFO - Filling up the DagBag from /home/hasyidan/venv/lib/python3.8/site-packages/airflow/example_dags/example_setup_teardown_taskflow.py
[2024-10-10T12:05:21.086+0700] {processor.py:838} WARNING - No viable dags retrieved from /home/hasyidan/venv/lib/python3.8/site-packages/airflow/example_dags/example_setup_teardown_taskflow.py
[2024-10-10T12:05:21.106+0700] {processor.py:179} INFO - Processing /home/hasyidan/venv/lib/python3.8/site-packages/airflow/example_dags/example_setup_teardown_taskflow.py took 0.032 seconds
[2024-10-10T12:06:16.510+0700] {processor.py:157} INFO - Started process (PID=4253) to work on /home/hasyidan/venv/lib/python3.8/site-packages/airflow/example_dags/example_setup_teardown_taskflow.py
[2024-10-10T12:06:16.512+0700] {processor.py:826} INFO - Processing file /home/hasyidan/venv/lib/python3.8/site-packages/airflow/example_dags/example_setup_teardown_taskflow.py for tasks to queue
[2024-10-10T12:06:16.513+0700] {logging_mixin.py:149} INFO - [2024-10-10T12:06:16.513+0700] {dagbag.py:541} INFO - Filling up the DagBag from /home/hasyidan/venv/lib/python3.8/site-packages/airflow/example_dags/example_setup_teardown_taskflow.py
[2024-10-10T12:06:16.517+0700] {processor.py:838} WARNING - No viable dags retrieved from /home/hasyidan/venv/lib/python3.8/site-packages/airflow/example_dags/example_setup_teardown_taskflow.py
[2024-10-10T12:06:16.537+0700] {processor.py:179} INFO - Processing /home/hasyidan/venv/lib/python3.8/site-packages/airflow/example_dags/example_setup_teardown_taskflow.py took 0.033 seconds
[2024-10-10T12:07:12.011+0700] {processor.py:157} INFO - Started process (PID=4310) to work on /home/hasyidan/venv/lib/python3.8/site-packages/airflow/example_dags/example_setup_teardown_taskflow.py
[2024-10-10T12:07:12.030+0700] {processor.py:826} INFO - Processing file /home/hasyidan/venv/lib/python3.8/site-packages/airflow/example_dags/example_setup_teardown_taskflow.py for tasks to queue
[2024-10-10T12:07:12.033+0700] {logging_mixin.py:149} INFO - [2024-10-10T12:07:12.032+0700] {dagbag.py:541} INFO - Filling up the DagBag from /home/hasyidan/venv/lib/python3.8/site-packages/airflow/example_dags/example_setup_teardown_taskflow.py
[2024-10-10T12:07:12.039+0700] {processor.py:838} WARNING - No viable dags retrieved from /home/hasyidan/venv/lib/python3.8/site-packages/airflow/example_dags/example_setup_teardown_taskflow.py
[2024-10-10T12:07:12.058+0700] {processor.py:179} INFO - Processing /home/hasyidan/venv/lib/python3.8/site-packages/airflow/example_dags/example_setup_teardown_taskflow.py took 0.052 seconds
[2024-10-10T12:08:10.967+0700] {processor.py:157} INFO - Started process (PID=4375) to work on /home/hasyidan/venv/lib/python3.8/site-packages/airflow/example_dags/example_setup_teardown_taskflow.py
[2024-10-10T12:08:10.976+0700] {processor.py:826} INFO - Processing file /home/hasyidan/venv/lib/python3.8/site-packages/airflow/example_dags/example_setup_teardown_taskflow.py for tasks to queue
[2024-10-10T12:08:10.978+0700] {logging_mixin.py:149} INFO - [2024-10-10T12:08:10.977+0700] {dagbag.py:541} INFO - Filling up the DagBag from /home/hasyidan/venv/lib/python3.8/site-packages/airflow/example_dags/example_setup_teardown_taskflow.py
[2024-10-10T12:08:10.981+0700] {processor.py:838} WARNING - No viable dags retrieved from /home/hasyidan/venv/lib/python3.8/site-packages/airflow/example_dags/example_setup_teardown_taskflow.py
[2024-10-10T12:08:11.003+0700] {processor.py:179} INFO - Processing /home/hasyidan/venv/lib/python3.8/site-packages/airflow/example_dags/example_setup_teardown_taskflow.py took 0.041 seconds
[2024-10-10T12:09:06.872+0700] {processor.py:157} INFO - Started process (PID=4437) to work on /home/hasyidan/venv/lib/python3.8/site-packages/airflow/example_dags/example_setup_teardown_taskflow.py
[2024-10-10T12:09:06.899+0700] {processor.py:826} INFO - Processing file /home/hasyidan/venv/lib/python3.8/site-packages/airflow/example_dags/example_setup_teardown_taskflow.py for tasks to queue
[2024-10-10T12:09:06.902+0700] {logging_mixin.py:149} INFO - [2024-10-10T12:09:06.901+0700] {dagbag.py:541} INFO - Filling up the DagBag from /home/hasyidan/venv/lib/python3.8/site-packages/airflow/example_dags/example_setup_teardown_taskflow.py
[2024-10-10T12:09:06.907+0700] {processor.py:838} WARNING - No viable dags retrieved from /home/hasyidan/venv/lib/python3.8/site-packages/airflow/example_dags/example_setup_teardown_taskflow.py
[2024-10-10T12:09:06.929+0700] {processor.py:179} INFO - Processing /home/hasyidan/venv/lib/python3.8/site-packages/airflow/example_dags/example_setup_teardown_taskflow.py took 0.063 seconds
[2024-10-10T12:10:01.412+0700] {processor.py:157} INFO - Started process (PID=4494) to work on /home/hasyidan/venv/lib/python3.8/site-packages/airflow/example_dags/example_setup_teardown_taskflow.py
[2024-10-10T12:10:01.432+0700] {processor.py:826} INFO - Processing file /home/hasyidan/venv/lib/python3.8/site-packages/airflow/example_dags/example_setup_teardown_taskflow.py for tasks to queue
[2024-10-10T12:10:01.435+0700] {logging_mixin.py:149} INFO - [2024-10-10T12:10:01.434+0700] {dagbag.py:541} INFO - Filling up the DagBag from /home/hasyidan/venv/lib/python3.8/site-packages/airflow/example_dags/example_setup_teardown_taskflow.py
[2024-10-10T12:10:01.441+0700] {processor.py:838} WARNING - No viable dags retrieved from /home/hasyidan/venv/lib/python3.8/site-packages/airflow/example_dags/example_setup_teardown_taskflow.py
[2024-10-10T12:10:01.460+0700] {processor.py:179} INFO - Processing /home/hasyidan/venv/lib/python3.8/site-packages/airflow/example_dags/example_setup_teardown_taskflow.py took 0.055 seconds
[2024-10-10T12:10:50.916+0700] {processor.py:157} INFO - Started process (PID=4558) to work on /home/hasyidan/venv/lib/python3.8/site-packages/airflow/example_dags/example_setup_teardown_taskflow.py
[2024-10-10T12:10:50.989+0700] {processor.py:826} INFO - Processing file /home/hasyidan/venv/lib/python3.8/site-packages/airflow/example_dags/example_setup_teardown_taskflow.py for tasks to queue
[2024-10-10T12:10:50.991+0700] {logging_mixin.py:149} INFO - [2024-10-10T12:10:50.991+0700] {dagbag.py:541} INFO - Filling up the DagBag from /home/hasyidan/venv/lib/python3.8/site-packages/airflow/example_dags/example_setup_teardown_taskflow.py
[2024-10-10T12:10:50.998+0700] {processor.py:838} WARNING - No viable dags retrieved from /home/hasyidan/venv/lib/python3.8/site-packages/airflow/example_dags/example_setup_teardown_taskflow.py
[2024-10-10T12:10:51.017+0700] {processor.py:179} INFO - Processing /home/hasyidan/venv/lib/python3.8/site-packages/airflow/example_dags/example_setup_teardown_taskflow.py took 0.107 seconds
[2024-10-10T12:11:44.465+0700] {processor.py:157} INFO - Started process (PID=4624) to work on /home/hasyidan/venv/lib/python3.8/site-packages/airflow/example_dags/example_setup_teardown_taskflow.py
[2024-10-10T12:11:44.479+0700] {processor.py:826} INFO - Processing file /home/hasyidan/venv/lib/python3.8/site-packages/airflow/example_dags/example_setup_teardown_taskflow.py for tasks to queue
[2024-10-10T12:11:44.482+0700] {logging_mixin.py:149} INFO - [2024-10-10T12:11:44.481+0700] {dagbag.py:541} INFO - Filling up the DagBag from /home/hasyidan/venv/lib/python3.8/site-packages/airflow/example_dags/example_setup_teardown_taskflow.py
[2024-10-10T12:11:44.487+0700] {processor.py:838} WARNING - No viable dags retrieved from /home/hasyidan/venv/lib/python3.8/site-packages/airflow/example_dags/example_setup_teardown_taskflow.py
[2024-10-10T12:11:44.507+0700] {processor.py:179} INFO - Processing /home/hasyidan/venv/lib/python3.8/site-packages/airflow/example_dags/example_setup_teardown_taskflow.py took 0.049 seconds
[2024-10-10T12:12:39.724+0700] {processor.py:157} INFO - Started process (PID=4683) to work on /home/hasyidan/venv/lib/python3.8/site-packages/airflow/example_dags/example_setup_teardown_taskflow.py
[2024-10-10T12:12:39.726+0700] {processor.py:826} INFO - Processing file /home/hasyidan/venv/lib/python3.8/site-packages/airflow/example_dags/example_setup_teardown_taskflow.py for tasks to queue
[2024-10-10T12:12:39.728+0700] {logging_mixin.py:149} INFO - [2024-10-10T12:12:39.727+0700] {dagbag.py:541} INFO - Filling up the DagBag from /home/hasyidan/venv/lib/python3.8/site-packages/airflow/example_dags/example_setup_teardown_taskflow.py
[2024-10-10T12:12:39.731+0700] {processor.py:838} WARNING - No viable dags retrieved from /home/hasyidan/venv/lib/python3.8/site-packages/airflow/example_dags/example_setup_teardown_taskflow.py
[2024-10-10T12:12:39.752+0700] {processor.py:179} INFO - Processing /home/hasyidan/venv/lib/python3.8/site-packages/airflow/example_dags/example_setup_teardown_taskflow.py took 0.034 seconds
[2024-10-10T12:13:31.086+0700] {processor.py:157} INFO - Started process (PID=4741) to work on /home/hasyidan/venv/lib/python3.8/site-packages/airflow/example_dags/example_setup_teardown_taskflow.py
[2024-10-10T12:13:31.099+0700] {processor.py:826} INFO - Processing file /home/hasyidan/venv/lib/python3.8/site-packages/airflow/example_dags/example_setup_teardown_taskflow.py for tasks to queue
[2024-10-10T12:13:31.102+0700] {logging_mixin.py:149} INFO - [2024-10-10T12:13:31.101+0700] {dagbag.py:541} INFO - Filling up the DagBag from /home/hasyidan/venv/lib/python3.8/site-packages/airflow/example_dags/example_setup_teardown_taskflow.py
[2024-10-10T12:13:31.109+0700] {processor.py:838} WARNING - No viable dags retrieved from /home/hasyidan/venv/lib/python3.8/site-packages/airflow/example_dags/example_setup_teardown_taskflow.py
[2024-10-10T12:13:31.128+0700] {processor.py:179} INFO - Processing /home/hasyidan/venv/lib/python3.8/site-packages/airflow/example_dags/example_setup_teardown_taskflow.py took 0.048 seconds
[2024-10-10T12:14:29.229+0700] {processor.py:157} INFO - Started process (PID=4807) to work on /home/hasyidan/venv/lib/python3.8/site-packages/airflow/example_dags/example_setup_teardown_taskflow.py
[2024-10-10T12:14:29.260+0700] {processor.py:826} INFO - Processing file /home/hasyidan/venv/lib/python3.8/site-packages/airflow/example_dags/example_setup_teardown_taskflow.py for tasks to queue
[2024-10-10T12:14:29.263+0700] {logging_mixin.py:149} INFO - [2024-10-10T12:14:29.262+0700] {dagbag.py:541} INFO - Filling up the DagBag from /home/hasyidan/venv/lib/python3.8/site-packages/airflow/example_dags/example_setup_teardown_taskflow.py
[2024-10-10T12:14:29.269+0700] {processor.py:838} WARNING - No viable dags retrieved from /home/hasyidan/venv/lib/python3.8/site-packages/airflow/example_dags/example_setup_teardown_taskflow.py
[2024-10-10T12:14:29.289+0700] {processor.py:179} INFO - Processing /home/hasyidan/venv/lib/python3.8/site-packages/airflow/example_dags/example_setup_teardown_taskflow.py took 0.065 seconds
[2024-10-10T12:15:20.115+0700] {processor.py:157} INFO - Started process (PID=4870) to work on /home/hasyidan/venv/lib/python3.8/site-packages/airflow/example_dags/example_setup_teardown_taskflow.py
[2024-10-10T12:15:20.164+0700] {processor.py:826} INFO - Processing file /home/hasyidan/venv/lib/python3.8/site-packages/airflow/example_dags/example_setup_teardown_taskflow.py for tasks to queue
[2024-10-10T12:15:20.167+0700] {logging_mixin.py:149} INFO - [2024-10-10T12:15:20.166+0700] {dagbag.py:541} INFO - Filling up the DagBag from /home/hasyidan/venv/lib/python3.8/site-packages/airflow/example_dags/example_setup_teardown_taskflow.py
[2024-10-10T12:15:20.173+0700] {processor.py:838} WARNING - No viable dags retrieved from /home/hasyidan/venv/lib/python3.8/site-packages/airflow/example_dags/example_setup_teardown_taskflow.py
[2024-10-10T12:15:20.192+0700] {processor.py:179} INFO - Processing /home/hasyidan/venv/lib/python3.8/site-packages/airflow/example_dags/example_setup_teardown_taskflow.py took 0.083 seconds
[2024-10-10T12:16:12.195+0700] {processor.py:157} INFO - Started process (PID=4928) to work on /home/hasyidan/venv/lib/python3.8/site-packages/airflow/example_dags/example_setup_teardown_taskflow.py
[2024-10-10T12:16:12.197+0700] {processor.py:826} INFO - Processing file /home/hasyidan/venv/lib/python3.8/site-packages/airflow/example_dags/example_setup_teardown_taskflow.py for tasks to queue
[2024-10-10T12:16:12.199+0700] {logging_mixin.py:149} INFO - [2024-10-10T12:16:12.198+0700] {dagbag.py:541} INFO - Filling up the DagBag from /home/hasyidan/venv/lib/python3.8/site-packages/airflow/example_dags/example_setup_teardown_taskflow.py
[2024-10-10T12:16:12.202+0700] {processor.py:838} WARNING - No viable dags retrieved from /home/hasyidan/venv/lib/python3.8/site-packages/airflow/example_dags/example_setup_teardown_taskflow.py
[2024-10-10T12:16:12.222+0700] {processor.py:179} INFO - Processing /home/hasyidan/venv/lib/python3.8/site-packages/airflow/example_dags/example_setup_teardown_taskflow.py took 0.033 seconds
[2024-10-10T12:17:08.231+0700] {processor.py:157} INFO - Started process (PID=4998) to work on /home/hasyidan/venv/lib/python3.8/site-packages/airflow/example_dags/example_setup_teardown_taskflow.py
[2024-10-10T12:17:08.233+0700] {processor.py:826} INFO - Processing file /home/hasyidan/venv/lib/python3.8/site-packages/airflow/example_dags/example_setup_teardown_taskflow.py for tasks to queue
[2024-10-10T12:17:08.234+0700] {logging_mixin.py:149} INFO - [2024-10-10T12:17:08.234+0700] {dagbag.py:541} INFO - Filling up the DagBag from /home/hasyidan/venv/lib/python3.8/site-packages/airflow/example_dags/example_setup_teardown_taskflow.py
[2024-10-10T12:17:08.237+0700] {processor.py:838} WARNING - No viable dags retrieved from /home/hasyidan/venv/lib/python3.8/site-packages/airflow/example_dags/example_setup_teardown_taskflow.py
[2024-10-10T12:17:08.257+0700] {processor.py:179} INFO - Processing /home/hasyidan/venv/lib/python3.8/site-packages/airflow/example_dags/example_setup_teardown_taskflow.py took 0.032 seconds
[2024-10-10T12:18:03.240+0700] {processor.py:157} INFO - Started process (PID=5062) to work on /home/hasyidan/venv/lib/python3.8/site-packages/airflow/example_dags/example_setup_teardown_taskflow.py
[2024-10-10T12:18:03.260+0700] {processor.py:826} INFO - Processing file /home/hasyidan/venv/lib/python3.8/site-packages/airflow/example_dags/example_setup_teardown_taskflow.py for tasks to queue
[2024-10-10T12:18:03.262+0700] {logging_mixin.py:149} INFO - [2024-10-10T12:18:03.262+0700] {dagbag.py:541} INFO - Filling up the DagBag from /home/hasyidan/venv/lib/python3.8/site-packages/airflow/example_dags/example_setup_teardown_taskflow.py
[2024-10-10T12:18:03.269+0700] {processor.py:838} WARNING - No viable dags retrieved from /home/hasyidan/venv/lib/python3.8/site-packages/airflow/example_dags/example_setup_teardown_taskflow.py
[2024-10-10T12:18:03.293+0700] {processor.py:179} INFO - Processing /home/hasyidan/venv/lib/python3.8/site-packages/airflow/example_dags/example_setup_teardown_taskflow.py took 0.060 seconds
[2024-10-10T12:18:55.709+0700] {processor.py:157} INFO - Started process (PID=5122) to work on /home/hasyidan/venv/lib/python3.8/site-packages/airflow/example_dags/example_setup_teardown_taskflow.py
[2024-10-10T12:18:55.710+0700] {processor.py:826} INFO - Processing file /home/hasyidan/venv/lib/python3.8/site-packages/airflow/example_dags/example_setup_teardown_taskflow.py for tasks to queue
[2024-10-10T12:18:55.712+0700] {logging_mixin.py:149} INFO - [2024-10-10T12:18:55.711+0700] {dagbag.py:541} INFO - Filling up the DagBag from /home/hasyidan/venv/lib/python3.8/site-packages/airflow/example_dags/example_setup_teardown_taskflow.py
[2024-10-10T12:18:55.715+0700] {processor.py:838} WARNING - No viable dags retrieved from /home/hasyidan/venv/lib/python3.8/site-packages/airflow/example_dags/example_setup_teardown_taskflow.py
[2024-10-10T12:18:55.735+0700] {processor.py:179} INFO - Processing /home/hasyidan/venv/lib/python3.8/site-packages/airflow/example_dags/example_setup_teardown_taskflow.py took 0.033 seconds
[2024-10-10T12:19:46.316+0700] {processor.py:157} INFO - Started process (PID=5181) to work on /home/hasyidan/venv/lib/python3.8/site-packages/airflow/example_dags/example_setup_teardown_taskflow.py
[2024-10-10T12:19:46.317+0700] {processor.py:826} INFO - Processing file /home/hasyidan/venv/lib/python3.8/site-packages/airflow/example_dags/example_setup_teardown_taskflow.py for tasks to queue
[2024-10-10T12:19:46.319+0700] {logging_mixin.py:149} INFO - [2024-10-10T12:19:46.319+0700] {dagbag.py:541} INFO - Filling up the DagBag from /home/hasyidan/venv/lib/python3.8/site-packages/airflow/example_dags/example_setup_teardown_taskflow.py
[2024-10-10T12:19:46.323+0700] {processor.py:838} WARNING - No viable dags retrieved from /home/hasyidan/venv/lib/python3.8/site-packages/airflow/example_dags/example_setup_teardown_taskflow.py
[2024-10-10T12:19:46.343+0700] {processor.py:179} INFO - Processing /home/hasyidan/venv/lib/python3.8/site-packages/airflow/example_dags/example_setup_teardown_taskflow.py took 0.033 seconds
[2024-10-10T12:20:43.576+0700] {processor.py:157} INFO - Started process (PID=5244) to work on /home/hasyidan/venv/lib/python3.8/site-packages/airflow/example_dags/example_setup_teardown_taskflow.py
[2024-10-10T12:20:43.577+0700] {processor.py:826} INFO - Processing file /home/hasyidan/venv/lib/python3.8/site-packages/airflow/example_dags/example_setup_teardown_taskflow.py for tasks to queue
[2024-10-10T12:20:43.579+0700] {logging_mixin.py:149} INFO - [2024-10-10T12:20:43.578+0700] {dagbag.py:541} INFO - Filling up the DagBag from /home/hasyidan/venv/lib/python3.8/site-packages/airflow/example_dags/example_setup_teardown_taskflow.py
[2024-10-10T12:20:43.582+0700] {processor.py:838} WARNING - No viable dags retrieved from /home/hasyidan/venv/lib/python3.8/site-packages/airflow/example_dags/example_setup_teardown_taskflow.py
[2024-10-10T12:20:43.602+0700] {processor.py:179} INFO - Processing /home/hasyidan/venv/lib/python3.8/site-packages/airflow/example_dags/example_setup_teardown_taskflow.py took 0.033 seconds
[2024-10-10T13:20:31.779+0700] {processor.py:157} INFO - Started process (PID=1978) to work on /home/hasyidan/venv/lib/python3.8/site-packages/airflow/example_dags/example_setup_teardown_taskflow.py
[2024-10-10T13:20:32.162+0700] {processor.py:826} INFO - Processing file /home/hasyidan/venv/lib/python3.8/site-packages/airflow/example_dags/example_setup_teardown_taskflow.py for tasks to queue
[2024-10-10T13:20:32.267+0700] {logging_mixin.py:149} INFO - [2024-10-10T13:20:32.266+0700] {dagbag.py:541} INFO - Filling up the DagBag from /home/hasyidan/venv/lib/python3.8/site-packages/airflow/example_dags/example_setup_teardown_taskflow.py
[2024-10-10T13:20:32.315+0700] {processor.py:838} WARNING - No viable dags retrieved from /home/hasyidan/venv/lib/python3.8/site-packages/airflow/example_dags/example_setup_teardown_taskflow.py
[2024-10-10T13:20:32.338+0700] {processor.py:179} INFO - Processing /home/hasyidan/venv/lib/python3.8/site-packages/airflow/example_dags/example_setup_teardown_taskflow.py took 0.564 seconds
[2024-10-10T13:25:50.531+0700] {processor.py:157} INFO - Started process (PID=2565) to work on /home/hasyidan/venv/lib/python3.8/site-packages/airflow/example_dags/example_setup_teardown_taskflow.py
[2024-10-10T13:25:50.814+0700] {processor.py:826} INFO - Processing file /home/hasyidan/venv/lib/python3.8/site-packages/airflow/example_dags/example_setup_teardown_taskflow.py for tasks to queue
[2024-10-10T13:25:50.815+0700] {logging_mixin.py:149} INFO - [2024-10-10T13:25:50.815+0700] {dagbag.py:541} INFO - Filling up the DagBag from /home/hasyidan/venv/lib/python3.8/site-packages/airflow/example_dags/example_setup_teardown_taskflow.py
[2024-10-10T13:25:50.822+0700] {processor.py:838} WARNING - No viable dags retrieved from /home/hasyidan/venv/lib/python3.8/site-packages/airflow/example_dags/example_setup_teardown_taskflow.py
[2024-10-10T13:25:50.857+0700] {processor.py:179} INFO - Processing /home/hasyidan/venv/lib/python3.8/site-packages/airflow/example_dags/example_setup_teardown_taskflow.py took 0.345 seconds
