[2024-10-10T11:42:31.815+0700] {processor.py:157} INFO - Started process (PID=2728) to work on /home/hasyidan/venv/lib/python3.8/site-packages/airflow/example_dags/example_xcom.py
[2024-10-10T11:42:31.816+0700] {processor.py:826} INFO - Processing file /home/hasyidan/venv/lib/python3.8/site-packages/airflow/example_dags/example_xcom.py for tasks to queue
[2024-10-10T11:42:31.818+0700] {logging_mixin.py:149} INFO - [2024-10-10T11:42:31.817+0700] {dagbag.py:541} INFO - Filling up the DagBag from /home/hasyidan/venv/lib/python3.8/site-packages/airflow/example_dags/example_xcom.py
[2024-10-10T11:42:31.853+0700] {processor.py:836} INFO - DAG(s) dict_keys(['example_xcom']) retrieved from /home/hasyidan/venv/lib/python3.8/site-packages/airflow/example_dags/example_xcom.py
[2024-10-10T11:42:31.900+0700] {logging_mixin.py:149} INFO - [2024-10-10T11:42:31.900+0700] {dag.py:2726} INFO - Sync 1 DAGs
[2024-10-10T11:42:31.958+0700] {logging_mixin.py:149} INFO - [2024-10-10T11:42:31.958+0700] {dag.py:3486} INFO - Setting next_dagrun for example_xcom to 2021-01-01T00:00:00+00:00, run_after=2021-01-01T00:00:00+00:00
[2024-10-10T11:42:32.449+0700] {processor.py:179} INFO - Processing /home/hasyidan/venv/lib/python3.8/site-packages/airflow/example_dags/example_xcom.py took 0.640 seconds
[2024-10-10T11:47:48.576+0700] {processor.py:157} INFO - Started process (PID=2872) to work on /home/hasyidan/venv/lib/python3.8/site-packages/airflow/example_dags/example_xcom.py
[2024-10-10T11:47:48.593+0700] {processor.py:826} INFO - Processing file /home/hasyidan/venv/lib/python3.8/site-packages/airflow/example_dags/example_xcom.py for tasks to queue
[2024-10-10T11:47:48.596+0700] {logging_mixin.py:149} INFO - [2024-10-10T11:47:48.596+0700] {dagbag.py:541} INFO - Filling up the DagBag from /home/hasyidan/venv/lib/python3.8/site-packages/airflow/example_dags/example_xcom.py
[2024-10-10T11:47:48.632+0700] {processor.py:836} INFO - DAG(s) dict_keys(['example_xcom']) retrieved from /home/hasyidan/venv/lib/python3.8/site-packages/airflow/example_dags/example_xcom.py
[2024-10-10T11:47:50.976+0700] {logging_mixin.py:149} INFO - [2024-10-10T11:47:50.976+0700] {dag.py:2726} INFO - Sync 1 DAGs
[2024-10-10T11:47:51.026+0700] {logging_mixin.py:149} INFO - [2024-10-10T11:47:51.026+0700] {dag.py:3486} INFO - Setting next_dagrun for example_xcom to 2021-01-01T00:00:00+00:00, run_after=2021-01-01T00:00:00+00:00
[2024-10-10T11:47:51.411+0700] {processor.py:179} INFO - Processing /home/hasyidan/venv/lib/python3.8/site-packages/airflow/example_dags/example_xcom.py took 2.847 seconds
[2024-10-10T11:49:11.358+0700] {processor.py:157} INFO - Started process (PID=2936) to work on /home/hasyidan/venv/lib/python3.8/site-packages/airflow/example_dags/example_xcom.py
[2024-10-10T11:49:11.390+0700] {processor.py:826} INFO - Processing file /home/hasyidan/venv/lib/python3.8/site-packages/airflow/example_dags/example_xcom.py for tasks to queue
[2024-10-10T11:49:11.392+0700] {logging_mixin.py:149} INFO - [2024-10-10T11:49:11.392+0700] {dagbag.py:541} INFO - Filling up the DagBag from /home/hasyidan/venv/lib/python3.8/site-packages/airflow/example_dags/example_xcom.py
[2024-10-10T11:49:11.409+0700] {processor.py:836} INFO - DAG(s) dict_keys(['example_xcom']) retrieved from /home/hasyidan/venv/lib/python3.8/site-packages/airflow/example_dags/example_xcom.py
[2024-10-10T11:49:11.449+0700] {logging_mixin.py:149} INFO - [2024-10-10T11:49:11.448+0700] {dag.py:2726} INFO - Sync 1 DAGs
[2024-10-10T11:49:11.709+0700] {logging_mixin.py:149} INFO - [2024-10-10T11:49:11.709+0700] {dag.py:3486} INFO - Setting next_dagrun for example_xcom to 2021-01-01T00:00:00+00:00, run_after=2021-01-01T00:00:00+00:00
[2024-10-10T11:49:11.962+0700] {processor.py:179} INFO - Processing /home/hasyidan/venv/lib/python3.8/site-packages/airflow/example_dags/example_xcom.py took 0.611 seconds
[2024-10-10T11:50:11.305+0700] {processor.py:157} INFO - Started process (PID=2984) to work on /home/hasyidan/venv/lib/python3.8/site-packages/airflow/example_dags/example_xcom.py
[2024-10-10T11:50:11.341+0700] {processor.py:826} INFO - Processing file /home/hasyidan/venv/lib/python3.8/site-packages/airflow/example_dags/example_xcom.py for tasks to queue
[2024-10-10T11:50:11.342+0700] {logging_mixin.py:149} INFO - [2024-10-10T11:50:11.342+0700] {dagbag.py:541} INFO - Filling up the DagBag from /home/hasyidan/venv/lib/python3.8/site-packages/airflow/example_dags/example_xcom.py
[2024-10-10T11:50:11.674+0700] {processor.py:836} INFO - DAG(s) dict_keys(['example_xcom']) retrieved from /home/hasyidan/venv/lib/python3.8/site-packages/airflow/example_dags/example_xcom.py
[2024-10-10T11:50:18.883+0700] {logging_mixin.py:149} INFO - [2024-10-10T11:50:18.883+0700] {dag.py:2726} INFO - Sync 1 DAGs
[2024-10-10T11:50:19.104+0700] {logging_mixin.py:149} INFO - [2024-10-10T11:50:19.104+0700] {dag.py:3486} INFO - Setting next_dagrun for example_xcom to 2021-01-01T00:00:00+00:00, run_after=2021-01-01T00:00:00+00:00
[2024-10-10T11:50:19.459+0700] {processor.py:179} INFO - Processing /home/hasyidan/venv/lib/python3.8/site-packages/airflow/example_dags/example_xcom.py took 8.162 seconds
[2024-10-10T11:52:49.729+0700] {processor.py:157} INFO - Started process (PID=3287) to work on /home/hasyidan/venv/lib/python3.8/site-packages/airflow/example_dags/example_xcom.py
[2024-10-10T11:52:49.783+0700] {processor.py:826} INFO - Processing file /home/hasyidan/venv/lib/python3.8/site-packages/airflow/example_dags/example_xcom.py for tasks to queue
[2024-10-10T11:52:49.786+0700] {logging_mixin.py:149} INFO - [2024-10-10T11:52:49.785+0700] {dagbag.py:541} INFO - Filling up the DagBag from /home/hasyidan/venv/lib/python3.8/site-packages/airflow/example_dags/example_xcom.py
[2024-10-10T11:52:49.847+0700] {processor.py:836} INFO - DAG(s) dict_keys(['example_xcom']) retrieved from /home/hasyidan/venv/lib/python3.8/site-packages/airflow/example_dags/example_xcom.py
[2024-10-10T11:52:50.079+0700] {logging_mixin.py:149} INFO - [2024-10-10T11:52:50.078+0700] {dag.py:2726} INFO - Sync 1 DAGs
[2024-10-10T11:52:50.133+0700] {logging_mixin.py:149} INFO - [2024-10-10T11:52:50.133+0700] {dag.py:3486} INFO - Setting next_dagrun for example_xcom to 2021-01-01T00:00:00+00:00, run_after=2021-01-01T00:00:00+00:00
[2024-10-10T11:52:50.276+0700] {processor.py:179} INFO - Processing /home/hasyidan/venv/lib/python3.8/site-packages/airflow/example_dags/example_xcom.py took 0.554 seconds
[2024-10-10T11:53:43.852+0700] {processor.py:157} INFO - Started process (PID=3365) to work on /home/hasyidan/venv/lib/python3.8/site-packages/airflow/example_dags/example_xcom.py
[2024-10-10T11:53:43.902+0700] {processor.py:826} INFO - Processing file /home/hasyidan/venv/lib/python3.8/site-packages/airflow/example_dags/example_xcom.py for tasks to queue
[2024-10-10T11:53:43.904+0700] {logging_mixin.py:149} INFO - [2024-10-10T11:53:43.904+0700] {dagbag.py:541} INFO - Filling up the DagBag from /home/hasyidan/venv/lib/python3.8/site-packages/airflow/example_dags/example_xcom.py
[2024-10-10T11:53:43.921+0700] {processor.py:836} INFO - DAG(s) dict_keys(['example_xcom']) retrieved from /home/hasyidan/venv/lib/python3.8/site-packages/airflow/example_dags/example_xcom.py
[2024-10-10T11:53:43.960+0700] {logging_mixin.py:149} INFO - [2024-10-10T11:53:43.960+0700] {dag.py:2726} INFO - Sync 1 DAGs
[2024-10-10T11:53:44.002+0700] {logging_mixin.py:149} INFO - [2024-10-10T11:53:44.001+0700] {dag.py:3486} INFO - Setting next_dagrun for example_xcom to 2021-01-01T00:00:00+00:00, run_after=2021-01-01T00:00:00+00:00
[2024-10-10T11:53:44.127+0700] {processor.py:179} INFO - Processing /home/hasyidan/venv/lib/python3.8/site-packages/airflow/example_dags/example_xcom.py took 0.282 seconds
[2024-10-10T11:54:41.650+0700] {processor.py:157} INFO - Started process (PID=3425) to work on /home/hasyidan/venv/lib/python3.8/site-packages/airflow/example_dags/example_xcom.py
[2024-10-10T11:54:41.673+0700] {processor.py:826} INFO - Processing file /home/hasyidan/venv/lib/python3.8/site-packages/airflow/example_dags/example_xcom.py for tasks to queue
[2024-10-10T11:54:41.676+0700] {logging_mixin.py:149} INFO - [2024-10-10T11:54:41.675+0700] {dagbag.py:541} INFO - Filling up the DagBag from /home/hasyidan/venv/lib/python3.8/site-packages/airflow/example_dags/example_xcom.py
[2024-10-10T11:54:41.693+0700] {processor.py:836} INFO - DAG(s) dict_keys(['example_xcom']) retrieved from /home/hasyidan/venv/lib/python3.8/site-packages/airflow/example_dags/example_xcom.py
[2024-10-10T11:54:41.732+0700] {logging_mixin.py:149} INFO - [2024-10-10T11:54:41.732+0700] {dag.py:2726} INFO - Sync 1 DAGs
[2024-10-10T11:54:41.777+0700] {logging_mixin.py:149} INFO - [2024-10-10T11:54:41.777+0700] {dag.py:3486} INFO - Setting next_dagrun for example_xcom to 2021-01-01T00:00:00+00:00, run_after=2021-01-01T00:00:00+00:00
[2024-10-10T11:54:42.001+0700] {processor.py:179} INFO - Processing /home/hasyidan/venv/lib/python3.8/site-packages/airflow/example_dags/example_xcom.py took 0.358 seconds
[2024-10-10T11:55:48.241+0700] {processor.py:157} INFO - Started process (PID=3510) to work on /home/hasyidan/venv/lib/python3.8/site-packages/airflow/example_dags/example_xcom.py
[2024-10-10T11:55:48.260+0700] {processor.py:826} INFO - Processing file /home/hasyidan/venv/lib/python3.8/site-packages/airflow/example_dags/example_xcom.py for tasks to queue
[2024-10-10T11:55:48.263+0700] {logging_mixin.py:149} INFO - [2024-10-10T11:55:48.262+0700] {dagbag.py:541} INFO - Filling up the DagBag from /home/hasyidan/venv/lib/python3.8/site-packages/airflow/example_dags/example_xcom.py
[2024-10-10T11:55:48.283+0700] {processor.py:836} INFO - DAG(s) dict_keys(['example_xcom']) retrieved from /home/hasyidan/venv/lib/python3.8/site-packages/airflow/example_dags/example_xcom.py
[2024-10-10T11:55:48.329+0700] {logging_mixin.py:149} INFO - [2024-10-10T11:55:48.328+0700] {dag.py:2726} INFO - Sync 1 DAGs
[2024-10-10T11:55:48.377+0700] {logging_mixin.py:149} INFO - [2024-10-10T11:55:48.377+0700] {dag.py:3486} INFO - Setting next_dagrun for example_xcom to 2021-01-01T00:00:00+00:00, run_after=2021-01-01T00:00:00+00:00
[2024-10-10T11:55:48.565+0700] {processor.py:179} INFO - Processing /home/hasyidan/venv/lib/python3.8/site-packages/airflow/example_dags/example_xcom.py took 0.329 seconds
[2024-10-10T11:56:45.512+0700] {processor.py:157} INFO - Started process (PID=3570) to work on /home/hasyidan/venv/lib/python3.8/site-packages/airflow/example_dags/example_xcom.py
[2024-10-10T11:56:45.550+0700] {processor.py:826} INFO - Processing file /home/hasyidan/venv/lib/python3.8/site-packages/airflow/example_dags/example_xcom.py for tasks to queue
[2024-10-10T11:56:45.553+0700] {logging_mixin.py:149} INFO - [2024-10-10T11:56:45.552+0700] {dagbag.py:541} INFO - Filling up the DagBag from /home/hasyidan/venv/lib/python3.8/site-packages/airflow/example_dags/example_xcom.py
[2024-10-10T11:56:45.570+0700] {processor.py:836} INFO - DAG(s) dict_keys(['example_xcom']) retrieved from /home/hasyidan/venv/lib/python3.8/site-packages/airflow/example_dags/example_xcom.py
[2024-10-10T11:56:45.609+0700] {logging_mixin.py:149} INFO - [2024-10-10T11:56:45.608+0700] {dag.py:2726} INFO - Sync 1 DAGs
[2024-10-10T11:56:45.652+0700] {logging_mixin.py:149} INFO - [2024-10-10T11:56:45.652+0700] {dag.py:3486} INFO - Setting next_dagrun for example_xcom to 2021-01-01T00:00:00+00:00, run_after=2021-01-01T00:00:00+00:00
[2024-10-10T11:56:45.799+0700] {processor.py:179} INFO - Processing /home/hasyidan/venv/lib/python3.8/site-packages/airflow/example_dags/example_xcom.py took 0.293 seconds
[2024-10-10T11:57:44.033+0700] {processor.py:157} INFO - Started process (PID=3633) to work on /home/hasyidan/venv/lib/python3.8/site-packages/airflow/example_dags/example_xcom.py
[2024-10-10T11:57:44.067+0700] {processor.py:826} INFO - Processing file /home/hasyidan/venv/lib/python3.8/site-packages/airflow/example_dags/example_xcom.py for tasks to queue
[2024-10-10T11:57:44.070+0700] {logging_mixin.py:149} INFO - [2024-10-10T11:57:44.069+0700] {dagbag.py:541} INFO - Filling up the DagBag from /home/hasyidan/venv/lib/python3.8/site-packages/airflow/example_dags/example_xcom.py
[2024-10-10T11:57:44.089+0700] {processor.py:836} INFO - DAG(s) dict_keys(['example_xcom']) retrieved from /home/hasyidan/venv/lib/python3.8/site-packages/airflow/example_dags/example_xcom.py
[2024-10-10T11:57:44.128+0700] {logging_mixin.py:149} INFO - [2024-10-10T11:57:44.128+0700] {dag.py:2726} INFO - Sync 1 DAGs
[2024-10-10T11:57:44.170+0700] {logging_mixin.py:149} INFO - [2024-10-10T11:57:44.169+0700] {dag.py:3486} INFO - Setting next_dagrun for example_xcom to 2021-01-01T00:00:00+00:00, run_after=2021-01-01T00:00:00+00:00
[2024-10-10T11:57:44.320+0700] {processor.py:179} INFO - Processing /home/hasyidan/venv/lib/python3.8/site-packages/airflow/example_dags/example_xcom.py took 0.293 seconds
[2024-10-10T11:58:49.582+0700] {processor.py:157} INFO - Started process (PID=3717) to work on /home/hasyidan/venv/lib/python3.8/site-packages/airflow/example_dags/example_xcom.py
[2024-10-10T11:58:49.606+0700] {processor.py:826} INFO - Processing file /home/hasyidan/venv/lib/python3.8/site-packages/airflow/example_dags/example_xcom.py for tasks to queue
[2024-10-10T11:58:49.609+0700] {logging_mixin.py:149} INFO - [2024-10-10T11:58:49.608+0700] {dagbag.py:541} INFO - Filling up the DagBag from /home/hasyidan/venv/lib/python3.8/site-packages/airflow/example_dags/example_xcom.py
[2024-10-10T11:58:49.655+0700] {processor.py:836} INFO - DAG(s) dict_keys(['example_xcom']) retrieved from /home/hasyidan/venv/lib/python3.8/site-packages/airflow/example_dags/example_xcom.py
[2024-10-10T11:58:49.788+0700] {logging_mixin.py:149} INFO - [2024-10-10T11:58:49.787+0700] {dag.py:2726} INFO - Sync 1 DAGs
[2024-10-10T11:58:49.911+0700] {logging_mixin.py:149} INFO - [2024-10-10T11:58:49.910+0700] {dag.py:3486} INFO - Setting next_dagrun for example_xcom to 2021-01-01T00:00:00+00:00, run_after=2021-01-01T00:00:00+00:00
[2024-10-10T11:58:50.189+0700] {processor.py:179} INFO - Processing /home/hasyidan/venv/lib/python3.8/site-packages/airflow/example_dags/example_xcom.py took 0.617 seconds
[2024-10-10T11:59:52.249+0700] {processor.py:157} INFO - Started process (PID=3778) to work on /home/hasyidan/venv/lib/python3.8/site-packages/airflow/example_dags/example_xcom.py
[2024-10-10T11:59:52.262+0700] {processor.py:826} INFO - Processing file /home/hasyidan/venv/lib/python3.8/site-packages/airflow/example_dags/example_xcom.py for tasks to queue
[2024-10-10T11:59:52.265+0700] {logging_mixin.py:149} INFO - [2024-10-10T11:59:52.264+0700] {dagbag.py:541} INFO - Filling up the DagBag from /home/hasyidan/venv/lib/python3.8/site-packages/airflow/example_dags/example_xcom.py
[2024-10-10T11:59:52.282+0700] {processor.py:836} INFO - DAG(s) dict_keys(['example_xcom']) retrieved from /home/hasyidan/venv/lib/python3.8/site-packages/airflow/example_dags/example_xcom.py
[2024-10-10T11:59:52.321+0700] {logging_mixin.py:149} INFO - [2024-10-10T11:59:52.320+0700] {dag.py:2726} INFO - Sync 1 DAGs
[2024-10-10T11:59:52.364+0700] {logging_mixin.py:149} INFO - [2024-10-10T11:59:52.364+0700] {dag.py:3486} INFO - Setting next_dagrun for example_xcom to 2021-01-01T00:00:00+00:00, run_after=2021-01-01T00:00:00+00:00
[2024-10-10T11:59:52.492+0700] {processor.py:179} INFO - Processing /home/hasyidan/venv/lib/python3.8/site-packages/airflow/example_dags/example_xcom.py took 0.250 seconds
[2024-10-10T12:00:46.189+0700] {processor.py:157} INFO - Started process (PID=3836) to work on /home/hasyidan/venv/lib/python3.8/site-packages/airflow/example_dags/example_xcom.py
[2024-10-10T12:00:46.191+0700] {processor.py:826} INFO - Processing file /home/hasyidan/venv/lib/python3.8/site-packages/airflow/example_dags/example_xcom.py for tasks to queue
[2024-10-10T12:00:46.192+0700] {logging_mixin.py:149} INFO - [2024-10-10T12:00:46.192+0700] {dagbag.py:541} INFO - Filling up the DagBag from /home/hasyidan/venv/lib/python3.8/site-packages/airflow/example_dags/example_xcom.py
[2024-10-10T12:00:46.206+0700] {processor.py:836} INFO - DAG(s) dict_keys(['example_xcom']) retrieved from /home/hasyidan/venv/lib/python3.8/site-packages/airflow/example_dags/example_xcom.py
[2024-10-10T12:00:46.245+0700] {logging_mixin.py:149} INFO - [2024-10-10T12:00:46.244+0700] {dag.py:2726} INFO - Sync 1 DAGs
[2024-10-10T12:00:46.286+0700] {logging_mixin.py:149} INFO - [2024-10-10T12:00:46.286+0700] {dag.py:3486} INFO - Setting next_dagrun for example_xcom to 2021-01-01T00:00:00+00:00, run_after=2021-01-01T00:00:00+00:00
[2024-10-10T12:00:46.415+0700] {processor.py:179} INFO - Processing /home/hasyidan/venv/lib/python3.8/site-packages/airflow/example_dags/example_xcom.py took 0.233 seconds
[2024-10-10T12:01:39.620+0700] {processor.py:157} INFO - Started process (PID=3894) to work on /home/hasyidan/venv/lib/python3.8/site-packages/airflow/example_dags/example_xcom.py
[2024-10-10T12:01:39.644+0700] {processor.py:826} INFO - Processing file /home/hasyidan/venv/lib/python3.8/site-packages/airflow/example_dags/example_xcom.py for tasks to queue
[2024-10-10T12:01:39.647+0700] {logging_mixin.py:149} INFO - [2024-10-10T12:01:39.646+0700] {dagbag.py:541} INFO - Filling up the DagBag from /home/hasyidan/venv/lib/python3.8/site-packages/airflow/example_dags/example_xcom.py
[2024-10-10T12:01:39.664+0700] {processor.py:836} INFO - DAG(s) dict_keys(['example_xcom']) retrieved from /home/hasyidan/venv/lib/python3.8/site-packages/airflow/example_dags/example_xcom.py
[2024-10-10T12:01:39.703+0700] {logging_mixin.py:149} INFO - [2024-10-10T12:01:39.702+0700] {dag.py:2726} INFO - Sync 1 DAGs
[2024-10-10T12:01:39.750+0700] {logging_mixin.py:149} INFO - [2024-10-10T12:01:39.750+0700] {dag.py:3486} INFO - Setting next_dagrun for example_xcom to 2021-01-01T00:00:00+00:00, run_after=2021-01-01T00:00:00+00:00
[2024-10-10T12:01:39.872+0700] {processor.py:179} INFO - Processing /home/hasyidan/venv/lib/python3.8/site-packages/airflow/example_dags/example_xcom.py took 0.258 seconds
[2024-10-10T12:02:29.857+0700] {processor.py:157} INFO - Started process (PID=3950) to work on /home/hasyidan/venv/lib/python3.8/site-packages/airflow/example_dags/example_xcom.py
[2024-10-10T12:02:29.868+0700] {processor.py:826} INFO - Processing file /home/hasyidan/venv/lib/python3.8/site-packages/airflow/example_dags/example_xcom.py for tasks to queue
[2024-10-10T12:02:29.871+0700] {logging_mixin.py:149} INFO - [2024-10-10T12:02:29.870+0700] {dagbag.py:541} INFO - Filling up the DagBag from /home/hasyidan/venv/lib/python3.8/site-packages/airflow/example_dags/example_xcom.py
[2024-10-10T12:02:29.889+0700] {processor.py:836} INFO - DAG(s) dict_keys(['example_xcom']) retrieved from /home/hasyidan/venv/lib/python3.8/site-packages/airflow/example_dags/example_xcom.py
[2024-10-10T12:02:29.929+0700] {logging_mixin.py:149} INFO - [2024-10-10T12:02:29.928+0700] {dag.py:2726} INFO - Sync 1 DAGs
[2024-10-10T12:02:29.970+0700] {logging_mixin.py:149} INFO - [2024-10-10T12:02:29.970+0700] {dag.py:3486} INFO - Setting next_dagrun for example_xcom to 2021-01-01T00:00:00+00:00, run_after=2021-01-01T00:00:00+00:00
[2024-10-10T12:02:30.099+0700] {processor.py:179} INFO - Processing /home/hasyidan/venv/lib/python3.8/site-packages/airflow/example_dags/example_xcom.py took 0.249 seconds
[2024-10-10T12:03:22.249+0700] {processor.py:157} INFO - Started process (PID=4011) to work on /home/hasyidan/venv/lib/python3.8/site-packages/airflow/example_dags/example_xcom.py
[2024-10-10T12:03:22.259+0700] {processor.py:826} INFO - Processing file /home/hasyidan/venv/lib/python3.8/site-packages/airflow/example_dags/example_xcom.py for tasks to queue
[2024-10-10T12:03:22.262+0700] {logging_mixin.py:149} INFO - [2024-10-10T12:03:22.261+0700] {dagbag.py:541} INFO - Filling up the DagBag from /home/hasyidan/venv/lib/python3.8/site-packages/airflow/example_dags/example_xcom.py
[2024-10-10T12:03:22.280+0700] {processor.py:836} INFO - DAG(s) dict_keys(['example_xcom']) retrieved from /home/hasyidan/venv/lib/python3.8/site-packages/airflow/example_dags/example_xcom.py
[2024-10-10T12:03:22.319+0700] {logging_mixin.py:149} INFO - [2024-10-10T12:03:22.319+0700] {dag.py:2726} INFO - Sync 1 DAGs
[2024-10-10T12:03:22.363+0700] {logging_mixin.py:149} INFO - [2024-10-10T12:03:22.363+0700] {dag.py:3486} INFO - Setting next_dagrun for example_xcom to 2021-01-01T00:00:00+00:00, run_after=2021-01-01T00:00:00+00:00
[2024-10-10T12:03:22.489+0700] {processor.py:179} INFO - Processing /home/hasyidan/venv/lib/python3.8/site-packages/airflow/example_dags/example_xcom.py took 0.246 seconds
[2024-10-10T12:04:14.131+0700] {processor.py:157} INFO - Started process (PID=4066) to work on /home/hasyidan/venv/lib/python3.8/site-packages/airflow/example_dags/example_xcom.py
[2024-10-10T12:04:14.155+0700] {processor.py:826} INFO - Processing file /home/hasyidan/venv/lib/python3.8/site-packages/airflow/example_dags/example_xcom.py for tasks to queue
[2024-10-10T12:04:14.157+0700] {logging_mixin.py:149} INFO - [2024-10-10T12:04:14.157+0700] {dagbag.py:541} INFO - Filling up the DagBag from /home/hasyidan/venv/lib/python3.8/site-packages/airflow/example_dags/example_xcom.py
[2024-10-10T12:04:14.175+0700] {processor.py:836} INFO - DAG(s) dict_keys(['example_xcom']) retrieved from /home/hasyidan/venv/lib/python3.8/site-packages/airflow/example_dags/example_xcom.py
[2024-10-10T12:04:14.214+0700] {logging_mixin.py:149} INFO - [2024-10-10T12:04:14.213+0700] {dag.py:2726} INFO - Sync 1 DAGs
[2024-10-10T12:04:14.256+0700] {logging_mixin.py:149} INFO - [2024-10-10T12:04:14.255+0700] {dag.py:3486} INFO - Setting next_dagrun for example_xcom to 2021-01-01T00:00:00+00:00, run_after=2021-01-01T00:00:00+00:00
[2024-10-10T12:04:14.375+0700] {processor.py:179} INFO - Processing /home/hasyidan/venv/lib/python3.8/site-packages/airflow/example_dags/example_xcom.py took 0.251 seconds
[2024-10-10T12:05:07.126+0700] {processor.py:157} INFO - Started process (PID=4179) to work on /home/hasyidan/venv/lib/python3.8/site-packages/airflow/example_dags/example_xcom.py
[2024-10-10T12:05:07.132+0700] {processor.py:826} INFO - Processing file /home/hasyidan/venv/lib/python3.8/site-packages/airflow/example_dags/example_xcom.py for tasks to queue
[2024-10-10T12:05:07.134+0700] {logging_mixin.py:149} INFO - [2024-10-10T12:05:07.133+0700] {dagbag.py:541} INFO - Filling up the DagBag from /home/hasyidan/venv/lib/python3.8/site-packages/airflow/example_dags/example_xcom.py
[2024-10-10T12:05:07.151+0700] {processor.py:836} INFO - DAG(s) dict_keys(['example_xcom']) retrieved from /home/hasyidan/venv/lib/python3.8/site-packages/airflow/example_dags/example_xcom.py
[2024-10-10T12:05:07.190+0700] {logging_mixin.py:149} INFO - [2024-10-10T12:05:07.190+0700] {dag.py:2726} INFO - Sync 1 DAGs
[2024-10-10T12:05:07.234+0700] {logging_mixin.py:149} INFO - [2024-10-10T12:05:07.234+0700] {dag.py:3486} INFO - Setting next_dagrun for example_xcom to 2021-01-01T00:00:00+00:00, run_after=2021-01-01T00:00:00+00:00
[2024-10-10T12:05:07.355+0700] {processor.py:179} INFO - Processing /home/hasyidan/venv/lib/python3.8/site-packages/airflow/example_dags/example_xcom.py took 0.235 seconds
[2024-10-10T12:06:03.806+0700] {processor.py:157} INFO - Started process (PID=4238) to work on /home/hasyidan/venv/lib/python3.8/site-packages/airflow/example_dags/example_xcom.py
[2024-10-10T12:06:03.833+0700] {processor.py:826} INFO - Processing file /home/hasyidan/venv/lib/python3.8/site-packages/airflow/example_dags/example_xcom.py for tasks to queue
[2024-10-10T12:06:03.835+0700] {logging_mixin.py:149} INFO - [2024-10-10T12:06:03.835+0700] {dagbag.py:541} INFO - Filling up the DagBag from /home/hasyidan/venv/lib/python3.8/site-packages/airflow/example_dags/example_xcom.py
[2024-10-10T12:06:03.852+0700] {processor.py:836} INFO - DAG(s) dict_keys(['example_xcom']) retrieved from /home/hasyidan/venv/lib/python3.8/site-packages/airflow/example_dags/example_xcom.py
[2024-10-10T12:06:03.892+0700] {logging_mixin.py:149} INFO - [2024-10-10T12:06:03.891+0700] {dag.py:2726} INFO - Sync 1 DAGs
[2024-10-10T12:06:03.933+0700] {logging_mixin.py:149} INFO - [2024-10-10T12:06:03.933+0700] {dag.py:3486} INFO - Setting next_dagrun for example_xcom to 2021-01-01T00:00:00+00:00, run_after=2021-01-01T00:00:00+00:00
[2024-10-10T12:06:04.100+0700] {processor.py:179} INFO - Processing /home/hasyidan/venv/lib/python3.8/site-packages/airflow/example_dags/example_xcom.py took 0.300 seconds
[2024-10-10T12:06:58.423+0700] {processor.py:157} INFO - Started process (PID=4298) to work on /home/hasyidan/venv/lib/python3.8/site-packages/airflow/example_dags/example_xcom.py
[2024-10-10T12:06:58.433+0700] {processor.py:826} INFO - Processing file /home/hasyidan/venv/lib/python3.8/site-packages/airflow/example_dags/example_xcom.py for tasks to queue
[2024-10-10T12:06:58.435+0700] {logging_mixin.py:149} INFO - [2024-10-10T12:06:58.435+0700] {dagbag.py:541} INFO - Filling up the DagBag from /home/hasyidan/venv/lib/python3.8/site-packages/airflow/example_dags/example_xcom.py
[2024-10-10T12:06:58.454+0700] {processor.py:836} INFO - DAG(s) dict_keys(['example_xcom']) retrieved from /home/hasyidan/venv/lib/python3.8/site-packages/airflow/example_dags/example_xcom.py
[2024-10-10T12:06:58.492+0700] {logging_mixin.py:149} INFO - [2024-10-10T12:06:58.492+0700] {dag.py:2726} INFO - Sync 1 DAGs
[2024-10-10T12:06:58.537+0700] {logging_mixin.py:149} INFO - [2024-10-10T12:06:58.536+0700] {dag.py:3486} INFO - Setting next_dagrun for example_xcom to 2021-01-01T00:00:00+00:00, run_after=2021-01-01T00:00:00+00:00
[2024-10-10T12:06:58.700+0700] {processor.py:179} INFO - Processing /home/hasyidan/venv/lib/python3.8/site-packages/airflow/example_dags/example_xcom.py took 0.284 seconds
[2024-10-10T12:07:57.842+0700] {processor.py:157} INFO - Started process (PID=4363) to work on /home/hasyidan/venv/lib/python3.8/site-packages/airflow/example_dags/example_xcom.py
[2024-10-10T12:07:57.851+0700] {processor.py:826} INFO - Processing file /home/hasyidan/venv/lib/python3.8/site-packages/airflow/example_dags/example_xcom.py for tasks to queue
[2024-10-10T12:07:57.853+0700] {logging_mixin.py:149} INFO - [2024-10-10T12:07:57.853+0700] {dagbag.py:541} INFO - Filling up the DagBag from /home/hasyidan/venv/lib/python3.8/site-packages/airflow/example_dags/example_xcom.py
[2024-10-10T12:07:57.871+0700] {processor.py:836} INFO - DAG(s) dict_keys(['example_xcom']) retrieved from /home/hasyidan/venv/lib/python3.8/site-packages/airflow/example_dags/example_xcom.py
[2024-10-10T12:07:57.910+0700] {logging_mixin.py:149} INFO - [2024-10-10T12:07:57.909+0700] {dag.py:2726} INFO - Sync 1 DAGs
[2024-10-10T12:07:57.951+0700] {logging_mixin.py:149} INFO - [2024-10-10T12:07:57.951+0700] {dag.py:3486} INFO - Setting next_dagrun for example_xcom to 2021-01-01T00:00:00+00:00, run_after=2021-01-01T00:00:00+00:00
[2024-10-10T12:07:58.158+0700] {processor.py:179} INFO - Processing /home/hasyidan/venv/lib/python3.8/site-packages/airflow/example_dags/example_xcom.py took 0.323 seconds
[2024-10-10T12:08:54.457+0700] {processor.py:157} INFO - Started process (PID=4426) to work on /home/hasyidan/venv/lib/python3.8/site-packages/airflow/example_dags/example_xcom.py
[2024-10-10T12:08:54.459+0700] {processor.py:826} INFO - Processing file /home/hasyidan/venv/lib/python3.8/site-packages/airflow/example_dags/example_xcom.py for tasks to queue
[2024-10-10T12:08:54.460+0700] {logging_mixin.py:149} INFO - [2024-10-10T12:08:54.460+0700] {dagbag.py:541} INFO - Filling up the DagBag from /home/hasyidan/venv/lib/python3.8/site-packages/airflow/example_dags/example_xcom.py
[2024-10-10T12:08:54.474+0700] {processor.py:836} INFO - DAG(s) dict_keys(['example_xcom']) retrieved from /home/hasyidan/venv/lib/python3.8/site-packages/airflow/example_dags/example_xcom.py
[2024-10-10T12:08:54.513+0700] {logging_mixin.py:149} INFO - [2024-10-10T12:08:54.513+0700] {dag.py:2726} INFO - Sync 1 DAGs
[2024-10-10T12:08:54.557+0700] {logging_mixin.py:149} INFO - [2024-10-10T12:08:54.557+0700] {dag.py:3486} INFO - Setting next_dagrun for example_xcom to 2021-01-01T00:00:00+00:00, run_after=2021-01-01T00:00:00+00:00
[2024-10-10T12:08:54.692+0700] {processor.py:179} INFO - Processing /home/hasyidan/venv/lib/python3.8/site-packages/airflow/example_dags/example_xcom.py took 0.242 seconds
[2024-10-10T12:09:48.068+0700] {processor.py:157} INFO - Started process (PID=4482) to work on /home/hasyidan/venv/lib/python3.8/site-packages/airflow/example_dags/example_xcom.py
[2024-10-10T12:09:48.080+0700] {processor.py:826} INFO - Processing file /home/hasyidan/venv/lib/python3.8/site-packages/airflow/example_dags/example_xcom.py for tasks to queue
[2024-10-10T12:09:48.083+0700] {logging_mixin.py:149} INFO - [2024-10-10T12:09:48.083+0700] {dagbag.py:541} INFO - Filling up the DagBag from /home/hasyidan/venv/lib/python3.8/site-packages/airflow/example_dags/example_xcom.py
[2024-10-10T12:09:48.100+0700] {processor.py:836} INFO - DAG(s) dict_keys(['example_xcom']) retrieved from /home/hasyidan/venv/lib/python3.8/site-packages/airflow/example_dags/example_xcom.py
[2024-10-10T12:09:48.138+0700] {logging_mixin.py:149} INFO - [2024-10-10T12:09:48.138+0700] {dag.py:2726} INFO - Sync 1 DAGs
[2024-10-10T12:09:48.180+0700] {logging_mixin.py:149} INFO - [2024-10-10T12:09:48.179+0700] {dag.py:3486} INFO - Setting next_dagrun for example_xcom to 2021-01-01T00:00:00+00:00, run_after=2021-01-01T00:00:00+00:00
[2024-10-10T12:09:48.299+0700] {processor.py:179} INFO - Processing /home/hasyidan/venv/lib/python3.8/site-packages/airflow/example_dags/example_xcom.py took 0.238 seconds
[2024-10-10T12:10:39.315+0700] {processor.py:157} INFO - Started process (PID=4544) to work on /home/hasyidan/venv/lib/python3.8/site-packages/airflow/example_dags/example_xcom.py
[2024-10-10T12:10:39.326+0700] {processor.py:826} INFO - Processing file /home/hasyidan/venv/lib/python3.8/site-packages/airflow/example_dags/example_xcom.py for tasks to queue
[2024-10-10T12:10:39.328+0700] {logging_mixin.py:149} INFO - [2024-10-10T12:10:39.327+0700] {dagbag.py:541} INFO - Filling up the DagBag from /home/hasyidan/venv/lib/python3.8/site-packages/airflow/example_dags/example_xcom.py
[2024-10-10T12:10:39.345+0700] {processor.py:836} INFO - DAG(s) dict_keys(['example_xcom']) retrieved from /home/hasyidan/venv/lib/python3.8/site-packages/airflow/example_dags/example_xcom.py
[2024-10-10T12:10:39.383+0700] {logging_mixin.py:149} INFO - [2024-10-10T12:10:39.383+0700] {dag.py:2726} INFO - Sync 1 DAGs
[2024-10-10T12:10:39.427+0700] {logging_mixin.py:149} INFO - [2024-10-10T12:10:39.427+0700] {dag.py:3486} INFO - Setting next_dagrun for example_xcom to 2021-01-01T00:00:00+00:00, run_after=2021-01-01T00:00:00+00:00
[2024-10-10T12:10:39.554+0700] {processor.py:179} INFO - Processing /home/hasyidan/venv/lib/python3.8/site-packages/airflow/example_dags/example_xcom.py took 0.245 seconds
[2024-10-10T12:11:31.647+0700] {processor.py:157} INFO - Started process (PID=4602) to work on /home/hasyidan/venv/lib/python3.8/site-packages/airflow/example_dags/example_xcom.py
[2024-10-10T12:11:31.695+0700] {processor.py:826} INFO - Processing file /home/hasyidan/venv/lib/python3.8/site-packages/airflow/example_dags/example_xcom.py for tasks to queue
[2024-10-10T12:11:31.698+0700] {logging_mixin.py:149} INFO - [2024-10-10T12:11:31.697+0700] {dagbag.py:541} INFO - Filling up the DagBag from /home/hasyidan/venv/lib/python3.8/site-packages/airflow/example_dags/example_xcom.py
[2024-10-10T12:11:31.717+0700] {processor.py:836} INFO - DAG(s) dict_keys(['example_xcom']) retrieved from /home/hasyidan/venv/lib/python3.8/site-packages/airflow/example_dags/example_xcom.py
[2024-10-10T12:11:31.758+0700] {logging_mixin.py:149} INFO - [2024-10-10T12:11:31.758+0700] {dag.py:2726} INFO - Sync 1 DAGs
[2024-10-10T12:11:31.804+0700] {logging_mixin.py:149} INFO - [2024-10-10T12:11:31.803+0700] {dag.py:3486} INFO - Setting next_dagrun for example_xcom to 2021-01-01T00:00:00+00:00, run_after=2021-01-01T00:00:00+00:00
[2024-10-10T12:11:31.935+0700] {processor.py:179} INFO - Processing /home/hasyidan/venv/lib/python3.8/site-packages/airflow/example_dags/example_xcom.py took 0.294 seconds
[2024-10-10T12:12:27.596+0700] {processor.py:157} INFO - Started process (PID=4667) to work on /home/hasyidan/venv/lib/python3.8/site-packages/airflow/example_dags/example_xcom.py
[2024-10-10T12:12:27.632+0700] {processor.py:826} INFO - Processing file /home/hasyidan/venv/lib/python3.8/site-packages/airflow/example_dags/example_xcom.py for tasks to queue
[2024-10-10T12:12:27.635+0700] {logging_mixin.py:149} INFO - [2024-10-10T12:12:27.635+0700] {dagbag.py:541} INFO - Filling up the DagBag from /home/hasyidan/venv/lib/python3.8/site-packages/airflow/example_dags/example_xcom.py
[2024-10-10T12:12:27.652+0700] {processor.py:836} INFO - DAG(s) dict_keys(['example_xcom']) retrieved from /home/hasyidan/venv/lib/python3.8/site-packages/airflow/example_dags/example_xcom.py
[2024-10-10T12:12:27.689+0700] {logging_mixin.py:149} INFO - [2024-10-10T12:12:27.689+0700] {dag.py:2726} INFO - Sync 1 DAGs
[2024-10-10T12:12:27.733+0700] {logging_mixin.py:149} INFO - [2024-10-10T12:12:27.733+0700] {dag.py:3486} INFO - Setting next_dagrun for example_xcom to 2021-01-01T00:00:00+00:00, run_after=2021-01-01T00:00:00+00:00
[2024-10-10T12:12:27.863+0700] {processor.py:179} INFO - Processing /home/hasyidan/venv/lib/python3.8/site-packages/airflow/example_dags/example_xcom.py took 0.274 seconds
[2024-10-10T12:13:17.437+0700] {processor.py:157} INFO - Started process (PID=4730) to work on /home/hasyidan/venv/lib/python3.8/site-packages/airflow/example_dags/example_xcom.py
[2024-10-10T12:13:17.439+0700] {processor.py:826} INFO - Processing file /home/hasyidan/venv/lib/python3.8/site-packages/airflow/example_dags/example_xcom.py for tasks to queue
[2024-10-10T12:13:17.441+0700] {logging_mixin.py:149} INFO - [2024-10-10T12:13:17.440+0700] {dagbag.py:541} INFO - Filling up the DagBag from /home/hasyidan/venv/lib/python3.8/site-packages/airflow/example_dags/example_xcom.py
[2024-10-10T12:13:17.454+0700] {processor.py:836} INFO - DAG(s) dict_keys(['example_xcom']) retrieved from /home/hasyidan/venv/lib/python3.8/site-packages/airflow/example_dags/example_xcom.py
[2024-10-10T12:13:17.493+0700] {logging_mixin.py:149} INFO - [2024-10-10T12:13:17.493+0700] {dag.py:2726} INFO - Sync 1 DAGs
[2024-10-10T12:13:17.535+0700] {logging_mixin.py:149} INFO - [2024-10-10T12:13:17.534+0700] {dag.py:3486} INFO - Setting next_dagrun for example_xcom to 2021-01-01T00:00:00+00:00, run_after=2021-01-01T00:00:00+00:00
[2024-10-10T12:13:17.695+0700] {processor.py:179} INFO - Processing /home/hasyidan/venv/lib/python3.8/site-packages/airflow/example_dags/example_xcom.py took 0.264 seconds
[2024-10-10T12:14:06.526+0700] {processor.py:157} INFO - Started process (PID=4782) to work on /home/hasyidan/venv/lib/python3.8/site-packages/airflow/example_dags/example_xcom.py
[2024-10-10T12:14:06.528+0700] {processor.py:826} INFO - Processing file /home/hasyidan/venv/lib/python3.8/site-packages/airflow/example_dags/example_xcom.py for tasks to queue
[2024-10-10T12:14:06.530+0700] {logging_mixin.py:149} INFO - [2024-10-10T12:14:06.529+0700] {dagbag.py:541} INFO - Filling up the DagBag from /home/hasyidan/venv/lib/python3.8/site-packages/airflow/example_dags/example_xcom.py
[2024-10-10T12:14:06.544+0700] {processor.py:836} INFO - DAG(s) dict_keys(['example_xcom']) retrieved from /home/hasyidan/venv/lib/python3.8/site-packages/airflow/example_dags/example_xcom.py
[2024-10-10T12:14:06.582+0700] {logging_mixin.py:149} INFO - [2024-10-10T12:14:06.582+0700] {dag.py:2726} INFO - Sync 1 DAGs
[2024-10-10T12:14:06.626+0700] {logging_mixin.py:149} INFO - [2024-10-10T12:14:06.626+0700] {dag.py:3486} INFO - Setting next_dagrun for example_xcom to 2021-01-01T00:00:00+00:00, run_after=2021-01-01T00:00:00+00:00
[2024-10-10T12:14:06.796+0700] {processor.py:179} INFO - Processing /home/hasyidan/venv/lib/python3.8/site-packages/airflow/example_dags/example_xcom.py took 0.275 seconds
[2024-10-10T12:14:56.747+0700] {processor.py:157} INFO - Started process (PID=4841) to work on /home/hasyidan/venv/lib/python3.8/site-packages/airflow/example_dags/example_xcom.py
[2024-10-10T12:14:56.749+0700] {processor.py:826} INFO - Processing file /home/hasyidan/venv/lib/python3.8/site-packages/airflow/example_dags/example_xcom.py for tasks to queue
[2024-10-10T12:14:56.751+0700] {logging_mixin.py:149} INFO - [2024-10-10T12:14:56.750+0700] {dagbag.py:541} INFO - Filling up the DagBag from /home/hasyidan/venv/lib/python3.8/site-packages/airflow/example_dags/example_xcom.py
[2024-10-10T12:14:56.765+0700] {processor.py:836} INFO - DAG(s) dict_keys(['example_xcom']) retrieved from /home/hasyidan/venv/lib/python3.8/site-packages/airflow/example_dags/example_xcom.py
[2024-10-10T12:14:56.803+0700] {logging_mixin.py:149} INFO - [2024-10-10T12:14:56.803+0700] {dag.py:2726} INFO - Sync 1 DAGs
[2024-10-10T12:14:56.848+0700] {logging_mixin.py:149} INFO - [2024-10-10T12:14:56.847+0700] {dag.py:3486} INFO - Setting next_dagrun for example_xcom to 2021-01-01T00:00:00+00:00, run_after=2021-01-01T00:00:00+00:00
[2024-10-10T12:14:56.999+0700] {processor.py:179} INFO - Processing /home/hasyidan/venv/lib/python3.8/site-packages/airflow/example_dags/example_xcom.py took 0.257 seconds
[2024-10-10T12:15:49.089+0700] {processor.py:157} INFO - Started process (PID=4906) to work on /home/hasyidan/venv/lib/python3.8/site-packages/airflow/example_dags/example_xcom.py
[2024-10-10T12:15:49.109+0700] {processor.py:826} INFO - Processing file /home/hasyidan/venv/lib/python3.8/site-packages/airflow/example_dags/example_xcom.py for tasks to queue
[2024-10-10T12:15:49.112+0700] {logging_mixin.py:149} INFO - [2024-10-10T12:15:49.111+0700] {dagbag.py:541} INFO - Filling up the DagBag from /home/hasyidan/venv/lib/python3.8/site-packages/airflow/example_dags/example_xcom.py
[2024-10-10T12:15:49.129+0700] {processor.py:836} INFO - DAG(s) dict_keys(['example_xcom']) retrieved from /home/hasyidan/venv/lib/python3.8/site-packages/airflow/example_dags/example_xcom.py
[2024-10-10T12:15:49.167+0700] {logging_mixin.py:149} INFO - [2024-10-10T12:15:49.167+0700] {dag.py:2726} INFO - Sync 1 DAGs
[2024-10-10T12:15:49.211+0700] {logging_mixin.py:149} INFO - [2024-10-10T12:15:49.211+0700] {dag.py:3486} INFO - Setting next_dagrun for example_xcom to 2021-01-01T00:00:00+00:00, run_after=2021-01-01T00:00:00+00:00
[2024-10-10T12:15:49.336+0700] {processor.py:179} INFO - Processing /home/hasyidan/venv/lib/python3.8/site-packages/airflow/example_dags/example_xcom.py took 0.253 seconds
[2024-10-10T12:16:43.261+0700] {processor.py:157} INFO - Started process (PID=4964) to work on /home/hasyidan/venv/lib/python3.8/site-packages/airflow/example_dags/example_xcom.py
[2024-10-10T12:16:43.263+0700] {processor.py:826} INFO - Processing file /home/hasyidan/venv/lib/python3.8/site-packages/airflow/example_dags/example_xcom.py for tasks to queue
[2024-10-10T12:16:43.264+0700] {logging_mixin.py:149} INFO - [2024-10-10T12:16:43.264+0700] {dagbag.py:541} INFO - Filling up the DagBag from /home/hasyidan/venv/lib/python3.8/site-packages/airflow/example_dags/example_xcom.py
[2024-10-10T12:16:43.279+0700] {processor.py:836} INFO - DAG(s) dict_keys(['example_xcom']) retrieved from /home/hasyidan/venv/lib/python3.8/site-packages/airflow/example_dags/example_xcom.py
[2024-10-10T12:16:43.322+0700] {logging_mixin.py:149} INFO - [2024-10-10T12:16:43.322+0700] {dag.py:2726} INFO - Sync 1 DAGs
[2024-10-10T12:16:43.368+0700] {logging_mixin.py:149} INFO - [2024-10-10T12:16:43.368+0700] {dag.py:3486} INFO - Setting next_dagrun for example_xcom to 2021-01-01T00:00:00+00:00, run_after=2021-01-01T00:00:00+00:00
[2024-10-10T12:16:43.520+0700] {processor.py:179} INFO - Processing /home/hasyidan/venv/lib/python3.8/site-packages/airflow/example_dags/example_xcom.py took 0.266 seconds
[2024-10-10T12:17:39.495+0700] {processor.py:157} INFO - Started process (PID=5033) to work on /home/hasyidan/venv/lib/python3.8/site-packages/airflow/example_dags/example_xcom.py
[2024-10-10T12:17:39.509+0700] {processor.py:826} INFO - Processing file /home/hasyidan/venv/lib/python3.8/site-packages/airflow/example_dags/example_xcom.py for tasks to queue
[2024-10-10T12:17:39.512+0700] {logging_mixin.py:149} INFO - [2024-10-10T12:17:39.511+0700] {dagbag.py:541} INFO - Filling up the DagBag from /home/hasyidan/venv/lib/python3.8/site-packages/airflow/example_dags/example_xcom.py
[2024-10-10T12:17:39.529+0700] {processor.py:836} INFO - DAG(s) dict_keys(['example_xcom']) retrieved from /home/hasyidan/venv/lib/python3.8/site-packages/airflow/example_dags/example_xcom.py
[2024-10-10T12:17:39.569+0700] {logging_mixin.py:149} INFO - [2024-10-10T12:17:39.568+0700] {dag.py:2726} INFO - Sync 1 DAGs
[2024-10-10T12:17:39.611+0700] {logging_mixin.py:149} INFO - [2024-10-10T12:17:39.610+0700] {dag.py:3486} INFO - Setting next_dagrun for example_xcom to 2021-01-01T00:00:00+00:00, run_after=2021-01-01T00:00:00+00:00
[2024-10-10T12:17:39.724+0700] {processor.py:179} INFO - Processing /home/hasyidan/venv/lib/python3.8/site-packages/airflow/example_dags/example_xcom.py took 0.235 seconds
[2024-10-10T12:18:32.757+0700] {processor.py:157} INFO - Started process (PID=5099) to work on /home/hasyidan/venv/lib/python3.8/site-packages/airflow/example_dags/example_xcom.py
[2024-10-10T12:18:32.794+0700] {processor.py:826} INFO - Processing file /home/hasyidan/venv/lib/python3.8/site-packages/airflow/example_dags/example_xcom.py for tasks to queue
[2024-10-10T12:18:32.797+0700] {logging_mixin.py:149} INFO - [2024-10-10T12:18:32.796+0700] {dagbag.py:541} INFO - Filling up the DagBag from /home/hasyidan/venv/lib/python3.8/site-packages/airflow/example_dags/example_xcom.py
[2024-10-10T12:18:32.813+0700] {processor.py:836} INFO - DAG(s) dict_keys(['example_xcom']) retrieved from /home/hasyidan/venv/lib/python3.8/site-packages/airflow/example_dags/example_xcom.py
[2024-10-10T12:18:32.857+0700] {logging_mixin.py:149} INFO - [2024-10-10T12:18:32.856+0700] {dag.py:2726} INFO - Sync 1 DAGs
[2024-10-10T12:18:32.901+0700] {logging_mixin.py:149} INFO - [2024-10-10T12:18:32.900+0700] {dag.py:3486} INFO - Setting next_dagrun for example_xcom to 2021-01-01T00:00:00+00:00, run_after=2021-01-01T00:00:00+00:00
[2024-10-10T12:18:33.031+0700] {processor.py:179} INFO - Processing /home/hasyidan/venv/lib/python3.8/site-packages/airflow/example_dags/example_xcom.py took 0.280 seconds
[2024-10-10T12:19:25.408+0700] {processor.py:157} INFO - Started process (PID=5152) to work on /home/hasyidan/venv/lib/python3.8/site-packages/airflow/example_dags/example_xcom.py
[2024-10-10T12:19:25.442+0700] {processor.py:826} INFO - Processing file /home/hasyidan/venv/lib/python3.8/site-packages/airflow/example_dags/example_xcom.py for tasks to queue
[2024-10-10T12:19:25.444+0700] {logging_mixin.py:149} INFO - [2024-10-10T12:19:25.443+0700] {dagbag.py:541} INFO - Filling up the DagBag from /home/hasyidan/venv/lib/python3.8/site-packages/airflow/example_dags/example_xcom.py
[2024-10-10T12:19:25.459+0700] {processor.py:836} INFO - DAG(s) dict_keys(['example_xcom']) retrieved from /home/hasyidan/venv/lib/python3.8/site-packages/airflow/example_dags/example_xcom.py
[2024-10-10T12:19:25.499+0700] {logging_mixin.py:149} INFO - [2024-10-10T12:19:25.499+0700] {dag.py:2726} INFO - Sync 1 DAGs
[2024-10-10T12:19:25.542+0700] {logging_mixin.py:149} INFO - [2024-10-10T12:19:25.541+0700] {dag.py:3486} INFO - Setting next_dagrun for example_xcom to 2021-01-01T00:00:00+00:00, run_after=2021-01-01T00:00:00+00:00
[2024-10-10T12:19:25.667+0700] {processor.py:179} INFO - Processing /home/hasyidan/venv/lib/python3.8/site-packages/airflow/example_dags/example_xcom.py took 0.265 seconds
[2024-10-10T12:20:17.678+0700] {processor.py:157} INFO - Started process (PID=5214) to work on /home/hasyidan/venv/lib/python3.8/site-packages/airflow/example_dags/example_xcom.py
[2024-10-10T12:20:17.711+0700] {processor.py:826} INFO - Processing file /home/hasyidan/venv/lib/python3.8/site-packages/airflow/example_dags/example_xcom.py for tasks to queue
[2024-10-10T12:20:17.714+0700] {logging_mixin.py:149} INFO - [2024-10-10T12:20:17.713+0700] {dagbag.py:541} INFO - Filling up the DagBag from /home/hasyidan/venv/lib/python3.8/site-packages/airflow/example_dags/example_xcom.py
[2024-10-10T12:20:17.731+0700] {processor.py:836} INFO - DAG(s) dict_keys(['example_xcom']) retrieved from /home/hasyidan/venv/lib/python3.8/site-packages/airflow/example_dags/example_xcom.py
[2024-10-10T12:20:17.769+0700] {logging_mixin.py:149} INFO - [2024-10-10T12:20:17.769+0700] {dag.py:2726} INFO - Sync 1 DAGs
[2024-10-10T12:20:17.810+0700] {logging_mixin.py:149} INFO - [2024-10-10T12:20:17.810+0700] {dag.py:3486} INFO - Setting next_dagrun for example_xcom to 2021-01-01T00:00:00+00:00, run_after=2021-01-01T00:00:00+00:00
[2024-10-10T12:20:17.933+0700] {processor.py:179} INFO - Processing /home/hasyidan/venv/lib/python3.8/site-packages/airflow/example_dags/example_xcom.py took 0.260 seconds
[2024-10-10T12:21:15.171+0700] {processor.py:157} INFO - Started process (PID=5291) to work on /home/hasyidan/venv/lib/python3.8/site-packages/airflow/example_dags/example_xcom.py
[2024-10-10T12:21:15.177+0700] {processor.py:826} INFO - Processing file /home/hasyidan/venv/lib/python3.8/site-packages/airflow/example_dags/example_xcom.py for tasks to queue
[2024-10-10T12:21:15.181+0700] {logging_mixin.py:149} INFO - [2024-10-10T12:21:15.180+0700] {dagbag.py:541} INFO - Filling up the DagBag from /home/hasyidan/venv/lib/python3.8/site-packages/airflow/example_dags/example_xcom.py
[2024-10-10T12:21:15.198+0700] {processor.py:836} INFO - DAG(s) dict_keys(['example_xcom']) retrieved from /home/hasyidan/venv/lib/python3.8/site-packages/airflow/example_dags/example_xcom.py
[2024-10-10T12:21:15.242+0700] {logging_mixin.py:149} INFO - [2024-10-10T12:21:15.241+0700] {dag.py:2726} INFO - Sync 1 DAGs
[2024-10-10T12:21:15.288+0700] {logging_mixin.py:149} INFO - [2024-10-10T12:21:15.288+0700] {dag.py:3486} INFO - Setting next_dagrun for example_xcom to 2021-01-01T00:00:00+00:00, run_after=2021-01-01T00:00:00+00:00
[2024-10-10T12:21:15.416+0700] {processor.py:179} INFO - Processing /home/hasyidan/venv/lib/python3.8/site-packages/airflow/example_dags/example_xcom.py took 0.252 seconds
[2024-10-10T13:20:06.620+0700] {processor.py:157} INFO - Started process (PID=1946) to work on /home/hasyidan/venv/lib/python3.8/site-packages/airflow/example_dags/example_xcom.py
[2024-10-10T13:20:06.635+0700] {processor.py:826} INFO - Processing file /home/hasyidan/venv/lib/python3.8/site-packages/airflow/example_dags/example_xcom.py for tasks to queue
[2024-10-10T13:20:06.638+0700] {logging_mixin.py:149} INFO - [2024-10-10T13:20:06.638+0700] {dagbag.py:541} INFO - Filling up the DagBag from /home/hasyidan/venv/lib/python3.8/site-packages/airflow/example_dags/example_xcom.py
[2024-10-10T13:20:06.659+0700] {processor.py:836} INFO - DAG(s) dict_keys(['example_xcom']) retrieved from /home/hasyidan/venv/lib/python3.8/site-packages/airflow/example_dags/example_xcom.py
[2024-10-10T13:20:06.715+0700] {logging_mixin.py:149} INFO - [2024-10-10T13:20:06.715+0700] {dag.py:2726} INFO - Sync 1 DAGs
[2024-10-10T13:20:06.757+0700] {logging_mixin.py:149} INFO - [2024-10-10T13:20:06.757+0700] {dag.py:3486} INFO - Setting next_dagrun for example_xcom to 2021-01-01T00:00:00+00:00, run_after=2021-01-01T00:00:00+00:00
[2024-10-10T13:20:07.113+0700] {processor.py:179} INFO - Processing /home/hasyidan/venv/lib/python3.8/site-packages/airflow/example_dags/example_xcom.py took 0.499 seconds
[2024-10-10T13:25:17.318+0700] {processor.py:157} INFO - Started process (PID=2542) to work on /home/hasyidan/venv/lib/python3.8/site-packages/airflow/example_dags/example_xcom.py
[2024-10-10T13:25:17.411+0700] {processor.py:826} INFO - Processing file /home/hasyidan/venv/lib/python3.8/site-packages/airflow/example_dags/example_xcom.py for tasks to queue
[2024-10-10T13:25:17.413+0700] {logging_mixin.py:149} INFO - [2024-10-10T13:25:17.413+0700] {dagbag.py:541} INFO - Filling up the DagBag from /home/hasyidan/venv/lib/python3.8/site-packages/airflow/example_dags/example_xcom.py
[2024-10-10T13:25:20.794+0700] {processor.py:836} INFO - DAG(s) dict_keys(['example_xcom']) retrieved from /home/hasyidan/venv/lib/python3.8/site-packages/airflow/example_dags/example_xcom.py
[2024-10-10T13:25:20.857+0700] {logging_mixin.py:149} INFO - [2024-10-10T13:25:20.857+0700] {dag.py:2726} INFO - Sync 1 DAGs
[2024-10-10T13:25:20.973+0700] {logging_mixin.py:149} INFO - [2024-10-10T13:25:20.973+0700] {dag.py:3486} INFO - Setting next_dagrun for example_xcom to 2021-01-01T00:00:00+00:00, run_after=2021-01-01T00:00:00+00:00
[2024-10-10T13:25:21.480+0700] {processor.py:179} INFO - Processing /home/hasyidan/venv/lib/python3.8/site-packages/airflow/example_dags/example_xcom.py took 4.171 seconds
[2024-10-10T13:27:08.746+0700] {processor.py:157} INFO - Started process (PID=2695) to work on /home/hasyidan/venv/lib/python3.8/site-packages/airflow/example_dags/example_xcom.py
[2024-10-10T13:27:08.766+0700] {processor.py:826} INFO - Processing file /home/hasyidan/venv/lib/python3.8/site-packages/airflow/example_dags/example_xcom.py for tasks to queue
[2024-10-10T13:27:08.768+0700] {logging_mixin.py:149} INFO - [2024-10-10T13:27:08.768+0700] {dagbag.py:541} INFO - Filling up the DagBag from /home/hasyidan/venv/lib/python3.8/site-packages/airflow/example_dags/example_xcom.py
[2024-10-10T13:27:08.788+0700] {processor.py:836} INFO - DAG(s) dict_keys(['example_xcom']) retrieved from /home/hasyidan/venv/lib/python3.8/site-packages/airflow/example_dags/example_xcom.py
[2024-10-10T13:27:08.848+0700] {logging_mixin.py:149} INFO - [2024-10-10T13:27:08.848+0700] {dag.py:2726} INFO - Sync 1 DAGs
[2024-10-10T13:27:08.903+0700] {logging_mixin.py:149} INFO - [2024-10-10T13:27:08.902+0700] {dag.py:3486} INFO - Setting next_dagrun for example_xcom to 2021-01-01T00:00:00+00:00, run_after=2021-01-01T00:00:00+00:00
[2024-10-10T13:27:09.042+0700] {processor.py:179} INFO - Processing /home/hasyidan/venv/lib/python3.8/site-packages/airflow/example_dags/example_xcom.py took 0.303 seconds
