[2024-10-10T11:42:58.836+0700] {processor.py:157} INFO - Started process (PID=2747) to work on /home/hasyidan/venv/lib/python3.8/site-packages/airflow/example_dags/example_setup_teardown.py
[2024-10-10T11:42:58.839+0700] {processor.py:826} INFO - Processing file /home/hasyidan/venv/lib/python3.8/site-packages/airflow/example_dags/example_setup_teardown.py for tasks to queue
[2024-10-10T11:42:58.840+0700] {logging_mixin.py:149} INFO - [2024-10-10T11:42:58.840+0700] {dagbag.py:541} INFO - Filling up the DagBag from /home/hasyidan/venv/lib/python3.8/site-packages/airflow/example_dags/example_setup_teardown.py
[2024-10-10T11:42:58.869+0700] {processor.py:838} WARNING - No viable dags retrieved from /home/hasyidan/venv/lib/python3.8/site-packages/airflow/example_dags/example_setup_teardown.py
[2024-10-10T11:42:58.908+0700] {processor.py:179} INFO - Processing /home/hasyidan/venv/lib/python3.8/site-packages/airflow/example_dags/example_setup_teardown.py took 0.079 seconds
[2024-10-10T11:48:23.590+0700] {processor.py:157} INFO - Started process (PID=2897) to work on /home/hasyidan/venv/lib/python3.8/site-packages/airflow/example_dags/example_setup_teardown.py
[2024-10-10T11:48:23.612+0700] {processor.py:826} INFO - Processing file /home/hasyidan/venv/lib/python3.8/site-packages/airflow/example_dags/example_setup_teardown.py for tasks to queue
[2024-10-10T11:48:23.614+0700] {logging_mixin.py:149} INFO - [2024-10-10T11:48:23.614+0700] {dagbag.py:541} INFO - Filling up the DagBag from /home/hasyidan/venv/lib/python3.8/site-packages/airflow/example_dags/example_setup_teardown.py
[2024-10-10T11:48:23.641+0700] {processor.py:838} WARNING - No viable dags retrieved from /home/hasyidan/venv/lib/python3.8/site-packages/airflow/example_dags/example_setup_teardown.py
[2024-10-10T11:48:23.679+0700] {processor.py:179} INFO - Processing /home/hasyidan/venv/lib/python3.8/site-packages/airflow/example_dags/example_setup_teardown.py took 0.099 seconds
[2024-10-10T11:49:38.177+0700] {processor.py:157} INFO - Started process (PID=2957) to work on /home/hasyidan/venv/lib/python3.8/site-packages/airflow/example_dags/example_setup_teardown.py
[2024-10-10T11:49:38.208+0700] {processor.py:826} INFO - Processing file /home/hasyidan/venv/lib/python3.8/site-packages/airflow/example_dags/example_setup_teardown.py for tasks to queue
[2024-10-10T11:49:38.211+0700] {logging_mixin.py:149} INFO - [2024-10-10T11:49:38.210+0700] {dagbag.py:541} INFO - Filling up the DagBag from /home/hasyidan/venv/lib/python3.8/site-packages/airflow/example_dags/example_setup_teardown.py
[2024-10-10T11:49:38.356+0700] {processor.py:838} WARNING - No viable dags retrieved from /home/hasyidan/venv/lib/python3.8/site-packages/airflow/example_dags/example_setup_teardown.py
[2024-10-10T11:49:38.717+0700] {processor.py:179} INFO - Processing /home/hasyidan/venv/lib/python3.8/site-packages/airflow/example_dags/example_setup_teardown.py took 0.548 seconds
[2024-10-10T11:53:09.721+0700] {processor.py:157} INFO - Started process (PID=3331) to work on /home/hasyidan/venv/lib/python3.8/site-packages/airflow/example_dags/example_setup_teardown.py
[2024-10-10T11:53:09.735+0700] {processor.py:826} INFO - Processing file /home/hasyidan/venv/lib/python3.8/site-packages/airflow/example_dags/example_setup_teardown.py for tasks to queue
[2024-10-10T11:53:09.737+0700] {logging_mixin.py:149} INFO - [2024-10-10T11:53:09.737+0700] {dagbag.py:541} INFO - Filling up the DagBag from /home/hasyidan/venv/lib/python3.8/site-packages/airflow/example_dags/example_setup_teardown.py
[2024-10-10T11:53:09.753+0700] {processor.py:838} WARNING - No viable dags retrieved from /home/hasyidan/venv/lib/python3.8/site-packages/airflow/example_dags/example_setup_teardown.py
[2024-10-10T11:53:09.782+0700] {processor.py:179} INFO - Processing /home/hasyidan/venv/lib/python3.8/site-packages/airflow/example_dags/example_setup_teardown.py took 0.068 seconds
[2024-10-10T11:54:08.449+0700] {processor.py:157} INFO - Started process (PID=3389) to work on /home/hasyidan/venv/lib/python3.8/site-packages/airflow/example_dags/example_setup_teardown.py
[2024-10-10T11:54:08.476+0700] {processor.py:826} INFO - Processing file /home/hasyidan/venv/lib/python3.8/site-packages/airflow/example_dags/example_setup_teardown.py for tasks to queue
[2024-10-10T11:54:08.479+0700] {logging_mixin.py:149} INFO - [2024-10-10T11:54:08.478+0700] {dagbag.py:541} INFO - Filling up the DagBag from /home/hasyidan/venv/lib/python3.8/site-packages/airflow/example_dags/example_setup_teardown.py
[2024-10-10T11:54:08.483+0700] {processor.py:838} WARNING - No viable dags retrieved from /home/hasyidan/venv/lib/python3.8/site-packages/airflow/example_dags/example_setup_teardown.py
[2024-10-10T11:54:08.504+0700] {processor.py:179} INFO - Processing /home/hasyidan/venv/lib/python3.8/site-packages/airflow/example_dags/example_setup_teardown.py took 0.062 seconds
[2024-10-10T11:55:11.029+0700] {processor.py:157} INFO - Started process (PID=3468) to work on /home/hasyidan/venv/lib/python3.8/site-packages/airflow/example_dags/example_setup_teardown.py
[2024-10-10T11:55:11.048+0700] {processor.py:826} INFO - Processing file /home/hasyidan/venv/lib/python3.8/site-packages/airflow/example_dags/example_setup_teardown.py for tasks to queue
[2024-10-10T11:55:11.052+0700] {logging_mixin.py:149} INFO - [2024-10-10T11:55:11.051+0700] {dagbag.py:541} INFO - Filling up the DagBag from /home/hasyidan/venv/lib/python3.8/site-packages/airflow/example_dags/example_setup_teardown.py
[2024-10-10T11:55:11.058+0700] {processor.py:838} WARNING - No viable dags retrieved from /home/hasyidan/venv/lib/python3.8/site-packages/airflow/example_dags/example_setup_teardown.py
[2024-10-10T11:55:11.080+0700] {processor.py:179} INFO - Processing /home/hasyidan/venv/lib/python3.8/site-packages/airflow/example_dags/example_setup_teardown.py took 0.056 seconds
[2024-10-10T11:56:13.435+0700] {processor.py:157} INFO - Started process (PID=3537) to work on /home/hasyidan/venv/lib/python3.8/site-packages/airflow/example_dags/example_setup_teardown.py
[2024-10-10T11:56:13.499+0700] {processor.py:826} INFO - Processing file /home/hasyidan/venv/lib/python3.8/site-packages/airflow/example_dags/example_setup_teardown.py for tasks to queue
[2024-10-10T11:56:13.501+0700] {logging_mixin.py:149} INFO - [2024-10-10T11:56:13.500+0700] {dagbag.py:541} INFO - Filling up the DagBag from /home/hasyidan/venv/lib/python3.8/site-packages/airflow/example_dags/example_setup_teardown.py
[2024-10-10T11:56:13.506+0700] {processor.py:838} WARNING - No viable dags retrieved from /home/hasyidan/venv/lib/python3.8/site-packages/airflow/example_dags/example_setup_teardown.py
[2024-10-10T11:56:13.525+0700] {processor.py:179} INFO - Processing /home/hasyidan/venv/lib/python3.8/site-packages/airflow/example_dags/example_setup_teardown.py took 0.096 seconds
[2024-10-10T11:57:11.971+0700] {processor.py:157} INFO - Started process (PID=3599) to work on /home/hasyidan/venv/lib/python3.8/site-packages/airflow/example_dags/example_setup_teardown.py
[2024-10-10T11:57:12.035+0700] {processor.py:826} INFO - Processing file /home/hasyidan/venv/lib/python3.8/site-packages/airflow/example_dags/example_setup_teardown.py for tasks to queue
[2024-10-10T11:57:12.038+0700] {logging_mixin.py:149} INFO - [2024-10-10T11:57:12.037+0700] {dagbag.py:541} INFO - Filling up the DagBag from /home/hasyidan/venv/lib/python3.8/site-packages/airflow/example_dags/example_setup_teardown.py
[2024-10-10T11:57:12.045+0700] {processor.py:838} WARNING - No viable dags retrieved from /home/hasyidan/venv/lib/python3.8/site-packages/airflow/example_dags/example_setup_teardown.py
[2024-10-10T11:57:12.064+0700] {processor.py:179} INFO - Processing /home/hasyidan/venv/lib/python3.8/site-packages/airflow/example_dags/example_setup_teardown.py took 0.099 seconds
[2024-10-10T11:58:09.774+0700] {processor.py:157} INFO - Started process (PID=3665) to work on /home/hasyidan/venv/lib/python3.8/site-packages/airflow/example_dags/example_setup_teardown.py
[2024-10-10T11:58:09.787+0700] {processor.py:826} INFO - Processing file /home/hasyidan/venv/lib/python3.8/site-packages/airflow/example_dags/example_setup_teardown.py for tasks to queue
[2024-10-10T11:58:09.790+0700] {logging_mixin.py:149} INFO - [2024-10-10T11:58:09.789+0700] {dagbag.py:541} INFO - Filling up the DagBag from /home/hasyidan/venv/lib/python3.8/site-packages/airflow/example_dags/example_setup_teardown.py
[2024-10-10T11:58:09.796+0700] {processor.py:838} WARNING - No viable dags retrieved from /home/hasyidan/venv/lib/python3.8/site-packages/airflow/example_dags/example_setup_teardown.py
[2024-10-10T11:58:09.817+0700] {processor.py:179} INFO - Processing /home/hasyidan/venv/lib/python3.8/site-packages/airflow/example_dags/example_setup_teardown.py took 0.048 seconds
[2024-10-10T11:59:23.113+0700] {processor.py:157} INFO - Started process (PID=3750) to work on /home/hasyidan/venv/lib/python3.8/site-packages/airflow/example_dags/example_setup_teardown.py
[2024-10-10T11:59:23.153+0700] {processor.py:826} INFO - Processing file /home/hasyidan/venv/lib/python3.8/site-packages/airflow/example_dags/example_setup_teardown.py for tasks to queue
[2024-10-10T11:59:23.156+0700] {logging_mixin.py:149} INFO - [2024-10-10T11:59:23.155+0700] {dagbag.py:541} INFO - Filling up the DagBag from /home/hasyidan/venv/lib/python3.8/site-packages/airflow/example_dags/example_setup_teardown.py
[2024-10-10T11:59:23.162+0700] {processor.py:838} WARNING - No viable dags retrieved from /home/hasyidan/venv/lib/python3.8/site-packages/airflow/example_dags/example_setup_teardown.py
[2024-10-10T11:59:23.182+0700] {processor.py:179} INFO - Processing /home/hasyidan/venv/lib/python3.8/site-packages/airflow/example_dags/example_setup_teardown.py took 0.076 seconds
[2024-10-10T12:00:19.561+0700] {processor.py:157} INFO - Started process (PID=3807) to work on /home/hasyidan/venv/lib/python3.8/site-packages/airflow/example_dags/example_setup_teardown.py
[2024-10-10T12:00:19.588+0700] {processor.py:826} INFO - Processing file /home/hasyidan/venv/lib/python3.8/site-packages/airflow/example_dags/example_setup_teardown.py for tasks to queue
[2024-10-10T12:00:19.591+0700] {logging_mixin.py:149} INFO - [2024-10-10T12:00:19.590+0700] {dagbag.py:541} INFO - Filling up the DagBag from /home/hasyidan/venv/lib/python3.8/site-packages/airflow/example_dags/example_setup_teardown.py
[2024-10-10T12:00:19.597+0700] {processor.py:838} WARNING - No viable dags retrieved from /home/hasyidan/venv/lib/python3.8/site-packages/airflow/example_dags/example_setup_teardown.py
[2024-10-10T12:00:19.617+0700] {processor.py:179} INFO - Processing /home/hasyidan/venv/lib/python3.8/site-packages/airflow/example_dags/example_setup_teardown.py took 0.061 seconds
[2024-10-10T12:01:15.107+0700] {processor.py:157} INFO - Started process (PID=3866) to work on /home/hasyidan/venv/lib/python3.8/site-packages/airflow/example_dags/example_setup_teardown.py
[2024-10-10T12:01:15.123+0700] {processor.py:826} INFO - Processing file /home/hasyidan/venv/lib/python3.8/site-packages/airflow/example_dags/example_setup_teardown.py for tasks to queue
[2024-10-10T12:01:15.126+0700] {logging_mixin.py:149} INFO - [2024-10-10T12:01:15.126+0700] {dagbag.py:541} INFO - Filling up the DagBag from /home/hasyidan/venv/lib/python3.8/site-packages/airflow/example_dags/example_setup_teardown.py
[2024-10-10T12:01:15.132+0700] {processor.py:838} WARNING - No viable dags retrieved from /home/hasyidan/venv/lib/python3.8/site-packages/airflow/example_dags/example_setup_teardown.py
[2024-10-10T12:01:15.153+0700] {processor.py:179} INFO - Processing /home/hasyidan/venv/lib/python3.8/site-packages/airflow/example_dags/example_setup_teardown.py took 0.052 seconds
[2024-10-10T12:02:05.229+0700] {processor.py:157} INFO - Started process (PID=3924) to work on /home/hasyidan/venv/lib/python3.8/site-packages/airflow/example_dags/example_setup_teardown.py
[2024-10-10T12:02:05.248+0700] {processor.py:826} INFO - Processing file /home/hasyidan/venv/lib/python3.8/site-packages/airflow/example_dags/example_setup_teardown.py for tasks to queue
[2024-10-10T12:02:05.249+0700] {logging_mixin.py:149} INFO - [2024-10-10T12:02:05.249+0700] {dagbag.py:541} INFO - Filling up the DagBag from /home/hasyidan/venv/lib/python3.8/site-packages/airflow/example_dags/example_setup_teardown.py
[2024-10-10T12:02:05.252+0700] {processor.py:838} WARNING - No viable dags retrieved from /home/hasyidan/venv/lib/python3.8/site-packages/airflow/example_dags/example_setup_teardown.py
[2024-10-10T12:02:05.271+0700] {processor.py:179} INFO - Processing /home/hasyidan/venv/lib/python3.8/site-packages/airflow/example_dags/example_setup_teardown.py took 0.048 seconds
[2024-10-10T12:02:55.523+0700] {processor.py:157} INFO - Started process (PID=3979) to work on /home/hasyidan/venv/lib/python3.8/site-packages/airflow/example_dags/example_setup_teardown.py
[2024-10-10T12:02:55.525+0700] {processor.py:826} INFO - Processing file /home/hasyidan/venv/lib/python3.8/site-packages/airflow/example_dags/example_setup_teardown.py for tasks to queue
[2024-10-10T12:02:55.526+0700] {logging_mixin.py:149} INFO - [2024-10-10T12:02:55.526+0700] {dagbag.py:541} INFO - Filling up the DagBag from /home/hasyidan/venv/lib/python3.8/site-packages/airflow/example_dags/example_setup_teardown.py
[2024-10-10T12:02:55.529+0700] {processor.py:838} WARNING - No viable dags retrieved from /home/hasyidan/venv/lib/python3.8/site-packages/airflow/example_dags/example_setup_teardown.py
[2024-10-10T12:02:55.549+0700] {processor.py:179} INFO - Processing /home/hasyidan/venv/lib/python3.8/site-packages/airflow/example_dags/example_setup_teardown.py took 0.033 seconds
[2024-10-10T12:03:48.013+0700] {processor.py:157} INFO - Started process (PID=4037) to work on /home/hasyidan/venv/lib/python3.8/site-packages/airflow/example_dags/example_setup_teardown.py
[2024-10-10T12:03:48.036+0700] {processor.py:826} INFO - Processing file /home/hasyidan/venv/lib/python3.8/site-packages/airflow/example_dags/example_setup_teardown.py for tasks to queue
[2024-10-10T12:03:48.037+0700] {logging_mixin.py:149} INFO - [2024-10-10T12:03:48.037+0700] {dagbag.py:541} INFO - Filling up the DagBag from /home/hasyidan/venv/lib/python3.8/site-packages/airflow/example_dags/example_setup_teardown.py
[2024-10-10T12:03:48.041+0700] {processor.py:838} WARNING - No viable dags retrieved from /home/hasyidan/venv/lib/python3.8/site-packages/airflow/example_dags/example_setup_teardown.py
[2024-10-10T12:03:48.060+0700] {processor.py:179} INFO - Processing /home/hasyidan/venv/lib/python3.8/site-packages/airflow/example_dags/example_setup_teardown.py took 0.054 seconds
[2024-10-10T12:04:40.933+0700] {processor.py:157} INFO - Started process (PID=4149) to work on /home/hasyidan/venv/lib/python3.8/site-packages/airflow/example_dags/example_setup_teardown.py
[2024-10-10T12:04:40.947+0700] {processor.py:826} INFO - Processing file /home/hasyidan/venv/lib/python3.8/site-packages/airflow/example_dags/example_setup_teardown.py for tasks to queue
[2024-10-10T12:04:40.950+0700] {logging_mixin.py:149} INFO - [2024-10-10T12:04:40.949+0700] {dagbag.py:541} INFO - Filling up the DagBag from /home/hasyidan/venv/lib/python3.8/site-packages/airflow/example_dags/example_setup_teardown.py
[2024-10-10T12:04:40.955+0700] {processor.py:838} WARNING - No viable dags retrieved from /home/hasyidan/venv/lib/python3.8/site-packages/airflow/example_dags/example_setup_teardown.py
[2024-10-10T12:04:40.974+0700] {processor.py:179} INFO - Processing /home/hasyidan/venv/lib/python3.8/site-packages/airflow/example_dags/example_setup_teardown.py took 0.048 seconds
[2024-10-10T12:05:35.993+0700] {processor.py:157} INFO - Started process (PID=4209) to work on /home/hasyidan/venv/lib/python3.8/site-packages/airflow/example_dags/example_setup_teardown.py
[2024-10-10T12:05:36.003+0700] {processor.py:826} INFO - Processing file /home/hasyidan/venv/lib/python3.8/site-packages/airflow/example_dags/example_setup_teardown.py for tasks to queue
[2024-10-10T12:05:36.005+0700] {logging_mixin.py:149} INFO - [2024-10-10T12:05:36.004+0700] {dagbag.py:541} INFO - Filling up the DagBag from /home/hasyidan/venv/lib/python3.8/site-packages/airflow/example_dags/example_setup_teardown.py
[2024-10-10T12:05:36.009+0700] {processor.py:838} WARNING - No viable dags retrieved from /home/hasyidan/venv/lib/python3.8/site-packages/airflow/example_dags/example_setup_teardown.py
[2024-10-10T12:05:36.031+0700] {processor.py:179} INFO - Processing /home/hasyidan/venv/lib/python3.8/site-packages/airflow/example_dags/example_setup_teardown.py took 0.043 seconds
[2024-10-10T12:06:30.477+0700] {processor.py:157} INFO - Started process (PID=4267) to work on /home/hasyidan/venv/lib/python3.8/site-packages/airflow/example_dags/example_setup_teardown.py
[2024-10-10T12:06:30.526+0700] {processor.py:826} INFO - Processing file /home/hasyidan/venv/lib/python3.8/site-packages/airflow/example_dags/example_setup_teardown.py for tasks to queue
[2024-10-10T12:06:30.529+0700] {logging_mixin.py:149} INFO - [2024-10-10T12:06:30.528+0700] {dagbag.py:541} INFO - Filling up the DagBag from /home/hasyidan/venv/lib/python3.8/site-packages/airflow/example_dags/example_setup_teardown.py
[2024-10-10T12:06:30.533+0700] {processor.py:838} WARNING - No viable dags retrieved from /home/hasyidan/venv/lib/python3.8/site-packages/airflow/example_dags/example_setup_teardown.py
[2024-10-10T12:06:30.554+0700] {processor.py:179} INFO - Processing /home/hasyidan/venv/lib/python3.8/site-packages/airflow/example_dags/example_setup_teardown.py took 0.083 seconds
[2024-10-10T12:07:26.920+0700] {processor.py:157} INFO - Started process (PID=4325) to work on /home/hasyidan/venv/lib/python3.8/site-packages/airflow/example_dags/example_setup_teardown.py
[2024-10-10T12:07:26.938+0700] {processor.py:826} INFO - Processing file /home/hasyidan/venv/lib/python3.8/site-packages/airflow/example_dags/example_setup_teardown.py for tasks to queue
[2024-10-10T12:07:26.941+0700] {logging_mixin.py:149} INFO - [2024-10-10T12:07:26.941+0700] {dagbag.py:541} INFO - Filling up the DagBag from /home/hasyidan/venv/lib/python3.8/site-packages/airflow/example_dags/example_setup_teardown.py
[2024-10-10T12:07:26.947+0700] {processor.py:838} WARNING - No viable dags retrieved from /home/hasyidan/venv/lib/python3.8/site-packages/airflow/example_dags/example_setup_teardown.py
[2024-10-10T12:07:26.966+0700] {processor.py:179} INFO - Processing /home/hasyidan/venv/lib/python3.8/site-packages/airflow/example_dags/example_setup_teardown.py took 0.052 seconds
[2024-10-10T12:08:25.305+0700] {processor.py:157} INFO - Started process (PID=4393) to work on /home/hasyidan/venv/lib/python3.8/site-packages/airflow/example_dags/example_setup_teardown.py
[2024-10-10T12:08:25.329+0700] {processor.py:826} INFO - Processing file /home/hasyidan/venv/lib/python3.8/site-packages/airflow/example_dags/example_setup_teardown.py for tasks to queue
[2024-10-10T12:08:25.330+0700] {logging_mixin.py:149} INFO - [2024-10-10T12:08:25.330+0700] {dagbag.py:541} INFO - Filling up the DagBag from /home/hasyidan/venv/lib/python3.8/site-packages/airflow/example_dags/example_setup_teardown.py
[2024-10-10T12:08:25.333+0700] {processor.py:838} WARNING - No viable dags retrieved from /home/hasyidan/venv/lib/python3.8/site-packages/airflow/example_dags/example_setup_teardown.py
[2024-10-10T12:08:25.353+0700] {processor.py:179} INFO - Processing /home/hasyidan/venv/lib/python3.8/site-packages/airflow/example_dags/example_setup_teardown.py took 0.055 seconds
[2024-10-10T12:09:19.049+0700] {processor.py:157} INFO - Started process (PID=4451) to work on /home/hasyidan/venv/lib/python3.8/site-packages/airflow/example_dags/example_setup_teardown.py
[2024-10-10T12:09:19.087+0700] {processor.py:826} INFO - Processing file /home/hasyidan/venv/lib/python3.8/site-packages/airflow/example_dags/example_setup_teardown.py for tasks to queue
[2024-10-10T12:09:19.089+0700] {logging_mixin.py:149} INFO - [2024-10-10T12:09:19.088+0700] {dagbag.py:541} INFO - Filling up the DagBag from /home/hasyidan/venv/lib/python3.8/site-packages/airflow/example_dags/example_setup_teardown.py
[2024-10-10T12:09:19.093+0700] {processor.py:838} WARNING - No viable dags retrieved from /home/hasyidan/venv/lib/python3.8/site-packages/airflow/example_dags/example_setup_teardown.py
[2024-10-10T12:09:19.114+0700] {processor.py:179} INFO - Processing /home/hasyidan/venv/lib/python3.8/site-packages/airflow/example_dags/example_setup_teardown.py took 0.071 seconds
[2024-10-10T12:10:11.267+0700] {processor.py:157} INFO - Started process (PID=4506) to work on /home/hasyidan/venv/lib/python3.8/site-packages/airflow/example_dags/example_setup_teardown.py
[2024-10-10T12:10:11.282+0700] {processor.py:826} INFO - Processing file /home/hasyidan/venv/lib/python3.8/site-packages/airflow/example_dags/example_setup_teardown.py for tasks to queue
[2024-10-10T12:10:11.284+0700] {logging_mixin.py:149} INFO - [2024-10-10T12:10:11.284+0700] {dagbag.py:541} INFO - Filling up the DagBag from /home/hasyidan/venv/lib/python3.8/site-packages/airflow/example_dags/example_setup_teardown.py
[2024-10-10T12:10:11.289+0700] {processor.py:838} WARNING - No viable dags retrieved from /home/hasyidan/venv/lib/python3.8/site-packages/airflow/example_dags/example_setup_teardown.py
[2024-10-10T12:10:11.311+0700] {processor.py:179} INFO - Processing /home/hasyidan/venv/lib/python3.8/site-packages/airflow/example_dags/example_setup_teardown.py took 0.050 seconds
[2024-10-10T12:11:04.691+0700] {processor.py:157} INFO - Started process (PID=4571) to work on /home/hasyidan/venv/lib/python3.8/site-packages/airflow/example_dags/example_setup_teardown.py
[2024-10-10T12:11:04.696+0700] {processor.py:826} INFO - Processing file /home/hasyidan/venv/lib/python3.8/site-packages/airflow/example_dags/example_setup_teardown.py for tasks to queue
[2024-10-10T12:11:04.698+0700] {logging_mixin.py:149} INFO - [2024-10-10T12:11:04.697+0700] {dagbag.py:541} INFO - Filling up the DagBag from /home/hasyidan/venv/lib/python3.8/site-packages/airflow/example_dags/example_setup_teardown.py
[2024-10-10T12:11:04.701+0700] {processor.py:838} WARNING - No viable dags retrieved from /home/hasyidan/venv/lib/python3.8/site-packages/airflow/example_dags/example_setup_teardown.py
[2024-10-10T12:11:04.722+0700] {processor.py:179} INFO - Processing /home/hasyidan/venv/lib/python3.8/site-packages/airflow/example_dags/example_setup_teardown.py took 0.036 seconds
[2024-10-10T12:11:59.473+0700] {processor.py:157} INFO - Started process (PID=4637) to work on /home/hasyidan/venv/lib/python3.8/site-packages/airflow/example_dags/example_setup_teardown.py
[2024-10-10T12:11:59.488+0700] {processor.py:826} INFO - Processing file /home/hasyidan/venv/lib/python3.8/site-packages/airflow/example_dags/example_setup_teardown.py for tasks to queue
[2024-10-10T12:11:59.491+0700] {logging_mixin.py:149} INFO - [2024-10-10T12:11:59.490+0700] {dagbag.py:541} INFO - Filling up the DagBag from /home/hasyidan/venv/lib/python3.8/site-packages/airflow/example_dags/example_setup_teardown.py
[2024-10-10T12:11:59.497+0700] {processor.py:838} WARNING - No viable dags retrieved from /home/hasyidan/venv/lib/python3.8/site-packages/airflow/example_dags/example_setup_teardown.py
[2024-10-10T12:11:59.517+0700] {processor.py:179} INFO - Processing /home/hasyidan/venv/lib/python3.8/site-packages/airflow/example_dags/example_setup_teardown.py took 0.050 seconds
[2024-10-10T12:12:52.330+0700] {processor.py:157} INFO - Started process (PID=4697) to work on /home/hasyidan/venv/lib/python3.8/site-packages/airflow/example_dags/example_setup_teardown.py
[2024-10-10T12:12:52.358+0700] {processor.py:826} INFO - Processing file /home/hasyidan/venv/lib/python3.8/site-packages/airflow/example_dags/example_setup_teardown.py for tasks to queue
[2024-10-10T12:12:52.360+0700] {logging_mixin.py:149} INFO - [2024-10-10T12:12:52.360+0700] {dagbag.py:541} INFO - Filling up the DagBag from /home/hasyidan/venv/lib/python3.8/site-packages/airflow/example_dags/example_setup_teardown.py
[2024-10-10T12:12:52.366+0700] {processor.py:838} WARNING - No viable dags retrieved from /home/hasyidan/venv/lib/python3.8/site-packages/airflow/example_dags/example_setup_teardown.py
[2024-10-10T12:12:52.385+0700] {processor.py:179} INFO - Processing /home/hasyidan/venv/lib/python3.8/site-packages/airflow/example_dags/example_setup_teardown.py took 0.061 seconds
[2024-10-10T12:13:42.480+0700] {processor.py:157} INFO - Started process (PID=4757) to work on /home/hasyidan/venv/lib/python3.8/site-packages/airflow/example_dags/example_setup_teardown.py
[2024-10-10T12:13:42.514+0700] {processor.py:826} INFO - Processing file /home/hasyidan/venv/lib/python3.8/site-packages/airflow/example_dags/example_setup_teardown.py for tasks to queue
[2024-10-10T12:13:42.517+0700] {logging_mixin.py:149} INFO - [2024-10-10T12:13:42.516+0700] {dagbag.py:541} INFO - Filling up the DagBag from /home/hasyidan/venv/lib/python3.8/site-packages/airflow/example_dags/example_setup_teardown.py
[2024-10-10T12:13:42.522+0700] {processor.py:838} WARNING - No viable dags retrieved from /home/hasyidan/venv/lib/python3.8/site-packages/airflow/example_dags/example_setup_teardown.py
[2024-10-10T12:13:42.541+0700] {processor.py:179} INFO - Processing /home/hasyidan/venv/lib/python3.8/site-packages/airflow/example_dags/example_setup_teardown.py took 0.068 seconds
[2024-10-10T12:14:33.232+0700] {processor.py:157} INFO - Started process (PID=4815) to work on /home/hasyidan/venv/lib/python3.8/site-packages/airflow/example_dags/example_setup_teardown.py
[2024-10-10T12:14:33.253+0700] {processor.py:826} INFO - Processing file /home/hasyidan/venv/lib/python3.8/site-packages/airflow/example_dags/example_setup_teardown.py for tasks to queue
[2024-10-10T12:14:33.256+0700] {logging_mixin.py:149} INFO - [2024-10-10T12:14:33.255+0700] {dagbag.py:541} INFO - Filling up the DagBag from /home/hasyidan/venv/lib/python3.8/site-packages/airflow/example_dags/example_setup_teardown.py
[2024-10-10T12:14:33.261+0700] {processor.py:838} WARNING - No viable dags retrieved from /home/hasyidan/venv/lib/python3.8/site-packages/airflow/example_dags/example_setup_teardown.py
[2024-10-10T12:14:33.282+0700] {processor.py:179} INFO - Processing /home/hasyidan/venv/lib/python3.8/site-packages/airflow/example_dags/example_setup_teardown.py took 0.056 seconds
[2024-10-10T12:15:24.048+0700] {processor.py:157} INFO - Started process (PID=4873) to work on /home/hasyidan/venv/lib/python3.8/site-packages/airflow/example_dags/example_setup_teardown.py
[2024-10-10T12:15:24.068+0700] {processor.py:826} INFO - Processing file /home/hasyidan/venv/lib/python3.8/site-packages/airflow/example_dags/example_setup_teardown.py for tasks to queue
[2024-10-10T12:15:24.070+0700] {logging_mixin.py:149} INFO - [2024-10-10T12:15:24.070+0700] {dagbag.py:541} INFO - Filling up the DagBag from /home/hasyidan/venv/lib/python3.8/site-packages/airflow/example_dags/example_setup_teardown.py
[2024-10-10T12:15:24.076+0700] {processor.py:838} WARNING - No viable dags retrieved from /home/hasyidan/venv/lib/python3.8/site-packages/airflow/example_dags/example_setup_teardown.py
[2024-10-10T12:15:24.095+0700] {processor.py:179} INFO - Processing /home/hasyidan/venv/lib/python3.8/site-packages/airflow/example_dags/example_setup_teardown.py took 0.054 seconds
[2024-10-10T12:16:16.272+0700] {processor.py:157} INFO - Started process (PID=4934) to work on /home/hasyidan/venv/lib/python3.8/site-packages/airflow/example_dags/example_setup_teardown.py
[2024-10-10T12:16:16.304+0700] {processor.py:826} INFO - Processing file /home/hasyidan/venv/lib/python3.8/site-packages/airflow/example_dags/example_setup_teardown.py for tasks to queue
[2024-10-10T12:16:16.307+0700] {logging_mixin.py:149} INFO - [2024-10-10T12:16:16.306+0700] {dagbag.py:541} INFO - Filling up the DagBag from /home/hasyidan/venv/lib/python3.8/site-packages/airflow/example_dags/example_setup_teardown.py
[2024-10-10T12:16:16.311+0700] {processor.py:838} WARNING - No viable dags retrieved from /home/hasyidan/venv/lib/python3.8/site-packages/airflow/example_dags/example_setup_teardown.py
[2024-10-10T12:16:16.331+0700] {processor.py:179} INFO - Processing /home/hasyidan/venv/lib/python3.8/site-packages/airflow/example_dags/example_setup_teardown.py took 0.065 seconds
[2024-10-10T12:17:12.478+0700] {processor.py:157} INFO - Started process (PID=5002) to work on /home/hasyidan/venv/lib/python3.8/site-packages/airflow/example_dags/example_setup_teardown.py
[2024-10-10T12:17:12.488+0700] {processor.py:826} INFO - Processing file /home/hasyidan/venv/lib/python3.8/site-packages/airflow/example_dags/example_setup_teardown.py for tasks to queue
[2024-10-10T12:17:12.491+0700] {logging_mixin.py:149} INFO - [2024-10-10T12:17:12.490+0700] {dagbag.py:541} INFO - Filling up the DagBag from /home/hasyidan/venv/lib/python3.8/site-packages/airflow/example_dags/example_setup_teardown.py
[2024-10-10T12:17:12.498+0700] {processor.py:838} WARNING - No viable dags retrieved from /home/hasyidan/venv/lib/python3.8/site-packages/airflow/example_dags/example_setup_teardown.py
[2024-10-10T12:17:12.519+0700] {processor.py:179} INFO - Processing /home/hasyidan/venv/lib/python3.8/site-packages/airflow/example_dags/example_setup_teardown.py took 0.047 seconds
[2024-10-10T12:18:07.239+0700] {processor.py:157} INFO - Started process (PID=5067) to work on /home/hasyidan/venv/lib/python3.8/site-packages/airflow/example_dags/example_setup_teardown.py
[2024-10-10T12:18:07.277+0700] {processor.py:826} INFO - Processing file /home/hasyidan/venv/lib/python3.8/site-packages/airflow/example_dags/example_setup_teardown.py for tasks to queue
[2024-10-10T12:18:07.280+0700] {logging_mixin.py:149} INFO - [2024-10-10T12:18:07.279+0700] {dagbag.py:541} INFO - Filling up the DagBag from /home/hasyidan/venv/lib/python3.8/site-packages/airflow/example_dags/example_setup_teardown.py
[2024-10-10T12:18:07.286+0700] {processor.py:838} WARNING - No viable dags retrieved from /home/hasyidan/venv/lib/python3.8/site-packages/airflow/example_dags/example_setup_teardown.py
[2024-10-10T12:18:07.305+0700] {processor.py:179} INFO - Processing /home/hasyidan/venv/lib/python3.8/site-packages/airflow/example_dags/example_setup_teardown.py took 0.072 seconds
[2024-10-10T12:18:59.967+0700] {processor.py:157} INFO - Started process (PID=5125) to work on /home/hasyidan/venv/lib/python3.8/site-packages/airflow/example_dags/example_setup_teardown.py
[2024-10-10T12:18:59.992+0700] {processor.py:826} INFO - Processing file /home/hasyidan/venv/lib/python3.8/site-packages/airflow/example_dags/example_setup_teardown.py for tasks to queue
[2024-10-10T12:18:59.994+0700] {logging_mixin.py:149} INFO - [2024-10-10T12:18:59.994+0700] {dagbag.py:541} INFO - Filling up the DagBag from /home/hasyidan/venv/lib/python3.8/site-packages/airflow/example_dags/example_setup_teardown.py
[2024-10-10T12:18:59.998+0700] {processor.py:838} WARNING - No viable dags retrieved from /home/hasyidan/venv/lib/python3.8/site-packages/airflow/example_dags/example_setup_teardown.py
[2024-10-10T12:19:00.018+0700] {processor.py:179} INFO - Processing /home/hasyidan/venv/lib/python3.8/site-packages/airflow/example_dags/example_setup_teardown.py took 0.057 seconds
[2024-10-10T12:19:50.444+0700] {processor.py:157} INFO - Started process (PID=5184) to work on /home/hasyidan/venv/lib/python3.8/site-packages/airflow/example_dags/example_setup_teardown.py
[2024-10-10T12:19:50.484+0700] {processor.py:826} INFO - Processing file /home/hasyidan/venv/lib/python3.8/site-packages/airflow/example_dags/example_setup_teardown.py for tasks to queue
[2024-10-10T12:19:50.487+0700] {logging_mixin.py:149} INFO - [2024-10-10T12:19:50.486+0700] {dagbag.py:541} INFO - Filling up the DagBag from /home/hasyidan/venv/lib/python3.8/site-packages/airflow/example_dags/example_setup_teardown.py
[2024-10-10T12:19:50.491+0700] {processor.py:838} WARNING - No viable dags retrieved from /home/hasyidan/venv/lib/python3.8/site-packages/airflow/example_dags/example_setup_teardown.py
[2024-10-10T12:19:50.512+0700] {processor.py:179} INFO - Processing /home/hasyidan/venv/lib/python3.8/site-packages/airflow/example_dags/example_setup_teardown.py took 0.074 seconds
[2024-10-10T12:20:47.631+0700] {processor.py:157} INFO - Started process (PID=5249) to work on /home/hasyidan/venv/lib/python3.8/site-packages/airflow/example_dags/example_setup_teardown.py
[2024-10-10T12:20:47.647+0700] {processor.py:826} INFO - Processing file /home/hasyidan/venv/lib/python3.8/site-packages/airflow/example_dags/example_setup_teardown.py for tasks to queue
[2024-10-10T12:20:47.650+0700] {logging_mixin.py:149} INFO - [2024-10-10T12:20:47.649+0700] {dagbag.py:541} INFO - Filling up the DagBag from /home/hasyidan/venv/lib/python3.8/site-packages/airflow/example_dags/example_setup_teardown.py
[2024-10-10T12:20:47.655+0700] {processor.py:838} WARNING - No viable dags retrieved from /home/hasyidan/venv/lib/python3.8/site-packages/airflow/example_dags/example_setup_teardown.py
[2024-10-10T12:20:47.674+0700] {processor.py:179} INFO - Processing /home/hasyidan/venv/lib/python3.8/site-packages/airflow/example_dags/example_setup_teardown.py took 0.050 seconds
[2024-10-10T13:20:15.611+0700] {processor.py:157} INFO - Started process (PID=1951) to work on /home/hasyidan/venv/lib/python3.8/site-packages/airflow/example_dags/example_setup_teardown.py
[2024-10-10T13:20:15.642+0700] {processor.py:826} INFO - Processing file /home/hasyidan/venv/lib/python3.8/site-packages/airflow/example_dags/example_setup_teardown.py for tasks to queue
[2024-10-10T13:20:15.645+0700] {logging_mixin.py:149} INFO - [2024-10-10T13:20:15.644+0700] {dagbag.py:541} INFO - Filling up the DagBag from /home/hasyidan/venv/lib/python3.8/site-packages/airflow/example_dags/example_setup_teardown.py
[2024-10-10T13:20:15.651+0700] {processor.py:838} WARNING - No viable dags retrieved from /home/hasyidan/venv/lib/python3.8/site-packages/airflow/example_dags/example_setup_teardown.py
[2024-10-10T13:20:15.673+0700] {processor.py:179} INFO - Processing /home/hasyidan/venv/lib/python3.8/site-packages/airflow/example_dags/example_setup_teardown.py took 0.069 seconds
[2024-10-10T13:25:31.094+0700] {processor.py:157} INFO - Started process (PID=2552) to work on /home/hasyidan/venv/lib/python3.8/site-packages/airflow/example_dags/example_setup_teardown.py
[2024-10-10T13:25:31.156+0700] {processor.py:826} INFO - Processing file /home/hasyidan/venv/lib/python3.8/site-packages/airflow/example_dags/example_setup_teardown.py for tasks to queue
[2024-10-10T13:25:31.158+0700] {logging_mixin.py:149} INFO - [2024-10-10T13:25:31.158+0700] {dagbag.py:541} INFO - Filling up the DagBag from /home/hasyidan/venv/lib/python3.8/site-packages/airflow/example_dags/example_setup_teardown.py
[2024-10-10T13:25:31.243+0700] {processor.py:838} WARNING - No viable dags retrieved from /home/hasyidan/venv/lib/python3.8/site-packages/airflow/example_dags/example_setup_teardown.py
[2024-10-10T13:25:31.560+0700] {processor.py:179} INFO - Processing /home/hasyidan/venv/lib/python3.8/site-packages/airflow/example_dags/example_setup_teardown.py took 0.474 seconds
[2024-10-10T13:27:15.213+0700] {processor.py:157} INFO - Started process (PID=2702) to work on /home/hasyidan/venv/lib/python3.8/site-packages/airflow/example_dags/example_setup_teardown.py
[2024-10-10T13:27:15.244+0700] {processor.py:826} INFO - Processing file /home/hasyidan/venv/lib/python3.8/site-packages/airflow/example_dags/example_setup_teardown.py for tasks to queue
[2024-10-10T13:27:15.251+0700] {logging_mixin.py:149} INFO - [2024-10-10T13:27:15.247+0700] {dagbag.py:541} INFO - Filling up the DagBag from /home/hasyidan/venv/lib/python3.8/site-packages/airflow/example_dags/example_setup_teardown.py
[2024-10-10T13:27:15.267+0700] {processor.py:838} WARNING - No viable dags retrieved from /home/hasyidan/venv/lib/python3.8/site-packages/airflow/example_dags/example_setup_teardown.py
[2024-10-10T13:27:15.365+0700] {processor.py:179} INFO - Processing /home/hasyidan/venv/lib/python3.8/site-packages/airflow/example_dags/example_setup_teardown.py took 0.173 seconds
