[2024-10-10T11:42:39.726+0700] {processor.py:157} INFO - Started process (PID=2734) to work on /home/hasyidan/venv/lib/python3.8/site-packages/airflow/example_dags/example_task_group.py
[2024-10-10T11:42:39.728+0700] {processor.py:826} INFO - Processing file /home/hasyidan/venv/lib/python3.8/site-packages/airflow/example_dags/example_task_group.py for tasks to queue
[2024-10-10T11:42:39.729+0700] {logging_mixin.py:149} INFO - [2024-10-10T11:42:39.729+0700] {dagbag.py:541} INFO - Filling up the DagBag from /home/hasyidan/venv/lib/python3.8/site-packages/airflow/example_dags/example_task_group.py
[2024-10-10T11:42:40.057+0700] {processor.py:836} INFO - DAG(s) dict_keys(['example_task_group']) retrieved from /home/hasyidan/venv/lib/python3.8/site-packages/airflow/example_dags/example_task_group.py
[2024-10-10T11:42:40.104+0700] {logging_mixin.py:149} INFO - [2024-10-10T11:42:40.104+0700] {dag.py:2726} INFO - Sync 1 DAGs
[2024-10-10T11:42:40.163+0700] {logging_mixin.py:149} INFO - [2024-10-10T11:42:40.162+0700] {dag.py:3486} INFO - Setting next_dagrun for example_task_group to 2024-10-09T04:42:40.162281+00:00, run_after=2024-10-10T04:42:40.162281+00:00
[2024-10-10T11:42:40.699+0700] {processor.py:179} INFO - Processing /home/hasyidan/venv/lib/python3.8/site-packages/airflow/example_dags/example_task_group.py took 0.978 seconds
[2024-10-10T11:47:59.759+0700] {processor.py:157} INFO - Started process (PID=2877) to work on /home/hasyidan/venv/lib/python3.8/site-packages/airflow/example_dags/example_task_group.py
[2024-10-10T11:47:59.907+0700] {processor.py:826} INFO - Processing file /home/hasyidan/venv/lib/python3.8/site-packages/airflow/example_dags/example_task_group.py for tasks to queue
[2024-10-10T11:47:59.910+0700] {logging_mixin.py:149} INFO - [2024-10-10T11:47:59.909+0700] {dagbag.py:541} INFO - Filling up the DagBag from /home/hasyidan/venv/lib/python3.8/site-packages/airflow/example_dags/example_task_group.py
[2024-10-10T11:47:59.930+0700] {processor.py:836} INFO - DAG(s) dict_keys(['example_task_group']) retrieved from /home/hasyidan/venv/lib/python3.8/site-packages/airflow/example_dags/example_task_group.py
[2024-10-10T11:48:00.811+0700] {logging_mixin.py:149} INFO - [2024-10-10T11:48:00.811+0700] {dag.py:2726} INFO - Sync 1 DAGs
[2024-10-10T11:48:00.857+0700] {logging_mixin.py:149} INFO - [2024-10-10T11:48:00.856+0700] {dag.py:3486} INFO - Setting next_dagrun for example_task_group to 2024-10-09T04:48:00.856478+00:00, run_after=2024-10-10T04:48:00.856478+00:00
[2024-10-10T11:48:01.484+0700] {processor.py:179} INFO - Processing /home/hasyidan/venv/lib/python3.8/site-packages/airflow/example_dags/example_task_group.py took 1.731 seconds
[2024-10-10T11:49:19.374+0700] {processor.py:157} INFO - Started process (PID=2942) to work on /home/hasyidan/venv/lib/python3.8/site-packages/airflow/example_dags/example_task_group.py
[2024-10-10T11:49:19.425+0700] {processor.py:826} INFO - Processing file /home/hasyidan/venv/lib/python3.8/site-packages/airflow/example_dags/example_task_group.py for tasks to queue
[2024-10-10T11:49:19.428+0700] {logging_mixin.py:149} INFO - [2024-10-10T11:49:19.427+0700] {dagbag.py:541} INFO - Filling up the DagBag from /home/hasyidan/venv/lib/python3.8/site-packages/airflow/example_dags/example_task_group.py
[2024-10-10T11:49:19.447+0700] {processor.py:836} INFO - DAG(s) dict_keys(['example_task_group']) retrieved from /home/hasyidan/venv/lib/python3.8/site-packages/airflow/example_dags/example_task_group.py
[2024-10-10T11:49:19.488+0700] {logging_mixin.py:149} INFO - [2024-10-10T11:49:19.488+0700] {dag.py:2726} INFO - Sync 1 DAGs
[2024-10-10T11:49:19.745+0700] {logging_mixin.py:149} INFO - [2024-10-10T11:49:19.745+0700] {dag.py:3486} INFO - Setting next_dagrun for example_task_group to 2024-10-09T04:49:19.744766+00:00, run_after=2024-10-10T04:49:19.744766+00:00
[2024-10-10T11:49:19.974+0700] {processor.py:179} INFO - Processing /home/hasyidan/venv/lib/python3.8/site-packages/airflow/example_dags/example_task_group.py took 0.607 seconds
[2024-10-10T11:52:56.176+0700] {processor.py:157} INFO - Started process (PID=3293) to work on /home/hasyidan/venv/lib/python3.8/site-packages/airflow/example_dags/example_task_group.py
[2024-10-10T11:52:56.196+0700] {processor.py:826} INFO - Processing file /home/hasyidan/venv/lib/python3.8/site-packages/airflow/example_dags/example_task_group.py for tasks to queue
[2024-10-10T11:52:56.199+0700] {logging_mixin.py:149} INFO - [2024-10-10T11:52:56.198+0700] {dagbag.py:541} INFO - Filling up the DagBag from /home/hasyidan/venv/lib/python3.8/site-packages/airflow/example_dags/example_task_group.py
[2024-10-10T11:52:56.219+0700] {processor.py:836} INFO - DAG(s) dict_keys(['example_task_group']) retrieved from /home/hasyidan/venv/lib/python3.8/site-packages/airflow/example_dags/example_task_group.py
[2024-10-10T11:52:56.261+0700] {logging_mixin.py:149} INFO - [2024-10-10T11:52:56.260+0700] {dag.py:2726} INFO - Sync 1 DAGs
[2024-10-10T11:52:56.306+0700] {logging_mixin.py:149} INFO - [2024-10-10T11:52:56.305+0700] {dag.py:3486} INFO - Setting next_dagrun for example_task_group to 2024-10-09T04:52:56.305470+00:00, run_after=2024-10-10T04:52:56.305470+00:00
[2024-10-10T11:52:56.430+0700] {processor.py:179} INFO - Processing /home/hasyidan/venv/lib/python3.8/site-packages/airflow/example_dags/example_task_group.py took 0.261 seconds
[2024-10-10T11:53:49.465+0700] {processor.py:157} INFO - Started process (PID=3369) to work on /home/hasyidan/venv/lib/python3.8/site-packages/airflow/example_dags/example_task_group.py
[2024-10-10T11:53:49.484+0700] {processor.py:826} INFO - Processing file /home/hasyidan/venv/lib/python3.8/site-packages/airflow/example_dags/example_task_group.py for tasks to queue
[2024-10-10T11:53:49.487+0700] {logging_mixin.py:149} INFO - [2024-10-10T11:53:49.486+0700] {dagbag.py:541} INFO - Filling up the DagBag from /home/hasyidan/venv/lib/python3.8/site-packages/airflow/example_dags/example_task_group.py
[2024-10-10T11:53:49.507+0700] {processor.py:836} INFO - DAG(s) dict_keys(['example_task_group']) retrieved from /home/hasyidan/venv/lib/python3.8/site-packages/airflow/example_dags/example_task_group.py
[2024-10-10T11:53:49.546+0700] {logging_mixin.py:149} INFO - [2024-10-10T11:53:49.546+0700] {dag.py:2726} INFO - Sync 1 DAGs
[2024-10-10T11:53:49.588+0700] {logging_mixin.py:149} INFO - [2024-10-10T11:53:49.588+0700] {dag.py:3486} INFO - Setting next_dagrun for example_task_group to 2024-10-09T04:53:49.587559+00:00, run_after=2024-10-10T04:53:49.587559+00:00
[2024-10-10T11:53:49.782+0700] {processor.py:179} INFO - Processing /home/hasyidan/venv/lib/python3.8/site-packages/airflow/example_dags/example_task_group.py took 0.323 seconds
[2024-10-10T11:54:47.183+0700] {processor.py:157} INFO - Started process (PID=3430) to work on /home/hasyidan/venv/lib/python3.8/site-packages/airflow/example_dags/example_task_group.py
[2024-10-10T11:54:47.207+0700] {processor.py:826} INFO - Processing file /home/hasyidan/venv/lib/python3.8/site-packages/airflow/example_dags/example_task_group.py for tasks to queue
[2024-10-10T11:54:47.210+0700] {logging_mixin.py:149} INFO - [2024-10-10T11:54:47.210+0700] {dagbag.py:541} INFO - Filling up the DagBag from /home/hasyidan/venv/lib/python3.8/site-packages/airflow/example_dags/example_task_group.py
[2024-10-10T11:54:47.228+0700] {processor.py:836} INFO - DAG(s) dict_keys(['example_task_group']) retrieved from /home/hasyidan/venv/lib/python3.8/site-packages/airflow/example_dags/example_task_group.py
[2024-10-10T11:54:47.267+0700] {logging_mixin.py:149} INFO - [2024-10-10T11:54:47.266+0700] {dag.py:2726} INFO - Sync 1 DAGs
[2024-10-10T11:54:47.313+0700] {logging_mixin.py:149} INFO - [2024-10-10T11:54:47.313+0700] {dag.py:3486} INFO - Setting next_dagrun for example_task_group to 2024-10-09T04:54:47.312612+00:00, run_after=2024-10-10T04:54:47.312612+00:00
[2024-10-10T11:54:47.450+0700] {processor.py:179} INFO - Processing /home/hasyidan/venv/lib/python3.8/site-packages/airflow/example_dags/example_task_group.py took 0.273 seconds
[2024-10-10T11:55:53.858+0700] {processor.py:157} INFO - Started process (PID=3516) to work on /home/hasyidan/venv/lib/python3.8/site-packages/airflow/example_dags/example_task_group.py
[2024-10-10T11:55:53.897+0700] {processor.py:826} INFO - Processing file /home/hasyidan/venv/lib/python3.8/site-packages/airflow/example_dags/example_task_group.py for tasks to queue
[2024-10-10T11:55:53.900+0700] {logging_mixin.py:149} INFO - [2024-10-10T11:55:53.899+0700] {dagbag.py:541} INFO - Filling up the DagBag from /home/hasyidan/venv/lib/python3.8/site-packages/airflow/example_dags/example_task_group.py
[2024-10-10T11:55:53.919+0700] {processor.py:836} INFO - DAG(s) dict_keys(['example_task_group']) retrieved from /home/hasyidan/venv/lib/python3.8/site-packages/airflow/example_dags/example_task_group.py
[2024-10-10T11:55:53.958+0700] {logging_mixin.py:149} INFO - [2024-10-10T11:55:53.957+0700] {dag.py:2726} INFO - Sync 1 DAGs
[2024-10-10T11:55:54.000+0700] {logging_mixin.py:149} INFO - [2024-10-10T11:55:53.999+0700] {dag.py:3486} INFO - Setting next_dagrun for example_task_group to 2024-10-09T04:55:53.999522+00:00, run_after=2024-10-10T04:55:53.999522+00:00
[2024-10-10T11:55:54.152+0700] {processor.py:179} INFO - Processing /home/hasyidan/venv/lib/python3.8/site-packages/airflow/example_dags/example_task_group.py took 0.302 seconds
[2024-10-10T11:56:51.575+0700] {processor.py:157} INFO - Started process (PID=3574) to work on /home/hasyidan/venv/lib/python3.8/site-packages/airflow/example_dags/example_task_group.py
[2024-10-10T11:56:51.635+0700] {processor.py:826} INFO - Processing file /home/hasyidan/venv/lib/python3.8/site-packages/airflow/example_dags/example_task_group.py for tasks to queue
[2024-10-10T11:56:51.638+0700] {logging_mixin.py:149} INFO - [2024-10-10T11:56:51.637+0700] {dagbag.py:541} INFO - Filling up the DagBag from /home/hasyidan/venv/lib/python3.8/site-packages/airflow/example_dags/example_task_group.py
[2024-10-10T11:56:51.655+0700] {processor.py:836} INFO - DAG(s) dict_keys(['example_task_group']) retrieved from /home/hasyidan/venv/lib/python3.8/site-packages/airflow/example_dags/example_task_group.py
[2024-10-10T11:56:51.695+0700] {logging_mixin.py:149} INFO - [2024-10-10T11:56:51.694+0700] {dag.py:2726} INFO - Sync 1 DAGs
[2024-10-10T11:56:51.738+0700] {logging_mixin.py:149} INFO - [2024-10-10T11:56:51.737+0700] {dag.py:3486} INFO - Setting next_dagrun for example_task_group to 2024-10-09T04:56:51.737515+00:00, run_after=2024-10-10T04:56:51.737515+00:00
[2024-10-10T11:56:51.896+0700] {processor.py:179} INFO - Processing /home/hasyidan/venv/lib/python3.8/site-packages/airflow/example_dags/example_task_group.py took 0.326 seconds
[2024-10-10T11:57:48.990+0700] {processor.py:157} INFO - Started process (PID=3637) to work on /home/hasyidan/venv/lib/python3.8/site-packages/airflow/example_dags/example_task_group.py
[2024-10-10T11:57:49.008+0700] {processor.py:826} INFO - Processing file /home/hasyidan/venv/lib/python3.8/site-packages/airflow/example_dags/example_task_group.py for tasks to queue
[2024-10-10T11:57:49.011+0700] {logging_mixin.py:149} INFO - [2024-10-10T11:57:49.010+0700] {dagbag.py:541} INFO - Filling up the DagBag from /home/hasyidan/venv/lib/python3.8/site-packages/airflow/example_dags/example_task_group.py
[2024-10-10T11:57:49.029+0700] {processor.py:836} INFO - DAG(s) dict_keys(['example_task_group']) retrieved from /home/hasyidan/venv/lib/python3.8/site-packages/airflow/example_dags/example_task_group.py
[2024-10-10T11:57:49.068+0700] {logging_mixin.py:149} INFO - [2024-10-10T11:57:49.067+0700] {dag.py:2726} INFO - Sync 1 DAGs
[2024-10-10T11:57:49.110+0700] {logging_mixin.py:149} INFO - [2024-10-10T11:57:49.109+0700] {dag.py:3486} INFO - Setting next_dagrun for example_task_group to 2024-10-09T04:57:49.109350+00:00, run_after=2024-10-10T04:57:49.109350+00:00
[2024-10-10T11:57:49.249+0700] {processor.py:179} INFO - Processing /home/hasyidan/venv/lib/python3.8/site-packages/airflow/example_dags/example_task_group.py took 0.265 seconds
[2024-10-10T11:58:55.794+0700] {processor.py:157} INFO - Started process (PID=3723) to work on /home/hasyidan/venv/lib/python3.8/site-packages/airflow/example_dags/example_task_group.py
[2024-10-10T11:58:55.818+0700] {processor.py:826} INFO - Processing file /home/hasyidan/venv/lib/python3.8/site-packages/airflow/example_dags/example_task_group.py for tasks to queue
[2024-10-10T11:58:55.819+0700] {logging_mixin.py:149} INFO - [2024-10-10T11:58:55.819+0700] {dagbag.py:541} INFO - Filling up the DagBag from /home/hasyidan/venv/lib/python3.8/site-packages/airflow/example_dags/example_task_group.py
[2024-10-10T11:58:55.838+0700] {processor.py:836} INFO - DAG(s) dict_keys(['example_task_group']) retrieved from /home/hasyidan/venv/lib/python3.8/site-packages/airflow/example_dags/example_task_group.py
[2024-10-10T11:58:55.885+0700] {logging_mixin.py:149} INFO - [2024-10-10T11:58:55.885+0700] {dag.py:2726} INFO - Sync 1 DAGs
[2024-10-10T11:58:55.935+0700] {logging_mixin.py:149} INFO - [2024-10-10T11:58:55.935+0700] {dag.py:3486} INFO - Setting next_dagrun for example_task_group to 2024-10-09T04:58:55.934967+00:00, run_after=2024-10-10T04:58:55.934967+00:00
[2024-10-10T11:58:56.068+0700] {processor.py:179} INFO - Processing /home/hasyidan/venv/lib/python3.8/site-packages/airflow/example_dags/example_task_group.py took 0.282 seconds
[2024-10-10T11:59:57.712+0700] {processor.py:157} INFO - Started process (PID=3784) to work on /home/hasyidan/venv/lib/python3.8/site-packages/airflow/example_dags/example_task_group.py
[2024-10-10T11:59:57.728+0700] {processor.py:826} INFO - Processing file /home/hasyidan/venv/lib/python3.8/site-packages/airflow/example_dags/example_task_group.py for tasks to queue
[2024-10-10T11:59:57.730+0700] {logging_mixin.py:149} INFO - [2024-10-10T11:59:57.730+0700] {dagbag.py:541} INFO - Filling up the DagBag from /home/hasyidan/venv/lib/python3.8/site-packages/airflow/example_dags/example_task_group.py
[2024-10-10T11:59:57.749+0700] {processor.py:836} INFO - DAG(s) dict_keys(['example_task_group']) retrieved from /home/hasyidan/venv/lib/python3.8/site-packages/airflow/example_dags/example_task_group.py
[2024-10-10T11:59:57.788+0700] {logging_mixin.py:149} INFO - [2024-10-10T11:59:57.787+0700] {dag.py:2726} INFO - Sync 1 DAGs
[2024-10-10T11:59:57.832+0700] {logging_mixin.py:149} INFO - [2024-10-10T11:59:57.832+0700] {dag.py:3486} INFO - Setting next_dagrun for example_task_group to 2024-10-09T04:59:57.831545+00:00, run_after=2024-10-10T04:59:57.831545+00:00
[2024-10-10T11:59:57.957+0700] {processor.py:179} INFO - Processing /home/hasyidan/venv/lib/python3.8/site-packages/airflow/example_dags/example_task_group.py took 0.251 seconds
[2024-10-10T12:00:50.980+0700] {processor.py:157} INFO - Started process (PID=3840) to work on /home/hasyidan/venv/lib/python3.8/site-packages/airflow/example_dags/example_task_group.py
[2024-10-10T12:00:51.007+0700] {processor.py:826} INFO - Processing file /home/hasyidan/venv/lib/python3.8/site-packages/airflow/example_dags/example_task_group.py for tasks to queue
[2024-10-10T12:00:51.010+0700] {logging_mixin.py:149} INFO - [2024-10-10T12:00:51.009+0700] {dagbag.py:541} INFO - Filling up the DagBag from /home/hasyidan/venv/lib/python3.8/site-packages/airflow/example_dags/example_task_group.py
[2024-10-10T12:00:51.029+0700] {processor.py:836} INFO - DAG(s) dict_keys(['example_task_group']) retrieved from /home/hasyidan/venv/lib/python3.8/site-packages/airflow/example_dags/example_task_group.py
[2024-10-10T12:00:51.068+0700] {logging_mixin.py:149} INFO - [2024-10-10T12:00:51.068+0700] {dag.py:2726} INFO - Sync 1 DAGs
[2024-10-10T12:00:51.110+0700] {logging_mixin.py:149} INFO - [2024-10-10T12:00:51.110+0700] {dag.py:3486} INFO - Setting next_dagrun for example_task_group to 2024-10-09T05:00:51.109660+00:00, run_after=2024-10-10T05:00:51.109660+00:00
[2024-10-10T12:00:51.232+0700] {processor.py:179} INFO - Processing /home/hasyidan/venv/lib/python3.8/site-packages/airflow/example_dags/example_task_group.py took 0.259 seconds
[2024-10-10T12:01:45.047+0700] {processor.py:157} INFO - Started process (PID=3899) to work on /home/hasyidan/venv/lib/python3.8/site-packages/airflow/example_dags/example_task_group.py
[2024-10-10T12:01:45.054+0700] {processor.py:826} INFO - Processing file /home/hasyidan/venv/lib/python3.8/site-packages/airflow/example_dags/example_task_group.py for tasks to queue
[2024-10-10T12:01:45.055+0700] {logging_mixin.py:149} INFO - [2024-10-10T12:01:45.055+0700] {dagbag.py:541} INFO - Filling up the DagBag from /home/hasyidan/venv/lib/python3.8/site-packages/airflow/example_dags/example_task_group.py
[2024-10-10T12:01:45.074+0700] {processor.py:836} INFO - DAG(s) dict_keys(['example_task_group']) retrieved from /home/hasyidan/venv/lib/python3.8/site-packages/airflow/example_dags/example_task_group.py
[2024-10-10T12:01:45.113+0700] {logging_mixin.py:149} INFO - [2024-10-10T12:01:45.113+0700] {dag.py:2726} INFO - Sync 1 DAGs
[2024-10-10T12:01:45.158+0700] {logging_mixin.py:149} INFO - [2024-10-10T12:01:45.157+0700] {dag.py:3486} INFO - Setting next_dagrun for example_task_group to 2024-10-09T05:01:45.156996+00:00, run_after=2024-10-10T05:01:45.156996+00:00
[2024-10-10T12:01:45.272+0700] {processor.py:179} INFO - Processing /home/hasyidan/venv/lib/python3.8/site-packages/airflow/example_dags/example_task_group.py took 0.230 seconds
[2024-10-10T12:02:34.280+0700] {processor.py:157} INFO - Started process (PID=3959) to work on /home/hasyidan/venv/lib/python3.8/site-packages/airflow/example_dags/example_task_group.py
[2024-10-10T12:02:34.298+0700] {processor.py:826} INFO - Processing file /home/hasyidan/venv/lib/python3.8/site-packages/airflow/example_dags/example_task_group.py for tasks to queue
[2024-10-10T12:02:34.301+0700] {logging_mixin.py:149} INFO - [2024-10-10T12:02:34.300+0700] {dagbag.py:541} INFO - Filling up the DagBag from /home/hasyidan/venv/lib/python3.8/site-packages/airflow/example_dags/example_task_group.py
[2024-10-10T12:02:34.317+0700] {processor.py:836} INFO - DAG(s) dict_keys(['example_task_group']) retrieved from /home/hasyidan/venv/lib/python3.8/site-packages/airflow/example_dags/example_task_group.py
[2024-10-10T12:02:34.357+0700] {logging_mixin.py:149} INFO - [2024-10-10T12:02:34.356+0700] {dag.py:2726} INFO - Sync 1 DAGs
[2024-10-10T12:02:34.399+0700] {logging_mixin.py:149} INFO - [2024-10-10T12:02:34.399+0700] {dag.py:3486} INFO - Setting next_dagrun for example_task_group to 2024-10-09T05:02:34.398765+00:00, run_after=2024-10-10T05:02:34.398765+00:00
[2024-10-10T12:02:34.522+0700] {processor.py:179} INFO - Processing /home/hasyidan/venv/lib/python3.8/site-packages/airflow/example_dags/example_task_group.py took 0.249 seconds
[2024-10-10T12:03:27.731+0700] {processor.py:157} INFO - Started process (PID=4015) to work on /home/hasyidan/venv/lib/python3.8/site-packages/airflow/example_dags/example_task_group.py
[2024-10-10T12:03:27.744+0700] {processor.py:826} INFO - Processing file /home/hasyidan/venv/lib/python3.8/site-packages/airflow/example_dags/example_task_group.py for tasks to queue
[2024-10-10T12:03:27.747+0700] {logging_mixin.py:149} INFO - [2024-10-10T12:03:27.747+0700] {dagbag.py:541} INFO - Filling up the DagBag from /home/hasyidan/venv/lib/python3.8/site-packages/airflow/example_dags/example_task_group.py
[2024-10-10T12:03:27.765+0700] {processor.py:836} INFO - DAG(s) dict_keys(['example_task_group']) retrieved from /home/hasyidan/venv/lib/python3.8/site-packages/airflow/example_dags/example_task_group.py
[2024-10-10T12:03:27.804+0700] {logging_mixin.py:149} INFO - [2024-10-10T12:03:27.804+0700] {dag.py:2726} INFO - Sync 1 DAGs
[2024-10-10T12:03:27.848+0700] {logging_mixin.py:149} INFO - [2024-10-10T12:03:27.847+0700] {dag.py:3486} INFO - Setting next_dagrun for example_task_group to 2024-10-09T05:03:27.847468+00:00, run_after=2024-10-10T05:03:27.847468+00:00
[2024-10-10T12:03:27.976+0700] {processor.py:179} INFO - Processing /home/hasyidan/venv/lib/python3.8/site-packages/airflow/example_dags/example_task_group.py took 0.251 seconds
[2024-10-10T12:04:19.740+0700] {processor.py:157} INFO - Started process (PID=4071) to work on /home/hasyidan/venv/lib/python3.8/site-packages/airflow/example_dags/example_task_group.py
[2024-10-10T12:04:19.754+0700] {processor.py:826} INFO - Processing file /home/hasyidan/venv/lib/python3.8/site-packages/airflow/example_dags/example_task_group.py for tasks to queue
[2024-10-10T12:04:19.757+0700] {logging_mixin.py:149} INFO - [2024-10-10T12:04:19.756+0700] {dagbag.py:541} INFO - Filling up the DagBag from /home/hasyidan/venv/lib/python3.8/site-packages/airflow/example_dags/example_task_group.py
[2024-10-10T12:04:19.774+0700] {processor.py:836} INFO - DAG(s) dict_keys(['example_task_group']) retrieved from /home/hasyidan/venv/lib/python3.8/site-packages/airflow/example_dags/example_task_group.py
[2024-10-10T12:04:19.813+0700] {logging_mixin.py:149} INFO - [2024-10-10T12:04:19.813+0700] {dag.py:2726} INFO - Sync 1 DAGs
[2024-10-10T12:04:19.855+0700] {logging_mixin.py:149} INFO - [2024-10-10T12:04:19.855+0700] {dag.py:3486} INFO - Setting next_dagrun for example_task_group to 2024-10-09T05:04:19.854537+00:00, run_after=2024-10-10T05:04:19.854537+00:00
[2024-10-10T12:04:19.964+0700] {processor.py:179} INFO - Processing /home/hasyidan/venv/lib/python3.8/site-packages/airflow/example_dags/example_task_group.py took 0.230 seconds
[2024-10-10T12:05:12.497+0700] {processor.py:157} INFO - Started process (PID=4183) to work on /home/hasyidan/venv/lib/python3.8/site-packages/airflow/example_dags/example_task_group.py
[2024-10-10T12:05:12.499+0700] {processor.py:826} INFO - Processing file /home/hasyidan/venv/lib/python3.8/site-packages/airflow/example_dags/example_task_group.py for tasks to queue
[2024-10-10T12:05:12.500+0700] {logging_mixin.py:149} INFO - [2024-10-10T12:05:12.500+0700] {dagbag.py:541} INFO - Filling up the DagBag from /home/hasyidan/venv/lib/python3.8/site-packages/airflow/example_dags/example_task_group.py
[2024-10-10T12:05:12.516+0700] {processor.py:836} INFO - DAG(s) dict_keys(['example_task_group']) retrieved from /home/hasyidan/venv/lib/python3.8/site-packages/airflow/example_dags/example_task_group.py
[2024-10-10T12:05:12.555+0700] {logging_mixin.py:149} INFO - [2024-10-10T12:05:12.555+0700] {dag.py:2726} INFO - Sync 1 DAGs
[2024-10-10T12:05:12.599+0700] {logging_mixin.py:149} INFO - [2024-10-10T12:05:12.598+0700] {dag.py:3486} INFO - Setting next_dagrun for example_task_group to 2024-10-09T05:05:12.598407+00:00, run_after=2024-10-10T05:05:12.598407+00:00
[2024-10-10T12:05:12.772+0700] {processor.py:179} INFO - Processing /home/hasyidan/venv/lib/python3.8/site-packages/airflow/example_dags/example_task_group.py took 0.282 seconds
[2024-10-10T12:06:08.566+0700] {processor.py:157} INFO - Started process (PID=4244) to work on /home/hasyidan/venv/lib/python3.8/site-packages/airflow/example_dags/example_task_group.py
[2024-10-10T12:06:08.583+0700] {processor.py:826} INFO - Processing file /home/hasyidan/venv/lib/python3.8/site-packages/airflow/example_dags/example_task_group.py for tasks to queue
[2024-10-10T12:06:08.587+0700] {logging_mixin.py:149} INFO - [2024-10-10T12:06:08.585+0700] {dagbag.py:541} INFO - Filling up the DagBag from /home/hasyidan/venv/lib/python3.8/site-packages/airflow/example_dags/example_task_group.py
[2024-10-10T12:06:08.605+0700] {processor.py:836} INFO - DAG(s) dict_keys(['example_task_group']) retrieved from /home/hasyidan/venv/lib/python3.8/site-packages/airflow/example_dags/example_task_group.py
[2024-10-10T12:06:08.644+0700] {logging_mixin.py:149} INFO - [2024-10-10T12:06:08.644+0700] {dag.py:2726} INFO - Sync 1 DAGs
[2024-10-10T12:06:08.686+0700] {logging_mixin.py:149} INFO - [2024-10-10T12:06:08.686+0700] {dag.py:3486} INFO - Setting next_dagrun for example_task_group to 2024-10-09T05:06:08.685770+00:00, run_after=2024-10-10T05:06:08.685770+00:00
[2024-10-10T12:06:08.919+0700] {processor.py:179} INFO - Processing /home/hasyidan/venv/lib/python3.8/site-packages/airflow/example_dags/example_task_group.py took 0.358 seconds
[2024-10-10T12:07:04.000+0700] {processor.py:157} INFO - Started process (PID=4302) to work on /home/hasyidan/venv/lib/python3.8/site-packages/airflow/example_dags/example_task_group.py
[2024-10-10T12:07:04.018+0700] {processor.py:826} INFO - Processing file /home/hasyidan/venv/lib/python3.8/site-packages/airflow/example_dags/example_task_group.py for tasks to queue
[2024-10-10T12:07:04.021+0700] {logging_mixin.py:149} INFO - [2024-10-10T12:07:04.020+0700] {dagbag.py:541} INFO - Filling up the DagBag from /home/hasyidan/venv/lib/python3.8/site-packages/airflow/example_dags/example_task_group.py
[2024-10-10T12:07:04.038+0700] {processor.py:836} INFO - DAG(s) dict_keys(['example_task_group']) retrieved from /home/hasyidan/venv/lib/python3.8/site-packages/airflow/example_dags/example_task_group.py
[2024-10-10T12:07:04.077+0700] {logging_mixin.py:149} INFO - [2024-10-10T12:07:04.077+0700] {dag.py:2726} INFO - Sync 1 DAGs
[2024-10-10T12:07:04.121+0700] {logging_mixin.py:149} INFO - [2024-10-10T12:07:04.121+0700] {dag.py:3486} INFO - Setting next_dagrun for example_task_group to 2024-10-09T05:07:04.121003+00:00, run_after=2024-10-10T05:07:04.121003+00:00
[2024-10-10T12:07:04.294+0700] {processor.py:179} INFO - Processing /home/hasyidan/venv/lib/python3.8/site-packages/airflow/example_dags/example_task_group.py took 0.301 seconds
[2024-10-10T12:08:03.452+0700] {processor.py:157} INFO - Started process (PID=4367) to work on /home/hasyidan/venv/lib/python3.8/site-packages/airflow/example_dags/example_task_group.py
[2024-10-10T12:08:03.479+0700] {processor.py:826} INFO - Processing file /home/hasyidan/venv/lib/python3.8/site-packages/airflow/example_dags/example_task_group.py for tasks to queue
[2024-10-10T12:08:03.482+0700] {logging_mixin.py:149} INFO - [2024-10-10T12:08:03.481+0700] {dagbag.py:541} INFO - Filling up the DagBag from /home/hasyidan/venv/lib/python3.8/site-packages/airflow/example_dags/example_task_group.py
[2024-10-10T12:08:03.500+0700] {processor.py:836} INFO - DAG(s) dict_keys(['example_task_group']) retrieved from /home/hasyidan/venv/lib/python3.8/site-packages/airflow/example_dags/example_task_group.py
[2024-10-10T12:08:03.540+0700] {logging_mixin.py:149} INFO - [2024-10-10T12:08:03.539+0700] {dag.py:2726} INFO - Sync 1 DAGs
[2024-10-10T12:08:03.581+0700] {logging_mixin.py:149} INFO - [2024-10-10T12:08:03.581+0700] {dag.py:3486} INFO - Setting next_dagrun for example_task_group to 2024-10-09T05:08:03.581142+00:00, run_after=2024-10-10T05:08:03.581142+00:00
[2024-10-10T12:08:03.732+0700] {processor.py:179} INFO - Processing /home/hasyidan/venv/lib/python3.8/site-packages/airflow/example_dags/example_task_group.py took 0.287 seconds
[2024-10-10T12:08:59.931+0700] {processor.py:157} INFO - Started process (PID=4430) to work on /home/hasyidan/venv/lib/python3.8/site-packages/airflow/example_dags/example_task_group.py
[2024-10-10T12:08:59.933+0700] {processor.py:826} INFO - Processing file /home/hasyidan/venv/lib/python3.8/site-packages/airflow/example_dags/example_task_group.py for tasks to queue
[2024-10-10T12:08:59.934+0700] {logging_mixin.py:149} INFO - [2024-10-10T12:08:59.934+0700] {dagbag.py:541} INFO - Filling up the DagBag from /home/hasyidan/venv/lib/python3.8/site-packages/airflow/example_dags/example_task_group.py
[2024-10-10T12:08:59.949+0700] {processor.py:836} INFO - DAG(s) dict_keys(['example_task_group']) retrieved from /home/hasyidan/venv/lib/python3.8/site-packages/airflow/example_dags/example_task_group.py
[2024-10-10T12:08:59.988+0700] {logging_mixin.py:149} INFO - [2024-10-10T12:08:59.988+0700] {dag.py:2726} INFO - Sync 1 DAGs
[2024-10-10T12:09:00.033+0700] {logging_mixin.py:149} INFO - [2024-10-10T12:09:00.032+0700] {dag.py:3486} INFO - Setting next_dagrun for example_task_group to 2024-10-09T05:09:00.032142+00:00, run_after=2024-10-10T05:09:00.032142+00:00
[2024-10-10T12:09:00.167+0700] {processor.py:179} INFO - Processing /home/hasyidan/venv/lib/python3.8/site-packages/airflow/example_dags/example_task_group.py took 0.244 seconds
[2024-10-10T12:09:53.551+0700] {processor.py:157} INFO - Started process (PID=4488) to work on /home/hasyidan/venv/lib/python3.8/site-packages/airflow/example_dags/example_task_group.py
[2024-10-10T12:09:53.577+0700] {processor.py:826} INFO - Processing file /home/hasyidan/venv/lib/python3.8/site-packages/airflow/example_dags/example_task_group.py for tasks to queue
[2024-10-10T12:09:53.580+0700] {logging_mixin.py:149} INFO - [2024-10-10T12:09:53.579+0700] {dagbag.py:541} INFO - Filling up the DagBag from /home/hasyidan/venv/lib/python3.8/site-packages/airflow/example_dags/example_task_group.py
[2024-10-10T12:09:53.598+0700] {processor.py:836} INFO - DAG(s) dict_keys(['example_task_group']) retrieved from /home/hasyidan/venv/lib/python3.8/site-packages/airflow/example_dags/example_task_group.py
[2024-10-10T12:09:53.637+0700] {logging_mixin.py:149} INFO - [2024-10-10T12:09:53.636+0700] {dag.py:2726} INFO - Sync 1 DAGs
[2024-10-10T12:09:53.678+0700] {logging_mixin.py:149} INFO - [2024-10-10T12:09:53.678+0700] {dag.py:3486} INFO - Setting next_dagrun for example_task_group to 2024-10-09T05:09:53.677898+00:00, run_after=2024-10-10T05:09:53.677898+00:00
[2024-10-10T12:09:53.830+0700] {processor.py:179} INFO - Processing /home/hasyidan/venv/lib/python3.8/site-packages/airflow/example_dags/example_task_group.py took 0.285 seconds
[2024-10-10T12:10:43.414+0700] {processor.py:157} INFO - Started process (PID=4550) to work on /home/hasyidan/venv/lib/python3.8/site-packages/airflow/example_dags/example_task_group.py
[2024-10-10T12:10:43.433+0700] {processor.py:826} INFO - Processing file /home/hasyidan/venv/lib/python3.8/site-packages/airflow/example_dags/example_task_group.py for tasks to queue
[2024-10-10T12:10:43.436+0700] {logging_mixin.py:149} INFO - [2024-10-10T12:10:43.435+0700] {dagbag.py:541} INFO - Filling up the DagBag from /home/hasyidan/venv/lib/python3.8/site-packages/airflow/example_dags/example_task_group.py
[2024-10-10T12:10:43.454+0700] {processor.py:836} INFO - DAG(s) dict_keys(['example_task_group']) retrieved from /home/hasyidan/venv/lib/python3.8/site-packages/airflow/example_dags/example_task_group.py
[2024-10-10T12:10:43.493+0700] {logging_mixin.py:149} INFO - [2024-10-10T12:10:43.493+0700] {dag.py:2726} INFO - Sync 1 DAGs
[2024-10-10T12:10:43.537+0700] {logging_mixin.py:149} INFO - [2024-10-10T12:10:43.537+0700] {dag.py:3486} INFO - Setting next_dagrun for example_task_group to 2024-10-09T05:10:43.536592+00:00, run_after=2024-10-10T05:10:43.536592+00:00
[2024-10-10T12:10:43.696+0700] {processor.py:179} INFO - Processing /home/hasyidan/venv/lib/python3.8/site-packages/airflow/example_dags/example_task_group.py took 0.288 seconds
[2024-10-10T12:11:37.107+0700] {processor.py:157} INFO - Started process (PID=4613) to work on /home/hasyidan/venv/lib/python3.8/site-packages/airflow/example_dags/example_task_group.py
[2024-10-10T12:11:37.124+0700] {processor.py:826} INFO - Processing file /home/hasyidan/venv/lib/python3.8/site-packages/airflow/example_dags/example_task_group.py for tasks to queue
[2024-10-10T12:11:37.127+0700] {logging_mixin.py:149} INFO - [2024-10-10T12:11:37.126+0700] {dagbag.py:541} INFO - Filling up the DagBag from /home/hasyidan/venv/lib/python3.8/site-packages/airflow/example_dags/example_task_group.py
[2024-10-10T12:11:37.172+0700] {processor.py:836} INFO - DAG(s) dict_keys(['example_task_group']) retrieved from /home/hasyidan/venv/lib/python3.8/site-packages/airflow/example_dags/example_task_group.py
[2024-10-10T12:11:37.211+0700] {logging_mixin.py:149} INFO - [2024-10-10T12:11:37.210+0700] {dag.py:2726} INFO - Sync 1 DAGs
[2024-10-10T12:11:37.252+0700] {logging_mixin.py:149} INFO - [2024-10-10T12:11:37.252+0700] {dag.py:3486} INFO - Setting next_dagrun for example_task_group to 2024-10-09T05:11:37.251561+00:00, run_after=2024-10-10T05:11:37.251561+00:00
[2024-10-10T12:11:37.379+0700] {processor.py:179} INFO - Processing /home/hasyidan/venv/lib/python3.8/site-packages/airflow/example_dags/example_task_group.py took 0.278 seconds
[2024-10-10T12:12:32.153+0700] {processor.py:157} INFO - Started process (PID=4674) to work on /home/hasyidan/venv/lib/python3.8/site-packages/airflow/example_dags/example_task_group.py
[2024-10-10T12:12:32.184+0700] {processor.py:826} INFO - Processing file /home/hasyidan/venv/lib/python3.8/site-packages/airflow/example_dags/example_task_group.py for tasks to queue
[2024-10-10T12:12:32.187+0700] {logging_mixin.py:149} INFO - [2024-10-10T12:12:32.186+0700] {dagbag.py:541} INFO - Filling up the DagBag from /home/hasyidan/venv/lib/python3.8/site-packages/airflow/example_dags/example_task_group.py
[2024-10-10T12:12:32.205+0700] {processor.py:836} INFO - DAG(s) dict_keys(['example_task_group']) retrieved from /home/hasyidan/venv/lib/python3.8/site-packages/airflow/example_dags/example_task_group.py
[2024-10-10T12:12:32.244+0700] {logging_mixin.py:149} INFO - [2024-10-10T12:12:32.243+0700] {dag.py:2726} INFO - Sync 1 DAGs
[2024-10-10T12:12:32.288+0700] {logging_mixin.py:149} INFO - [2024-10-10T12:12:32.288+0700] {dag.py:3486} INFO - Setting next_dagrun for example_task_group to 2024-10-09T05:12:32.287407+00:00, run_after=2024-10-10T05:12:32.287407+00:00
[2024-10-10T12:12:32.429+0700] {processor.py:179} INFO - Processing /home/hasyidan/venv/lib/python3.8/site-packages/airflow/example_dags/example_task_group.py took 0.284 seconds
[2024-10-10T12:13:22.702+0700] {processor.py:157} INFO - Started process (PID=4735) to work on /home/hasyidan/venv/lib/python3.8/site-packages/airflow/example_dags/example_task_group.py
[2024-10-10T12:13:22.744+0700] {processor.py:826} INFO - Processing file /home/hasyidan/venv/lib/python3.8/site-packages/airflow/example_dags/example_task_group.py for tasks to queue
[2024-10-10T12:13:22.747+0700] {logging_mixin.py:149} INFO - [2024-10-10T12:13:22.747+0700] {dagbag.py:541} INFO - Filling up the DagBag from /home/hasyidan/venv/lib/python3.8/site-packages/airflow/example_dags/example_task_group.py
[2024-10-10T12:13:22.766+0700] {processor.py:836} INFO - DAG(s) dict_keys(['example_task_group']) retrieved from /home/hasyidan/venv/lib/python3.8/site-packages/airflow/example_dags/example_task_group.py
[2024-10-10T12:13:22.806+0700] {logging_mixin.py:149} INFO - [2024-10-10T12:13:22.805+0700] {dag.py:2726} INFO - Sync 1 DAGs
[2024-10-10T12:13:22.848+0700] {logging_mixin.py:149} INFO - [2024-10-10T12:13:22.847+0700] {dag.py:3486} INFO - Setting next_dagrun for example_task_group to 2024-10-09T05:13:22.847182+00:00, run_after=2024-10-10T05:13:22.847182+00:00
[2024-10-10T12:13:22.965+0700] {processor.py:179} INFO - Processing /home/hasyidan/venv/lib/python3.8/site-packages/airflow/example_dags/example_task_group.py took 0.269 seconds
[2024-10-10T12:14:11.564+0700] {processor.py:157} INFO - Started process (PID=4786) to work on /home/hasyidan/venv/lib/python3.8/site-packages/airflow/example_dags/example_task_group.py
[2024-10-10T12:14:11.590+0700] {processor.py:826} INFO - Processing file /home/hasyidan/venv/lib/python3.8/site-packages/airflow/example_dags/example_task_group.py for tasks to queue
[2024-10-10T12:14:11.593+0700] {logging_mixin.py:149} INFO - [2024-10-10T12:14:11.592+0700] {dagbag.py:541} INFO - Filling up the DagBag from /home/hasyidan/venv/lib/python3.8/site-packages/airflow/example_dags/example_task_group.py
[2024-10-10T12:14:11.612+0700] {processor.py:836} INFO - DAG(s) dict_keys(['example_task_group']) retrieved from /home/hasyidan/venv/lib/python3.8/site-packages/airflow/example_dags/example_task_group.py
[2024-10-10T12:14:11.651+0700] {logging_mixin.py:149} INFO - [2024-10-10T12:14:11.651+0700] {dag.py:2726} INFO - Sync 1 DAGs
[2024-10-10T12:14:11.695+0700] {logging_mixin.py:149} INFO - [2024-10-10T12:14:11.694+0700] {dag.py:3486} INFO - Setting next_dagrun for example_task_group to 2024-10-09T05:14:11.694461+00:00, run_after=2024-10-10T05:14:11.694461+00:00
[2024-10-10T12:14:11.811+0700] {processor.py:179} INFO - Processing /home/hasyidan/venv/lib/python3.8/site-packages/airflow/example_dags/example_task_group.py took 0.253 seconds
[2024-10-10T12:15:01.715+0700] {processor.py:157} INFO - Started process (PID=4850) to work on /home/hasyidan/venv/lib/python3.8/site-packages/airflow/example_dags/example_task_group.py
[2024-10-10T12:15:01.737+0700] {processor.py:826} INFO - Processing file /home/hasyidan/venv/lib/python3.8/site-packages/airflow/example_dags/example_task_group.py for tasks to queue
[2024-10-10T12:15:01.740+0700] {logging_mixin.py:149} INFO - [2024-10-10T12:15:01.739+0700] {dagbag.py:541} INFO - Filling up the DagBag from /home/hasyidan/venv/lib/python3.8/site-packages/airflow/example_dags/example_task_group.py
[2024-10-10T12:15:01.759+0700] {processor.py:836} INFO - DAG(s) dict_keys(['example_task_group']) retrieved from /home/hasyidan/venv/lib/python3.8/site-packages/airflow/example_dags/example_task_group.py
[2024-10-10T12:15:01.797+0700] {logging_mixin.py:149} INFO - [2024-10-10T12:15:01.797+0700] {dag.py:2726} INFO - Sync 1 DAGs
[2024-10-10T12:15:01.839+0700] {logging_mixin.py:149} INFO - [2024-10-10T12:15:01.838+0700] {dag.py:3486} INFO - Setting next_dagrun for example_task_group to 2024-10-09T05:15:01.838447+00:00, run_after=2024-10-10T05:15:01.838447+00:00
[2024-10-10T12:15:01.946+0700] {processor.py:179} INFO - Processing /home/hasyidan/venv/lib/python3.8/site-packages/airflow/example_dags/example_task_group.py took 0.238 seconds
[2024-10-10T12:15:54.578+0700] {processor.py:157} INFO - Started process (PID=4912) to work on /home/hasyidan/venv/lib/python3.8/site-packages/airflow/example_dags/example_task_group.py
[2024-10-10T12:15:54.592+0700] {processor.py:826} INFO - Processing file /home/hasyidan/venv/lib/python3.8/site-packages/airflow/example_dags/example_task_group.py for tasks to queue
[2024-10-10T12:15:54.595+0700] {logging_mixin.py:149} INFO - [2024-10-10T12:15:54.594+0700] {dagbag.py:541} INFO - Filling up the DagBag from /home/hasyidan/venv/lib/python3.8/site-packages/airflow/example_dags/example_task_group.py
[2024-10-10T12:15:54.613+0700] {processor.py:836} INFO - DAG(s) dict_keys(['example_task_group']) retrieved from /home/hasyidan/venv/lib/python3.8/site-packages/airflow/example_dags/example_task_group.py
[2024-10-10T12:15:54.652+0700] {logging_mixin.py:149} INFO - [2024-10-10T12:15:54.651+0700] {dag.py:2726} INFO - Sync 1 DAGs
[2024-10-10T12:15:54.699+0700] {logging_mixin.py:149} INFO - [2024-10-10T12:15:54.698+0700] {dag.py:3486} INFO - Setting next_dagrun for example_task_group to 2024-10-09T05:15:54.698073+00:00, run_after=2024-10-10T05:15:54.698073+00:00
[2024-10-10T12:15:54.827+0700] {processor.py:179} INFO - Processing /home/hasyidan/venv/lib/python3.8/site-packages/airflow/example_dags/example_task_group.py took 0.255 seconds
[2024-10-10T12:16:49.100+0700] {processor.py:157} INFO - Started process (PID=4976) to work on /home/hasyidan/venv/lib/python3.8/site-packages/airflow/example_dags/example_task_group.py
[2024-10-10T12:16:49.102+0700] {processor.py:826} INFO - Processing file /home/hasyidan/venv/lib/python3.8/site-packages/airflow/example_dags/example_task_group.py for tasks to queue
[2024-10-10T12:16:49.104+0700] {logging_mixin.py:149} INFO - [2024-10-10T12:16:49.103+0700] {dagbag.py:541} INFO - Filling up the DagBag from /home/hasyidan/venv/lib/python3.8/site-packages/airflow/example_dags/example_task_group.py
[2024-10-10T12:16:49.120+0700] {processor.py:836} INFO - DAG(s) dict_keys(['example_task_group']) retrieved from /home/hasyidan/venv/lib/python3.8/site-packages/airflow/example_dags/example_task_group.py
[2024-10-10T12:16:49.163+0700] {logging_mixin.py:149} INFO - [2024-10-10T12:16:49.162+0700] {dag.py:2726} INFO - Sync 1 DAGs
[2024-10-10T12:16:49.208+0700] {logging_mixin.py:149} INFO - [2024-10-10T12:16:49.208+0700] {dag.py:3486} INFO - Setting next_dagrun for example_task_group to 2024-10-09T05:16:49.207725+00:00, run_after=2024-10-10T05:16:49.207725+00:00
[2024-10-10T12:16:49.356+0700] {processor.py:179} INFO - Processing /home/hasyidan/venv/lib/python3.8/site-packages/airflow/example_dags/example_task_group.py took 0.262 seconds
[2024-10-10T12:17:43.879+0700] {processor.py:157} INFO - Started process (PID=5043) to work on /home/hasyidan/venv/lib/python3.8/site-packages/airflow/example_dags/example_task_group.py
[2024-10-10T12:17:43.935+0700] {processor.py:826} INFO - Processing file /home/hasyidan/venv/lib/python3.8/site-packages/airflow/example_dags/example_task_group.py for tasks to queue
[2024-10-10T12:17:43.937+0700] {logging_mixin.py:149} INFO - [2024-10-10T12:17:43.937+0700] {dagbag.py:541} INFO - Filling up the DagBag from /home/hasyidan/venv/lib/python3.8/site-packages/airflow/example_dags/example_task_group.py
[2024-10-10T12:17:43.955+0700] {processor.py:836} INFO - DAG(s) dict_keys(['example_task_group']) retrieved from /home/hasyidan/venv/lib/python3.8/site-packages/airflow/example_dags/example_task_group.py
[2024-10-10T12:17:43.994+0700] {logging_mixin.py:149} INFO - [2024-10-10T12:17:43.994+0700] {dag.py:2726} INFO - Sync 1 DAGs
[2024-10-10T12:17:44.036+0700] {logging_mixin.py:149} INFO - [2024-10-10T12:17:44.035+0700] {dag.py:3486} INFO - Setting next_dagrun for example_task_group to 2024-10-09T05:17:44.035357+00:00, run_after=2024-10-10T05:17:44.035357+00:00
[2024-10-10T12:17:44.159+0700] {processor.py:179} INFO - Processing /home/hasyidan/venv/lib/python3.8/site-packages/airflow/example_dags/example_task_group.py took 0.288 seconds
[2024-10-10T12:18:37.982+0700] {processor.py:157} INFO - Started process (PID=5103) to work on /home/hasyidan/venv/lib/python3.8/site-packages/airflow/example_dags/example_task_group.py
[2024-10-10T12:18:37.984+0700] {processor.py:826} INFO - Processing file /home/hasyidan/venv/lib/python3.8/site-packages/airflow/example_dags/example_task_group.py for tasks to queue
[2024-10-10T12:18:37.985+0700] {logging_mixin.py:149} INFO - [2024-10-10T12:18:37.985+0700] {dagbag.py:541} INFO - Filling up the DagBag from /home/hasyidan/venv/lib/python3.8/site-packages/airflow/example_dags/example_task_group.py
[2024-10-10T12:18:38.000+0700] {processor.py:836} INFO - DAG(s) dict_keys(['example_task_group']) retrieved from /home/hasyidan/venv/lib/python3.8/site-packages/airflow/example_dags/example_task_group.py
[2024-10-10T12:18:38.039+0700] {logging_mixin.py:149} INFO - [2024-10-10T12:18:38.039+0700] {dag.py:2726} INFO - Sync 1 DAGs
[2024-10-10T12:18:38.084+0700] {logging_mixin.py:149} INFO - [2024-10-10T12:18:38.084+0700] {dag.py:3486} INFO - Setting next_dagrun for example_task_group to 2024-10-09T05:18:38.083718+00:00, run_after=2024-10-10T05:18:38.083718+00:00
[2024-10-10T12:18:38.245+0700] {processor.py:179} INFO - Processing /home/hasyidan/venv/lib/python3.8/site-packages/airflow/example_dags/example_task_group.py took 0.269 seconds
[2024-10-10T12:19:30.848+0700] {processor.py:157} INFO - Started process (PID=5156) to work on /home/hasyidan/venv/lib/python3.8/site-packages/airflow/example_dags/example_task_group.py
[2024-10-10T12:19:30.866+0700] {processor.py:826} INFO - Processing file /home/hasyidan/venv/lib/python3.8/site-packages/airflow/example_dags/example_task_group.py for tasks to queue
[2024-10-10T12:19:30.869+0700] {logging_mixin.py:149} INFO - [2024-10-10T12:19:30.868+0700] {dagbag.py:541} INFO - Filling up the DagBag from /home/hasyidan/venv/lib/python3.8/site-packages/airflow/example_dags/example_task_group.py
[2024-10-10T12:19:30.886+0700] {processor.py:836} INFO - DAG(s) dict_keys(['example_task_group']) retrieved from /home/hasyidan/venv/lib/python3.8/site-packages/airflow/example_dags/example_task_group.py
[2024-10-10T12:19:30.926+0700] {logging_mixin.py:149} INFO - [2024-10-10T12:19:30.925+0700] {dag.py:2726} INFO - Sync 1 DAGs
[2024-10-10T12:19:30.967+0700] {logging_mixin.py:149} INFO - [2024-10-10T12:19:30.967+0700] {dag.py:3486} INFO - Setting next_dagrun for example_task_group to 2024-10-09T05:19:30.966835+00:00, run_after=2024-10-10T05:19:30.966835+00:00
[2024-10-10T12:19:31.095+0700] {processor.py:179} INFO - Processing /home/hasyidan/venv/lib/python3.8/site-packages/airflow/example_dags/example_task_group.py took 0.254 seconds
[2024-10-10T12:20:22.781+0700] {processor.py:157} INFO - Started process (PID=5218) to work on /home/hasyidan/venv/lib/python3.8/site-packages/airflow/example_dags/example_task_group.py
[2024-10-10T12:20:22.815+0700] {processor.py:826} INFO - Processing file /home/hasyidan/venv/lib/python3.8/site-packages/airflow/example_dags/example_task_group.py for tasks to queue
[2024-10-10T12:20:22.818+0700] {logging_mixin.py:149} INFO - [2024-10-10T12:20:22.817+0700] {dagbag.py:541} INFO - Filling up the DagBag from /home/hasyidan/venv/lib/python3.8/site-packages/airflow/example_dags/example_task_group.py
[2024-10-10T12:20:22.835+0700] {processor.py:836} INFO - DAG(s) dict_keys(['example_task_group']) retrieved from /home/hasyidan/venv/lib/python3.8/site-packages/airflow/example_dags/example_task_group.py
[2024-10-10T12:20:22.873+0700] {logging_mixin.py:149} INFO - [2024-10-10T12:20:22.873+0700] {dag.py:2726} INFO - Sync 1 DAGs
[2024-10-10T12:20:22.914+0700] {logging_mixin.py:149} INFO - [2024-10-10T12:20:22.914+0700] {dag.py:3486} INFO - Setting next_dagrun for example_task_group to 2024-10-09T05:20:22.914048+00:00, run_after=2024-10-10T05:20:22.914048+00:00
[2024-10-10T12:20:23.028+0700] {processor.py:179} INFO - Processing /home/hasyidan/venv/lib/python3.8/site-packages/airflow/example_dags/example_task_group.py took 0.252 seconds
[2024-10-10T12:21:20.938+0700] {processor.py:157} INFO - Started process (PID=5298) to work on /home/hasyidan/venv/lib/python3.8/site-packages/airflow/example_dags/example_task_group.py
[2024-10-10T12:21:20.957+0700] {processor.py:826} INFO - Processing file /home/hasyidan/venv/lib/python3.8/site-packages/airflow/example_dags/example_task_group.py for tasks to queue
[2024-10-10T12:21:20.959+0700] {logging_mixin.py:149} INFO - [2024-10-10T12:21:20.959+0700] {dagbag.py:541} INFO - Filling up the DagBag from /home/hasyidan/venv/lib/python3.8/site-packages/airflow/example_dags/example_task_group.py
[2024-10-10T12:21:20.979+0700] {processor.py:836} INFO - DAG(s) dict_keys(['example_task_group']) retrieved from /home/hasyidan/venv/lib/python3.8/site-packages/airflow/example_dags/example_task_group.py
[2024-10-10T12:21:21.022+0700] {logging_mixin.py:149} INFO - [2024-10-10T12:21:21.021+0700] {dag.py:2726} INFO - Sync 1 DAGs
[2024-10-10T12:21:21.067+0700] {logging_mixin.py:149} INFO - [2024-10-10T12:21:21.067+0700] {dag.py:3486} INFO - Setting next_dagrun for example_task_group to 2024-10-09T05:21:21.066707+00:00, run_after=2024-10-10T05:21:21.066707+00:00
[2024-10-10T12:21:21.190+0700] {processor.py:179} INFO - Processing /home/hasyidan/venv/lib/python3.8/site-packages/airflow/example_dags/example_task_group.py took 0.258 seconds
[2024-10-10T13:20:03.212+0700] {processor.py:157} INFO - Started process (PID=1944) to work on /home/hasyidan/venv/lib/python3.8/site-packages/airflow/example_dags/example_task_group.py
[2024-10-10T13:20:03.229+0700] {processor.py:826} INFO - Processing file /home/hasyidan/venv/lib/python3.8/site-packages/airflow/example_dags/example_task_group.py for tasks to queue
[2024-10-10T13:20:03.232+0700] {logging_mixin.py:149} INFO - [2024-10-10T13:20:03.231+0700] {dagbag.py:541} INFO - Filling up the DagBag from /home/hasyidan/venv/lib/python3.8/site-packages/airflow/example_dags/example_task_group.py
[2024-10-10T13:20:03.253+0700] {processor.py:836} INFO - DAG(s) dict_keys(['example_task_group']) retrieved from /home/hasyidan/venv/lib/python3.8/site-packages/airflow/example_dags/example_task_group.py
[2024-10-10T13:20:03.304+0700] {logging_mixin.py:149} INFO - [2024-10-10T13:20:03.303+0700] {dag.py:2726} INFO - Sync 1 DAGs
[2024-10-10T13:20:03.377+0700] {logging_mixin.py:149} INFO - [2024-10-10T13:20:03.377+0700] {dag.py:3486} INFO - Setting next_dagrun for example_task_group to 2024-10-09T06:20:03.376866+00:00, run_after=2024-10-10T06:20:03.376866+00:00
[2024-10-10T13:20:03.732+0700] {processor.py:179} INFO - Processing /home/hasyidan/venv/lib/python3.8/site-packages/airflow/example_dags/example_task_group.py took 0.526 seconds
[2024-10-10T13:25:09.319+0700] {processor.py:157} INFO - Started process (PID=2540) to work on /home/hasyidan/venv/lib/python3.8/site-packages/airflow/example_dags/example_task_group.py
[2024-10-10T13:25:09.380+0700] {processor.py:826} INFO - Processing file /home/hasyidan/venv/lib/python3.8/site-packages/airflow/example_dags/example_task_group.py for tasks to queue
[2024-10-10T13:25:09.387+0700] {logging_mixin.py:149} INFO - [2024-10-10T13:25:09.386+0700] {dagbag.py:541} INFO - Filling up the DagBag from /home/hasyidan/venv/lib/python3.8/site-packages/airflow/example_dags/example_task_group.py
[2024-10-10T13:25:09.905+0700] {processor.py:836} INFO - DAG(s) dict_keys(['example_task_group']) retrieved from /home/hasyidan/venv/lib/python3.8/site-packages/airflow/example_dags/example_task_group.py
[2024-10-10T13:25:09.997+0700] {logging_mixin.py:149} INFO - [2024-10-10T13:25:09.997+0700] {dag.py:2726} INFO - Sync 1 DAGs
[2024-10-10T13:25:10.138+0700] {logging_mixin.py:149} INFO - [2024-10-10T13:25:10.137+0700] {dag.py:3486} INFO - Setting next_dagrun for example_task_group to 2024-10-09T06:25:10.137389+00:00, run_after=2024-10-10T06:25:10.137389+00:00
[2024-10-10T13:25:10.517+0700] {processor.py:179} INFO - Processing /home/hasyidan/venv/lib/python3.8/site-packages/airflow/example_dags/example_task_group.py took 1.205 seconds
[2024-10-10T13:27:05.675+0700] {processor.py:157} INFO - Started process (PID=2693) to work on /home/hasyidan/venv/lib/python3.8/site-packages/airflow/example_dags/example_task_group.py
[2024-10-10T13:27:05.693+0700] {processor.py:826} INFO - Processing file /home/hasyidan/venv/lib/python3.8/site-packages/airflow/example_dags/example_task_group.py for tasks to queue
[2024-10-10T13:27:05.695+0700] {logging_mixin.py:149} INFO - [2024-10-10T13:27:05.695+0700] {dagbag.py:541} INFO - Filling up the DagBag from /home/hasyidan/venv/lib/python3.8/site-packages/airflow/example_dags/example_task_group.py
[2024-10-10T13:27:05.723+0700] {processor.py:836} INFO - DAG(s) dict_keys(['example_task_group']) retrieved from /home/hasyidan/venv/lib/python3.8/site-packages/airflow/example_dags/example_task_group.py
[2024-10-10T13:27:05.802+0700] {logging_mixin.py:149} INFO - [2024-10-10T13:27:05.801+0700] {dag.py:2726} INFO - Sync 1 DAGs
[2024-10-10T13:27:05.871+0700] {logging_mixin.py:149} INFO - [2024-10-10T13:27:05.870+0700] {dag.py:3486} INFO - Setting next_dagrun for example_task_group to 2024-10-09T06:27:05.870381+00:00, run_after=2024-10-10T06:27:05.870381+00:00
[2024-10-10T13:27:06.027+0700] {processor.py:179} INFO - Processing /home/hasyidan/venv/lib/python3.8/site-packages/airflow/example_dags/example_task_group.py took 0.368 seconds
