[2024-10-10T11:43:39.926+0700] {processor.py:157} INFO - Started process (PID=2773) to work on /home/hasyidan/venv/lib/python3.8/site-packages/airflow/example_dags/example_kubernetes_executor.py
[2024-10-10T11:43:39.928+0700] {processor.py:826} INFO - Processing file /home/hasyidan/venv/lib/python3.8/site-packages/airflow/example_dags/example_kubernetes_executor.py for tasks to queue
[2024-10-10T11:43:39.929+0700] {logging_mixin.py:149} INFO - [2024-10-10T11:43:39.929+0700] {dagbag.py:541} INFO - Filling up the DagBag from /home/hasyidan/venv/lib/python3.8/site-packages/airflow/example_dags/example_kubernetes_executor.py
[2024-10-10T11:43:40.097+0700] {logging_mixin.py:149} INFO - [2024-10-10T11:43:40.097+0700] {example_kubernetes_executor.py:41} WARNING - The example_kubernetes_executor example DAG requires the kubernetes provider. Please install it with: pip install apache-airflow[cncf.kubernetes]
[2024-10-10T11:43:40.098+0700] {processor.py:838} WARNING - No viable dags retrieved from /home/hasyidan/venv/lib/python3.8/site-packages/airflow/example_dags/example_kubernetes_executor.py
[2024-10-10T11:43:40.456+0700] {processor.py:179} INFO - Processing /home/hasyidan/venv/lib/python3.8/site-packages/airflow/example_dags/example_kubernetes_executor.py took 0.537 seconds
[2024-10-10T11:48:45.203+0700] {processor.py:157} INFO - Started process (PID=2914) to work on /home/hasyidan/venv/lib/python3.8/site-packages/airflow/example_dags/example_kubernetes_executor.py
[2024-10-10T11:48:45.225+0700] {processor.py:826} INFO - Processing file /home/hasyidan/venv/lib/python3.8/site-packages/airflow/example_dags/example_kubernetes_executor.py for tasks to queue
[2024-10-10T11:48:45.228+0700] {logging_mixin.py:149} INFO - [2024-10-10T11:48:45.227+0700] {dagbag.py:541} INFO - Filling up the DagBag from /home/hasyidan/venv/lib/python3.8/site-packages/airflow/example_dags/example_kubernetes_executor.py
[2024-10-10T11:48:45.273+0700] {logging_mixin.py:149} INFO - [2024-10-10T11:48:45.272+0700] {example_kubernetes_executor.py:41} WARNING - The example_kubernetes_executor example DAG requires the kubernetes provider. Please install it with: pip install apache-airflow[cncf.kubernetes]
[2024-10-10T11:48:45.273+0700] {processor.py:838} WARNING - No viable dags retrieved from /home/hasyidan/venv/lib/python3.8/site-packages/airflow/example_dags/example_kubernetes_executor.py
[2024-10-10T11:48:45.296+0700] {processor.py:179} INFO - Processing /home/hasyidan/venv/lib/python3.8/site-packages/airflow/example_dags/example_kubernetes_executor.py took 0.099 seconds
[2024-10-10T11:51:57.248+0700] {processor.py:157} INFO - Started process (PID=3176) to work on /home/hasyidan/venv/lib/python3.8/site-packages/airflow/example_dags/example_kubernetes_executor.py
[2024-10-10T11:51:57.331+0700] {processor.py:826} INFO - Processing file /home/hasyidan/venv/lib/python3.8/site-packages/airflow/example_dags/example_kubernetes_executor.py for tasks to queue
[2024-10-10T11:51:57.334+0700] {logging_mixin.py:149} INFO - [2024-10-10T11:51:57.333+0700] {dagbag.py:541} INFO - Filling up the DagBag from /home/hasyidan/venv/lib/python3.8/site-packages/airflow/example_dags/example_kubernetes_executor.py
[2024-10-10T11:51:57.368+0700] {logging_mixin.py:149} INFO - [2024-10-10T11:51:57.368+0700] {example_kubernetes_executor.py:41} WARNING - The example_kubernetes_executor example DAG requires the kubernetes provider. Please install it with: pip install apache-airflow[cncf.kubernetes]
[2024-10-10T11:51:57.369+0700] {processor.py:838} WARNING - No viable dags retrieved from /home/hasyidan/venv/lib/python3.8/site-packages/airflow/example_dags/example_kubernetes_executor.py
[2024-10-10T11:51:57.417+0700] {processor.py:179} INFO - Processing /home/hasyidan/venv/lib/python3.8/site-packages/airflow/example_dags/example_kubernetes_executor.py took 0.208 seconds
[2024-10-10T11:53:29.862+0700] {processor.py:157} INFO - Started process (PID=3348) to work on /home/hasyidan/venv/lib/python3.8/site-packages/airflow/example_dags/example_kubernetes_executor.py
[2024-10-10T11:53:29.882+0700] {processor.py:826} INFO - Processing file /home/hasyidan/venv/lib/python3.8/site-packages/airflow/example_dags/example_kubernetes_executor.py for tasks to queue
[2024-10-10T11:53:29.884+0700] {logging_mixin.py:149} INFO - [2024-10-10T11:53:29.883+0700] {dagbag.py:541} INFO - Filling up the DagBag from /home/hasyidan/venv/lib/python3.8/site-packages/airflow/example_dags/example_kubernetes_executor.py
[2024-10-10T11:53:29.888+0700] {logging_mixin.py:149} INFO - [2024-10-10T11:53:29.888+0700] {example_kubernetes_executor.py:41} WARNING - The example_kubernetes_executor example DAG requires the kubernetes provider. Please install it with: pip install apache-airflow[cncf.kubernetes]
[2024-10-10T11:53:29.889+0700] {processor.py:838} WARNING - No viable dags retrieved from /home/hasyidan/venv/lib/python3.8/site-packages/airflow/example_dags/example_kubernetes_executor.py
[2024-10-10T11:53:29.908+0700] {processor.py:179} INFO - Processing /home/hasyidan/venv/lib/python3.8/site-packages/airflow/example_dags/example_kubernetes_executor.py took 0.053 seconds
[2024-10-10T11:54:27.882+0700] {processor.py:157} INFO - Started process (PID=3410) to work on /home/hasyidan/venv/lib/python3.8/site-packages/airflow/example_dags/example_kubernetes_executor.py
[2024-10-10T11:54:27.917+0700] {processor.py:826} INFO - Processing file /home/hasyidan/venv/lib/python3.8/site-packages/airflow/example_dags/example_kubernetes_executor.py for tasks to queue
[2024-10-10T11:54:27.920+0700] {logging_mixin.py:149} INFO - [2024-10-10T11:54:27.919+0700] {dagbag.py:541} INFO - Filling up the DagBag from /home/hasyidan/venv/lib/python3.8/site-packages/airflow/example_dags/example_kubernetes_executor.py
[2024-10-10T11:54:27.928+0700] {logging_mixin.py:149} INFO - [2024-10-10T11:54:27.927+0700] {example_kubernetes_executor.py:41} WARNING - The example_kubernetes_executor example DAG requires the kubernetes provider. Please install it with: pip install apache-airflow[cncf.kubernetes]
[2024-10-10T11:54:27.928+0700] {processor.py:838} WARNING - No viable dags retrieved from /home/hasyidan/venv/lib/python3.8/site-packages/airflow/example_dags/example_kubernetes_executor.py
[2024-10-10T11:54:27.949+0700] {processor.py:179} INFO - Processing /home/hasyidan/venv/lib/python3.8/site-packages/airflow/example_dags/example_kubernetes_executor.py took 0.073 seconds
[2024-10-10T11:55:33.058+0700] {processor.py:157} INFO - Started process (PID=3490) to work on /home/hasyidan/venv/lib/python3.8/site-packages/airflow/example_dags/example_kubernetes_executor.py
[2024-10-10T11:55:33.086+0700] {processor.py:826} INFO - Processing file /home/hasyidan/venv/lib/python3.8/site-packages/airflow/example_dags/example_kubernetes_executor.py for tasks to queue
[2024-10-10T11:55:33.088+0700] {logging_mixin.py:149} INFO - [2024-10-10T11:55:33.088+0700] {dagbag.py:541} INFO - Filling up the DagBag from /home/hasyidan/venv/lib/python3.8/site-packages/airflow/example_dags/example_kubernetes_executor.py
[2024-10-10T11:55:33.095+0700] {logging_mixin.py:149} INFO - [2024-10-10T11:55:33.094+0700] {example_kubernetes_executor.py:41} WARNING - The example_kubernetes_executor example DAG requires the kubernetes provider. Please install it with: pip install apache-airflow[cncf.kubernetes]
[2024-10-10T11:55:33.095+0700] {processor.py:838} WARNING - No viable dags retrieved from /home/hasyidan/venv/lib/python3.8/site-packages/airflow/example_dags/example_kubernetes_executor.py
[2024-10-10T11:55:33.118+0700] {processor.py:179} INFO - Processing /home/hasyidan/venv/lib/python3.8/site-packages/airflow/example_dags/example_kubernetes_executor.py took 0.066 seconds
[2024-10-10T11:56:32.669+0700] {processor.py:157} INFO - Started process (PID=3556) to work on /home/hasyidan/venv/lib/python3.8/site-packages/airflow/example_dags/example_kubernetes_executor.py
[2024-10-10T11:56:32.684+0700] {processor.py:826} INFO - Processing file /home/hasyidan/venv/lib/python3.8/site-packages/airflow/example_dags/example_kubernetes_executor.py for tasks to queue
[2024-10-10T11:56:32.687+0700] {logging_mixin.py:149} INFO - [2024-10-10T11:56:32.686+0700] {dagbag.py:541} INFO - Filling up the DagBag from /home/hasyidan/venv/lib/python3.8/site-packages/airflow/example_dags/example_kubernetes_executor.py
[2024-10-10T11:56:32.694+0700] {logging_mixin.py:149} INFO - [2024-10-10T11:56:32.694+0700] {example_kubernetes_executor.py:41} WARNING - The example_kubernetes_executor example DAG requires the kubernetes provider. Please install it with: pip install apache-airflow[cncf.kubernetes]
[2024-10-10T11:56:32.695+0700] {processor.py:838} WARNING - No viable dags retrieved from /home/hasyidan/venv/lib/python3.8/site-packages/airflow/example_dags/example_kubernetes_executor.py
[2024-10-10T11:56:32.715+0700] {processor.py:179} INFO - Processing /home/hasyidan/venv/lib/python3.8/site-packages/airflow/example_dags/example_kubernetes_executor.py took 0.051 seconds
[2024-10-10T11:57:31.113+0700] {processor.py:157} INFO - Started process (PID=3619) to work on /home/hasyidan/venv/lib/python3.8/site-packages/airflow/example_dags/example_kubernetes_executor.py
[2024-10-10T11:57:31.152+0700] {processor.py:826} INFO - Processing file /home/hasyidan/venv/lib/python3.8/site-packages/airflow/example_dags/example_kubernetes_executor.py for tasks to queue
[2024-10-10T11:57:31.154+0700] {logging_mixin.py:149} INFO - [2024-10-10T11:57:31.153+0700] {dagbag.py:541} INFO - Filling up the DagBag from /home/hasyidan/venv/lib/python3.8/site-packages/airflow/example_dags/example_kubernetes_executor.py
[2024-10-10T11:57:31.162+0700] {logging_mixin.py:149} INFO - [2024-10-10T11:57:31.161+0700] {example_kubernetes_executor.py:41} WARNING - The example_kubernetes_executor example DAG requires the kubernetes provider. Please install it with: pip install apache-airflow[cncf.kubernetes]
[2024-10-10T11:57:31.163+0700] {processor.py:838} WARNING - No viable dags retrieved from /home/hasyidan/venv/lib/python3.8/site-packages/airflow/example_dags/example_kubernetes_executor.py
[2024-10-10T11:57:31.184+0700] {processor.py:179} INFO - Processing /home/hasyidan/venv/lib/python3.8/site-packages/airflow/example_dags/example_kubernetes_executor.py took 0.078 seconds
[2024-10-10T11:58:32.768+0700] {processor.py:157} INFO - Started process (PID=3693) to work on /home/hasyidan/venv/lib/python3.8/site-packages/airflow/example_dags/example_kubernetes_executor.py
[2024-10-10T11:58:32.794+0700] {processor.py:826} INFO - Processing file /home/hasyidan/venv/lib/python3.8/site-packages/airflow/example_dags/example_kubernetes_executor.py for tasks to queue
[2024-10-10T11:58:32.796+0700] {logging_mixin.py:149} INFO - [2024-10-10T11:58:32.795+0700] {dagbag.py:541} INFO - Filling up the DagBag from /home/hasyidan/venv/lib/python3.8/site-packages/airflow/example_dags/example_kubernetes_executor.py
[2024-10-10T11:58:32.803+0700] {logging_mixin.py:149} INFO - [2024-10-10T11:58:32.803+0700] {example_kubernetes_executor.py:41} WARNING - The example_kubernetes_executor example DAG requires the kubernetes provider. Please install it with: pip install apache-airflow[cncf.kubernetes]
[2024-10-10T11:58:32.804+0700] {processor.py:838} WARNING - No viable dags retrieved from /home/hasyidan/venv/lib/python3.8/site-packages/airflow/example_dags/example_kubernetes_executor.py
[2024-10-10T11:58:32.825+0700] {processor.py:179} INFO - Processing /home/hasyidan/venv/lib/python3.8/site-packages/airflow/example_dags/example_kubernetes_executor.py took 0.064 seconds
[2024-10-10T11:59:41.720+0700] {processor.py:157} INFO - Started process (PID=3768) to work on /home/hasyidan/venv/lib/python3.8/site-packages/airflow/example_dags/example_kubernetes_executor.py
[2024-10-10T11:59:41.738+0700] {processor.py:826} INFO - Processing file /home/hasyidan/venv/lib/python3.8/site-packages/airflow/example_dags/example_kubernetes_executor.py for tasks to queue
[2024-10-10T11:59:41.741+0700] {logging_mixin.py:149} INFO - [2024-10-10T11:59:41.740+0700] {dagbag.py:541} INFO - Filling up the DagBag from /home/hasyidan/venv/lib/python3.8/site-packages/airflow/example_dags/example_kubernetes_executor.py
[2024-10-10T11:59:41.748+0700] {logging_mixin.py:149} INFO - [2024-10-10T11:59:41.748+0700] {example_kubernetes_executor.py:41} WARNING - The example_kubernetes_executor example DAG requires the kubernetes provider. Please install it with: pip install apache-airflow[cncf.kubernetes]
[2024-10-10T11:59:41.749+0700] {processor.py:838} WARNING - No viable dags retrieved from /home/hasyidan/venv/lib/python3.8/site-packages/airflow/example_dags/example_kubernetes_executor.py
[2024-10-10T11:59:41.770+0700] {processor.py:179} INFO - Processing /home/hasyidan/venv/lib/python3.8/site-packages/airflow/example_dags/example_kubernetes_executor.py took 0.055 seconds
[2024-10-10T12:00:39.357+0700] {processor.py:157} INFO - Started process (PID=3829) to work on /home/hasyidan/venv/lib/python3.8/site-packages/airflow/example_dags/example_kubernetes_executor.py
[2024-10-10T12:00:39.378+0700] {processor.py:826} INFO - Processing file /home/hasyidan/venv/lib/python3.8/site-packages/airflow/example_dags/example_kubernetes_executor.py for tasks to queue
[2024-10-10T12:00:39.381+0700] {logging_mixin.py:149} INFO - [2024-10-10T12:00:39.380+0700] {dagbag.py:541} INFO - Filling up the DagBag from /home/hasyidan/venv/lib/python3.8/site-packages/airflow/example_dags/example_kubernetes_executor.py
[2024-10-10T12:00:39.388+0700] {logging_mixin.py:149} INFO - [2024-10-10T12:00:39.388+0700] {example_kubernetes_executor.py:41} WARNING - The example_kubernetes_executor example DAG requires the kubernetes provider. Please install it with: pip install apache-airflow[cncf.kubernetes]
[2024-10-10T12:00:39.389+0700] {processor.py:838} WARNING - No viable dags retrieved from /home/hasyidan/venv/lib/python3.8/site-packages/airflow/example_dags/example_kubernetes_executor.py
[2024-10-10T12:00:39.408+0700] {processor.py:179} INFO - Processing /home/hasyidan/venv/lib/python3.8/site-packages/airflow/example_dags/example_kubernetes_executor.py took 0.056 seconds
[2024-10-10T12:01:56.256+0700] {processor.py:157} INFO - Started process (PID=3910) to work on /home/hasyidan/venv/lib/python3.8/site-packages/airflow/example_dags/example_kubernetes_executor.py
[2024-10-10T12:01:56.281+0700] {processor.py:826} INFO - Processing file /home/hasyidan/venv/lib/python3.8/site-packages/airflow/example_dags/example_kubernetes_executor.py for tasks to queue
[2024-10-10T12:01:56.283+0700] {logging_mixin.py:149} INFO - [2024-10-10T12:01:56.282+0700] {dagbag.py:541} INFO - Filling up the DagBag from /home/hasyidan/venv/lib/python3.8/site-packages/airflow/example_dags/example_kubernetes_executor.py
[2024-10-10T12:01:56.288+0700] {logging_mixin.py:149} INFO - [2024-10-10T12:01:56.288+0700] {example_kubernetes_executor.py:41} WARNING - The example_kubernetes_executor example DAG requires the kubernetes provider. Please install it with: pip install apache-airflow[cncf.kubernetes]
[2024-10-10T12:01:56.289+0700] {processor.py:838} WARNING - No viable dags retrieved from /home/hasyidan/venv/lib/python3.8/site-packages/airflow/example_dags/example_kubernetes_executor.py
[2024-10-10T12:01:56.310+0700] {processor.py:179} INFO - Processing /home/hasyidan/venv/lib/python3.8/site-packages/airflow/example_dags/example_kubernetes_executor.py took 0.059 seconds
[2024-10-10T12:03:10.878+0700] {processor.py:157} INFO - Started process (PID=3994) to work on /home/hasyidan/venv/lib/python3.8/site-packages/airflow/example_dags/example_kubernetes_executor.py
[2024-10-10T12:03:10.896+0700] {processor.py:826} INFO - Processing file /home/hasyidan/venv/lib/python3.8/site-packages/airflow/example_dags/example_kubernetes_executor.py for tasks to queue
[2024-10-10T12:03:10.899+0700] {logging_mixin.py:149} INFO - [2024-10-10T12:03:10.899+0700] {dagbag.py:541} INFO - Filling up the DagBag from /home/hasyidan/venv/lib/python3.8/site-packages/airflow/example_dags/example_kubernetes_executor.py
[2024-10-10T12:03:10.907+0700] {logging_mixin.py:149} INFO - [2024-10-10T12:03:10.907+0700] {example_kubernetes_executor.py:41} WARNING - The example_kubernetes_executor example DAG requires the kubernetes provider. Please install it with: pip install apache-airflow[cncf.kubernetes]
[2024-10-10T12:03:10.908+0700] {processor.py:838} WARNING - No viable dags retrieved from /home/hasyidan/venv/lib/python3.8/site-packages/airflow/example_dags/example_kubernetes_executor.py
[2024-10-10T12:03:10.928+0700] {processor.py:179} INFO - Processing /home/hasyidan/venv/lib/python3.8/site-packages/airflow/example_dags/example_kubernetes_executor.py took 0.056 seconds
[2024-10-10T12:04:06.473+0700] {processor.py:157} INFO - Started process (PID=4055) to work on /home/hasyidan/venv/lib/python3.8/site-packages/airflow/example_dags/example_kubernetes_executor.py
[2024-10-10T12:04:06.490+0700] {processor.py:826} INFO - Processing file /home/hasyidan/venv/lib/python3.8/site-packages/airflow/example_dags/example_kubernetes_executor.py for tasks to queue
[2024-10-10T12:04:06.493+0700] {logging_mixin.py:149} INFO - [2024-10-10T12:04:06.492+0700] {dagbag.py:541} INFO - Filling up the DagBag from /home/hasyidan/venv/lib/python3.8/site-packages/airflow/example_dags/example_kubernetes_executor.py
[2024-10-10T12:04:06.500+0700] {logging_mixin.py:149} INFO - [2024-10-10T12:04:06.499+0700] {example_kubernetes_executor.py:41} WARNING - The example_kubernetes_executor example DAG requires the kubernetes provider. Please install it with: pip install apache-airflow[cncf.kubernetes]
[2024-10-10T12:04:06.500+0700] {processor.py:838} WARNING - No viable dags retrieved from /home/hasyidan/venv/lib/python3.8/site-packages/airflow/example_dags/example_kubernetes_executor.py
[2024-10-10T12:04:06.522+0700] {processor.py:179} INFO - Processing /home/hasyidan/venv/lib/python3.8/site-packages/airflow/example_dags/example_kubernetes_executor.py took 0.055 seconds
[2024-10-10T12:05:27.000+0700] {processor.py:157} INFO - Started process (PID=4197) to work on /home/hasyidan/venv/lib/python3.8/site-packages/airflow/example_dags/example_kubernetes_executor.py
[2024-10-10T12:05:27.023+0700] {processor.py:826} INFO - Processing file /home/hasyidan/venv/lib/python3.8/site-packages/airflow/example_dags/example_kubernetes_executor.py for tasks to queue
[2024-10-10T12:05:27.025+0700] {logging_mixin.py:149} INFO - [2024-10-10T12:05:27.025+0700] {dagbag.py:541} INFO - Filling up the DagBag from /home/hasyidan/venv/lib/python3.8/site-packages/airflow/example_dags/example_kubernetes_executor.py
[2024-10-10T12:05:27.031+0700] {logging_mixin.py:149} INFO - [2024-10-10T12:05:27.031+0700] {example_kubernetes_executor.py:41} WARNING - The example_kubernetes_executor example DAG requires the kubernetes provider. Please install it with: pip install apache-airflow[cncf.kubernetes]
[2024-10-10T12:05:27.032+0700] {processor.py:838} WARNING - No viable dags retrieved from /home/hasyidan/venv/lib/python3.8/site-packages/airflow/example_dags/example_kubernetes_executor.py
[2024-10-10T12:05:27.052+0700] {processor.py:179} INFO - Processing /home/hasyidan/venv/lib/python3.8/site-packages/airflow/example_dags/example_kubernetes_executor.py took 0.059 seconds
[2024-10-10T12:06:22.073+0700] {processor.py:157} INFO - Started process (PID=4258) to work on /home/hasyidan/venv/lib/python3.8/site-packages/airflow/example_dags/example_kubernetes_executor.py
[2024-10-10T12:06:22.113+0700] {processor.py:826} INFO - Processing file /home/hasyidan/venv/lib/python3.8/site-packages/airflow/example_dags/example_kubernetes_executor.py for tasks to queue
[2024-10-10T12:06:22.116+0700] {logging_mixin.py:149} INFO - [2024-10-10T12:06:22.115+0700] {dagbag.py:541} INFO - Filling up the DagBag from /home/hasyidan/venv/lib/python3.8/site-packages/airflow/example_dags/example_kubernetes_executor.py
[2024-10-10T12:06:22.123+0700] {logging_mixin.py:149} INFO - [2024-10-10T12:06:22.123+0700] {example_kubernetes_executor.py:41} WARNING - The example_kubernetes_executor example DAG requires the kubernetes provider. Please install it with: pip install apache-airflow[cncf.kubernetes]
[2024-10-10T12:06:22.124+0700] {processor.py:838} WARNING - No viable dags retrieved from /home/hasyidan/venv/lib/python3.8/site-packages/airflow/example_dags/example_kubernetes_executor.py
[2024-10-10T12:06:22.144+0700] {processor.py:179} INFO - Processing /home/hasyidan/venv/lib/python3.8/site-packages/airflow/example_dags/example_kubernetes_executor.py took 0.076 seconds
[2024-10-10T12:07:44.394+0700] {processor.py:157} INFO - Started process (PID=4346) to work on /home/hasyidan/venv/lib/python3.8/site-packages/airflow/example_dags/example_kubernetes_executor.py
[2024-10-10T12:07:44.415+0700] {processor.py:826} INFO - Processing file /home/hasyidan/venv/lib/python3.8/site-packages/airflow/example_dags/example_kubernetes_executor.py for tasks to queue
[2024-10-10T12:07:44.418+0700] {logging_mixin.py:149} INFO - [2024-10-10T12:07:44.417+0700] {dagbag.py:541} INFO - Filling up the DagBag from /home/hasyidan/venv/lib/python3.8/site-packages/airflow/example_dags/example_kubernetes_executor.py
[2024-10-10T12:07:44.425+0700] {logging_mixin.py:149} INFO - [2024-10-10T12:07:44.425+0700] {example_kubernetes_executor.py:41} WARNING - The example_kubernetes_executor example DAG requires the kubernetes provider. Please install it with: pip install apache-airflow[cncf.kubernetes]
[2024-10-10T12:07:44.426+0700] {processor.py:838} WARNING - No viable dags retrieved from /home/hasyidan/venv/lib/python3.8/site-packages/airflow/example_dags/example_kubernetes_executor.py
[2024-10-10T12:07:44.446+0700] {processor.py:179} INFO - Processing /home/hasyidan/venv/lib/python3.8/site-packages/airflow/example_dags/example_kubernetes_executor.py took 0.058 seconds
[2024-10-10T12:08:42.049+0700] {processor.py:157} INFO - Started process (PID=4412) to work on /home/hasyidan/venv/lib/python3.8/site-packages/airflow/example_dags/example_kubernetes_executor.py
[2024-10-10T12:08:42.072+0700] {processor.py:826} INFO - Processing file /home/hasyidan/venv/lib/python3.8/site-packages/airflow/example_dags/example_kubernetes_executor.py for tasks to queue
[2024-10-10T12:08:42.074+0700] {logging_mixin.py:149} INFO - [2024-10-10T12:08:42.073+0700] {dagbag.py:541} INFO - Filling up the DagBag from /home/hasyidan/venv/lib/python3.8/site-packages/airflow/example_dags/example_kubernetes_executor.py
[2024-10-10T12:08:42.080+0700] {logging_mixin.py:149} INFO - [2024-10-10T12:08:42.080+0700] {example_kubernetes_executor.py:41} WARNING - The example_kubernetes_executor example DAG requires the kubernetes provider. Please install it with: pip install apache-airflow[cncf.kubernetes]
[2024-10-10T12:08:42.081+0700] {processor.py:838} WARNING - No viable dags retrieved from /home/hasyidan/venv/lib/python3.8/site-packages/airflow/example_dags/example_kubernetes_executor.py
[2024-10-10T12:08:42.100+0700] {processor.py:179} INFO - Processing /home/hasyidan/venv/lib/python3.8/site-packages/airflow/example_dags/example_kubernetes_executor.py took 0.057 seconds
[2024-10-10T12:09:36.616+0700] {processor.py:157} INFO - Started process (PID=4470) to work on /home/hasyidan/venv/lib/python3.8/site-packages/airflow/example_dags/example_kubernetes_executor.py
[2024-10-10T12:09:36.627+0700] {processor.py:826} INFO - Processing file /home/hasyidan/venv/lib/python3.8/site-packages/airflow/example_dags/example_kubernetes_executor.py for tasks to queue
[2024-10-10T12:09:36.629+0700] {logging_mixin.py:149} INFO - [2024-10-10T12:09:36.629+0700] {dagbag.py:541} INFO - Filling up the DagBag from /home/hasyidan/venv/lib/python3.8/site-packages/airflow/example_dags/example_kubernetes_executor.py
[2024-10-10T12:09:36.635+0700] {logging_mixin.py:149} INFO - [2024-10-10T12:09:36.635+0700] {example_kubernetes_executor.py:41} WARNING - The example_kubernetes_executor example DAG requires the kubernetes provider. Please install it with: pip install apache-airflow[cncf.kubernetes]
[2024-10-10T12:09:36.636+0700] {processor.py:838} WARNING - No viable dags retrieved from /home/hasyidan/venv/lib/python3.8/site-packages/airflow/example_dags/example_kubernetes_executor.py
[2024-10-10T12:09:36.656+0700] {processor.py:179} INFO - Processing /home/hasyidan/venv/lib/python3.8/site-packages/airflow/example_dags/example_kubernetes_executor.py took 0.046 seconds
[2024-10-10T12:10:52.219+0700] {processor.py:157} INFO - Started process (PID=4559) to work on /home/hasyidan/venv/lib/python3.8/site-packages/airflow/example_dags/example_kubernetes_executor.py
[2024-10-10T12:10:52.253+0700] {processor.py:826} INFO - Processing file /home/hasyidan/venv/lib/python3.8/site-packages/airflow/example_dags/example_kubernetes_executor.py for tasks to queue
[2024-10-10T12:10:52.255+0700] {logging_mixin.py:149} INFO - [2024-10-10T12:10:52.255+0700] {dagbag.py:541} INFO - Filling up the DagBag from /home/hasyidan/venv/lib/python3.8/site-packages/airflow/example_dags/example_kubernetes_executor.py
[2024-10-10T12:10:52.263+0700] {logging_mixin.py:149} INFO - [2024-10-10T12:10:52.262+0700] {example_kubernetes_executor.py:41} WARNING - The example_kubernetes_executor example DAG requires the kubernetes provider. Please install it with: pip install apache-airflow[cncf.kubernetes]
[2024-10-10T12:10:52.263+0700] {processor.py:838} WARNING - No viable dags retrieved from /home/hasyidan/venv/lib/python3.8/site-packages/airflow/example_dags/example_kubernetes_executor.py
[2024-10-10T12:10:52.340+0700] {processor.py:179} INFO - Processing /home/hasyidan/venv/lib/python3.8/site-packages/airflow/example_dags/example_kubernetes_executor.py took 0.127 seconds
[2024-10-10T12:11:48.721+0700] {processor.py:157} INFO - Started process (PID=4627) to work on /home/hasyidan/venv/lib/python3.8/site-packages/airflow/example_dags/example_kubernetes_executor.py
[2024-10-10T12:11:48.736+0700] {processor.py:826} INFO - Processing file /home/hasyidan/venv/lib/python3.8/site-packages/airflow/example_dags/example_kubernetes_executor.py for tasks to queue
[2024-10-10T12:11:48.739+0700] {logging_mixin.py:149} INFO - [2024-10-10T12:11:48.739+0700] {dagbag.py:541} INFO - Filling up the DagBag from /home/hasyidan/venv/lib/python3.8/site-packages/airflow/example_dags/example_kubernetes_executor.py
[2024-10-10T12:11:48.748+0700] {logging_mixin.py:149} INFO - [2024-10-10T12:11:48.747+0700] {example_kubernetes_executor.py:41} WARNING - The example_kubernetes_executor example DAG requires the kubernetes provider. Please install it with: pip install apache-airflow[cncf.kubernetes]
[2024-10-10T12:11:48.749+0700] {processor.py:838} WARNING - No viable dags retrieved from /home/hasyidan/venv/lib/python3.8/site-packages/airflow/example_dags/example_kubernetes_executor.py
[2024-10-10T12:11:48.769+0700] {processor.py:179} INFO - Processing /home/hasyidan/venv/lib/python3.8/site-packages/airflow/example_dags/example_kubernetes_executor.py took 0.055 seconds
[2024-10-10T12:12:43.573+0700] {processor.py:157} INFO - Started process (PID=4688) to work on /home/hasyidan/venv/lib/python3.8/site-packages/airflow/example_dags/example_kubernetes_executor.py
[2024-10-10T12:12:43.596+0700] {processor.py:826} INFO - Processing file /home/hasyidan/venv/lib/python3.8/site-packages/airflow/example_dags/example_kubernetes_executor.py for tasks to queue
[2024-10-10T12:12:43.599+0700] {logging_mixin.py:149} INFO - [2024-10-10T12:12:43.598+0700] {dagbag.py:541} INFO - Filling up the DagBag from /home/hasyidan/venv/lib/python3.8/site-packages/airflow/example_dags/example_kubernetes_executor.py
[2024-10-10T12:12:43.607+0700] {logging_mixin.py:149} INFO - [2024-10-10T12:12:43.607+0700] {example_kubernetes_executor.py:41} WARNING - The example_kubernetes_executor example DAG requires the kubernetes provider. Please install it with: pip install apache-airflow[cncf.kubernetes]
[2024-10-10T12:12:43.608+0700] {processor.py:838} WARNING - No viable dags retrieved from /home/hasyidan/venv/lib/python3.8/site-packages/airflow/example_dags/example_kubernetes_executor.py
[2024-10-10T12:12:43.627+0700] {processor.py:179} INFO - Processing /home/hasyidan/venv/lib/python3.8/site-packages/airflow/example_dags/example_kubernetes_executor.py took 0.060 seconds
[2024-10-10T12:13:57.491+0700] {processor.py:157} INFO - Started process (PID=4773) to work on /home/hasyidan/venv/lib/python3.8/site-packages/airflow/example_dags/example_kubernetes_executor.py
[2024-10-10T12:13:57.520+0700] {processor.py:826} INFO - Processing file /home/hasyidan/venv/lib/python3.8/site-packages/airflow/example_dags/example_kubernetes_executor.py for tasks to queue
[2024-10-10T12:13:57.523+0700] {logging_mixin.py:149} INFO - [2024-10-10T12:13:57.522+0700] {dagbag.py:541} INFO - Filling up the DagBag from /home/hasyidan/venv/lib/python3.8/site-packages/airflow/example_dags/example_kubernetes_executor.py
[2024-10-10T12:13:57.531+0700] {logging_mixin.py:149} INFO - [2024-10-10T12:13:57.531+0700] {example_kubernetes_executor.py:41} WARNING - The example_kubernetes_executor example DAG requires the kubernetes provider. Please install it with: pip install apache-airflow[cncf.kubernetes]
[2024-10-10T12:13:57.532+0700] {processor.py:838} WARNING - No viable dags retrieved from /home/hasyidan/venv/lib/python3.8/site-packages/airflow/example_dags/example_kubernetes_executor.py
[2024-10-10T12:13:57.550+0700] {processor.py:179} INFO - Processing /home/hasyidan/venv/lib/python3.8/site-packages/airflow/example_dags/example_kubernetes_executor.py took 0.066 seconds
[2024-10-10T12:15:14.341+0700] {processor.py:157} INFO - Started process (PID=4864) to work on /home/hasyidan/venv/lib/python3.8/site-packages/airflow/example_dags/example_kubernetes_executor.py
[2024-10-10T12:15:14.343+0700] {processor.py:826} INFO - Processing file /home/hasyidan/venv/lib/python3.8/site-packages/airflow/example_dags/example_kubernetes_executor.py for tasks to queue
[2024-10-10T12:15:14.344+0700] {logging_mixin.py:149} INFO - [2024-10-10T12:15:14.344+0700] {dagbag.py:541} INFO - Filling up the DagBag from /home/hasyidan/venv/lib/python3.8/site-packages/airflow/example_dags/example_kubernetes_executor.py
[2024-10-10T12:15:14.349+0700] {logging_mixin.py:149} INFO - [2024-10-10T12:15:14.349+0700] {example_kubernetes_executor.py:41} WARNING - The example_kubernetes_executor example DAG requires the kubernetes provider. Please install it with: pip install apache-airflow[cncf.kubernetes]
[2024-10-10T12:15:14.350+0700] {processor.py:838} WARNING - No viable dags retrieved from /home/hasyidan/venv/lib/python3.8/site-packages/airflow/example_dags/example_kubernetes_executor.py
[2024-10-10T12:15:14.370+0700] {processor.py:179} INFO - Processing /home/hasyidan/venv/lib/python3.8/site-packages/airflow/example_dags/example_kubernetes_executor.py took 0.035 seconds
[2024-10-10T12:16:32.222+0700] {processor.py:157} INFO - Started process (PID=4950) to work on /home/hasyidan/venv/lib/python3.8/site-packages/airflow/example_dags/example_kubernetes_executor.py
[2024-10-10T12:16:32.280+0700] {processor.py:826} INFO - Processing file /home/hasyidan/venv/lib/python3.8/site-packages/airflow/example_dags/example_kubernetes_executor.py for tasks to queue
[2024-10-10T12:16:32.283+0700] {logging_mixin.py:149} INFO - [2024-10-10T12:16:32.282+0700] {dagbag.py:541} INFO - Filling up the DagBag from /home/hasyidan/venv/lib/python3.8/site-packages/airflow/example_dags/example_kubernetes_executor.py
[2024-10-10T12:16:32.291+0700] {logging_mixin.py:149} INFO - [2024-10-10T12:16:32.291+0700] {example_kubernetes_executor.py:41} WARNING - The example_kubernetes_executor example DAG requires the kubernetes provider. Please install it with: pip install apache-airflow[cncf.kubernetes]
[2024-10-10T12:16:32.292+0700] {processor.py:838} WARNING - No viable dags retrieved from /home/hasyidan/venv/lib/python3.8/site-packages/airflow/example_dags/example_kubernetes_executor.py
[2024-10-10T12:16:32.312+0700] {processor.py:179} INFO - Processing /home/hasyidan/venv/lib/python3.8/site-packages/airflow/example_dags/example_kubernetes_executor.py took 0.096 seconds
[2024-10-10T12:17:28.688+0700] {processor.py:157} INFO - Started process (PID=5018) to work on /home/hasyidan/venv/lib/python3.8/site-packages/airflow/example_dags/example_kubernetes_executor.py
[2024-10-10T12:17:28.730+0700] {processor.py:826} INFO - Processing file /home/hasyidan/venv/lib/python3.8/site-packages/airflow/example_dags/example_kubernetes_executor.py for tasks to queue
[2024-10-10T12:17:28.733+0700] {logging_mixin.py:149} INFO - [2024-10-10T12:17:28.732+0700] {dagbag.py:541} INFO - Filling up the DagBag from /home/hasyidan/venv/lib/python3.8/site-packages/airflow/example_dags/example_kubernetes_executor.py
[2024-10-10T12:17:28.740+0700] {logging_mixin.py:149} INFO - [2024-10-10T12:17:28.739+0700] {example_kubernetes_executor.py:41} WARNING - The example_kubernetes_executor example DAG requires the kubernetes provider. Please install it with: pip install apache-airflow[cncf.kubernetes]
[2024-10-10T12:17:28.740+0700] {processor.py:838} WARNING - No viable dags retrieved from /home/hasyidan/venv/lib/python3.8/site-packages/airflow/example_dags/example_kubernetes_executor.py
[2024-10-10T12:17:28.759+0700] {processor.py:179} INFO - Processing /home/hasyidan/venv/lib/python3.8/site-packages/airflow/example_dags/example_kubernetes_executor.py took 0.077 seconds
[2024-10-10T12:18:22.261+0700] {processor.py:157} INFO - Started process (PID=5086) to work on /home/hasyidan/venv/lib/python3.8/site-packages/airflow/example_dags/example_kubernetes_executor.py
[2024-10-10T12:18:22.276+0700] {processor.py:826} INFO - Processing file /home/hasyidan/venv/lib/python3.8/site-packages/airflow/example_dags/example_kubernetes_executor.py for tasks to queue
[2024-10-10T12:18:22.279+0700] {logging_mixin.py:149} INFO - [2024-10-10T12:18:22.278+0700] {dagbag.py:541} INFO - Filling up the DagBag from /home/hasyidan/venv/lib/python3.8/site-packages/airflow/example_dags/example_kubernetes_executor.py
[2024-10-10T12:18:22.287+0700] {logging_mixin.py:149} INFO - [2024-10-10T12:18:22.287+0700] {example_kubernetes_executor.py:41} WARNING - The example_kubernetes_executor example DAG requires the kubernetes provider. Please install it with: pip install apache-airflow[cncf.kubernetes]
[2024-10-10T12:18:22.288+0700] {processor.py:838} WARNING - No viable dags retrieved from /home/hasyidan/venv/lib/python3.8/site-packages/airflow/example_dags/example_kubernetes_executor.py
[2024-10-10T12:18:22.308+0700] {processor.py:179} INFO - Processing /home/hasyidan/venv/lib/python3.8/site-packages/airflow/example_dags/example_kubernetes_executor.py took 0.053 seconds
[2024-10-10T12:19:41.048+0700] {processor.py:157} INFO - Started process (PID=5170) to work on /home/hasyidan/venv/lib/python3.8/site-packages/airflow/example_dags/example_kubernetes_executor.py
[2024-10-10T12:19:41.083+0700] {processor.py:826} INFO - Processing file /home/hasyidan/venv/lib/python3.8/site-packages/airflow/example_dags/example_kubernetes_executor.py for tasks to queue
[2024-10-10T12:19:41.085+0700] {logging_mixin.py:149} INFO - [2024-10-10T12:19:41.085+0700] {dagbag.py:541} INFO - Filling up the DagBag from /home/hasyidan/venv/lib/python3.8/site-packages/airflow/example_dags/example_kubernetes_executor.py
[2024-10-10T12:19:41.093+0700] {logging_mixin.py:149} INFO - [2024-10-10T12:19:41.093+0700] {example_kubernetes_executor.py:41} WARNING - The example_kubernetes_executor example DAG requires the kubernetes provider. Please install it with: pip install apache-airflow[cncf.kubernetes]
[2024-10-10T12:19:41.094+0700] {processor.py:838} WARNING - No viable dags retrieved from /home/hasyidan/venv/lib/python3.8/site-packages/airflow/example_dags/example_kubernetes_executor.py
[2024-10-10T12:19:41.113+0700] {processor.py:179} INFO - Processing /home/hasyidan/venv/lib/python3.8/site-packages/airflow/example_dags/example_kubernetes_executor.py took 0.072 seconds
[2024-10-10T12:20:33.073+0700] {processor.py:157} INFO - Started process (PID=5232) to work on /home/hasyidan/venv/lib/python3.8/site-packages/airflow/example_dags/example_kubernetes_executor.py
[2024-10-10T12:20:33.091+0700] {processor.py:826} INFO - Processing file /home/hasyidan/venv/lib/python3.8/site-packages/airflow/example_dags/example_kubernetes_executor.py for tasks to queue
[2024-10-10T12:20:33.093+0700] {logging_mixin.py:149} INFO - [2024-10-10T12:20:33.093+0700] {dagbag.py:541} INFO - Filling up the DagBag from /home/hasyidan/venv/lib/python3.8/site-packages/airflow/example_dags/example_kubernetes_executor.py
[2024-10-10T12:20:33.101+0700] {logging_mixin.py:149} INFO - [2024-10-10T12:20:33.100+0700] {example_kubernetes_executor.py:41} WARNING - The example_kubernetes_executor example DAG requires the kubernetes provider. Please install it with: pip install apache-airflow[cncf.kubernetes]
[2024-10-10T12:20:33.102+0700] {processor.py:838} WARNING - No viable dags retrieved from /home/hasyidan/venv/lib/python3.8/site-packages/airflow/example_dags/example_kubernetes_executor.py
[2024-10-10T12:20:33.121+0700] {processor.py:179} INFO - Processing /home/hasyidan/venv/lib/python3.8/site-packages/airflow/example_dags/example_kubernetes_executor.py took 0.054 seconds
[2024-10-10T12:21:31.341+0700] {processor.py:157} INFO - Started process (PID=5308) to work on /home/hasyidan/venv/lib/python3.8/site-packages/airflow/example_dags/example_kubernetes_executor.py
[2024-10-10T12:21:31.343+0700] {processor.py:826} INFO - Processing file /home/hasyidan/venv/lib/python3.8/site-packages/airflow/example_dags/example_kubernetes_executor.py for tasks to queue
[2024-10-10T12:21:31.345+0700] {logging_mixin.py:149} INFO - [2024-10-10T12:21:31.344+0700] {dagbag.py:541} INFO - Filling up the DagBag from /home/hasyidan/venv/lib/python3.8/site-packages/airflow/example_dags/example_kubernetes_executor.py
[2024-10-10T12:21:31.350+0700] {logging_mixin.py:149} INFO - [2024-10-10T12:21:31.350+0700] {example_kubernetes_executor.py:41} WARNING - The example_kubernetes_executor example DAG requires the kubernetes provider. Please install it with: pip install apache-airflow[cncf.kubernetes]
[2024-10-10T12:21:31.351+0700] {processor.py:838} WARNING - No viable dags retrieved from /home/hasyidan/venv/lib/python3.8/site-packages/airflow/example_dags/example_kubernetes_executor.py
[2024-10-10T12:21:31.371+0700] {processor.py:179} INFO - Processing /home/hasyidan/venv/lib/python3.8/site-packages/airflow/example_dags/example_kubernetes_executor.py took 0.040 seconds
[2024-10-10T13:22:34.069+0700] {processor.py:157} INFO - Started process (PID=2377) to work on /home/hasyidan/venv/lib/python3.8/site-packages/airflow/example_dags/example_kubernetes_executor.py
[2024-10-10T13:22:34.143+0700] {processor.py:826} INFO - Processing file /home/hasyidan/venv/lib/python3.8/site-packages/airflow/example_dags/example_kubernetes_executor.py for tasks to queue
[2024-10-10T13:22:34.145+0700] {logging_mixin.py:149} INFO - [2024-10-10T13:22:34.145+0700] {dagbag.py:541} INFO - Filling up the DagBag from /home/hasyidan/venv/lib/python3.8/site-packages/airflow/example_dags/example_kubernetes_executor.py
[2024-10-10T13:22:34.327+0700] {logging_mixin.py:149} INFO - [2024-10-10T13:22:34.327+0700] {example_kubernetes_executor.py:41} WARNING - The example_kubernetes_executor example DAG requires the kubernetes provider. Please install it with: pip install apache-airflow[cncf.kubernetes]
[2024-10-10T13:22:34.328+0700] {processor.py:838} WARNING - No viable dags retrieved from /home/hasyidan/venv/lib/python3.8/site-packages/airflow/example_dags/example_kubernetes_executor.py
[2024-10-10T13:22:34.355+0700] {processor.py:179} INFO - Processing /home/hasyidan/venv/lib/python3.8/site-packages/airflow/example_dags/example_kubernetes_executor.py took 0.318 seconds
[2024-10-10T13:26:30.790+0700] {processor.py:157} INFO - Started process (PID=2649) to work on /home/hasyidan/venv/lib/python3.8/site-packages/airflow/example_dags/example_kubernetes_executor.py
[2024-10-10T13:26:30.812+0700] {processor.py:826} INFO - Processing file /home/hasyidan/venv/lib/python3.8/site-packages/airflow/example_dags/example_kubernetes_executor.py for tasks to queue
[2024-10-10T13:26:30.821+0700] {logging_mixin.py:149} INFO - [2024-10-10T13:26:30.819+0700] {dagbag.py:541} INFO - Filling up the DagBag from /home/hasyidan/venv/lib/python3.8/site-packages/airflow/example_dags/example_kubernetes_executor.py
[2024-10-10T13:26:30.837+0700] {logging_mixin.py:149} INFO - [2024-10-10T13:26:30.836+0700] {example_kubernetes_executor.py:41} WARNING - The example_kubernetes_executor example DAG requires the kubernetes provider. Please install it with: pip install apache-airflow[cncf.kubernetes]
[2024-10-10T13:26:30.838+0700] {processor.py:838} WARNING - No viable dags retrieved from /home/hasyidan/venv/lib/python3.8/site-packages/airflow/example_dags/example_kubernetes_executor.py
[2024-10-10T13:26:31.201+0700] {processor.py:179} INFO - Processing /home/hasyidan/venv/lib/python3.8/site-packages/airflow/example_dags/example_kubernetes_executor.py took 0.434 seconds
