[2024-10-10T11:42:44.015+0700] {processor.py:157} INFO - Started process (PID=2738) to work on /home/hasyidan/venv/lib/python3.8/site-packages/airflow/example_dags/example_short_circuit_decorator.py
[2024-10-10T11:42:44.017+0700] {processor.py:826} INFO - Processing file /home/hasyidan/venv/lib/python3.8/site-packages/airflow/example_dags/example_short_circuit_decorator.py for tasks to queue
[2024-10-10T11:42:44.020+0700] {logging_mixin.py:149} INFO - [2024-10-10T11:42:44.019+0700] {dagbag.py:541} INFO - Filling up the DagBag from /home/hasyidan/venv/lib/python3.8/site-packages/airflow/example_dags/example_short_circuit_decorator.py
[2024-10-10T11:42:44.172+0700] {processor.py:836} INFO - DAG(s) dict_keys(['example_short_circuit_decorator']) retrieved from /home/hasyidan/venv/lib/python3.8/site-packages/airflow/example_dags/example_short_circuit_decorator.py
[2024-10-10T11:42:44.554+0700] {logging_mixin.py:149} INFO - [2024-10-10T11:42:44.554+0700] {dag.py:2726} INFO - Sync 1 DAGs
[2024-10-10T11:42:44.600+0700] {logging_mixin.py:149} INFO - [2024-10-10T11:42:44.600+0700] {dag.py:3486} INFO - Setting next_dagrun for example_short_circuit_decorator to 2024-10-09T04:42:44.600010+00:00, run_after=2024-10-10T04:42:44.600010+00:00
[2024-10-10T11:42:45.020+0700] {processor.py:179} INFO - Processing /home/hasyidan/venv/lib/python3.8/site-packages/airflow/example_dags/example_short_circuit_decorator.py took 1.011 seconds
[2024-10-10T11:48:08.247+0700] {processor.py:157} INFO - Started process (PID=2884) to work on /home/hasyidan/venv/lib/python3.8/site-packages/airflow/example_dags/example_short_circuit_decorator.py
[2024-10-10T11:48:08.307+0700] {processor.py:826} INFO - Processing file /home/hasyidan/venv/lib/python3.8/site-packages/airflow/example_dags/example_short_circuit_decorator.py for tasks to queue
[2024-10-10T11:48:08.310+0700] {logging_mixin.py:149} INFO - [2024-10-10T11:48:08.309+0700] {dagbag.py:541} INFO - Filling up the DagBag from /home/hasyidan/venv/lib/python3.8/site-packages/airflow/example_dags/example_short_circuit_decorator.py
[2024-10-10T11:48:08.335+0700] {processor.py:836} INFO - DAG(s) dict_keys(['example_short_circuit_decorator']) retrieved from /home/hasyidan/venv/lib/python3.8/site-packages/airflow/example_dags/example_short_circuit_decorator.py
[2024-10-10T11:48:08.380+0700] {logging_mixin.py:149} INFO - [2024-10-10T11:48:08.380+0700] {dag.py:2726} INFO - Sync 1 DAGs
[2024-10-10T11:48:08.425+0700] {logging_mixin.py:149} INFO - [2024-10-10T11:48:08.425+0700] {dag.py:3486} INFO - Setting next_dagrun for example_short_circuit_decorator to 2024-10-09T04:48:08.424707+00:00, run_after=2024-10-10T04:48:08.424707+00:00
[2024-10-10T11:48:09.068+0700] {processor.py:179} INFO - Processing /home/hasyidan/venv/lib/python3.8/site-packages/airflow/example_dags/example_short_circuit_decorator.py took 0.826 seconds
[2024-10-10T11:49:23.700+0700] {processor.py:157} INFO - Started process (PID=2944) to work on /home/hasyidan/venv/lib/python3.8/site-packages/airflow/example_dags/example_short_circuit_decorator.py
[2024-10-10T11:49:23.725+0700] {processor.py:826} INFO - Processing file /home/hasyidan/venv/lib/python3.8/site-packages/airflow/example_dags/example_short_circuit_decorator.py for tasks to queue
[2024-10-10T11:49:23.728+0700] {logging_mixin.py:149} INFO - [2024-10-10T11:49:23.728+0700] {dagbag.py:541} INFO - Filling up the DagBag from /home/hasyidan/venv/lib/python3.8/site-packages/airflow/example_dags/example_short_circuit_decorator.py
[2024-10-10T11:49:23.751+0700] {processor.py:836} INFO - DAG(s) dict_keys(['example_short_circuit_decorator']) retrieved from /home/hasyidan/venv/lib/python3.8/site-packages/airflow/example_dags/example_short_circuit_decorator.py
[2024-10-10T11:49:23.794+0700] {logging_mixin.py:149} INFO - [2024-10-10T11:49:23.794+0700] {dag.py:2726} INFO - Sync 1 DAGs
[2024-10-10T11:49:24.062+0700] {logging_mixin.py:149} INFO - [2024-10-10T11:49:24.061+0700] {dag.py:3486} INFO - Setting next_dagrun for example_short_circuit_decorator to 2024-10-09T04:49:24.061249+00:00, run_after=2024-10-10T04:49:24.061249+00:00
[2024-10-10T11:49:24.441+0700] {processor.py:179} INFO - Processing /home/hasyidan/venv/lib/python3.8/site-packages/airflow/example_dags/example_short_circuit_decorator.py took 0.747 seconds
[2024-10-10T11:52:58.790+0700] {processor.py:157} INFO - Started process (PID=3300) to work on /home/hasyidan/venv/lib/python3.8/site-packages/airflow/example_dags/example_short_circuit_decorator.py
[2024-10-10T11:52:58.818+0700] {processor.py:826} INFO - Processing file /home/hasyidan/venv/lib/python3.8/site-packages/airflow/example_dags/example_short_circuit_decorator.py for tasks to queue
[2024-10-10T11:52:58.821+0700] {logging_mixin.py:149} INFO - [2024-10-10T11:52:58.820+0700] {dagbag.py:541} INFO - Filling up the DagBag from /home/hasyidan/venv/lib/python3.8/site-packages/airflow/example_dags/example_short_circuit_decorator.py
[2024-10-10T11:52:58.849+0700] {processor.py:836} INFO - DAG(s) dict_keys(['example_short_circuit_decorator']) retrieved from /home/hasyidan/venv/lib/python3.8/site-packages/airflow/example_dags/example_short_circuit_decorator.py
[2024-10-10T11:52:58.909+0700] {logging_mixin.py:149} INFO - [2024-10-10T11:52:58.909+0700] {dag.py:2726} INFO - Sync 1 DAGs
[2024-10-10T11:52:58.970+0700] {logging_mixin.py:149} INFO - [2024-10-10T11:52:58.970+0700] {dag.py:3486} INFO - Setting next_dagrun for example_short_circuit_decorator to 2024-10-09T04:52:58.969575+00:00, run_after=2024-10-10T04:52:58.969575+00:00
[2024-10-10T11:52:59.196+0700] {processor.py:179} INFO - Processing /home/hasyidan/venv/lib/python3.8/site-packages/airflow/example_dags/example_short_circuit_decorator.py took 0.414 seconds
[2024-10-10T11:53:51.640+0700] {processor.py:157} INFO - Started process (PID=3371) to work on /home/hasyidan/venv/lib/python3.8/site-packages/airflow/example_dags/example_short_circuit_decorator.py
[2024-10-10T11:53:51.670+0700] {processor.py:826} INFO - Processing file /home/hasyidan/venv/lib/python3.8/site-packages/airflow/example_dags/example_short_circuit_decorator.py for tasks to queue
[2024-10-10T11:53:51.672+0700] {logging_mixin.py:149} INFO - [2024-10-10T11:53:51.672+0700] {dagbag.py:541} INFO - Filling up the DagBag from /home/hasyidan/venv/lib/python3.8/site-packages/airflow/example_dags/example_short_circuit_decorator.py
[2024-10-10T11:53:51.693+0700] {processor.py:836} INFO - DAG(s) dict_keys(['example_short_circuit_decorator']) retrieved from /home/hasyidan/venv/lib/python3.8/site-packages/airflow/example_dags/example_short_circuit_decorator.py
[2024-10-10T11:53:51.735+0700] {logging_mixin.py:149} INFO - [2024-10-10T11:53:51.735+0700] {dag.py:2726} INFO - Sync 1 DAGs
[2024-10-10T11:53:51.778+0700] {logging_mixin.py:149} INFO - [2024-10-10T11:53:51.778+0700] {dag.py:3486} INFO - Setting next_dagrun for example_short_circuit_decorator to 2024-10-09T04:53:51.777648+00:00, run_after=2024-10-10T04:53:51.777648+00:00
[2024-10-10T11:53:51.933+0700] {processor.py:179} INFO - Processing /home/hasyidan/venv/lib/python3.8/site-packages/airflow/example_dags/example_short_circuit_decorator.py took 0.300 seconds
[2024-10-10T11:54:49.584+0700] {processor.py:157} INFO - Started process (PID=3432) to work on /home/hasyidan/venv/lib/python3.8/site-packages/airflow/example_dags/example_short_circuit_decorator.py
[2024-10-10T11:54:49.603+0700] {processor.py:826} INFO - Processing file /home/hasyidan/venv/lib/python3.8/site-packages/airflow/example_dags/example_short_circuit_decorator.py for tasks to queue
[2024-10-10T11:54:49.605+0700] {logging_mixin.py:149} INFO - [2024-10-10T11:54:49.604+0700] {dagbag.py:541} INFO - Filling up the DagBag from /home/hasyidan/venv/lib/python3.8/site-packages/airflow/example_dags/example_short_circuit_decorator.py
[2024-10-10T11:54:49.626+0700] {processor.py:836} INFO - DAG(s) dict_keys(['example_short_circuit_decorator']) retrieved from /home/hasyidan/venv/lib/python3.8/site-packages/airflow/example_dags/example_short_circuit_decorator.py
[2024-10-10T11:54:49.668+0700] {logging_mixin.py:149} INFO - [2024-10-10T11:54:49.668+0700] {dag.py:2726} INFO - Sync 1 DAGs
[2024-10-10T11:54:49.715+0700] {logging_mixin.py:149} INFO - [2024-10-10T11:54:49.715+0700] {dag.py:3486} INFO - Setting next_dagrun for example_short_circuit_decorator to 2024-10-09T04:54:49.714625+00:00, run_after=2024-10-10T04:54:49.714625+00:00
[2024-10-10T11:54:49.849+0700] {processor.py:179} INFO - Processing /home/hasyidan/venv/lib/python3.8/site-packages/airflow/example_dags/example_short_circuit_decorator.py took 0.272 seconds
[2024-10-10T11:55:56.748+0700] {processor.py:157} INFO - Started process (PID=3518) to work on /home/hasyidan/venv/lib/python3.8/site-packages/airflow/example_dags/example_short_circuit_decorator.py
[2024-10-10T11:55:56.792+0700] {processor.py:826} INFO - Processing file /home/hasyidan/venv/lib/python3.8/site-packages/airflow/example_dags/example_short_circuit_decorator.py for tasks to queue
[2024-10-10T11:55:56.794+0700] {logging_mixin.py:149} INFO - [2024-10-10T11:55:56.793+0700] {dagbag.py:541} INFO - Filling up the DagBag from /home/hasyidan/venv/lib/python3.8/site-packages/airflow/example_dags/example_short_circuit_decorator.py
[2024-10-10T11:55:56.818+0700] {processor.py:836} INFO - DAG(s) dict_keys(['example_short_circuit_decorator']) retrieved from /home/hasyidan/venv/lib/python3.8/site-packages/airflow/example_dags/example_short_circuit_decorator.py
[2024-10-10T11:55:56.861+0700] {logging_mixin.py:149} INFO - [2024-10-10T11:55:56.861+0700] {dag.py:2726} INFO - Sync 1 DAGs
[2024-10-10T11:55:56.906+0700] {logging_mixin.py:149} INFO - [2024-10-10T11:55:56.905+0700] {dag.py:3486} INFO - Setting next_dagrun for example_short_circuit_decorator to 2024-10-09T04:55:56.905418+00:00, run_after=2024-10-10T04:55:56.905418+00:00
[2024-10-10T11:55:57.043+0700] {processor.py:179} INFO - Processing /home/hasyidan/venv/lib/python3.8/site-packages/airflow/example_dags/example_short_circuit_decorator.py took 0.300 seconds
[2024-10-10T11:56:54.232+0700] {processor.py:157} INFO - Started process (PID=3578) to work on /home/hasyidan/venv/lib/python3.8/site-packages/airflow/example_dags/example_short_circuit_decorator.py
[2024-10-10T11:56:54.249+0700] {processor.py:826} INFO - Processing file /home/hasyidan/venv/lib/python3.8/site-packages/airflow/example_dags/example_short_circuit_decorator.py for tasks to queue
[2024-10-10T11:56:54.252+0700] {logging_mixin.py:149} INFO - [2024-10-10T11:56:54.251+0700] {dagbag.py:541} INFO - Filling up the DagBag from /home/hasyidan/venv/lib/python3.8/site-packages/airflow/example_dags/example_short_circuit_decorator.py
[2024-10-10T11:56:54.274+0700] {processor.py:836} INFO - DAG(s) dict_keys(['example_short_circuit_decorator']) retrieved from /home/hasyidan/venv/lib/python3.8/site-packages/airflow/example_dags/example_short_circuit_decorator.py
[2024-10-10T11:56:54.318+0700] {logging_mixin.py:149} INFO - [2024-10-10T11:56:54.317+0700] {dag.py:2726} INFO - Sync 1 DAGs
[2024-10-10T11:56:54.450+0700] {logging_mixin.py:149} INFO - [2024-10-10T11:56:54.449+0700] {dag.py:3486} INFO - Setting next_dagrun for example_short_circuit_decorator to 2024-10-09T04:56:54.449409+00:00, run_after=2024-10-10T04:56:54.449409+00:00
[2024-10-10T11:56:54.641+0700] {processor.py:179} INFO - Processing /home/hasyidan/venv/lib/python3.8/site-packages/airflow/example_dags/example_short_circuit_decorator.py took 0.415 seconds
[2024-10-10T11:57:51.764+0700] {processor.py:157} INFO - Started process (PID=3639) to work on /home/hasyidan/venv/lib/python3.8/site-packages/airflow/example_dags/example_short_circuit_decorator.py
[2024-10-10T11:57:51.789+0700] {processor.py:826} INFO - Processing file /home/hasyidan/venv/lib/python3.8/site-packages/airflow/example_dags/example_short_circuit_decorator.py for tasks to queue
[2024-10-10T11:57:51.792+0700] {logging_mixin.py:149} INFO - [2024-10-10T11:57:51.791+0700] {dagbag.py:541} INFO - Filling up the DagBag from /home/hasyidan/venv/lib/python3.8/site-packages/airflow/example_dags/example_short_circuit_decorator.py
[2024-10-10T11:57:51.813+0700] {processor.py:836} INFO - DAG(s) dict_keys(['example_short_circuit_decorator']) retrieved from /home/hasyidan/venv/lib/python3.8/site-packages/airflow/example_dags/example_short_circuit_decorator.py
[2024-10-10T11:57:51.854+0700] {logging_mixin.py:149} INFO - [2024-10-10T11:57:51.853+0700] {dag.py:2726} INFO - Sync 1 DAGs
[2024-10-10T11:57:51.896+0700] {logging_mixin.py:149} INFO - [2024-10-10T11:57:51.895+0700] {dag.py:3486} INFO - Setting next_dagrun for example_short_circuit_decorator to 2024-10-09T04:57:51.895208+00:00, run_after=2024-10-10T04:57:51.895208+00:00
[2024-10-10T11:57:52.048+0700] {processor.py:179} INFO - Processing /home/hasyidan/venv/lib/python3.8/site-packages/airflow/example_dags/example_short_circuit_decorator.py took 0.290 seconds
[2024-10-10T11:58:59.867+0700] {processor.py:157} INFO - Started process (PID=3726) to work on /home/hasyidan/venv/lib/python3.8/site-packages/airflow/example_dags/example_short_circuit_decorator.py
[2024-10-10T11:58:59.883+0700] {processor.py:826} INFO - Processing file /home/hasyidan/venv/lib/python3.8/site-packages/airflow/example_dags/example_short_circuit_decorator.py for tasks to queue
[2024-10-10T11:58:59.886+0700] {logging_mixin.py:149} INFO - [2024-10-10T11:58:59.885+0700] {dagbag.py:541} INFO - Filling up the DagBag from /home/hasyidan/venv/lib/python3.8/site-packages/airflow/example_dags/example_short_circuit_decorator.py
[2024-10-10T11:58:59.909+0700] {processor.py:836} INFO - DAG(s) dict_keys(['example_short_circuit_decorator']) retrieved from /home/hasyidan/venv/lib/python3.8/site-packages/airflow/example_dags/example_short_circuit_decorator.py
[2024-10-10T11:58:59.954+0700] {logging_mixin.py:149} INFO - [2024-10-10T11:58:59.954+0700] {dag.py:2726} INFO - Sync 1 DAGs
[2024-10-10T11:58:59.999+0700] {logging_mixin.py:149} INFO - [2024-10-10T11:58:59.998+0700] {dag.py:3486} INFO - Setting next_dagrun for example_short_circuit_decorator to 2024-10-09T04:58:59.998484+00:00, run_after=2024-10-10T04:58:59.998484+00:00
[2024-10-10T11:59:00.125+0700] {processor.py:179} INFO - Processing /home/hasyidan/venv/lib/python3.8/site-packages/airflow/example_dags/example_short_circuit_decorator.py took 0.265 seconds
[2024-10-10T12:00:00.567+0700] {processor.py:157} INFO - Started process (PID=3786) to work on /home/hasyidan/venv/lib/python3.8/site-packages/airflow/example_dags/example_short_circuit_decorator.py
[2024-10-10T12:00:00.639+0700] {processor.py:826} INFO - Processing file /home/hasyidan/venv/lib/python3.8/site-packages/airflow/example_dags/example_short_circuit_decorator.py for tasks to queue
[2024-10-10T12:00:00.642+0700] {logging_mixin.py:149} INFO - [2024-10-10T12:00:00.641+0700] {dagbag.py:541} INFO - Filling up the DagBag from /home/hasyidan/venv/lib/python3.8/site-packages/airflow/example_dags/example_short_circuit_decorator.py
[2024-10-10T12:00:00.664+0700] {processor.py:836} INFO - DAG(s) dict_keys(['example_short_circuit_decorator']) retrieved from /home/hasyidan/venv/lib/python3.8/site-packages/airflow/example_dags/example_short_circuit_decorator.py
[2024-10-10T12:00:00.705+0700] {logging_mixin.py:149} INFO - [2024-10-10T12:00:00.705+0700] {dag.py:2726} INFO - Sync 1 DAGs
[2024-10-10T12:00:00.749+0700] {logging_mixin.py:149} INFO - [2024-10-10T12:00:00.749+0700] {dag.py:3486} INFO - Setting next_dagrun for example_short_circuit_decorator to 2024-10-09T05:00:00.748639+00:00, run_after=2024-10-10T05:00:00.748639+00:00
[2024-10-10T12:00:00.867+0700] {processor.py:179} INFO - Processing /home/hasyidan/venv/lib/python3.8/site-packages/airflow/example_dags/example_short_circuit_decorator.py took 0.306 seconds
[2024-10-10T12:00:53.141+0700] {processor.py:157} INFO - Started process (PID=3844) to work on /home/hasyidan/venv/lib/python3.8/site-packages/airflow/example_dags/example_short_circuit_decorator.py
[2024-10-10T12:00:53.152+0700] {processor.py:826} INFO - Processing file /home/hasyidan/venv/lib/python3.8/site-packages/airflow/example_dags/example_short_circuit_decorator.py for tasks to queue
[2024-10-10T12:00:53.155+0700] {logging_mixin.py:149} INFO - [2024-10-10T12:00:53.154+0700] {dagbag.py:541} INFO - Filling up the DagBag from /home/hasyidan/venv/lib/python3.8/site-packages/airflow/example_dags/example_short_circuit_decorator.py
[2024-10-10T12:00:53.178+0700] {processor.py:836} INFO - DAG(s) dict_keys(['example_short_circuit_decorator']) retrieved from /home/hasyidan/venv/lib/python3.8/site-packages/airflow/example_dags/example_short_circuit_decorator.py
[2024-10-10T12:00:53.220+0700] {logging_mixin.py:149} INFO - [2024-10-10T12:00:53.219+0700] {dag.py:2726} INFO - Sync 1 DAGs
[2024-10-10T12:00:53.262+0700] {logging_mixin.py:149} INFO - [2024-10-10T12:00:53.261+0700] {dag.py:3486} INFO - Setting next_dagrun for example_short_circuit_decorator to 2024-10-09T05:00:53.261430+00:00, run_after=2024-10-10T05:00:53.261430+00:00
[2024-10-10T12:00:53.382+0700] {processor.py:179} INFO - Processing /home/hasyidan/venv/lib/python3.8/site-packages/airflow/example_dags/example_short_circuit_decorator.py took 0.249 seconds
[2024-10-10T12:01:47.741+0700] {processor.py:157} INFO - Started process (PID=3901) to work on /home/hasyidan/venv/lib/python3.8/site-packages/airflow/example_dags/example_short_circuit_decorator.py
[2024-10-10T12:01:47.743+0700] {processor.py:826} INFO - Processing file /home/hasyidan/venv/lib/python3.8/site-packages/airflow/example_dags/example_short_circuit_decorator.py for tasks to queue
[2024-10-10T12:01:47.744+0700] {logging_mixin.py:149} INFO - [2024-10-10T12:01:47.744+0700] {dagbag.py:541} INFO - Filling up the DagBag from /home/hasyidan/venv/lib/python3.8/site-packages/airflow/example_dags/example_short_circuit_decorator.py
[2024-10-10T12:01:47.765+0700] {processor.py:836} INFO - DAG(s) dict_keys(['example_short_circuit_decorator']) retrieved from /home/hasyidan/venv/lib/python3.8/site-packages/airflow/example_dags/example_short_circuit_decorator.py
[2024-10-10T12:01:47.806+0700] {logging_mixin.py:149} INFO - [2024-10-10T12:01:47.806+0700] {dag.py:2726} INFO - Sync 1 DAGs
[2024-10-10T12:01:47.851+0700] {logging_mixin.py:149} INFO - [2024-10-10T12:01:47.851+0700] {dag.py:3486} INFO - Setting next_dagrun for example_short_circuit_decorator to 2024-10-09T05:01:47.850694+00:00, run_after=2024-10-10T05:01:47.850694+00:00
[2024-10-10T12:01:47.983+0700] {processor.py:179} INFO - Processing /home/hasyidan/venv/lib/python3.8/site-packages/airflow/example_dags/example_short_circuit_decorator.py took 0.248 seconds
[2024-10-10T12:02:37.146+0700] {processor.py:157} INFO - Started process (PID=3961) to work on /home/hasyidan/venv/lib/python3.8/site-packages/airflow/example_dags/example_short_circuit_decorator.py
[2024-10-10T12:02:37.157+0700] {processor.py:826} INFO - Processing file /home/hasyidan/venv/lib/python3.8/site-packages/airflow/example_dags/example_short_circuit_decorator.py for tasks to queue
[2024-10-10T12:02:37.159+0700] {logging_mixin.py:149} INFO - [2024-10-10T12:02:37.158+0700] {dagbag.py:541} INFO - Filling up the DagBag from /home/hasyidan/venv/lib/python3.8/site-packages/airflow/example_dags/example_short_circuit_decorator.py
[2024-10-10T12:02:37.197+0700] {processor.py:836} INFO - DAG(s) dict_keys(['example_short_circuit_decorator']) retrieved from /home/hasyidan/venv/lib/python3.8/site-packages/airflow/example_dags/example_short_circuit_decorator.py
[2024-10-10T12:02:37.258+0700] {logging_mixin.py:149} INFO - [2024-10-10T12:02:37.258+0700] {dag.py:2726} INFO - Sync 1 DAGs
[2024-10-10T12:02:37.306+0700] {logging_mixin.py:149} INFO - [2024-10-10T12:02:37.305+0700] {dag.py:3486} INFO - Setting next_dagrun for example_short_circuit_decorator to 2024-10-09T05:02:37.305256+00:00, run_after=2024-10-10T05:02:37.305256+00:00
[2024-10-10T12:02:37.431+0700] {processor.py:179} INFO - Processing /home/hasyidan/venv/lib/python3.8/site-packages/airflow/example_dags/example_short_circuit_decorator.py took 0.302 seconds
[2024-10-10T12:03:30.408+0700] {processor.py:157} INFO - Started process (PID=4017) to work on /home/hasyidan/venv/lib/python3.8/site-packages/airflow/example_dags/example_short_circuit_decorator.py
[2024-10-10T12:03:30.414+0700] {processor.py:826} INFO - Processing file /home/hasyidan/venv/lib/python3.8/site-packages/airflow/example_dags/example_short_circuit_decorator.py for tasks to queue
[2024-10-10T12:03:30.416+0700] {logging_mixin.py:149} INFO - [2024-10-10T12:03:30.416+0700] {dagbag.py:541} INFO - Filling up the DagBag from /home/hasyidan/venv/lib/python3.8/site-packages/airflow/example_dags/example_short_circuit_decorator.py
[2024-10-10T12:03:30.437+0700] {processor.py:836} INFO - DAG(s) dict_keys(['example_short_circuit_decorator']) retrieved from /home/hasyidan/venv/lib/python3.8/site-packages/airflow/example_dags/example_short_circuit_decorator.py
[2024-10-10T12:03:30.479+0700] {logging_mixin.py:149} INFO - [2024-10-10T12:03:30.479+0700] {dag.py:2726} INFO - Sync 1 DAGs
[2024-10-10T12:03:30.523+0700] {logging_mixin.py:149} INFO - [2024-10-10T12:03:30.523+0700] {dag.py:3486} INFO - Setting next_dagrun for example_short_circuit_decorator to 2024-10-09T05:03:30.522911+00:00, run_after=2024-10-10T05:03:30.522911+00:00
[2024-10-10T12:03:30.644+0700] {processor.py:179} INFO - Processing /home/hasyidan/venv/lib/python3.8/site-packages/airflow/example_dags/example_short_circuit_decorator.py took 0.243 seconds
[2024-10-10T12:04:22.356+0700] {processor.py:157} INFO - Started process (PID=4073) to work on /home/hasyidan/venv/lib/python3.8/site-packages/airflow/example_dags/example_short_circuit_decorator.py
[2024-10-10T12:04:22.402+0700] {processor.py:826} INFO - Processing file /home/hasyidan/venv/lib/python3.8/site-packages/airflow/example_dags/example_short_circuit_decorator.py for tasks to queue
[2024-10-10T12:04:22.405+0700] {logging_mixin.py:149} INFO - [2024-10-10T12:04:22.404+0700] {dagbag.py:541} INFO - Filling up the DagBag from /home/hasyidan/venv/lib/python3.8/site-packages/airflow/example_dags/example_short_circuit_decorator.py
[2024-10-10T12:04:22.428+0700] {processor.py:836} INFO - DAG(s) dict_keys(['example_short_circuit_decorator']) retrieved from /home/hasyidan/venv/lib/python3.8/site-packages/airflow/example_dags/example_short_circuit_decorator.py
[2024-10-10T12:04:22.469+0700] {logging_mixin.py:149} INFO - [2024-10-10T12:04:22.469+0700] {dag.py:2726} INFO - Sync 1 DAGs
[2024-10-10T12:04:22.512+0700] {logging_mixin.py:149} INFO - [2024-10-10T12:04:22.512+0700] {dag.py:3486} INFO - Setting next_dagrun for example_short_circuit_decorator to 2024-10-09T05:04:22.511808+00:00, run_after=2024-10-10T05:04:22.511808+00:00
[2024-10-10T12:04:22.619+0700] {processor.py:179} INFO - Processing /home/hasyidan/venv/lib/python3.8/site-packages/airflow/example_dags/example_short_circuit_decorator.py took 0.270 seconds
[2024-10-10T12:05:15.165+0700] {processor.py:157} INFO - Started process (PID=4187) to work on /home/hasyidan/venv/lib/python3.8/site-packages/airflow/example_dags/example_short_circuit_decorator.py
[2024-10-10T12:05:15.180+0700] {processor.py:826} INFO - Processing file /home/hasyidan/venv/lib/python3.8/site-packages/airflow/example_dags/example_short_circuit_decorator.py for tasks to queue
[2024-10-10T12:05:15.183+0700] {logging_mixin.py:149} INFO - [2024-10-10T12:05:15.182+0700] {dagbag.py:541} INFO - Filling up the DagBag from /home/hasyidan/venv/lib/python3.8/site-packages/airflow/example_dags/example_short_circuit_decorator.py
[2024-10-10T12:05:15.205+0700] {processor.py:836} INFO - DAG(s) dict_keys(['example_short_circuit_decorator']) retrieved from /home/hasyidan/venv/lib/python3.8/site-packages/airflow/example_dags/example_short_circuit_decorator.py
[2024-10-10T12:05:15.246+0700] {logging_mixin.py:149} INFO - [2024-10-10T12:05:15.246+0700] {dag.py:2726} INFO - Sync 1 DAGs
[2024-10-10T12:05:15.292+0700] {logging_mixin.py:149} INFO - [2024-10-10T12:05:15.292+0700] {dag.py:3486} INFO - Setting next_dagrun for example_short_circuit_decorator to 2024-10-09T05:05:15.291875+00:00, run_after=2024-10-10T05:05:15.291875+00:00
[2024-10-10T12:05:15.472+0700] {processor.py:179} INFO - Processing /home/hasyidan/venv/lib/python3.8/site-packages/airflow/example_dags/example_short_circuit_decorator.py took 0.313 seconds
[2024-10-10T12:06:11.433+0700] {processor.py:157} INFO - Started process (PID=4246) to work on /home/hasyidan/venv/lib/python3.8/site-packages/airflow/example_dags/example_short_circuit_decorator.py
[2024-10-10T12:06:11.447+0700] {processor.py:826} INFO - Processing file /home/hasyidan/venv/lib/python3.8/site-packages/airflow/example_dags/example_short_circuit_decorator.py for tasks to queue
[2024-10-10T12:06:11.450+0700] {logging_mixin.py:149} INFO - [2024-10-10T12:06:11.449+0700] {dagbag.py:541} INFO - Filling up the DagBag from /home/hasyidan/venv/lib/python3.8/site-packages/airflow/example_dags/example_short_circuit_decorator.py
[2024-10-10T12:06:11.471+0700] {processor.py:836} INFO - DAG(s) dict_keys(['example_short_circuit_decorator']) retrieved from /home/hasyidan/venv/lib/python3.8/site-packages/airflow/example_dags/example_short_circuit_decorator.py
[2024-10-10T12:06:11.513+0700] {logging_mixin.py:149} INFO - [2024-10-10T12:06:11.513+0700] {dag.py:2726} INFO - Sync 1 DAGs
[2024-10-10T12:06:11.555+0700] {logging_mixin.py:149} INFO - [2024-10-10T12:06:11.555+0700] {dag.py:3486} INFO - Setting next_dagrun for example_short_circuit_decorator to 2024-10-09T05:06:11.554975+00:00, run_after=2024-10-10T05:06:11.554975+00:00
[2024-10-10T12:06:11.724+0700] {processor.py:179} INFO - Processing /home/hasyidan/venv/lib/python3.8/site-packages/airflow/example_dags/example_short_circuit_decorator.py took 0.298 seconds
[2024-10-10T12:07:06.503+0700] {processor.py:157} INFO - Started process (PID=4305) to work on /home/hasyidan/venv/lib/python3.8/site-packages/airflow/example_dags/example_short_circuit_decorator.py
[2024-10-10T12:07:06.530+0700] {processor.py:826} INFO - Processing file /home/hasyidan/venv/lib/python3.8/site-packages/airflow/example_dags/example_short_circuit_decorator.py for tasks to queue
[2024-10-10T12:07:06.532+0700] {logging_mixin.py:149} INFO - [2024-10-10T12:07:06.532+0700] {dagbag.py:541} INFO - Filling up the DagBag from /home/hasyidan/venv/lib/python3.8/site-packages/airflow/example_dags/example_short_circuit_decorator.py
[2024-10-10T12:07:06.553+0700] {processor.py:836} INFO - DAG(s) dict_keys(['example_short_circuit_decorator']) retrieved from /home/hasyidan/venv/lib/python3.8/site-packages/airflow/example_dags/example_short_circuit_decorator.py
[2024-10-10T12:07:06.595+0700] {logging_mixin.py:149} INFO - [2024-10-10T12:07:06.595+0700] {dag.py:2726} INFO - Sync 1 DAGs
[2024-10-10T12:07:06.640+0700] {logging_mixin.py:149} INFO - [2024-10-10T12:07:06.640+0700] {dag.py:3486} INFO - Setting next_dagrun for example_short_circuit_decorator to 2024-10-09T05:07:06.639629+00:00, run_after=2024-10-10T05:07:06.639629+00:00
[2024-10-10T12:07:06.786+0700] {processor.py:179} INFO - Processing /home/hasyidan/venv/lib/python3.8/site-packages/airflow/example_dags/example_short_circuit_decorator.py took 0.289 seconds
[2024-10-10T12:08:05.961+0700] {processor.py:157} INFO - Started process (PID=4370) to work on /home/hasyidan/venv/lib/python3.8/site-packages/airflow/example_dags/example_short_circuit_decorator.py
[2024-10-10T12:08:05.987+0700] {processor.py:826} INFO - Processing file /home/hasyidan/venv/lib/python3.8/site-packages/airflow/example_dags/example_short_circuit_decorator.py for tasks to queue
[2024-10-10T12:08:05.990+0700] {logging_mixin.py:149} INFO - [2024-10-10T12:08:05.989+0700] {dagbag.py:541} INFO - Filling up the DagBag from /home/hasyidan/venv/lib/python3.8/site-packages/airflow/example_dags/example_short_circuit_decorator.py
[2024-10-10T12:08:06.011+0700] {processor.py:836} INFO - DAG(s) dict_keys(['example_short_circuit_decorator']) retrieved from /home/hasyidan/venv/lib/python3.8/site-packages/airflow/example_dags/example_short_circuit_decorator.py
[2024-10-10T12:08:06.052+0700] {logging_mixin.py:149} INFO - [2024-10-10T12:08:06.052+0700] {dag.py:2726} INFO - Sync 1 DAGs
[2024-10-10T12:08:06.094+0700] {logging_mixin.py:149} INFO - [2024-10-10T12:08:06.094+0700] {dag.py:3486} INFO - Setting next_dagrun for example_short_circuit_decorator to 2024-10-09T05:08:06.093931+00:00, run_after=2024-10-10T05:08:06.093931+00:00
[2024-10-10T12:08:06.253+0700] {processor.py:179} INFO - Processing /home/hasyidan/venv/lib/python3.8/site-packages/airflow/example_dags/example_short_circuit_decorator.py took 0.300 seconds
[2024-10-10T12:09:01.959+0700] {processor.py:157} INFO - Started process (PID=4432) to work on /home/hasyidan/venv/lib/python3.8/site-packages/airflow/example_dags/example_short_circuit_decorator.py
[2024-10-10T12:09:01.974+0700] {processor.py:826} INFO - Processing file /home/hasyidan/venv/lib/python3.8/site-packages/airflow/example_dags/example_short_circuit_decorator.py for tasks to queue
[2024-10-10T12:09:01.977+0700] {logging_mixin.py:149} INFO - [2024-10-10T12:09:01.976+0700] {dagbag.py:541} INFO - Filling up the DagBag from /home/hasyidan/venv/lib/python3.8/site-packages/airflow/example_dags/example_short_circuit_decorator.py
[2024-10-10T12:09:02.031+0700] {processor.py:836} INFO - DAG(s) dict_keys(['example_short_circuit_decorator']) retrieved from /home/hasyidan/venv/lib/python3.8/site-packages/airflow/example_dags/example_short_circuit_decorator.py
[2024-10-10T12:09:02.072+0700] {logging_mixin.py:149} INFO - [2024-10-10T12:09:02.072+0700] {dag.py:2726} INFO - Sync 1 DAGs
[2024-10-10T12:09:02.117+0700] {logging_mixin.py:149} INFO - [2024-10-10T12:09:02.116+0700] {dag.py:3486} INFO - Setting next_dagrun for example_short_circuit_decorator to 2024-10-09T05:09:02.116207+00:00, run_after=2024-10-10T05:09:02.116207+00:00
[2024-10-10T12:09:02.267+0700] {processor.py:179} INFO - Processing /home/hasyidan/venv/lib/python3.8/site-packages/airflow/example_dags/example_short_circuit_decorator.py took 0.314 seconds
[2024-10-10T12:09:55.694+0700] {processor.py:157} INFO - Started process (PID=4490) to work on /home/hasyidan/venv/lib/python3.8/site-packages/airflow/example_dags/example_short_circuit_decorator.py
[2024-10-10T12:09:55.737+0700] {processor.py:826} INFO - Processing file /home/hasyidan/venv/lib/python3.8/site-packages/airflow/example_dags/example_short_circuit_decorator.py for tasks to queue
[2024-10-10T12:09:55.738+0700] {logging_mixin.py:149} INFO - [2024-10-10T12:09:55.738+0700] {dagbag.py:541} INFO - Filling up the DagBag from /home/hasyidan/venv/lib/python3.8/site-packages/airflow/example_dags/example_short_circuit_decorator.py
[2024-10-10T12:09:55.756+0700] {processor.py:836} INFO - DAG(s) dict_keys(['example_short_circuit_decorator']) retrieved from /home/hasyidan/venv/lib/python3.8/site-packages/airflow/example_dags/example_short_circuit_decorator.py
[2024-10-10T12:09:55.797+0700] {logging_mixin.py:149} INFO - [2024-10-10T12:09:55.797+0700] {dag.py:2726} INFO - Sync 1 DAGs
[2024-10-10T12:09:55.839+0700] {logging_mixin.py:149} INFO - [2024-10-10T12:09:55.838+0700] {dag.py:3486} INFO - Setting next_dagrun for example_short_circuit_decorator to 2024-10-09T05:09:55.838410+00:00, run_after=2024-10-10T05:09:55.838410+00:00
[2024-10-10T12:09:55.975+0700] {processor.py:179} INFO - Processing /home/hasyidan/venv/lib/python3.8/site-packages/airflow/example_dags/example_short_circuit_decorator.py took 0.286 seconds
[2024-10-10T12:10:46.183+0700] {processor.py:157} INFO - Started process (PID=4553) to work on /home/hasyidan/venv/lib/python3.8/site-packages/airflow/example_dags/example_short_circuit_decorator.py
[2024-10-10T12:10:46.206+0700] {processor.py:826} INFO - Processing file /home/hasyidan/venv/lib/python3.8/site-packages/airflow/example_dags/example_short_circuit_decorator.py for tasks to queue
[2024-10-10T12:10:46.209+0700] {logging_mixin.py:149} INFO - [2024-10-10T12:10:46.208+0700] {dagbag.py:541} INFO - Filling up the DagBag from /home/hasyidan/venv/lib/python3.8/site-packages/airflow/example_dags/example_short_circuit_decorator.py
[2024-10-10T12:10:46.253+0700] {processor.py:836} INFO - DAG(s) dict_keys(['example_short_circuit_decorator']) retrieved from /home/hasyidan/venv/lib/python3.8/site-packages/airflow/example_dags/example_short_circuit_decorator.py
[2024-10-10T12:10:46.295+0700] {logging_mixin.py:149} INFO - [2024-10-10T12:10:46.295+0700] {dag.py:2726} INFO - Sync 1 DAGs
[2024-10-10T12:10:46.339+0700] {logging_mixin.py:149} INFO - [2024-10-10T12:10:46.338+0700] {dag.py:3486} INFO - Setting next_dagrun for example_short_circuit_decorator to 2024-10-09T05:10:46.338294+00:00, run_after=2024-10-10T05:10:46.338294+00:00
[2024-10-10T12:10:46.479+0700] {processor.py:179} INFO - Processing /home/hasyidan/venv/lib/python3.8/site-packages/airflow/example_dags/example_short_circuit_decorator.py took 0.303 seconds
[2024-10-10T12:11:39.188+0700] {processor.py:157} INFO - Started process (PID=4615) to work on /home/hasyidan/venv/lib/python3.8/site-packages/airflow/example_dags/example_short_circuit_decorator.py
[2024-10-10T12:11:39.196+0700] {processor.py:826} INFO - Processing file /home/hasyidan/venv/lib/python3.8/site-packages/airflow/example_dags/example_short_circuit_decorator.py for tasks to queue
[2024-10-10T12:11:39.198+0700] {logging_mixin.py:149} INFO - [2024-10-10T12:11:39.198+0700] {dagbag.py:541} INFO - Filling up the DagBag from /home/hasyidan/venv/lib/python3.8/site-packages/airflow/example_dags/example_short_circuit_decorator.py
[2024-10-10T12:11:39.219+0700] {processor.py:836} INFO - DAG(s) dict_keys(['example_short_circuit_decorator']) retrieved from /home/hasyidan/venv/lib/python3.8/site-packages/airflow/example_dags/example_short_circuit_decorator.py
[2024-10-10T12:11:39.261+0700] {logging_mixin.py:149} INFO - [2024-10-10T12:11:39.261+0700] {dag.py:2726} INFO - Sync 1 DAGs
[2024-10-10T12:11:39.303+0700] {logging_mixin.py:149} INFO - [2024-10-10T12:11:39.303+0700] {dag.py:3486} INFO - Setting next_dagrun for example_short_circuit_decorator to 2024-10-09T05:11:39.302664+00:00, run_after=2024-10-10T05:11:39.302664+00:00
[2024-10-10T12:11:39.415+0700] {processor.py:179} INFO - Processing /home/hasyidan/venv/lib/python3.8/site-packages/airflow/example_dags/example_short_circuit_decorator.py took 0.232 seconds
[2024-10-10T12:12:34.297+0700] {processor.py:157} INFO - Started process (PID=4678) to work on /home/hasyidan/venv/lib/python3.8/site-packages/airflow/example_dags/example_short_circuit_decorator.py
[2024-10-10T12:12:34.299+0700] {processor.py:826} INFO - Processing file /home/hasyidan/venv/lib/python3.8/site-packages/airflow/example_dags/example_short_circuit_decorator.py for tasks to queue
[2024-10-10T12:12:34.300+0700] {logging_mixin.py:149} INFO - [2024-10-10T12:12:34.300+0700] {dagbag.py:541} INFO - Filling up the DagBag from /home/hasyidan/venv/lib/python3.8/site-packages/airflow/example_dags/example_short_circuit_decorator.py
[2024-10-10T12:12:34.318+0700] {processor.py:836} INFO - DAG(s) dict_keys(['example_short_circuit_decorator']) retrieved from /home/hasyidan/venv/lib/python3.8/site-packages/airflow/example_dags/example_short_circuit_decorator.py
[2024-10-10T12:12:34.358+0700] {logging_mixin.py:149} INFO - [2024-10-10T12:12:34.358+0700] {dag.py:2726} INFO - Sync 1 DAGs
[2024-10-10T12:12:34.403+0700] {logging_mixin.py:149} INFO - [2024-10-10T12:12:34.402+0700] {dag.py:3486} INFO - Setting next_dagrun for example_short_circuit_decorator to 2024-10-09T05:12:34.402207+00:00, run_after=2024-10-10T05:12:34.402207+00:00
[2024-10-10T12:12:34.531+0700] {processor.py:179} INFO - Processing /home/hasyidan/venv/lib/python3.8/site-packages/airflow/example_dags/example_short_circuit_decorator.py took 0.241 seconds
[2024-10-10T12:13:25.620+0700] {processor.py:157} INFO - Started process (PID=4737) to work on /home/hasyidan/venv/lib/python3.8/site-packages/airflow/example_dags/example_short_circuit_decorator.py
[2024-10-10T12:13:25.647+0700] {processor.py:826} INFO - Processing file /home/hasyidan/venv/lib/python3.8/site-packages/airflow/example_dags/example_short_circuit_decorator.py for tasks to queue
[2024-10-10T12:13:25.650+0700] {logging_mixin.py:149} INFO - [2024-10-10T12:13:25.649+0700] {dagbag.py:541} INFO - Filling up the DagBag from /home/hasyidan/venv/lib/python3.8/site-packages/airflow/example_dags/example_short_circuit_decorator.py
[2024-10-10T12:13:25.672+0700] {processor.py:836} INFO - DAG(s) dict_keys(['example_short_circuit_decorator']) retrieved from /home/hasyidan/venv/lib/python3.8/site-packages/airflow/example_dags/example_short_circuit_decorator.py
[2024-10-10T12:13:25.712+0700] {logging_mixin.py:149} INFO - [2024-10-10T12:13:25.712+0700] {dag.py:2726} INFO - Sync 1 DAGs
[2024-10-10T12:13:25.755+0700] {logging_mixin.py:149} INFO - [2024-10-10T12:13:25.755+0700] {dag.py:3486} INFO - Setting next_dagrun for example_short_circuit_decorator to 2024-10-09T05:13:25.754667+00:00, run_after=2024-10-10T05:13:25.754667+00:00
[2024-10-10T12:13:25.854+0700] {processor.py:179} INFO - Processing /home/hasyidan/venv/lib/python3.8/site-packages/airflow/example_dags/example_short_circuit_decorator.py took 0.241 seconds
[2024-10-10T12:14:14.409+0700] {processor.py:157} INFO - Started process (PID=4791) to work on /home/hasyidan/venv/lib/python3.8/site-packages/airflow/example_dags/example_short_circuit_decorator.py
[2024-10-10T12:14:14.431+0700] {processor.py:826} INFO - Processing file /home/hasyidan/venv/lib/python3.8/site-packages/airflow/example_dags/example_short_circuit_decorator.py for tasks to queue
[2024-10-10T12:14:14.433+0700] {logging_mixin.py:149} INFO - [2024-10-10T12:14:14.433+0700] {dagbag.py:541} INFO - Filling up the DagBag from /home/hasyidan/venv/lib/python3.8/site-packages/airflow/example_dags/example_short_circuit_decorator.py
[2024-10-10T12:14:14.455+0700] {processor.py:836} INFO - DAG(s) dict_keys(['example_short_circuit_decorator']) retrieved from /home/hasyidan/venv/lib/python3.8/site-packages/airflow/example_dags/example_short_circuit_decorator.py
[2024-10-10T12:14:14.496+0700] {logging_mixin.py:149} INFO - [2024-10-10T12:14:14.496+0700] {dag.py:2726} INFO - Sync 1 DAGs
[2024-10-10T12:14:14.540+0700] {logging_mixin.py:149} INFO - [2024-10-10T12:14:14.540+0700] {dag.py:3486} INFO - Setting next_dagrun for example_short_circuit_decorator to 2024-10-09T05:14:14.539918+00:00, run_after=2024-10-10T05:14:14.539918+00:00
[2024-10-10T12:14:14.654+0700] {processor.py:179} INFO - Processing /home/hasyidan/venv/lib/python3.8/site-packages/airflow/example_dags/example_short_circuit_decorator.py took 0.252 seconds
[2024-10-10T12:15:04.480+0700] {processor.py:157} INFO - Started process (PID=4852) to work on /home/hasyidan/venv/lib/python3.8/site-packages/airflow/example_dags/example_short_circuit_decorator.py
[2024-10-10T12:15:04.511+0700] {processor.py:826} INFO - Processing file /home/hasyidan/venv/lib/python3.8/site-packages/airflow/example_dags/example_short_circuit_decorator.py for tasks to queue
[2024-10-10T12:15:04.512+0700] {logging_mixin.py:149} INFO - [2024-10-10T12:15:04.512+0700] {dagbag.py:541} INFO - Filling up the DagBag from /home/hasyidan/venv/lib/python3.8/site-packages/airflow/example_dags/example_short_circuit_decorator.py
[2024-10-10T12:15:04.532+0700] {processor.py:836} INFO - DAG(s) dict_keys(['example_short_circuit_decorator']) retrieved from /home/hasyidan/venv/lib/python3.8/site-packages/airflow/example_dags/example_short_circuit_decorator.py
[2024-10-10T12:15:04.573+0700] {logging_mixin.py:149} INFO - [2024-10-10T12:15:04.573+0700] {dag.py:2726} INFO - Sync 1 DAGs
[2024-10-10T12:15:04.615+0700] {logging_mixin.py:149} INFO - [2024-10-10T12:15:04.614+0700] {dag.py:3486} INFO - Setting next_dagrun for example_short_circuit_decorator to 2024-10-09T05:15:04.614289+00:00, run_after=2024-10-10T05:15:04.614289+00:00
[2024-10-10T12:15:04.724+0700] {processor.py:179} INFO - Processing /home/hasyidan/venv/lib/python3.8/site-packages/airflow/example_dags/example_short_circuit_decorator.py took 0.250 seconds
[2024-10-10T12:15:56.704+0700] {processor.py:157} INFO - Started process (PID=4914) to work on /home/hasyidan/venv/lib/python3.8/site-packages/airflow/example_dags/example_short_circuit_decorator.py
[2024-10-10T12:15:56.737+0700] {processor.py:826} INFO - Processing file /home/hasyidan/venv/lib/python3.8/site-packages/airflow/example_dags/example_short_circuit_decorator.py for tasks to queue
[2024-10-10T12:15:56.740+0700] {logging_mixin.py:149} INFO - [2024-10-10T12:15:56.740+0700] {dagbag.py:541} INFO - Filling up the DagBag from /home/hasyidan/venv/lib/python3.8/site-packages/airflow/example_dags/example_short_circuit_decorator.py
[2024-10-10T12:15:56.763+0700] {processor.py:836} INFO - DAG(s) dict_keys(['example_short_circuit_decorator']) retrieved from /home/hasyidan/venv/lib/python3.8/site-packages/airflow/example_dags/example_short_circuit_decorator.py
[2024-10-10T12:15:56.833+0700] {logging_mixin.py:149} INFO - [2024-10-10T12:15:56.833+0700] {dag.py:2726} INFO - Sync 1 DAGs
[2024-10-10T12:15:56.877+0700] {logging_mixin.py:149} INFO - [2024-10-10T12:15:56.877+0700] {dag.py:3486} INFO - Setting next_dagrun for example_short_circuit_decorator to 2024-10-09T05:15:56.876778+00:00, run_after=2024-10-10T05:15:56.876778+00:00
[2024-10-10T12:15:57.018+0700] {processor.py:179} INFO - Processing /home/hasyidan/venv/lib/python3.8/site-packages/airflow/example_dags/example_short_circuit_decorator.py took 0.320 seconds
[2024-10-10T12:16:51.716+0700] {processor.py:157} INFO - Started process (PID=4978) to work on /home/hasyidan/venv/lib/python3.8/site-packages/airflow/example_dags/example_short_circuit_decorator.py
[2024-10-10T12:16:51.808+0700] {processor.py:826} INFO - Processing file /home/hasyidan/venv/lib/python3.8/site-packages/airflow/example_dags/example_short_circuit_decorator.py for tasks to queue
[2024-10-10T12:16:51.811+0700] {logging_mixin.py:149} INFO - [2024-10-10T12:16:51.810+0700] {dagbag.py:541} INFO - Filling up the DagBag from /home/hasyidan/venv/lib/python3.8/site-packages/airflow/example_dags/example_short_circuit_decorator.py
[2024-10-10T12:16:51.833+0700] {processor.py:836} INFO - DAG(s) dict_keys(['example_short_circuit_decorator']) retrieved from /home/hasyidan/venv/lib/python3.8/site-packages/airflow/example_dags/example_short_circuit_decorator.py
[2024-10-10T12:16:51.879+0700] {logging_mixin.py:149} INFO - [2024-10-10T12:16:51.878+0700] {dag.py:2726} INFO - Sync 1 DAGs
[2024-10-10T12:16:51.924+0700] {logging_mixin.py:149} INFO - [2024-10-10T12:16:51.924+0700] {dag.py:3486} INFO - Setting next_dagrun for example_short_circuit_decorator to 2024-10-09T05:16:51.923923+00:00, run_after=2024-10-10T05:16:51.923923+00:00
[2024-10-10T12:16:52.049+0700] {processor.py:179} INFO - Processing /home/hasyidan/venv/lib/python3.8/site-packages/airflow/example_dags/example_short_circuit_decorator.py took 0.339 seconds
[2024-10-10T12:17:46.656+0700] {processor.py:157} INFO - Started process (PID=5046) to work on /home/hasyidan/venv/lib/python3.8/site-packages/airflow/example_dags/example_short_circuit_decorator.py
[2024-10-10T12:17:46.669+0700] {processor.py:826} INFO - Processing file /home/hasyidan/venv/lib/python3.8/site-packages/airflow/example_dags/example_short_circuit_decorator.py for tasks to queue
[2024-10-10T12:17:46.671+0700] {logging_mixin.py:149} INFO - [2024-10-10T12:17:46.670+0700] {dagbag.py:541} INFO - Filling up the DagBag from /home/hasyidan/venv/lib/python3.8/site-packages/airflow/example_dags/example_short_circuit_decorator.py
[2024-10-10T12:17:46.693+0700] {processor.py:836} INFO - DAG(s) dict_keys(['example_short_circuit_decorator']) retrieved from /home/hasyidan/venv/lib/python3.8/site-packages/airflow/example_dags/example_short_circuit_decorator.py
[2024-10-10T12:17:46.735+0700] {logging_mixin.py:149} INFO - [2024-10-10T12:17:46.735+0700] {dag.py:2726} INFO - Sync 1 DAGs
[2024-10-10T12:17:46.777+0700] {logging_mixin.py:149} INFO - [2024-10-10T12:17:46.776+0700] {dag.py:3486} INFO - Setting next_dagrun for example_short_circuit_decorator to 2024-10-09T05:17:46.776370+00:00, run_after=2024-10-10T05:17:46.776370+00:00
[2024-10-10T12:17:46.883+0700] {processor.py:179} INFO - Processing /home/hasyidan/venv/lib/python3.8/site-packages/airflow/example_dags/example_short_circuit_decorator.py took 0.234 seconds
[2024-10-10T12:18:40.755+0700] {processor.py:157} INFO - Started process (PID=5106) to work on /home/hasyidan/venv/lib/python3.8/site-packages/airflow/example_dags/example_short_circuit_decorator.py
[2024-10-10T12:18:40.764+0700] {processor.py:826} INFO - Processing file /home/hasyidan/venv/lib/python3.8/site-packages/airflow/example_dags/example_short_circuit_decorator.py for tasks to queue
[2024-10-10T12:18:40.767+0700] {logging_mixin.py:149} INFO - [2024-10-10T12:18:40.766+0700] {dagbag.py:541} INFO - Filling up the DagBag from /home/hasyidan/venv/lib/python3.8/site-packages/airflow/example_dags/example_short_circuit_decorator.py
[2024-10-10T12:18:40.788+0700] {processor.py:836} INFO - DAG(s) dict_keys(['example_short_circuit_decorator']) retrieved from /home/hasyidan/venv/lib/python3.8/site-packages/airflow/example_dags/example_short_circuit_decorator.py
[2024-10-10T12:18:40.829+0700] {logging_mixin.py:149} INFO - [2024-10-10T12:18:40.828+0700] {dag.py:2726} INFO - Sync 1 DAGs
[2024-10-10T12:18:40.870+0700] {logging_mixin.py:149} INFO - [2024-10-10T12:18:40.870+0700] {dag.py:3486} INFO - Setting next_dagrun for example_short_circuit_decorator to 2024-10-09T05:18:40.869879+00:00, run_after=2024-10-10T05:18:40.869879+00:00
[2024-10-10T12:18:40.999+0700] {processor.py:179} INFO - Processing /home/hasyidan/venv/lib/python3.8/site-packages/airflow/example_dags/example_short_circuit_decorator.py took 0.250 seconds
[2024-10-10T12:19:33.723+0700] {processor.py:157} INFO - Started process (PID=5163) to work on /home/hasyidan/venv/lib/python3.8/site-packages/airflow/example_dags/example_short_circuit_decorator.py
[2024-10-10T12:19:33.742+0700] {processor.py:826} INFO - Processing file /home/hasyidan/venv/lib/python3.8/site-packages/airflow/example_dags/example_short_circuit_decorator.py for tasks to queue
[2024-10-10T12:19:33.745+0700] {logging_mixin.py:149} INFO - [2024-10-10T12:19:33.744+0700] {dagbag.py:541} INFO - Filling up the DagBag from /home/hasyidan/venv/lib/python3.8/site-packages/airflow/example_dags/example_short_circuit_decorator.py
[2024-10-10T12:19:33.791+0700] {processor.py:836} INFO - DAG(s) dict_keys(['example_short_circuit_decorator']) retrieved from /home/hasyidan/venv/lib/python3.8/site-packages/airflow/example_dags/example_short_circuit_decorator.py
[2024-10-10T12:19:33.832+0700] {logging_mixin.py:149} INFO - [2024-10-10T12:19:33.832+0700] {dag.py:2726} INFO - Sync 1 DAGs
[2024-10-10T12:19:33.875+0700] {logging_mixin.py:149} INFO - [2024-10-10T12:19:33.875+0700] {dag.py:3486} INFO - Setting next_dagrun for example_short_circuit_decorator to 2024-10-09T05:19:33.874766+00:00, run_after=2024-10-10T05:19:33.874766+00:00
[2024-10-10T12:19:34.288+0700] {processor.py:179} INFO - Processing /home/hasyidan/venv/lib/python3.8/site-packages/airflow/example_dags/example_short_circuit_decorator.py took 0.571 seconds
[2024-10-10T12:20:25.302+0700] {processor.py:157} INFO - Started process (PID=5221) to work on /home/hasyidan/venv/lib/python3.8/site-packages/airflow/example_dags/example_short_circuit_decorator.py
[2024-10-10T12:20:25.316+0700] {processor.py:826} INFO - Processing file /home/hasyidan/venv/lib/python3.8/site-packages/airflow/example_dags/example_short_circuit_decorator.py for tasks to queue
[2024-10-10T12:20:25.318+0700] {logging_mixin.py:149} INFO - [2024-10-10T12:20:25.318+0700] {dagbag.py:541} INFO - Filling up the DagBag from /home/hasyidan/venv/lib/python3.8/site-packages/airflow/example_dags/example_short_circuit_decorator.py
[2024-10-10T12:20:25.341+0700] {processor.py:836} INFO - DAG(s) dict_keys(['example_short_circuit_decorator']) retrieved from /home/hasyidan/venv/lib/python3.8/site-packages/airflow/example_dags/example_short_circuit_decorator.py
[2024-10-10T12:20:25.382+0700] {logging_mixin.py:149} INFO - [2024-10-10T12:20:25.382+0700] {dag.py:2726} INFO - Sync 1 DAGs
[2024-10-10T12:20:25.424+0700] {logging_mixin.py:149} INFO - [2024-10-10T12:20:25.424+0700] {dag.py:3486} INFO - Setting next_dagrun for example_short_circuit_decorator to 2024-10-09T05:20:25.423644+00:00, run_after=2024-10-10T05:20:25.423644+00:00
[2024-10-10T12:20:25.544+0700] {processor.py:179} INFO - Processing /home/hasyidan/venv/lib/python3.8/site-packages/airflow/example_dags/example_short_circuit_decorator.py took 0.247 seconds
[2024-10-10T12:21:23.732+0700] {processor.py:157} INFO - Started process (PID=5301) to work on /home/hasyidan/venv/lib/python3.8/site-packages/airflow/example_dags/example_short_circuit_decorator.py
[2024-10-10T12:21:23.762+0700] {processor.py:826} INFO - Processing file /home/hasyidan/venv/lib/python3.8/site-packages/airflow/example_dags/example_short_circuit_decorator.py for tasks to queue
[2024-10-10T12:21:23.765+0700] {logging_mixin.py:149} INFO - [2024-10-10T12:21:23.764+0700] {dagbag.py:541} INFO - Filling up the DagBag from /home/hasyidan/venv/lib/python3.8/site-packages/airflow/example_dags/example_short_circuit_decorator.py
[2024-10-10T12:21:23.787+0700] {processor.py:836} INFO - DAG(s) dict_keys(['example_short_circuit_decorator']) retrieved from /home/hasyidan/venv/lib/python3.8/site-packages/airflow/example_dags/example_short_circuit_decorator.py
[2024-10-10T12:21:23.842+0700] {logging_mixin.py:149} INFO - [2024-10-10T12:21:23.842+0700] {dag.py:2726} INFO - Sync 1 DAGs
[2024-10-10T12:21:23.888+0700] {logging_mixin.py:149} INFO - [2024-10-10T12:21:23.887+0700] {dag.py:3486} INFO - Setting next_dagrun for example_short_circuit_decorator to 2024-10-09T05:21:23.887228+00:00, run_after=2024-10-10T05:21:23.887228+00:00
[2024-10-10T12:21:24.030+0700] {processor.py:179} INFO - Processing /home/hasyidan/venv/lib/python3.8/site-packages/airflow/example_dags/example_short_circuit_decorator.py took 0.304 seconds
[2024-10-10T13:20:19.800+0700] {processor.py:157} INFO - Started process (PID=1955) to work on /home/hasyidan/venv/lib/python3.8/site-packages/airflow/example_dags/example_short_circuit_decorator.py
[2024-10-10T13:20:19.856+0700] {processor.py:826} INFO - Processing file /home/hasyidan/venv/lib/python3.8/site-packages/airflow/example_dags/example_short_circuit_decorator.py for tasks to queue
[2024-10-10T13:20:19.859+0700] {logging_mixin.py:149} INFO - [2024-10-10T13:20:19.858+0700] {dagbag.py:541} INFO - Filling up the DagBag from /home/hasyidan/venv/lib/python3.8/site-packages/airflow/example_dags/example_short_circuit_decorator.py
[2024-10-10T13:20:19.881+0700] {processor.py:836} INFO - DAG(s) dict_keys(['example_short_circuit_decorator']) retrieved from /home/hasyidan/venv/lib/python3.8/site-packages/airflow/example_dags/example_short_circuit_decorator.py
[2024-10-10T13:20:19.926+0700] {logging_mixin.py:149} INFO - [2024-10-10T13:20:19.926+0700] {dag.py:2726} INFO - Sync 1 DAGs
[2024-10-10T13:20:19.972+0700] {logging_mixin.py:149} INFO - [2024-10-10T13:20:19.972+0700] {dag.py:3486} INFO - Setting next_dagrun for example_short_circuit_decorator to 2024-10-09T06:20:19.971525+00:00, run_after=2024-10-10T06:20:19.971525+00:00
[2024-10-10T13:20:20.488+0700] {processor.py:179} INFO - Processing /home/hasyidan/venv/lib/python3.8/site-packages/airflow/example_dags/example_short_circuit_decorator.py took 0.694 seconds
[2024-10-10T13:25:42.468+0700] {processor.py:157} INFO - Started process (PID=2555) to work on /home/hasyidan/venv/lib/python3.8/site-packages/airflow/example_dags/example_short_circuit_decorator.py
[2024-10-10T13:25:42.573+0700] {processor.py:826} INFO - Processing file /home/hasyidan/venv/lib/python3.8/site-packages/airflow/example_dags/example_short_circuit_decorator.py for tasks to queue
[2024-10-10T13:25:42.577+0700] {logging_mixin.py:149} INFO - [2024-10-10T13:25:42.575+0700] {dagbag.py:541} INFO - Filling up the DagBag from /home/hasyidan/venv/lib/python3.8/site-packages/airflow/example_dags/example_short_circuit_decorator.py
[2024-10-10T13:25:42.607+0700] {processor.py:836} INFO - DAG(s) dict_keys(['example_short_circuit_decorator']) retrieved from /home/hasyidan/venv/lib/python3.8/site-packages/airflow/example_dags/example_short_circuit_decorator.py
[2024-10-10T13:25:42.682+0700] {logging_mixin.py:149} INFO - [2024-10-10T13:25:42.681+0700] {dag.py:2726} INFO - Sync 1 DAGs
[2024-10-10T13:25:42.754+0700] {logging_mixin.py:149} INFO - [2024-10-10T13:25:42.754+0700] {dag.py:3486} INFO - Setting next_dagrun for example_short_circuit_decorator to 2024-10-09T06:25:42.753678+00:00, run_after=2024-10-10T06:25:42.753678+00:00
[2024-10-10T13:25:42.997+0700] {processor.py:179} INFO - Processing /home/hasyidan/venv/lib/python3.8/site-packages/airflow/example_dags/example_short_circuit_decorator.py took 0.539 seconds
[2024-10-10T13:27:19.678+0700] {processor.py:157} INFO - Started process (PID=2713) to work on /home/hasyidan/venv/lib/python3.8/site-packages/airflow/example_dags/example_short_circuit_decorator.py
[2024-10-10T13:27:19.833+0700] {processor.py:826} INFO - Processing file /home/hasyidan/venv/lib/python3.8/site-packages/airflow/example_dags/example_short_circuit_decorator.py for tasks to queue
[2024-10-10T13:27:19.836+0700] {logging_mixin.py:149} INFO - [2024-10-10T13:27:19.836+0700] {dagbag.py:541} INFO - Filling up the DagBag from /home/hasyidan/venv/lib/python3.8/site-packages/airflow/example_dags/example_short_circuit_decorator.py
[2024-10-10T13:27:19.924+0700] {processor.py:836} INFO - DAG(s) dict_keys(['example_short_circuit_decorator']) retrieved from /home/hasyidan/venv/lib/python3.8/site-packages/airflow/example_dags/example_short_circuit_decorator.py
[2024-10-10T13:27:20.047+0700] {logging_mixin.py:149} INFO - [2024-10-10T13:27:20.047+0700] {dag.py:2726} INFO - Sync 1 DAGs
[2024-10-10T13:27:20.223+0700] {logging_mixin.py:149} INFO - [2024-10-10T13:27:20.221+0700] {dag.py:3486} INFO - Setting next_dagrun for example_short_circuit_decorator to 2024-10-09T06:27:20.220955+00:00, run_after=2024-10-10T06:27:20.220955+00:00
[2024-10-10T13:27:20.554+0700] {processor.py:179} INFO - Processing /home/hasyidan/venv/lib/python3.8/site-packages/airflow/example_dags/example_short_circuit_decorator.py took 0.883 seconds
