[2024-10-10T11:43:25.182+0700] {processor.py:157} INFO - Started process (PID=2767) to work on /home/hasyidan/venv/lib/python3.8/site-packages/airflow/example_dags/example_latest_only.py
[2024-10-10T11:43:25.183+0700] {processor.py:826} INFO - Processing file /home/hasyidan/venv/lib/python3.8/site-packages/airflow/example_dags/example_latest_only.py for tasks to queue
[2024-10-10T11:43:25.184+0700] {logging_mixin.py:149} INFO - [2024-10-10T11:43:25.184+0700] {dagbag.py:541} INFO - Filling up the DagBag from /home/hasyidan/venv/lib/python3.8/site-packages/airflow/example_dags/example_latest_only.py
[2024-10-10T11:43:25.218+0700] {processor.py:836} INFO - DAG(s) dict_keys(['latest_only']) retrieved from /home/hasyidan/venv/lib/python3.8/site-packages/airflow/example_dags/example_latest_only.py
[2024-10-10T11:43:25.255+0700] {logging_mixin.py:149} INFO - [2024-10-10T11:43:25.254+0700] {dag.py:2726} INFO - Sync 1 DAGs
[2024-10-10T11:43:25.299+0700] {logging_mixin.py:149} INFO - [2024-10-10T11:43:25.299+0700] {dag.py:3486} INFO - Setting next_dagrun for latest_only to 2024-10-10T00:43:25.298626+00:00, run_after=2024-10-10T04:43:25.298626+00:00
[2024-10-10T11:43:25.491+0700] {processor.py:179} INFO - Processing /home/hasyidan/venv/lib/python3.8/site-packages/airflow/example_dags/example_latest_only.py took 0.320 seconds
[2024-10-10T11:48:35.621+0700] {processor.py:157} INFO - Started process (PID=2906) to work on /home/hasyidan/venv/lib/python3.8/site-packages/airflow/example_dags/example_latest_only.py
[2024-10-10T11:48:35.647+0700] {processor.py:826} INFO - Processing file /home/hasyidan/venv/lib/python3.8/site-packages/airflow/example_dags/example_latest_only.py for tasks to queue
[2024-10-10T11:48:35.650+0700] {logging_mixin.py:149} INFO - [2024-10-10T11:48:35.649+0700] {dagbag.py:541} INFO - Filling up the DagBag from /home/hasyidan/venv/lib/python3.8/site-packages/airflow/example_dags/example_latest_only.py
[2024-10-10T11:48:35.686+0700] {processor.py:836} INFO - DAG(s) dict_keys(['latest_only']) retrieved from /home/hasyidan/venv/lib/python3.8/site-packages/airflow/example_dags/example_latest_only.py
[2024-10-10T11:48:35.724+0700] {logging_mixin.py:149} INFO - [2024-10-10T11:48:35.724+0700] {dag.py:2726} INFO - Sync 1 DAGs
[2024-10-10T11:48:35.768+0700] {logging_mixin.py:149} INFO - [2024-10-10T11:48:35.768+0700] {dag.py:3486} INFO - Setting next_dagrun for latest_only to 2024-10-10T00:48:35.768085+00:00, run_after=2024-10-10T04:48:35.768085+00:00
[2024-10-10T11:48:36.001+0700] {processor.py:179} INFO - Processing /home/hasyidan/venv/lib/python3.8/site-packages/airflow/example_dags/example_latest_only.py took 0.388 seconds
[2024-10-10T11:51:19.109+0700] {processor.py:157} INFO - Started process (PID=3083) to work on /home/hasyidan/venv/lib/python3.8/site-packages/airflow/example_dags/example_latest_only.py
[2024-10-10T11:51:19.189+0700] {processor.py:826} INFO - Processing file /home/hasyidan/venv/lib/python3.8/site-packages/airflow/example_dags/example_latest_only.py for tasks to queue
[2024-10-10T11:51:19.192+0700] {logging_mixin.py:149} INFO - [2024-10-10T11:51:19.191+0700] {dagbag.py:541} INFO - Filling up the DagBag from /home/hasyidan/venv/lib/python3.8/site-packages/airflow/example_dags/example_latest_only.py
[2024-10-10T11:51:20.029+0700] {processor.py:836} INFO - DAG(s) dict_keys(['latest_only']) retrieved from /home/hasyidan/venv/lib/python3.8/site-packages/airflow/example_dags/example_latest_only.py
[2024-10-10T11:51:21.932+0700] {logging_mixin.py:149} INFO - [2024-10-10T11:51:21.932+0700] {dag.py:2726} INFO - Sync 1 DAGs
[2024-10-10T11:51:21.983+0700] {logging_mixin.py:149} INFO - [2024-10-10T11:51:21.982+0700] {dag.py:3486} INFO - Setting next_dagrun for latest_only to 2024-10-10T00:51:21.982368+00:00, run_after=2024-10-10T04:51:21.982368+00:00
[2024-10-10T11:51:22.656+0700] {processor.py:179} INFO - Processing /home/hasyidan/venv/lib/python3.8/site-packages/airflow/example_dags/example_latest_only.py took 3.558 seconds
[2024-10-10T11:53:22.184+0700] {processor.py:157} INFO - Started process (PID=3342) to work on /home/hasyidan/venv/lib/python3.8/site-packages/airflow/example_dags/example_latest_only.py
[2024-10-10T11:53:22.204+0700] {processor.py:826} INFO - Processing file /home/hasyidan/venv/lib/python3.8/site-packages/airflow/example_dags/example_latest_only.py for tasks to queue
[2024-10-10T11:53:22.206+0700] {logging_mixin.py:149} INFO - [2024-10-10T11:53:22.206+0700] {dagbag.py:541} INFO - Filling up the DagBag from /home/hasyidan/venv/lib/python3.8/site-packages/airflow/example_dags/example_latest_only.py
[2024-10-10T11:53:22.221+0700] {processor.py:836} INFO - DAG(s) dict_keys(['latest_only']) retrieved from /home/hasyidan/venv/lib/python3.8/site-packages/airflow/example_dags/example_latest_only.py
[2024-10-10T11:53:22.257+0700] {logging_mixin.py:149} INFO - [2024-10-10T11:53:22.257+0700] {dag.py:2726} INFO - Sync 1 DAGs
[2024-10-10T11:53:22.301+0700] {logging_mixin.py:149} INFO - [2024-10-10T11:53:22.301+0700] {dag.py:3486} INFO - Setting next_dagrun for latest_only to 2024-10-10T00:53:22.301052+00:00, run_after=2024-10-10T04:53:22.301052+00:00
[2024-10-10T11:53:22.447+0700] {processor.py:179} INFO - Processing /home/hasyidan/venv/lib/python3.8/site-packages/airflow/example_dags/example_latest_only.py took 0.271 seconds
[2024-10-10T11:54:20.703+0700] {processor.py:157} INFO - Started process (PID=3402) to work on /home/hasyidan/venv/lib/python3.8/site-packages/airflow/example_dags/example_latest_only.py
[2024-10-10T11:54:20.723+0700] {processor.py:826} INFO - Processing file /home/hasyidan/venv/lib/python3.8/site-packages/airflow/example_dags/example_latest_only.py for tasks to queue
[2024-10-10T11:54:20.726+0700] {logging_mixin.py:149} INFO - [2024-10-10T11:54:20.726+0700] {dagbag.py:541} INFO - Filling up the DagBag from /home/hasyidan/venv/lib/python3.8/site-packages/airflow/example_dags/example_latest_only.py
[2024-10-10T11:54:20.740+0700] {processor.py:836} INFO - DAG(s) dict_keys(['latest_only']) retrieved from /home/hasyidan/venv/lib/python3.8/site-packages/airflow/example_dags/example_latest_only.py
[2024-10-10T11:54:20.776+0700] {logging_mixin.py:149} INFO - [2024-10-10T11:54:20.776+0700] {dag.py:2726} INFO - Sync 1 DAGs
[2024-10-10T11:54:20.818+0700] {logging_mixin.py:149} INFO - [2024-10-10T11:54:20.818+0700] {dag.py:3486} INFO - Setting next_dagrun for latest_only to 2024-10-10T00:54:20.817674+00:00, run_after=2024-10-10T04:54:20.817674+00:00
[2024-10-10T11:54:20.978+0700] {processor.py:179} INFO - Processing /home/hasyidan/venv/lib/python3.8/site-packages/airflow/example_dags/example_latest_only.py took 0.283 seconds
[2024-10-10T11:55:24.392+0700] {processor.py:157} INFO - Started process (PID=3482) to work on /home/hasyidan/venv/lib/python3.8/site-packages/airflow/example_dags/example_latest_only.py
[2024-10-10T11:55:24.417+0700] {processor.py:826} INFO - Processing file /home/hasyidan/venv/lib/python3.8/site-packages/airflow/example_dags/example_latest_only.py for tasks to queue
[2024-10-10T11:55:24.420+0700] {logging_mixin.py:149} INFO - [2024-10-10T11:55:24.419+0700] {dagbag.py:541} INFO - Filling up the DagBag from /home/hasyidan/venv/lib/python3.8/site-packages/airflow/example_dags/example_latest_only.py
[2024-10-10T11:55:24.432+0700] {processor.py:836} INFO - DAG(s) dict_keys(['latest_only']) retrieved from /home/hasyidan/venv/lib/python3.8/site-packages/airflow/example_dags/example_latest_only.py
[2024-10-10T11:55:24.468+0700] {logging_mixin.py:149} INFO - [2024-10-10T11:55:24.468+0700] {dag.py:2726} INFO - Sync 1 DAGs
[2024-10-10T11:55:24.513+0700] {logging_mixin.py:149} INFO - [2024-10-10T11:55:24.512+0700] {dag.py:3486} INFO - Setting next_dagrun for latest_only to 2024-10-10T00:55:24.512424+00:00, run_after=2024-10-10T04:55:24.512424+00:00
[2024-10-10T11:55:24.672+0700] {processor.py:179} INFO - Processing /home/hasyidan/venv/lib/python3.8/site-packages/airflow/example_dags/example_latest_only.py took 0.285 seconds
[2024-10-10T11:56:25.461+0700] {processor.py:157} INFO - Started process (PID=3548) to work on /home/hasyidan/venv/lib/python3.8/site-packages/airflow/example_dags/example_latest_only.py
[2024-10-10T11:56:25.515+0700] {processor.py:826} INFO - Processing file /home/hasyidan/venv/lib/python3.8/site-packages/airflow/example_dags/example_latest_only.py for tasks to queue
[2024-10-10T11:56:25.517+0700] {logging_mixin.py:149} INFO - [2024-10-10T11:56:25.516+0700] {dagbag.py:541} INFO - Filling up the DagBag from /home/hasyidan/venv/lib/python3.8/site-packages/airflow/example_dags/example_latest_only.py
[2024-10-10T11:56:25.530+0700] {processor.py:836} INFO - DAG(s) dict_keys(['latest_only']) retrieved from /home/hasyidan/venv/lib/python3.8/site-packages/airflow/example_dags/example_latest_only.py
[2024-10-10T11:56:25.566+0700] {logging_mixin.py:149} INFO - [2024-10-10T11:56:25.565+0700] {dag.py:2726} INFO - Sync 1 DAGs
[2024-10-10T11:56:25.608+0700] {logging_mixin.py:149} INFO - [2024-10-10T11:56:25.608+0700] {dag.py:3486} INFO - Setting next_dagrun for latest_only to 2024-10-10T00:56:25.607737+00:00, run_after=2024-10-10T04:56:25.607737+00:00
[2024-10-10T11:56:25.760+0700] {processor.py:179} INFO - Processing /home/hasyidan/venv/lib/python3.8/site-packages/airflow/example_dags/example_latest_only.py took 0.305 seconds
[2024-10-10T11:57:23.053+0700] {processor.py:157} INFO - Started process (PID=3613) to work on /home/hasyidan/venv/lib/python3.8/site-packages/airflow/example_dags/example_latest_only.py
[2024-10-10T11:57:23.074+0700] {processor.py:826} INFO - Processing file /home/hasyidan/venv/lib/python3.8/site-packages/airflow/example_dags/example_latest_only.py for tasks to queue
[2024-10-10T11:57:23.077+0700] {logging_mixin.py:149} INFO - [2024-10-10T11:57:23.076+0700] {dagbag.py:541} INFO - Filling up the DagBag from /home/hasyidan/venv/lib/python3.8/site-packages/airflow/example_dags/example_latest_only.py
[2024-10-10T11:57:23.090+0700] {processor.py:836} INFO - DAG(s) dict_keys(['latest_only']) retrieved from /home/hasyidan/venv/lib/python3.8/site-packages/airflow/example_dags/example_latest_only.py
[2024-10-10T11:57:23.127+0700] {logging_mixin.py:149} INFO - [2024-10-10T11:57:23.127+0700] {dag.py:2726} INFO - Sync 1 DAGs
[2024-10-10T11:57:23.169+0700] {logging_mixin.py:149} INFO - [2024-10-10T11:57:23.169+0700] {dag.py:3486} INFO - Setting next_dagrun for latest_only to 2024-10-10T00:57:23.168717+00:00, run_after=2024-10-10T04:57:23.168717+00:00
[2024-10-10T11:57:23.307+0700] {processor.py:179} INFO - Processing /home/hasyidan/venv/lib/python3.8/site-packages/airflow/example_dags/example_latest_only.py took 0.260 seconds
[2024-10-10T11:58:23.245+0700] {processor.py:157} INFO - Started process (PID=3682) to work on /home/hasyidan/venv/lib/python3.8/site-packages/airflow/example_dags/example_latest_only.py
[2024-10-10T11:58:23.260+0700] {processor.py:826} INFO - Processing file /home/hasyidan/venv/lib/python3.8/site-packages/airflow/example_dags/example_latest_only.py for tasks to queue
[2024-10-10T11:58:23.263+0700] {logging_mixin.py:149} INFO - [2024-10-10T11:58:23.262+0700] {dagbag.py:541} INFO - Filling up the DagBag from /home/hasyidan/venv/lib/python3.8/site-packages/airflow/example_dags/example_latest_only.py
[2024-10-10T11:58:23.277+0700] {processor.py:836} INFO - DAG(s) dict_keys(['latest_only']) retrieved from /home/hasyidan/venv/lib/python3.8/site-packages/airflow/example_dags/example_latest_only.py
[2024-10-10T11:58:23.313+0700] {logging_mixin.py:149} INFO - [2024-10-10T11:58:23.313+0700] {dag.py:2726} INFO - Sync 1 DAGs
[2024-10-10T11:58:23.357+0700] {logging_mixin.py:149} INFO - [2024-10-10T11:58:23.357+0700] {dag.py:3486} INFO - Setting next_dagrun for latest_only to 2024-10-10T00:58:23.356769+00:00, run_after=2024-10-10T04:58:23.356769+00:00
[2024-10-10T11:58:23.492+0700] {processor.py:179} INFO - Processing /home/hasyidan/venv/lib/python3.8/site-packages/airflow/example_dags/example_latest_only.py took 0.254 seconds
[2024-10-10T11:59:34.084+0700] {processor.py:157} INFO - Started process (PID=3761) to work on /home/hasyidan/venv/lib/python3.8/site-packages/airflow/example_dags/example_latest_only.py
[2024-10-10T11:59:34.093+0700] {processor.py:826} INFO - Processing file /home/hasyidan/venv/lib/python3.8/site-packages/airflow/example_dags/example_latest_only.py for tasks to queue
[2024-10-10T11:59:34.095+0700] {logging_mixin.py:149} INFO - [2024-10-10T11:59:34.094+0700] {dagbag.py:541} INFO - Filling up the DagBag from /home/hasyidan/venv/lib/python3.8/site-packages/airflow/example_dags/example_latest_only.py
[2024-10-10T11:59:34.108+0700] {processor.py:836} INFO - DAG(s) dict_keys(['latest_only']) retrieved from /home/hasyidan/venv/lib/python3.8/site-packages/airflow/example_dags/example_latest_only.py
[2024-10-10T11:59:34.145+0700] {logging_mixin.py:149} INFO - [2024-10-10T11:59:34.145+0700] {dag.py:2726} INFO - Sync 1 DAGs
[2024-10-10T11:59:34.190+0700] {logging_mixin.py:149} INFO - [2024-10-10T11:59:34.190+0700] {dag.py:3486} INFO - Setting next_dagrun for latest_only to 2024-10-10T00:59:34.189563+00:00, run_after=2024-10-10T04:59:34.189563+00:00
[2024-10-10T11:59:34.370+0700] {processor.py:179} INFO - Processing /home/hasyidan/venv/lib/python3.8/site-packages/airflow/example_dags/example_latest_only.py took 0.292 seconds
[2024-10-10T12:00:31.441+0700] {processor.py:157} INFO - Started process (PID=3817) to work on /home/hasyidan/venv/lib/python3.8/site-packages/airflow/example_dags/example_latest_only.py
[2024-10-10T12:00:31.463+0700] {processor.py:826} INFO - Processing file /home/hasyidan/venv/lib/python3.8/site-packages/airflow/example_dags/example_latest_only.py for tasks to queue
[2024-10-10T12:00:31.466+0700] {logging_mixin.py:149} INFO - [2024-10-10T12:00:31.466+0700] {dagbag.py:541} INFO - Filling up the DagBag from /home/hasyidan/venv/lib/python3.8/site-packages/airflow/example_dags/example_latest_only.py
[2024-10-10T12:00:31.480+0700] {processor.py:836} INFO - DAG(s) dict_keys(['latest_only']) retrieved from /home/hasyidan/venv/lib/python3.8/site-packages/airflow/example_dags/example_latest_only.py
[2024-10-10T12:00:31.518+0700] {logging_mixin.py:149} INFO - [2024-10-10T12:00:31.517+0700] {dag.py:2726} INFO - Sync 1 DAGs
[2024-10-10T12:00:31.560+0700] {logging_mixin.py:149} INFO - [2024-10-10T12:00:31.560+0700] {dag.py:3486} INFO - Setting next_dagrun for latest_only to 2024-10-10T01:00:31.559675+00:00, run_after=2024-10-10T05:00:31.559675+00:00
[2024-10-10T12:00:31.693+0700] {processor.py:179} INFO - Processing /home/hasyidan/venv/lib/python3.8/site-packages/airflow/example_dags/example_latest_only.py took 0.258 seconds
[2024-10-10T12:01:27.513+0700] {processor.py:157} INFO - Started process (PID=3879) to work on /home/hasyidan/venv/lib/python3.8/site-packages/airflow/example_dags/example_latest_only.py
[2024-10-10T12:01:27.521+0700] {processor.py:826} INFO - Processing file /home/hasyidan/venv/lib/python3.8/site-packages/airflow/example_dags/example_latest_only.py for tasks to queue
[2024-10-10T12:01:27.523+0700] {logging_mixin.py:149} INFO - [2024-10-10T12:01:27.522+0700] {dagbag.py:541} INFO - Filling up the DagBag from /home/hasyidan/venv/lib/python3.8/site-packages/airflow/example_dags/example_latest_only.py
[2024-10-10T12:01:27.538+0700] {processor.py:836} INFO - DAG(s) dict_keys(['latest_only']) retrieved from /home/hasyidan/venv/lib/python3.8/site-packages/airflow/example_dags/example_latest_only.py
[2024-10-10T12:01:27.574+0700] {logging_mixin.py:149} INFO - [2024-10-10T12:01:27.573+0700] {dag.py:2726} INFO - Sync 1 DAGs
[2024-10-10T12:01:27.616+0700] {logging_mixin.py:149} INFO - [2024-10-10T12:01:27.615+0700] {dag.py:3486} INFO - Setting next_dagrun for latest_only to 2024-10-10T01:01:27.615393+00:00, run_after=2024-10-10T05:01:27.615393+00:00
[2024-10-10T12:01:27.739+0700] {processor.py:179} INFO - Processing /home/hasyidan/venv/lib/python3.8/site-packages/airflow/example_dags/example_latest_only.py took 0.232 seconds
[2024-10-10T12:02:17.288+0700] {processor.py:157} INFO - Started process (PID=3938) to work on /home/hasyidan/venv/lib/python3.8/site-packages/airflow/example_dags/example_latest_only.py
[2024-10-10T12:02:17.301+0700] {processor.py:826} INFO - Processing file /home/hasyidan/venv/lib/python3.8/site-packages/airflow/example_dags/example_latest_only.py for tasks to queue
[2024-10-10T12:02:17.304+0700] {logging_mixin.py:149} INFO - [2024-10-10T12:02:17.303+0700] {dagbag.py:541} INFO - Filling up the DagBag from /home/hasyidan/venv/lib/python3.8/site-packages/airflow/example_dags/example_latest_only.py
[2024-10-10T12:02:17.317+0700] {processor.py:836} INFO - DAG(s) dict_keys(['latest_only']) retrieved from /home/hasyidan/venv/lib/python3.8/site-packages/airflow/example_dags/example_latest_only.py
[2024-10-10T12:02:17.355+0700] {logging_mixin.py:149} INFO - [2024-10-10T12:02:17.354+0700] {dag.py:2726} INFO - Sync 1 DAGs
[2024-10-10T12:02:17.398+0700] {logging_mixin.py:149} INFO - [2024-10-10T12:02:17.397+0700] {dag.py:3486} INFO - Setting next_dagrun for latest_only to 2024-10-10T01:02:17.397206+00:00, run_after=2024-10-10T05:02:17.397206+00:00
[2024-10-10T12:02:17.521+0700] {processor.py:179} INFO - Processing /home/hasyidan/venv/lib/python3.8/site-packages/airflow/example_dags/example_latest_only.py took 0.240 seconds
[2024-10-10T12:03:07.248+0700] {processor.py:157} INFO - Started process (PID=3991) to work on /home/hasyidan/venv/lib/python3.8/site-packages/airflow/example_dags/example_latest_only.py
[2024-10-10T12:03:07.264+0700] {processor.py:826} INFO - Processing file /home/hasyidan/venv/lib/python3.8/site-packages/airflow/example_dags/example_latest_only.py for tasks to queue
[2024-10-10T12:03:07.267+0700] {logging_mixin.py:149} INFO - [2024-10-10T12:03:07.266+0700] {dagbag.py:541} INFO - Filling up the DagBag from /home/hasyidan/venv/lib/python3.8/site-packages/airflow/example_dags/example_latest_only.py
[2024-10-10T12:03:07.281+0700] {processor.py:836} INFO - DAG(s) dict_keys(['latest_only']) retrieved from /home/hasyidan/venv/lib/python3.8/site-packages/airflow/example_dags/example_latest_only.py
[2024-10-10T12:03:07.316+0700] {logging_mixin.py:149} INFO - [2024-10-10T12:03:07.316+0700] {dag.py:2726} INFO - Sync 1 DAGs
[2024-10-10T12:03:07.359+0700] {logging_mixin.py:149} INFO - [2024-10-10T12:03:07.358+0700] {dag.py:3486} INFO - Setting next_dagrun for latest_only to 2024-10-10T01:03:07.358400+00:00, run_after=2024-10-10T05:03:07.358400+00:00
[2024-10-10T12:03:07.506+0700] {processor.py:179} INFO - Processing /home/hasyidan/venv/lib/python3.8/site-packages/airflow/example_dags/example_latest_only.py took 0.264 seconds
[2024-10-10T12:03:59.974+0700] {processor.py:157} INFO - Started process (PID=4048) to work on /home/hasyidan/venv/lib/python3.8/site-packages/airflow/example_dags/example_latest_only.py
[2024-10-10T12:03:59.976+0700] {processor.py:826} INFO - Processing file /home/hasyidan/venv/lib/python3.8/site-packages/airflow/example_dags/example_latest_only.py for tasks to queue
[2024-10-10T12:03:59.978+0700] {logging_mixin.py:149} INFO - [2024-10-10T12:03:59.977+0700] {dagbag.py:541} INFO - Filling up the DagBag from /home/hasyidan/venv/lib/python3.8/site-packages/airflow/example_dags/example_latest_only.py
[2024-10-10T12:03:59.988+0700] {processor.py:836} INFO - DAG(s) dict_keys(['latest_only']) retrieved from /home/hasyidan/venv/lib/python3.8/site-packages/airflow/example_dags/example_latest_only.py
[2024-10-10T12:04:00.025+0700] {logging_mixin.py:149} INFO - [2024-10-10T12:04:00.025+0700] {dag.py:2726} INFO - Sync 1 DAGs
[2024-10-10T12:04:00.067+0700] {logging_mixin.py:149} INFO - [2024-10-10T12:04:00.067+0700] {dag.py:3486} INFO - Setting next_dagrun for latest_only to 2024-10-10T01:04:00.067089+00:00, run_after=2024-10-10T05:04:00.067089+00:00
[2024-10-10T12:04:00.179+0700] {processor.py:179} INFO - Processing /home/hasyidan/venv/lib/python3.8/site-packages/airflow/example_dags/example_latest_only.py took 0.211 seconds
[2024-10-10T12:04:52.151+0700] {processor.py:157} INFO - Started process (PID=4159) to work on /home/hasyidan/venv/lib/python3.8/site-packages/airflow/example_dags/example_latest_only.py
[2024-10-10T12:04:52.162+0700] {processor.py:826} INFO - Processing file /home/hasyidan/venv/lib/python3.8/site-packages/airflow/example_dags/example_latest_only.py for tasks to queue
[2024-10-10T12:04:52.163+0700] {logging_mixin.py:149} INFO - [2024-10-10T12:04:52.163+0700] {dagbag.py:541} INFO - Filling up the DagBag from /home/hasyidan/venv/lib/python3.8/site-packages/airflow/example_dags/example_latest_only.py
[2024-10-10T12:04:52.177+0700] {processor.py:836} INFO - DAG(s) dict_keys(['latest_only']) retrieved from /home/hasyidan/venv/lib/python3.8/site-packages/airflow/example_dags/example_latest_only.py
[2024-10-10T12:04:52.213+0700] {logging_mixin.py:149} INFO - [2024-10-10T12:04:52.212+0700] {dag.py:2726} INFO - Sync 1 DAGs
[2024-10-10T12:04:52.256+0700] {logging_mixin.py:149} INFO - [2024-10-10T12:04:52.255+0700] {dag.py:3486} INFO - Setting next_dagrun for latest_only to 2024-10-10T01:04:52.255212+00:00, run_after=2024-10-10T05:04:52.255212+00:00
[2024-10-10T12:04:52.379+0700] {processor.py:179} INFO - Processing /home/hasyidan/venv/lib/python3.8/site-packages/airflow/example_dags/example_latest_only.py took 0.233 seconds
[2024-10-10T12:05:46.185+0700] {processor.py:157} INFO - Started process (PID=4221) to work on /home/hasyidan/venv/lib/python3.8/site-packages/airflow/example_dags/example_latest_only.py
[2024-10-10T12:05:46.198+0700] {processor.py:826} INFO - Processing file /home/hasyidan/venv/lib/python3.8/site-packages/airflow/example_dags/example_latest_only.py for tasks to queue
[2024-10-10T12:05:46.200+0700] {logging_mixin.py:149} INFO - [2024-10-10T12:05:46.200+0700] {dagbag.py:541} INFO - Filling up the DagBag from /home/hasyidan/venv/lib/python3.8/site-packages/airflow/example_dags/example_latest_only.py
[2024-10-10T12:05:46.213+0700] {processor.py:836} INFO - DAG(s) dict_keys(['latest_only']) retrieved from /home/hasyidan/venv/lib/python3.8/site-packages/airflow/example_dags/example_latest_only.py
[2024-10-10T12:05:46.251+0700] {logging_mixin.py:149} INFO - [2024-10-10T12:05:46.251+0700] {dag.py:2726} INFO - Sync 1 DAGs
[2024-10-10T12:05:46.293+0700] {logging_mixin.py:149} INFO - [2024-10-10T12:05:46.293+0700] {dag.py:3486} INFO - Setting next_dagrun for latest_only to 2024-10-10T01:05:46.292739+00:00, run_after=2024-10-10T05:05:46.292739+00:00
[2024-10-10T12:05:46.444+0700] {processor.py:179} INFO - Processing /home/hasyidan/venv/lib/python3.8/site-packages/airflow/example_dags/example_latest_only.py took 0.265 seconds
[2024-10-10T12:06:42.820+0700] {processor.py:157} INFO - Started process (PID=4282) to work on /home/hasyidan/venv/lib/python3.8/site-packages/airflow/example_dags/example_latest_only.py
[2024-10-10T12:06:42.843+0700] {processor.py:826} INFO - Processing file /home/hasyidan/venv/lib/python3.8/site-packages/airflow/example_dags/example_latest_only.py for tasks to queue
[2024-10-10T12:06:42.846+0700] {logging_mixin.py:149} INFO - [2024-10-10T12:06:42.845+0700] {dagbag.py:541} INFO - Filling up the DagBag from /home/hasyidan/venv/lib/python3.8/site-packages/airflow/example_dags/example_latest_only.py
[2024-10-10T12:06:42.858+0700] {processor.py:836} INFO - DAG(s) dict_keys(['latest_only']) retrieved from /home/hasyidan/venv/lib/python3.8/site-packages/airflow/example_dags/example_latest_only.py
[2024-10-10T12:06:42.894+0700] {logging_mixin.py:149} INFO - [2024-10-10T12:06:42.894+0700] {dag.py:2726} INFO - Sync 1 DAGs
[2024-10-10T12:06:42.936+0700] {logging_mixin.py:149} INFO - [2024-10-10T12:06:42.936+0700] {dag.py:3486} INFO - Setting next_dagrun for latest_only to 2024-10-10T01:06:42.936010+00:00, run_after=2024-10-10T05:06:42.936010+00:00
[2024-10-10T12:06:43.079+0700] {processor.py:179} INFO - Processing /home/hasyidan/venv/lib/python3.8/site-packages/airflow/example_dags/example_latest_only.py took 0.265 seconds
[2024-10-10T12:07:38.991+0700] {processor.py:157} INFO - Started process (PID=4339) to work on /home/hasyidan/venv/lib/python3.8/site-packages/airflow/example_dags/example_latest_only.py
[2024-10-10T12:07:39.011+0700] {processor.py:826} INFO - Processing file /home/hasyidan/venv/lib/python3.8/site-packages/airflow/example_dags/example_latest_only.py for tasks to queue
[2024-10-10T12:07:39.013+0700] {logging_mixin.py:149} INFO - [2024-10-10T12:07:39.013+0700] {dagbag.py:541} INFO - Filling up the DagBag from /home/hasyidan/venv/lib/python3.8/site-packages/airflow/example_dags/example_latest_only.py
[2024-10-10T12:07:39.026+0700] {processor.py:836} INFO - DAG(s) dict_keys(['latest_only']) retrieved from /home/hasyidan/venv/lib/python3.8/site-packages/airflow/example_dags/example_latest_only.py
[2024-10-10T12:07:39.063+0700] {logging_mixin.py:149} INFO - [2024-10-10T12:07:39.063+0700] {dag.py:2726} INFO - Sync 1 DAGs
[2024-10-10T12:07:39.105+0700] {logging_mixin.py:149} INFO - [2024-10-10T12:07:39.105+0700] {dag.py:3486} INFO - Setting next_dagrun for latest_only to 2024-10-10T01:07:39.105049+00:00, run_after=2024-10-10T05:07:39.105049+00:00
[2024-10-10T12:07:39.258+0700] {processor.py:179} INFO - Processing /home/hasyidan/venv/lib/python3.8/site-packages/airflow/example_dags/example_latest_only.py took 0.273 seconds
[2024-10-10T12:08:37.330+0700] {processor.py:157} INFO - Started process (PID=4407) to work on /home/hasyidan/venv/lib/python3.8/site-packages/airflow/example_dags/example_latest_only.py
[2024-10-10T12:08:37.351+0700] {processor.py:826} INFO - Processing file /home/hasyidan/venv/lib/python3.8/site-packages/airflow/example_dags/example_latest_only.py for tasks to queue
[2024-10-10T12:08:37.354+0700] {logging_mixin.py:149} INFO - [2024-10-10T12:08:37.353+0700] {dagbag.py:541} INFO - Filling up the DagBag from /home/hasyidan/venv/lib/python3.8/site-packages/airflow/example_dags/example_latest_only.py
[2024-10-10T12:08:37.367+0700] {processor.py:836} INFO - DAG(s) dict_keys(['latest_only']) retrieved from /home/hasyidan/venv/lib/python3.8/site-packages/airflow/example_dags/example_latest_only.py
[2024-10-10T12:08:37.403+0700] {logging_mixin.py:149} INFO - [2024-10-10T12:08:37.403+0700] {dag.py:2726} INFO - Sync 1 DAGs
[2024-10-10T12:08:37.447+0700] {logging_mixin.py:149} INFO - [2024-10-10T12:08:37.446+0700] {dag.py:3486} INFO - Setting next_dagrun for latest_only to 2024-10-10T01:08:37.446226+00:00, run_after=2024-10-10T05:08:37.446226+00:00
[2024-10-10T12:08:37.572+0700] {processor.py:179} INFO - Processing /home/hasyidan/venv/lib/python3.8/site-packages/airflow/example_dags/example_latest_only.py took 0.248 seconds
[2024-10-10T12:09:31.550+0700] {processor.py:157} INFO - Started process (PID=4460) to work on /home/hasyidan/venv/lib/python3.8/site-packages/airflow/example_dags/example_latest_only.py
[2024-10-10T12:09:31.552+0700] {processor.py:826} INFO - Processing file /home/hasyidan/venv/lib/python3.8/site-packages/airflow/example_dags/example_latest_only.py for tasks to queue
[2024-10-10T12:09:31.553+0700] {logging_mixin.py:149} INFO - [2024-10-10T12:09:31.553+0700] {dagbag.py:541} INFO - Filling up the DagBag from /home/hasyidan/venv/lib/python3.8/site-packages/airflow/example_dags/example_latest_only.py
[2024-10-10T12:09:31.564+0700] {processor.py:836} INFO - DAG(s) dict_keys(['latest_only']) retrieved from /home/hasyidan/venv/lib/python3.8/site-packages/airflow/example_dags/example_latest_only.py
[2024-10-10T12:09:31.601+0700] {logging_mixin.py:149} INFO - [2024-10-10T12:09:31.601+0700] {dag.py:2726} INFO - Sync 1 DAGs
[2024-10-10T12:09:31.643+0700] {logging_mixin.py:149} INFO - [2024-10-10T12:09:31.643+0700] {dag.py:3486} INFO - Setting next_dagrun for latest_only to 2024-10-10T01:09:31.643104+00:00, run_after=2024-10-10T05:09:31.643104+00:00
[2024-10-10T12:09:31.767+0700] {processor.py:179} INFO - Processing /home/hasyidan/venv/lib/python3.8/site-packages/airflow/example_dags/example_latest_only.py took 0.224 seconds
[2024-10-10T12:10:23.244+0700] {processor.py:157} INFO - Started process (PID=4518) to work on /home/hasyidan/venv/lib/python3.8/site-packages/airflow/example_dags/example_latest_only.py
[2024-10-10T12:10:23.262+0700] {processor.py:826} INFO - Processing file /home/hasyidan/venv/lib/python3.8/site-packages/airflow/example_dags/example_latest_only.py for tasks to queue
[2024-10-10T12:10:23.265+0700] {logging_mixin.py:149} INFO - [2024-10-10T12:10:23.264+0700] {dagbag.py:541} INFO - Filling up the DagBag from /home/hasyidan/venv/lib/python3.8/site-packages/airflow/example_dags/example_latest_only.py
[2024-10-10T12:10:23.277+0700] {processor.py:836} INFO - DAG(s) dict_keys(['latest_only']) retrieved from /home/hasyidan/venv/lib/python3.8/site-packages/airflow/example_dags/example_latest_only.py
[2024-10-10T12:10:23.313+0700] {logging_mixin.py:149} INFO - [2024-10-10T12:10:23.313+0700] {dag.py:2726} INFO - Sync 1 DAGs
[2024-10-10T12:10:23.355+0700] {logging_mixin.py:149} INFO - [2024-10-10T12:10:23.355+0700] {dag.py:3486} INFO - Setting next_dagrun for latest_only to 2024-10-10T01:10:23.354771+00:00, run_after=2024-10-10T05:10:23.354771+00:00
[2024-10-10T12:10:23.496+0700] {processor.py:179} INFO - Processing /home/hasyidan/venv/lib/python3.8/site-packages/airflow/example_dags/example_latest_only.py took 0.258 seconds
[2024-10-10T12:11:15.636+0700] {processor.py:157} INFO - Started process (PID=4584) to work on /home/hasyidan/venv/lib/python3.8/site-packages/airflow/example_dags/example_latest_only.py
[2024-10-10T12:11:15.647+0700] {processor.py:826} INFO - Processing file /home/hasyidan/venv/lib/python3.8/site-packages/airflow/example_dags/example_latest_only.py for tasks to queue
[2024-10-10T12:11:15.649+0700] {logging_mixin.py:149} INFO - [2024-10-10T12:11:15.649+0700] {dagbag.py:541} INFO - Filling up the DagBag from /home/hasyidan/venv/lib/python3.8/site-packages/airflow/example_dags/example_latest_only.py
[2024-10-10T12:11:15.662+0700] {processor.py:836} INFO - DAG(s) dict_keys(['latest_only']) retrieved from /home/hasyidan/venv/lib/python3.8/site-packages/airflow/example_dags/example_latest_only.py
[2024-10-10T12:11:15.703+0700] {logging_mixin.py:149} INFO - [2024-10-10T12:11:15.703+0700] {dag.py:2726} INFO - Sync 1 DAGs
[2024-10-10T12:11:15.749+0700] {logging_mixin.py:149} INFO - [2024-10-10T12:11:15.749+0700] {dag.py:3486} INFO - Setting next_dagrun for latest_only to 2024-10-10T01:11:15.748741+00:00, run_after=2024-10-10T05:11:15.748741+00:00
[2024-10-10T12:11:15.871+0700] {processor.py:179} INFO - Processing /home/hasyidan/venv/lib/python3.8/site-packages/airflow/example_dags/example_latest_only.py took 0.240 seconds
[2024-10-10T12:12:09.815+0700] {processor.py:157} INFO - Started process (PID=4648) to work on /home/hasyidan/venv/lib/python3.8/site-packages/airflow/example_dags/example_latest_only.py
[2024-10-10T12:12:09.839+0700] {processor.py:826} INFO - Processing file /home/hasyidan/venv/lib/python3.8/site-packages/airflow/example_dags/example_latest_only.py for tasks to queue
[2024-10-10T12:12:09.841+0700] {logging_mixin.py:149} INFO - [2024-10-10T12:12:09.840+0700] {dagbag.py:541} INFO - Filling up the DagBag from /home/hasyidan/venv/lib/python3.8/site-packages/airflow/example_dags/example_latest_only.py
[2024-10-10T12:12:09.853+0700] {processor.py:836} INFO - DAG(s) dict_keys(['latest_only']) retrieved from /home/hasyidan/venv/lib/python3.8/site-packages/airflow/example_dags/example_latest_only.py
[2024-10-10T12:12:09.889+0700] {logging_mixin.py:149} INFO - [2024-10-10T12:12:09.888+0700] {dag.py:2726} INFO - Sync 1 DAGs
[2024-10-10T12:12:09.930+0700] {logging_mixin.py:149} INFO - [2024-10-10T12:12:09.930+0700] {dag.py:3486} INFO - Setting next_dagrun for latest_only to 2024-10-10T01:12:09.929892+00:00, run_after=2024-10-10T05:12:09.929892+00:00
[2024-10-10T12:12:10.055+0700] {processor.py:179} INFO - Processing /home/hasyidan/venv/lib/python3.8/site-packages/airflow/example_dags/example_latest_only.py took 0.246 seconds
[2024-10-10T12:13:03.511+0700] {processor.py:157} INFO - Started process (PID=4708) to work on /home/hasyidan/venv/lib/python3.8/site-packages/airflow/example_dags/example_latest_only.py
[2024-10-10T12:13:03.521+0700] {processor.py:826} INFO - Processing file /home/hasyidan/venv/lib/python3.8/site-packages/airflow/example_dags/example_latest_only.py for tasks to queue
[2024-10-10T12:13:03.522+0700] {logging_mixin.py:149} INFO - [2024-10-10T12:13:03.522+0700] {dagbag.py:541} INFO - Filling up the DagBag from /home/hasyidan/venv/lib/python3.8/site-packages/airflow/example_dags/example_latest_only.py
[2024-10-10T12:13:03.535+0700] {processor.py:836} INFO - DAG(s) dict_keys(['latest_only']) retrieved from /home/hasyidan/venv/lib/python3.8/site-packages/airflow/example_dags/example_latest_only.py
[2024-10-10T12:13:03.571+0700] {logging_mixin.py:149} INFO - [2024-10-10T12:13:03.571+0700] {dag.py:2726} INFO - Sync 1 DAGs
[2024-10-10T12:13:03.613+0700] {logging_mixin.py:149} INFO - [2024-10-10T12:13:03.613+0700] {dag.py:3486} INFO - Setting next_dagrun for latest_only to 2024-10-10T01:13:03.612961+00:00, run_after=2024-10-10T05:13:03.612961+00:00
[2024-10-10T12:13:03.735+0700] {processor.py:179} INFO - Processing /home/hasyidan/venv/lib/python3.8/site-packages/airflow/example_dags/example_latest_only.py took 0.229 seconds
[2024-10-10T12:13:53.976+0700] {processor.py:157} INFO - Started process (PID=4769) to work on /home/hasyidan/venv/lib/python3.8/site-packages/airflow/example_dags/example_latest_only.py
[2024-10-10T12:13:54.030+0700] {processor.py:826} INFO - Processing file /home/hasyidan/venv/lib/python3.8/site-packages/airflow/example_dags/example_latest_only.py for tasks to queue
[2024-10-10T12:13:54.034+0700] {logging_mixin.py:149} INFO - [2024-10-10T12:13:54.033+0700] {dagbag.py:541} INFO - Filling up the DagBag from /home/hasyidan/venv/lib/python3.8/site-packages/airflow/example_dags/example_latest_only.py
[2024-10-10T12:13:54.049+0700] {processor.py:836} INFO - DAG(s) dict_keys(['latest_only']) retrieved from /home/hasyidan/venv/lib/python3.8/site-packages/airflow/example_dags/example_latest_only.py
[2024-10-10T12:13:54.090+0700] {logging_mixin.py:149} INFO - [2024-10-10T12:13:54.090+0700] {dag.py:2726} INFO - Sync 1 DAGs
[2024-10-10T12:13:54.138+0700] {logging_mixin.py:149} INFO - [2024-10-10T12:13:54.137+0700] {dag.py:3486} INFO - Setting next_dagrun for latest_only to 2024-10-10T01:13:54.137423+00:00, run_after=2024-10-10T05:13:54.137423+00:00
[2024-10-10T12:13:54.283+0700] {processor.py:179} INFO - Processing /home/hasyidan/venv/lib/python3.8/site-packages/airflow/example_dags/example_latest_only.py took 0.314 seconds
[2024-10-10T12:14:43.982+0700] {processor.py:157} INFO - Started process (PID=4827) to work on /home/hasyidan/venv/lib/python3.8/site-packages/airflow/example_dags/example_latest_only.py
[2024-10-10T12:14:43.983+0700] {processor.py:826} INFO - Processing file /home/hasyidan/venv/lib/python3.8/site-packages/airflow/example_dags/example_latest_only.py for tasks to queue
[2024-10-10T12:14:43.985+0700] {logging_mixin.py:149} INFO - [2024-10-10T12:14:43.985+0700] {dagbag.py:541} INFO - Filling up the DagBag from /home/hasyidan/venv/lib/python3.8/site-packages/airflow/example_dags/example_latest_only.py
[2024-10-10T12:14:43.995+0700] {processor.py:836} INFO - DAG(s) dict_keys(['latest_only']) retrieved from /home/hasyidan/venv/lib/python3.8/site-packages/airflow/example_dags/example_latest_only.py
[2024-10-10T12:14:44.032+0700] {logging_mixin.py:149} INFO - [2024-10-10T12:14:44.031+0700] {dag.py:2726} INFO - Sync 1 DAGs
[2024-10-10T12:14:44.073+0700] {logging_mixin.py:149} INFO - [2024-10-10T12:14:44.073+0700] {dag.py:3486} INFO - Setting next_dagrun for latest_only to 2024-10-10T01:14:44.072964+00:00, run_after=2024-10-10T05:14:44.072964+00:00
[2024-10-10T12:14:44.232+0700] {processor.py:179} INFO - Processing /home/hasyidan/venv/lib/python3.8/site-packages/airflow/example_dags/example_latest_only.py took 0.256 seconds
[2024-10-10T12:15:34.887+0700] {processor.py:157} INFO - Started process (PID=4890) to work on /home/hasyidan/venv/lib/python3.8/site-packages/airflow/example_dags/example_latest_only.py
[2024-10-10T12:15:34.914+0700] {processor.py:826} INFO - Processing file /home/hasyidan/venv/lib/python3.8/site-packages/airflow/example_dags/example_latest_only.py for tasks to queue
[2024-10-10T12:15:34.917+0700] {logging_mixin.py:149} INFO - [2024-10-10T12:15:34.916+0700] {dagbag.py:541} INFO - Filling up the DagBag from /home/hasyidan/venv/lib/python3.8/site-packages/airflow/example_dags/example_latest_only.py
[2024-10-10T12:15:34.929+0700] {processor.py:836} INFO - DAG(s) dict_keys(['latest_only']) retrieved from /home/hasyidan/venv/lib/python3.8/site-packages/airflow/example_dags/example_latest_only.py
[2024-10-10T12:15:34.965+0700] {logging_mixin.py:149} INFO - [2024-10-10T12:15:34.965+0700] {dag.py:2726} INFO - Sync 1 DAGs
[2024-10-10T12:15:35.009+0700] {logging_mixin.py:149} INFO - [2024-10-10T12:15:35.009+0700] {dag.py:3486} INFO - Setting next_dagrun for latest_only to 2024-10-10T01:15:35.009185+00:00, run_after=2024-10-10T05:15:35.009185+00:00
[2024-10-10T12:15:35.143+0700] {processor.py:179} INFO - Processing /home/hasyidan/venv/lib/python3.8/site-packages/airflow/example_dags/example_latest_only.py took 0.262 seconds
[2024-10-10T12:16:28.497+0700] {processor.py:157} INFO - Started process (PID=4944) to work on /home/hasyidan/venv/lib/python3.8/site-packages/airflow/example_dags/example_latest_only.py
[2024-10-10T12:16:28.513+0700] {processor.py:826} INFO - Processing file /home/hasyidan/venv/lib/python3.8/site-packages/airflow/example_dags/example_latest_only.py for tasks to queue
[2024-10-10T12:16:28.516+0700] {logging_mixin.py:149} INFO - [2024-10-10T12:16:28.515+0700] {dagbag.py:541} INFO - Filling up the DagBag from /home/hasyidan/venv/lib/python3.8/site-packages/airflow/example_dags/example_latest_only.py
[2024-10-10T12:16:28.529+0700] {processor.py:836} INFO - DAG(s) dict_keys(['latest_only']) retrieved from /home/hasyidan/venv/lib/python3.8/site-packages/airflow/example_dags/example_latest_only.py
[2024-10-10T12:16:28.569+0700] {logging_mixin.py:149} INFO - [2024-10-10T12:16:28.569+0700] {dag.py:2726} INFO - Sync 1 DAGs
[2024-10-10T12:16:28.616+0700] {logging_mixin.py:149} INFO - [2024-10-10T12:16:28.616+0700] {dag.py:3486} INFO - Setting next_dagrun for latest_only to 2024-10-10T01:16:28.615644+00:00, run_after=2024-10-10T05:16:28.615644+00:00
[2024-10-10T12:16:28.736+0700] {processor.py:179} INFO - Processing /home/hasyidan/venv/lib/python3.8/site-packages/airflow/example_dags/example_latest_only.py took 0.245 seconds
[2024-10-10T12:17:24.140+0700] {processor.py:157} INFO - Started process (PID=5015) to work on /home/hasyidan/venv/lib/python3.8/site-packages/airflow/example_dags/example_latest_only.py
[2024-10-10T12:17:24.174+0700] {processor.py:826} INFO - Processing file /home/hasyidan/venv/lib/python3.8/site-packages/airflow/example_dags/example_latest_only.py for tasks to queue
[2024-10-10T12:17:24.177+0700] {logging_mixin.py:149} INFO - [2024-10-10T12:17:24.176+0700] {dagbag.py:541} INFO - Filling up the DagBag from /home/hasyidan/venv/lib/python3.8/site-packages/airflow/example_dags/example_latest_only.py
[2024-10-10T12:17:24.191+0700] {processor.py:836} INFO - DAG(s) dict_keys(['latest_only']) retrieved from /home/hasyidan/venv/lib/python3.8/site-packages/airflow/example_dags/example_latest_only.py
[2024-10-10T12:17:24.227+0700] {logging_mixin.py:149} INFO - [2024-10-10T12:17:24.227+0700] {dag.py:2726} INFO - Sync 1 DAGs
[2024-10-10T12:17:24.271+0700] {logging_mixin.py:149} INFO - [2024-10-10T12:17:24.271+0700] {dag.py:3486} INFO - Setting next_dagrun for latest_only to 2024-10-10T01:17:24.271133+00:00, run_after=2024-10-10T05:17:24.271133+00:00
[2024-10-10T12:17:24.397+0700] {processor.py:179} INFO - Processing /home/hasyidan/venv/lib/python3.8/site-packages/airflow/example_dags/example_latest_only.py took 0.263 seconds
[2024-10-10T12:18:18.162+0700] {processor.py:157} INFO - Started process (PID=5082) to work on /home/hasyidan/venv/lib/python3.8/site-packages/airflow/example_dags/example_latest_only.py
[2024-10-10T12:18:18.179+0700] {processor.py:826} INFO - Processing file /home/hasyidan/venv/lib/python3.8/site-packages/airflow/example_dags/example_latest_only.py for tasks to queue
[2024-10-10T12:18:18.182+0700] {logging_mixin.py:149} INFO - [2024-10-10T12:18:18.181+0700] {dagbag.py:541} INFO - Filling up the DagBag from /home/hasyidan/venv/lib/python3.8/site-packages/airflow/example_dags/example_latest_only.py
[2024-10-10T12:18:18.196+0700] {processor.py:836} INFO - DAG(s) dict_keys(['latest_only']) retrieved from /home/hasyidan/venv/lib/python3.8/site-packages/airflow/example_dags/example_latest_only.py
[2024-10-10T12:18:18.232+0700] {logging_mixin.py:149} INFO - [2024-10-10T12:18:18.232+0700] {dag.py:2726} INFO - Sync 1 DAGs
[2024-10-10T12:18:18.274+0700] {logging_mixin.py:149} INFO - [2024-10-10T12:18:18.274+0700] {dag.py:3486} INFO - Setting next_dagrun for latest_only to 2024-10-10T01:18:18.273732+00:00, run_after=2024-10-10T05:18:18.273732+00:00
[2024-10-10T12:18:18.413+0700] {processor.py:179} INFO - Processing /home/hasyidan/venv/lib/python3.8/site-packages/airflow/example_dags/example_latest_only.py took 0.257 seconds
[2024-10-10T12:19:09.435+0700] {processor.py:157} INFO - Started process (PID=5135) to work on /home/hasyidan/venv/lib/python3.8/site-packages/airflow/example_dags/example_latest_only.py
[2024-10-10T12:19:09.461+0700] {processor.py:826} INFO - Processing file /home/hasyidan/venv/lib/python3.8/site-packages/airflow/example_dags/example_latest_only.py for tasks to queue
[2024-10-10T12:19:09.463+0700] {logging_mixin.py:149} INFO - [2024-10-10T12:19:09.463+0700] {dagbag.py:541} INFO - Filling up the DagBag from /home/hasyidan/venv/lib/python3.8/site-packages/airflow/example_dags/example_latest_only.py
[2024-10-10T12:19:09.477+0700] {processor.py:836} INFO - DAG(s) dict_keys(['latest_only']) retrieved from /home/hasyidan/venv/lib/python3.8/site-packages/airflow/example_dags/example_latest_only.py
[2024-10-10T12:19:09.513+0700] {logging_mixin.py:149} INFO - [2024-10-10T12:19:09.512+0700] {dag.py:2726} INFO - Sync 1 DAGs
[2024-10-10T12:19:09.556+0700] {logging_mixin.py:149} INFO - [2024-10-10T12:19:09.556+0700] {dag.py:3486} INFO - Setting next_dagrun for latest_only to 2024-10-10T01:19:09.555743+00:00, run_after=2024-10-10T05:19:09.555743+00:00
[2024-10-10T12:19:09.683+0700] {processor.py:179} INFO - Processing /home/hasyidan/venv/lib/python3.8/site-packages/airflow/example_dags/example_latest_only.py took 0.255 seconds
[2024-10-10T12:20:03.597+0700] {processor.py:157} INFO - Started process (PID=5195) to work on /home/hasyidan/venv/lib/python3.8/site-packages/airflow/example_dags/example_latest_only.py
[2024-10-10T12:20:03.632+0700] {processor.py:826} INFO - Processing file /home/hasyidan/venv/lib/python3.8/site-packages/airflow/example_dags/example_latest_only.py for tasks to queue
[2024-10-10T12:20:03.635+0700] {logging_mixin.py:149} INFO - [2024-10-10T12:20:03.634+0700] {dagbag.py:541} INFO - Filling up the DagBag from /home/hasyidan/venv/lib/python3.8/site-packages/airflow/example_dags/example_latest_only.py
[2024-10-10T12:20:03.648+0700] {processor.py:836} INFO - DAG(s) dict_keys(['latest_only']) retrieved from /home/hasyidan/venv/lib/python3.8/site-packages/airflow/example_dags/example_latest_only.py
[2024-10-10T12:20:03.684+0700] {logging_mixin.py:149} INFO - [2024-10-10T12:20:03.684+0700] {dag.py:2726} INFO - Sync 1 DAGs
[2024-10-10T12:20:03.726+0700] {logging_mixin.py:149} INFO - [2024-10-10T12:20:03.726+0700] {dag.py:3486} INFO - Setting next_dagrun for latest_only to 2024-10-10T01:20:03.725765+00:00, run_after=2024-10-10T05:20:03.725765+00:00
[2024-10-10T12:20:03.854+0700] {processor.py:179} INFO - Processing /home/hasyidan/venv/lib/python3.8/site-packages/airflow/example_dags/example_latest_only.py took 0.263 seconds
[2024-10-10T12:21:00.207+0700] {processor.py:157} INFO - Started process (PID=5266) to work on /home/hasyidan/venv/lib/python3.8/site-packages/airflow/example_dags/example_latest_only.py
[2024-10-10T12:21:00.227+0700] {processor.py:826} INFO - Processing file /home/hasyidan/venv/lib/python3.8/site-packages/airflow/example_dags/example_latest_only.py for tasks to queue
[2024-10-10T12:21:00.229+0700] {logging_mixin.py:149} INFO - [2024-10-10T12:21:00.229+0700] {dagbag.py:541} INFO - Filling up the DagBag from /home/hasyidan/venv/lib/python3.8/site-packages/airflow/example_dags/example_latest_only.py
[2024-10-10T12:21:00.243+0700] {processor.py:836} INFO - DAG(s) dict_keys(['latest_only']) retrieved from /home/hasyidan/venv/lib/python3.8/site-packages/airflow/example_dags/example_latest_only.py
[2024-10-10T12:21:00.288+0700] {logging_mixin.py:149} INFO - [2024-10-10T12:21:00.287+0700] {dag.py:2726} INFO - Sync 1 DAGs
[2024-10-10T12:21:00.344+0700] {logging_mixin.py:149} INFO - [2024-10-10T12:21:00.343+0700] {dag.py:3486} INFO - Setting next_dagrun for latest_only to 2024-10-10T01:21:00.343221+00:00, run_after=2024-10-10T05:21:00.343221+00:00
[2024-10-10T12:21:00.512+0700] {processor.py:179} INFO - Processing /home/hasyidan/venv/lib/python3.8/site-packages/airflow/example_dags/example_latest_only.py took 0.312 seconds
[2024-10-10T13:21:41.419+0700] {processor.py:157} INFO - Started process (PID=2187) to work on /home/hasyidan/venv/lib/python3.8/site-packages/airflow/example_dags/example_latest_only.py
[2024-10-10T13:21:41.802+0700] {processor.py:826} INFO - Processing file /home/hasyidan/venv/lib/python3.8/site-packages/airflow/example_dags/example_latest_only.py for tasks to queue
[2024-10-10T13:21:41.991+0700] {logging_mixin.py:149} INFO - [2024-10-10T13:21:41.991+0700] {dagbag.py:541} INFO - Filling up the DagBag from /home/hasyidan/venv/lib/python3.8/site-packages/airflow/example_dags/example_latest_only.py
[2024-10-10T13:21:43.035+0700] {processor.py:836} INFO - DAG(s) dict_keys(['latest_only']) retrieved from /home/hasyidan/venv/lib/python3.8/site-packages/airflow/example_dags/example_latest_only.py
[2024-10-10T13:21:44.759+0700] {logging_mixin.py:149} INFO - [2024-10-10T13:21:44.758+0700] {dag.py:2726} INFO - Sync 1 DAGs
[2024-10-10T13:22:23.097+0700] {logging_mixin.py:149} INFO - [2024-10-10T13:22:23.096+0700] {dag.py:3486} INFO - Setting next_dagrun for latest_only to 2024-10-10T02:22:23.027650+00:00, run_after=2024-10-10T06:22:23.027650+00:00
[2024-10-10T13:22:23.965+0700] {processor.py:179} INFO - Processing /home/hasyidan/venv/lib/python3.8/site-packages/airflow/example_dags/example_latest_only.py took 42.695 seconds
[2024-10-10T13:26:25.505+0700] {processor.py:157} INFO - Started process (PID=2647) to work on /home/hasyidan/venv/lib/python3.8/site-packages/airflow/example_dags/example_latest_only.py
[2024-10-10T13:26:25.615+0700] {processor.py:826} INFO - Processing file /home/hasyidan/venv/lib/python3.8/site-packages/airflow/example_dags/example_latest_only.py for tasks to queue
[2024-10-10T13:26:25.616+0700] {logging_mixin.py:149} INFO - [2024-10-10T13:26:25.616+0700] {dagbag.py:541} INFO - Filling up the DagBag from /home/hasyidan/venv/lib/python3.8/site-packages/airflow/example_dags/example_latest_only.py
[2024-10-10T13:26:25.668+0700] {processor.py:836} INFO - DAG(s) dict_keys(['latest_only']) retrieved from /home/hasyidan/venv/lib/python3.8/site-packages/airflow/example_dags/example_latest_only.py
[2024-10-10T13:26:26.260+0700] {logging_mixin.py:149} INFO - [2024-10-10T13:26:26.259+0700] {dag.py:2726} INFO - Sync 1 DAGs
[2024-10-10T13:26:26.315+0700] {logging_mixin.py:149} INFO - [2024-10-10T13:26:26.314+0700] {dag.py:3486} INFO - Setting next_dagrun for latest_only to 2024-10-10T02:26:26.314128+00:00, run_after=2024-10-10T06:26:26.314128+00:00
[2024-10-10T13:26:26.886+0700] {processor.py:179} INFO - Processing /home/hasyidan/venv/lib/python3.8/site-packages/airflow/example_dags/example_latest_only.py took 1.389 seconds
