[2024-10-09T10:58:02.203+0700] {processor.py:157} INFO - Started process (PID=3904) to work on /home/hasyidan/venv/lib/python3.8/site-packages/airflow/example_dags/plugins/event_listener.py
[2024-10-09T10:58:02.207+0700] {processor.py:826} INFO - Processing file /home/hasyidan/venv/lib/python3.8/site-packages/airflow/example_dags/plugins/event_listener.py for tasks to queue
[2024-10-09T10:58:02.210+0700] {logging_mixin.py:149} INFO - [2024-10-09T10:58:02.210+0700] {dagbag.py:541} INFO - Filling up the DagBag from /home/hasyidan/venv/lib/python3.8/site-packages/airflow/example_dags/plugins/event_listener.py
[2024-10-09T10:58:02.214+0700] {processor.py:838} WARNING - No viable dags retrieved from /home/hasyidan/venv/lib/python3.8/site-packages/airflow/example_dags/plugins/event_listener.py
[2024-10-09T10:58:02.242+0700] {processor.py:179} INFO - Processing /home/hasyidan/venv/lib/python3.8/site-packages/airflow/example_dags/plugins/event_listener.py took 0.045 seconds
[2024-10-09T11:00:12.956+0700] {processor.py:157} INFO - Started process (PID=3990) to work on /home/hasyidan/venv/lib/python3.8/site-packages/airflow/example_dags/plugins/event_listener.py
[2024-10-09T11:00:12.987+0700] {processor.py:826} INFO - Processing file /home/hasyidan/venv/lib/python3.8/site-packages/airflow/example_dags/plugins/event_listener.py for tasks to queue
[2024-10-09T11:00:12.989+0700] {logging_mixin.py:149} INFO - [2024-10-09T11:00:12.989+0700] {dagbag.py:541} INFO - Filling up the DagBag from /home/hasyidan/venv/lib/python3.8/site-packages/airflow/example_dags/plugins/event_listener.py
[2024-10-09T11:00:12.995+0700] {processor.py:838} WARNING - No viable dags retrieved from /home/hasyidan/venv/lib/python3.8/site-packages/airflow/example_dags/plugins/event_listener.py
[2024-10-09T11:00:13.015+0700] {processor.py:179} INFO - Processing /home/hasyidan/venv/lib/python3.8/site-packages/airflow/example_dags/plugins/event_listener.py took 0.066 seconds
[2024-10-09T11:01:26.237+0700] {processor.py:157} INFO - Started process (PID=4143) to work on /home/hasyidan/venv/lib/python3.8/site-packages/airflow/example_dags/plugins/event_listener.py
[2024-10-09T11:01:26.256+0700] {processor.py:826} INFO - Processing file /home/hasyidan/venv/lib/python3.8/site-packages/airflow/example_dags/plugins/event_listener.py for tasks to queue
[2024-10-09T11:01:26.259+0700] {logging_mixin.py:149} INFO - [2024-10-09T11:01:26.259+0700] {dagbag.py:541} INFO - Filling up the DagBag from /home/hasyidan/venv/lib/python3.8/site-packages/airflow/example_dags/plugins/event_listener.py
[2024-10-09T11:01:26.266+0700] {processor.py:838} WARNING - No viable dags retrieved from /home/hasyidan/venv/lib/python3.8/site-packages/airflow/example_dags/plugins/event_listener.py
[2024-10-09T11:01:26.285+0700] {processor.py:179} INFO - Processing /home/hasyidan/venv/lib/python3.8/site-packages/airflow/example_dags/plugins/event_listener.py took 0.055 seconds
[2024-10-09T11:02:10.594+0700] {processor.py:157} INFO - Started process (PID=4182) to work on /home/hasyidan/venv/lib/python3.8/site-packages/airflow/example_dags/plugins/event_listener.py
[2024-10-09T11:02:10.616+0700] {processor.py:826} INFO - Processing file /home/hasyidan/venv/lib/python3.8/site-packages/airflow/example_dags/plugins/event_listener.py for tasks to queue
[2024-10-09T11:02:10.618+0700] {logging_mixin.py:149} INFO - [2024-10-09T11:02:10.618+0700] {dagbag.py:541} INFO - Filling up the DagBag from /home/hasyidan/venv/lib/python3.8/site-packages/airflow/example_dags/plugins/event_listener.py
[2024-10-09T11:02:10.623+0700] {processor.py:838} WARNING - No viable dags retrieved from /home/hasyidan/venv/lib/python3.8/site-packages/airflow/example_dags/plugins/event_listener.py
[2024-10-09T11:02:10.644+0700] {processor.py:179} INFO - Processing /home/hasyidan/venv/lib/python3.8/site-packages/airflow/example_dags/plugins/event_listener.py took 0.055 seconds
[2024-10-09T11:03:09.130+0700] {processor.py:157} INFO - Started process (PID=4236) to work on /home/hasyidan/venv/lib/python3.8/site-packages/airflow/example_dags/plugins/event_listener.py
[2024-10-09T11:03:09.139+0700] {processor.py:826} INFO - Processing file /home/hasyidan/venv/lib/python3.8/site-packages/airflow/example_dags/plugins/event_listener.py for tasks to queue
[2024-10-09T11:03:09.141+0700] {logging_mixin.py:149} INFO - [2024-10-09T11:03:09.141+0700] {dagbag.py:541} INFO - Filling up the DagBag from /home/hasyidan/venv/lib/python3.8/site-packages/airflow/example_dags/plugins/event_listener.py
[2024-10-09T11:03:09.147+0700] {processor.py:838} WARNING - No viable dags retrieved from /home/hasyidan/venv/lib/python3.8/site-packages/airflow/example_dags/plugins/event_listener.py
[2024-10-09T11:03:09.168+0700] {processor.py:179} INFO - Processing /home/hasyidan/venv/lib/python3.8/site-packages/airflow/example_dags/plugins/event_listener.py took 0.045 seconds
[2024-10-09T11:04:06.316+0700] {processor.py:157} INFO - Started process (PID=4292) to work on /home/hasyidan/venv/lib/python3.8/site-packages/airflow/example_dags/plugins/event_listener.py
[2024-10-09T11:04:06.318+0700] {processor.py:826} INFO - Processing file /home/hasyidan/venv/lib/python3.8/site-packages/airflow/example_dags/plugins/event_listener.py for tasks to queue
[2024-10-09T11:04:06.320+0700] {logging_mixin.py:149} INFO - [2024-10-09T11:04:06.319+0700] {dagbag.py:541} INFO - Filling up the DagBag from /home/hasyidan/venv/lib/python3.8/site-packages/airflow/example_dags/plugins/event_listener.py
[2024-10-09T11:04:06.323+0700] {processor.py:838} WARNING - No viable dags retrieved from /home/hasyidan/venv/lib/python3.8/site-packages/airflow/example_dags/plugins/event_listener.py
[2024-10-09T11:04:06.343+0700] {processor.py:179} INFO - Processing /home/hasyidan/venv/lib/python3.8/site-packages/airflow/example_dags/plugins/event_listener.py took 0.033 seconds
[2024-10-09T11:05:13.658+0700] {processor.py:157} INFO - Started process (PID=4338) to work on /home/hasyidan/venv/lib/python3.8/site-packages/airflow/example_dags/plugins/event_listener.py
[2024-10-09T11:05:13.766+0700] {processor.py:826} INFO - Processing file /home/hasyidan/venv/lib/python3.8/site-packages/airflow/example_dags/plugins/event_listener.py for tasks to queue
[2024-10-09T11:05:13.769+0700] {logging_mixin.py:149} INFO - [2024-10-09T11:05:13.768+0700] {dagbag.py:541} INFO - Filling up the DagBag from /home/hasyidan/venv/lib/python3.8/site-packages/airflow/example_dags/plugins/event_listener.py
[2024-10-09T11:05:13.774+0700] {processor.py:838} WARNING - No viable dags retrieved from /home/hasyidan/venv/lib/python3.8/site-packages/airflow/example_dags/plugins/event_listener.py
[2024-10-09T11:05:13.798+0700] {processor.py:179} INFO - Processing /home/hasyidan/venv/lib/python3.8/site-packages/airflow/example_dags/plugins/event_listener.py took 0.147 seconds
[2024-10-09T11:06:33.580+0700] {processor.py:157} INFO - Started process (PID=4549) to work on /home/hasyidan/venv/lib/python3.8/site-packages/airflow/example_dags/plugins/event_listener.py
[2024-10-09T11:06:35.894+0700] {processor.py:826} INFO - Processing file /home/hasyidan/venv/lib/python3.8/site-packages/airflow/example_dags/plugins/event_listener.py for tasks to queue
[2024-10-09T11:06:35.897+0700] {logging_mixin.py:149} INFO - [2024-10-09T11:06:35.897+0700] {dagbag.py:541} INFO - Filling up the DagBag from /home/hasyidan/venv/lib/python3.8/site-packages/airflow/example_dags/plugins/event_listener.py
[2024-10-09T11:06:35.903+0700] {processor.py:838} WARNING - No viable dags retrieved from /home/hasyidan/venv/lib/python3.8/site-packages/airflow/example_dags/plugins/event_listener.py
[2024-10-09T11:06:36.561+0700] {processor.py:179} INFO - Processing /home/hasyidan/venv/lib/python3.8/site-packages/airflow/example_dags/plugins/event_listener.py took 2.988 seconds
[2024-10-09T11:07:33.840+0700] {processor.py:157} INFO - Started process (PID=4628) to work on /home/hasyidan/venv/lib/python3.8/site-packages/airflow/example_dags/plugins/event_listener.py
[2024-10-09T11:07:33.873+0700] {processor.py:826} INFO - Processing file /home/hasyidan/venv/lib/python3.8/site-packages/airflow/example_dags/plugins/event_listener.py for tasks to queue
[2024-10-09T11:07:33.874+0700] {logging_mixin.py:149} INFO - [2024-10-09T11:07:33.874+0700] {dagbag.py:541} INFO - Filling up the DagBag from /home/hasyidan/venv/lib/python3.8/site-packages/airflow/example_dags/plugins/event_listener.py
[2024-10-09T11:07:33.878+0700] {processor.py:838} WARNING - No viable dags retrieved from /home/hasyidan/venv/lib/python3.8/site-packages/airflow/example_dags/plugins/event_listener.py
[2024-10-09T11:07:33.897+0700] {processor.py:179} INFO - Processing /home/hasyidan/venv/lib/python3.8/site-packages/airflow/example_dags/plugins/event_listener.py took 0.065 seconds
[2024-10-09T11:08:36.713+0700] {processor.py:157} INFO - Started process (PID=4693) to work on /home/hasyidan/venv/lib/python3.8/site-packages/airflow/example_dags/plugins/event_listener.py
[2024-10-09T11:08:36.739+0700] {processor.py:826} INFO - Processing file /home/hasyidan/venv/lib/python3.8/site-packages/airflow/example_dags/plugins/event_listener.py for tasks to queue
[2024-10-09T11:08:36.741+0700] {logging_mixin.py:149} INFO - [2024-10-09T11:08:36.740+0700] {dagbag.py:541} INFO - Filling up the DagBag from /home/hasyidan/venv/lib/python3.8/site-packages/airflow/example_dags/plugins/event_listener.py
[2024-10-09T11:08:36.744+0700] {processor.py:838} WARNING - No viable dags retrieved from /home/hasyidan/venv/lib/python3.8/site-packages/airflow/example_dags/plugins/event_listener.py
[2024-10-09T11:08:36.764+0700] {processor.py:179} INFO - Processing /home/hasyidan/venv/lib/python3.8/site-packages/airflow/example_dags/plugins/event_listener.py took 0.058 seconds
[2024-10-09T11:09:33.190+0700] {processor.py:157} INFO - Started process (PID=4748) to work on /home/hasyidan/venv/lib/python3.8/site-packages/airflow/example_dags/plugins/event_listener.py
[2024-10-09T11:09:33.210+0700] {processor.py:826} INFO - Processing file /home/hasyidan/venv/lib/python3.8/site-packages/airflow/example_dags/plugins/event_listener.py for tasks to queue
[2024-10-09T11:09:33.213+0700] {logging_mixin.py:149} INFO - [2024-10-09T11:09:33.212+0700] {dagbag.py:541} INFO - Filling up the DagBag from /home/hasyidan/venv/lib/python3.8/site-packages/airflow/example_dags/plugins/event_listener.py
[2024-10-09T11:09:33.219+0700] {processor.py:838} WARNING - No viable dags retrieved from /home/hasyidan/venv/lib/python3.8/site-packages/airflow/example_dags/plugins/event_listener.py
[2024-10-09T11:09:33.325+0700] {processor.py:179} INFO - Processing /home/hasyidan/venv/lib/python3.8/site-packages/airflow/example_dags/plugins/event_listener.py took 0.141 seconds
[2024-10-09T11:10:23.006+0700] {processor.py:157} INFO - Started process (PID=4796) to work on /home/hasyidan/venv/lib/python3.8/site-packages/airflow/example_dags/plugins/event_listener.py
[2024-10-09T11:10:23.033+0700] {processor.py:826} INFO - Processing file /home/hasyidan/venv/lib/python3.8/site-packages/airflow/example_dags/plugins/event_listener.py for tasks to queue
[2024-10-09T11:10:23.036+0700] {logging_mixin.py:149} INFO - [2024-10-09T11:10:23.035+0700] {dagbag.py:541} INFO - Filling up the DagBag from /home/hasyidan/venv/lib/python3.8/site-packages/airflow/example_dags/plugins/event_listener.py
[2024-10-09T11:10:23.041+0700] {processor.py:838} WARNING - No viable dags retrieved from /home/hasyidan/venv/lib/python3.8/site-packages/airflow/example_dags/plugins/event_listener.py
[2024-10-09T11:10:23.062+0700] {processor.py:179} INFO - Processing /home/hasyidan/venv/lib/python3.8/site-packages/airflow/example_dags/plugins/event_listener.py took 0.062 seconds
[2024-10-09T11:11:17.659+0700] {processor.py:157} INFO - Started process (PID=4864) to work on /home/hasyidan/venv/lib/python3.8/site-packages/airflow/example_dags/plugins/event_listener.py
[2024-10-09T11:11:17.682+0700] {processor.py:826} INFO - Processing file /home/hasyidan/venv/lib/python3.8/site-packages/airflow/example_dags/plugins/event_listener.py for tasks to queue
[2024-10-09T11:11:17.685+0700] {logging_mixin.py:149} INFO - [2024-10-09T11:11:17.685+0700] {dagbag.py:541} INFO - Filling up the DagBag from /home/hasyidan/venv/lib/python3.8/site-packages/airflow/example_dags/plugins/event_listener.py
[2024-10-09T11:11:17.690+0700] {processor.py:838} WARNING - No viable dags retrieved from /home/hasyidan/venv/lib/python3.8/site-packages/airflow/example_dags/plugins/event_listener.py
[2024-10-09T11:11:17.713+0700] {processor.py:179} INFO - Processing /home/hasyidan/venv/lib/python3.8/site-packages/airflow/example_dags/plugins/event_listener.py took 0.059 seconds
[2024-10-09T11:12:10.408+0700] {processor.py:157} INFO - Started process (PID=4917) to work on /home/hasyidan/venv/lib/python3.8/site-packages/airflow/example_dags/plugins/event_listener.py
[2024-10-09T11:12:10.433+0700] {processor.py:826} INFO - Processing file /home/hasyidan/venv/lib/python3.8/site-packages/airflow/example_dags/plugins/event_listener.py for tasks to queue
[2024-10-09T11:12:10.435+0700] {logging_mixin.py:149} INFO - [2024-10-09T11:12:10.435+0700] {dagbag.py:541} INFO - Filling up the DagBag from /home/hasyidan/venv/lib/python3.8/site-packages/airflow/example_dags/plugins/event_listener.py
[2024-10-09T11:12:10.440+0700] {processor.py:838} WARNING - No viable dags retrieved from /home/hasyidan/venv/lib/python3.8/site-packages/airflow/example_dags/plugins/event_listener.py
[2024-10-09T11:12:10.462+0700] {processor.py:179} INFO - Processing /home/hasyidan/venv/lib/python3.8/site-packages/airflow/example_dags/plugins/event_listener.py took 0.060 seconds
[2024-10-09T11:13:04.119+0700] {processor.py:157} INFO - Started process (PID=4973) to work on /home/hasyidan/venv/lib/python3.8/site-packages/airflow/example_dags/plugins/event_listener.py
[2024-10-09T11:13:04.177+0700] {processor.py:826} INFO - Processing file /home/hasyidan/venv/lib/python3.8/site-packages/airflow/example_dags/plugins/event_listener.py for tasks to queue
[2024-10-09T11:13:04.179+0700] {logging_mixin.py:149} INFO - [2024-10-09T11:13:04.179+0700] {dagbag.py:541} INFO - Filling up the DagBag from /home/hasyidan/venv/lib/python3.8/site-packages/airflow/example_dags/plugins/event_listener.py
[2024-10-09T11:13:04.184+0700] {processor.py:838} WARNING - No viable dags retrieved from /home/hasyidan/venv/lib/python3.8/site-packages/airflow/example_dags/plugins/event_listener.py
[2024-10-09T11:13:04.204+0700] {processor.py:179} INFO - Processing /home/hasyidan/venv/lib/python3.8/site-packages/airflow/example_dags/plugins/event_listener.py took 0.092 seconds
[2024-10-09T11:13:57.195+0700] {processor.py:157} INFO - Started process (PID=5030) to work on /home/hasyidan/venv/lib/python3.8/site-packages/airflow/example_dags/plugins/event_listener.py
[2024-10-09T11:13:57.197+0700] {processor.py:826} INFO - Processing file /home/hasyidan/venv/lib/python3.8/site-packages/airflow/example_dags/plugins/event_listener.py for tasks to queue
[2024-10-09T11:13:57.198+0700] {logging_mixin.py:149} INFO - [2024-10-09T11:13:57.198+0700] {dagbag.py:541} INFO - Filling up the DagBag from /home/hasyidan/venv/lib/python3.8/site-packages/airflow/example_dags/plugins/event_listener.py
[2024-10-09T11:13:57.202+0700] {processor.py:838} WARNING - No viable dags retrieved from /home/hasyidan/venv/lib/python3.8/site-packages/airflow/example_dags/plugins/event_listener.py
[2024-10-09T11:13:57.221+0700] {processor.py:179} INFO - Processing /home/hasyidan/venv/lib/python3.8/site-packages/airflow/example_dags/plugins/event_listener.py took 0.032 seconds
[2024-10-09T11:15:40.131+0700] {processor.py:157} INFO - Started process (PID=5280) to work on /home/hasyidan/venv/lib/python3.8/site-packages/airflow/example_dags/plugins/event_listener.py
[2024-10-09T11:15:40.140+0700] {processor.py:826} INFO - Processing file /home/hasyidan/venv/lib/python3.8/site-packages/airflow/example_dags/plugins/event_listener.py for tasks to queue
[2024-10-09T11:15:40.146+0700] {logging_mixin.py:149} INFO - [2024-10-09T11:15:40.145+0700] {dagbag.py:541} INFO - Filling up the DagBag from /home/hasyidan/venv/lib/python3.8/site-packages/airflow/example_dags/plugins/event_listener.py
[2024-10-09T11:15:40.151+0700] {processor.py:838} WARNING - No viable dags retrieved from /home/hasyidan/venv/lib/python3.8/site-packages/airflow/example_dags/plugins/event_listener.py
[2024-10-09T11:15:40.182+0700] {processor.py:179} INFO - Processing /home/hasyidan/venv/lib/python3.8/site-packages/airflow/example_dags/plugins/event_listener.py took 0.061 seconds
[2024-10-09T11:16:31.235+0700] {processor.py:157} INFO - Started process (PID=5327) to work on /home/hasyidan/venv/lib/python3.8/site-packages/airflow/example_dags/plugins/event_listener.py
[2024-10-09T11:16:31.256+0700] {processor.py:826} INFO - Processing file /home/hasyidan/venv/lib/python3.8/site-packages/airflow/example_dags/plugins/event_listener.py for tasks to queue
[2024-10-09T11:16:31.258+0700] {logging_mixin.py:149} INFO - [2024-10-09T11:16:31.258+0700] {dagbag.py:541} INFO - Filling up the DagBag from /home/hasyidan/venv/lib/python3.8/site-packages/airflow/example_dags/plugins/event_listener.py
[2024-10-09T11:16:31.270+0700] {processor.py:838} WARNING - No viable dags retrieved from /home/hasyidan/venv/lib/python3.8/site-packages/airflow/example_dags/plugins/event_listener.py
[2024-10-09T11:16:31.297+0700] {processor.py:179} INFO - Processing /home/hasyidan/venv/lib/python3.8/site-packages/airflow/example_dags/plugins/event_listener.py took 0.070 seconds
[2024-10-09T11:17:40.046+0700] {processor.py:157} INFO - Started process (PID=5400) to work on /home/hasyidan/venv/lib/python3.8/site-packages/airflow/example_dags/plugins/event_listener.py
[2024-10-09T11:17:40.064+0700] {processor.py:826} INFO - Processing file /home/hasyidan/venv/lib/python3.8/site-packages/airflow/example_dags/plugins/event_listener.py for tasks to queue
[2024-10-09T11:17:40.069+0700] {logging_mixin.py:149} INFO - [2024-10-09T11:17:40.066+0700] {dagbag.py:541} INFO - Filling up the DagBag from /home/hasyidan/venv/lib/python3.8/site-packages/airflow/example_dags/plugins/event_listener.py
[2024-10-09T11:17:40.075+0700] {processor.py:838} WARNING - No viable dags retrieved from /home/hasyidan/venv/lib/python3.8/site-packages/airflow/example_dags/plugins/event_listener.py
[2024-10-09T11:17:40.111+0700] {processor.py:179} INFO - Processing /home/hasyidan/venv/lib/python3.8/site-packages/airflow/example_dags/plugins/event_listener.py took 0.075 seconds
[2024-10-09T11:18:47.991+0700] {processor.py:157} INFO - Started process (PID=5466) to work on /home/hasyidan/venv/lib/python3.8/site-packages/airflow/example_dags/plugins/event_listener.py
[2024-10-09T11:18:48.010+0700] {processor.py:826} INFO - Processing file /home/hasyidan/venv/lib/python3.8/site-packages/airflow/example_dags/plugins/event_listener.py for tasks to queue
[2024-10-09T11:18:48.021+0700] {logging_mixin.py:149} INFO - [2024-10-09T11:18:48.020+0700] {dagbag.py:541} INFO - Filling up the DagBag from /home/hasyidan/venv/lib/python3.8/site-packages/airflow/example_dags/plugins/event_listener.py
[2024-10-09T11:18:48.025+0700] {processor.py:838} WARNING - No viable dags retrieved from /home/hasyidan/venv/lib/python3.8/site-packages/airflow/example_dags/plugins/event_listener.py
[2024-10-09T11:18:48.055+0700] {processor.py:179} INFO - Processing /home/hasyidan/venv/lib/python3.8/site-packages/airflow/example_dags/plugins/event_listener.py took 0.071 seconds
[2024-10-09T11:19:49.644+0700] {processor.py:157} INFO - Started process (PID=5534) to work on /home/hasyidan/venv/lib/python3.8/site-packages/airflow/example_dags/plugins/event_listener.py
[2024-10-09T11:19:49.648+0700] {processor.py:826} INFO - Processing file /home/hasyidan/venv/lib/python3.8/site-packages/airflow/example_dags/plugins/event_listener.py for tasks to queue
[2024-10-09T11:19:49.650+0700] {logging_mixin.py:149} INFO - [2024-10-09T11:19:49.649+0700] {dagbag.py:541} INFO - Filling up the DagBag from /home/hasyidan/venv/lib/python3.8/site-packages/airflow/example_dags/plugins/event_listener.py
[2024-10-09T11:19:49.654+0700] {processor.py:838} WARNING - No viable dags retrieved from /home/hasyidan/venv/lib/python3.8/site-packages/airflow/example_dags/plugins/event_listener.py
[2024-10-09T11:19:49.689+0700] {processor.py:179} INFO - Processing /home/hasyidan/venv/lib/python3.8/site-packages/airflow/example_dags/plugins/event_listener.py took 0.054 seconds
[2024-10-09T11:20:57.342+0700] {processor.py:157} INFO - Started process (PID=5609) to work on /home/hasyidan/venv/lib/python3.8/site-packages/airflow/example_dags/plugins/event_listener.py
[2024-10-09T11:20:57.344+0700] {processor.py:826} INFO - Processing file /home/hasyidan/venv/lib/python3.8/site-packages/airflow/example_dags/plugins/event_listener.py for tasks to queue
[2024-10-09T11:20:57.346+0700] {logging_mixin.py:149} INFO - [2024-10-09T11:20:57.345+0700] {dagbag.py:541} INFO - Filling up the DagBag from /home/hasyidan/venv/lib/python3.8/site-packages/airflow/example_dags/plugins/event_listener.py
[2024-10-09T11:20:57.357+0700] {processor.py:838} WARNING - No viable dags retrieved from /home/hasyidan/venv/lib/python3.8/site-packages/airflow/example_dags/plugins/event_listener.py
[2024-10-09T11:20:57.396+0700] {processor.py:179} INFO - Processing /home/hasyidan/venv/lib/python3.8/site-packages/airflow/example_dags/plugins/event_listener.py took 0.068 seconds
[2024-10-09T11:22:02.614+0700] {processor.py:157} INFO - Started process (PID=5671) to work on /home/hasyidan/venv/lib/python3.8/site-packages/airflow/example_dags/plugins/event_listener.py
[2024-10-09T11:22:02.619+0700] {processor.py:826} INFO - Processing file /home/hasyidan/venv/lib/python3.8/site-packages/airflow/example_dags/plugins/event_listener.py for tasks to queue
[2024-10-09T11:22:02.621+0700] {logging_mixin.py:149} INFO - [2024-10-09T11:22:02.620+0700] {dagbag.py:541} INFO - Filling up the DagBag from /home/hasyidan/venv/lib/python3.8/site-packages/airflow/example_dags/plugins/event_listener.py
[2024-10-09T11:22:02.627+0700] {processor.py:838} WARNING - No viable dags retrieved from /home/hasyidan/venv/lib/python3.8/site-packages/airflow/example_dags/plugins/event_listener.py
[2024-10-09T11:22:02.663+0700] {processor.py:179} INFO - Processing /home/hasyidan/venv/lib/python3.8/site-packages/airflow/example_dags/plugins/event_listener.py took 0.063 seconds
[2024-10-09T11:23:04.184+0700] {processor.py:157} INFO - Started process (PID=5732) to work on /home/hasyidan/venv/lib/python3.8/site-packages/airflow/example_dags/plugins/event_listener.py
[2024-10-09T11:23:04.186+0700] {processor.py:826} INFO - Processing file /home/hasyidan/venv/lib/python3.8/site-packages/airflow/example_dags/plugins/event_listener.py for tasks to queue
[2024-10-09T11:23:04.188+0700] {logging_mixin.py:149} INFO - [2024-10-09T11:23:04.188+0700] {dagbag.py:541} INFO - Filling up the DagBag from /home/hasyidan/venv/lib/python3.8/site-packages/airflow/example_dags/plugins/event_listener.py
[2024-10-09T11:23:04.195+0700] {processor.py:838} WARNING - No viable dags retrieved from /home/hasyidan/venv/lib/python3.8/site-packages/airflow/example_dags/plugins/event_listener.py
[2024-10-09T11:23:04.335+0700] {processor.py:179} INFO - Processing /home/hasyidan/venv/lib/python3.8/site-packages/airflow/example_dags/plugins/event_listener.py took 0.162 seconds
[2024-10-09T11:24:11.027+0700] {processor.py:157} INFO - Started process (PID=5797) to work on /home/hasyidan/venv/lib/python3.8/site-packages/airflow/example_dags/plugins/event_listener.py
[2024-10-09T11:24:11.029+0700] {processor.py:826} INFO - Processing file /home/hasyidan/venv/lib/python3.8/site-packages/airflow/example_dags/plugins/event_listener.py for tasks to queue
[2024-10-09T11:24:11.031+0700] {logging_mixin.py:149} INFO - [2024-10-09T11:24:11.030+0700] {dagbag.py:541} INFO - Filling up the DagBag from /home/hasyidan/venv/lib/python3.8/site-packages/airflow/example_dags/plugins/event_listener.py
[2024-10-09T11:24:11.040+0700] {processor.py:838} WARNING - No viable dags retrieved from /home/hasyidan/venv/lib/python3.8/site-packages/airflow/example_dags/plugins/event_listener.py
[2024-10-09T11:24:11.075+0700] {processor.py:179} INFO - Processing /home/hasyidan/venv/lib/python3.8/site-packages/airflow/example_dags/plugins/event_listener.py took 0.060 seconds
[2024-10-09T11:25:20.857+0700] {processor.py:157} INFO - Started process (PID=5871) to work on /home/hasyidan/venv/lib/python3.8/site-packages/airflow/example_dags/plugins/event_listener.py
[2024-10-09T11:25:20.879+0700] {processor.py:826} INFO - Processing file /home/hasyidan/venv/lib/python3.8/site-packages/airflow/example_dags/plugins/event_listener.py for tasks to queue
[2024-10-09T11:25:20.883+0700] {logging_mixin.py:149} INFO - [2024-10-09T11:25:20.882+0700] {dagbag.py:541} INFO - Filling up the DagBag from /home/hasyidan/venv/lib/python3.8/site-packages/airflow/example_dags/plugins/event_listener.py
[2024-10-09T11:25:20.889+0700] {processor.py:838} WARNING - No viable dags retrieved from /home/hasyidan/venv/lib/python3.8/site-packages/airflow/example_dags/plugins/event_listener.py
[2024-10-09T11:25:20.923+0700] {processor.py:179} INFO - Processing /home/hasyidan/venv/lib/python3.8/site-packages/airflow/example_dags/plugins/event_listener.py took 0.073 seconds
[2024-10-09T11:27:16.019+0700] {processor.py:157} INFO - Started process (PID=5963) to work on /home/hasyidan/venv/lib/python3.8/site-packages/airflow/example_dags/plugins/event_listener.py
[2024-10-09T11:27:16.152+0700] {processor.py:826} INFO - Processing file /home/hasyidan/venv/lib/python3.8/site-packages/airflow/example_dags/plugins/event_listener.py for tasks to queue
[2024-10-09T11:27:16.154+0700] {logging_mixin.py:149} INFO - [2024-10-09T11:27:16.154+0700] {dagbag.py:541} INFO - Filling up the DagBag from /home/hasyidan/venv/lib/python3.8/site-packages/airflow/example_dags/plugins/event_listener.py
[2024-10-09T11:27:16.161+0700] {processor.py:838} WARNING - No viable dags retrieved from /home/hasyidan/venv/lib/python3.8/site-packages/airflow/example_dags/plugins/event_listener.py
[2024-10-09T11:27:16.218+0700] {processor.py:179} INFO - Processing /home/hasyidan/venv/lib/python3.8/site-packages/airflow/example_dags/plugins/event_listener.py took 0.206 seconds
[2024-10-09T11:28:59.997+0700] {processor.py:157} INFO - Started process (PID=6035) to work on /home/hasyidan/venv/lib/python3.8/site-packages/airflow/example_dags/plugins/event_listener.py
[2024-10-09T11:29:00.012+0700] {processor.py:826} INFO - Processing file /home/hasyidan/venv/lib/python3.8/site-packages/airflow/example_dags/plugins/event_listener.py for tasks to queue
[2024-10-09T11:29:00.014+0700] {logging_mixin.py:149} INFO - [2024-10-09T11:29:00.013+0700] {dagbag.py:541} INFO - Filling up the DagBag from /home/hasyidan/venv/lib/python3.8/site-packages/airflow/example_dags/plugins/event_listener.py
[2024-10-09T11:29:00.026+0700] {processor.py:838} WARNING - No viable dags retrieved from /home/hasyidan/venv/lib/python3.8/site-packages/airflow/example_dags/plugins/event_listener.py
[2024-10-09T11:29:00.057+0700] {processor.py:179} INFO - Processing /home/hasyidan/venv/lib/python3.8/site-packages/airflow/example_dags/plugins/event_listener.py took 0.069 seconds
[2024-10-09T11:30:15.648+0700] {processor.py:157} INFO - Started process (PID=6081) to work on /home/hasyidan/venv/lib/python3.8/site-packages/airflow/example_dags/plugins/event_listener.py
[2024-10-09T11:30:15.719+0700] {processor.py:826} INFO - Processing file /home/hasyidan/venv/lib/python3.8/site-packages/airflow/example_dags/plugins/event_listener.py for tasks to queue
[2024-10-09T11:30:15.721+0700] {logging_mixin.py:149} INFO - [2024-10-09T11:30:15.721+0700] {dagbag.py:541} INFO - Filling up the DagBag from /home/hasyidan/venv/lib/python3.8/site-packages/airflow/example_dags/plugins/event_listener.py
[2024-10-09T11:30:15.726+0700] {processor.py:838} WARNING - No viable dags retrieved from /home/hasyidan/venv/lib/python3.8/site-packages/airflow/example_dags/plugins/event_listener.py
[2024-10-09T11:30:15.753+0700] {processor.py:179} INFO - Processing /home/hasyidan/venv/lib/python3.8/site-packages/airflow/example_dags/plugins/event_listener.py took 0.111 seconds
[2024-10-09T11:33:26.544+0700] {processor.py:157} INFO - Started process (PID=6423) to work on /home/hasyidan/venv/lib/python3.8/site-packages/airflow/example_dags/plugins/event_listener.py
[2024-10-09T11:33:26.706+0700] {processor.py:826} INFO - Processing file /home/hasyidan/venv/lib/python3.8/site-packages/airflow/example_dags/plugins/event_listener.py for tasks to queue
[2024-10-09T11:33:26.709+0700] {logging_mixin.py:149} INFO - [2024-10-09T11:33:26.708+0700] {dagbag.py:541} INFO - Filling up the DagBag from /home/hasyidan/venv/lib/python3.8/site-packages/airflow/example_dags/plugins/event_listener.py
[2024-10-09T11:33:26.715+0700] {processor.py:838} WARNING - No viable dags retrieved from /home/hasyidan/venv/lib/python3.8/site-packages/airflow/example_dags/plugins/event_listener.py
[2024-10-09T11:33:27.172+0700] {processor.py:179} INFO - Processing /home/hasyidan/venv/lib/python3.8/site-packages/airflow/example_dags/plugins/event_listener.py took 0.635 seconds
[2024-10-09T11:35:07.346+0700] {processor.py:157} INFO - Started process (PID=6571) to work on /home/hasyidan/venv/lib/python3.8/site-packages/airflow/example_dags/plugins/event_listener.py
[2024-10-09T11:35:07.376+0700] {processor.py:826} INFO - Processing file /home/hasyidan/venv/lib/python3.8/site-packages/airflow/example_dags/plugins/event_listener.py for tasks to queue
[2024-10-09T11:35:07.379+0700] {logging_mixin.py:149} INFO - [2024-10-09T11:35:07.378+0700] {dagbag.py:541} INFO - Filling up the DagBag from /home/hasyidan/venv/lib/python3.8/site-packages/airflow/example_dags/plugins/event_listener.py
[2024-10-09T11:35:07.383+0700] {processor.py:838} WARNING - No viable dags retrieved from /home/hasyidan/venv/lib/python3.8/site-packages/airflow/example_dags/plugins/event_listener.py
[2024-10-09T11:35:07.405+0700] {processor.py:179} INFO - Processing /home/hasyidan/venv/lib/python3.8/site-packages/airflow/example_dags/plugins/event_listener.py took 0.068 seconds
[2024-10-09T11:36:07.877+0700] {processor.py:157} INFO - Started process (PID=6636) to work on /home/hasyidan/venv/lib/python3.8/site-packages/airflow/example_dags/plugins/event_listener.py
[2024-10-09T11:36:07.899+0700] {processor.py:826} INFO - Processing file /home/hasyidan/venv/lib/python3.8/site-packages/airflow/example_dags/plugins/event_listener.py for tasks to queue
[2024-10-09T11:36:07.901+0700] {logging_mixin.py:149} INFO - [2024-10-09T11:36:07.900+0700] {dagbag.py:541} INFO - Filling up the DagBag from /home/hasyidan/venv/lib/python3.8/site-packages/airflow/example_dags/plugins/event_listener.py
[2024-10-09T11:36:07.907+0700] {processor.py:838} WARNING - No viable dags retrieved from /home/hasyidan/venv/lib/python3.8/site-packages/airflow/example_dags/plugins/event_listener.py
[2024-10-09T11:36:07.930+0700] {processor.py:179} INFO - Processing /home/hasyidan/venv/lib/python3.8/site-packages/airflow/example_dags/plugins/event_listener.py took 0.063 seconds
[2024-10-09T11:38:29.364+0700] {processor.py:157} INFO - Started process (PID=6833) to work on /home/hasyidan/venv/lib/python3.8/site-packages/airflow/example_dags/plugins/event_listener.py
[2024-10-09T11:38:30.264+0700] {processor.py:826} INFO - Processing file /home/hasyidan/venv/lib/python3.8/site-packages/airflow/example_dags/plugins/event_listener.py for tasks to queue
[2024-10-09T11:38:30.267+0700] {logging_mixin.py:149} INFO - [2024-10-09T11:38:30.267+0700] {dagbag.py:541} INFO - Filling up the DagBag from /home/hasyidan/venv/lib/python3.8/site-packages/airflow/example_dags/plugins/event_listener.py
[2024-10-09T11:38:30.273+0700] {processor.py:838} WARNING - No viable dags retrieved from /home/hasyidan/venv/lib/python3.8/site-packages/airflow/example_dags/plugins/event_listener.py
[2024-10-09T11:38:30.631+0700] {processor.py:179} INFO - Processing /home/hasyidan/venv/lib/python3.8/site-packages/airflow/example_dags/plugins/event_listener.py took 1.275 seconds
