[2024-10-08T19:29:49.935+0700] {processor.py:157} INFO - Started process (PID=4054) to work on /home/hasyidan/venv/lib/python3.8/site-packages/airflow/example_dags/example_datasets.py
[2024-10-08T19:29:49.949+0700] {processor.py:826} INFO - Processing file /home/hasyidan/venv/lib/python3.8/site-packages/airflow/example_dags/example_datasets.py for tasks to queue
[2024-10-08T19:29:49.951+0700] {logging_mixin.py:149} INFO - [2024-10-08T19:29:49.950+0700] {dagbag.py:541} INFO - Filling up the DagBag from /home/hasyidan/venv/lib/python3.8/site-packages/airflow/example_dags/example_datasets.py
[2024-10-08T19:29:50.083+0700] {processor.py:836} INFO - DAG(s) dict_keys(['dataset_consumes_unknown_never_scheduled', 'dataset_produces_2', 'dataset_consumes_1', 'dataset_consumes_1_never_scheduled', 'dataset_produces_1', 'dataset_consumes_1_and_2']) retrieved from /home/hasyidan/venv/lib/python3.8/site-packages/airflow/example_dags/example_datasets.py
[2024-10-08T19:30:20.728+0700] {logging_mixin.py:149} INFO - [2024-10-08T19:30:20.727+0700] {manager.py:504} INFO - Created Permission View: can edit on DAG:dataset_consumes_unknown_never_scheduled
[2024-10-08T19:30:21.280+0700] {logging_mixin.py:149} INFO - [2024-10-08T19:30:21.280+0700] {manager.py:504} INFO - Created Permission View: can read on DAG:dataset_consumes_unknown_never_scheduled
[2024-10-08T19:30:21.760+0700] {logging_mixin.py:149} INFO - [2024-10-08T19:30:21.760+0700] {manager.py:504} INFO - Created Permission View: can delete on DAG:dataset_consumes_unknown_never_scheduled
[2024-10-08T19:30:22.938+0700] {logging_mixin.py:149} INFO - [2024-10-08T19:30:22.938+0700] {manager.py:504} INFO - Created Permission View: can edit on DAG:dataset_produces_2
[2024-10-08T19:30:23.512+0700] {logging_mixin.py:149} INFO - [2024-10-08T19:30:23.512+0700] {manager.py:504} INFO - Created Permission View: can read on DAG:dataset_produces_2
[2024-10-08T19:30:23.971+0700] {logging_mixin.py:149} INFO - [2024-10-08T19:30:23.971+0700] {manager.py:504} INFO - Created Permission View: can delete on DAG:dataset_produces_2
[2024-10-08T19:30:25.473+0700] {logging_mixin.py:149} INFO - [2024-10-08T19:30:25.471+0700] {manager.py:504} INFO - Created Permission View: can edit on DAG:dataset_consumes_1
[2024-10-08T19:30:26.094+0700] {logging_mixin.py:149} INFO - [2024-10-08T19:30:26.093+0700] {manager.py:504} INFO - Created Permission View: can read on DAG:dataset_consumes_1
[2024-10-08T19:30:26.868+0700] {logging_mixin.py:149} INFO - [2024-10-08T19:30:26.867+0700] {manager.py:504} INFO - Created Permission View: can delete on DAG:dataset_consumes_1
[2024-10-08T19:30:28.236+0700] {logging_mixin.py:149} INFO - [2024-10-08T19:30:28.235+0700] {manager.py:504} INFO - Created Permission View: can edit on DAG:dataset_consumes_1_never_scheduled
[2024-10-08T19:30:29.280+0700] {logging_mixin.py:149} INFO - [2024-10-08T19:30:29.279+0700] {manager.py:504} INFO - Created Permission View: can read on DAG:dataset_consumes_1_never_scheduled
[2024-10-08T19:30:31.032+0700] {logging_mixin.py:149} INFO - [2024-10-08T19:30:31.031+0700] {manager.py:504} INFO - Created Permission View: can delete on DAG:dataset_consumes_1_never_scheduled
[2024-10-08T19:30:32.713+0700] {logging_mixin.py:149} INFO - [2024-10-08T19:30:32.712+0700] {manager.py:504} INFO - Created Permission View: can edit on DAG:dataset_produces_1
[2024-10-08T19:30:33.246+0700] {logging_mixin.py:149} INFO - [2024-10-08T19:30:33.245+0700] {manager.py:504} INFO - Created Permission View: can read on DAG:dataset_produces_1
[2024-10-08T19:30:33.750+0700] {logging_mixin.py:149} INFO - [2024-10-08T19:30:33.749+0700] {manager.py:504} INFO - Created Permission View: can delete on DAG:dataset_produces_1
[2024-10-08T19:30:34.828+0700] {logging_mixin.py:149} INFO - [2024-10-08T19:30:34.827+0700] {manager.py:504} INFO - Created Permission View: can edit on DAG:dataset_consumes_1_and_2
[2024-10-08T19:30:35.724+0700] {logging_mixin.py:149} INFO - [2024-10-08T19:30:35.723+0700] {manager.py:504} INFO - Created Permission View: can read on DAG:dataset_consumes_1_and_2
[2024-10-08T19:30:36.490+0700] {logging_mixin.py:149} INFO - [2024-10-08T19:30:36.489+0700] {manager.py:504} INFO - Created Permission View: can delete on DAG:dataset_consumes_1_and_2
[2024-10-08T19:30:36.491+0700] {logging_mixin.py:149} INFO - [2024-10-08T19:30:36.491+0700] {dag.py:2726} INFO - Sync 6 DAGs
[2024-10-08T19:30:38.159+0700] {logging_mixin.py:149} INFO - [2024-10-08T19:30:38.159+0700] {dag.py:2747} INFO - Creating ORM DAG for dataset_consumes_1_never_scheduled
[2024-10-08T19:30:38.162+0700] {logging_mixin.py:149} INFO - [2024-10-08T19:30:38.162+0700] {dag.py:2747} INFO - Creating ORM DAG for dataset_consumes_1_and_2
[2024-10-08T19:30:38.163+0700] {logging_mixin.py:149} INFO - [2024-10-08T19:30:38.163+0700] {dag.py:2747} INFO - Creating ORM DAG for dataset_produces_1
[2024-10-08T19:30:38.165+0700] {logging_mixin.py:149} INFO - [2024-10-08T19:30:38.164+0700] {dag.py:2747} INFO - Creating ORM DAG for dataset_consumes_unknown_never_scheduled
[2024-10-08T19:30:38.166+0700] {logging_mixin.py:149} INFO - [2024-10-08T19:30:38.166+0700] {dag.py:2747} INFO - Creating ORM DAG for dataset_consumes_1
[2024-10-08T19:30:38.167+0700] {logging_mixin.py:149} INFO - [2024-10-08T19:30:38.167+0700] {dag.py:2747} INFO - Creating ORM DAG for dataset_produces_2
[2024-10-08T19:30:38.298+0700] {logging_mixin.py:149} INFO - [2024-10-08T19:30:38.298+0700] {dag.py:3486} INFO - Setting next_dagrun for dataset_consumes_1 to None, run_after=None
[2024-10-08T19:30:38.300+0700] {logging_mixin.py:149} INFO - [2024-10-08T19:30:38.299+0700] {dag.py:3486} INFO - Setting next_dagrun for dataset_consumes_1_and_2 to None, run_after=None
[2024-10-08T19:30:38.301+0700] {logging_mixin.py:149} INFO - [2024-10-08T19:30:38.301+0700] {dag.py:3486} INFO - Setting next_dagrun for dataset_consumes_1_never_scheduled to None, run_after=None
[2024-10-08T19:30:38.303+0700] {logging_mixin.py:149} INFO - [2024-10-08T19:30:38.302+0700] {dag.py:3486} INFO - Setting next_dagrun for dataset_consumes_unknown_never_scheduled to None, run_after=None
[2024-10-08T19:30:38.435+0700] {logging_mixin.py:149} INFO - [2024-10-08T19:30:38.434+0700] {dag.py:3486} INFO - Setting next_dagrun for dataset_produces_1 to 2024-10-07T00:00:00+00:00, run_after=2024-10-08T00:00:00+00:00
[2024-10-08T19:30:38.437+0700] {logging_mixin.py:149} INFO - [2024-10-08T19:30:38.436+0700] {dag.py:3486} INFO - Setting next_dagrun for dataset_produces_2 to None, run_after=None
[2024-10-08T19:30:45.116+0700] {processor.py:179} INFO - Processing /home/hasyidan/venv/lib/python3.8/site-packages/airflow/example_dags/example_datasets.py took 55.244 seconds
