[2024-10-08T19:29:07.841+0700] {processor.py:157} INFO - Started process (PID=4002) to work on /home/hasyidan/venv/lib/python3.8/site-packages/airflow/example_dags/example_python_operator.py
[2024-10-08T19:29:07.843+0700] {processor.py:826} INFO - Processing file /home/hasyidan/venv/lib/python3.8/site-packages/airflow/example_dags/example_python_operator.py for tasks to queue
[2024-10-08T19:29:07.845+0700] {logging_mixin.py:149} INFO - [2024-10-08T19:29:07.844+0700] {dagbag.py:541} INFO - Filling up the DagBag from /home/hasyidan/venv/lib/python3.8/site-packages/airflow/example_dags/example_python_operator.py
[2024-10-08T19:29:08.032+0700] {logging_mixin.py:149} INFO - [2024-10-08T19:29:08.032+0700] {taskmixin.py:211} WARNING - Dependency <Task(_PythonDecoratedOperator): print_the_context>, log_sql_query already registered for DAG: example_python_operator
[2024-10-08T19:29:08.033+0700] {logging_mixin.py:149} INFO - [2024-10-08T19:29:08.033+0700] {taskmixin.py:211} WARNING - Dependency <Task(_PythonDecoratedOperator): log_sql_query>, print_the_context already registered for DAG: example_python_operator
[2024-10-08T19:29:08.036+0700] {logging_mixin.py:149} INFO - [2024-10-08T19:29:08.035+0700] {taskmixin.py:211} WARNING - Dependency <Task(_PythonDecoratedOperator): print_the_context>, log_sql_query already registered for DAG: example_python_operator
[2024-10-08T19:29:08.036+0700] {logging_mixin.py:149} INFO - [2024-10-08T19:29:08.036+0700] {taskmixin.py:211} WARNING - Dependency <Task(_PythonDecoratedOperator): log_sql_query>, print_the_context already registered for DAG: example_python_operator
[2024-10-08T19:29:08.038+0700] {logging_mixin.py:149} INFO - [2024-10-08T19:29:08.038+0700] {taskmixin.py:211} WARNING - Dependency <Task(_PythonDecoratedOperator): print_the_context>, log_sql_query already registered for DAG: example_python_operator
[2024-10-08T19:29:08.039+0700] {logging_mixin.py:149} INFO - [2024-10-08T19:29:08.038+0700] {taskmixin.py:211} WARNING - Dependency <Task(_PythonDecoratedOperator): log_sql_query>, print_the_context already registered for DAG: example_python_operator
[2024-10-08T19:29:08.041+0700] {logging_mixin.py:149} INFO - [2024-10-08T19:29:08.040+0700] {taskmixin.py:211} WARNING - Dependency <Task(_PythonDecoratedOperator): print_the_context>, log_sql_query already registered for DAG: example_python_operator
[2024-10-08T19:29:08.041+0700] {logging_mixin.py:149} INFO - [2024-10-08T19:29:08.041+0700] {taskmixin.py:211} WARNING - Dependency <Task(_PythonDecoratedOperator): log_sql_query>, print_the_context already registered for DAG: example_python_operator
[2024-10-08T19:29:08.054+0700] {logging_mixin.py:149} INFO - [2024-10-08T19:29:08.053+0700] {example_python_operator.py:90} WARNING - The virtalenv_python example task requires virtualenv, please install it.
[2024-10-08T19:29:08.056+0700] {processor.py:836} INFO - DAG(s) dict_keys(['example_python_operator']) retrieved from /home/hasyidan/venv/lib/python3.8/site-packages/airflow/example_dags/example_python_operator.py
[2024-10-08T19:29:12.301+0700] {logging_mixin.py:149} INFO - [2024-10-08T19:29:12.300+0700] {manager.py:504} INFO - Created Permission View: can edit on DAG:example_python_operator
[2024-10-08T19:29:12.435+0700] {logging_mixin.py:149} INFO - [2024-10-08T19:29:12.434+0700] {manager.py:504} INFO - Created Permission View: can read on DAG:example_python_operator
[2024-10-08T19:29:12.613+0700] {logging_mixin.py:149} INFO - [2024-10-08T19:29:12.612+0700] {manager.py:504} INFO - Created Permission View: can delete on DAG:example_python_operator
[2024-10-08T19:29:12.614+0700] {logging_mixin.py:149} INFO - [2024-10-08T19:29:12.614+0700] {dag.py:2726} INFO - Sync 1 DAGs
[2024-10-08T19:29:12.642+0700] {logging_mixin.py:149} INFO - [2024-10-08T19:29:12.641+0700] {dag.py:2747} INFO - Creating ORM DAG for example_python_operator
[2024-10-08T19:29:12.662+0700] {logging_mixin.py:149} INFO - [2024-10-08T19:29:12.662+0700] {dag.py:3486} INFO - Setting next_dagrun for example_python_operator to None, run_after=None
[2024-10-08T19:29:12.958+0700] {processor.py:179} INFO - Processing /home/hasyidan/venv/lib/python3.8/site-packages/airflow/example_dags/example_python_operator.py took 5.123 seconds
