[2024-10-09T10:58:14.869+0700] {processor.py:157} INFO - Started process (PID=3911) to work on /home/hasyidan/venv/lib/python3.8/site-packages/airflow/example_dags/example_trigger_target_dag.py
[2024-10-09T10:58:14.871+0700] {processor.py:826} INFO - Processing file /home/hasyidan/venv/lib/python3.8/site-packages/airflow/example_dags/example_trigger_target_dag.py for tasks to queue
[2024-10-09T10:58:14.874+0700] {logging_mixin.py:149} INFO - [2024-10-09T10:58:14.872+0700] {dagbag.py:541} INFO - Filling up the DagBag from /home/hasyidan/venv/lib/python3.8/site-packages/airflow/example_dags/example_trigger_target_dag.py
[2024-10-09T10:58:15.080+0700] {processor.py:836} INFO - DAG(s) dict_keys(['example_trigger_target_dag']) retrieved from /home/hasyidan/venv/lib/python3.8/site-packages/airflow/example_dags/example_trigger_target_dag.py
[2024-10-09T10:58:15.915+0700] {logging_mixin.py:149} INFO - [2024-10-09T10:58:15.914+0700] {dag.py:2726} INFO - Sync 1 DAGs
[2024-10-09T10:58:15.969+0700] {logging_mixin.py:149} INFO - [2024-10-09T10:58:15.968+0700] {dag.py:3486} INFO - Setting next_dagrun for example_trigger_target_dag to None, run_after=None
[2024-10-09T10:58:16.545+0700] {processor.py:179} INFO - Processing /home/hasyidan/venv/lib/python3.8/site-packages/airflow/example_dags/example_trigger_target_dag.py took 1.684 seconds
[2024-10-09T11:00:19.904+0700] {processor.py:157} INFO - Started process (PID=3998) to work on /home/hasyidan/venv/lib/python3.8/site-packages/airflow/example_dags/example_trigger_target_dag.py
[2024-10-09T11:00:19.928+0700] {processor.py:826} INFO - Processing file /home/hasyidan/venv/lib/python3.8/site-packages/airflow/example_dags/example_trigger_target_dag.py for tasks to queue
[2024-10-09T11:00:19.929+0700] {logging_mixin.py:149} INFO - [2024-10-09T11:00:19.929+0700] {dagbag.py:541} INFO - Filling up the DagBag from /home/hasyidan/venv/lib/python3.8/site-packages/airflow/example_dags/example_trigger_target_dag.py
[2024-10-09T11:00:19.944+0700] {processor.py:836} INFO - DAG(s) dict_keys(['example_trigger_target_dag']) retrieved from /home/hasyidan/venv/lib/python3.8/site-packages/airflow/example_dags/example_trigger_target_dag.py
[2024-10-09T11:00:19.982+0700] {logging_mixin.py:149} INFO - [2024-10-09T11:00:19.981+0700] {dag.py:2726} INFO - Sync 1 DAGs
[2024-10-09T11:00:20.227+0700] {logging_mixin.py:149} INFO - [2024-10-09T11:00:20.227+0700] {dag.py:3486} INFO - Setting next_dagrun for example_trigger_target_dag to None, run_after=None
[2024-10-09T11:00:20.810+0700] {processor.py:179} INFO - Processing /home/hasyidan/venv/lib/python3.8/site-packages/airflow/example_dags/example_trigger_target_dag.py took 0.911 seconds
[2024-10-09T11:01:31.991+0700] {processor.py:157} INFO - Started process (PID=4148) to work on /home/hasyidan/venv/lib/python3.8/site-packages/airflow/example_dags/example_trigger_target_dag.py
[2024-10-09T11:01:32.029+0700] {processor.py:826} INFO - Processing file /home/hasyidan/venv/lib/python3.8/site-packages/airflow/example_dags/example_trigger_target_dag.py for tasks to queue
[2024-10-09T11:01:32.032+0700] {logging_mixin.py:149} INFO - [2024-10-09T11:01:32.031+0700] {dagbag.py:541} INFO - Filling up the DagBag from /home/hasyidan/venv/lib/python3.8/site-packages/airflow/example_dags/example_trigger_target_dag.py
[2024-10-09T11:01:32.046+0700] {processor.py:836} INFO - DAG(s) dict_keys(['example_trigger_target_dag']) retrieved from /home/hasyidan/venv/lib/python3.8/site-packages/airflow/example_dags/example_trigger_target_dag.py
[2024-10-09T11:01:32.318+0700] {logging_mixin.py:149} INFO - [2024-10-09T11:01:32.317+0700] {dag.py:2726} INFO - Sync 1 DAGs
[2024-10-09T11:01:32.360+0700] {logging_mixin.py:149} INFO - [2024-10-09T11:01:32.360+0700] {dag.py:3486} INFO - Setting next_dagrun for example_trigger_target_dag to None, run_after=None
[2024-10-09T11:01:32.575+0700] {processor.py:179} INFO - Processing /home/hasyidan/venv/lib/python3.8/site-packages/airflow/example_dags/example_trigger_target_dag.py took 0.591 seconds
[2024-10-09T11:02:39.506+0700] {processor.py:157} INFO - Started process (PID=4211) to work on /home/hasyidan/venv/lib/python3.8/site-packages/airflow/example_dags/example_trigger_target_dag.py
[2024-10-09T11:02:39.543+0700] {processor.py:826} INFO - Processing file /home/hasyidan/venv/lib/python3.8/site-packages/airflow/example_dags/example_trigger_target_dag.py for tasks to queue
[2024-10-09T11:02:39.546+0700] {logging_mixin.py:149} INFO - [2024-10-09T11:02:39.545+0700] {dagbag.py:541} INFO - Filling up the DagBag from /home/hasyidan/venv/lib/python3.8/site-packages/airflow/example_dags/example_trigger_target_dag.py
[2024-10-09T11:02:39.561+0700] {processor.py:836} INFO - DAG(s) dict_keys(['example_trigger_target_dag']) retrieved from /home/hasyidan/venv/lib/python3.8/site-packages/airflow/example_dags/example_trigger_target_dag.py
[2024-10-09T11:02:39.599+0700] {logging_mixin.py:149} INFO - [2024-10-09T11:02:39.599+0700] {dag.py:2726} INFO - Sync 1 DAGs
[2024-10-09T11:02:39.643+0700] {logging_mixin.py:149} INFO - [2024-10-09T11:02:39.642+0700] {dag.py:3486} INFO - Setting next_dagrun for example_trigger_target_dag to None, run_after=None
[2024-10-09T11:02:39.766+0700] {processor.py:179} INFO - Processing /home/hasyidan/venv/lib/python3.8/site-packages/airflow/example_dags/example_trigger_target_dag.py took 0.266 seconds
[2024-10-09T11:03:37.863+0700] {processor.py:157} INFO - Started process (PID=4265) to work on /home/hasyidan/venv/lib/python3.8/site-packages/airflow/example_dags/example_trigger_target_dag.py
[2024-10-09T11:03:37.866+0700] {processor.py:826} INFO - Processing file /home/hasyidan/venv/lib/python3.8/site-packages/airflow/example_dags/example_trigger_target_dag.py for tasks to queue
[2024-10-09T11:03:37.868+0700] {logging_mixin.py:149} INFO - [2024-10-09T11:03:37.868+0700] {dagbag.py:541} INFO - Filling up the DagBag from /home/hasyidan/venv/lib/python3.8/site-packages/airflow/example_dags/example_trigger_target_dag.py
[2024-10-09T11:03:37.881+0700] {processor.py:836} INFO - DAG(s) dict_keys(['example_trigger_target_dag']) retrieved from /home/hasyidan/venv/lib/python3.8/site-packages/airflow/example_dags/example_trigger_target_dag.py
[2024-10-09T11:03:37.917+0700] {logging_mixin.py:149} INFO - [2024-10-09T11:03:37.916+0700] {dag.py:2726} INFO - Sync 1 DAGs
[2024-10-09T11:03:37.958+0700] {logging_mixin.py:149} INFO - [2024-10-09T11:03:37.957+0700] {dag.py:3486} INFO - Setting next_dagrun for example_trigger_target_dag to None, run_after=None
[2024-10-09T11:03:38.097+0700] {processor.py:179} INFO - Processing /home/hasyidan/venv/lib/python3.8/site-packages/airflow/example_dags/example_trigger_target_dag.py took 0.240 seconds
[2024-10-09T11:05:20.528+0700] {processor.py:157} INFO - Started process (PID=4346) to work on /home/hasyidan/venv/lib/python3.8/site-packages/airflow/example_dags/example_trigger_target_dag.py
[2024-10-09T11:05:20.552+0700] {processor.py:826} INFO - Processing file /home/hasyidan/venv/lib/python3.8/site-packages/airflow/example_dags/example_trigger_target_dag.py for tasks to queue
[2024-10-09T11:05:20.555+0700] {logging_mixin.py:149} INFO - [2024-10-09T11:05:20.554+0700] {dagbag.py:541} INFO - Filling up the DagBag from /home/hasyidan/venv/lib/python3.8/site-packages/airflow/example_dags/example_trigger_target_dag.py
[2024-10-09T11:05:20.570+0700] {processor.py:836} INFO - DAG(s) dict_keys(['example_trigger_target_dag']) retrieved from /home/hasyidan/venv/lib/python3.8/site-packages/airflow/example_dags/example_trigger_target_dag.py
[2024-10-09T11:05:20.631+0700] {logging_mixin.py:149} INFO - [2024-10-09T11:05:20.631+0700] {dag.py:2726} INFO - Sync 1 DAGs
[2024-10-09T11:05:20.682+0700] {logging_mixin.py:149} INFO - [2024-10-09T11:05:20.682+0700] {dag.py:3486} INFO - Setting next_dagrun for example_trigger_target_dag to None, run_after=None
[2024-10-09T11:05:20.798+0700] {processor.py:179} INFO - Processing /home/hasyidan/venv/lib/python3.8/site-packages/airflow/example_dags/example_trigger_target_dag.py took 0.276 seconds
[2024-10-09T11:06:52.824+0700] {processor.py:157} INFO - Started process (PID=4558) to work on /home/hasyidan/venv/lib/python3.8/site-packages/airflow/example_dags/example_trigger_target_dag.py
[2024-10-09T11:06:52.942+0700] {processor.py:826} INFO - Processing file /home/hasyidan/venv/lib/python3.8/site-packages/airflow/example_dags/example_trigger_target_dag.py for tasks to queue
[2024-10-09T11:06:52.945+0700] {logging_mixin.py:149} INFO - [2024-10-09T11:06:52.944+0700] {dagbag.py:541} INFO - Filling up the DagBag from /home/hasyidan/venv/lib/python3.8/site-packages/airflow/example_dags/example_trigger_target_dag.py
[2024-10-09T11:06:53.026+0700] {processor.py:836} INFO - DAG(s) dict_keys(['example_trigger_target_dag']) retrieved from /home/hasyidan/venv/lib/python3.8/site-packages/airflow/example_dags/example_trigger_target_dag.py
[2024-10-09T11:06:53.065+0700] {logging_mixin.py:149} INFO - [2024-10-09T11:06:53.065+0700] {dag.py:2726} INFO - Sync 1 DAGs
[2024-10-09T11:06:53.110+0700] {logging_mixin.py:149} INFO - [2024-10-09T11:06:53.110+0700] {dag.py:3486} INFO - Setting next_dagrun for example_trigger_target_dag to None, run_after=None
[2024-10-09T11:06:53.483+0700] {processor.py:179} INFO - Processing /home/hasyidan/venv/lib/python3.8/site-packages/airflow/example_dags/example_trigger_target_dag.py took 0.667 seconds
[2024-10-09T11:07:41.635+0700] {processor.py:157} INFO - Started process (PID=4641) to work on /home/hasyidan/venv/lib/python3.8/site-packages/airflow/example_dags/example_trigger_target_dag.py
[2024-10-09T11:07:41.685+0700] {processor.py:826} INFO - Processing file /home/hasyidan/venv/lib/python3.8/site-packages/airflow/example_dags/example_trigger_target_dag.py for tasks to queue
[2024-10-09T11:07:41.688+0700] {logging_mixin.py:149} INFO - [2024-10-09T11:07:41.687+0700] {dagbag.py:541} INFO - Filling up the DagBag from /home/hasyidan/venv/lib/python3.8/site-packages/airflow/example_dags/example_trigger_target_dag.py
[2024-10-09T11:07:41.702+0700] {processor.py:836} INFO - DAG(s) dict_keys(['example_trigger_target_dag']) retrieved from /home/hasyidan/venv/lib/python3.8/site-packages/airflow/example_dags/example_trigger_target_dag.py
[2024-10-09T11:07:41.738+0700] {logging_mixin.py:149} INFO - [2024-10-09T11:07:41.737+0700] {dag.py:2726} INFO - Sync 1 DAGs
[2024-10-09T11:07:41.782+0700] {logging_mixin.py:149} INFO - [2024-10-09T11:07:41.782+0700] {dag.py:3486} INFO - Setting next_dagrun for example_trigger_target_dag to None, run_after=None
[2024-10-09T11:07:41.896+0700] {processor.py:179} INFO - Processing /home/hasyidan/venv/lib/python3.8/site-packages/airflow/example_dags/example_trigger_target_dag.py took 0.268 seconds
[2024-10-09T11:08:41.942+0700] {processor.py:157} INFO - Started process (PID=4698) to work on /home/hasyidan/venv/lib/python3.8/site-packages/airflow/example_dags/example_trigger_target_dag.py
[2024-10-09T11:08:41.968+0700] {processor.py:826} INFO - Processing file /home/hasyidan/venv/lib/python3.8/site-packages/airflow/example_dags/example_trigger_target_dag.py for tasks to queue
[2024-10-09T11:08:41.971+0700] {logging_mixin.py:149} INFO - [2024-10-09T11:08:41.971+0700] {dagbag.py:541} INFO - Filling up the DagBag from /home/hasyidan/venv/lib/python3.8/site-packages/airflow/example_dags/example_trigger_target_dag.py
[2024-10-09T11:08:41.985+0700] {processor.py:836} INFO - DAG(s) dict_keys(['example_trigger_target_dag']) retrieved from /home/hasyidan/venv/lib/python3.8/site-packages/airflow/example_dags/example_trigger_target_dag.py
[2024-10-09T11:08:42.022+0700] {logging_mixin.py:149} INFO - [2024-10-09T11:08:42.022+0700] {dag.py:2726} INFO - Sync 1 DAGs
[2024-10-09T11:08:42.065+0700] {logging_mixin.py:149} INFO - [2024-10-09T11:08:42.064+0700] {dag.py:3486} INFO - Setting next_dagrun for example_trigger_target_dag to None, run_after=None
[2024-10-09T11:08:42.183+0700] {processor.py:179} INFO - Processing /home/hasyidan/venv/lib/python3.8/site-packages/airflow/example_dags/example_trigger_target_dag.py took 0.247 seconds
[2024-10-09T11:09:38.138+0700] {processor.py:157} INFO - Started process (PID=4752) to work on /home/hasyidan/venv/lib/python3.8/site-packages/airflow/example_dags/example_trigger_target_dag.py
[2024-10-09T11:09:38.186+0700] {processor.py:826} INFO - Processing file /home/hasyidan/venv/lib/python3.8/site-packages/airflow/example_dags/example_trigger_target_dag.py for tasks to queue
[2024-10-09T11:09:38.188+0700] {logging_mixin.py:149} INFO - [2024-10-09T11:09:38.188+0700] {dagbag.py:541} INFO - Filling up the DagBag from /home/hasyidan/venv/lib/python3.8/site-packages/airflow/example_dags/example_trigger_target_dag.py
[2024-10-09T11:09:38.203+0700] {processor.py:836} INFO - DAG(s) dict_keys(['example_trigger_target_dag']) retrieved from /home/hasyidan/venv/lib/python3.8/site-packages/airflow/example_dags/example_trigger_target_dag.py
[2024-10-09T11:09:38.241+0700] {logging_mixin.py:149} INFO - [2024-10-09T11:09:38.241+0700] {dag.py:2726} INFO - Sync 1 DAGs
[2024-10-09T11:09:38.283+0700] {logging_mixin.py:149} INFO - [2024-10-09T11:09:38.283+0700] {dag.py:3486} INFO - Setting next_dagrun for example_trigger_target_dag to None, run_after=None
[2024-10-09T11:09:38.397+0700] {processor.py:179} INFO - Processing /home/hasyidan/venv/lib/python3.8/site-packages/airflow/example_dags/example_trigger_target_dag.py took 0.265 seconds
[2024-10-09T11:10:28.152+0700] {processor.py:157} INFO - Started process (PID=4802) to work on /home/hasyidan/venv/lib/python3.8/site-packages/airflow/example_dags/example_trigger_target_dag.py
[2024-10-09T11:10:28.171+0700] {processor.py:826} INFO - Processing file /home/hasyidan/venv/lib/python3.8/site-packages/airflow/example_dags/example_trigger_target_dag.py for tasks to queue
[2024-10-09T11:10:28.174+0700] {logging_mixin.py:149} INFO - [2024-10-09T11:10:28.173+0700] {dagbag.py:541} INFO - Filling up the DagBag from /home/hasyidan/venv/lib/python3.8/site-packages/airflow/example_dags/example_trigger_target_dag.py
[2024-10-09T11:10:28.187+0700] {processor.py:836} INFO - DAG(s) dict_keys(['example_trigger_target_dag']) retrieved from /home/hasyidan/venv/lib/python3.8/site-packages/airflow/example_dags/example_trigger_target_dag.py
[2024-10-09T11:10:28.224+0700] {logging_mixin.py:149} INFO - [2024-10-09T11:10:28.223+0700] {dag.py:2726} INFO - Sync 1 DAGs
[2024-10-09T11:10:28.268+0700] {logging_mixin.py:149} INFO - [2024-10-09T11:10:28.268+0700] {dag.py:3486} INFO - Setting next_dagrun for example_trigger_target_dag to None, run_after=None
[2024-10-09T11:10:28.395+0700] {processor.py:179} INFO - Processing /home/hasyidan/venv/lib/python3.8/site-packages/airflow/example_dags/example_trigger_target_dag.py took 0.250 seconds
[2024-10-09T11:11:23.118+0700] {processor.py:157} INFO - Started process (PID=4868) to work on /home/hasyidan/venv/lib/python3.8/site-packages/airflow/example_dags/example_trigger_target_dag.py
[2024-10-09T11:11:23.153+0700] {processor.py:826} INFO - Processing file /home/hasyidan/venv/lib/python3.8/site-packages/airflow/example_dags/example_trigger_target_dag.py for tasks to queue
[2024-10-09T11:11:23.156+0700] {logging_mixin.py:149} INFO - [2024-10-09T11:11:23.155+0700] {dagbag.py:541} INFO - Filling up the DagBag from /home/hasyidan/venv/lib/python3.8/site-packages/airflow/example_dags/example_trigger_target_dag.py
[2024-10-09T11:11:23.169+0700] {processor.py:836} INFO - DAG(s) dict_keys(['example_trigger_target_dag']) retrieved from /home/hasyidan/venv/lib/python3.8/site-packages/airflow/example_dags/example_trigger_target_dag.py
[2024-10-09T11:11:23.206+0700] {logging_mixin.py:149} INFO - [2024-10-09T11:11:23.205+0700] {dag.py:2726} INFO - Sync 1 DAGs
[2024-10-09T11:11:23.249+0700] {logging_mixin.py:149} INFO - [2024-10-09T11:11:23.248+0700] {dag.py:3486} INFO - Setting next_dagrun for example_trigger_target_dag to None, run_after=None
[2024-10-09T11:11:23.355+0700] {processor.py:179} INFO - Processing /home/hasyidan/venv/lib/python3.8/site-packages/airflow/example_dags/example_trigger_target_dag.py took 0.243 seconds
[2024-10-09T11:12:15.525+0700] {processor.py:157} INFO - Started process (PID=4924) to work on /home/hasyidan/venv/lib/python3.8/site-packages/airflow/example_dags/example_trigger_target_dag.py
[2024-10-09T11:12:15.555+0700] {processor.py:826} INFO - Processing file /home/hasyidan/venv/lib/python3.8/site-packages/airflow/example_dags/example_trigger_target_dag.py for tasks to queue
[2024-10-09T11:12:15.557+0700] {logging_mixin.py:149} INFO - [2024-10-09T11:12:15.557+0700] {dagbag.py:541} INFO - Filling up the DagBag from /home/hasyidan/venv/lib/python3.8/site-packages/airflow/example_dags/example_trigger_target_dag.py
[2024-10-09T11:12:15.571+0700] {processor.py:836} INFO - DAG(s) dict_keys(['example_trigger_target_dag']) retrieved from /home/hasyidan/venv/lib/python3.8/site-packages/airflow/example_dags/example_trigger_target_dag.py
[2024-10-09T11:12:15.619+0700] {logging_mixin.py:149} INFO - [2024-10-09T11:12:15.619+0700] {dag.py:2726} INFO - Sync 1 DAGs
[2024-10-09T11:12:15.728+0700] {logging_mixin.py:149} INFO - [2024-10-09T11:12:15.727+0700] {dag.py:3486} INFO - Setting next_dagrun for example_trigger_target_dag to None, run_after=None
[2024-10-09T11:12:15.893+0700] {processor.py:179} INFO - Processing /home/hasyidan/venv/lib/python3.8/site-packages/airflow/example_dags/example_trigger_target_dag.py took 0.391 seconds
[2024-10-09T11:13:09.394+0700] {processor.py:157} INFO - Started process (PID=4977) to work on /home/hasyidan/venv/lib/python3.8/site-packages/airflow/example_dags/example_trigger_target_dag.py
[2024-10-09T11:13:09.429+0700] {processor.py:826} INFO - Processing file /home/hasyidan/venv/lib/python3.8/site-packages/airflow/example_dags/example_trigger_target_dag.py for tasks to queue
[2024-10-09T11:13:09.431+0700] {logging_mixin.py:149} INFO - [2024-10-09T11:13:09.431+0700] {dagbag.py:541} INFO - Filling up the DagBag from /home/hasyidan/venv/lib/python3.8/site-packages/airflow/example_dags/example_trigger_target_dag.py
[2024-10-09T11:13:09.444+0700] {processor.py:836} INFO - DAG(s) dict_keys(['example_trigger_target_dag']) retrieved from /home/hasyidan/venv/lib/python3.8/site-packages/airflow/example_dags/example_trigger_target_dag.py
[2024-10-09T11:13:09.480+0700] {logging_mixin.py:149} INFO - [2024-10-09T11:13:09.480+0700] {dag.py:2726} INFO - Sync 1 DAGs
[2024-10-09T11:13:09.523+0700] {logging_mixin.py:149} INFO - [2024-10-09T11:13:09.523+0700] {dag.py:3486} INFO - Setting next_dagrun for example_trigger_target_dag to None, run_after=None
[2024-10-09T11:13:09.634+0700] {processor.py:179} INFO - Processing /home/hasyidan/venv/lib/python3.8/site-packages/airflow/example_dags/example_trigger_target_dag.py took 0.246 seconds
[2024-10-09T11:14:01.514+0700] {processor.py:157} INFO - Started process (PID=5034) to work on /home/hasyidan/venv/lib/python3.8/site-packages/airflow/example_dags/example_trigger_target_dag.py
[2024-10-09T11:14:01.532+0700] {processor.py:826} INFO - Processing file /home/hasyidan/venv/lib/python3.8/site-packages/airflow/example_dags/example_trigger_target_dag.py for tasks to queue
[2024-10-09T11:14:01.534+0700] {logging_mixin.py:149} INFO - [2024-10-09T11:14:01.534+0700] {dagbag.py:541} INFO - Filling up the DagBag from /home/hasyidan/venv/lib/python3.8/site-packages/airflow/example_dags/example_trigger_target_dag.py
[2024-10-09T11:14:01.549+0700] {processor.py:836} INFO - DAG(s) dict_keys(['example_trigger_target_dag']) retrieved from /home/hasyidan/venv/lib/python3.8/site-packages/airflow/example_dags/example_trigger_target_dag.py
[2024-10-09T11:14:01.586+0700] {logging_mixin.py:149} INFO - [2024-10-09T11:14:01.586+0700] {dag.py:2726} INFO - Sync 1 DAGs
[2024-10-09T11:14:01.630+0700] {logging_mixin.py:149} INFO - [2024-10-09T11:14:01.630+0700] {dag.py:3486} INFO - Setting next_dagrun for example_trigger_target_dag to None, run_after=None
[2024-10-09T11:14:01.759+0700] {processor.py:179} INFO - Processing /home/hasyidan/venv/lib/python3.8/site-packages/airflow/example_dags/example_trigger_target_dag.py took 0.251 seconds
[2024-10-09T11:15:44.476+0700] {processor.py:157} INFO - Started process (PID=5284) to work on /home/hasyidan/venv/lib/python3.8/site-packages/airflow/example_dags/example_trigger_target_dag.py
[2024-10-09T11:15:44.481+0700] {processor.py:826} INFO - Processing file /home/hasyidan/venv/lib/python3.8/site-packages/airflow/example_dags/example_trigger_target_dag.py for tasks to queue
[2024-10-09T11:15:44.483+0700] {logging_mixin.py:149} INFO - [2024-10-09T11:15:44.482+0700] {dagbag.py:541} INFO - Filling up the DagBag from /home/hasyidan/venv/lib/python3.8/site-packages/airflow/example_dags/example_trigger_target_dag.py
[2024-10-09T11:15:44.507+0700] {processor.py:836} INFO - DAG(s) dict_keys(['example_trigger_target_dag']) retrieved from /home/hasyidan/venv/lib/python3.8/site-packages/airflow/example_dags/example_trigger_target_dag.py
[2024-10-09T11:15:44.582+0700] {logging_mixin.py:149} INFO - [2024-10-09T11:15:44.582+0700] {dag.py:2726} INFO - Sync 1 DAGs
[2024-10-09T11:15:44.665+0700] {logging_mixin.py:149} INFO - [2024-10-09T11:15:44.664+0700] {dag.py:3486} INFO - Setting next_dagrun for example_trigger_target_dag to None, run_after=None
[2024-10-09T11:15:44.822+0700] {processor.py:179} INFO - Processing /home/hasyidan/venv/lib/python3.8/site-packages/airflow/example_dags/example_trigger_target_dag.py took 0.357 seconds
[2024-10-09T11:16:36.871+0700] {processor.py:157} INFO - Started process (PID=5336) to work on /home/hasyidan/venv/lib/python3.8/site-packages/airflow/example_dags/example_trigger_target_dag.py
[2024-10-09T11:16:36.912+0700] {processor.py:826} INFO - Processing file /home/hasyidan/venv/lib/python3.8/site-packages/airflow/example_dags/example_trigger_target_dag.py for tasks to queue
[2024-10-09T11:16:36.915+0700] {logging_mixin.py:149} INFO - [2024-10-09T11:16:36.914+0700] {dagbag.py:541} INFO - Filling up the DagBag from /home/hasyidan/venv/lib/python3.8/site-packages/airflow/example_dags/example_trigger_target_dag.py
[2024-10-09T11:16:36.933+0700] {processor.py:836} INFO - DAG(s) dict_keys(['example_trigger_target_dag']) retrieved from /home/hasyidan/venv/lib/python3.8/site-packages/airflow/example_dags/example_trigger_target_dag.py
[2024-10-09T11:16:36.988+0700] {logging_mixin.py:149} INFO - [2024-10-09T11:16:36.987+0700] {dag.py:2726} INFO - Sync 1 DAGs
[2024-10-09T11:16:37.071+0700] {logging_mixin.py:149} INFO - [2024-10-09T11:16:37.071+0700] {dag.py:3486} INFO - Setting next_dagrun for example_trigger_target_dag to None, run_after=None
[2024-10-09T11:16:37.231+0700] {processor.py:179} INFO - Processing /home/hasyidan/venv/lib/python3.8/site-packages/airflow/example_dags/example_trigger_target_dag.py took 0.373 seconds
[2024-10-09T11:17:46.043+0700] {processor.py:157} INFO - Started process (PID=5404) to work on /home/hasyidan/venv/lib/python3.8/site-packages/airflow/example_dags/example_trigger_target_dag.py
[2024-10-09T11:17:46.045+0700] {processor.py:826} INFO - Processing file /home/hasyidan/venv/lib/python3.8/site-packages/airflow/example_dags/example_trigger_target_dag.py for tasks to queue
[2024-10-09T11:17:46.047+0700] {logging_mixin.py:149} INFO - [2024-10-09T11:17:46.046+0700] {dagbag.py:541} INFO - Filling up the DagBag from /home/hasyidan/venv/lib/python3.8/site-packages/airflow/example_dags/example_trigger_target_dag.py
[2024-10-09T11:17:46.068+0700] {processor.py:836} INFO - DAG(s) dict_keys(['example_trigger_target_dag']) retrieved from /home/hasyidan/venv/lib/python3.8/site-packages/airflow/example_dags/example_trigger_target_dag.py
[2024-10-09T11:17:46.126+0700] {logging_mixin.py:149} INFO - [2024-10-09T11:17:46.125+0700] {dag.py:2726} INFO - Sync 1 DAGs
[2024-10-09T11:17:46.194+0700] {logging_mixin.py:149} INFO - [2024-10-09T11:17:46.193+0700] {dag.py:3486} INFO - Setting next_dagrun for example_trigger_target_dag to None, run_after=None
[2024-10-09T11:17:46.347+0700] {processor.py:179} INFO - Processing /home/hasyidan/venv/lib/python3.8/site-packages/airflow/example_dags/example_trigger_target_dag.py took 0.317 seconds
[2024-10-09T11:18:53.452+0700] {processor.py:157} INFO - Started process (PID=5471) to work on /home/hasyidan/venv/lib/python3.8/site-packages/airflow/example_dags/example_trigger_target_dag.py
[2024-10-09T11:18:53.480+0700] {processor.py:826} INFO - Processing file /home/hasyidan/venv/lib/python3.8/site-packages/airflow/example_dags/example_trigger_target_dag.py for tasks to queue
[2024-10-09T11:18:53.483+0700] {logging_mixin.py:149} INFO - [2024-10-09T11:18:53.483+0700] {dagbag.py:541} INFO - Filling up the DagBag from /home/hasyidan/venv/lib/python3.8/site-packages/airflow/example_dags/example_trigger_target_dag.py
[2024-10-09T11:18:53.502+0700] {processor.py:836} INFO - DAG(s) dict_keys(['example_trigger_target_dag']) retrieved from /home/hasyidan/venv/lib/python3.8/site-packages/airflow/example_dags/example_trigger_target_dag.py
[2024-10-09T11:18:53.569+0700] {logging_mixin.py:149} INFO - [2024-10-09T11:18:53.569+0700] {dag.py:2726} INFO - Sync 1 DAGs
[2024-10-09T11:18:53.647+0700] {logging_mixin.py:149} INFO - [2024-10-09T11:18:53.643+0700] {dag.py:3486} INFO - Setting next_dagrun for example_trigger_target_dag to None, run_after=None
[2024-10-09T11:18:53.784+0700] {processor.py:179} INFO - Processing /home/hasyidan/venv/lib/python3.8/site-packages/airflow/example_dags/example_trigger_target_dag.py took 0.345 seconds
[2024-10-09T11:19:54.975+0700] {processor.py:157} INFO - Started process (PID=5541) to work on /home/hasyidan/venv/lib/python3.8/site-packages/airflow/example_dags/example_trigger_target_dag.py
[2024-10-09T11:19:55.002+0700] {processor.py:826} INFO - Processing file /home/hasyidan/venv/lib/python3.8/site-packages/airflow/example_dags/example_trigger_target_dag.py for tasks to queue
[2024-10-09T11:19:55.004+0700] {logging_mixin.py:149} INFO - [2024-10-09T11:19:55.004+0700] {dagbag.py:541} INFO - Filling up the DagBag from /home/hasyidan/venv/lib/python3.8/site-packages/airflow/example_dags/example_trigger_target_dag.py
[2024-10-09T11:19:55.033+0700] {processor.py:836} INFO - DAG(s) dict_keys(['example_trigger_target_dag']) retrieved from /home/hasyidan/venv/lib/python3.8/site-packages/airflow/example_dags/example_trigger_target_dag.py
[2024-10-09T11:19:55.113+0700] {logging_mixin.py:149} INFO - [2024-10-09T11:19:55.112+0700] {dag.py:2726} INFO - Sync 1 DAGs
[2024-10-09T11:19:55.201+0700] {logging_mixin.py:149} INFO - [2024-10-09T11:19:55.201+0700] {dag.py:3486} INFO - Setting next_dagrun for example_trigger_target_dag to None, run_after=None
[2024-10-09T11:19:55.380+0700] {processor.py:179} INFO - Processing /home/hasyidan/venv/lib/python3.8/site-packages/airflow/example_dags/example_trigger_target_dag.py took 0.414 seconds
[2024-10-09T11:21:02.060+0700] {processor.py:157} INFO - Started process (PID=5613) to work on /home/hasyidan/venv/lib/python3.8/site-packages/airflow/example_dags/example_trigger_target_dag.py
[2024-10-09T11:21:02.068+0700] {processor.py:826} INFO - Processing file /home/hasyidan/venv/lib/python3.8/site-packages/airflow/example_dags/example_trigger_target_dag.py for tasks to queue
[2024-10-09T11:21:02.074+0700] {logging_mixin.py:149} INFO - [2024-10-09T11:21:02.073+0700] {dagbag.py:541} INFO - Filling up the DagBag from /home/hasyidan/venv/lib/python3.8/site-packages/airflow/example_dags/example_trigger_target_dag.py
[2024-10-09T11:21:02.093+0700] {processor.py:836} INFO - DAG(s) dict_keys(['example_trigger_target_dag']) retrieved from /home/hasyidan/venv/lib/python3.8/site-packages/airflow/example_dags/example_trigger_target_dag.py
[2024-10-09T11:21:02.160+0700] {logging_mixin.py:149} INFO - [2024-10-09T11:21:02.159+0700] {dag.py:2726} INFO - Sync 1 DAGs
[2024-10-09T11:21:02.239+0700] {logging_mixin.py:149} INFO - [2024-10-09T11:21:02.239+0700] {dag.py:3486} INFO - Setting next_dagrun for example_trigger_target_dag to None, run_after=None
[2024-10-09T11:21:02.402+0700] {processor.py:179} INFO - Processing /home/hasyidan/venv/lib/python3.8/site-packages/airflow/example_dags/example_trigger_target_dag.py took 0.351 seconds
[2024-10-09T11:22:07.717+0700] {processor.py:157} INFO - Started process (PID=5675) to work on /home/hasyidan/venv/lib/python3.8/site-packages/airflow/example_dags/example_trigger_target_dag.py
[2024-10-09T11:22:07.761+0700] {processor.py:826} INFO - Processing file /home/hasyidan/venv/lib/python3.8/site-packages/airflow/example_dags/example_trigger_target_dag.py for tasks to queue
[2024-10-09T11:22:07.764+0700] {logging_mixin.py:149} INFO - [2024-10-09T11:22:07.764+0700] {dagbag.py:541} INFO - Filling up the DagBag from /home/hasyidan/venv/lib/python3.8/site-packages/airflow/example_dags/example_trigger_target_dag.py
[2024-10-09T11:22:07.779+0700] {processor.py:836} INFO - DAG(s) dict_keys(['example_trigger_target_dag']) retrieved from /home/hasyidan/venv/lib/python3.8/site-packages/airflow/example_dags/example_trigger_target_dag.py
[2024-10-09T11:22:07.833+0700] {logging_mixin.py:149} INFO - [2024-10-09T11:22:07.833+0700] {dag.py:2726} INFO - Sync 1 DAGs
[2024-10-09T11:22:07.900+0700] {logging_mixin.py:149} INFO - [2024-10-09T11:22:07.899+0700] {dag.py:3486} INFO - Setting next_dagrun for example_trigger_target_dag to None, run_after=None
[2024-10-09T11:22:08.065+0700] {processor.py:179} INFO - Processing /home/hasyidan/venv/lib/python3.8/site-packages/airflow/example_dags/example_trigger_target_dag.py took 0.363 seconds
[2024-10-09T11:23:10.427+0700] {processor.py:157} INFO - Started process (PID=5737) to work on /home/hasyidan/venv/lib/python3.8/site-packages/airflow/example_dags/example_trigger_target_dag.py
[2024-10-09T11:23:10.430+0700] {processor.py:826} INFO - Processing file /home/hasyidan/venv/lib/python3.8/site-packages/airflow/example_dags/example_trigger_target_dag.py for tasks to queue
[2024-10-09T11:23:10.431+0700] {logging_mixin.py:149} INFO - [2024-10-09T11:23:10.431+0700] {dagbag.py:541} INFO - Filling up the DagBag from /home/hasyidan/venv/lib/python3.8/site-packages/airflow/example_dags/example_trigger_target_dag.py
[2024-10-09T11:23:10.448+0700] {processor.py:836} INFO - DAG(s) dict_keys(['example_trigger_target_dag']) retrieved from /home/hasyidan/venv/lib/python3.8/site-packages/airflow/example_dags/example_trigger_target_dag.py
[2024-10-09T11:23:10.496+0700] {logging_mixin.py:149} INFO - [2024-10-09T11:23:10.495+0700] {dag.py:2726} INFO - Sync 1 DAGs
[2024-10-09T11:23:10.563+0700] {logging_mixin.py:149} INFO - [2024-10-09T11:23:10.562+0700] {dag.py:3486} INFO - Setting next_dagrun for example_trigger_target_dag to None, run_after=None
[2024-10-09T11:23:10.731+0700] {processor.py:179} INFO - Processing /home/hasyidan/venv/lib/python3.8/site-packages/airflow/example_dags/example_trigger_target_dag.py took 0.312 seconds
[2024-10-09T11:24:16.337+0700] {processor.py:157} INFO - Started process (PID=5802) to work on /home/hasyidan/venv/lib/python3.8/site-packages/airflow/example_dags/example_trigger_target_dag.py
[2024-10-09T11:24:16.340+0700] {processor.py:826} INFO - Processing file /home/hasyidan/venv/lib/python3.8/site-packages/airflow/example_dags/example_trigger_target_dag.py for tasks to queue
[2024-10-09T11:24:16.341+0700] {logging_mixin.py:149} INFO - [2024-10-09T11:24:16.341+0700] {dagbag.py:541} INFO - Filling up the DagBag from /home/hasyidan/venv/lib/python3.8/site-packages/airflow/example_dags/example_trigger_target_dag.py
[2024-10-09T11:24:16.361+0700] {processor.py:836} INFO - DAG(s) dict_keys(['example_trigger_target_dag']) retrieved from /home/hasyidan/venv/lib/python3.8/site-packages/airflow/example_dags/example_trigger_target_dag.py
[2024-10-09T11:24:16.440+0700] {logging_mixin.py:149} INFO - [2024-10-09T11:24:16.440+0700] {dag.py:2726} INFO - Sync 1 DAGs
[2024-10-09T11:24:16.516+0700] {logging_mixin.py:149} INFO - [2024-10-09T11:24:16.515+0700] {dag.py:3486} INFO - Setting next_dagrun for example_trigger_target_dag to None, run_after=None
[2024-10-09T11:24:16.713+0700] {processor.py:179} INFO - Processing /home/hasyidan/venv/lib/python3.8/site-packages/airflow/example_dags/example_trigger_target_dag.py took 0.388 seconds
[2024-10-09T11:25:25.470+0700] {processor.py:157} INFO - Started process (PID=5875) to work on /home/hasyidan/venv/lib/python3.8/site-packages/airflow/example_dags/example_trigger_target_dag.py
[2024-10-09T11:25:25.482+0700] {processor.py:826} INFO - Processing file /home/hasyidan/venv/lib/python3.8/site-packages/airflow/example_dags/example_trigger_target_dag.py for tasks to queue
[2024-10-09T11:25:25.485+0700] {logging_mixin.py:149} INFO - [2024-10-09T11:25:25.485+0700] {dagbag.py:541} INFO - Filling up the DagBag from /home/hasyidan/venv/lib/python3.8/site-packages/airflow/example_dags/example_trigger_target_dag.py
[2024-10-09T11:25:25.503+0700] {processor.py:836} INFO - DAG(s) dict_keys(['example_trigger_target_dag']) retrieved from /home/hasyidan/venv/lib/python3.8/site-packages/airflow/example_dags/example_trigger_target_dag.py
[2024-10-09T11:25:25.561+0700] {logging_mixin.py:149} INFO - [2024-10-09T11:25:25.561+0700] {dag.py:2726} INFO - Sync 1 DAGs
[2024-10-09T11:25:25.639+0700] {logging_mixin.py:149} INFO - [2024-10-09T11:25:25.637+0700] {dag.py:3486} INFO - Setting next_dagrun for example_trigger_target_dag to None, run_after=None
[2024-10-09T11:25:25.766+0700] {processor.py:179} INFO - Processing /home/hasyidan/venv/lib/python3.8/site-packages/airflow/example_dags/example_trigger_target_dag.py took 0.306 seconds
[2024-10-09T11:27:24.453+0700] {processor.py:157} INFO - Started process (PID=5970) to work on /home/hasyidan/venv/lib/python3.8/site-packages/airflow/example_dags/example_trigger_target_dag.py
[2024-10-09T11:27:24.607+0700] {processor.py:826} INFO - Processing file /home/hasyidan/venv/lib/python3.8/site-packages/airflow/example_dags/example_trigger_target_dag.py for tasks to queue
[2024-10-09T11:27:24.609+0700] {logging_mixin.py:149} INFO - [2024-10-09T11:27:24.609+0700] {dagbag.py:541} INFO - Filling up the DagBag from /home/hasyidan/venv/lib/python3.8/site-packages/airflow/example_dags/example_trigger_target_dag.py
[2024-10-09T11:27:24.697+0700] {processor.py:836} INFO - DAG(s) dict_keys(['example_trigger_target_dag']) retrieved from /home/hasyidan/venv/lib/python3.8/site-packages/airflow/example_dags/example_trigger_target_dag.py
[2024-10-09T11:27:24.827+0700] {logging_mixin.py:149} INFO - [2024-10-09T11:27:24.825+0700] {dag.py:2726} INFO - Sync 1 DAGs
[2024-10-09T11:27:25.052+0700] {logging_mixin.py:149} INFO - [2024-10-09T11:27:25.051+0700] {dag.py:3486} INFO - Setting next_dagrun for example_trigger_target_dag to None, run_after=None
[2024-10-09T11:27:25.385+0700] {processor.py:179} INFO - Processing /home/hasyidan/venv/lib/python3.8/site-packages/airflow/example_dags/example_trigger_target_dag.py took 0.978 seconds
[2024-10-09T11:29:07.102+0700] {processor.py:157} INFO - Started process (PID=6039) to work on /home/hasyidan/venv/lib/python3.8/site-packages/airflow/example_dags/example_trigger_target_dag.py
[2024-10-09T11:29:07.123+0700] {processor.py:826} INFO - Processing file /home/hasyidan/venv/lib/python3.8/site-packages/airflow/example_dags/example_trigger_target_dag.py for tasks to queue
[2024-10-09T11:29:07.130+0700] {logging_mixin.py:149} INFO - [2024-10-09T11:29:07.129+0700] {dagbag.py:541} INFO - Filling up the DagBag from /home/hasyidan/venv/lib/python3.8/site-packages/airflow/example_dags/example_trigger_target_dag.py
[2024-10-09T11:29:07.164+0700] {processor.py:836} INFO - DAG(s) dict_keys(['example_trigger_target_dag']) retrieved from /home/hasyidan/venv/lib/python3.8/site-packages/airflow/example_dags/example_trigger_target_dag.py
[2024-10-09T11:29:07.246+0700] {logging_mixin.py:149} INFO - [2024-10-09T11:29:07.246+0700] {dag.py:2726} INFO - Sync 1 DAGs
[2024-10-09T11:29:07.648+0700] {logging_mixin.py:149} INFO - [2024-10-09T11:29:07.646+0700] {dag.py:3486} INFO - Setting next_dagrun for example_trigger_target_dag to None, run_after=None
[2024-10-09T11:29:07.929+0700] {processor.py:179} INFO - Processing /home/hasyidan/venv/lib/python3.8/site-packages/airflow/example_dags/example_trigger_target_dag.py took 0.836 seconds
[2024-10-09T11:30:38.933+0700] {processor.py:157} INFO - Started process (PID=6107) to work on /home/hasyidan/venv/lib/python3.8/site-packages/airflow/example_dags/example_trigger_target_dag.py
[2024-10-09T11:30:39.087+0700] {processor.py:826} INFO - Processing file /home/hasyidan/venv/lib/python3.8/site-packages/airflow/example_dags/example_trigger_target_dag.py for tasks to queue
[2024-10-09T11:30:39.089+0700] {logging_mixin.py:149} INFO - [2024-10-09T11:30:39.089+0700] {dagbag.py:541} INFO - Filling up the DagBag from /home/hasyidan/venv/lib/python3.8/site-packages/airflow/example_dags/example_trigger_target_dag.py
[2024-10-09T11:30:39.577+0700] {processor.py:836} INFO - DAG(s) dict_keys(['example_trigger_target_dag']) retrieved from /home/hasyidan/venv/lib/python3.8/site-packages/airflow/example_dags/example_trigger_target_dag.py
[2024-10-09T11:30:43.810+0700] {logging_mixin.py:149} INFO - [2024-10-09T11:30:43.810+0700] {dag.py:2726} INFO - Sync 1 DAGs
[2024-10-09T11:30:43.852+0700] {logging_mixin.py:149} INFO - [2024-10-09T11:30:43.852+0700] {dag.py:3486} INFO - Setting next_dagrun for example_trigger_target_dag to None, run_after=None
[2024-10-09T11:30:44.075+0700] {processor.py:179} INFO - Processing /home/hasyidan/venv/lib/python3.8/site-packages/airflow/example_dags/example_trigger_target_dag.py took 5.150 seconds
[2024-10-09T11:33:36.864+0700] {processor.py:157} INFO - Started process (PID=6447) to work on /home/hasyidan/venv/lib/python3.8/site-packages/airflow/example_dags/example_trigger_target_dag.py
[2024-10-09T11:33:37.056+0700] {processor.py:826} INFO - Processing file /home/hasyidan/venv/lib/python3.8/site-packages/airflow/example_dags/example_trigger_target_dag.py for tasks to queue
[2024-10-09T11:33:37.058+0700] {logging_mixin.py:149} INFO - [2024-10-09T11:33:37.058+0700] {dagbag.py:541} INFO - Filling up the DagBag from /home/hasyidan/venv/lib/python3.8/site-packages/airflow/example_dags/example_trigger_target_dag.py
[2024-10-09T11:33:37.137+0700] {processor.py:836} INFO - DAG(s) dict_keys(['example_trigger_target_dag']) retrieved from /home/hasyidan/venv/lib/python3.8/site-packages/airflow/example_dags/example_trigger_target_dag.py
[2024-10-09T11:33:37.221+0700] {logging_mixin.py:149} INFO - [2024-10-09T11:33:37.221+0700] {dag.py:2726} INFO - Sync 1 DAGs
[2024-10-09T11:33:37.277+0700] {logging_mixin.py:149} INFO - [2024-10-09T11:33:37.276+0700] {dag.py:3486} INFO - Setting next_dagrun for example_trigger_target_dag to None, run_after=None
[2024-10-09T11:33:37.885+0700] {processor.py:179} INFO - Processing /home/hasyidan/venv/lib/python3.8/site-packages/airflow/example_dags/example_trigger_target_dag.py took 1.032 seconds
[2024-10-09T11:35:16.118+0700] {processor.py:157} INFO - Started process (PID=6585) to work on /home/hasyidan/venv/lib/python3.8/site-packages/airflow/example_dags/example_trigger_target_dag.py
[2024-10-09T11:35:16.390+0700] {processor.py:826} INFO - Processing file /home/hasyidan/venv/lib/python3.8/site-packages/airflow/example_dags/example_trigger_target_dag.py for tasks to queue
[2024-10-09T11:35:16.393+0700] {logging_mixin.py:149} INFO - [2024-10-09T11:35:16.392+0700] {dagbag.py:541} INFO - Filling up the DagBag from /home/hasyidan/venv/lib/python3.8/site-packages/airflow/example_dags/example_trigger_target_dag.py
[2024-10-09T11:35:16.442+0700] {processor.py:836} INFO - DAG(s) dict_keys(['example_trigger_target_dag']) retrieved from /home/hasyidan/venv/lib/python3.8/site-packages/airflow/example_dags/example_trigger_target_dag.py
[2024-10-09T11:35:16.822+0700] {logging_mixin.py:149} INFO - [2024-10-09T11:35:16.822+0700] {dag.py:2726} INFO - Sync 1 DAGs
[2024-10-09T11:35:16.871+0700] {logging_mixin.py:149} INFO - [2024-10-09T11:35:16.871+0700] {dag.py:3486} INFO - Setting next_dagrun for example_trigger_target_dag to None, run_after=None
[2024-10-09T11:35:18.466+0700] {processor.py:179} INFO - Processing /home/hasyidan/venv/lib/python3.8/site-packages/airflow/example_dags/example_trigger_target_dag.py took 2.353 seconds
[2024-10-09T11:36:17.390+0700] {processor.py:157} INFO - Started process (PID=6644) to work on /home/hasyidan/venv/lib/python3.8/site-packages/airflow/example_dags/example_trigger_target_dag.py
[2024-10-09T11:36:17.412+0700] {processor.py:826} INFO - Processing file /home/hasyidan/venv/lib/python3.8/site-packages/airflow/example_dags/example_trigger_target_dag.py for tasks to queue
[2024-10-09T11:36:17.415+0700] {logging_mixin.py:149} INFO - [2024-10-09T11:36:17.414+0700] {dagbag.py:541} INFO - Filling up the DagBag from /home/hasyidan/venv/lib/python3.8/site-packages/airflow/example_dags/example_trigger_target_dag.py
[2024-10-09T11:36:17.429+0700] {processor.py:836} INFO - DAG(s) dict_keys(['example_trigger_target_dag']) retrieved from /home/hasyidan/venv/lib/python3.8/site-packages/airflow/example_dags/example_trigger_target_dag.py
[2024-10-09T11:36:17.473+0700] {logging_mixin.py:149} INFO - [2024-10-09T11:36:17.472+0700] {dag.py:2726} INFO - Sync 1 DAGs
[2024-10-09T11:36:17.523+0700] {logging_mixin.py:149} INFO - [2024-10-09T11:36:17.523+0700] {dag.py:3486} INFO - Setting next_dagrun for example_trigger_target_dag to None, run_after=None
[2024-10-09T11:36:18.207+0700] {processor.py:179} INFO - Processing /home/hasyidan/venv/lib/python3.8/site-packages/airflow/example_dags/example_trigger_target_dag.py took 0.825 seconds
[2024-10-09T11:38:44.434+0700] {processor.py:157} INFO - Started process (PID=6847) to work on /home/hasyidan/venv/lib/python3.8/site-packages/airflow/example_dags/example_trigger_target_dag.py
[2024-10-09T11:38:45.234+0700] {processor.py:826} INFO - Processing file /home/hasyidan/venv/lib/python3.8/site-packages/airflow/example_dags/example_trigger_target_dag.py for tasks to queue
[2024-10-09T11:38:45.237+0700] {logging_mixin.py:149} INFO - [2024-10-09T11:38:45.236+0700] {dagbag.py:541} INFO - Filling up the DagBag from /home/hasyidan/venv/lib/python3.8/site-packages/airflow/example_dags/example_trigger_target_dag.py
[2024-10-09T11:38:45.252+0700] {processor.py:836} INFO - DAG(s) dict_keys(['example_trigger_target_dag']) retrieved from /home/hasyidan/venv/lib/python3.8/site-packages/airflow/example_dags/example_trigger_target_dag.py
[2024-10-09T11:38:45.306+0700] {logging_mixin.py:149} INFO - [2024-10-09T11:38:45.306+0700] {dag.py:2726} INFO - Sync 1 DAGs
[2024-10-09T11:38:45.362+0700] {logging_mixin.py:149} INFO - [2024-10-09T11:38:45.361+0700] {dag.py:3486} INFO - Setting next_dagrun for example_trigger_target_dag to None, run_after=None
[2024-10-09T11:38:45.699+0700] {processor.py:179} INFO - Processing /home/hasyidan/venv/lib/python3.8/site-packages/airflow/example_dags/example_trigger_target_dag.py took 1.271 seconds
