[2024-10-09T10:59:50.601+0700] {processor.py:157} INFO - Started process (PID=3971) to work on /home/hasyidan/venv/lib/python3.8/site-packages/airflow/example_dags/example_bash_operator.py
[2024-10-09T10:59:50.603+0700] {processor.py:826} INFO - Processing file /home/hasyidan/venv/lib/python3.8/site-packages/airflow/example_dags/example_bash_operator.py for tasks to queue
[2024-10-09T10:59:50.605+0700] {logging_mixin.py:149} INFO - [2024-10-09T10:59:50.604+0700] {dagbag.py:541} INFO - Filling up the DagBag from /home/hasyidan/venv/lib/python3.8/site-packages/airflow/example_dags/example_bash_operator.py
[2024-10-09T10:59:50.675+0700] {processor.py:836} INFO - DAG(s) dict_keys(['example_bash_operator']) retrieved from /home/hasyidan/venv/lib/python3.8/site-packages/airflow/example_dags/example_bash_operator.py
[2024-10-09T10:59:50.743+0700] {logging_mixin.py:149} INFO - [2024-10-09T10:59:50.743+0700] {dag.py:2726} INFO - Sync 1 DAGs
[2024-10-09T10:59:50.795+0700] {logging_mixin.py:149} INFO - [2024-10-09T10:59:50.794+0700] {dag.py:3486} INFO - Setting next_dagrun for example_bash_operator to 2024-10-08T00:00:00+00:00, run_after=2024-10-09T00:00:00+00:00
[2024-10-09T10:59:51.388+0700] {processor.py:179} INFO - Processing /home/hasyidan/venv/lib/python3.8/site-packages/airflow/example_dags/example_bash_operator.py took 0.793 seconds
[2024-10-09T11:01:51.914+0700] {processor.py:157} INFO - Started process (PID=4167) to work on /home/hasyidan/venv/lib/python3.8/site-packages/airflow/example_dags/example_bash_operator.py
[2024-10-09T11:01:51.987+0700] {processor.py:826} INFO - Processing file /home/hasyidan/venv/lib/python3.8/site-packages/airflow/example_dags/example_bash_operator.py for tasks to queue
[2024-10-09T11:01:51.990+0700] {logging_mixin.py:149} INFO - [2024-10-09T11:01:51.990+0700] {dagbag.py:541} INFO - Filling up the DagBag from /home/hasyidan/venv/lib/python3.8/site-packages/airflow/example_dags/example_bash_operator.py
[2024-10-09T11:01:52.248+0700] {processor.py:836} INFO - DAG(s) dict_keys(['example_bash_operator']) retrieved from /home/hasyidan/venv/lib/python3.8/site-packages/airflow/example_dags/example_bash_operator.py
[2024-10-09T11:01:52.318+0700] {logging_mixin.py:149} INFO - [2024-10-09T11:01:52.318+0700] {dag.py:2726} INFO - Sync 1 DAGs
[2024-10-09T11:01:52.364+0700] {logging_mixin.py:149} INFO - [2024-10-09T11:01:52.364+0700] {dag.py:3486} INFO - Setting next_dagrun for example_bash_operator to 2024-10-08T00:00:00+00:00, run_after=2024-10-09T00:00:00+00:00
[2024-10-09T11:01:52.529+0700] {processor.py:179} INFO - Processing /home/hasyidan/venv/lib/python3.8/site-packages/airflow/example_dags/example_bash_operator.py took 0.622 seconds
[2024-10-09T11:02:57.003+0700] {processor.py:157} INFO - Started process (PID=4227) to work on /home/hasyidan/venv/lib/python3.8/site-packages/airflow/example_dags/example_bash_operator.py
[2024-10-09T11:02:57.026+0700] {processor.py:826} INFO - Processing file /home/hasyidan/venv/lib/python3.8/site-packages/airflow/example_dags/example_bash_operator.py for tasks to queue
[2024-10-09T11:02:57.027+0700] {logging_mixin.py:149} INFO - [2024-10-09T11:02:57.027+0700] {dagbag.py:541} INFO - Filling up the DagBag from /home/hasyidan/venv/lib/python3.8/site-packages/airflow/example_dags/example_bash_operator.py
[2024-10-09T11:02:57.055+0700] {processor.py:836} INFO - DAG(s) dict_keys(['example_bash_operator']) retrieved from /home/hasyidan/venv/lib/python3.8/site-packages/airflow/example_dags/example_bash_operator.py
[2024-10-09T11:02:57.123+0700] {logging_mixin.py:149} INFO - [2024-10-09T11:02:57.123+0700] {dag.py:2726} INFO - Sync 1 DAGs
[2024-10-09T11:02:57.168+0700] {logging_mixin.py:149} INFO - [2024-10-09T11:02:57.168+0700] {dag.py:3486} INFO - Setting next_dagrun for example_bash_operator to 2024-10-08T00:00:00+00:00, run_after=2024-10-09T00:00:00+00:00
[2024-10-09T11:02:57.286+0700] {processor.py:179} INFO - Processing /home/hasyidan/venv/lib/python3.8/site-packages/airflow/example_dags/example_bash_operator.py took 0.290 seconds
[2024-10-09T11:03:55.323+0700] {processor.py:157} INFO - Started process (PID=4283) to work on /home/hasyidan/venv/lib/python3.8/site-packages/airflow/example_dags/example_bash_operator.py
[2024-10-09T11:03:55.347+0700] {processor.py:826} INFO - Processing file /home/hasyidan/venv/lib/python3.8/site-packages/airflow/example_dags/example_bash_operator.py for tasks to queue
[2024-10-09T11:03:55.350+0700] {logging_mixin.py:149} INFO - [2024-10-09T11:03:55.349+0700] {dagbag.py:541} INFO - Filling up the DagBag from /home/hasyidan/venv/lib/python3.8/site-packages/airflow/example_dags/example_bash_operator.py
[2024-10-09T11:03:55.382+0700] {processor.py:836} INFO - DAG(s) dict_keys(['example_bash_operator']) retrieved from /home/hasyidan/venv/lib/python3.8/site-packages/airflow/example_dags/example_bash_operator.py
[2024-10-09T11:03:55.448+0700] {logging_mixin.py:149} INFO - [2024-10-09T11:03:55.447+0700] {dag.py:2726} INFO - Sync 1 DAGs
[2024-10-09T11:03:55.497+0700] {logging_mixin.py:149} INFO - [2024-10-09T11:03:55.496+0700] {dag.py:3486} INFO - Setting next_dagrun for example_bash_operator to 2024-10-08T00:00:00+00:00, run_after=2024-10-09T00:00:00+00:00
[2024-10-09T11:03:55.626+0700] {processor.py:179} INFO - Processing /home/hasyidan/venv/lib/python3.8/site-packages/airflow/example_dags/example_bash_operator.py took 0.309 seconds
[2024-10-09T11:06:01.637+0700] {processor.py:157} INFO - Started process (PID=4476) to work on /home/hasyidan/venv/lib/python3.8/site-packages/airflow/example_dags/example_bash_operator.py
[2024-10-09T11:06:02.023+0700] {processor.py:826} INFO - Processing file /home/hasyidan/venv/lib/python3.8/site-packages/airflow/example_dags/example_bash_operator.py for tasks to queue
[2024-10-09T11:06:02.025+0700] {logging_mixin.py:149} INFO - [2024-10-09T11:06:02.025+0700] {dagbag.py:541} INFO - Filling up the DagBag from /home/hasyidan/venv/lib/python3.8/site-packages/airflow/example_dags/example_bash_operator.py
[2024-10-09T11:06:02.319+0700] {processor.py:836} INFO - DAG(s) dict_keys(['example_bash_operator']) retrieved from /home/hasyidan/venv/lib/python3.8/site-packages/airflow/example_dags/example_bash_operator.py
[2024-10-09T11:06:02.923+0700] {logging_mixin.py:149} INFO - [2024-10-09T11:06:02.923+0700] {dag.py:2726} INFO - Sync 1 DAGs
[2024-10-09T11:06:02.969+0700] {logging_mixin.py:149} INFO - [2024-10-09T11:06:02.968+0700] {dag.py:3486} INFO - Setting next_dagrun for example_bash_operator to 2024-10-08T00:00:00+00:00, run_after=2024-10-09T00:00:00+00:00
[2024-10-09T11:06:03.684+0700] {processor.py:179} INFO - Processing /home/hasyidan/venv/lib/python3.8/site-packages/airflow/example_dags/example_bash_operator.py took 2.054 seconds
[2024-10-09T11:07:50.044+0700] {processor.py:157} INFO - Started process (PID=4648) to work on /home/hasyidan/venv/lib/python3.8/site-packages/airflow/example_dags/example_bash_operator.py
[2024-10-09T11:07:50.082+0700] {processor.py:826} INFO - Processing file /home/hasyidan/venv/lib/python3.8/site-packages/airflow/example_dags/example_bash_operator.py for tasks to queue
[2024-10-09T11:07:50.084+0700] {logging_mixin.py:149} INFO - [2024-10-09T11:07:50.083+0700] {dagbag.py:541} INFO - Filling up the DagBag from /home/hasyidan/venv/lib/python3.8/site-packages/airflow/example_dags/example_bash_operator.py
[2024-10-09T11:07:50.116+0700] {processor.py:836} INFO - DAG(s) dict_keys(['example_bash_operator']) retrieved from /home/hasyidan/venv/lib/python3.8/site-packages/airflow/example_dags/example_bash_operator.py
[2024-10-09T11:07:50.184+0700] {logging_mixin.py:149} INFO - [2024-10-09T11:07:50.183+0700] {dag.py:2726} INFO - Sync 1 DAGs
[2024-10-09T11:07:50.229+0700] {logging_mixin.py:149} INFO - [2024-10-09T11:07:50.229+0700] {dag.py:3486} INFO - Setting next_dagrun for example_bash_operator to 2024-10-08T00:00:00+00:00, run_after=2024-10-09T00:00:00+00:00
[2024-10-09T11:07:50.345+0700] {processor.py:179} INFO - Processing /home/hasyidan/venv/lib/python3.8/site-packages/airflow/example_dags/example_bash_operator.py took 0.306 seconds
[2024-10-09T11:08:50.404+0700] {processor.py:157} INFO - Started process (PID=4705) to work on /home/hasyidan/venv/lib/python3.8/site-packages/airflow/example_dags/example_bash_operator.py
[2024-10-09T11:08:50.487+0700] {processor.py:826} INFO - Processing file /home/hasyidan/venv/lib/python3.8/site-packages/airflow/example_dags/example_bash_operator.py for tasks to queue
[2024-10-09T11:08:50.490+0700] {logging_mixin.py:149} INFO - [2024-10-09T11:08:50.489+0700] {dagbag.py:541} INFO - Filling up the DagBag from /home/hasyidan/venv/lib/python3.8/site-packages/airflow/example_dags/example_bash_operator.py
[2024-10-09T11:08:50.523+0700] {processor.py:836} INFO - DAG(s) dict_keys(['example_bash_operator']) retrieved from /home/hasyidan/venv/lib/python3.8/site-packages/airflow/example_dags/example_bash_operator.py
[2024-10-09T11:08:50.589+0700] {logging_mixin.py:149} INFO - [2024-10-09T11:08:50.588+0700] {dag.py:2726} INFO - Sync 1 DAGs
[2024-10-09T11:08:50.637+0700] {logging_mixin.py:149} INFO - [2024-10-09T11:08:50.637+0700] {dag.py:3486} INFO - Setting next_dagrun for example_bash_operator to 2024-10-08T00:00:00+00:00, run_after=2024-10-09T00:00:00+00:00
[2024-10-09T11:08:50.748+0700] {processor.py:179} INFO - Processing /home/hasyidan/venv/lib/python3.8/site-packages/airflow/example_dags/example_bash_operator.py took 0.351 seconds
[2024-10-09T11:09:46.147+0700] {processor.py:157} INFO - Started process (PID=4759) to work on /home/hasyidan/venv/lib/python3.8/site-packages/airflow/example_dags/example_bash_operator.py
[2024-10-09T11:09:46.161+0700] {processor.py:826} INFO - Processing file /home/hasyidan/venv/lib/python3.8/site-packages/airflow/example_dags/example_bash_operator.py for tasks to queue
[2024-10-09T11:09:46.163+0700] {logging_mixin.py:149} INFO - [2024-10-09T11:09:46.163+0700] {dagbag.py:541} INFO - Filling up the DagBag from /home/hasyidan/venv/lib/python3.8/site-packages/airflow/example_dags/example_bash_operator.py
[2024-10-09T11:09:46.197+0700] {processor.py:836} INFO - DAG(s) dict_keys(['example_bash_operator']) retrieved from /home/hasyidan/venv/lib/python3.8/site-packages/airflow/example_dags/example_bash_operator.py
[2024-10-09T11:09:46.264+0700] {logging_mixin.py:149} INFO - [2024-10-09T11:09:46.263+0700] {dag.py:2726} INFO - Sync 1 DAGs
[2024-10-09T11:09:46.309+0700] {logging_mixin.py:149} INFO - [2024-10-09T11:09:46.309+0700] {dag.py:3486} INFO - Setting next_dagrun for example_bash_operator to 2024-10-08T00:00:00+00:00, run_after=2024-10-09T00:00:00+00:00
[2024-10-09T11:09:46.422+0700] {processor.py:179} INFO - Processing /home/hasyidan/venv/lib/python3.8/site-packages/airflow/example_dags/example_bash_operator.py took 0.283 seconds
[2024-10-09T11:11:04.941+0700] {processor.py:157} INFO - Started process (PID=4848) to work on /home/hasyidan/venv/lib/python3.8/site-packages/airflow/example_dags/example_bash_operator.py
[2024-10-09T11:11:04.962+0700] {processor.py:826} INFO - Processing file /home/hasyidan/venv/lib/python3.8/site-packages/airflow/example_dags/example_bash_operator.py for tasks to queue
[2024-10-09T11:11:04.965+0700] {logging_mixin.py:149} INFO - [2024-10-09T11:11:04.964+0700] {dagbag.py:541} INFO - Filling up the DagBag from /home/hasyidan/venv/lib/python3.8/site-packages/airflow/example_dags/example_bash_operator.py
[2024-10-09T11:11:04.997+0700] {processor.py:836} INFO - DAG(s) dict_keys(['example_bash_operator']) retrieved from /home/hasyidan/venv/lib/python3.8/site-packages/airflow/example_dags/example_bash_operator.py
[2024-10-09T11:11:05.066+0700] {logging_mixin.py:149} INFO - [2024-10-09T11:11:05.066+0700] {dag.py:2726} INFO - Sync 1 DAGs
[2024-10-09T11:11:05.111+0700] {logging_mixin.py:149} INFO - [2024-10-09T11:11:05.111+0700] {dag.py:3486} INFO - Setting next_dagrun for example_bash_operator to 2024-10-08T00:00:00+00:00, run_after=2024-10-09T00:00:00+00:00
[2024-10-09T11:11:05.225+0700] {processor.py:179} INFO - Processing /home/hasyidan/venv/lib/python3.8/site-packages/airflow/example_dags/example_bash_operator.py took 0.291 seconds
[2024-10-09T11:12:00.106+0700] {processor.py:157} INFO - Started process (PID=4904) to work on /home/hasyidan/venv/lib/python3.8/site-packages/airflow/example_dags/example_bash_operator.py
[2024-10-09T11:12:00.120+0700] {processor.py:826} INFO - Processing file /home/hasyidan/venv/lib/python3.8/site-packages/airflow/example_dags/example_bash_operator.py for tasks to queue
[2024-10-09T11:12:00.123+0700] {logging_mixin.py:149} INFO - [2024-10-09T11:12:00.122+0700] {dagbag.py:541} INFO - Filling up the DagBag from /home/hasyidan/venv/lib/python3.8/site-packages/airflow/example_dags/example_bash_operator.py
[2024-10-09T11:12:00.156+0700] {processor.py:836} INFO - DAG(s) dict_keys(['example_bash_operator']) retrieved from /home/hasyidan/venv/lib/python3.8/site-packages/airflow/example_dags/example_bash_operator.py
[2024-10-09T11:12:00.223+0700] {logging_mixin.py:149} INFO - [2024-10-09T11:12:00.223+0700] {dag.py:2726} INFO - Sync 1 DAGs
[2024-10-09T11:12:00.272+0700] {logging_mixin.py:149} INFO - [2024-10-09T11:12:00.271+0700] {dag.py:3486} INFO - Setting next_dagrun for example_bash_operator to 2024-10-08T00:00:00+00:00, run_after=2024-10-09T00:00:00+00:00
[2024-10-09T11:12:00.382+0700] {processor.py:179} INFO - Processing /home/hasyidan/venv/lib/python3.8/site-packages/airflow/example_dags/example_bash_operator.py took 0.281 seconds
[2024-10-09T11:13:18.856+0700] {processor.py:157} INFO - Started process (PID=4991) to work on /home/hasyidan/venv/lib/python3.8/site-packages/airflow/example_dags/example_bash_operator.py
[2024-10-09T11:13:18.858+0700] {processor.py:826} INFO - Processing file /home/hasyidan/venv/lib/python3.8/site-packages/airflow/example_dags/example_bash_operator.py for tasks to queue
[2024-10-09T11:13:18.859+0700] {logging_mixin.py:149} INFO - [2024-10-09T11:13:18.859+0700] {dagbag.py:541} INFO - Filling up the DagBag from /home/hasyidan/venv/lib/python3.8/site-packages/airflow/example_dags/example_bash_operator.py
[2024-10-09T11:13:18.887+0700] {processor.py:836} INFO - DAG(s) dict_keys(['example_bash_operator']) retrieved from /home/hasyidan/venv/lib/python3.8/site-packages/airflow/example_dags/example_bash_operator.py
[2024-10-09T11:13:18.954+0700] {logging_mixin.py:149} INFO - [2024-10-09T11:13:18.953+0700] {dag.py:2726} INFO - Sync 1 DAGs
[2024-10-09T11:13:18.999+0700] {logging_mixin.py:149} INFO - [2024-10-09T11:13:18.999+0700] {dag.py:3486} INFO - Setting next_dagrun for example_bash_operator to 2024-10-08T00:00:00+00:00, run_after=2024-10-09T00:00:00+00:00
[2024-10-09T11:13:19.130+0700] {processor.py:179} INFO - Processing /home/hasyidan/venv/lib/python3.8/site-packages/airflow/example_dags/example_bash_operator.py took 0.279 seconds
[2024-10-09T11:14:14.597+0700] {processor.py:157} INFO - Started process (PID=5045) to work on /home/hasyidan/venv/lib/python3.8/site-packages/airflow/example_dags/example_bash_operator.py
[2024-10-09T11:14:14.656+0700] {processor.py:826} INFO - Processing file /home/hasyidan/venv/lib/python3.8/site-packages/airflow/example_dags/example_bash_operator.py for tasks to queue
[2024-10-09T11:14:14.659+0700] {logging_mixin.py:149} INFO - [2024-10-09T11:14:14.658+0700] {dagbag.py:541} INFO - Filling up the DagBag from /home/hasyidan/venv/lib/python3.8/site-packages/airflow/example_dags/example_bash_operator.py
[2024-10-09T11:14:14.691+0700] {processor.py:836} INFO - DAG(s) dict_keys(['example_bash_operator']) retrieved from /home/hasyidan/venv/lib/python3.8/site-packages/airflow/example_dags/example_bash_operator.py
[2024-10-09T11:14:14.760+0700] {logging_mixin.py:149} INFO - [2024-10-09T11:14:14.760+0700] {dag.py:2726} INFO - Sync 1 DAGs
[2024-10-09T11:14:14.809+0700] {logging_mixin.py:149} INFO - [2024-10-09T11:14:14.808+0700] {dag.py:3486} INFO - Setting next_dagrun for example_bash_operator to 2024-10-08T00:00:00+00:00, run_after=2024-10-09T00:00:00+00:00
[2024-10-09T11:14:15.045+0700] {processor.py:179} INFO - Processing /home/hasyidan/venv/lib/python3.8/site-packages/airflow/example_dags/example_bash_operator.py took 0.455 seconds
[2024-10-09T11:16:18.671+0700] {processor.py:157} INFO - Started process (PID=5314) to work on /home/hasyidan/venv/lib/python3.8/site-packages/airflow/example_dags/example_bash_operator.py
[2024-10-09T11:16:18.784+0700] {processor.py:826} INFO - Processing file /home/hasyidan/venv/lib/python3.8/site-packages/airflow/example_dags/example_bash_operator.py for tasks to queue
[2024-10-09T11:16:18.786+0700] {logging_mixin.py:149} INFO - [2024-10-09T11:16:18.786+0700] {dagbag.py:541} INFO - Filling up the DagBag from /home/hasyidan/venv/lib/python3.8/site-packages/airflow/example_dags/example_bash_operator.py
[2024-10-09T11:16:18.887+0700] {processor.py:836} INFO - DAG(s) dict_keys(['example_bash_operator']) retrieved from /home/hasyidan/venv/lib/python3.8/site-packages/airflow/example_dags/example_bash_operator.py
[2024-10-09T11:16:19.006+0700] {logging_mixin.py:149} INFO - [2024-10-09T11:16:19.005+0700] {dag.py:2726} INFO - Sync 1 DAGs
[2024-10-09T11:16:19.108+0700] {logging_mixin.py:149} INFO - [2024-10-09T11:16:19.108+0700] {dag.py:3486} INFO - Setting next_dagrun for example_bash_operator to 2024-10-08T00:00:00+00:00, run_after=2024-10-09T00:00:00+00:00
[2024-10-09T11:16:19.304+0700] {processor.py:179} INFO - Processing /home/hasyidan/venv/lib/python3.8/site-packages/airflow/example_dags/example_bash_operator.py took 0.639 seconds
[2024-10-09T11:17:27.882+0700] {processor.py:157} INFO - Started process (PID=5383) to work on /home/hasyidan/venv/lib/python3.8/site-packages/airflow/example_dags/example_bash_operator.py
[2024-10-09T11:17:27.897+0700] {processor.py:826} INFO - Processing file /home/hasyidan/venv/lib/python3.8/site-packages/airflow/example_dags/example_bash_operator.py for tasks to queue
[2024-10-09T11:17:27.899+0700] {logging_mixin.py:149} INFO - [2024-10-09T11:17:27.898+0700] {dagbag.py:541} INFO - Filling up the DagBag from /home/hasyidan/venv/lib/python3.8/site-packages/airflow/example_dags/example_bash_operator.py
[2024-10-09T11:17:27.952+0700] {processor.py:836} INFO - DAG(s) dict_keys(['example_bash_operator']) retrieved from /home/hasyidan/venv/lib/python3.8/site-packages/airflow/example_dags/example_bash_operator.py
[2024-10-09T11:17:28.094+0700] {logging_mixin.py:149} INFO - [2024-10-09T11:17:28.094+0700] {dag.py:2726} INFO - Sync 1 DAGs
[2024-10-09T11:17:28.177+0700] {logging_mixin.py:149} INFO - [2024-10-09T11:17:28.176+0700] {dag.py:3486} INFO - Setting next_dagrun for example_bash_operator to 2024-10-08T00:00:00+00:00, run_after=2024-10-09T00:00:00+00:00
[2024-10-09T11:17:28.329+0700] {processor.py:179} INFO - Processing /home/hasyidan/venv/lib/python3.8/site-packages/airflow/example_dags/example_bash_operator.py took 0.455 seconds
[2024-10-09T11:18:36.618+0700] {processor.py:157} INFO - Started process (PID=5457) to work on /home/hasyidan/venv/lib/python3.8/site-packages/airflow/example_dags/example_bash_operator.py
[2024-10-09T11:18:36.634+0700] {processor.py:826} INFO - Processing file /home/hasyidan/venv/lib/python3.8/site-packages/airflow/example_dags/example_bash_operator.py for tasks to queue
[2024-10-09T11:18:36.636+0700] {logging_mixin.py:149} INFO - [2024-10-09T11:18:36.635+0700] {dagbag.py:541} INFO - Filling up the DagBag from /home/hasyidan/venv/lib/python3.8/site-packages/airflow/example_dags/example_bash_operator.py
[2024-10-09T11:18:36.697+0700] {processor.py:836} INFO - DAG(s) dict_keys(['example_bash_operator']) retrieved from /home/hasyidan/venv/lib/python3.8/site-packages/airflow/example_dags/example_bash_operator.py
[2024-10-09T11:18:36.824+0700] {logging_mixin.py:149} INFO - [2024-10-09T11:18:36.824+0700] {dag.py:2726} INFO - Sync 1 DAGs
[2024-10-09T11:18:36.897+0700] {logging_mixin.py:149} INFO - [2024-10-09T11:18:36.896+0700] {dag.py:3486} INFO - Setting next_dagrun for example_bash_operator to 2024-10-08T00:00:00+00:00, run_after=2024-10-09T00:00:00+00:00
[2024-10-09T11:18:37.067+0700] {processor.py:179} INFO - Processing /home/hasyidan/venv/lib/python3.8/site-packages/airflow/example_dags/example_bash_operator.py took 0.459 seconds
[2024-10-09T11:19:39.154+0700] {processor.py:157} INFO - Started process (PID=5525) to work on /home/hasyidan/venv/lib/python3.8/site-packages/airflow/example_dags/example_bash_operator.py
[2024-10-09T11:19:39.192+0700] {processor.py:826} INFO - Processing file /home/hasyidan/venv/lib/python3.8/site-packages/airflow/example_dags/example_bash_operator.py for tasks to queue
[2024-10-09T11:19:39.197+0700] {logging_mixin.py:149} INFO - [2024-10-09T11:19:39.194+0700] {dagbag.py:541} INFO - Filling up the DagBag from /home/hasyidan/venv/lib/python3.8/site-packages/airflow/example_dags/example_bash_operator.py
[2024-10-09T11:19:39.253+0700] {processor.py:836} INFO - DAG(s) dict_keys(['example_bash_operator']) retrieved from /home/hasyidan/venv/lib/python3.8/site-packages/airflow/example_dags/example_bash_operator.py
[2024-10-09T11:19:39.373+0700] {logging_mixin.py:149} INFO - [2024-10-09T11:19:39.372+0700] {dag.py:2726} INFO - Sync 1 DAGs
[2024-10-09T11:19:39.460+0700] {logging_mixin.py:149} INFO - [2024-10-09T11:19:39.458+0700] {dag.py:3486} INFO - Setting next_dagrun for example_bash_operator to 2024-10-08T00:00:00+00:00, run_after=2024-10-09T00:00:00+00:00
[2024-10-09T11:19:39.634+0700] {processor.py:179} INFO - Processing /home/hasyidan/venv/lib/python3.8/site-packages/airflow/example_dags/example_bash_operator.py took 0.486 seconds
[2024-10-09T11:20:45.153+0700] {processor.py:157} INFO - Started process (PID=5597) to work on /home/hasyidan/venv/lib/python3.8/site-packages/airflow/example_dags/example_bash_operator.py
[2024-10-09T11:20:45.169+0700] {processor.py:826} INFO - Processing file /home/hasyidan/venv/lib/python3.8/site-packages/airflow/example_dags/example_bash_operator.py for tasks to queue
[2024-10-09T11:20:45.174+0700] {logging_mixin.py:149} INFO - [2024-10-09T11:20:45.173+0700] {dagbag.py:541} INFO - Filling up the DagBag from /home/hasyidan/venv/lib/python3.8/site-packages/airflow/example_dags/example_bash_operator.py
[2024-10-09T11:20:45.236+0700] {processor.py:836} INFO - DAG(s) dict_keys(['example_bash_operator']) retrieved from /home/hasyidan/venv/lib/python3.8/site-packages/airflow/example_dags/example_bash_operator.py
[2024-10-09T11:20:45.369+0700] {logging_mixin.py:149} INFO - [2024-10-09T11:20:45.368+0700] {dag.py:2726} INFO - Sync 1 DAGs
[2024-10-09T11:20:45.470+0700] {logging_mixin.py:149} INFO - [2024-10-09T11:20:45.469+0700] {dag.py:3486} INFO - Setting next_dagrun for example_bash_operator to 2024-10-08T00:00:00+00:00, run_after=2024-10-09T00:00:00+00:00
[2024-10-09T11:20:45.627+0700] {processor.py:179} INFO - Processing /home/hasyidan/venv/lib/python3.8/site-packages/airflow/example_dags/example_bash_operator.py took 0.484 seconds
[2024-10-09T11:21:53.202+0700] {processor.py:157} INFO - Started process (PID=5662) to work on /home/hasyidan/venv/lib/python3.8/site-packages/airflow/example_dags/example_bash_operator.py
[2024-10-09T11:21:53.209+0700] {processor.py:826} INFO - Processing file /home/hasyidan/venv/lib/python3.8/site-packages/airflow/example_dags/example_bash_operator.py for tasks to queue
[2024-10-09T11:21:53.211+0700] {logging_mixin.py:149} INFO - [2024-10-09T11:21:53.211+0700] {dagbag.py:541} INFO - Filling up the DagBag from /home/hasyidan/venv/lib/python3.8/site-packages/airflow/example_dags/example_bash_operator.py
[2024-10-09T11:21:53.268+0700] {processor.py:836} INFO - DAG(s) dict_keys(['example_bash_operator']) retrieved from /home/hasyidan/venv/lib/python3.8/site-packages/airflow/example_dags/example_bash_operator.py
[2024-10-09T11:21:53.401+0700] {logging_mixin.py:149} INFO - [2024-10-09T11:21:53.400+0700] {dag.py:2726} INFO - Sync 1 DAGs
[2024-10-09T11:21:53.497+0700] {logging_mixin.py:149} INFO - [2024-10-09T11:21:53.497+0700] {dag.py:3486} INFO - Setting next_dagrun for example_bash_operator to 2024-10-08T00:00:00+00:00, run_after=2024-10-09T00:00:00+00:00
[2024-10-09T11:21:53.665+0700] {processor.py:179} INFO - Processing /home/hasyidan/venv/lib/python3.8/site-packages/airflow/example_dags/example_bash_operator.py took 0.470 seconds
[2024-10-09T11:22:54.609+0700] {processor.py:157} INFO - Started process (PID=5724) to work on /home/hasyidan/venv/lib/python3.8/site-packages/airflow/example_dags/example_bash_operator.py
[2024-10-09T11:22:54.619+0700] {processor.py:826} INFO - Processing file /home/hasyidan/venv/lib/python3.8/site-packages/airflow/example_dags/example_bash_operator.py for tasks to queue
[2024-10-09T11:22:54.624+0700] {logging_mixin.py:149} INFO - [2024-10-09T11:22:54.623+0700] {dagbag.py:541} INFO - Filling up the DagBag from /home/hasyidan/venv/lib/python3.8/site-packages/airflow/example_dags/example_bash_operator.py
[2024-10-09T11:22:54.667+0700] {processor.py:836} INFO - DAG(s) dict_keys(['example_bash_operator']) retrieved from /home/hasyidan/venv/lib/python3.8/site-packages/airflow/example_dags/example_bash_operator.py
[2024-10-09T11:22:54.781+0700] {logging_mixin.py:149} INFO - [2024-10-09T11:22:54.781+0700] {dag.py:2726} INFO - Sync 1 DAGs
[2024-10-09T11:22:54.876+0700] {logging_mixin.py:149} INFO - [2024-10-09T11:22:54.876+0700] {dag.py:3486} INFO - Setting next_dagrun for example_bash_operator to 2024-10-08T00:00:00+00:00, run_after=2024-10-09T00:00:00+00:00
[2024-10-09T11:22:55.062+0700] {processor.py:179} INFO - Processing /home/hasyidan/venv/lib/python3.8/site-packages/airflow/example_dags/example_bash_operator.py took 0.462 seconds
[2024-10-09T11:24:01.957+0700] {processor.py:157} INFO - Started process (PID=5790) to work on /home/hasyidan/venv/lib/python3.8/site-packages/airflow/example_dags/example_bash_operator.py
[2024-10-09T11:24:01.986+0700] {processor.py:826} INFO - Processing file /home/hasyidan/venv/lib/python3.8/site-packages/airflow/example_dags/example_bash_operator.py for tasks to queue
[2024-10-09T11:24:01.988+0700] {logging_mixin.py:149} INFO - [2024-10-09T11:24:01.988+0700] {dagbag.py:541} INFO - Filling up the DagBag from /home/hasyidan/venv/lib/python3.8/site-packages/airflow/example_dags/example_bash_operator.py
[2024-10-09T11:24:02.039+0700] {processor.py:836} INFO - DAG(s) dict_keys(['example_bash_operator']) retrieved from /home/hasyidan/venv/lib/python3.8/site-packages/airflow/example_dags/example_bash_operator.py
[2024-10-09T11:24:02.154+0700] {logging_mixin.py:149} INFO - [2024-10-09T11:24:02.154+0700] {dag.py:2726} INFO - Sync 1 DAGs
[2024-10-09T11:24:02.238+0700] {logging_mixin.py:149} INFO - [2024-10-09T11:24:02.237+0700] {dag.py:3486} INFO - Setting next_dagrun for example_bash_operator to 2024-10-08T00:00:00+00:00, run_after=2024-10-09T00:00:00+00:00
[2024-10-09T11:24:02.487+0700] {processor.py:179} INFO - Processing /home/hasyidan/venv/lib/python3.8/site-packages/airflow/example_dags/example_bash_operator.py took 0.538 seconds
[2024-10-09T11:25:09.877+0700] {processor.py:157} INFO - Started process (PID=5859) to work on /home/hasyidan/venv/lib/python3.8/site-packages/airflow/example_dags/example_bash_operator.py
[2024-10-09T11:25:09.908+0700] {processor.py:826} INFO - Processing file /home/hasyidan/venv/lib/python3.8/site-packages/airflow/example_dags/example_bash_operator.py for tasks to queue
[2024-10-09T11:25:09.910+0700] {logging_mixin.py:149} INFO - [2024-10-09T11:25:09.909+0700] {dagbag.py:541} INFO - Filling up the DagBag from /home/hasyidan/venv/lib/python3.8/site-packages/airflow/example_dags/example_bash_operator.py
[2024-10-09T11:25:09.947+0700] {processor.py:836} INFO - DAG(s) dict_keys(['example_bash_operator']) retrieved from /home/hasyidan/venv/lib/python3.8/site-packages/airflow/example_dags/example_bash_operator.py
[2024-10-09T11:25:10.056+0700] {logging_mixin.py:149} INFO - [2024-10-09T11:25:10.056+0700] {dag.py:2726} INFO - Sync 1 DAGs
[2024-10-09T11:25:10.125+0700] {logging_mixin.py:149} INFO - [2024-10-09T11:25:10.124+0700] {dag.py:3486} INFO - Setting next_dagrun for example_bash_operator to 2024-10-08T00:00:00+00:00, run_after=2024-10-09T00:00:00+00:00
[2024-10-09T11:25:10.310+0700] {processor.py:179} INFO - Processing /home/hasyidan/venv/lib/python3.8/site-packages/airflow/example_dags/example_bash_operator.py took 0.443 seconds
[2024-10-09T11:28:39.679+0700] {processor.py:157} INFO - Started process (PID=6018) to work on /home/hasyidan/venv/lib/python3.8/site-packages/airflow/example_dags/example_bash_operator.py
[2024-10-09T11:28:39.696+0700] {processor.py:826} INFO - Processing file /home/hasyidan/venv/lib/python3.8/site-packages/airflow/example_dags/example_bash_operator.py for tasks to queue
[2024-10-09T11:28:39.698+0700] {logging_mixin.py:149} INFO - [2024-10-09T11:28:39.698+0700] {dagbag.py:541} INFO - Filling up the DagBag from /home/hasyidan/venv/lib/python3.8/site-packages/airflow/example_dags/example_bash_operator.py
[2024-10-09T11:28:39.748+0700] {processor.py:836} INFO - DAG(s) dict_keys(['example_bash_operator']) retrieved from /home/hasyidan/venv/lib/python3.8/site-packages/airflow/example_dags/example_bash_operator.py
[2024-10-09T11:28:39.875+0700] {logging_mixin.py:149} INFO - [2024-10-09T11:28:39.874+0700] {dag.py:2726} INFO - Sync 1 DAGs
[2024-10-09T11:28:39.949+0700] {logging_mixin.py:149} INFO - [2024-10-09T11:28:39.949+0700] {dag.py:3486} INFO - Setting next_dagrun for example_bash_operator to 2024-10-08T00:00:00+00:00, run_after=2024-10-09T00:00:00+00:00
[2024-10-09T11:28:40.447+0700] {processor.py:179} INFO - Processing /home/hasyidan/venv/lib/python3.8/site-packages/airflow/example_dags/example_bash_operator.py took 0.778 seconds
[2024-10-09T11:32:56.380+0700] {processor.py:157} INFO - Started process (PID=6307) to work on /home/hasyidan/venv/lib/python3.8/site-packages/airflow/example_dags/example_bash_operator.py
[2024-10-09T11:32:56.454+0700] {processor.py:826} INFO - Processing file /home/hasyidan/venv/lib/python3.8/site-packages/airflow/example_dags/example_bash_operator.py for tasks to queue
[2024-10-09T11:32:56.459+0700] {logging_mixin.py:149} INFO - [2024-10-09T11:32:56.458+0700] {dagbag.py:541} INFO - Filling up the DagBag from /home/hasyidan/venv/lib/python3.8/site-packages/airflow/example_dags/example_bash_operator.py
[2024-10-09T11:32:56.689+0700] {processor.py:836} INFO - DAG(s) dict_keys(['example_bash_operator']) retrieved from /home/hasyidan/venv/lib/python3.8/site-packages/airflow/example_dags/example_bash_operator.py
[2024-10-09T11:32:57.018+0700] {logging_mixin.py:149} INFO - [2024-10-09T11:32:57.018+0700] {dag.py:2726} INFO - Sync 1 DAGs
[2024-10-09T11:32:57.164+0700] {logging_mixin.py:149} INFO - [2024-10-09T11:32:57.163+0700] {dag.py:3486} INFO - Setting next_dagrun for example_bash_operator to 2024-10-08T00:00:00+00:00, run_after=2024-10-09T00:00:00+00:00
[2024-10-09T11:32:57.799+0700] {processor.py:179} INFO - Processing /home/hasyidan/venv/lib/python3.8/site-packages/airflow/example_dags/example_bash_operator.py took 1.425 seconds
[2024-10-09T11:35:48.120+0700] {processor.py:157} INFO - Started process (PID=6622) to work on /home/hasyidan/venv/lib/python3.8/site-packages/airflow/example_dags/example_bash_operator.py
[2024-10-09T11:35:48.212+0700] {processor.py:826} INFO - Processing file /home/hasyidan/venv/lib/python3.8/site-packages/airflow/example_dags/example_bash_operator.py for tasks to queue
[2024-10-09T11:35:48.214+0700] {logging_mixin.py:149} INFO - [2024-10-09T11:35:48.213+0700] {dagbag.py:541} INFO - Filling up the DagBag from /home/hasyidan/venv/lib/python3.8/site-packages/airflow/example_dags/example_bash_operator.py
[2024-10-09T11:35:48.281+0700] {processor.py:836} INFO - DAG(s) dict_keys(['example_bash_operator']) retrieved from /home/hasyidan/venv/lib/python3.8/site-packages/airflow/example_dags/example_bash_operator.py
[2024-10-09T11:35:48.419+0700] {logging_mixin.py:149} INFO - [2024-10-09T11:35:48.418+0700] {dag.py:2726} INFO - Sync 1 DAGs
[2024-10-09T11:35:48.498+0700] {logging_mixin.py:149} INFO - [2024-10-09T11:35:48.497+0700] {dag.py:3486} INFO - Setting next_dagrun for example_bash_operator to 2024-10-08T00:00:00+00:00, run_after=2024-10-09T00:00:00+00:00
[2024-10-09T11:35:48.851+0700] {processor.py:179} INFO - Processing /home/hasyidan/venv/lib/python3.8/site-packages/airflow/example_dags/example_bash_operator.py took 0.737 seconds
