[2024-10-09T10:58:58.094+0700] {processor.py:157} INFO - Started process (PID=3942) to work on /home/hasyidan/venv/lib/python3.8/site-packages/airflow/example_dags/example_python_operator.py
[2024-10-09T10:58:58.096+0700] {processor.py:826} INFO - Processing file /home/hasyidan/venv/lib/python3.8/site-packages/airflow/example_dags/example_python_operator.py for tasks to queue
[2024-10-09T10:58:58.098+0700] {logging_mixin.py:149} INFO - [2024-10-09T10:58:58.098+0700] {dagbag.py:541} INFO - Filling up the DagBag from /home/hasyidan/venv/lib/python3.8/site-packages/airflow/example_dags/example_python_operator.py
[2024-10-09T10:58:58.390+0700] {logging_mixin.py:149} INFO - [2024-10-09T10:58:58.390+0700] {taskmixin.py:211} WARNING - Dependency <Task(_PythonDecoratedOperator): print_the_context>, log_sql_query already registered for DAG: example_python_operator
[2024-10-09T10:58:58.391+0700] {logging_mixin.py:149} INFO - [2024-10-09T10:58:58.390+0700] {taskmixin.py:211} WARNING - Dependency <Task(_PythonDecoratedOperator): log_sql_query>, print_the_context already registered for DAG: example_python_operator
[2024-10-09T10:58:58.393+0700] {logging_mixin.py:149} INFO - [2024-10-09T10:58:58.393+0700] {taskmixin.py:211} WARNING - Dependency <Task(_PythonDecoratedOperator): print_the_context>, log_sql_query already registered for DAG: example_python_operator
[2024-10-09T10:58:58.394+0700] {logging_mixin.py:149} INFO - [2024-10-09T10:58:58.393+0700] {taskmixin.py:211} WARNING - Dependency <Task(_PythonDecoratedOperator): log_sql_query>, print_the_context already registered for DAG: example_python_operator
[2024-10-09T10:58:58.395+0700] {logging_mixin.py:149} INFO - [2024-10-09T10:58:58.395+0700] {taskmixin.py:211} WARNING - Dependency <Task(_PythonDecoratedOperator): print_the_context>, log_sql_query already registered for DAG: example_python_operator
[2024-10-09T10:58:58.396+0700] {logging_mixin.py:149} INFO - [2024-10-09T10:58:58.395+0700] {taskmixin.py:211} WARNING - Dependency <Task(_PythonDecoratedOperator): log_sql_query>, print_the_context already registered for DAG: example_python_operator
[2024-10-09T10:58:58.398+0700] {logging_mixin.py:149} INFO - [2024-10-09T10:58:58.397+0700] {taskmixin.py:211} WARNING - Dependency <Task(_PythonDecoratedOperator): print_the_context>, log_sql_query already registered for DAG: example_python_operator
[2024-10-09T10:58:58.398+0700] {logging_mixin.py:149} INFO - [2024-10-09T10:58:58.398+0700] {taskmixin.py:211} WARNING - Dependency <Task(_PythonDecoratedOperator): log_sql_query>, print_the_context already registered for DAG: example_python_operator
[2024-10-09T10:58:59.087+0700] {logging_mixin.py:149} INFO - [2024-10-09T10:58:59.086+0700] {example_python_operator.py:90} WARNING - The virtalenv_python example task requires virtualenv, please install it.
[2024-10-09T10:58:59.089+0700] {processor.py:836} INFO - DAG(s) dict_keys(['example_python_operator']) retrieved from /home/hasyidan/venv/lib/python3.8/site-packages/airflow/example_dags/example_python_operator.py
[2024-10-09T10:58:59.197+0700] {logging_mixin.py:149} INFO - [2024-10-09T10:58:59.196+0700] {dag.py:2726} INFO - Sync 1 DAGs
[2024-10-09T10:59:01.073+0700] {logging_mixin.py:149} INFO - [2024-10-09T10:59:01.072+0700] {dag.py:3486} INFO - Setting next_dagrun for example_python_operator to None, run_after=None
[2024-10-09T10:59:01.842+0700] {processor.py:179} INFO - Processing /home/hasyidan/venv/lib/python3.8/site-packages/airflow/example_dags/example_python_operator.py took 3.757 seconds
[2024-10-09T11:01:03.137+0700] {processor.py:157} INFO - Started process (PID=4116) to work on /home/hasyidan/venv/lib/python3.8/site-packages/airflow/example_dags/example_python_operator.py
[2024-10-09T11:01:03.159+0700] {processor.py:826} INFO - Processing file /home/hasyidan/venv/lib/python3.8/site-packages/airflow/example_dags/example_python_operator.py for tasks to queue
[2024-10-09T11:01:03.161+0700] {logging_mixin.py:149} INFO - [2024-10-09T11:01:03.160+0700] {dagbag.py:541} INFO - Filling up the DagBag from /home/hasyidan/venv/lib/python3.8/site-packages/airflow/example_dags/example_python_operator.py
[2024-10-09T11:01:03.240+0700] {logging_mixin.py:149} INFO - [2024-10-09T11:01:03.239+0700] {taskmixin.py:211} WARNING - Dependency <Task(_PythonDecoratedOperator): print_the_context>, log_sql_query already registered for DAG: example_python_operator
[2024-10-09T11:01:03.240+0700] {logging_mixin.py:149} INFO - [2024-10-09T11:01:03.240+0700] {taskmixin.py:211} WARNING - Dependency <Task(_PythonDecoratedOperator): log_sql_query>, print_the_context already registered for DAG: example_python_operator
[2024-10-09T11:01:03.242+0700] {logging_mixin.py:149} INFO - [2024-10-09T11:01:03.242+0700] {taskmixin.py:211} WARNING - Dependency <Task(_PythonDecoratedOperator): print_the_context>, log_sql_query already registered for DAG: example_python_operator
[2024-10-09T11:01:03.243+0700] {logging_mixin.py:149} INFO - [2024-10-09T11:01:03.242+0700] {taskmixin.py:211} WARNING - Dependency <Task(_PythonDecoratedOperator): log_sql_query>, print_the_context already registered for DAG: example_python_operator
[2024-10-09T11:01:03.245+0700] {logging_mixin.py:149} INFO - [2024-10-09T11:01:03.244+0700] {taskmixin.py:211} WARNING - Dependency <Task(_PythonDecoratedOperator): print_the_context>, log_sql_query already registered for DAG: example_python_operator
[2024-10-09T11:01:03.245+0700] {logging_mixin.py:149} INFO - [2024-10-09T11:01:03.245+0700] {taskmixin.py:211} WARNING - Dependency <Task(_PythonDecoratedOperator): log_sql_query>, print_the_context already registered for DAG: example_python_operator
[2024-10-09T11:01:03.247+0700] {logging_mixin.py:149} INFO - [2024-10-09T11:01:03.246+0700] {taskmixin.py:211} WARNING - Dependency <Task(_PythonDecoratedOperator): print_the_context>, log_sql_query already registered for DAG: example_python_operator
[2024-10-09T11:01:03.247+0700] {logging_mixin.py:149} INFO - [2024-10-09T11:01:03.247+0700] {taskmixin.py:211} WARNING - Dependency <Task(_PythonDecoratedOperator): log_sql_query>, print_the_context already registered for DAG: example_python_operator
[2024-10-09T11:01:03.381+0700] {logging_mixin.py:149} INFO - [2024-10-09T11:01:03.381+0700] {example_python_operator.py:90} WARNING - The virtalenv_python example task requires virtualenv, please install it.
[2024-10-09T11:01:03.383+0700] {processor.py:836} INFO - DAG(s) dict_keys(['example_python_operator']) retrieved from /home/hasyidan/venv/lib/python3.8/site-packages/airflow/example_dags/example_python_operator.py
[2024-10-09T11:01:03.497+0700] {logging_mixin.py:149} INFO - [2024-10-09T11:01:03.497+0700] {dag.py:2726} INFO - Sync 1 DAGs
[2024-10-09T11:01:03.798+0700] {logging_mixin.py:149} INFO - [2024-10-09T11:01:03.797+0700] {dag.py:3486} INFO - Setting next_dagrun for example_python_operator to None, run_after=None
[2024-10-09T11:01:04.429+0700] {processor.py:179} INFO - Processing /home/hasyidan/venv/lib/python3.8/site-packages/airflow/example_dags/example_python_operator.py took 1.298 seconds
[2024-10-09T11:02:25.083+0700] {processor.py:157} INFO - Started process (PID=4196) to work on /home/hasyidan/venv/lib/python3.8/site-packages/airflow/example_dags/example_python_operator.py
[2024-10-09T11:02:25.110+0700] {processor.py:826} INFO - Processing file /home/hasyidan/venv/lib/python3.8/site-packages/airflow/example_dags/example_python_operator.py for tasks to queue
[2024-10-09T11:02:25.113+0700] {logging_mixin.py:149} INFO - [2024-10-09T11:02:25.112+0700] {dagbag.py:541} INFO - Filling up the DagBag from /home/hasyidan/venv/lib/python3.8/site-packages/airflow/example_dags/example_python_operator.py
[2024-10-09T11:02:25.129+0700] {logging_mixin.py:149} INFO - [2024-10-09T11:02:25.129+0700] {taskmixin.py:211} WARNING - Dependency <Task(_PythonDecoratedOperator): print_the_context>, log_sql_query already registered for DAG: example_python_operator
[2024-10-09T11:02:25.130+0700] {logging_mixin.py:149} INFO - [2024-10-09T11:02:25.130+0700] {taskmixin.py:211} WARNING - Dependency <Task(_PythonDecoratedOperator): log_sql_query>, print_the_context already registered for DAG: example_python_operator
[2024-10-09T11:02:25.131+0700] {logging_mixin.py:149} INFO - [2024-10-09T11:02:25.131+0700] {taskmixin.py:211} WARNING - Dependency <Task(_PythonDecoratedOperator): print_the_context>, log_sql_query already registered for DAG: example_python_operator
[2024-10-09T11:02:25.132+0700] {logging_mixin.py:149} INFO - [2024-10-09T11:02:25.132+0700] {taskmixin.py:211} WARNING - Dependency <Task(_PythonDecoratedOperator): log_sql_query>, print_the_context already registered for DAG: example_python_operator
[2024-10-09T11:02:25.134+0700] {logging_mixin.py:149} INFO - [2024-10-09T11:02:25.133+0700] {taskmixin.py:211} WARNING - Dependency <Task(_PythonDecoratedOperator): print_the_context>, log_sql_query already registered for DAG: example_python_operator
[2024-10-09T11:02:25.134+0700] {logging_mixin.py:149} INFO - [2024-10-09T11:02:25.134+0700] {taskmixin.py:211} WARNING - Dependency <Task(_PythonDecoratedOperator): log_sql_query>, print_the_context already registered for DAG: example_python_operator
[2024-10-09T11:02:25.136+0700] {logging_mixin.py:149} INFO - [2024-10-09T11:02:25.135+0700] {taskmixin.py:211} WARNING - Dependency <Task(_PythonDecoratedOperator): print_the_context>, log_sql_query already registered for DAG: example_python_operator
[2024-10-09T11:02:25.136+0700] {logging_mixin.py:149} INFO - [2024-10-09T11:02:25.136+0700] {taskmixin.py:211} WARNING - Dependency <Task(_PythonDecoratedOperator): log_sql_query>, print_the_context already registered for DAG: example_python_operator
[2024-10-09T11:02:25.137+0700] {logging_mixin.py:149} INFO - [2024-10-09T11:02:25.137+0700] {example_python_operator.py:90} WARNING - The virtalenv_python example task requires virtualenv, please install it.
[2024-10-09T11:02:25.138+0700] {processor.py:836} INFO - DAG(s) dict_keys(['example_python_operator']) retrieved from /home/hasyidan/venv/lib/python3.8/site-packages/airflow/example_dags/example_python_operator.py
[2024-10-09T11:02:25.178+0700] {logging_mixin.py:149} INFO - [2024-10-09T11:02:25.177+0700] {dag.py:2726} INFO - Sync 1 DAGs
[2024-10-09T11:02:25.222+0700] {logging_mixin.py:149} INFO - [2024-10-09T11:02:25.222+0700] {dag.py:3486} INFO - Setting next_dagrun for example_python_operator to None, run_after=None
[2024-10-09T11:02:25.332+0700] {processor.py:179} INFO - Processing /home/hasyidan/venv/lib/python3.8/site-packages/airflow/example_dags/example_python_operator.py took 0.256 seconds
[2024-10-09T11:03:23.080+0700] {processor.py:157} INFO - Started process (PID=4251) to work on /home/hasyidan/venv/lib/python3.8/site-packages/airflow/example_dags/example_python_operator.py
[2024-10-09T11:03:23.082+0700] {processor.py:826} INFO - Processing file /home/hasyidan/venv/lib/python3.8/site-packages/airflow/example_dags/example_python_operator.py for tasks to queue
[2024-10-09T11:03:23.083+0700] {logging_mixin.py:149} INFO - [2024-10-09T11:03:23.083+0700] {dagbag.py:541} INFO - Filling up the DagBag from /home/hasyidan/venv/lib/python3.8/site-packages/airflow/example_dags/example_python_operator.py
[2024-10-09T11:03:23.096+0700] {logging_mixin.py:149} INFO - [2024-10-09T11:03:23.096+0700] {taskmixin.py:211} WARNING - Dependency <Task(_PythonDecoratedOperator): print_the_context>, log_sql_query already registered for DAG: example_python_operator
[2024-10-09T11:03:23.097+0700] {logging_mixin.py:149} INFO - [2024-10-09T11:03:23.097+0700] {taskmixin.py:211} WARNING - Dependency <Task(_PythonDecoratedOperator): log_sql_query>, print_the_context already registered for DAG: example_python_operator
[2024-10-09T11:03:23.099+0700] {logging_mixin.py:149} INFO - [2024-10-09T11:03:23.098+0700] {taskmixin.py:211} WARNING - Dependency <Task(_PythonDecoratedOperator): print_the_context>, log_sql_query already registered for DAG: example_python_operator
[2024-10-09T11:03:23.099+0700] {logging_mixin.py:149} INFO - [2024-10-09T11:03:23.099+0700] {taskmixin.py:211} WARNING - Dependency <Task(_PythonDecoratedOperator): log_sql_query>, print_the_context already registered for DAG: example_python_operator
[2024-10-09T11:03:23.101+0700] {logging_mixin.py:149} INFO - [2024-10-09T11:03:23.101+0700] {taskmixin.py:211} WARNING - Dependency <Task(_PythonDecoratedOperator): print_the_context>, log_sql_query already registered for DAG: example_python_operator
[2024-10-09T11:03:23.102+0700] {logging_mixin.py:149} INFO - [2024-10-09T11:03:23.101+0700] {taskmixin.py:211} WARNING - Dependency <Task(_PythonDecoratedOperator): log_sql_query>, print_the_context already registered for DAG: example_python_operator
[2024-10-09T11:03:23.103+0700] {logging_mixin.py:149} INFO - [2024-10-09T11:03:23.103+0700] {taskmixin.py:211} WARNING - Dependency <Task(_PythonDecoratedOperator): print_the_context>, log_sql_query already registered for DAG: example_python_operator
[2024-10-09T11:03:23.104+0700] {logging_mixin.py:149} INFO - [2024-10-09T11:03:23.104+0700] {taskmixin.py:211} WARNING - Dependency <Task(_PythonDecoratedOperator): log_sql_query>, print_the_context already registered for DAG: example_python_operator
[2024-10-09T11:03:23.105+0700] {logging_mixin.py:149} INFO - [2024-10-09T11:03:23.105+0700] {example_python_operator.py:90} WARNING - The virtalenv_python example task requires virtualenv, please install it.
[2024-10-09T11:03:23.106+0700] {processor.py:836} INFO - DAG(s) dict_keys(['example_python_operator']) retrieved from /home/hasyidan/venv/lib/python3.8/site-packages/airflow/example_dags/example_python_operator.py
[2024-10-09T11:03:23.145+0700] {logging_mixin.py:149} INFO - [2024-10-09T11:03:23.145+0700] {dag.py:2726} INFO - Sync 1 DAGs
[2024-10-09T11:03:23.187+0700] {logging_mixin.py:149} INFO - [2024-10-09T11:03:23.187+0700] {dag.py:3486} INFO - Setting next_dagrun for example_python_operator to None, run_after=None
[2024-10-09T11:03:23.312+0700] {processor.py:179} INFO - Processing /home/hasyidan/venv/lib/python3.8/site-packages/airflow/example_dags/example_python_operator.py took 0.239 seconds
[2024-10-09T11:04:20.091+0700] {processor.py:157} INFO - Started process (PID=4307) to work on /home/hasyidan/venv/lib/python3.8/site-packages/airflow/example_dags/example_python_operator.py
[2024-10-09T11:04:20.114+0700] {processor.py:826} INFO - Processing file /home/hasyidan/venv/lib/python3.8/site-packages/airflow/example_dags/example_python_operator.py for tasks to queue
[2024-10-09T11:04:20.117+0700] {logging_mixin.py:149} INFO - [2024-10-09T11:04:20.116+0700] {dagbag.py:541} INFO - Filling up the DagBag from /home/hasyidan/venv/lib/python3.8/site-packages/airflow/example_dags/example_python_operator.py
[2024-10-09T11:04:20.134+0700] {logging_mixin.py:149} INFO - [2024-10-09T11:04:20.134+0700] {taskmixin.py:211} WARNING - Dependency <Task(_PythonDecoratedOperator): print_the_context>, log_sql_query already registered for DAG: example_python_operator
[2024-10-09T11:04:20.135+0700] {logging_mixin.py:149} INFO - [2024-10-09T11:04:20.134+0700] {taskmixin.py:211} WARNING - Dependency <Task(_PythonDecoratedOperator): log_sql_query>, print_the_context already registered for DAG: example_python_operator
[2024-10-09T11:04:20.136+0700] {logging_mixin.py:149} INFO - [2024-10-09T11:04:20.136+0700] {taskmixin.py:211} WARNING - Dependency <Task(_PythonDecoratedOperator): print_the_context>, log_sql_query already registered for DAG: example_python_operator
[2024-10-09T11:04:20.137+0700] {logging_mixin.py:149} INFO - [2024-10-09T11:04:20.137+0700] {taskmixin.py:211} WARNING - Dependency <Task(_PythonDecoratedOperator): log_sql_query>, print_the_context already registered for DAG: example_python_operator
[2024-10-09T11:04:20.139+0700] {logging_mixin.py:149} INFO - [2024-10-09T11:04:20.138+0700] {taskmixin.py:211} WARNING - Dependency <Task(_PythonDecoratedOperator): print_the_context>, log_sql_query already registered for DAG: example_python_operator
[2024-10-09T11:04:20.139+0700] {logging_mixin.py:149} INFO - [2024-10-09T11:04:20.139+0700] {taskmixin.py:211} WARNING - Dependency <Task(_PythonDecoratedOperator): log_sql_query>, print_the_context already registered for DAG: example_python_operator
[2024-10-09T11:04:20.141+0700] {logging_mixin.py:149} INFO - [2024-10-09T11:04:20.140+0700] {taskmixin.py:211} WARNING - Dependency <Task(_PythonDecoratedOperator): print_the_context>, log_sql_query already registered for DAG: example_python_operator
[2024-10-09T11:04:20.141+0700] {logging_mixin.py:149} INFO - [2024-10-09T11:04:20.141+0700] {taskmixin.py:211} WARNING - Dependency <Task(_PythonDecoratedOperator): log_sql_query>, print_the_context already registered for DAG: example_python_operator
[2024-10-09T11:04:20.142+0700] {logging_mixin.py:149} INFO - [2024-10-09T11:04:20.142+0700] {example_python_operator.py:90} WARNING - The virtalenv_python example task requires virtualenv, please install it.
[2024-10-09T11:04:20.143+0700] {processor.py:836} INFO - DAG(s) dict_keys(['example_python_operator']) retrieved from /home/hasyidan/venv/lib/python3.8/site-packages/airflow/example_dags/example_python_operator.py
[2024-10-09T11:04:20.183+0700] {logging_mixin.py:149} INFO - [2024-10-09T11:04:20.183+0700] {dag.py:2726} INFO - Sync 1 DAGs
[2024-10-09T11:04:20.229+0700] {logging_mixin.py:149} INFO - [2024-10-09T11:04:20.228+0700] {dag.py:3486} INFO - Setting next_dagrun for example_python_operator to None, run_after=None
[2024-10-09T11:04:20.367+0700] {processor.py:179} INFO - Processing /home/hasyidan/venv/lib/python3.8/site-packages/airflow/example_dags/example_python_operator.py took 0.282 seconds
[2024-10-09T11:07:14.894+0700] {processor.py:157} INFO - Started process (PID=4606) to work on /home/hasyidan/venv/lib/python3.8/site-packages/airflow/example_dags/example_python_operator.py
[2024-10-09T11:07:14.915+0700] {processor.py:826} INFO - Processing file /home/hasyidan/venv/lib/python3.8/site-packages/airflow/example_dags/example_python_operator.py for tasks to queue
[2024-10-09T11:07:14.917+0700] {logging_mixin.py:149} INFO - [2024-10-09T11:07:14.917+0700] {dagbag.py:541} INFO - Filling up the DagBag from /home/hasyidan/venv/lib/python3.8/site-packages/airflow/example_dags/example_python_operator.py
[2024-10-09T11:07:14.934+0700] {logging_mixin.py:149} INFO - [2024-10-09T11:07:14.934+0700] {taskmixin.py:211} WARNING - Dependency <Task(_PythonDecoratedOperator): print_the_context>, log_sql_query already registered for DAG: example_python_operator
[2024-10-09T11:07:14.935+0700] {logging_mixin.py:149} INFO - [2024-10-09T11:07:14.935+0700] {taskmixin.py:211} WARNING - Dependency <Task(_PythonDecoratedOperator): log_sql_query>, print_the_context already registered for DAG: example_python_operator
[2024-10-09T11:07:14.937+0700] {logging_mixin.py:149} INFO - [2024-10-09T11:07:14.936+0700] {taskmixin.py:211} WARNING - Dependency <Task(_PythonDecoratedOperator): print_the_context>, log_sql_query already registered for DAG: example_python_operator
[2024-10-09T11:07:14.937+0700] {logging_mixin.py:149} INFO - [2024-10-09T11:07:14.937+0700] {taskmixin.py:211} WARNING - Dependency <Task(_PythonDecoratedOperator): log_sql_query>, print_the_context already registered for DAG: example_python_operator
[2024-10-09T11:07:14.939+0700] {logging_mixin.py:149} INFO - [2024-10-09T11:07:14.939+0700] {taskmixin.py:211} WARNING - Dependency <Task(_PythonDecoratedOperator): print_the_context>, log_sql_query already registered for DAG: example_python_operator
[2024-10-09T11:07:14.939+0700] {logging_mixin.py:149} INFO - [2024-10-09T11:07:14.939+0700] {taskmixin.py:211} WARNING - Dependency <Task(_PythonDecoratedOperator): log_sql_query>, print_the_context already registered for DAG: example_python_operator
[2024-10-09T11:07:14.941+0700] {logging_mixin.py:149} INFO - [2024-10-09T11:07:14.941+0700] {taskmixin.py:211} WARNING - Dependency <Task(_PythonDecoratedOperator): print_the_context>, log_sql_query already registered for DAG: example_python_operator
[2024-10-09T11:07:14.942+0700] {logging_mixin.py:149} INFO - [2024-10-09T11:07:14.941+0700] {taskmixin.py:211} WARNING - Dependency <Task(_PythonDecoratedOperator): log_sql_query>, print_the_context already registered for DAG: example_python_operator
[2024-10-09T11:07:14.942+0700] {logging_mixin.py:149} INFO - [2024-10-09T11:07:14.942+0700] {example_python_operator.py:90} WARNING - The virtalenv_python example task requires virtualenv, please install it.
[2024-10-09T11:07:14.943+0700] {processor.py:836} INFO - DAG(s) dict_keys(['example_python_operator']) retrieved from /home/hasyidan/venv/lib/python3.8/site-packages/airflow/example_dags/example_python_operator.py
[2024-10-09T11:07:14.999+0700] {logging_mixin.py:149} INFO - [2024-10-09T11:07:14.999+0700] {dag.py:2726} INFO - Sync 1 DAGs
[2024-10-09T11:07:15.044+0700] {logging_mixin.py:149} INFO - [2024-10-09T11:07:15.044+0700] {dag.py:3486} INFO - Setting next_dagrun for example_python_operator to None, run_after=None
[2024-10-09T11:07:15.177+0700] {processor.py:179} INFO - Processing /home/hasyidan/venv/lib/python3.8/site-packages/airflow/example_dags/example_python_operator.py took 0.289 seconds
[2024-10-09T11:08:19.162+0700] {processor.py:157} INFO - Started process (PID=4676) to work on /home/hasyidan/venv/lib/python3.8/site-packages/airflow/example_dags/example_python_operator.py
[2024-10-09T11:08:19.168+0700] {processor.py:826} INFO - Processing file /home/hasyidan/venv/lib/python3.8/site-packages/airflow/example_dags/example_python_operator.py for tasks to queue
[2024-10-09T11:08:19.170+0700] {logging_mixin.py:149} INFO - [2024-10-09T11:08:19.170+0700] {dagbag.py:541} INFO - Filling up the DagBag from /home/hasyidan/venv/lib/python3.8/site-packages/airflow/example_dags/example_python_operator.py
[2024-10-09T11:08:19.211+0700] {logging_mixin.py:149} INFO - [2024-10-09T11:08:19.211+0700] {taskmixin.py:211} WARNING - Dependency <Task(_PythonDecoratedOperator): print_the_context>, log_sql_query already registered for DAG: example_python_operator
[2024-10-09T11:08:19.212+0700] {logging_mixin.py:149} INFO - [2024-10-09T11:08:19.212+0700] {taskmixin.py:211} WARNING - Dependency <Task(_PythonDecoratedOperator): log_sql_query>, print_the_context already registered for DAG: example_python_operator
[2024-10-09T11:08:19.214+0700] {logging_mixin.py:149} INFO - [2024-10-09T11:08:19.214+0700] {taskmixin.py:211} WARNING - Dependency <Task(_PythonDecoratedOperator): print_the_context>, log_sql_query already registered for DAG: example_python_operator
[2024-10-09T11:08:19.215+0700] {logging_mixin.py:149} INFO - [2024-10-09T11:08:19.214+0700] {taskmixin.py:211} WARNING - Dependency <Task(_PythonDecoratedOperator): log_sql_query>, print_the_context already registered for DAG: example_python_operator
[2024-10-09T11:08:19.216+0700] {logging_mixin.py:149} INFO - [2024-10-09T11:08:19.216+0700] {taskmixin.py:211} WARNING - Dependency <Task(_PythonDecoratedOperator): print_the_context>, log_sql_query already registered for DAG: example_python_operator
[2024-10-09T11:08:19.217+0700] {logging_mixin.py:149} INFO - [2024-10-09T11:08:19.217+0700] {taskmixin.py:211} WARNING - Dependency <Task(_PythonDecoratedOperator): log_sql_query>, print_the_context already registered for DAG: example_python_operator
[2024-10-09T11:08:19.218+0700] {logging_mixin.py:149} INFO - [2024-10-09T11:08:19.218+0700] {taskmixin.py:211} WARNING - Dependency <Task(_PythonDecoratedOperator): print_the_context>, log_sql_query already registered for DAG: example_python_operator
[2024-10-09T11:08:19.219+0700] {logging_mixin.py:149} INFO - [2024-10-09T11:08:19.219+0700] {taskmixin.py:211} WARNING - Dependency <Task(_PythonDecoratedOperator): log_sql_query>, print_the_context already registered for DAG: example_python_operator
[2024-10-09T11:08:19.220+0700] {logging_mixin.py:149} INFO - [2024-10-09T11:08:19.219+0700] {example_python_operator.py:90} WARNING - The virtalenv_python example task requires virtualenv, please install it.
[2024-10-09T11:08:19.221+0700] {processor.py:836} INFO - DAG(s) dict_keys(['example_python_operator']) retrieved from /home/hasyidan/venv/lib/python3.8/site-packages/airflow/example_dags/example_python_operator.py
[2024-10-09T11:08:19.260+0700] {logging_mixin.py:149} INFO - [2024-10-09T11:08:19.260+0700] {dag.py:2726} INFO - Sync 1 DAGs
[2024-10-09T11:08:19.302+0700] {logging_mixin.py:149} INFO - [2024-10-09T11:08:19.302+0700] {dag.py:3486} INFO - Setting next_dagrun for example_python_operator to None, run_after=None
[2024-10-09T11:08:19.439+0700] {processor.py:179} INFO - Processing /home/hasyidan/venv/lib/python3.8/site-packages/airflow/example_dags/example_python_operator.py took 0.284 seconds
[2024-10-09T11:09:16.770+0700] {processor.py:157} INFO - Started process (PID=4730) to work on /home/hasyidan/venv/lib/python3.8/site-packages/airflow/example_dags/example_python_operator.py
[2024-10-09T11:09:16.786+0700] {processor.py:826} INFO - Processing file /home/hasyidan/venv/lib/python3.8/site-packages/airflow/example_dags/example_python_operator.py for tasks to queue
[2024-10-09T11:09:16.789+0700] {logging_mixin.py:149} INFO - [2024-10-09T11:09:16.788+0700] {dagbag.py:541} INFO - Filling up the DagBag from /home/hasyidan/venv/lib/python3.8/site-packages/airflow/example_dags/example_python_operator.py
[2024-10-09T11:09:16.805+0700] {logging_mixin.py:149} INFO - [2024-10-09T11:09:16.805+0700] {taskmixin.py:211} WARNING - Dependency <Task(_PythonDecoratedOperator): print_the_context>, log_sql_query already registered for DAG: example_python_operator
[2024-10-09T11:09:16.806+0700] {logging_mixin.py:149} INFO - [2024-10-09T11:09:16.806+0700] {taskmixin.py:211} WARNING - Dependency <Task(_PythonDecoratedOperator): log_sql_query>, print_the_context already registered for DAG: example_python_operator
[2024-10-09T11:09:16.808+0700] {logging_mixin.py:149} INFO - [2024-10-09T11:09:16.807+0700] {taskmixin.py:211} WARNING - Dependency <Task(_PythonDecoratedOperator): print_the_context>, log_sql_query already registered for DAG: example_python_operator
[2024-10-09T11:09:16.808+0700] {logging_mixin.py:149} INFO - [2024-10-09T11:09:16.808+0700] {taskmixin.py:211} WARNING - Dependency <Task(_PythonDecoratedOperator): log_sql_query>, print_the_context already registered for DAG: example_python_operator
[2024-10-09T11:09:16.810+0700] {logging_mixin.py:149} INFO - [2024-10-09T11:09:16.809+0700] {taskmixin.py:211} WARNING - Dependency <Task(_PythonDecoratedOperator): print_the_context>, log_sql_query already registered for DAG: example_python_operator
[2024-10-09T11:09:16.810+0700] {logging_mixin.py:149} INFO - [2024-10-09T11:09:16.810+0700] {taskmixin.py:211} WARNING - Dependency <Task(_PythonDecoratedOperator): log_sql_query>, print_the_context already registered for DAG: example_python_operator
[2024-10-09T11:09:16.812+0700] {logging_mixin.py:149} INFO - [2024-10-09T11:09:16.812+0700] {taskmixin.py:211} WARNING - Dependency <Task(_PythonDecoratedOperator): print_the_context>, log_sql_query already registered for DAG: example_python_operator
[2024-10-09T11:09:16.812+0700] {logging_mixin.py:149} INFO - [2024-10-09T11:09:16.812+0700] {taskmixin.py:211} WARNING - Dependency <Task(_PythonDecoratedOperator): log_sql_query>, print_the_context already registered for DAG: example_python_operator
[2024-10-09T11:09:16.813+0700] {logging_mixin.py:149} INFO - [2024-10-09T11:09:16.813+0700] {example_python_operator.py:90} WARNING - The virtalenv_python example task requires virtualenv, please install it.
[2024-10-09T11:09:16.814+0700] {processor.py:836} INFO - DAG(s) dict_keys(['example_python_operator']) retrieved from /home/hasyidan/venv/lib/python3.8/site-packages/airflow/example_dags/example_python_operator.py
[2024-10-09T11:09:16.854+0700] {logging_mixin.py:149} INFO - [2024-10-09T11:09:16.853+0700] {dag.py:2726} INFO - Sync 1 DAGs
[2024-10-09T11:09:16.897+0700] {logging_mixin.py:149} INFO - [2024-10-09T11:09:16.896+0700] {dag.py:3486} INFO - Setting next_dagrun for example_python_operator to None, run_after=None
[2024-10-09T11:09:17.011+0700] {processor.py:179} INFO - Processing /home/hasyidan/venv/lib/python3.8/site-packages/airflow/example_dags/example_python_operator.py took 0.248 seconds
[2024-10-09T11:10:09.707+0700] {processor.py:157} INFO - Started process (PID=4780) to work on /home/hasyidan/venv/lib/python3.8/site-packages/airflow/example_dags/example_python_operator.py
[2024-10-09T11:10:09.768+0700] {processor.py:826} INFO - Processing file /home/hasyidan/venv/lib/python3.8/site-packages/airflow/example_dags/example_python_operator.py for tasks to queue
[2024-10-09T11:10:09.771+0700] {logging_mixin.py:149} INFO - [2024-10-09T11:10:09.770+0700] {dagbag.py:541} INFO - Filling up the DagBag from /home/hasyidan/venv/lib/python3.8/site-packages/airflow/example_dags/example_python_operator.py
[2024-10-09T11:10:09.787+0700] {logging_mixin.py:149} INFO - [2024-10-09T11:10:09.787+0700] {taskmixin.py:211} WARNING - Dependency <Task(_PythonDecoratedOperator): print_the_context>, log_sql_query already registered for DAG: example_python_operator
[2024-10-09T11:10:09.788+0700] {logging_mixin.py:149} INFO - [2024-10-09T11:10:09.787+0700] {taskmixin.py:211} WARNING - Dependency <Task(_PythonDecoratedOperator): log_sql_query>, print_the_context already registered for DAG: example_python_operator
[2024-10-09T11:10:09.789+0700] {logging_mixin.py:149} INFO - [2024-10-09T11:10:09.789+0700] {taskmixin.py:211} WARNING - Dependency <Task(_PythonDecoratedOperator): print_the_context>, log_sql_query already registered for DAG: example_python_operator
[2024-10-09T11:10:09.790+0700] {logging_mixin.py:149} INFO - [2024-10-09T11:10:09.790+0700] {taskmixin.py:211} WARNING - Dependency <Task(_PythonDecoratedOperator): log_sql_query>, print_the_context already registered for DAG: example_python_operator
[2024-10-09T11:10:09.791+0700] {logging_mixin.py:149} INFO - [2024-10-09T11:10:09.791+0700] {taskmixin.py:211} WARNING - Dependency <Task(_PythonDecoratedOperator): print_the_context>, log_sql_query already registered for DAG: example_python_operator
[2024-10-09T11:10:09.792+0700] {logging_mixin.py:149} INFO - [2024-10-09T11:10:09.792+0700] {taskmixin.py:211} WARNING - Dependency <Task(_PythonDecoratedOperator): log_sql_query>, print_the_context already registered for DAG: example_python_operator
[2024-10-09T11:10:09.794+0700] {logging_mixin.py:149} INFO - [2024-10-09T11:10:09.793+0700] {taskmixin.py:211} WARNING - Dependency <Task(_PythonDecoratedOperator): print_the_context>, log_sql_query already registered for DAG: example_python_operator
[2024-10-09T11:10:09.794+0700] {logging_mixin.py:149} INFO - [2024-10-09T11:10:09.794+0700] {taskmixin.py:211} WARNING - Dependency <Task(_PythonDecoratedOperator): log_sql_query>, print_the_context already registered for DAG: example_python_operator
[2024-10-09T11:10:09.795+0700] {logging_mixin.py:149} INFO - [2024-10-09T11:10:09.795+0700] {example_python_operator.py:90} WARNING - The virtalenv_python example task requires virtualenv, please install it.
[2024-10-09T11:10:09.796+0700] {processor.py:836} INFO - DAG(s) dict_keys(['example_python_operator']) retrieved from /home/hasyidan/venv/lib/python3.8/site-packages/airflow/example_dags/example_python_operator.py
[2024-10-09T11:10:09.835+0700] {logging_mixin.py:149} INFO - [2024-10-09T11:10:09.835+0700] {dag.py:2726} INFO - Sync 1 DAGs
[2024-10-09T11:10:09.877+0700] {logging_mixin.py:149} INFO - [2024-10-09T11:10:09.877+0700] {dag.py:3486} INFO - Setting next_dagrun for example_python_operator to None, run_after=None
[2024-10-09T11:10:10.009+0700] {processor.py:179} INFO - Processing /home/hasyidan/venv/lib/python3.8/site-packages/airflow/example_dags/example_python_operator.py took 0.309 seconds
[2024-10-09T11:11:00.039+0700] {processor.py:157} INFO - Started process (PID=4840) to work on /home/hasyidan/venv/lib/python3.8/site-packages/airflow/example_dags/example_python_operator.py
[2024-10-09T11:11:00.066+0700] {processor.py:826} INFO - Processing file /home/hasyidan/venv/lib/python3.8/site-packages/airflow/example_dags/example_python_operator.py for tasks to queue
[2024-10-09T11:11:00.069+0700] {logging_mixin.py:149} INFO - [2024-10-09T11:11:00.068+0700] {dagbag.py:541} INFO - Filling up the DagBag from /home/hasyidan/venv/lib/python3.8/site-packages/airflow/example_dags/example_python_operator.py
[2024-10-09T11:11:00.085+0700] {logging_mixin.py:149} INFO - [2024-10-09T11:11:00.085+0700] {taskmixin.py:211} WARNING - Dependency <Task(_PythonDecoratedOperator): print_the_context>, log_sql_query already registered for DAG: example_python_operator
[2024-10-09T11:11:00.086+0700] {logging_mixin.py:149} INFO - [2024-10-09T11:11:00.086+0700] {taskmixin.py:211} WARNING - Dependency <Task(_PythonDecoratedOperator): log_sql_query>, print_the_context already registered for DAG: example_python_operator
[2024-10-09T11:11:00.087+0700] {logging_mixin.py:149} INFO - [2024-10-09T11:11:00.087+0700] {taskmixin.py:211} WARNING - Dependency <Task(_PythonDecoratedOperator): print_the_context>, log_sql_query already registered for DAG: example_python_operator
[2024-10-09T11:11:00.088+0700] {logging_mixin.py:149} INFO - [2024-10-09T11:11:00.088+0700] {taskmixin.py:211} WARNING - Dependency <Task(_PythonDecoratedOperator): log_sql_query>, print_the_context already registered for DAG: example_python_operator
[2024-10-09T11:11:00.090+0700] {logging_mixin.py:149} INFO - [2024-10-09T11:11:00.089+0700] {taskmixin.py:211} WARNING - Dependency <Task(_PythonDecoratedOperator): print_the_context>, log_sql_query already registered for DAG: example_python_operator
[2024-10-09T11:11:00.090+0700] {logging_mixin.py:149} INFO - [2024-10-09T11:11:00.090+0700] {taskmixin.py:211} WARNING - Dependency <Task(_PythonDecoratedOperator): log_sql_query>, print_the_context already registered for DAG: example_python_operator
[2024-10-09T11:11:00.092+0700] {logging_mixin.py:149} INFO - [2024-10-09T11:11:00.091+0700] {taskmixin.py:211} WARNING - Dependency <Task(_PythonDecoratedOperator): print_the_context>, log_sql_query already registered for DAG: example_python_operator
[2024-10-09T11:11:00.092+0700] {logging_mixin.py:149} INFO - [2024-10-09T11:11:00.092+0700] {taskmixin.py:211} WARNING - Dependency <Task(_PythonDecoratedOperator): log_sql_query>, print_the_context already registered for DAG: example_python_operator
[2024-10-09T11:11:00.093+0700] {logging_mixin.py:149} INFO - [2024-10-09T11:11:00.093+0700] {example_python_operator.py:90} WARNING - The virtalenv_python example task requires virtualenv, please install it.
[2024-10-09T11:11:00.094+0700] {processor.py:836} INFO - DAG(s) dict_keys(['example_python_operator']) retrieved from /home/hasyidan/venv/lib/python3.8/site-packages/airflow/example_dags/example_python_operator.py
[2024-10-09T11:11:00.135+0700] {logging_mixin.py:149} INFO - [2024-10-09T11:11:00.135+0700] {dag.py:2726} INFO - Sync 1 DAGs
[2024-10-09T11:11:00.177+0700] {logging_mixin.py:149} INFO - [2024-10-09T11:11:00.177+0700] {dag.py:3486} INFO - Setting next_dagrun for example_python_operator to None, run_after=None
[2024-10-09T11:11:00.288+0700] {processor.py:179} INFO - Processing /home/hasyidan/venv/lib/python3.8/site-packages/airflow/example_dags/example_python_operator.py took 0.255 seconds
[2024-10-09T11:11:55.641+0700] {processor.py:157} INFO - Started process (PID=4899) to work on /home/hasyidan/venv/lib/python3.8/site-packages/airflow/example_dags/example_python_operator.py
[2024-10-09T11:11:55.691+0700] {processor.py:826} INFO - Processing file /home/hasyidan/venv/lib/python3.8/site-packages/airflow/example_dags/example_python_operator.py for tasks to queue
[2024-10-09T11:11:55.694+0700] {logging_mixin.py:149} INFO - [2024-10-09T11:11:55.693+0700] {dagbag.py:541} INFO - Filling up the DagBag from /home/hasyidan/venv/lib/python3.8/site-packages/airflow/example_dags/example_python_operator.py
[2024-10-09T11:11:55.710+0700] {logging_mixin.py:149} INFO - [2024-10-09T11:11:55.710+0700] {taskmixin.py:211} WARNING - Dependency <Task(_PythonDecoratedOperator): print_the_context>, log_sql_query already registered for DAG: example_python_operator
[2024-10-09T11:11:55.711+0700] {logging_mixin.py:149} INFO - [2024-10-09T11:11:55.711+0700] {taskmixin.py:211} WARNING - Dependency <Task(_PythonDecoratedOperator): log_sql_query>, print_the_context already registered for DAG: example_python_operator
[2024-10-09T11:11:55.713+0700] {logging_mixin.py:149} INFO - [2024-10-09T11:11:55.712+0700] {taskmixin.py:211} WARNING - Dependency <Task(_PythonDecoratedOperator): print_the_context>, log_sql_query already registered for DAG: example_python_operator
[2024-10-09T11:11:55.713+0700] {logging_mixin.py:149} INFO - [2024-10-09T11:11:55.713+0700] {taskmixin.py:211} WARNING - Dependency <Task(_PythonDecoratedOperator): log_sql_query>, print_the_context already registered for DAG: example_python_operator
[2024-10-09T11:11:55.715+0700] {logging_mixin.py:149} INFO - [2024-10-09T11:11:55.714+0700] {taskmixin.py:211} WARNING - Dependency <Task(_PythonDecoratedOperator): print_the_context>, log_sql_query already registered for DAG: example_python_operator
[2024-10-09T11:11:55.715+0700] {logging_mixin.py:149} INFO - [2024-10-09T11:11:55.715+0700] {taskmixin.py:211} WARNING - Dependency <Task(_PythonDecoratedOperator): log_sql_query>, print_the_context already registered for DAG: example_python_operator
[2024-10-09T11:11:55.717+0700] {logging_mixin.py:149} INFO - [2024-10-09T11:11:55.717+0700] {taskmixin.py:211} WARNING - Dependency <Task(_PythonDecoratedOperator): print_the_context>, log_sql_query already registered for DAG: example_python_operator
[2024-10-09T11:11:55.717+0700] {logging_mixin.py:149} INFO - [2024-10-09T11:11:55.717+0700] {taskmixin.py:211} WARNING - Dependency <Task(_PythonDecoratedOperator): log_sql_query>, print_the_context already registered for DAG: example_python_operator
[2024-10-09T11:11:55.718+0700] {logging_mixin.py:149} INFO - [2024-10-09T11:11:55.718+0700] {example_python_operator.py:90} WARNING - The virtalenv_python example task requires virtualenv, please install it.
[2024-10-09T11:11:55.719+0700] {processor.py:836} INFO - DAG(s) dict_keys(['example_python_operator']) retrieved from /home/hasyidan/venv/lib/python3.8/site-packages/airflow/example_dags/example_python_operator.py
[2024-10-09T11:11:55.820+0700] {logging_mixin.py:149} INFO - [2024-10-09T11:11:55.819+0700] {dag.py:2726} INFO - Sync 1 DAGs
[2024-10-09T11:11:55.862+0700] {logging_mixin.py:149} INFO - [2024-10-09T11:11:55.861+0700] {dag.py:3486} INFO - Setting next_dagrun for example_python_operator to None, run_after=None
[2024-10-09T11:11:55.994+0700] {processor.py:179} INFO - Processing /home/hasyidan/venv/lib/python3.8/site-packages/airflow/example_dags/example_python_operator.py took 0.360 seconds
[2024-10-09T11:12:46.564+0700] {processor.py:157} INFO - Started process (PID=4957) to work on /home/hasyidan/venv/lib/python3.8/site-packages/airflow/example_dags/example_python_operator.py
[2024-10-09T11:12:46.584+0700] {processor.py:826} INFO - Processing file /home/hasyidan/venv/lib/python3.8/site-packages/airflow/example_dags/example_python_operator.py for tasks to queue
[2024-10-09T11:12:46.587+0700] {logging_mixin.py:149} INFO - [2024-10-09T11:12:46.586+0700] {dagbag.py:541} INFO - Filling up the DagBag from /home/hasyidan/venv/lib/python3.8/site-packages/airflow/example_dags/example_python_operator.py
[2024-10-09T11:12:46.604+0700] {logging_mixin.py:149} INFO - [2024-10-09T11:12:46.604+0700] {taskmixin.py:211} WARNING - Dependency <Task(_PythonDecoratedOperator): print_the_context>, log_sql_query already registered for DAG: example_python_operator
[2024-10-09T11:12:46.605+0700] {logging_mixin.py:149} INFO - [2024-10-09T11:12:46.605+0700] {taskmixin.py:211} WARNING - Dependency <Task(_PythonDecoratedOperator): log_sql_query>, print_the_context already registered for DAG: example_python_operator
[2024-10-09T11:12:46.606+0700] {logging_mixin.py:149} INFO - [2024-10-09T11:12:46.606+0700] {taskmixin.py:211} WARNING - Dependency <Task(_PythonDecoratedOperator): print_the_context>, log_sql_query already registered for DAG: example_python_operator
[2024-10-09T11:12:46.607+0700] {logging_mixin.py:149} INFO - [2024-10-09T11:12:46.607+0700] {taskmixin.py:211} WARNING - Dependency <Task(_PythonDecoratedOperator): log_sql_query>, print_the_context already registered for DAG: example_python_operator
[2024-10-09T11:12:46.609+0700] {logging_mixin.py:149} INFO - [2024-10-09T11:12:46.608+0700] {taskmixin.py:211} WARNING - Dependency <Task(_PythonDecoratedOperator): print_the_context>, log_sql_query already registered for DAG: example_python_operator
[2024-10-09T11:12:46.609+0700] {logging_mixin.py:149} INFO - [2024-10-09T11:12:46.609+0700] {taskmixin.py:211} WARNING - Dependency <Task(_PythonDecoratedOperator): log_sql_query>, print_the_context already registered for DAG: example_python_operator
[2024-10-09T11:12:46.611+0700] {logging_mixin.py:149} INFO - [2024-10-09T11:12:46.610+0700] {taskmixin.py:211} WARNING - Dependency <Task(_PythonDecoratedOperator): print_the_context>, log_sql_query already registered for DAG: example_python_operator
[2024-10-09T11:12:46.611+0700] {logging_mixin.py:149} INFO - [2024-10-09T11:12:46.611+0700] {taskmixin.py:211} WARNING - Dependency <Task(_PythonDecoratedOperator): log_sql_query>, print_the_context already registered for DAG: example_python_operator
[2024-10-09T11:12:46.612+0700] {logging_mixin.py:149} INFO - [2024-10-09T11:12:46.612+0700] {example_python_operator.py:90} WARNING - The virtalenv_python example task requires virtualenv, please install it.
[2024-10-09T11:12:46.613+0700] {processor.py:836} INFO - DAG(s) dict_keys(['example_python_operator']) retrieved from /home/hasyidan/venv/lib/python3.8/site-packages/airflow/example_dags/example_python_operator.py
[2024-10-09T11:12:46.654+0700] {logging_mixin.py:149} INFO - [2024-10-09T11:12:46.653+0700] {dag.py:2726} INFO - Sync 1 DAGs
[2024-10-09T11:12:46.696+0700] {logging_mixin.py:149} INFO - [2024-10-09T11:12:46.696+0700] {dag.py:3486} INFO - Setting next_dagrun for example_python_operator to None, run_after=None
[2024-10-09T11:12:46.814+0700] {processor.py:179} INFO - Processing /home/hasyidan/venv/lib/python3.8/site-packages/airflow/example_dags/example_python_operator.py took 0.257 seconds
[2024-10-09T11:13:41.155+0700] {processor.py:157} INFO - Started process (PID=5015) to work on /home/hasyidan/venv/lib/python3.8/site-packages/airflow/example_dags/example_python_operator.py
[2024-10-09T11:13:41.168+0700] {processor.py:826} INFO - Processing file /home/hasyidan/venv/lib/python3.8/site-packages/airflow/example_dags/example_python_operator.py for tasks to queue
[2024-10-09T11:13:41.170+0700] {logging_mixin.py:149} INFO - [2024-10-09T11:13:41.170+0700] {dagbag.py:541} INFO - Filling up the DagBag from /home/hasyidan/venv/lib/python3.8/site-packages/airflow/example_dags/example_python_operator.py
[2024-10-09T11:13:41.188+0700] {logging_mixin.py:149} INFO - [2024-10-09T11:13:41.187+0700] {taskmixin.py:211} WARNING - Dependency <Task(_PythonDecoratedOperator): print_the_context>, log_sql_query already registered for DAG: example_python_operator
[2024-10-09T11:13:41.188+0700] {logging_mixin.py:149} INFO - [2024-10-09T11:13:41.188+0700] {taskmixin.py:211} WARNING - Dependency <Task(_PythonDecoratedOperator): log_sql_query>, print_the_context already registered for DAG: example_python_operator
[2024-10-09T11:13:41.190+0700] {logging_mixin.py:149} INFO - [2024-10-09T11:13:41.190+0700] {taskmixin.py:211} WARNING - Dependency <Task(_PythonDecoratedOperator): print_the_context>, log_sql_query already registered for DAG: example_python_operator
[2024-10-09T11:13:41.190+0700] {logging_mixin.py:149} INFO - [2024-10-09T11:13:41.190+0700] {taskmixin.py:211} WARNING - Dependency <Task(_PythonDecoratedOperator): log_sql_query>, print_the_context already registered for DAG: example_python_operator
[2024-10-09T11:13:41.192+0700] {logging_mixin.py:149} INFO - [2024-10-09T11:13:41.192+0700] {taskmixin.py:211} WARNING - Dependency <Task(_PythonDecoratedOperator): print_the_context>, log_sql_query already registered for DAG: example_python_operator
[2024-10-09T11:13:41.192+0700] {logging_mixin.py:149} INFO - [2024-10-09T11:13:41.192+0700] {taskmixin.py:211} WARNING - Dependency <Task(_PythonDecoratedOperator): log_sql_query>, print_the_context already registered for DAG: example_python_operator
[2024-10-09T11:13:41.194+0700] {logging_mixin.py:149} INFO - [2024-10-09T11:13:41.194+0700] {taskmixin.py:211} WARNING - Dependency <Task(_PythonDecoratedOperator): print_the_context>, log_sql_query already registered for DAG: example_python_operator
[2024-10-09T11:13:41.194+0700] {logging_mixin.py:149} INFO - [2024-10-09T11:13:41.194+0700] {taskmixin.py:211} WARNING - Dependency <Task(_PythonDecoratedOperator): log_sql_query>, print_the_context already registered for DAG: example_python_operator
[2024-10-09T11:13:41.195+0700] {logging_mixin.py:149} INFO - [2024-10-09T11:13:41.195+0700] {example_python_operator.py:90} WARNING - The virtalenv_python example task requires virtualenv, please install it.
[2024-10-09T11:13:41.196+0700] {processor.py:836} INFO - DAG(s) dict_keys(['example_python_operator']) retrieved from /home/hasyidan/venv/lib/python3.8/site-packages/airflow/example_dags/example_python_operator.py
[2024-10-09T11:13:41.236+0700] {logging_mixin.py:149} INFO - [2024-10-09T11:13:41.236+0700] {dag.py:2726} INFO - Sync 1 DAGs
[2024-10-09T11:13:41.281+0700] {logging_mixin.py:149} INFO - [2024-10-09T11:13:41.280+0700] {dag.py:3486} INFO - Setting next_dagrun for example_python_operator to None, run_after=None
[2024-10-09T11:13:41.399+0700] {processor.py:179} INFO - Processing /home/hasyidan/venv/lib/python3.8/site-packages/airflow/example_dags/example_python_operator.py took 0.250 seconds
[2024-10-09T11:15:02.365+0700] {processor.py:157} INFO - Started process (PID=5112) to work on /home/hasyidan/venv/lib/python3.8/site-packages/airflow/example_dags/example_python_operator.py
[2024-10-09T11:15:02.846+0700] {processor.py:826} INFO - Processing file /home/hasyidan/venv/lib/python3.8/site-packages/airflow/example_dags/example_python_operator.py for tasks to queue
[2024-10-09T11:15:02.849+0700] {logging_mixin.py:149} INFO - [2024-10-09T11:15:02.848+0700] {dagbag.py:541} INFO - Filling up the DagBag from /home/hasyidan/venv/lib/python3.8/site-packages/airflow/example_dags/example_python_operator.py
[2024-10-09T11:15:02.884+0700] {logging_mixin.py:149} INFO - [2024-10-09T11:15:02.865+0700] {taskmixin.py:211} WARNING - Dependency <Task(_PythonDecoratedOperator): print_the_context>, log_sql_query already registered for DAG: example_python_operator
[2024-10-09T11:15:02.885+0700] {logging_mixin.py:149} INFO - [2024-10-09T11:15:02.885+0700] {taskmixin.py:211} WARNING - Dependency <Task(_PythonDecoratedOperator): log_sql_query>, print_the_context already registered for DAG: example_python_operator
[2024-10-09T11:15:02.889+0700] {logging_mixin.py:149} INFO - [2024-10-09T11:15:02.889+0700] {taskmixin.py:211} WARNING - Dependency <Task(_PythonDecoratedOperator): print_the_context>, log_sql_query already registered for DAG: example_python_operator
[2024-10-09T11:15:02.890+0700] {logging_mixin.py:149} INFO - [2024-10-09T11:15:02.890+0700] {taskmixin.py:211} WARNING - Dependency <Task(_PythonDecoratedOperator): log_sql_query>, print_the_context already registered for DAG: example_python_operator
[2024-10-09T11:15:02.893+0700] {logging_mixin.py:149} INFO - [2024-10-09T11:15:02.893+0700] {taskmixin.py:211} WARNING - Dependency <Task(_PythonDecoratedOperator): print_the_context>, log_sql_query already registered for DAG: example_python_operator
[2024-10-09T11:15:02.894+0700] {logging_mixin.py:149} INFO - [2024-10-09T11:15:02.893+0700] {taskmixin.py:211} WARNING - Dependency <Task(_PythonDecoratedOperator): log_sql_query>, print_the_context already registered for DAG: example_python_operator
[2024-10-09T11:15:02.898+0700] {logging_mixin.py:149} INFO - [2024-10-09T11:15:02.897+0700] {taskmixin.py:211} WARNING - Dependency <Task(_PythonDecoratedOperator): print_the_context>, log_sql_query already registered for DAG: example_python_operator
[2024-10-09T11:15:02.898+0700] {logging_mixin.py:149} INFO - [2024-10-09T11:15:02.898+0700] {taskmixin.py:211} WARNING - Dependency <Task(_PythonDecoratedOperator): log_sql_query>, print_the_context already registered for DAG: example_python_operator
[2024-10-09T11:15:02.899+0700] {logging_mixin.py:149} INFO - [2024-10-09T11:15:02.899+0700] {example_python_operator.py:90} WARNING - The virtalenv_python example task requires virtualenv, please install it.
[2024-10-09T11:15:02.900+0700] {processor.py:836} INFO - DAG(s) dict_keys(['example_python_operator']) retrieved from /home/hasyidan/venv/lib/python3.8/site-packages/airflow/example_dags/example_python_operator.py
[2024-10-09T11:15:02.942+0700] {logging_mixin.py:149} INFO - [2024-10-09T11:15:02.941+0700] {dag.py:2726} INFO - Sync 1 DAGs
[2024-10-09T11:15:02.987+0700] {logging_mixin.py:149} INFO - [2024-10-09T11:15:02.987+0700] {dag.py:3486} INFO - Setting next_dagrun for example_python_operator to None, run_after=None
[2024-10-09T11:15:03.511+0700] {processor.py:179} INFO - Processing /home/hasyidan/venv/lib/python3.8/site-packages/airflow/example_dags/example_python_operator.py took 1.157 seconds
[2024-10-09T11:16:46.588+0700] {processor.py:157} INFO - Started process (PID=5343) to work on /home/hasyidan/venv/lib/python3.8/site-packages/airflow/example_dags/example_python_operator.py
[2024-10-09T11:16:46.601+0700] {processor.py:826} INFO - Processing file /home/hasyidan/venv/lib/python3.8/site-packages/airflow/example_dags/example_python_operator.py for tasks to queue
[2024-10-09T11:16:46.603+0700] {logging_mixin.py:149} INFO - [2024-10-09T11:16:46.603+0700] {dagbag.py:541} INFO - Filling up the DagBag from /home/hasyidan/venv/lib/python3.8/site-packages/airflow/example_dags/example_python_operator.py
[2024-10-09T11:16:46.624+0700] {logging_mixin.py:149} INFO - [2024-10-09T11:16:46.623+0700] {taskmixin.py:211} WARNING - Dependency <Task(_PythonDecoratedOperator): print_the_context>, log_sql_query already registered for DAG: example_python_operator
[2024-10-09T11:16:46.624+0700] {logging_mixin.py:149} INFO - [2024-10-09T11:16:46.624+0700] {taskmixin.py:211} WARNING - Dependency <Task(_PythonDecoratedOperator): log_sql_query>, print_the_context already registered for DAG: example_python_operator
[2024-10-09T11:16:46.627+0700] {logging_mixin.py:149} INFO - [2024-10-09T11:16:46.626+0700] {taskmixin.py:211} WARNING - Dependency <Task(_PythonDecoratedOperator): print_the_context>, log_sql_query already registered for DAG: example_python_operator
[2024-10-09T11:16:46.628+0700] {logging_mixin.py:149} INFO - [2024-10-09T11:16:46.627+0700] {taskmixin.py:211} WARNING - Dependency <Task(_PythonDecoratedOperator): log_sql_query>, print_the_context already registered for DAG: example_python_operator
[2024-10-09T11:16:46.630+0700] {logging_mixin.py:149} INFO - [2024-10-09T11:16:46.630+0700] {taskmixin.py:211} WARNING - Dependency <Task(_PythonDecoratedOperator): print_the_context>, log_sql_query already registered for DAG: example_python_operator
[2024-10-09T11:16:46.631+0700] {logging_mixin.py:149} INFO - [2024-10-09T11:16:46.631+0700] {taskmixin.py:211} WARNING - Dependency <Task(_PythonDecoratedOperator): log_sql_query>, print_the_context already registered for DAG: example_python_operator
[2024-10-09T11:16:46.633+0700] {logging_mixin.py:149} INFO - [2024-10-09T11:16:46.632+0700] {taskmixin.py:211} WARNING - Dependency <Task(_PythonDecoratedOperator): print_the_context>, log_sql_query already registered for DAG: example_python_operator
[2024-10-09T11:16:46.635+0700] {logging_mixin.py:149} INFO - [2024-10-09T11:16:46.634+0700] {taskmixin.py:211} WARNING - Dependency <Task(_PythonDecoratedOperator): log_sql_query>, print_the_context already registered for DAG: example_python_operator
[2024-10-09T11:16:46.636+0700] {logging_mixin.py:149} INFO - [2024-10-09T11:16:46.636+0700] {example_python_operator.py:90} WARNING - The virtalenv_python example task requires virtualenv, please install it.
[2024-10-09T11:16:46.638+0700] {processor.py:836} INFO - DAG(s) dict_keys(['example_python_operator']) retrieved from /home/hasyidan/venv/lib/python3.8/site-packages/airflow/example_dags/example_python_operator.py
[2024-10-09T11:16:46.702+0700] {logging_mixin.py:149} INFO - [2024-10-09T11:16:46.701+0700] {dag.py:2726} INFO - Sync 1 DAGs
[2024-10-09T11:16:46.764+0700] {logging_mixin.py:149} INFO - [2024-10-09T11:16:46.764+0700] {dag.py:3486} INFO - Setting next_dagrun for example_python_operator to None, run_after=None
[2024-10-09T11:16:46.914+0700] {processor.py:179} INFO - Processing /home/hasyidan/venv/lib/python3.8/site-packages/airflow/example_dags/example_python_operator.py took 0.337 seconds
[2024-10-09T11:17:55.981+0700] {processor.py:157} INFO - Started process (PID=5415) to work on /home/hasyidan/venv/lib/python3.8/site-packages/airflow/example_dags/example_python_operator.py
[2024-10-09T11:17:55.994+0700] {processor.py:826} INFO - Processing file /home/hasyidan/venv/lib/python3.8/site-packages/airflow/example_dags/example_python_operator.py for tasks to queue
[2024-10-09T11:17:55.996+0700] {logging_mixin.py:149} INFO - [2024-10-09T11:17:55.996+0700] {dagbag.py:541} INFO - Filling up the DagBag from /home/hasyidan/venv/lib/python3.8/site-packages/airflow/example_dags/example_python_operator.py
[2024-10-09T11:17:56.019+0700] {logging_mixin.py:149} INFO - [2024-10-09T11:17:56.018+0700] {taskmixin.py:211} WARNING - Dependency <Task(_PythonDecoratedOperator): print_the_context>, log_sql_query already registered for DAG: example_python_operator
[2024-10-09T11:17:56.019+0700] {logging_mixin.py:149} INFO - [2024-10-09T11:17:56.019+0700] {taskmixin.py:211} WARNING - Dependency <Task(_PythonDecoratedOperator): log_sql_query>, print_the_context already registered for DAG: example_python_operator
[2024-10-09T11:17:56.022+0700] {logging_mixin.py:149} INFO - [2024-10-09T11:17:56.022+0700] {taskmixin.py:211} WARNING - Dependency <Task(_PythonDecoratedOperator): print_the_context>, log_sql_query already registered for DAG: example_python_operator
[2024-10-09T11:17:56.026+0700] {logging_mixin.py:149} INFO - [2024-10-09T11:17:56.025+0700] {taskmixin.py:211} WARNING - Dependency <Task(_PythonDecoratedOperator): log_sql_query>, print_the_context already registered for DAG: example_python_operator
[2024-10-09T11:17:56.028+0700] {logging_mixin.py:149} INFO - [2024-10-09T11:17:56.028+0700] {taskmixin.py:211} WARNING - Dependency <Task(_PythonDecoratedOperator): print_the_context>, log_sql_query already registered for DAG: example_python_operator
[2024-10-09T11:17:56.029+0700] {logging_mixin.py:149} INFO - [2024-10-09T11:17:56.029+0700] {taskmixin.py:211} WARNING - Dependency <Task(_PythonDecoratedOperator): log_sql_query>, print_the_context already registered for DAG: example_python_operator
[2024-10-09T11:17:56.032+0700] {logging_mixin.py:149} INFO - [2024-10-09T11:17:56.031+0700] {taskmixin.py:211} WARNING - Dependency <Task(_PythonDecoratedOperator): print_the_context>, log_sql_query already registered for DAG: example_python_operator
[2024-10-09T11:17:56.032+0700] {logging_mixin.py:149} INFO - [2024-10-09T11:17:56.032+0700] {taskmixin.py:211} WARNING - Dependency <Task(_PythonDecoratedOperator): log_sql_query>, print_the_context already registered for DAG: example_python_operator
[2024-10-09T11:17:56.034+0700] {logging_mixin.py:149} INFO - [2024-10-09T11:17:56.033+0700] {example_python_operator.py:90} WARNING - The virtalenv_python example task requires virtualenv, please install it.
[2024-10-09T11:17:56.035+0700] {processor.py:836} INFO - DAG(s) dict_keys(['example_python_operator']) retrieved from /home/hasyidan/venv/lib/python3.8/site-packages/airflow/example_dags/example_python_operator.py
[2024-10-09T11:17:56.111+0700] {logging_mixin.py:149} INFO - [2024-10-09T11:17:56.110+0700] {dag.py:2726} INFO - Sync 1 DAGs
[2024-10-09T11:17:56.185+0700] {logging_mixin.py:149} INFO - [2024-10-09T11:17:56.184+0700] {dag.py:3486} INFO - Setting next_dagrun for example_python_operator to None, run_after=None
[2024-10-09T11:17:56.343+0700] {processor.py:179} INFO - Processing /home/hasyidan/venv/lib/python3.8/site-packages/airflow/example_dags/example_python_operator.py took 0.376 seconds
[2024-10-09T11:19:02.253+0700] {processor.py:157} INFO - Started process (PID=5481) to work on /home/hasyidan/venv/lib/python3.8/site-packages/airflow/example_dags/example_python_operator.py
[2024-10-09T11:19:02.279+0700] {processor.py:826} INFO - Processing file /home/hasyidan/venv/lib/python3.8/site-packages/airflow/example_dags/example_python_operator.py for tasks to queue
[2024-10-09T11:19:02.287+0700] {logging_mixin.py:149} INFO - [2024-10-09T11:19:02.280+0700] {dagbag.py:541} INFO - Filling up the DagBag from /home/hasyidan/venv/lib/python3.8/site-packages/airflow/example_dags/example_python_operator.py
[2024-10-09T11:19:02.321+0700] {logging_mixin.py:149} INFO - [2024-10-09T11:19:02.320+0700] {taskmixin.py:211} WARNING - Dependency <Task(_PythonDecoratedOperator): print_the_context>, log_sql_query already registered for DAG: example_python_operator
[2024-10-09T11:19:02.321+0700] {logging_mixin.py:149} INFO - [2024-10-09T11:19:02.321+0700] {taskmixin.py:211} WARNING - Dependency <Task(_PythonDecoratedOperator): log_sql_query>, print_the_context already registered for DAG: example_python_operator
[2024-10-09T11:19:02.324+0700] {logging_mixin.py:149} INFO - [2024-10-09T11:19:02.324+0700] {taskmixin.py:211} WARNING - Dependency <Task(_PythonDecoratedOperator): print_the_context>, log_sql_query already registered for DAG: example_python_operator
[2024-10-09T11:19:02.325+0700] {logging_mixin.py:149} INFO - [2024-10-09T11:19:02.325+0700] {taskmixin.py:211} WARNING - Dependency <Task(_PythonDecoratedOperator): log_sql_query>, print_the_context already registered for DAG: example_python_operator
[2024-10-09T11:19:02.327+0700] {logging_mixin.py:149} INFO - [2024-10-09T11:19:02.326+0700] {taskmixin.py:211} WARNING - Dependency <Task(_PythonDecoratedOperator): print_the_context>, log_sql_query already registered for DAG: example_python_operator
[2024-10-09T11:19:02.327+0700] {logging_mixin.py:149} INFO - [2024-10-09T11:19:02.327+0700] {taskmixin.py:211} WARNING - Dependency <Task(_PythonDecoratedOperator): log_sql_query>, print_the_context already registered for DAG: example_python_operator
[2024-10-09T11:19:02.335+0700] {logging_mixin.py:149} INFO - [2024-10-09T11:19:02.334+0700] {taskmixin.py:211} WARNING - Dependency <Task(_PythonDecoratedOperator): print_the_context>, log_sql_query already registered for DAG: example_python_operator
[2024-10-09T11:19:02.336+0700] {logging_mixin.py:149} INFO - [2024-10-09T11:19:02.335+0700] {taskmixin.py:211} WARNING - Dependency <Task(_PythonDecoratedOperator): log_sql_query>, print_the_context already registered for DAG: example_python_operator
[2024-10-09T11:19:02.337+0700] {logging_mixin.py:149} INFO - [2024-10-09T11:19:02.336+0700] {example_python_operator.py:90} WARNING - The virtalenv_python example task requires virtualenv, please install it.
[2024-10-09T11:19:02.338+0700] {processor.py:836} INFO - DAG(s) dict_keys(['example_python_operator']) retrieved from /home/hasyidan/venv/lib/python3.8/site-packages/airflow/example_dags/example_python_operator.py
[2024-10-09T11:19:02.423+0700] {logging_mixin.py:149} INFO - [2024-10-09T11:19:02.423+0700] {dag.py:2726} INFO - Sync 1 DAGs
[2024-10-09T11:19:02.513+0700] {logging_mixin.py:149} INFO - [2024-10-09T11:19:02.513+0700] {dag.py:3486} INFO - Setting next_dagrun for example_python_operator to None, run_after=None
[2024-10-09T11:19:02.696+0700] {processor.py:179} INFO - Processing /home/hasyidan/venv/lib/python3.8/site-packages/airflow/example_dags/example_python_operator.py took 0.455 seconds
[2024-10-09T11:20:04.727+0700] {processor.py:157} INFO - Started process (PID=5549) to work on /home/hasyidan/venv/lib/python3.8/site-packages/airflow/example_dags/example_python_operator.py
[2024-10-09T11:20:04.753+0700] {processor.py:826} INFO - Processing file /home/hasyidan/venv/lib/python3.8/site-packages/airflow/example_dags/example_python_operator.py for tasks to queue
[2024-10-09T11:20:04.755+0700] {logging_mixin.py:149} INFO - [2024-10-09T11:20:04.754+0700] {dagbag.py:541} INFO - Filling up the DagBag from /home/hasyidan/venv/lib/python3.8/site-packages/airflow/example_dags/example_python_operator.py
[2024-10-09T11:20:04.774+0700] {logging_mixin.py:149} INFO - [2024-10-09T11:20:04.774+0700] {taskmixin.py:211} WARNING - Dependency <Task(_PythonDecoratedOperator): print_the_context>, log_sql_query already registered for DAG: example_python_operator
[2024-10-09T11:20:04.775+0700] {logging_mixin.py:149} INFO - [2024-10-09T11:20:04.775+0700] {taskmixin.py:211} WARNING - Dependency <Task(_PythonDecoratedOperator): log_sql_query>, print_the_context already registered for DAG: example_python_operator
[2024-10-09T11:20:04.777+0700] {logging_mixin.py:149} INFO - [2024-10-09T11:20:04.777+0700] {taskmixin.py:211} WARNING - Dependency <Task(_PythonDecoratedOperator): print_the_context>, log_sql_query already registered for DAG: example_python_operator
[2024-10-09T11:20:04.778+0700] {logging_mixin.py:149} INFO - [2024-10-09T11:20:04.777+0700] {taskmixin.py:211} WARNING - Dependency <Task(_PythonDecoratedOperator): log_sql_query>, print_the_context already registered for DAG: example_python_operator
[2024-10-09T11:20:04.782+0700] {logging_mixin.py:149} INFO - [2024-10-09T11:20:04.782+0700] {taskmixin.py:211} WARNING - Dependency <Task(_PythonDecoratedOperator): print_the_context>, log_sql_query already registered for DAG: example_python_operator
[2024-10-09T11:20:04.783+0700] {logging_mixin.py:149} INFO - [2024-10-09T11:20:04.783+0700] {taskmixin.py:211} WARNING - Dependency <Task(_PythonDecoratedOperator): log_sql_query>, print_the_context already registered for DAG: example_python_operator
[2024-10-09T11:20:04.785+0700] {logging_mixin.py:149} INFO - [2024-10-09T11:20:04.785+0700] {taskmixin.py:211} WARNING - Dependency <Task(_PythonDecoratedOperator): print_the_context>, log_sql_query already registered for DAG: example_python_operator
[2024-10-09T11:20:04.786+0700] {logging_mixin.py:149} INFO - [2024-10-09T11:20:04.786+0700] {taskmixin.py:211} WARNING - Dependency <Task(_PythonDecoratedOperator): log_sql_query>, print_the_context already registered for DAG: example_python_operator
[2024-10-09T11:20:04.788+0700] {logging_mixin.py:149} INFO - [2024-10-09T11:20:04.788+0700] {example_python_operator.py:90} WARNING - The virtalenv_python example task requires virtualenv, please install it.
[2024-10-09T11:20:04.790+0700] {processor.py:836} INFO - DAG(s) dict_keys(['example_python_operator']) retrieved from /home/hasyidan/venv/lib/python3.8/site-packages/airflow/example_dags/example_python_operator.py
[2024-10-09T11:20:04.871+0700] {logging_mixin.py:149} INFO - [2024-10-09T11:20:04.871+0700] {dag.py:2726} INFO - Sync 1 DAGs
[2024-10-09T11:20:04.957+0700] {logging_mixin.py:149} INFO - [2024-10-09T11:20:04.957+0700] {dag.py:3486} INFO - Setting next_dagrun for example_python_operator to None, run_after=None
[2024-10-09T11:20:05.104+0700] {processor.py:179} INFO - Processing /home/hasyidan/venv/lib/python3.8/site-packages/airflow/example_dags/example_python_operator.py took 0.385 seconds
[2024-10-09T11:21:11.695+0700] {processor.py:157} INFO - Started process (PID=5620) to work on /home/hasyidan/venv/lib/python3.8/site-packages/airflow/example_dags/example_python_operator.py
[2024-10-09T11:21:11.730+0700] {processor.py:826} INFO - Processing file /home/hasyidan/venv/lib/python3.8/site-packages/airflow/example_dags/example_python_operator.py for tasks to queue
[2024-10-09T11:21:11.732+0700] {logging_mixin.py:149} INFO - [2024-10-09T11:21:11.731+0700] {dagbag.py:541} INFO - Filling up the DagBag from /home/hasyidan/venv/lib/python3.8/site-packages/airflow/example_dags/example_python_operator.py
[2024-10-09T11:21:11.783+0700] {logging_mixin.py:149} INFO - [2024-10-09T11:21:11.782+0700] {taskmixin.py:211} WARNING - Dependency <Task(_PythonDecoratedOperator): print_the_context>, log_sql_query already registered for DAG: example_python_operator
[2024-10-09T11:21:11.785+0700] {logging_mixin.py:149} INFO - [2024-10-09T11:21:11.783+0700] {taskmixin.py:211} WARNING - Dependency <Task(_PythonDecoratedOperator): log_sql_query>, print_the_context already registered for DAG: example_python_operator
[2024-10-09T11:21:11.787+0700] {logging_mixin.py:149} INFO - [2024-10-09T11:21:11.786+0700] {taskmixin.py:211} WARNING - Dependency <Task(_PythonDecoratedOperator): print_the_context>, log_sql_query already registered for DAG: example_python_operator
[2024-10-09T11:21:11.787+0700] {logging_mixin.py:149} INFO - [2024-10-09T11:21:11.787+0700] {taskmixin.py:211} WARNING - Dependency <Task(_PythonDecoratedOperator): log_sql_query>, print_the_context already registered for DAG: example_python_operator
[2024-10-09T11:21:11.793+0700] {logging_mixin.py:149} INFO - [2024-10-09T11:21:11.792+0700] {taskmixin.py:211} WARNING - Dependency <Task(_PythonDecoratedOperator): print_the_context>, log_sql_query already registered for DAG: example_python_operator
[2024-10-09T11:21:11.794+0700] {logging_mixin.py:149} INFO - [2024-10-09T11:21:11.793+0700] {taskmixin.py:211} WARNING - Dependency <Task(_PythonDecoratedOperator): log_sql_query>, print_the_context already registered for DAG: example_python_operator
[2024-10-09T11:21:11.795+0700] {logging_mixin.py:149} INFO - [2024-10-09T11:21:11.795+0700] {taskmixin.py:211} WARNING - Dependency <Task(_PythonDecoratedOperator): print_the_context>, log_sql_query already registered for DAG: example_python_operator
[2024-10-09T11:21:11.796+0700] {logging_mixin.py:149} INFO - [2024-10-09T11:21:11.796+0700] {taskmixin.py:211} WARNING - Dependency <Task(_PythonDecoratedOperator): log_sql_query>, print_the_context already registered for DAG: example_python_operator
[2024-10-09T11:21:11.797+0700] {logging_mixin.py:149} INFO - [2024-10-09T11:21:11.797+0700] {example_python_operator.py:90} WARNING - The virtalenv_python example task requires virtualenv, please install it.
[2024-10-09T11:21:11.798+0700] {processor.py:836} INFO - DAG(s) dict_keys(['example_python_operator']) retrieved from /home/hasyidan/venv/lib/python3.8/site-packages/airflow/example_dags/example_python_operator.py
[2024-10-09T11:21:11.880+0700] {logging_mixin.py:149} INFO - [2024-10-09T11:21:11.879+0700] {dag.py:2726} INFO - Sync 1 DAGs
[2024-10-09T11:21:11.955+0700] {logging_mixin.py:149} INFO - [2024-10-09T11:21:11.955+0700] {dag.py:3486} INFO - Setting next_dagrun for example_python_operator to None, run_after=None
[2024-10-09T11:21:12.099+0700] {processor.py:179} INFO - Processing /home/hasyidan/venv/lib/python3.8/site-packages/airflow/example_dags/example_python_operator.py took 0.415 seconds
[2024-10-09T11:22:17.240+0700] {processor.py:157} INFO - Started process (PID=5684) to work on /home/hasyidan/venv/lib/python3.8/site-packages/airflow/example_dags/example_python_operator.py
[2024-10-09T11:22:17.300+0700] {processor.py:826} INFO - Processing file /home/hasyidan/venv/lib/python3.8/site-packages/airflow/example_dags/example_python_operator.py for tasks to queue
[2024-10-09T11:22:17.302+0700] {logging_mixin.py:149} INFO - [2024-10-09T11:22:17.302+0700] {dagbag.py:541} INFO - Filling up the DagBag from /home/hasyidan/venv/lib/python3.8/site-packages/airflow/example_dags/example_python_operator.py
[2024-10-09T11:22:17.332+0700] {logging_mixin.py:149} INFO - [2024-10-09T11:22:17.331+0700] {taskmixin.py:211} WARNING - Dependency <Task(_PythonDecoratedOperator): print_the_context>, log_sql_query already registered for DAG: example_python_operator
[2024-10-09T11:22:17.333+0700] {logging_mixin.py:149} INFO - [2024-10-09T11:22:17.332+0700] {taskmixin.py:211} WARNING - Dependency <Task(_PythonDecoratedOperator): log_sql_query>, print_the_context already registered for DAG: example_python_operator
[2024-10-09T11:22:17.335+0700] {logging_mixin.py:149} INFO - [2024-10-09T11:22:17.334+0700] {taskmixin.py:211} WARNING - Dependency <Task(_PythonDecoratedOperator): print_the_context>, log_sql_query already registered for DAG: example_python_operator
[2024-10-09T11:22:17.336+0700] {logging_mixin.py:149} INFO - [2024-10-09T11:22:17.335+0700] {taskmixin.py:211} WARNING - Dependency <Task(_PythonDecoratedOperator): log_sql_query>, print_the_context already registered for DAG: example_python_operator
[2024-10-09T11:22:17.340+0700] {logging_mixin.py:149} INFO - [2024-10-09T11:22:17.339+0700] {taskmixin.py:211} WARNING - Dependency <Task(_PythonDecoratedOperator): print_the_context>, log_sql_query already registered for DAG: example_python_operator
[2024-10-09T11:22:17.341+0700] {logging_mixin.py:149} INFO - [2024-10-09T11:22:17.340+0700] {taskmixin.py:211} WARNING - Dependency <Task(_PythonDecoratedOperator): log_sql_query>, print_the_context already registered for DAG: example_python_operator
[2024-10-09T11:22:17.348+0700] {logging_mixin.py:149} INFO - [2024-10-09T11:22:17.348+0700] {taskmixin.py:211} WARNING - Dependency <Task(_PythonDecoratedOperator): print_the_context>, log_sql_query already registered for DAG: example_python_operator
[2024-10-09T11:22:17.349+0700] {logging_mixin.py:149} INFO - [2024-10-09T11:22:17.348+0700] {taskmixin.py:211} WARNING - Dependency <Task(_PythonDecoratedOperator): log_sql_query>, print_the_context already registered for DAG: example_python_operator
[2024-10-09T11:22:17.350+0700] {logging_mixin.py:149} INFO - [2024-10-09T11:22:17.349+0700] {example_python_operator.py:90} WARNING - The virtalenv_python example task requires virtualenv, please install it.
[2024-10-09T11:22:17.352+0700] {processor.py:836} INFO - DAG(s) dict_keys(['example_python_operator']) retrieved from /home/hasyidan/venv/lib/python3.8/site-packages/airflow/example_dags/example_python_operator.py
[2024-10-09T11:22:17.431+0700] {logging_mixin.py:149} INFO - [2024-10-09T11:22:17.427+0700] {dag.py:2726} INFO - Sync 1 DAGs
[2024-10-09T11:22:17.519+0700] {logging_mixin.py:149} INFO - [2024-10-09T11:22:17.519+0700] {dag.py:3486} INFO - Setting next_dagrun for example_python_operator to None, run_after=None
[2024-10-09T11:22:17.658+0700] {processor.py:179} INFO - Processing /home/hasyidan/venv/lib/python3.8/site-packages/airflow/example_dags/example_python_operator.py took 0.427 seconds
[2024-10-09T11:23:20.177+0700] {processor.py:157} INFO - Started process (PID=5747) to work on /home/hasyidan/venv/lib/python3.8/site-packages/airflow/example_dags/example_python_operator.py
[2024-10-09T11:23:20.233+0700] {processor.py:826} INFO - Processing file /home/hasyidan/venv/lib/python3.8/site-packages/airflow/example_dags/example_python_operator.py for tasks to queue
[2024-10-09T11:23:20.235+0700] {logging_mixin.py:149} INFO - [2024-10-09T11:23:20.234+0700] {dagbag.py:541} INFO - Filling up the DagBag from /home/hasyidan/venv/lib/python3.8/site-packages/airflow/example_dags/example_python_operator.py
[2024-10-09T11:23:20.251+0700] {logging_mixin.py:149} INFO - [2024-10-09T11:23:20.251+0700] {taskmixin.py:211} WARNING - Dependency <Task(_PythonDecoratedOperator): print_the_context>, log_sql_query already registered for DAG: example_python_operator
[2024-10-09T11:23:20.252+0700] {logging_mixin.py:149} INFO - [2024-10-09T11:23:20.252+0700] {taskmixin.py:211} WARNING - Dependency <Task(_PythonDecoratedOperator): log_sql_query>, print_the_context already registered for DAG: example_python_operator
[2024-10-09T11:23:20.254+0700] {logging_mixin.py:149} INFO - [2024-10-09T11:23:20.254+0700] {taskmixin.py:211} WARNING - Dependency <Task(_PythonDecoratedOperator): print_the_context>, log_sql_query already registered for DAG: example_python_operator
[2024-10-09T11:23:20.255+0700] {logging_mixin.py:149} INFO - [2024-10-09T11:23:20.255+0700] {taskmixin.py:211} WARNING - Dependency <Task(_PythonDecoratedOperator): log_sql_query>, print_the_context already registered for DAG: example_python_operator
[2024-10-09T11:23:20.257+0700] {logging_mixin.py:149} INFO - [2024-10-09T11:23:20.257+0700] {taskmixin.py:211} WARNING - Dependency <Task(_PythonDecoratedOperator): print_the_context>, log_sql_query already registered for DAG: example_python_operator
[2024-10-09T11:23:20.261+0700] {logging_mixin.py:149} INFO - [2024-10-09T11:23:20.258+0700] {taskmixin.py:211} WARNING - Dependency <Task(_PythonDecoratedOperator): log_sql_query>, print_the_context already registered for DAG: example_python_operator
[2024-10-09T11:23:20.263+0700] {logging_mixin.py:149} INFO - [2024-10-09T11:23:20.263+0700] {taskmixin.py:211} WARNING - Dependency <Task(_PythonDecoratedOperator): print_the_context>, log_sql_query already registered for DAG: example_python_operator
[2024-10-09T11:23:20.263+0700] {logging_mixin.py:149} INFO - [2024-10-09T11:23:20.263+0700] {taskmixin.py:211} WARNING - Dependency <Task(_PythonDecoratedOperator): log_sql_query>, print_the_context already registered for DAG: example_python_operator
[2024-10-09T11:23:20.265+0700] {logging_mixin.py:149} INFO - [2024-10-09T11:23:20.264+0700] {example_python_operator.py:90} WARNING - The virtalenv_python example task requires virtualenv, please install it.
[2024-10-09T11:23:20.266+0700] {processor.py:836} INFO - DAG(s) dict_keys(['example_python_operator']) retrieved from /home/hasyidan/venv/lib/python3.8/site-packages/airflow/example_dags/example_python_operator.py
[2024-10-09T11:23:20.321+0700] {logging_mixin.py:149} INFO - [2024-10-09T11:23:20.321+0700] {dag.py:2726} INFO - Sync 1 DAGs
[2024-10-09T11:23:20.404+0700] {logging_mixin.py:149} INFO - [2024-10-09T11:23:20.404+0700] {dag.py:3486} INFO - Setting next_dagrun for example_python_operator to None, run_after=None
[2024-10-09T11:23:20.633+0700] {processor.py:179} INFO - Processing /home/hasyidan/venv/lib/python3.8/site-packages/airflow/example_dags/example_python_operator.py took 0.465 seconds
[2024-10-09T11:24:26.947+0700] {processor.py:157} INFO - Started process (PID=5812) to work on /home/hasyidan/venv/lib/python3.8/site-packages/airflow/example_dags/example_python_operator.py
[2024-10-09T11:24:26.984+0700] {processor.py:826} INFO - Processing file /home/hasyidan/venv/lib/python3.8/site-packages/airflow/example_dags/example_python_operator.py for tasks to queue
[2024-10-09T11:24:26.986+0700] {logging_mixin.py:149} INFO - [2024-10-09T11:24:26.986+0700] {dagbag.py:541} INFO - Filling up the DagBag from /home/hasyidan/venv/lib/python3.8/site-packages/airflow/example_dags/example_python_operator.py
[2024-10-09T11:24:27.005+0700] {logging_mixin.py:149} INFO - [2024-10-09T11:24:27.005+0700] {taskmixin.py:211} WARNING - Dependency <Task(_PythonDecoratedOperator): print_the_context>, log_sql_query already registered for DAG: example_python_operator
[2024-10-09T11:24:27.006+0700] {logging_mixin.py:149} INFO - [2024-10-09T11:24:27.005+0700] {taskmixin.py:211} WARNING - Dependency <Task(_PythonDecoratedOperator): log_sql_query>, print_the_context already registered for DAG: example_python_operator
[2024-10-09T11:24:27.008+0700] {logging_mixin.py:149} INFO - [2024-10-09T11:24:27.007+0700] {taskmixin.py:211} WARNING - Dependency <Task(_PythonDecoratedOperator): print_the_context>, log_sql_query already registered for DAG: example_python_operator
[2024-10-09T11:24:27.009+0700] {logging_mixin.py:149} INFO - [2024-10-09T11:24:27.008+0700] {taskmixin.py:211} WARNING - Dependency <Task(_PythonDecoratedOperator): log_sql_query>, print_the_context already registered for DAG: example_python_operator
[2024-10-09T11:24:27.011+0700] {logging_mixin.py:149} INFO - [2024-10-09T11:24:27.010+0700] {taskmixin.py:211} WARNING - Dependency <Task(_PythonDecoratedOperator): print_the_context>, log_sql_query already registered for DAG: example_python_operator
[2024-10-09T11:24:27.012+0700] {logging_mixin.py:149} INFO - [2024-10-09T11:24:27.011+0700] {taskmixin.py:211} WARNING - Dependency <Task(_PythonDecoratedOperator): log_sql_query>, print_the_context already registered for DAG: example_python_operator
[2024-10-09T11:24:27.013+0700] {logging_mixin.py:149} INFO - [2024-10-09T11:24:27.013+0700] {taskmixin.py:211} WARNING - Dependency <Task(_PythonDecoratedOperator): print_the_context>, log_sql_query already registered for DAG: example_python_operator
[2024-10-09T11:24:27.014+0700] {logging_mixin.py:149} INFO - [2024-10-09T11:24:27.014+0700] {taskmixin.py:211} WARNING - Dependency <Task(_PythonDecoratedOperator): log_sql_query>, print_the_context already registered for DAG: example_python_operator
[2024-10-09T11:24:27.016+0700] {logging_mixin.py:149} INFO - [2024-10-09T11:24:27.015+0700] {example_python_operator.py:90} WARNING - The virtalenv_python example task requires virtualenv, please install it.
[2024-10-09T11:24:27.017+0700] {processor.py:836} INFO - DAG(s) dict_keys(['example_python_operator']) retrieved from /home/hasyidan/venv/lib/python3.8/site-packages/airflow/example_dags/example_python_operator.py
[2024-10-09T11:24:27.070+0700] {logging_mixin.py:149} INFO - [2024-10-09T11:24:27.070+0700] {dag.py:2726} INFO - Sync 1 DAGs
[2024-10-09T11:24:27.136+0700] {logging_mixin.py:149} INFO - [2024-10-09T11:24:27.135+0700] {dag.py:3486} INFO - Setting next_dagrun for example_python_operator to None, run_after=None
[2024-10-09T11:24:27.270+0700] {processor.py:179} INFO - Processing /home/hasyidan/venv/lib/python3.8/site-packages/airflow/example_dags/example_python_operator.py took 0.332 seconds
[2024-10-09T11:25:35.368+0700] {processor.py:157} INFO - Started process (PID=5892) to work on /home/hasyidan/venv/lib/python3.8/site-packages/airflow/example_dags/example_python_operator.py
[2024-10-09T11:25:35.384+0700] {processor.py:826} INFO - Processing file /home/hasyidan/venv/lib/python3.8/site-packages/airflow/example_dags/example_python_operator.py for tasks to queue
[2024-10-09T11:25:35.389+0700] {logging_mixin.py:149} INFO - [2024-10-09T11:25:35.388+0700] {dagbag.py:541} INFO - Filling up the DagBag from /home/hasyidan/venv/lib/python3.8/site-packages/airflow/example_dags/example_python_operator.py
[2024-10-09T11:25:35.446+0700] {logging_mixin.py:149} INFO - [2024-10-09T11:25:35.446+0700] {taskmixin.py:211} WARNING - Dependency <Task(_PythonDecoratedOperator): print_the_context>, log_sql_query already registered for DAG: example_python_operator
[2024-10-09T11:25:35.447+0700] {logging_mixin.py:149} INFO - [2024-10-09T11:25:35.447+0700] {taskmixin.py:211} WARNING - Dependency <Task(_PythonDecoratedOperator): log_sql_query>, print_the_context already registered for DAG: example_python_operator
[2024-10-09T11:25:35.449+0700] {logging_mixin.py:149} INFO - [2024-10-09T11:25:35.449+0700] {taskmixin.py:211} WARNING - Dependency <Task(_PythonDecoratedOperator): print_the_context>, log_sql_query already registered for DAG: example_python_operator
[2024-10-09T11:25:35.449+0700] {logging_mixin.py:149} INFO - [2024-10-09T11:25:35.449+0700] {taskmixin.py:211} WARNING - Dependency <Task(_PythonDecoratedOperator): log_sql_query>, print_the_context already registered for DAG: example_python_operator
[2024-10-09T11:25:35.451+0700] {logging_mixin.py:149} INFO - [2024-10-09T11:25:35.451+0700] {taskmixin.py:211} WARNING - Dependency <Task(_PythonDecoratedOperator): print_the_context>, log_sql_query already registered for DAG: example_python_operator
[2024-10-09T11:25:35.452+0700] {logging_mixin.py:149} INFO - [2024-10-09T11:25:35.452+0700] {taskmixin.py:211} WARNING - Dependency <Task(_PythonDecoratedOperator): log_sql_query>, print_the_context already registered for DAG: example_python_operator
[2024-10-09T11:25:35.454+0700] {logging_mixin.py:149} INFO - [2024-10-09T11:25:35.454+0700] {taskmixin.py:211} WARNING - Dependency <Task(_PythonDecoratedOperator): print_the_context>, log_sql_query already registered for DAG: example_python_operator
[2024-10-09T11:25:35.455+0700] {logging_mixin.py:149} INFO - [2024-10-09T11:25:35.455+0700] {taskmixin.py:211} WARNING - Dependency <Task(_PythonDecoratedOperator): log_sql_query>, print_the_context already registered for DAG: example_python_operator
[2024-10-09T11:25:35.457+0700] {logging_mixin.py:149} INFO - [2024-10-09T11:25:35.457+0700] {example_python_operator.py:90} WARNING - The virtalenv_python example task requires virtualenv, please install it.
[2024-10-09T11:25:35.458+0700] {processor.py:836} INFO - DAG(s) dict_keys(['example_python_operator']) retrieved from /home/hasyidan/venv/lib/python3.8/site-packages/airflow/example_dags/example_python_operator.py
[2024-10-09T11:25:35.534+0700] {logging_mixin.py:149} INFO - [2024-10-09T11:25:35.533+0700] {dag.py:2726} INFO - Sync 1 DAGs
[2024-10-09T11:25:35.611+0700] {logging_mixin.py:149} INFO - [2024-10-09T11:25:35.609+0700] {dag.py:3486} INFO - Setting next_dagrun for example_python_operator to None, run_after=None
[2024-10-09T11:25:35.757+0700] {processor.py:179} INFO - Processing /home/hasyidan/venv/lib/python3.8/site-packages/airflow/example_dags/example_python_operator.py took 0.399 seconds
[2024-10-09T11:28:10.568+0700] {processor.py:157} INFO - Started process (PID=5995) to work on /home/hasyidan/venv/lib/python3.8/site-packages/airflow/example_dags/example_python_operator.py
[2024-10-09T11:28:10.603+0700] {processor.py:826} INFO - Processing file /home/hasyidan/venv/lib/python3.8/site-packages/airflow/example_dags/example_python_operator.py for tasks to queue
[2024-10-09T11:28:10.606+0700] {logging_mixin.py:149} INFO - [2024-10-09T11:28:10.605+0700] {dagbag.py:541} INFO - Filling up the DagBag from /home/hasyidan/venv/lib/python3.8/site-packages/airflow/example_dags/example_python_operator.py
[2024-10-09T11:28:10.674+0700] {logging_mixin.py:149} INFO - [2024-10-09T11:28:10.673+0700] {taskmixin.py:211} WARNING - Dependency <Task(_PythonDecoratedOperator): print_the_context>, log_sql_query already registered for DAG: example_python_operator
[2024-10-09T11:28:10.675+0700] {logging_mixin.py:149} INFO - [2024-10-09T11:28:10.674+0700] {taskmixin.py:211} WARNING - Dependency <Task(_PythonDecoratedOperator): log_sql_query>, print_the_context already registered for DAG: example_python_operator
[2024-10-09T11:28:10.677+0700] {logging_mixin.py:149} INFO - [2024-10-09T11:28:10.677+0700] {taskmixin.py:211} WARNING - Dependency <Task(_PythonDecoratedOperator): print_the_context>, log_sql_query already registered for DAG: example_python_operator
[2024-10-09T11:28:10.678+0700] {logging_mixin.py:149} INFO - [2024-10-09T11:28:10.677+0700] {taskmixin.py:211} WARNING - Dependency <Task(_PythonDecoratedOperator): log_sql_query>, print_the_context already registered for DAG: example_python_operator
[2024-10-09T11:28:10.681+0700] {logging_mixin.py:149} INFO - [2024-10-09T11:28:10.681+0700] {taskmixin.py:211} WARNING - Dependency <Task(_PythonDecoratedOperator): print_the_context>, log_sql_query already registered for DAG: example_python_operator
[2024-10-09T11:28:10.682+0700] {logging_mixin.py:149} INFO - [2024-10-09T11:28:10.681+0700] {taskmixin.py:211} WARNING - Dependency <Task(_PythonDecoratedOperator): log_sql_query>, print_the_context already registered for DAG: example_python_operator
[2024-10-09T11:28:10.689+0700] {logging_mixin.py:149} INFO - [2024-10-09T11:28:10.688+0700] {taskmixin.py:211} WARNING - Dependency <Task(_PythonDecoratedOperator): print_the_context>, log_sql_query already registered for DAG: example_python_operator
[2024-10-09T11:28:10.689+0700] {logging_mixin.py:149} INFO - [2024-10-09T11:28:10.689+0700] {taskmixin.py:211} WARNING - Dependency <Task(_PythonDecoratedOperator): log_sql_query>, print_the_context already registered for DAG: example_python_operator
[2024-10-09T11:28:10.690+0700] {logging_mixin.py:149} INFO - [2024-10-09T11:28:10.690+0700] {example_python_operator.py:90} WARNING - The virtalenv_python example task requires virtualenv, please install it.
[2024-10-09T11:28:10.691+0700] {processor.py:836} INFO - DAG(s) dict_keys(['example_python_operator']) retrieved from /home/hasyidan/venv/lib/python3.8/site-packages/airflow/example_dags/example_python_operator.py
[2024-10-09T11:28:10.859+0700] {logging_mixin.py:149} INFO - [2024-10-09T11:28:10.859+0700] {dag.py:2726} INFO - Sync 1 DAGs
[2024-10-09T11:28:12.424+0700] {logging_mixin.py:149} INFO - [2024-10-09T11:28:12.423+0700] {dag.py:3486} INFO - Setting next_dagrun for example_python_operator to None, run_after=None
[2024-10-09T11:28:15.895+0700] {processor.py:179} INFO - Processing /home/hasyidan/venv/lib/python3.8/site-packages/airflow/example_dags/example_python_operator.py took 5.335 seconds
[2024-10-09T11:29:49.539+0700] {processor.py:157} INFO - Started process (PID=6064) to work on /home/hasyidan/venv/lib/python3.8/site-packages/airflow/example_dags/example_python_operator.py
[2024-10-09T11:29:49.621+0700] {processor.py:826} INFO - Processing file /home/hasyidan/venv/lib/python3.8/site-packages/airflow/example_dags/example_python_operator.py for tasks to queue
[2024-10-09T11:29:49.623+0700] {logging_mixin.py:149} INFO - [2024-10-09T11:29:49.623+0700] {dagbag.py:541} INFO - Filling up the DagBag from /home/hasyidan/venv/lib/python3.8/site-packages/airflow/example_dags/example_python_operator.py
[2024-10-09T11:29:49.760+0700] {logging_mixin.py:149} INFO - [2024-10-09T11:29:49.759+0700] {taskmixin.py:211} WARNING - Dependency <Task(_PythonDecoratedOperator): print_the_context>, log_sql_query already registered for DAG: example_python_operator
[2024-10-09T11:29:49.760+0700] {logging_mixin.py:149} INFO - [2024-10-09T11:29:49.760+0700] {taskmixin.py:211} WARNING - Dependency <Task(_PythonDecoratedOperator): log_sql_query>, print_the_context already registered for DAG: example_python_operator
[2024-10-09T11:29:49.762+0700] {logging_mixin.py:149} INFO - [2024-10-09T11:29:49.762+0700] {taskmixin.py:211} WARNING - Dependency <Task(_PythonDecoratedOperator): print_the_context>, log_sql_query already registered for DAG: example_python_operator
[2024-10-09T11:29:49.763+0700] {logging_mixin.py:149} INFO - [2024-10-09T11:29:49.763+0700] {taskmixin.py:211} WARNING - Dependency <Task(_PythonDecoratedOperator): log_sql_query>, print_the_context already registered for DAG: example_python_operator
[2024-10-09T11:29:49.766+0700] {logging_mixin.py:149} INFO - [2024-10-09T11:29:49.766+0700] {taskmixin.py:211} WARNING - Dependency <Task(_PythonDecoratedOperator): print_the_context>, log_sql_query already registered for DAG: example_python_operator
[2024-10-09T11:29:49.767+0700] {logging_mixin.py:149} INFO - [2024-10-09T11:29:49.767+0700] {taskmixin.py:211} WARNING - Dependency <Task(_PythonDecoratedOperator): log_sql_query>, print_the_context already registered for DAG: example_python_operator
[2024-10-09T11:29:49.770+0700] {logging_mixin.py:149} INFO - [2024-10-09T11:29:49.769+0700] {taskmixin.py:211} WARNING - Dependency <Task(_PythonDecoratedOperator): print_the_context>, log_sql_query already registered for DAG: example_python_operator
[2024-10-09T11:29:49.770+0700] {logging_mixin.py:149} INFO - [2024-10-09T11:29:49.770+0700] {taskmixin.py:211} WARNING - Dependency <Task(_PythonDecoratedOperator): log_sql_query>, print_the_context already registered for DAG: example_python_operator
[2024-10-09T11:29:49.935+0700] {logging_mixin.py:149} INFO - [2024-10-09T11:29:49.935+0700] {example_python_operator.py:90} WARNING - The virtalenv_python example task requires virtualenv, please install it.
[2024-10-09T11:29:49.937+0700] {processor.py:836} INFO - DAG(s) dict_keys(['example_python_operator']) retrieved from /home/hasyidan/venv/lib/python3.8/site-packages/airflow/example_dags/example_python_operator.py
[2024-10-09T11:29:50.125+0700] {logging_mixin.py:149} INFO - [2024-10-09T11:29:50.124+0700] {dag.py:2726} INFO - Sync 1 DAGs
[2024-10-09T11:29:50.489+0700] {logging_mixin.py:149} INFO - [2024-10-09T11:29:50.487+0700] {dag.py:3486} INFO - Setting next_dagrun for example_python_operator to None, run_after=None
[2024-10-09T11:29:50.978+0700] {processor.py:179} INFO - Processing /home/hasyidan/venv/lib/python3.8/site-packages/airflow/example_dags/example_python_operator.py took 1.455 seconds
[2024-10-09T11:34:38.012+0700] {processor.py:157} INFO - Started process (PID=6541) to work on /home/hasyidan/venv/lib/python3.8/site-packages/airflow/example_dags/example_python_operator.py
[2024-10-09T11:34:38.029+0700] {processor.py:826} INFO - Processing file /home/hasyidan/venv/lib/python3.8/site-packages/airflow/example_dags/example_python_operator.py for tasks to queue
[2024-10-09T11:34:38.032+0700] {logging_mixin.py:149} INFO - [2024-10-09T11:34:38.031+0700] {dagbag.py:541} INFO - Filling up the DagBag from /home/hasyidan/venv/lib/python3.8/site-packages/airflow/example_dags/example_python_operator.py
[2024-10-09T11:34:38.091+0700] {logging_mixin.py:149} INFO - [2024-10-09T11:34:38.090+0700] {taskmixin.py:211} WARNING - Dependency <Task(_PythonDecoratedOperator): print_the_context>, log_sql_query already registered for DAG: example_python_operator
[2024-10-09T11:34:38.091+0700] {logging_mixin.py:149} INFO - [2024-10-09T11:34:38.091+0700] {taskmixin.py:211} WARNING - Dependency <Task(_PythonDecoratedOperator): log_sql_query>, print_the_context already registered for DAG: example_python_operator
[2024-10-09T11:34:38.093+0700] {logging_mixin.py:149} INFO - [2024-10-09T11:34:38.093+0700] {taskmixin.py:211} WARNING - Dependency <Task(_PythonDecoratedOperator): print_the_context>, log_sql_query already registered for DAG: example_python_operator
[2024-10-09T11:34:38.094+0700] {logging_mixin.py:149} INFO - [2024-10-09T11:34:38.094+0700] {taskmixin.py:211} WARNING - Dependency <Task(_PythonDecoratedOperator): log_sql_query>, print_the_context already registered for DAG: example_python_operator
[2024-10-09T11:34:38.096+0700] {logging_mixin.py:149} INFO - [2024-10-09T11:34:38.096+0700] {taskmixin.py:211} WARNING - Dependency <Task(_PythonDecoratedOperator): print_the_context>, log_sql_query already registered for DAG: example_python_operator
[2024-10-09T11:34:38.097+0700] {logging_mixin.py:149} INFO - [2024-10-09T11:34:38.096+0700] {taskmixin.py:211} WARNING - Dependency <Task(_PythonDecoratedOperator): log_sql_query>, print_the_context already registered for DAG: example_python_operator
[2024-10-09T11:34:38.098+0700] {logging_mixin.py:149} INFO - [2024-10-09T11:34:38.098+0700] {taskmixin.py:211} WARNING - Dependency <Task(_PythonDecoratedOperator): print_the_context>, log_sql_query already registered for DAG: example_python_operator
[2024-10-09T11:34:38.099+0700] {logging_mixin.py:149} INFO - [2024-10-09T11:34:38.099+0700] {taskmixin.py:211} WARNING - Dependency <Task(_PythonDecoratedOperator): log_sql_query>, print_the_context already registered for DAG: example_python_operator
[2024-10-09T11:34:38.100+0700] {logging_mixin.py:149} INFO - [2024-10-09T11:34:38.099+0700] {example_python_operator.py:90} WARNING - The virtalenv_python example task requires virtualenv, please install it.
[2024-10-09T11:34:38.101+0700] {processor.py:836} INFO - DAG(s) dict_keys(['example_python_operator']) retrieved from /home/hasyidan/venv/lib/python3.8/site-packages/airflow/example_dags/example_python_operator.py
[2024-10-09T11:34:38.140+0700] {logging_mixin.py:149} INFO - [2024-10-09T11:34:38.140+0700] {dag.py:2726} INFO - Sync 1 DAGs
[2024-10-09T11:34:38.186+0700] {logging_mixin.py:149} INFO - [2024-10-09T11:34:38.185+0700] {dag.py:3486} INFO - Setting next_dagrun for example_python_operator to None, run_after=None
[2024-10-09T11:34:38.319+0700] {processor.py:179} INFO - Processing /home/hasyidan/venv/lib/python3.8/site-packages/airflow/example_dags/example_python_operator.py took 0.313 seconds
[2024-10-09T11:36:42.052+0700] {processor.py:157} INFO - Started process (PID=6668) to work on /home/hasyidan/venv/lib/python3.8/site-packages/airflow/example_dags/example_python_operator.py
[2024-10-09T11:36:42.173+0700] {processor.py:826} INFO - Processing file /home/hasyidan/venv/lib/python3.8/site-packages/airflow/example_dags/example_python_operator.py for tasks to queue
[2024-10-09T11:36:42.197+0700] {logging_mixin.py:149} INFO - [2024-10-09T11:36:42.196+0700] {dagbag.py:541} INFO - Filling up the DagBag from /home/hasyidan/venv/lib/python3.8/site-packages/airflow/example_dags/example_python_operator.py
[2024-10-09T11:36:42.495+0700] {logging_mixin.py:149} INFO - [2024-10-09T11:36:42.476+0700] {taskmixin.py:211} WARNING - Dependency <Task(_PythonDecoratedOperator): print_the_context>, log_sql_query already registered for DAG: example_python_operator
[2024-10-09T11:36:42.496+0700] {logging_mixin.py:149} INFO - [2024-10-09T11:36:42.495+0700] {taskmixin.py:211} WARNING - Dependency <Task(_PythonDecoratedOperator): log_sql_query>, print_the_context already registered for DAG: example_python_operator
[2024-10-09T11:36:42.499+0700] {logging_mixin.py:149} INFO - [2024-10-09T11:36:42.498+0700] {taskmixin.py:211} WARNING - Dependency <Task(_PythonDecoratedOperator): print_the_context>, log_sql_query already registered for DAG: example_python_operator
[2024-10-09T11:36:42.500+0700] {logging_mixin.py:149} INFO - [2024-10-09T11:36:42.499+0700] {taskmixin.py:211} WARNING - Dependency <Task(_PythonDecoratedOperator): log_sql_query>, print_the_context already registered for DAG: example_python_operator
[2024-10-09T11:36:42.502+0700] {logging_mixin.py:149} INFO - [2024-10-09T11:36:42.502+0700] {taskmixin.py:211} WARNING - Dependency <Task(_PythonDecoratedOperator): print_the_context>, log_sql_query already registered for DAG: example_python_operator
[2024-10-09T11:36:42.503+0700] {logging_mixin.py:149} INFO - [2024-10-09T11:36:42.503+0700] {taskmixin.py:211} WARNING - Dependency <Task(_PythonDecoratedOperator): log_sql_query>, print_the_context already registered for DAG: example_python_operator
[2024-10-09T11:36:42.505+0700] {logging_mixin.py:149} INFO - [2024-10-09T11:36:42.505+0700] {taskmixin.py:211} WARNING - Dependency <Task(_PythonDecoratedOperator): print_the_context>, log_sql_query already registered for DAG: example_python_operator
[2024-10-09T11:36:42.506+0700] {logging_mixin.py:149} INFO - [2024-10-09T11:36:42.505+0700] {taskmixin.py:211} WARNING - Dependency <Task(_PythonDecoratedOperator): log_sql_query>, print_the_context already registered for DAG: example_python_operator
[2024-10-09T11:36:42.507+0700] {logging_mixin.py:149} INFO - [2024-10-09T11:36:42.507+0700] {example_python_operator.py:90} WARNING - The virtalenv_python example task requires virtualenv, please install it.
[2024-10-09T11:36:42.508+0700] {processor.py:836} INFO - DAG(s) dict_keys(['example_python_operator']) retrieved from /home/hasyidan/venv/lib/python3.8/site-packages/airflow/example_dags/example_python_operator.py
[2024-10-09T11:36:42.788+0700] {logging_mixin.py:149} INFO - [2024-10-09T11:36:42.787+0700] {dag.py:2726} INFO - Sync 1 DAGs
[2024-10-09T11:36:42.968+0700] {logging_mixin.py:149} INFO - [2024-10-09T11:36:42.968+0700] {dag.py:3486} INFO - Setting next_dagrun for example_python_operator to None, run_after=None
[2024-10-09T11:36:43.303+0700] {processor.py:179} INFO - Processing /home/hasyidan/venv/lib/python3.8/site-packages/airflow/example_dags/example_python_operator.py took 1.297 seconds
[2024-10-09T11:39:47.241+0700] {processor.py:157} INFO - Started process (PID=6906) to work on /home/hasyidan/venv/lib/python3.8/site-packages/airflow/example_dags/example_python_operator.py
[2024-10-09T11:39:47.361+0700] {processor.py:826} INFO - Processing file /home/hasyidan/venv/lib/python3.8/site-packages/airflow/example_dags/example_python_operator.py for tasks to queue
[2024-10-09T11:39:47.365+0700] {logging_mixin.py:149} INFO - [2024-10-09T11:39:47.363+0700] {dagbag.py:541} INFO - Filling up the DagBag from /home/hasyidan/venv/lib/python3.8/site-packages/airflow/example_dags/example_python_operator.py
[2024-10-09T11:39:48.112+0700] {logging_mixin.py:149} INFO - [2024-10-09T11:39:48.110+0700] {taskmixin.py:211} WARNING - Dependency <Task(_PythonDecoratedOperator): print_the_context>, log_sql_query already registered for DAG: example_python_operator
[2024-10-09T11:39:48.114+0700] {logging_mixin.py:149} INFO - [2024-10-09T11:39:48.113+0700] {taskmixin.py:211} WARNING - Dependency <Task(_PythonDecoratedOperator): log_sql_query>, print_the_context already registered for DAG: example_python_operator
[2024-10-09T11:39:48.115+0700] {logging_mixin.py:149} INFO - [2024-10-09T11:39:48.115+0700] {taskmixin.py:211} WARNING - Dependency <Task(_PythonDecoratedOperator): print_the_context>, log_sql_query already registered for DAG: example_python_operator
[2024-10-09T11:39:48.116+0700] {logging_mixin.py:149} INFO - [2024-10-09T11:39:48.116+0700] {taskmixin.py:211} WARNING - Dependency <Task(_PythonDecoratedOperator): log_sql_query>, print_the_context already registered for DAG: example_python_operator
[2024-10-09T11:39:48.120+0700] {logging_mixin.py:149} INFO - [2024-10-09T11:39:48.119+0700] {taskmixin.py:211} WARNING - Dependency <Task(_PythonDecoratedOperator): print_the_context>, log_sql_query already registered for DAG: example_python_operator
[2024-10-09T11:39:48.121+0700] {logging_mixin.py:149} INFO - [2024-10-09T11:39:48.120+0700] {taskmixin.py:211} WARNING - Dependency <Task(_PythonDecoratedOperator): log_sql_query>, print_the_context already registered for DAG: example_python_operator
[2024-10-09T11:39:48.122+0700] {logging_mixin.py:149} INFO - [2024-10-09T11:39:48.122+0700] {taskmixin.py:211} WARNING - Dependency <Task(_PythonDecoratedOperator): print_the_context>, log_sql_query already registered for DAG: example_python_operator
[2024-10-09T11:39:48.123+0700] {logging_mixin.py:149} INFO - [2024-10-09T11:39:48.123+0700] {taskmixin.py:211} WARNING - Dependency <Task(_PythonDecoratedOperator): log_sql_query>, print_the_context already registered for DAG: example_python_operator
[2024-10-09T11:39:48.742+0700] {logging_mixin.py:149} INFO - [2024-10-09T11:39:48.741+0700] {example_python_operator.py:90} WARNING - The virtalenv_python example task requires virtualenv, please install it.
[2024-10-09T11:39:48.743+0700] {processor.py:836} INFO - DAG(s) dict_keys(['example_python_operator']) retrieved from /home/hasyidan/venv/lib/python3.8/site-packages/airflow/example_dags/example_python_operator.py
[2024-10-09T11:39:49.006+0700] {logging_mixin.py:149} INFO - [2024-10-09T11:39:49.005+0700] {dag.py:2726} INFO - Sync 1 DAGs
[2024-10-09T11:39:49.652+0700] {logging_mixin.py:149} INFO - [2024-10-09T11:39:49.652+0700] {dag.py:3486} INFO - Setting next_dagrun for example_python_operator to None, run_after=None
[2024-10-09T11:39:50.179+0700] {processor.py:179} INFO - Processing /home/hasyidan/venv/lib/python3.8/site-packages/airflow/example_dags/example_python_operator.py took 2.945 seconds
