[2024-10-09T10:58:51.805+0700] {processor.py:157} INFO - Started process (PID=3938) to work on /home/hasyidan/venv/lib/python3.8/site-packages/airflow/example_dags/example_params_ui_tutorial.py
[2024-10-09T10:58:51.807+0700] {processor.py:826} INFO - Processing file /home/hasyidan/venv/lib/python3.8/site-packages/airflow/example_dags/example_params_ui_tutorial.py for tasks to queue
[2024-10-09T10:58:51.810+0700] {logging_mixin.py:149} INFO - [2024-10-09T10:58:51.808+0700] {dagbag.py:541} INFO - Filling up the DagBag from /home/hasyidan/venv/lib/python3.8/site-packages/airflow/example_dags/example_params_ui_tutorial.py
[2024-10-09T10:58:52.034+0700] {processor.py:836} INFO - DAG(s) dict_keys(['example_params_ui_tutorial']) retrieved from /home/hasyidan/venv/lib/python3.8/site-packages/airflow/example_dags/example_params_ui_tutorial.py
[2024-10-09T10:58:52.173+0700] {logging_mixin.py:149} INFO - [2024-10-09T10:58:52.172+0700] {dag.py:2726} INFO - Sync 1 DAGs
[2024-10-09T10:58:53.365+0700] {logging_mixin.py:149} INFO - [2024-10-09T10:58:53.364+0700] {dag.py:3486} INFO - Setting next_dagrun for example_params_ui_tutorial to None, run_after=None
[2024-10-09T10:58:54.025+0700] {processor.py:179} INFO - Processing /home/hasyidan/venv/lib/python3.8/site-packages/airflow/example_dags/example_params_ui_tutorial.py took 2.235 seconds
[2024-10-09T11:00:58.348+0700] {processor.py:157} INFO - Started process (PID=4111) to work on /home/hasyidan/venv/lib/python3.8/site-packages/airflow/example_dags/example_params_ui_tutorial.py
[2024-10-09T11:00:58.416+0700] {processor.py:826} INFO - Processing file /home/hasyidan/venv/lib/python3.8/site-packages/airflow/example_dags/example_params_ui_tutorial.py for tasks to queue
[2024-10-09T11:00:58.419+0700] {logging_mixin.py:149} INFO - [2024-10-09T11:00:58.419+0700] {dagbag.py:541} INFO - Filling up the DagBag from /home/hasyidan/venv/lib/python3.8/site-packages/airflow/example_dags/example_params_ui_tutorial.py
[2024-10-09T11:00:58.739+0700] {processor.py:836} INFO - DAG(s) dict_keys(['example_params_ui_tutorial']) retrieved from /home/hasyidan/venv/lib/python3.8/site-packages/airflow/example_dags/example_params_ui_tutorial.py
[2024-10-09T11:00:59.099+0700] {logging_mixin.py:149} INFO - [2024-10-09T11:00:59.099+0700] {dag.py:2726} INFO - Sync 1 DAGs
[2024-10-09T11:00:59.480+0700] {logging_mixin.py:149} INFO - [2024-10-09T11:00:59.479+0700] {dag.py:3486} INFO - Setting next_dagrun for example_params_ui_tutorial to None, run_after=None
[2024-10-09T11:00:59.777+0700] {processor.py:179} INFO - Processing /home/hasyidan/venv/lib/python3.8/site-packages/airflow/example_dags/example_params_ui_tutorial.py took 1.435 seconds
[2024-10-09T11:02:21.690+0700] {processor.py:157} INFO - Started process (PID=4194) to work on /home/hasyidan/venv/lib/python3.8/site-packages/airflow/example_dags/example_params_ui_tutorial.py
[2024-10-09T11:02:21.780+0700] {processor.py:826} INFO - Processing file /home/hasyidan/venv/lib/python3.8/site-packages/airflow/example_dags/example_params_ui_tutorial.py for tasks to queue
[2024-10-09T11:02:21.782+0700] {logging_mixin.py:149} INFO - [2024-10-09T11:02:21.782+0700] {dagbag.py:541} INFO - Filling up the DagBag from /home/hasyidan/venv/lib/python3.8/site-packages/airflow/example_dags/example_params_ui_tutorial.py
[2024-10-09T11:02:21.880+0700] {processor.py:836} INFO - DAG(s) dict_keys(['example_params_ui_tutorial']) retrieved from /home/hasyidan/venv/lib/python3.8/site-packages/airflow/example_dags/example_params_ui_tutorial.py
[2024-10-09T11:02:22.032+0700] {logging_mixin.py:149} INFO - [2024-10-09T11:02:22.031+0700] {dag.py:2726} INFO - Sync 1 DAGs
[2024-10-09T11:02:22.086+0700] {logging_mixin.py:149} INFO - [2024-10-09T11:02:22.086+0700] {dag.py:3486} INFO - Setting next_dagrun for example_params_ui_tutorial to None, run_after=None
[2024-10-09T11:02:22.322+0700] {processor.py:179} INFO - Processing /home/hasyidan/venv/lib/python3.8/site-packages/airflow/example_dags/example_params_ui_tutorial.py took 0.638 seconds
[2024-10-09T11:03:19.811+0700] {processor.py:157} INFO - Started process (PID=4249) to work on /home/hasyidan/venv/lib/python3.8/site-packages/airflow/example_dags/example_params_ui_tutorial.py
[2024-10-09T11:03:19.837+0700] {processor.py:826} INFO - Processing file /home/hasyidan/venv/lib/python3.8/site-packages/airflow/example_dags/example_params_ui_tutorial.py for tasks to queue
[2024-10-09T11:03:19.840+0700] {logging_mixin.py:149} INFO - [2024-10-09T11:03:19.839+0700] {dagbag.py:541} INFO - Filling up the DagBag from /home/hasyidan/venv/lib/python3.8/site-packages/airflow/example_dags/example_params_ui_tutorial.py
[2024-10-09T11:03:19.925+0700] {processor.py:836} INFO - DAG(s) dict_keys(['example_params_ui_tutorial']) retrieved from /home/hasyidan/venv/lib/python3.8/site-packages/airflow/example_dags/example_params_ui_tutorial.py
[2024-10-09T11:03:20.047+0700] {logging_mixin.py:149} INFO - [2024-10-09T11:03:20.046+0700] {dag.py:2726} INFO - Sync 1 DAGs
[2024-10-09T11:03:20.090+0700] {logging_mixin.py:149} INFO - [2024-10-09T11:03:20.089+0700] {dag.py:3486} INFO - Setting next_dagrun for example_params_ui_tutorial to None, run_after=None
[2024-10-09T11:03:20.222+0700] {processor.py:179} INFO - Processing /home/hasyidan/venv/lib/python3.8/site-packages/airflow/example_dags/example_params_ui_tutorial.py took 0.418 seconds
[2024-10-09T11:04:17.404+0700] {processor.py:157} INFO - Started process (PID=4305) to work on /home/hasyidan/venv/lib/python3.8/site-packages/airflow/example_dags/example_params_ui_tutorial.py
[2024-10-09T11:04:17.438+0700] {processor.py:826} INFO - Processing file /home/hasyidan/venv/lib/python3.8/site-packages/airflow/example_dags/example_params_ui_tutorial.py for tasks to queue
[2024-10-09T11:04:17.441+0700] {logging_mixin.py:149} INFO - [2024-10-09T11:04:17.440+0700] {dagbag.py:541} INFO - Filling up the DagBag from /home/hasyidan/venv/lib/python3.8/site-packages/airflow/example_dags/example_params_ui_tutorial.py
[2024-10-09T11:04:17.522+0700] {processor.py:836} INFO - DAG(s) dict_keys(['example_params_ui_tutorial']) retrieved from /home/hasyidan/venv/lib/python3.8/site-packages/airflow/example_dags/example_params_ui_tutorial.py
[2024-10-09T11:04:17.657+0700] {logging_mixin.py:149} INFO - [2024-10-09T11:04:17.656+0700] {dag.py:2726} INFO - Sync 1 DAGs
[2024-10-09T11:04:17.703+0700] {logging_mixin.py:149} INFO - [2024-10-09T11:04:17.703+0700] {dag.py:3486} INFO - Setting next_dagrun for example_params_ui_tutorial to None, run_after=None
[2024-10-09T11:04:17.838+0700] {processor.py:179} INFO - Processing /home/hasyidan/venv/lib/python3.8/site-packages/airflow/example_dags/example_params_ui_tutorial.py took 0.440 seconds
[2024-10-09T11:07:12.399+0700] {processor.py:157} INFO - Started process (PID=4600) to work on /home/hasyidan/venv/lib/python3.8/site-packages/airflow/example_dags/example_params_ui_tutorial.py
[2024-10-09T11:07:12.405+0700] {processor.py:826} INFO - Processing file /home/hasyidan/venv/lib/python3.8/site-packages/airflow/example_dags/example_params_ui_tutorial.py for tasks to queue
[2024-10-09T11:07:12.407+0700] {logging_mixin.py:149} INFO - [2024-10-09T11:07:12.406+0700] {dagbag.py:541} INFO - Filling up the DagBag from /home/hasyidan/venv/lib/python3.8/site-packages/airflow/example_dags/example_params_ui_tutorial.py
[2024-10-09T11:07:12.543+0700] {processor.py:836} INFO - DAG(s) dict_keys(['example_params_ui_tutorial']) retrieved from /home/hasyidan/venv/lib/python3.8/site-packages/airflow/example_dags/example_params_ui_tutorial.py
[2024-10-09T11:07:12.696+0700] {logging_mixin.py:149} INFO - [2024-10-09T11:07:12.696+0700] {dag.py:2726} INFO - Sync 1 DAGs
[2024-10-09T11:07:12.741+0700] {logging_mixin.py:149} INFO - [2024-10-09T11:07:12.741+0700] {dag.py:3486} INFO - Setting next_dagrun for example_params_ui_tutorial to None, run_after=None
[2024-10-09T11:07:12.868+0700] {processor.py:179} INFO - Processing /home/hasyidan/venv/lib/python3.8/site-packages/airflow/example_dags/example_params_ui_tutorial.py took 0.474 seconds
[2024-10-09T11:08:16.054+0700] {processor.py:157} INFO - Started process (PID=4673) to work on /home/hasyidan/venv/lib/python3.8/site-packages/airflow/example_dags/example_params_ui_tutorial.py
[2024-10-09T11:08:16.109+0700] {processor.py:826} INFO - Processing file /home/hasyidan/venv/lib/python3.8/site-packages/airflow/example_dags/example_params_ui_tutorial.py for tasks to queue
[2024-10-09T11:08:16.112+0700] {logging_mixin.py:149} INFO - [2024-10-09T11:08:16.111+0700] {dagbag.py:541} INFO - Filling up the DagBag from /home/hasyidan/venv/lib/python3.8/site-packages/airflow/example_dags/example_params_ui_tutorial.py
[2024-10-09T11:08:16.217+0700] {processor.py:836} INFO - DAG(s) dict_keys(['example_params_ui_tutorial']) retrieved from /home/hasyidan/venv/lib/python3.8/site-packages/airflow/example_dags/example_params_ui_tutorial.py
[2024-10-09T11:08:16.337+0700] {logging_mixin.py:149} INFO - [2024-10-09T11:08:16.337+0700] {dag.py:2726} INFO - Sync 1 DAGs
[2024-10-09T11:08:16.494+0700] {logging_mixin.py:149} INFO - [2024-10-09T11:08:16.494+0700] {dag.py:3486} INFO - Setting next_dagrun for example_params_ui_tutorial to None, run_after=None
[2024-10-09T11:08:16.639+0700] {processor.py:179} INFO - Processing /home/hasyidan/venv/lib/python3.8/site-packages/airflow/example_dags/example_params_ui_tutorial.py took 0.590 seconds
[2024-10-09T11:09:13.800+0700] {processor.py:157} INFO - Started process (PID=4725) to work on /home/hasyidan/venv/lib/python3.8/site-packages/airflow/example_dags/example_params_ui_tutorial.py
[2024-10-09T11:09:13.818+0700] {processor.py:826} INFO - Processing file /home/hasyidan/venv/lib/python3.8/site-packages/airflow/example_dags/example_params_ui_tutorial.py for tasks to queue
[2024-10-09T11:09:13.821+0700] {logging_mixin.py:149} INFO - [2024-10-09T11:09:13.820+0700] {dagbag.py:541} INFO - Filling up the DagBag from /home/hasyidan/venv/lib/python3.8/site-packages/airflow/example_dags/example_params_ui_tutorial.py
[2024-10-09T11:09:13.900+0700] {processor.py:836} INFO - DAG(s) dict_keys(['example_params_ui_tutorial']) retrieved from /home/hasyidan/venv/lib/python3.8/site-packages/airflow/example_dags/example_params_ui_tutorial.py
[2024-10-09T11:09:14.021+0700] {logging_mixin.py:149} INFO - [2024-10-09T11:09:14.021+0700] {dag.py:2726} INFO - Sync 1 DAGs
[2024-10-09T11:09:14.063+0700] {logging_mixin.py:149} INFO - [2024-10-09T11:09:14.063+0700] {dag.py:3486} INFO - Setting next_dagrun for example_params_ui_tutorial to None, run_after=None
[2024-10-09T11:09:14.174+0700] {processor.py:179} INFO - Processing /home/hasyidan/venv/lib/python3.8/site-packages/airflow/example_dags/example_params_ui_tutorial.py took 0.380 seconds
[2024-10-09T11:10:06.535+0700] {processor.py:157} INFO - Started process (PID=4778) to work on /home/hasyidan/venv/lib/python3.8/site-packages/airflow/example_dags/example_params_ui_tutorial.py
[2024-10-09T11:10:06.557+0700] {processor.py:826} INFO - Processing file /home/hasyidan/venv/lib/python3.8/site-packages/airflow/example_dags/example_params_ui_tutorial.py for tasks to queue
[2024-10-09T11:10:06.559+0700] {logging_mixin.py:149} INFO - [2024-10-09T11:10:06.559+0700] {dagbag.py:541} INFO - Filling up the DagBag from /home/hasyidan/venv/lib/python3.8/site-packages/airflow/example_dags/example_params_ui_tutorial.py
[2024-10-09T11:10:06.638+0700] {processor.py:836} INFO - DAG(s) dict_keys(['example_params_ui_tutorial']) retrieved from /home/hasyidan/venv/lib/python3.8/site-packages/airflow/example_dags/example_params_ui_tutorial.py
[2024-10-09T11:10:06.760+0700] {logging_mixin.py:149} INFO - [2024-10-09T11:10:06.759+0700] {dag.py:2726} INFO - Sync 1 DAGs
[2024-10-09T11:10:06.807+0700] {logging_mixin.py:149} INFO - [2024-10-09T11:10:06.806+0700] {dag.py:3486} INFO - Setting next_dagrun for example_params_ui_tutorial to None, run_after=None
[2024-10-09T11:10:06.939+0700] {processor.py:179} INFO - Processing /home/hasyidan/venv/lib/python3.8/site-packages/airflow/example_dags/example_params_ui_tutorial.py took 0.411 seconds
[2024-10-09T11:10:58.141+0700] {processor.py:157} INFO - Started process (PID=4838) to work on /home/hasyidan/venv/lib/python3.8/site-packages/airflow/example_dags/example_params_ui_tutorial.py
[2024-10-09T11:10:58.163+0700] {processor.py:826} INFO - Processing file /home/hasyidan/venv/lib/python3.8/site-packages/airflow/example_dags/example_params_ui_tutorial.py for tasks to queue
[2024-10-09T11:10:58.165+0700] {logging_mixin.py:149} INFO - [2024-10-09T11:10:58.164+0700] {dagbag.py:541} INFO - Filling up the DagBag from /home/hasyidan/venv/lib/python3.8/site-packages/airflow/example_dags/example_params_ui_tutorial.py
[2024-10-09T11:10:58.241+0700] {processor.py:836} INFO - DAG(s) dict_keys(['example_params_ui_tutorial']) retrieved from /home/hasyidan/venv/lib/python3.8/site-packages/airflow/example_dags/example_params_ui_tutorial.py
[2024-10-09T11:10:58.362+0700] {logging_mixin.py:149} INFO - [2024-10-09T11:10:58.361+0700] {dag.py:2726} INFO - Sync 1 DAGs
[2024-10-09T11:10:58.403+0700] {logging_mixin.py:149} INFO - [2024-10-09T11:10:58.403+0700] {dag.py:3486} INFO - Setting next_dagrun for example_params_ui_tutorial to None, run_after=None
[2024-10-09T11:10:58.522+0700] {processor.py:179} INFO - Processing /home/hasyidan/venv/lib/python3.8/site-packages/airflow/example_dags/example_params_ui_tutorial.py took 0.387 seconds
[2024-10-09T11:11:52.567+0700] {processor.py:157} INFO - Started process (PID=4897) to work on /home/hasyidan/venv/lib/python3.8/site-packages/airflow/example_dags/example_params_ui_tutorial.py
[2024-10-09T11:11:52.585+0700] {processor.py:826} INFO - Processing file /home/hasyidan/venv/lib/python3.8/site-packages/airflow/example_dags/example_params_ui_tutorial.py for tasks to queue
[2024-10-09T11:11:52.587+0700] {logging_mixin.py:149} INFO - [2024-10-09T11:11:52.587+0700] {dagbag.py:541} INFO - Filling up the DagBag from /home/hasyidan/venv/lib/python3.8/site-packages/airflow/example_dags/example_params_ui_tutorial.py
[2024-10-09T11:11:52.693+0700] {processor.py:836} INFO - DAG(s) dict_keys(['example_params_ui_tutorial']) retrieved from /home/hasyidan/venv/lib/python3.8/site-packages/airflow/example_dags/example_params_ui_tutorial.py
[2024-10-09T11:11:52.812+0700] {logging_mixin.py:149} INFO - [2024-10-09T11:11:52.811+0700] {dag.py:2726} INFO - Sync 1 DAGs
[2024-10-09T11:11:52.857+0700] {logging_mixin.py:149} INFO - [2024-10-09T11:11:52.857+0700] {dag.py:3486} INFO - Setting next_dagrun for example_params_ui_tutorial to None, run_after=None
[2024-10-09T11:11:52.992+0700] {processor.py:179} INFO - Processing /home/hasyidan/venv/lib/python3.8/site-packages/airflow/example_dags/example_params_ui_tutorial.py took 0.431 seconds
[2024-10-09T11:12:44.255+0700] {processor.py:157} INFO - Started process (PID=4953) to work on /home/hasyidan/venv/lib/python3.8/site-packages/airflow/example_dags/example_params_ui_tutorial.py
[2024-10-09T11:12:44.274+0700] {processor.py:826} INFO - Processing file /home/hasyidan/venv/lib/python3.8/site-packages/airflow/example_dags/example_params_ui_tutorial.py for tasks to queue
[2024-10-09T11:12:44.277+0700] {logging_mixin.py:149} INFO - [2024-10-09T11:12:44.277+0700] {dagbag.py:541} INFO - Filling up the DagBag from /home/hasyidan/venv/lib/python3.8/site-packages/airflow/example_dags/example_params_ui_tutorial.py
[2024-10-09T11:12:44.354+0700] {processor.py:836} INFO - DAG(s) dict_keys(['example_params_ui_tutorial']) retrieved from /home/hasyidan/venv/lib/python3.8/site-packages/airflow/example_dags/example_params_ui_tutorial.py
[2024-10-09T11:12:44.474+0700] {logging_mixin.py:149} INFO - [2024-10-09T11:12:44.474+0700] {dag.py:2726} INFO - Sync 1 DAGs
[2024-10-09T11:12:44.516+0700] {logging_mixin.py:149} INFO - [2024-10-09T11:12:44.516+0700] {dag.py:3486} INFO - Setting next_dagrun for example_params_ui_tutorial to None, run_after=None
[2024-10-09T11:12:44.624+0700] {processor.py:179} INFO - Processing /home/hasyidan/venv/lib/python3.8/site-packages/airflow/example_dags/example_params_ui_tutorial.py took 0.375 seconds
[2024-10-09T11:13:38.301+0700] {processor.py:157} INFO - Started process (PID=5012) to work on /home/hasyidan/venv/lib/python3.8/site-packages/airflow/example_dags/example_params_ui_tutorial.py
[2024-10-09T11:13:38.315+0700] {processor.py:826} INFO - Processing file /home/hasyidan/venv/lib/python3.8/site-packages/airflow/example_dags/example_params_ui_tutorial.py for tasks to queue
[2024-10-09T11:13:38.317+0700] {logging_mixin.py:149} INFO - [2024-10-09T11:13:38.317+0700] {dagbag.py:541} INFO - Filling up the DagBag from /home/hasyidan/venv/lib/python3.8/site-packages/airflow/example_dags/example_params_ui_tutorial.py
[2024-10-09T11:13:38.397+0700] {processor.py:836} INFO - DAG(s) dict_keys(['example_params_ui_tutorial']) retrieved from /home/hasyidan/venv/lib/python3.8/site-packages/airflow/example_dags/example_params_ui_tutorial.py
[2024-10-09T11:13:38.516+0700] {logging_mixin.py:149} INFO - [2024-10-09T11:13:38.516+0700] {dag.py:2726} INFO - Sync 1 DAGs
[2024-10-09T11:13:38.561+0700] {logging_mixin.py:149} INFO - [2024-10-09T11:13:38.560+0700] {dag.py:3486} INFO - Setting next_dagrun for example_params_ui_tutorial to None, run_after=None
[2024-10-09T11:13:38.698+0700] {processor.py:179} INFO - Processing /home/hasyidan/venv/lib/python3.8/site-packages/airflow/example_dags/example_params_ui_tutorial.py took 0.403 seconds
[2024-10-09T11:14:53.992+0700] {processor.py:157} INFO - Started process (PID=5108) to work on /home/hasyidan/venv/lib/python3.8/site-packages/airflow/example_dags/example_params_ui_tutorial.py
[2024-10-09T11:14:57.034+0700] {processor.py:826} INFO - Processing file /home/hasyidan/venv/lib/python3.8/site-packages/airflow/example_dags/example_params_ui_tutorial.py for tasks to queue
[2024-10-09T11:14:57.037+0700] {logging_mixin.py:149} INFO - [2024-10-09T11:14:57.036+0700] {dagbag.py:541} INFO - Filling up the DagBag from /home/hasyidan/venv/lib/python3.8/site-packages/airflow/example_dags/example_params_ui_tutorial.py
[2024-10-09T11:14:57.789+0700] {processor.py:836} INFO - DAG(s) dict_keys(['example_params_ui_tutorial']) retrieved from /home/hasyidan/venv/lib/python3.8/site-packages/airflow/example_dags/example_params_ui_tutorial.py
[2024-10-09T11:14:57.912+0700] {logging_mixin.py:149} INFO - [2024-10-09T11:14:57.911+0700] {dag.py:2726} INFO - Sync 1 DAGs
[2024-10-09T11:14:57.955+0700] {logging_mixin.py:149} INFO - [2024-10-09T11:14:57.955+0700] {dag.py:3486} INFO - Setting next_dagrun for example_params_ui_tutorial to None, run_after=None
[2024-10-09T11:14:58.454+0700] {processor.py:179} INFO - Processing /home/hasyidan/venv/lib/python3.8/site-packages/airflow/example_dags/example_params_ui_tutorial.py took 4.468 seconds
[2024-10-09T11:16:05.166+0700] {processor.py:157} INFO - Started process (PID=5302) to work on /home/hasyidan/venv/lib/python3.8/site-packages/airflow/example_dags/example_params_ui_tutorial.py
[2024-10-09T11:16:05.186+0700] {processor.py:826} INFO - Processing file /home/hasyidan/venv/lib/python3.8/site-packages/airflow/example_dags/example_params_ui_tutorial.py for tasks to queue
[2024-10-09T11:16:05.190+0700] {logging_mixin.py:149} INFO - [2024-10-09T11:16:05.190+0700] {dagbag.py:541} INFO - Filling up the DagBag from /home/hasyidan/venv/lib/python3.8/site-packages/airflow/example_dags/example_params_ui_tutorial.py
[2024-10-09T11:16:05.403+0700] {processor.py:836} INFO - DAG(s) dict_keys(['example_params_ui_tutorial']) retrieved from /home/hasyidan/venv/lib/python3.8/site-packages/airflow/example_dags/example_params_ui_tutorial.py
[2024-10-09T11:16:05.621+0700] {logging_mixin.py:149} INFO - [2024-10-09T11:16:05.620+0700] {dag.py:2726} INFO - Sync 1 DAGs
[2024-10-09T11:16:05.693+0700] {logging_mixin.py:149} INFO - [2024-10-09T11:16:05.692+0700] {dag.py:3486} INFO - Setting next_dagrun for example_params_ui_tutorial to None, run_after=None
[2024-10-09T11:16:05.843+0700] {processor.py:179} INFO - Processing /home/hasyidan/venv/lib/python3.8/site-packages/airflow/example_dags/example_params_ui_tutorial.py took 0.685 seconds
[2024-10-09T11:17:14.282+0700] {processor.py:157} INFO - Started process (PID=5371) to work on /home/hasyidan/venv/lib/python3.8/site-packages/airflow/example_dags/example_params_ui_tutorial.py
[2024-10-09T11:17:14.314+0700] {processor.py:826} INFO - Processing file /home/hasyidan/venv/lib/python3.8/site-packages/airflow/example_dags/example_params_ui_tutorial.py for tasks to queue
[2024-10-09T11:17:14.316+0700] {logging_mixin.py:149} INFO - [2024-10-09T11:17:14.316+0700] {dagbag.py:541} INFO - Filling up the DagBag from /home/hasyidan/venv/lib/python3.8/site-packages/airflow/example_dags/example_params_ui_tutorial.py
[2024-10-09T11:17:14.530+0700] {processor.py:836} INFO - DAG(s) dict_keys(['example_params_ui_tutorial']) retrieved from /home/hasyidan/venv/lib/python3.8/site-packages/airflow/example_dags/example_params_ui_tutorial.py
[2024-10-09T11:17:14.783+0700] {logging_mixin.py:149} INFO - [2024-10-09T11:17:14.783+0700] {dag.py:2726} INFO - Sync 1 DAGs
[2024-10-09T11:17:14.892+0700] {logging_mixin.py:149} INFO - [2024-10-09T11:17:14.892+0700] {dag.py:3486} INFO - Setting next_dagrun for example_params_ui_tutorial to None, run_after=None
[2024-10-09T11:17:15.073+0700] {processor.py:179} INFO - Processing /home/hasyidan/venv/lib/python3.8/site-packages/airflow/example_dags/example_params_ui_tutorial.py took 0.801 seconds
[2024-10-09T11:18:24.598+0700] {processor.py:157} INFO - Started process (PID=5439) to work on /home/hasyidan/venv/lib/python3.8/site-packages/airflow/example_dags/example_params_ui_tutorial.py
[2024-10-09T11:18:24.649+0700] {processor.py:826} INFO - Processing file /home/hasyidan/venv/lib/python3.8/site-packages/airflow/example_dags/example_params_ui_tutorial.py for tasks to queue
[2024-10-09T11:18:24.651+0700] {logging_mixin.py:149} INFO - [2024-10-09T11:18:24.651+0700] {dagbag.py:541} INFO - Filling up the DagBag from /home/hasyidan/venv/lib/python3.8/site-packages/airflow/example_dags/example_params_ui_tutorial.py
[2024-10-09T11:18:24.798+0700] {processor.py:836} INFO - DAG(s) dict_keys(['example_params_ui_tutorial']) retrieved from /home/hasyidan/venv/lib/python3.8/site-packages/airflow/example_dags/example_params_ui_tutorial.py
[2024-10-09T11:18:25.028+0700] {logging_mixin.py:149} INFO - [2024-10-09T11:18:25.028+0700] {dag.py:2726} INFO - Sync 1 DAGs
[2024-10-09T11:18:25.103+0700] {logging_mixin.py:149} INFO - [2024-10-09T11:18:25.103+0700] {dag.py:3486} INFO - Setting next_dagrun for example_params_ui_tutorial to None, run_after=None
[2024-10-09T11:18:25.264+0700] {processor.py:179} INFO - Processing /home/hasyidan/venv/lib/python3.8/site-packages/airflow/example_dags/example_params_ui_tutorial.py took 0.679 seconds
[2024-10-09T11:19:26.034+0700] {processor.py:157} INFO - Started process (PID=5504) to work on /home/hasyidan/venv/lib/python3.8/site-packages/airflow/example_dags/example_params_ui_tutorial.py
[2024-10-09T11:19:26.037+0700] {processor.py:826} INFO - Processing file /home/hasyidan/venv/lib/python3.8/site-packages/airflow/example_dags/example_params_ui_tutorial.py for tasks to queue
[2024-10-09T11:19:26.039+0700] {logging_mixin.py:149} INFO - [2024-10-09T11:19:26.039+0700] {dagbag.py:541} INFO - Filling up the DagBag from /home/hasyidan/venv/lib/python3.8/site-packages/airflow/example_dags/example_params_ui_tutorial.py
[2024-10-09T11:19:26.146+0700] {processor.py:836} INFO - DAG(s) dict_keys(['example_params_ui_tutorial']) retrieved from /home/hasyidan/venv/lib/python3.8/site-packages/airflow/example_dags/example_params_ui_tutorial.py
[2024-10-09T11:19:26.338+0700] {logging_mixin.py:149} INFO - [2024-10-09T11:19:26.337+0700] {dag.py:2726} INFO - Sync 1 DAGs
[2024-10-09T11:19:26.412+0700] {logging_mixin.py:149} INFO - [2024-10-09T11:19:26.411+0700] {dag.py:3486} INFO - Setting next_dagrun for example_params_ui_tutorial to None, run_after=None
[2024-10-09T11:19:26.616+0700] {processor.py:179} INFO - Processing /home/hasyidan/venv/lib/python3.8/site-packages/airflow/example_dags/example_params_ui_tutorial.py took 0.590 seconds
[2024-10-09T11:20:31.214+0700] {processor.py:157} INFO - Started process (PID=5581) to work on /home/hasyidan/venv/lib/python3.8/site-packages/airflow/example_dags/example_params_ui_tutorial.py
[2024-10-09T11:20:31.237+0700] {processor.py:826} INFO - Processing file /home/hasyidan/venv/lib/python3.8/site-packages/airflow/example_dags/example_params_ui_tutorial.py for tasks to queue
[2024-10-09T11:20:31.240+0700] {logging_mixin.py:149} INFO - [2024-10-09T11:20:31.239+0700] {dagbag.py:541} INFO - Filling up the DagBag from /home/hasyidan/venv/lib/python3.8/site-packages/airflow/example_dags/example_params_ui_tutorial.py
[2024-10-09T11:20:31.427+0700] {processor.py:836} INFO - DAG(s) dict_keys(['example_params_ui_tutorial']) retrieved from /home/hasyidan/venv/lib/python3.8/site-packages/airflow/example_dags/example_params_ui_tutorial.py
[2024-10-09T11:20:31.691+0700] {logging_mixin.py:149} INFO - [2024-10-09T11:20:31.691+0700] {dag.py:2726} INFO - Sync 1 DAGs
[2024-10-09T11:20:31.769+0700] {logging_mixin.py:149} INFO - [2024-10-09T11:20:31.769+0700] {dag.py:3486} INFO - Setting next_dagrun for example_params_ui_tutorial to None, run_after=None
[2024-10-09T11:20:31.934+0700] {processor.py:179} INFO - Processing /home/hasyidan/venv/lib/python3.8/site-packages/airflow/example_dags/example_params_ui_tutorial.py took 0.728 seconds
[2024-10-09T11:21:40.473+0700] {processor.py:157} INFO - Started process (PID=5649) to work on /home/hasyidan/venv/lib/python3.8/site-packages/airflow/example_dags/example_params_ui_tutorial.py
[2024-10-09T11:21:40.502+0700] {processor.py:826} INFO - Processing file /home/hasyidan/venv/lib/python3.8/site-packages/airflow/example_dags/example_params_ui_tutorial.py for tasks to queue
[2024-10-09T11:21:40.505+0700] {logging_mixin.py:149} INFO - [2024-10-09T11:21:40.504+0700] {dagbag.py:541} INFO - Filling up the DagBag from /home/hasyidan/venv/lib/python3.8/site-packages/airflow/example_dags/example_params_ui_tutorial.py
[2024-10-09T11:21:40.635+0700] {processor.py:836} INFO - DAG(s) dict_keys(['example_params_ui_tutorial']) retrieved from /home/hasyidan/venv/lib/python3.8/site-packages/airflow/example_dags/example_params_ui_tutorial.py
[2024-10-09T11:21:40.846+0700] {logging_mixin.py:149} INFO - [2024-10-09T11:21:40.843+0700] {dag.py:2726} INFO - Sync 1 DAGs
[2024-10-09T11:21:40.930+0700] {logging_mixin.py:149} INFO - [2024-10-09T11:21:40.930+0700] {dag.py:3486} INFO - Setting next_dagrun for example_params_ui_tutorial to None, run_after=None
[2024-10-09T11:21:41.105+0700] {processor.py:179} INFO - Processing /home/hasyidan/venv/lib/python3.8/site-packages/airflow/example_dags/example_params_ui_tutorial.py took 0.654 seconds
[2024-10-09T11:22:41.314+0700] {processor.py:157} INFO - Started process (PID=5711) to work on /home/hasyidan/venv/lib/python3.8/site-packages/airflow/example_dags/example_params_ui_tutorial.py
[2024-10-09T11:22:41.321+0700] {processor.py:826} INFO - Processing file /home/hasyidan/venv/lib/python3.8/site-packages/airflow/example_dags/example_params_ui_tutorial.py for tasks to queue
[2024-10-09T11:22:41.323+0700] {logging_mixin.py:149} INFO - [2024-10-09T11:22:41.322+0700] {dagbag.py:541} INFO - Filling up the DagBag from /home/hasyidan/venv/lib/python3.8/site-packages/airflow/example_dags/example_params_ui_tutorial.py
[2024-10-09T11:22:41.461+0700] {processor.py:836} INFO - DAG(s) dict_keys(['example_params_ui_tutorial']) retrieved from /home/hasyidan/venv/lib/python3.8/site-packages/airflow/example_dags/example_params_ui_tutorial.py
[2024-10-09T11:22:41.696+0700] {logging_mixin.py:149} INFO - [2024-10-09T11:22:41.696+0700] {dag.py:2726} INFO - Sync 1 DAGs
[2024-10-09T11:22:41.773+0700] {logging_mixin.py:149} INFO - [2024-10-09T11:22:41.772+0700] {dag.py:3486} INFO - Setting next_dagrun for example_params_ui_tutorial to None, run_after=None
[2024-10-09T11:22:41.922+0700] {processor.py:179} INFO - Processing /home/hasyidan/venv/lib/python3.8/site-packages/airflow/example_dags/example_params_ui_tutorial.py took 0.617 seconds
[2024-10-09T11:23:48.726+0700] {processor.py:157} INFO - Started process (PID=5776) to work on /home/hasyidan/venv/lib/python3.8/site-packages/airflow/example_dags/example_params_ui_tutorial.py
[2024-10-09T11:23:48.757+0700] {processor.py:826} INFO - Processing file /home/hasyidan/venv/lib/python3.8/site-packages/airflow/example_dags/example_params_ui_tutorial.py for tasks to queue
[2024-10-09T11:23:48.759+0700] {logging_mixin.py:149} INFO - [2024-10-09T11:23:48.758+0700] {dagbag.py:541} INFO - Filling up the DagBag from /home/hasyidan/venv/lib/python3.8/site-packages/airflow/example_dags/example_params_ui_tutorial.py
[2024-10-09T11:23:48.912+0700] {processor.py:836} INFO - DAG(s) dict_keys(['example_params_ui_tutorial']) retrieved from /home/hasyidan/venv/lib/python3.8/site-packages/airflow/example_dags/example_params_ui_tutorial.py
[2024-10-09T11:23:49.130+0700] {logging_mixin.py:149} INFO - [2024-10-09T11:23:49.130+0700] {dag.py:2726} INFO - Sync 1 DAGs
[2024-10-09T11:23:49.202+0700] {logging_mixin.py:149} INFO - [2024-10-09T11:23:49.202+0700] {dag.py:3486} INFO - Setting next_dagrun for example_params_ui_tutorial to None, run_after=None
[2024-10-09T11:23:49.368+0700] {processor.py:179} INFO - Processing /home/hasyidan/venv/lib/python3.8/site-packages/airflow/example_dags/example_params_ui_tutorial.py took 0.651 seconds
[2024-10-09T11:24:56.363+0700] {processor.py:157} INFO - Started process (PID=5846) to work on /home/hasyidan/venv/lib/python3.8/site-packages/airflow/example_dags/example_params_ui_tutorial.py
[2024-10-09T11:24:56.381+0700] {processor.py:826} INFO - Processing file /home/hasyidan/venv/lib/python3.8/site-packages/airflow/example_dags/example_params_ui_tutorial.py for tasks to queue
[2024-10-09T11:24:56.383+0700] {logging_mixin.py:149} INFO - [2024-10-09T11:24:56.383+0700] {dagbag.py:541} INFO - Filling up the DagBag from /home/hasyidan/venv/lib/python3.8/site-packages/airflow/example_dags/example_params_ui_tutorial.py
[2024-10-09T11:24:56.545+0700] {processor.py:836} INFO - DAG(s) dict_keys(['example_params_ui_tutorial']) retrieved from /home/hasyidan/venv/lib/python3.8/site-packages/airflow/example_dags/example_params_ui_tutorial.py
[2024-10-09T11:24:56.753+0700] {logging_mixin.py:149} INFO - [2024-10-09T11:24:56.752+0700] {dag.py:2726} INFO - Sync 1 DAGs
[2024-10-09T11:24:56.828+0700] {logging_mixin.py:149} INFO - [2024-10-09T11:24:56.827+0700] {dag.py:3486} INFO - Setting next_dagrun for example_params_ui_tutorial to None, run_after=None
[2024-10-09T11:24:57.041+0700] {processor.py:179} INFO - Processing /home/hasyidan/venv/lib/python3.8/site-packages/airflow/example_dags/example_params_ui_tutorial.py took 0.685 seconds
[2024-10-09T11:28:00.435+0700] {processor.py:157} INFO - Started process (PID=5993) to work on /home/hasyidan/venv/lib/python3.8/site-packages/airflow/example_dags/example_params_ui_tutorial.py
[2024-10-09T11:28:00.539+0700] {processor.py:826} INFO - Processing file /home/hasyidan/venv/lib/python3.8/site-packages/airflow/example_dags/example_params_ui_tutorial.py for tasks to queue
[2024-10-09T11:28:00.542+0700] {logging_mixin.py:149} INFO - [2024-10-09T11:28:00.541+0700] {dagbag.py:541} INFO - Filling up the DagBag from /home/hasyidan/venv/lib/python3.8/site-packages/airflow/example_dags/example_params_ui_tutorial.py
[2024-10-09T11:28:00.830+0700] {processor.py:836} INFO - DAG(s) dict_keys(['example_params_ui_tutorial']) retrieved from /home/hasyidan/venv/lib/python3.8/site-packages/airflow/example_dags/example_params_ui_tutorial.py
[2024-10-09T11:28:01.187+0700] {logging_mixin.py:149} INFO - [2024-10-09T11:28:01.187+0700] {dag.py:2726} INFO - Sync 1 DAGs
[2024-10-09T11:28:01.275+0700] {logging_mixin.py:149} INFO - [2024-10-09T11:28:01.274+0700] {dag.py:3486} INFO - Setting next_dagrun for example_params_ui_tutorial to None, run_after=None
[2024-10-09T11:28:01.461+0700] {processor.py:179} INFO - Processing /home/hasyidan/venv/lib/python3.8/site-packages/airflow/example_dags/example_params_ui_tutorial.py took 1.034 seconds
[2024-10-09T11:29:43.520+0700] {processor.py:157} INFO - Started process (PID=6061) to work on /home/hasyidan/venv/lib/python3.8/site-packages/airflow/example_dags/example_params_ui_tutorial.py
[2024-10-09T11:29:43.555+0700] {processor.py:826} INFO - Processing file /home/hasyidan/venv/lib/python3.8/site-packages/airflow/example_dags/example_params_ui_tutorial.py for tasks to queue
[2024-10-09T11:29:43.557+0700] {logging_mixin.py:149} INFO - [2024-10-09T11:29:43.556+0700] {dagbag.py:541} INFO - Filling up the DagBag from /home/hasyidan/venv/lib/python3.8/site-packages/airflow/example_dags/example_params_ui_tutorial.py
[2024-10-09T11:29:43.786+0700] {processor.py:836} INFO - DAG(s) dict_keys(['example_params_ui_tutorial']) retrieved from /home/hasyidan/venv/lib/python3.8/site-packages/airflow/example_dags/example_params_ui_tutorial.py
[2024-10-09T11:29:44.340+0700] {logging_mixin.py:149} INFO - [2024-10-09T11:29:44.339+0700] {dag.py:2726} INFO - Sync 1 DAGs
[2024-10-09T11:29:44.425+0700] {logging_mixin.py:149} INFO - [2024-10-09T11:29:44.425+0700] {dag.py:3486} INFO - Setting next_dagrun for example_params_ui_tutorial to None, run_after=None
[2024-10-09T11:29:44.705+0700] {processor.py:179} INFO - Processing /home/hasyidan/venv/lib/python3.8/site-packages/airflow/example_dags/example_params_ui_tutorial.py took 1.195 seconds
[2024-10-09T11:34:34.378+0700] {processor.py:157} INFO - Started process (PID=6539) to work on /home/hasyidan/venv/lib/python3.8/site-packages/airflow/example_dags/example_params_ui_tutorial.py
[2024-10-09T11:34:34.471+0700] {processor.py:826} INFO - Processing file /home/hasyidan/venv/lib/python3.8/site-packages/airflow/example_dags/example_params_ui_tutorial.py for tasks to queue
[2024-10-09T11:34:34.473+0700] {logging_mixin.py:149} INFO - [2024-10-09T11:34:34.473+0700] {dagbag.py:541} INFO - Filling up the DagBag from /home/hasyidan/venv/lib/python3.8/site-packages/airflow/example_dags/example_params_ui_tutorial.py
[2024-10-09T11:34:34.812+0700] {processor.py:836} INFO - DAG(s) dict_keys(['example_params_ui_tutorial']) retrieved from /home/hasyidan/venv/lib/python3.8/site-packages/airflow/example_dags/example_params_ui_tutorial.py
[2024-10-09T11:34:34.932+0700] {logging_mixin.py:149} INFO - [2024-10-09T11:34:34.932+0700] {dag.py:2726} INFO - Sync 1 DAGs
[2024-10-09T11:34:34.974+0700] {logging_mixin.py:149} INFO - [2024-10-09T11:34:34.974+0700] {dag.py:3486} INFO - Setting next_dagrun for example_params_ui_tutorial to None, run_after=None
[2024-10-09T11:34:35.322+0700] {processor.py:179} INFO - Processing /home/hasyidan/venv/lib/python3.8/site-packages/airflow/example_dags/example_params_ui_tutorial.py took 0.950 seconds
[2024-10-09T11:36:36.443+0700] {processor.py:157} INFO - Started process (PID=6657) to work on /home/hasyidan/venv/lib/python3.8/site-packages/airflow/example_dags/example_params_ui_tutorial.py
[2024-10-09T11:36:36.515+0700] {processor.py:826} INFO - Processing file /home/hasyidan/venv/lib/python3.8/site-packages/airflow/example_dags/example_params_ui_tutorial.py for tasks to queue
[2024-10-09T11:36:36.517+0700] {logging_mixin.py:149} INFO - [2024-10-09T11:36:36.517+0700] {dagbag.py:541} INFO - Filling up the DagBag from /home/hasyidan/venv/lib/python3.8/site-packages/airflow/example_dags/example_params_ui_tutorial.py
[2024-10-09T11:36:37.183+0700] {processor.py:836} INFO - DAG(s) dict_keys(['example_params_ui_tutorial']) retrieved from /home/hasyidan/venv/lib/python3.8/site-packages/airflow/example_dags/example_params_ui_tutorial.py
[2024-10-09T11:36:37.339+0700] {logging_mixin.py:149} INFO - [2024-10-09T11:36:37.339+0700] {dag.py:2726} INFO - Sync 1 DAGs
[2024-10-09T11:36:37.413+0700] {logging_mixin.py:149} INFO - [2024-10-09T11:36:37.412+0700] {dag.py:3486} INFO - Setting next_dagrun for example_params_ui_tutorial to None, run_after=None
[2024-10-09T11:36:37.880+0700] {processor.py:179} INFO - Processing /home/hasyidan/venv/lib/python3.8/site-packages/airflow/example_dags/example_params_ui_tutorial.py took 1.444 seconds
[2024-10-09T11:39:37.337+0700] {processor.py:157} INFO - Started process (PID=6898) to work on /home/hasyidan/venv/lib/python3.8/site-packages/airflow/example_dags/example_params_ui_tutorial.py
[2024-10-09T11:39:37.602+0700] {processor.py:826} INFO - Processing file /home/hasyidan/venv/lib/python3.8/site-packages/airflow/example_dags/example_params_ui_tutorial.py for tasks to queue
[2024-10-09T11:39:37.604+0700] {logging_mixin.py:149} INFO - [2024-10-09T11:39:37.604+0700] {dagbag.py:541} INFO - Filling up the DagBag from /home/hasyidan/venv/lib/python3.8/site-packages/airflow/example_dags/example_params_ui_tutorial.py
[2024-10-09T11:39:38.989+0700] {processor.py:836} INFO - DAG(s) dict_keys(['example_params_ui_tutorial']) retrieved from /home/hasyidan/venv/lib/python3.8/site-packages/airflow/example_dags/example_params_ui_tutorial.py
[2024-10-09T11:39:39.259+0700] {logging_mixin.py:149} INFO - [2024-10-09T11:39:39.259+0700] {dag.py:2726} INFO - Sync 1 DAGs
[2024-10-09T11:39:39.459+0700] {logging_mixin.py:149} INFO - [2024-10-09T11:39:39.459+0700] {dag.py:3486} INFO - Setting next_dagrun for example_params_ui_tutorial to None, run_after=None
[2024-10-09T11:39:39.807+0700] {processor.py:179} INFO - Processing /home/hasyidan/venv/lib/python3.8/site-packages/airflow/example_dags/example_params_ui_tutorial.py took 2.478 seconds
