[2024-10-09T10:59:45.153+0700] {processor.py:157} INFO - Started process (PID=3969) to work on /home/hasyidan/venv/lib/python3.8/site-packages/airflow/example_dags/example_branch_labels.py
[2024-10-09T10:59:45.155+0700] {processor.py:826} INFO - Processing file /home/hasyidan/venv/lib/python3.8/site-packages/airflow/example_dags/example_branch_labels.py for tasks to queue
[2024-10-09T10:59:45.156+0700] {logging_mixin.py:149} INFO - [2024-10-09T10:59:45.156+0700] {dagbag.py:541} INFO - Filling up the DagBag from /home/hasyidan/venv/lib/python3.8/site-packages/airflow/example_dags/example_branch_labels.py
[2024-10-09T10:59:45.235+0700] {processor.py:836} INFO - DAG(s) dict_keys(['example_branch_labels']) retrieved from /home/hasyidan/venv/lib/python3.8/site-packages/airflow/example_dags/example_branch_labels.py
[2024-10-09T10:59:45.473+0700] {logging_mixin.py:149} INFO - [2024-10-09T10:59:45.472+0700] {dag.py:2726} INFO - Sync 1 DAGs
[2024-10-09T10:59:46.303+0700] {logging_mixin.py:149} INFO - [2024-10-09T10:59:46.303+0700] {dag.py:3486} INFO - Setting next_dagrun for example_branch_labels to 2024-10-08T00:00:00+00:00, run_after=2024-10-09T00:00:00+00:00
[2024-10-09T10:59:48.888+0700] {processor.py:179} INFO - Processing /home/hasyidan/venv/lib/python3.8/site-packages/airflow/example_dags/example_branch_labels.py took 3.741 seconds
[2024-10-09T11:01:50.001+0700] {processor.py:157} INFO - Started process (PID=4165) to work on /home/hasyidan/venv/lib/python3.8/site-packages/airflow/example_dags/example_branch_labels.py
[2024-10-09T11:01:50.061+0700] {processor.py:826} INFO - Processing file /home/hasyidan/venv/lib/python3.8/site-packages/airflow/example_dags/example_branch_labels.py for tasks to queue
[2024-10-09T11:01:50.064+0700] {logging_mixin.py:149} INFO - [2024-10-09T11:01:50.063+0700] {dagbag.py:541} INFO - Filling up the DagBag from /home/hasyidan/venv/lib/python3.8/site-packages/airflow/example_dags/example_branch_labels.py
[2024-10-09T11:01:50.126+0700] {processor.py:836} INFO - DAG(s) dict_keys(['example_branch_labels']) retrieved from /home/hasyidan/venv/lib/python3.8/site-packages/airflow/example_dags/example_branch_labels.py
[2024-10-09T11:01:50.376+0700] {logging_mixin.py:149} INFO - [2024-10-09T11:01:50.376+0700] {dag.py:2726} INFO - Sync 1 DAGs
[2024-10-09T11:01:50.422+0700] {logging_mixin.py:149} INFO - [2024-10-09T11:01:50.422+0700] {dag.py:3486} INFO - Setting next_dagrun for example_branch_labels to 2024-10-08T00:00:00+00:00, run_after=2024-10-09T00:00:00+00:00
[2024-10-09T11:01:50.769+0700] {processor.py:179} INFO - Processing /home/hasyidan/venv/lib/python3.8/site-packages/airflow/example_dags/example_branch_labels.py took 0.774 seconds
[2024-10-09T11:02:55.618+0700] {processor.py:157} INFO - Started process (PID=4226) to work on /home/hasyidan/venv/lib/python3.8/site-packages/airflow/example_dags/example_branch_labels.py
[2024-10-09T11:02:55.655+0700] {processor.py:826} INFO - Processing file /home/hasyidan/venv/lib/python3.8/site-packages/airflow/example_dags/example_branch_labels.py for tasks to queue
[2024-10-09T11:02:55.658+0700] {logging_mixin.py:149} INFO - [2024-10-09T11:02:55.657+0700] {dagbag.py:541} INFO - Filling up the DagBag from /home/hasyidan/venv/lib/python3.8/site-packages/airflow/example_dags/example_branch_labels.py
[2024-10-09T11:02:55.677+0700] {processor.py:836} INFO - DAG(s) dict_keys(['example_branch_labels']) retrieved from /home/hasyidan/venv/lib/python3.8/site-packages/airflow/example_dags/example_branch_labels.py
[2024-10-09T11:02:55.718+0700] {logging_mixin.py:149} INFO - [2024-10-09T11:02:55.717+0700] {dag.py:2726} INFO - Sync 1 DAGs
[2024-10-09T11:02:55.770+0700] {logging_mixin.py:149} INFO - [2024-10-09T11:02:55.770+0700] {dag.py:3486} INFO - Setting next_dagrun for example_branch_labels to 2024-10-08T00:00:00+00:00, run_after=2024-10-09T00:00:00+00:00
[2024-10-09T11:02:55.897+0700] {processor.py:179} INFO - Processing /home/hasyidan/venv/lib/python3.8/site-packages/airflow/example_dags/example_branch_labels.py took 0.287 seconds
[2024-10-09T11:03:54.267+0700] {processor.py:157} INFO - Started process (PID=4282) to work on /home/hasyidan/venv/lib/python3.8/site-packages/airflow/example_dags/example_branch_labels.py
[2024-10-09T11:03:54.290+0700] {processor.py:826} INFO - Processing file /home/hasyidan/venv/lib/python3.8/site-packages/airflow/example_dags/example_branch_labels.py for tasks to queue
[2024-10-09T11:03:54.293+0700] {logging_mixin.py:149} INFO - [2024-10-09T11:03:54.293+0700] {dagbag.py:541} INFO - Filling up the DagBag from /home/hasyidan/venv/lib/python3.8/site-packages/airflow/example_dags/example_branch_labels.py
[2024-10-09T11:03:54.311+0700] {processor.py:836} INFO - DAG(s) dict_keys(['example_branch_labels']) retrieved from /home/hasyidan/venv/lib/python3.8/site-packages/airflow/example_dags/example_branch_labels.py
[2024-10-09T11:03:54.352+0700] {logging_mixin.py:149} INFO - [2024-10-09T11:03:54.352+0700] {dag.py:2726} INFO - Sync 1 DAGs
[2024-10-09T11:03:54.398+0700] {logging_mixin.py:149} INFO - [2024-10-09T11:03:54.398+0700] {dag.py:3486} INFO - Setting next_dagrun for example_branch_labels to 2024-10-08T00:00:00+00:00, run_after=2024-10-09T00:00:00+00:00
[2024-10-09T11:03:54.579+0700] {processor.py:179} INFO - Processing /home/hasyidan/venv/lib/python3.8/site-packages/airflow/example_dags/example_branch_labels.py took 0.319 seconds
[2024-10-09T11:05:56.978+0700] {processor.py:157} INFO - Started process (PID=4474) to work on /home/hasyidan/venv/lib/python3.8/site-packages/airflow/example_dags/example_branch_labels.py
[2024-10-09T11:05:57.056+0700] {processor.py:826} INFO - Processing file /home/hasyidan/venv/lib/python3.8/site-packages/airflow/example_dags/example_branch_labels.py for tasks to queue
[2024-10-09T11:05:57.059+0700] {logging_mixin.py:149} INFO - [2024-10-09T11:05:57.058+0700] {dagbag.py:541} INFO - Filling up the DagBag from /home/hasyidan/venv/lib/python3.8/site-packages/airflow/example_dags/example_branch_labels.py
[2024-10-09T11:05:57.103+0700] {processor.py:836} INFO - DAG(s) dict_keys(['example_branch_labels']) retrieved from /home/hasyidan/venv/lib/python3.8/site-packages/airflow/example_dags/example_branch_labels.py
[2024-10-09T11:05:57.146+0700] {logging_mixin.py:149} INFO - [2024-10-09T11:05:57.146+0700] {dag.py:2726} INFO - Sync 1 DAGs
[2024-10-09T11:05:57.192+0700] {logging_mixin.py:149} INFO - [2024-10-09T11:05:57.192+0700] {dag.py:3486} INFO - Setting next_dagrun for example_branch_labels to 2024-10-08T00:00:00+00:00, run_after=2024-10-09T00:00:00+00:00
[2024-10-09T11:05:57.769+0700] {processor.py:179} INFO - Processing /home/hasyidan/venv/lib/python3.8/site-packages/airflow/example_dags/example_branch_labels.py took 0.796 seconds
[2024-10-09T11:07:49.071+0700] {processor.py:157} INFO - Started process (PID=4647) to work on /home/hasyidan/venv/lib/python3.8/site-packages/airflow/example_dags/example_branch_labels.py
[2024-10-09T11:07:49.085+0700] {processor.py:826} INFO - Processing file /home/hasyidan/venv/lib/python3.8/site-packages/airflow/example_dags/example_branch_labels.py for tasks to queue
[2024-10-09T11:07:49.088+0700] {logging_mixin.py:149} INFO - [2024-10-09T11:07:49.087+0700] {dagbag.py:541} INFO - Filling up the DagBag from /home/hasyidan/venv/lib/python3.8/site-packages/airflow/example_dags/example_branch_labels.py
[2024-10-09T11:07:49.104+0700] {processor.py:836} INFO - DAG(s) dict_keys(['example_branch_labels']) retrieved from /home/hasyidan/venv/lib/python3.8/site-packages/airflow/example_dags/example_branch_labels.py
[2024-10-09T11:07:49.147+0700] {logging_mixin.py:149} INFO - [2024-10-09T11:07:49.146+0700] {dag.py:2726} INFO - Sync 1 DAGs
[2024-10-09T11:07:49.192+0700] {logging_mixin.py:149} INFO - [2024-10-09T11:07:49.192+0700] {dag.py:3486} INFO - Setting next_dagrun for example_branch_labels to 2024-10-08T00:00:00+00:00, run_after=2024-10-09T00:00:00+00:00
[2024-10-09T11:07:49.310+0700] {processor.py:179} INFO - Processing /home/hasyidan/venv/lib/python3.8/site-packages/airflow/example_dags/example_branch_labels.py took 0.244 seconds
[2024-10-09T11:08:49.178+0700] {processor.py:157} INFO - Started process (PID=4704) to work on /home/hasyidan/venv/lib/python3.8/site-packages/airflow/example_dags/example_branch_labels.py
[2024-10-09T11:08:49.224+0700] {processor.py:826} INFO - Processing file /home/hasyidan/venv/lib/python3.8/site-packages/airflow/example_dags/example_branch_labels.py for tasks to queue
[2024-10-09T11:08:49.227+0700] {logging_mixin.py:149} INFO - [2024-10-09T11:08:49.226+0700] {dagbag.py:541} INFO - Filling up the DagBag from /home/hasyidan/venv/lib/python3.8/site-packages/airflow/example_dags/example_branch_labels.py
[2024-10-09T11:08:49.244+0700] {processor.py:836} INFO - DAG(s) dict_keys(['example_branch_labels']) retrieved from /home/hasyidan/venv/lib/python3.8/site-packages/airflow/example_dags/example_branch_labels.py
[2024-10-09T11:08:49.284+0700] {logging_mixin.py:149} INFO - [2024-10-09T11:08:49.283+0700] {dag.py:2726} INFO - Sync 1 DAGs
[2024-10-09T11:08:49.332+0700] {logging_mixin.py:149} INFO - [2024-10-09T11:08:49.332+0700] {dag.py:3486} INFO - Setting next_dagrun for example_branch_labels to 2024-10-08T00:00:00+00:00, run_after=2024-10-09T00:00:00+00:00
[2024-10-09T11:08:49.514+0700] {processor.py:179} INFO - Processing /home/hasyidan/venv/lib/python3.8/site-packages/airflow/example_dags/example_branch_labels.py took 0.341 seconds
[2024-10-09T11:09:44.562+0700] {processor.py:157} INFO - Started process (PID=4758) to work on /home/hasyidan/venv/lib/python3.8/site-packages/airflow/example_dags/example_branch_labels.py
[2024-10-09T11:09:44.611+0700] {processor.py:826} INFO - Processing file /home/hasyidan/venv/lib/python3.8/site-packages/airflow/example_dags/example_branch_labels.py for tasks to queue
[2024-10-09T11:09:44.613+0700] {logging_mixin.py:149} INFO - [2024-10-09T11:09:44.613+0700] {dagbag.py:541} INFO - Filling up the DagBag from /home/hasyidan/venv/lib/python3.8/site-packages/airflow/example_dags/example_branch_labels.py
[2024-10-09T11:09:44.630+0700] {processor.py:836} INFO - DAG(s) dict_keys(['example_branch_labels']) retrieved from /home/hasyidan/venv/lib/python3.8/site-packages/airflow/example_dags/example_branch_labels.py
[2024-10-09T11:09:44.670+0700] {logging_mixin.py:149} INFO - [2024-10-09T11:09:44.670+0700] {dag.py:2726} INFO - Sync 1 DAGs
[2024-10-09T11:09:44.717+0700] {logging_mixin.py:149} INFO - [2024-10-09T11:09:44.717+0700] {dag.py:3486} INFO - Setting next_dagrun for example_branch_labels to 2024-10-08T00:00:00+00:00, run_after=2024-10-09T00:00:00+00:00
[2024-10-09T11:09:44.849+0700] {processor.py:179} INFO - Processing /home/hasyidan/venv/lib/python3.8/site-packages/airflow/example_dags/example_branch_labels.py took 0.294 seconds
[2024-10-09T11:10:41.665+0700] {processor.py:157} INFO - Started process (PID=4823) to work on /home/hasyidan/venv/lib/python3.8/site-packages/airflow/example_dags/example_branch_labels.py
[2024-10-09T11:10:41.688+0700] {processor.py:826} INFO - Processing file /home/hasyidan/venv/lib/python3.8/site-packages/airflow/example_dags/example_branch_labels.py for tasks to queue
[2024-10-09T11:10:41.691+0700] {logging_mixin.py:149} INFO - [2024-10-09T11:10:41.690+0700] {dagbag.py:541} INFO - Filling up the DagBag from /home/hasyidan/venv/lib/python3.8/site-packages/airflow/example_dags/example_branch_labels.py
[2024-10-09T11:10:41.710+0700] {processor.py:836} INFO - DAG(s) dict_keys(['example_branch_labels']) retrieved from /home/hasyidan/venv/lib/python3.8/site-packages/airflow/example_dags/example_branch_labels.py
[2024-10-09T11:10:41.836+0700] {logging_mixin.py:149} INFO - [2024-10-09T11:10:41.836+0700] {dag.py:2726} INFO - Sync 1 DAGs
[2024-10-09T11:10:41.886+0700] {logging_mixin.py:149} INFO - [2024-10-09T11:10:41.886+0700] {dag.py:3486} INFO - Setting next_dagrun for example_branch_labels to 2024-10-08T00:00:00+00:00, run_after=2024-10-09T00:00:00+00:00
[2024-10-09T11:10:42.011+0700] {processor.py:179} INFO - Processing /home/hasyidan/venv/lib/python3.8/site-packages/airflow/example_dags/example_branch_labels.py took 0.352 seconds
[2024-10-09T11:11:59.636+0700] {processor.py:157} INFO - Started process (PID=4903) to work on /home/hasyidan/venv/lib/python3.8/site-packages/airflow/example_dags/example_branch_labels.py
[2024-10-09T11:11:59.648+0700] {processor.py:826} INFO - Processing file /home/hasyidan/venv/lib/python3.8/site-packages/airflow/example_dags/example_branch_labels.py for tasks to queue
[2024-10-09T11:11:59.650+0700] {logging_mixin.py:149} INFO - [2024-10-09T11:11:59.650+0700] {dagbag.py:541} INFO - Filling up the DagBag from /home/hasyidan/venv/lib/python3.8/site-packages/airflow/example_dags/example_branch_labels.py
[2024-10-09T11:11:59.669+0700] {processor.py:836} INFO - DAG(s) dict_keys(['example_branch_labels']) retrieved from /home/hasyidan/venv/lib/python3.8/site-packages/airflow/example_dags/example_branch_labels.py
[2024-10-09T11:11:59.710+0700] {logging_mixin.py:149} INFO - [2024-10-09T11:11:59.710+0700] {dag.py:2726} INFO - Sync 1 DAGs
[2024-10-09T11:11:59.755+0700] {logging_mixin.py:149} INFO - [2024-10-09T11:11:59.755+0700] {dag.py:3486} INFO - Setting next_dagrun for example_branch_labels to 2024-10-08T00:00:00+00:00, run_after=2024-10-09T00:00:00+00:00
[2024-10-09T11:11:59.874+0700] {processor.py:179} INFO - Processing /home/hasyidan/venv/lib/python3.8/site-packages/airflow/example_dags/example_branch_labels.py took 0.246 seconds
[2024-10-09T11:12:54.886+0700] {processor.py:157} INFO - Started process (PID=4965) to work on /home/hasyidan/venv/lib/python3.8/site-packages/airflow/example_dags/example_branch_labels.py
[2024-10-09T11:12:54.895+0700] {processor.py:826} INFO - Processing file /home/hasyidan/venv/lib/python3.8/site-packages/airflow/example_dags/example_branch_labels.py for tasks to queue
[2024-10-09T11:12:54.897+0700] {logging_mixin.py:149} INFO - [2024-10-09T11:12:54.897+0700] {dagbag.py:541} INFO - Filling up the DagBag from /home/hasyidan/venv/lib/python3.8/site-packages/airflow/example_dags/example_branch_labels.py
[2024-10-09T11:12:54.914+0700] {processor.py:836} INFO - DAG(s) dict_keys(['example_branch_labels']) retrieved from /home/hasyidan/venv/lib/python3.8/site-packages/airflow/example_dags/example_branch_labels.py
[2024-10-09T11:12:54.956+0700] {logging_mixin.py:149} INFO - [2024-10-09T11:12:54.955+0700] {dag.py:2726} INFO - Sync 1 DAGs
[2024-10-09T11:12:55.002+0700] {logging_mixin.py:149} INFO - [2024-10-09T11:12:55.001+0700] {dag.py:3486} INFO - Setting next_dagrun for example_branch_labels to 2024-10-08T00:00:00+00:00, run_after=2024-10-09T00:00:00+00:00
[2024-10-09T11:12:55.117+0700] {processor.py:179} INFO - Processing /home/hasyidan/venv/lib/python3.8/site-packages/airflow/example_dags/example_branch_labels.py took 0.238 seconds
[2024-10-09T11:14:13.121+0700] {processor.py:157} INFO - Started process (PID=5043) to work on /home/hasyidan/venv/lib/python3.8/site-packages/airflow/example_dags/example_branch_labels.py
[2024-10-09T11:14:13.145+0700] {processor.py:826} INFO - Processing file /home/hasyidan/venv/lib/python3.8/site-packages/airflow/example_dags/example_branch_labels.py for tasks to queue
[2024-10-09T11:14:13.147+0700] {logging_mixin.py:149} INFO - [2024-10-09T11:14:13.147+0700] {dagbag.py:541} INFO - Filling up the DagBag from /home/hasyidan/venv/lib/python3.8/site-packages/airflow/example_dags/example_branch_labels.py
[2024-10-09T11:14:13.168+0700] {processor.py:836} INFO - DAG(s) dict_keys(['example_branch_labels']) retrieved from /home/hasyidan/venv/lib/python3.8/site-packages/airflow/example_dags/example_branch_labels.py
[2024-10-09T11:14:13.216+0700] {logging_mixin.py:149} INFO - [2024-10-09T11:14:13.216+0700] {dag.py:2726} INFO - Sync 1 DAGs
[2024-10-09T11:14:13.271+0700] {logging_mixin.py:149} INFO - [2024-10-09T11:14:13.270+0700] {dag.py:3486} INFO - Setting next_dagrun for example_branch_labels to 2024-10-08T00:00:00+00:00, run_after=2024-10-09T00:00:00+00:00
[2024-10-09T11:14:13.391+0700] {processor.py:179} INFO - Processing /home/hasyidan/venv/lib/python3.8/site-packages/airflow/example_dags/example_branch_labels.py took 0.280 seconds
[2024-10-09T11:16:17.736+0700] {processor.py:157} INFO - Started process (PID=5313) to work on /home/hasyidan/venv/lib/python3.8/site-packages/airflow/example_dags/example_branch_labels.py
[2024-10-09T11:16:17.742+0700] {processor.py:826} INFO - Processing file /home/hasyidan/venv/lib/python3.8/site-packages/airflow/example_dags/example_branch_labels.py for tasks to queue
[2024-10-09T11:16:17.745+0700] {logging_mixin.py:149} INFO - [2024-10-09T11:16:17.744+0700] {dagbag.py:541} INFO - Filling up the DagBag from /home/hasyidan/venv/lib/python3.8/site-packages/airflow/example_dags/example_branch_labels.py
[2024-10-09T11:16:17.771+0700] {processor.py:836} INFO - DAG(s) dict_keys(['example_branch_labels']) retrieved from /home/hasyidan/venv/lib/python3.8/site-packages/airflow/example_dags/example_branch_labels.py
[2024-10-09T11:16:17.846+0700] {logging_mixin.py:149} INFO - [2024-10-09T11:16:17.846+0700] {dag.py:2726} INFO - Sync 1 DAGs
[2024-10-09T11:16:17.938+0700] {logging_mixin.py:149} INFO - [2024-10-09T11:16:17.938+0700] {dag.py:3486} INFO - Setting next_dagrun for example_branch_labels to 2024-10-08T00:00:00+00:00, run_after=2024-10-09T00:00:00+00:00
[2024-10-09T11:16:18.106+0700] {processor.py:179} INFO - Processing /home/hasyidan/venv/lib/python3.8/site-packages/airflow/example_dags/example_branch_labels.py took 0.379 seconds
[2024-10-09T11:17:26.174+0700] {processor.py:157} INFO - Started process (PID=5382) to work on /home/hasyidan/venv/lib/python3.8/site-packages/airflow/example_dags/example_branch_labels.py
[2024-10-09T11:17:26.185+0700] {processor.py:826} INFO - Processing file /home/hasyidan/venv/lib/python3.8/site-packages/airflow/example_dags/example_branch_labels.py for tasks to queue
[2024-10-09T11:17:26.187+0700] {logging_mixin.py:149} INFO - [2024-10-09T11:17:26.187+0700] {dagbag.py:541} INFO - Filling up the DagBag from /home/hasyidan/venv/lib/python3.8/site-packages/airflow/example_dags/example_branch_labels.py
[2024-10-09T11:17:26.243+0700] {processor.py:836} INFO - DAG(s) dict_keys(['example_branch_labels']) retrieved from /home/hasyidan/venv/lib/python3.8/site-packages/airflow/example_dags/example_branch_labels.py
[2024-10-09T11:17:26.360+0700] {logging_mixin.py:149} INFO - [2024-10-09T11:17:26.359+0700] {dag.py:2726} INFO - Sync 1 DAGs
[2024-10-09T11:17:26.436+0700] {logging_mixin.py:149} INFO - [2024-10-09T11:17:26.436+0700] {dag.py:3486} INFO - Setting next_dagrun for example_branch_labels to 2024-10-08T00:00:00+00:00, run_after=2024-10-09T00:00:00+00:00
[2024-10-09T11:17:26.572+0700] {processor.py:179} INFO - Processing /home/hasyidan/venv/lib/python3.8/site-packages/airflow/example_dags/example_branch_labels.py took 0.408 seconds
[2024-10-09T11:18:34.994+0700] {processor.py:157} INFO - Started process (PID=5456) to work on /home/hasyidan/venv/lib/python3.8/site-packages/airflow/example_dags/example_branch_labels.py
[2024-10-09T11:18:35.022+0700] {processor.py:826} INFO - Processing file /home/hasyidan/venv/lib/python3.8/site-packages/airflow/example_dags/example_branch_labels.py for tasks to queue
[2024-10-09T11:18:35.024+0700] {logging_mixin.py:149} INFO - [2024-10-09T11:18:35.023+0700] {dagbag.py:541} INFO - Filling up the DagBag from /home/hasyidan/venv/lib/python3.8/site-packages/airflow/example_dags/example_branch_labels.py
[2024-10-09T11:18:35.043+0700] {processor.py:836} INFO - DAG(s) dict_keys(['example_branch_labels']) retrieved from /home/hasyidan/venv/lib/python3.8/site-packages/airflow/example_dags/example_branch_labels.py
[2024-10-09T11:18:35.109+0700] {logging_mixin.py:149} INFO - [2024-10-09T11:18:35.108+0700] {dag.py:2726} INFO - Sync 1 DAGs
[2024-10-09T11:18:35.187+0700] {logging_mixin.py:149} INFO - [2024-10-09T11:18:35.187+0700] {dag.py:3486} INFO - Setting next_dagrun for example_branch_labels to 2024-10-08T00:00:00+00:00, run_after=2024-10-09T00:00:00+00:00
[2024-10-09T11:18:35.333+0700] {processor.py:179} INFO - Processing /home/hasyidan/venv/lib/python3.8/site-packages/airflow/example_dags/example_branch_labels.py took 0.353 seconds
[2024-10-09T11:19:37.854+0700] {processor.py:157} INFO - Started process (PID=5524) to work on /home/hasyidan/venv/lib/python3.8/site-packages/airflow/example_dags/example_branch_labels.py
[2024-10-09T11:19:37.882+0700] {processor.py:826} INFO - Processing file /home/hasyidan/venv/lib/python3.8/site-packages/airflow/example_dags/example_branch_labels.py for tasks to queue
[2024-10-09T11:19:37.884+0700] {logging_mixin.py:149} INFO - [2024-10-09T11:19:37.883+0700] {dagbag.py:541} INFO - Filling up the DagBag from /home/hasyidan/venv/lib/python3.8/site-packages/airflow/example_dags/example_branch_labels.py
[2024-10-09T11:19:37.912+0700] {processor.py:836} INFO - DAG(s) dict_keys(['example_branch_labels']) retrieved from /home/hasyidan/venv/lib/python3.8/site-packages/airflow/example_dags/example_branch_labels.py
[2024-10-09T11:19:37.979+0700] {logging_mixin.py:149} INFO - [2024-10-09T11:19:37.979+0700] {dag.py:2726} INFO - Sync 1 DAGs
[2024-10-09T11:19:38.065+0700] {logging_mixin.py:149} INFO - [2024-10-09T11:19:38.064+0700] {dag.py:3486} INFO - Setting next_dagrun for example_branch_labels to 2024-10-08T00:00:00+00:00, run_after=2024-10-09T00:00:00+00:00
[2024-10-09T11:19:38.213+0700] {processor.py:179} INFO - Processing /home/hasyidan/venv/lib/python3.8/site-packages/airflow/example_dags/example_branch_labels.py took 0.368 seconds
[2024-10-09T11:20:43.535+0700] {processor.py:157} INFO - Started process (PID=5596) to work on /home/hasyidan/venv/lib/python3.8/site-packages/airflow/example_dags/example_branch_labels.py
[2024-10-09T11:20:43.569+0700] {processor.py:826} INFO - Processing file /home/hasyidan/venv/lib/python3.8/site-packages/airflow/example_dags/example_branch_labels.py for tasks to queue
[2024-10-09T11:20:43.571+0700] {logging_mixin.py:149} INFO - [2024-10-09T11:20:43.570+0700] {dagbag.py:541} INFO - Filling up the DagBag from /home/hasyidan/venv/lib/python3.8/site-packages/airflow/example_dags/example_branch_labels.py
[2024-10-09T11:20:43.600+0700] {processor.py:836} INFO - DAG(s) dict_keys(['example_branch_labels']) retrieved from /home/hasyidan/venv/lib/python3.8/site-packages/airflow/example_dags/example_branch_labels.py
[2024-10-09T11:20:43.680+0700] {logging_mixin.py:149} INFO - [2024-10-09T11:20:43.680+0700] {dag.py:2726} INFO - Sync 1 DAGs
[2024-10-09T11:20:43.775+0700] {logging_mixin.py:149} INFO - [2024-10-09T11:20:43.774+0700] {dag.py:3486} INFO - Setting next_dagrun for example_branch_labels to 2024-10-08T00:00:00+00:00, run_after=2024-10-09T00:00:00+00:00
[2024-10-09T11:20:43.929+0700] {processor.py:179} INFO - Processing /home/hasyidan/venv/lib/python3.8/site-packages/airflow/example_dags/example_branch_labels.py took 0.406 seconds
[2024-10-09T11:21:52.264+0700] {processor.py:157} INFO - Started process (PID=5661) to work on /home/hasyidan/venv/lib/python3.8/site-packages/airflow/example_dags/example_branch_labels.py
[2024-10-09T11:21:52.345+0700] {processor.py:826} INFO - Processing file /home/hasyidan/venv/lib/python3.8/site-packages/airflow/example_dags/example_branch_labels.py for tasks to queue
[2024-10-09T11:21:52.346+0700] {logging_mixin.py:149} INFO - [2024-10-09T11:21:52.346+0700] {dagbag.py:541} INFO - Filling up the DagBag from /home/hasyidan/venv/lib/python3.8/site-packages/airflow/example_dags/example_branch_labels.py
[2024-10-09T11:21:52.378+0700] {processor.py:836} INFO - DAG(s) dict_keys(['example_branch_labels']) retrieved from /home/hasyidan/venv/lib/python3.8/site-packages/airflow/example_dags/example_branch_labels.py
[2024-10-09T11:21:52.447+0700] {logging_mixin.py:149} INFO - [2024-10-09T11:21:52.446+0700] {dag.py:2726} INFO - Sync 1 DAGs
[2024-10-09T11:21:52.545+0700] {logging_mixin.py:149} INFO - [2024-10-09T11:21:52.538+0700] {dag.py:3486} INFO - Setting next_dagrun for example_branch_labels to 2024-10-08T00:00:00+00:00, run_after=2024-10-09T00:00:00+00:00
[2024-10-09T11:21:52.695+0700] {processor.py:179} INFO - Processing /home/hasyidan/venv/lib/python3.8/site-packages/airflow/example_dags/example_branch_labels.py took 0.441 seconds
[2024-10-09T11:22:53.516+0700] {processor.py:157} INFO - Started process (PID=5722) to work on /home/hasyidan/venv/lib/python3.8/site-packages/airflow/example_dags/example_branch_labels.py
[2024-10-09T11:22:53.532+0700] {processor.py:826} INFO - Processing file /home/hasyidan/venv/lib/python3.8/site-packages/airflow/example_dags/example_branch_labels.py for tasks to queue
[2024-10-09T11:22:53.536+0700] {logging_mixin.py:149} INFO - [2024-10-09T11:22:53.535+0700] {dagbag.py:541} INFO - Filling up the DagBag from /home/hasyidan/venv/lib/python3.8/site-packages/airflow/example_dags/example_branch_labels.py
[2024-10-09T11:22:53.572+0700] {processor.py:836} INFO - DAG(s) dict_keys(['example_branch_labels']) retrieved from /home/hasyidan/venv/lib/python3.8/site-packages/airflow/example_dags/example_branch_labels.py
[2024-10-09T11:22:53.646+0700] {logging_mixin.py:149} INFO - [2024-10-09T11:22:53.645+0700] {dag.py:2726} INFO - Sync 1 DAGs
[2024-10-09T11:22:53.717+0700] {logging_mixin.py:149} INFO - [2024-10-09T11:22:53.717+0700] {dag.py:3486} INFO - Setting next_dagrun for example_branch_labels to 2024-10-08T00:00:00+00:00, run_after=2024-10-09T00:00:00+00:00
[2024-10-09T11:22:53.866+0700] {processor.py:179} INFO - Processing /home/hasyidan/venv/lib/python3.8/site-packages/airflow/example_dags/example_branch_labels.py took 0.358 seconds
[2024-10-09T11:24:00.228+0700] {processor.py:157} INFO - Started process (PID=5788) to work on /home/hasyidan/venv/lib/python3.8/site-packages/airflow/example_dags/example_branch_labels.py
[2024-10-09T11:24:00.242+0700] {processor.py:826} INFO - Processing file /home/hasyidan/venv/lib/python3.8/site-packages/airflow/example_dags/example_branch_labels.py for tasks to queue
[2024-10-09T11:24:00.245+0700] {logging_mixin.py:149} INFO - [2024-10-09T11:24:00.244+0700] {dagbag.py:541} INFO - Filling up the DagBag from /home/hasyidan/venv/lib/python3.8/site-packages/airflow/example_dags/example_branch_labels.py
[2024-10-09T11:24:00.270+0700] {processor.py:836} INFO - DAG(s) dict_keys(['example_branch_labels']) retrieved from /home/hasyidan/venv/lib/python3.8/site-packages/airflow/example_dags/example_branch_labels.py
[2024-10-09T11:24:00.336+0700] {logging_mixin.py:149} INFO - [2024-10-09T11:24:00.335+0700] {dag.py:2726} INFO - Sync 1 DAGs
[2024-10-09T11:24:00.426+0700] {logging_mixin.py:149} INFO - [2024-10-09T11:24:00.425+0700] {dag.py:3486} INFO - Setting next_dagrun for example_branch_labels to 2024-10-08T00:00:00+00:00, run_after=2024-10-09T00:00:00+00:00
[2024-10-09T11:24:00.640+0700] {processor.py:179} INFO - Processing /home/hasyidan/venv/lib/python3.8/site-packages/airflow/example_dags/example_branch_labels.py took 0.419 seconds
[2024-10-09T11:25:08.352+0700] {processor.py:157} INFO - Started process (PID=5858) to work on /home/hasyidan/venv/lib/python3.8/site-packages/airflow/example_dags/example_branch_labels.py
[2024-10-09T11:25:08.386+0700] {processor.py:826} INFO - Processing file /home/hasyidan/venv/lib/python3.8/site-packages/airflow/example_dags/example_branch_labels.py for tasks to queue
[2024-10-09T11:25:08.389+0700] {logging_mixin.py:149} INFO - [2024-10-09T11:25:08.388+0700] {dagbag.py:541} INFO - Filling up the DagBag from /home/hasyidan/venv/lib/python3.8/site-packages/airflow/example_dags/example_branch_labels.py
[2024-10-09T11:25:08.425+0700] {processor.py:836} INFO - DAG(s) dict_keys(['example_branch_labels']) retrieved from /home/hasyidan/venv/lib/python3.8/site-packages/airflow/example_dags/example_branch_labels.py
[2024-10-09T11:25:08.498+0700] {logging_mixin.py:149} INFO - [2024-10-09T11:25:08.498+0700] {dag.py:2726} INFO - Sync 1 DAGs
[2024-10-09T11:25:08.578+0700] {logging_mixin.py:149} INFO - [2024-10-09T11:25:08.577+0700] {dag.py:3486} INFO - Setting next_dagrun for example_branch_labels to 2024-10-08T00:00:00+00:00, run_after=2024-10-09T00:00:00+00:00
[2024-10-09T11:25:08.721+0700] {processor.py:179} INFO - Processing /home/hasyidan/venv/lib/python3.8/site-packages/airflow/example_dags/example_branch_labels.py took 0.379 seconds
[2024-10-09T11:28:38.322+0700] {processor.py:157} INFO - Started process (PID=6017) to work on /home/hasyidan/venv/lib/python3.8/site-packages/airflow/example_dags/example_branch_labels.py
[2024-10-09T11:28:38.345+0700] {processor.py:826} INFO - Processing file /home/hasyidan/venv/lib/python3.8/site-packages/airflow/example_dags/example_branch_labels.py for tasks to queue
[2024-10-09T11:28:38.347+0700] {logging_mixin.py:149} INFO - [2024-10-09T11:28:38.347+0700] {dagbag.py:541} INFO - Filling up the DagBag from /home/hasyidan/venv/lib/python3.8/site-packages/airflow/example_dags/example_branch_labels.py
[2024-10-09T11:28:38.370+0700] {processor.py:836} INFO - DAG(s) dict_keys(['example_branch_labels']) retrieved from /home/hasyidan/venv/lib/python3.8/site-packages/airflow/example_dags/example_branch_labels.py
[2024-10-09T11:28:38.428+0700] {logging_mixin.py:149} INFO - [2024-10-09T11:28:38.428+0700] {dag.py:2726} INFO - Sync 1 DAGs
[2024-10-09T11:28:38.502+0700] {logging_mixin.py:149} INFO - [2024-10-09T11:28:38.502+0700] {dag.py:3486} INFO - Setting next_dagrun for example_branch_labels to 2024-10-08T00:00:00+00:00, run_after=2024-10-09T00:00:00+00:00
[2024-10-09T11:28:39.061+0700] {processor.py:179} INFO - Processing /home/hasyidan/venv/lib/python3.8/site-packages/airflow/example_dags/example_branch_labels.py took 0.748 seconds
[2024-10-09T11:32:51.630+0700] {processor.py:157} INFO - Started process (PID=6302) to work on /home/hasyidan/venv/lib/python3.8/site-packages/airflow/example_dags/example_branch_labels.py
[2024-10-09T11:32:52.132+0700] {processor.py:826} INFO - Processing file /home/hasyidan/venv/lib/python3.8/site-packages/airflow/example_dags/example_branch_labels.py for tasks to queue
[2024-10-09T11:32:52.135+0700] {logging_mixin.py:149} INFO - [2024-10-09T11:32:52.134+0700] {dagbag.py:541} INFO - Filling up the DagBag from /home/hasyidan/venv/lib/python3.8/site-packages/airflow/example_dags/example_branch_labels.py
[2024-10-09T11:32:52.364+0700] {processor.py:836} INFO - DAG(s) dict_keys(['example_branch_labels']) retrieved from /home/hasyidan/venv/lib/python3.8/site-packages/airflow/example_dags/example_branch_labels.py
[2024-10-09T11:32:52.510+0700] {logging_mixin.py:149} INFO - [2024-10-09T11:32:52.510+0700] {dag.py:2726} INFO - Sync 1 DAGs
[2024-10-09T11:32:52.569+0700] {logging_mixin.py:149} INFO - [2024-10-09T11:32:52.568+0700] {dag.py:3486} INFO - Setting next_dagrun for example_branch_labels to 2024-10-08T00:00:00+00:00, run_after=2024-10-09T00:00:00+00:00
[2024-10-09T11:32:54.006+0700] {processor.py:179} INFO - Processing /home/hasyidan/venv/lib/python3.8/site-packages/airflow/example_dags/example_branch_labels.py took 2.382 seconds
[2024-10-09T11:35:46.054+0700] {processor.py:157} INFO - Started process (PID=6620) to work on /home/hasyidan/venv/lib/python3.8/site-packages/airflow/example_dags/example_branch_labels.py
[2024-10-09T11:35:46.121+0700] {processor.py:826} INFO - Processing file /home/hasyidan/venv/lib/python3.8/site-packages/airflow/example_dags/example_branch_labels.py for tasks to queue
[2024-10-09T11:35:46.139+0700] {logging_mixin.py:149} INFO - [2024-10-09T11:35:46.123+0700] {dagbag.py:541} INFO - Filling up the DagBag from /home/hasyidan/venv/lib/python3.8/site-packages/airflow/example_dags/example_branch_labels.py
[2024-10-09T11:35:46.213+0700] {processor.py:836} INFO - DAG(s) dict_keys(['example_branch_labels']) retrieved from /home/hasyidan/venv/lib/python3.8/site-packages/airflow/example_dags/example_branch_labels.py
[2024-10-09T11:35:46.387+0700] {logging_mixin.py:149} INFO - [2024-10-09T11:35:46.386+0700] {dag.py:2726} INFO - Sync 1 DAGs
[2024-10-09T11:35:46.581+0700] {logging_mixin.py:149} INFO - [2024-10-09T11:35:46.580+0700] {dag.py:3486} INFO - Setting next_dagrun for example_branch_labels to 2024-10-08T00:00:00+00:00, run_after=2024-10-09T00:00:00+00:00
[2024-10-09T11:35:46.885+0700] {processor.py:179} INFO - Processing /home/hasyidan/venv/lib/python3.8/site-packages/airflow/example_dags/example_branch_labels.py took 0.841 seconds
