[2024-10-09T11:00:01.382+0700] {processor.py:157} INFO - Started process (PID=3980) to work on /home/hasyidan/venv/lib/python3.8/site-packages/airflow/example_dags/example_branch_operator_decorator.py
[2024-10-09T11:00:01.384+0700] {processor.py:826} INFO - Processing file /home/hasyidan/venv/lib/python3.8/site-packages/airflow/example_dags/example_branch_operator_decorator.py for tasks to queue
[2024-10-09T11:00:01.385+0700] {logging_mixin.py:149} INFO - [2024-10-09T11:00:01.385+0700] {dagbag.py:541} INFO - Filling up the DagBag from /home/hasyidan/venv/lib/python3.8/site-packages/airflow/example_dags/example_branch_operator_decorator.py
[2024-10-09T11:00:01.446+0700] {processor.py:836} INFO - DAG(s) dict_keys(['example_branch_python_operator_decorator']) retrieved from /home/hasyidan/venv/lib/python3.8/site-packages/airflow/example_dags/example_branch_operator_decorator.py
[2024-10-09T11:00:01.657+0700] {logging_mixin.py:149} INFO - [2024-10-09T11:00:01.657+0700] {dag.py:2726} INFO - Sync 1 DAGs
[2024-10-09T11:00:01.707+0700] {logging_mixin.py:149} INFO - [2024-10-09T11:00:01.707+0700] {dag.py:3486} INFO - Setting next_dagrun for example_branch_python_operator_decorator to 2024-10-08T00:00:00+00:00, run_after=2024-10-09T00:00:00+00:00
[2024-10-09T11:00:02.065+0700] {processor.py:179} INFO - Processing /home/hasyidan/venv/lib/python3.8/site-packages/airflow/example_dags/example_branch_operator_decorator.py took 0.690 seconds
[2024-10-09T11:02:00.896+0700] {processor.py:157} INFO - Started process (PID=4173) to work on /home/hasyidan/venv/lib/python3.8/site-packages/airflow/example_dags/example_branch_operator_decorator.py
[2024-10-09T11:02:00.938+0700] {processor.py:826} INFO - Processing file /home/hasyidan/venv/lib/python3.8/site-packages/airflow/example_dags/example_branch_operator_decorator.py for tasks to queue
[2024-10-09T11:02:00.940+0700] {logging_mixin.py:149} INFO - [2024-10-09T11:02:00.940+0700] {dagbag.py:541} INFO - Filling up the DagBag from /home/hasyidan/venv/lib/python3.8/site-packages/airflow/example_dags/example_branch_operator_decorator.py
[2024-10-09T11:02:01.228+0700] {processor.py:836} INFO - DAG(s) dict_keys(['example_branch_python_operator_decorator']) retrieved from /home/hasyidan/venv/lib/python3.8/site-packages/airflow/example_dags/example_branch_operator_decorator.py
[2024-10-09T11:02:01.261+0700] {logging_mixin.py:149} INFO - [2024-10-09T11:02:01.261+0700] {dag.py:2726} INFO - Sync 1 DAGs
[2024-10-09T11:02:01.303+0700] {logging_mixin.py:149} INFO - [2024-10-09T11:02:01.303+0700] {dag.py:3486} INFO - Setting next_dagrun for example_branch_python_operator_decorator to 2024-10-08T00:00:00+00:00, run_after=2024-10-09T00:00:00+00:00
[2024-10-09T11:02:01.470+0700] {processor.py:179} INFO - Processing /home/hasyidan/venv/lib/python3.8/site-packages/airflow/example_dags/example_branch_operator_decorator.py took 0.581 seconds
[2024-10-09T11:03:03.427+0700] {processor.py:157} INFO - Started process (PID=4232) to work on /home/hasyidan/venv/lib/python3.8/site-packages/airflow/example_dags/example_branch_operator_decorator.py
[2024-10-09T11:03:03.465+0700] {processor.py:826} INFO - Processing file /home/hasyidan/venv/lib/python3.8/site-packages/airflow/example_dags/example_branch_operator_decorator.py for tasks to queue
[2024-10-09T11:03:03.468+0700] {logging_mixin.py:149} INFO - [2024-10-09T11:03:03.467+0700] {dagbag.py:541} INFO - Filling up the DagBag from /home/hasyidan/venv/lib/python3.8/site-packages/airflow/example_dags/example_branch_operator_decorator.py
[2024-10-09T11:03:03.492+0700] {processor.py:836} INFO - DAG(s) dict_keys(['example_branch_python_operator_decorator']) retrieved from /home/hasyidan/venv/lib/python3.8/site-packages/airflow/example_dags/example_branch_operator_decorator.py
[2024-10-09T11:03:03.622+0700] {logging_mixin.py:149} INFO - [2024-10-09T11:03:03.621+0700] {dag.py:2726} INFO - Sync 1 DAGs
[2024-10-09T11:03:03.667+0700] {logging_mixin.py:149} INFO - [2024-10-09T11:03:03.667+0700] {dag.py:3486} INFO - Setting next_dagrun for example_branch_python_operator_decorator to 2024-10-08T00:00:00+00:00, run_after=2024-10-09T00:00:00+00:00
[2024-10-09T11:03:03.821+0700] {processor.py:179} INFO - Processing /home/hasyidan/venv/lib/python3.8/site-packages/airflow/example_dags/example_branch_operator_decorator.py took 0.400 seconds
[2024-10-09T11:04:02.723+0700] {processor.py:157} INFO - Started process (PID=4288) to work on /home/hasyidan/venv/lib/python3.8/site-packages/airflow/example_dags/example_branch_operator_decorator.py
[2024-10-09T11:04:02.725+0700] {processor.py:826} INFO - Processing file /home/hasyidan/venv/lib/python3.8/site-packages/airflow/example_dags/example_branch_operator_decorator.py for tasks to queue
[2024-10-09T11:04:02.726+0700] {logging_mixin.py:149} INFO - [2024-10-09T11:04:02.726+0700] {dagbag.py:541} INFO - Filling up the DagBag from /home/hasyidan/venv/lib/python3.8/site-packages/airflow/example_dags/example_branch_operator_decorator.py
[2024-10-09T11:04:02.746+0700] {processor.py:836} INFO - DAG(s) dict_keys(['example_branch_python_operator_decorator']) retrieved from /home/hasyidan/venv/lib/python3.8/site-packages/airflow/example_dags/example_branch_operator_decorator.py
[2024-10-09T11:04:02.788+0700] {logging_mixin.py:149} INFO - [2024-10-09T11:04:02.787+0700] {dag.py:2726} INFO - Sync 1 DAGs
[2024-10-09T11:04:02.833+0700] {logging_mixin.py:149} INFO - [2024-10-09T11:04:02.833+0700] {dag.py:3486} INFO - Setting next_dagrun for example_branch_python_operator_decorator to 2024-10-08T00:00:00+00:00, run_after=2024-10-09T00:00:00+00:00
[2024-10-09T11:04:02.970+0700] {processor.py:179} INFO - Processing /home/hasyidan/venv/lib/python3.8/site-packages/airflow/example_dags/example_branch_operator_decorator.py took 0.253 seconds
[2024-10-09T11:06:19.391+0700] {processor.py:157} INFO - Started process (PID=4497) to work on /home/hasyidan/venv/lib/python3.8/site-packages/airflow/example_dags/example_branch_operator_decorator.py
[2024-10-09T11:06:19.465+0700] {processor.py:826} INFO - Processing file /home/hasyidan/venv/lib/python3.8/site-packages/airflow/example_dags/example_branch_operator_decorator.py for tasks to queue
[2024-10-09T11:06:19.468+0700] {logging_mixin.py:149} INFO - [2024-10-09T11:06:19.467+0700] {dagbag.py:541} INFO - Filling up the DagBag from /home/hasyidan/venv/lib/python3.8/site-packages/airflow/example_dags/example_branch_operator_decorator.py
[2024-10-09T11:06:19.531+0700] {processor.py:836} INFO - DAG(s) dict_keys(['example_branch_python_operator_decorator']) retrieved from /home/hasyidan/venv/lib/python3.8/site-packages/airflow/example_dags/example_branch_operator_decorator.py
[2024-10-09T11:06:19.575+0700] {logging_mixin.py:149} INFO - [2024-10-09T11:06:19.574+0700] {dag.py:2726} INFO - Sync 1 DAGs
[2024-10-09T11:06:19.620+0700] {logging_mixin.py:149} INFO - [2024-10-09T11:06:19.620+0700] {dag.py:3486} INFO - Setting next_dagrun for example_branch_python_operator_decorator to 2024-10-08T00:00:00+00:00, run_after=2024-10-09T00:00:00+00:00
[2024-10-09T11:06:20.115+0700] {processor.py:179} INFO - Processing /home/hasyidan/venv/lib/python3.8/site-packages/airflow/example_dags/example_branch_operator_decorator.py took 0.729 seconds
[2024-10-09T11:07:57.011+0700] {processor.py:157} INFO - Started process (PID=4654) to work on /home/hasyidan/venv/lib/python3.8/site-packages/airflow/example_dags/example_branch_operator_decorator.py
[2024-10-09T11:07:57.058+0700] {processor.py:826} INFO - Processing file /home/hasyidan/venv/lib/python3.8/site-packages/airflow/example_dags/example_branch_operator_decorator.py for tasks to queue
[2024-10-09T11:07:57.061+0700] {logging_mixin.py:149} INFO - [2024-10-09T11:07:57.061+0700] {dagbag.py:541} INFO - Filling up the DagBag from /home/hasyidan/venv/lib/python3.8/site-packages/airflow/example_dags/example_branch_operator_decorator.py
[2024-10-09T11:07:57.084+0700] {processor.py:836} INFO - DAG(s) dict_keys(['example_branch_python_operator_decorator']) retrieved from /home/hasyidan/venv/lib/python3.8/site-packages/airflow/example_dags/example_branch_operator_decorator.py
[2024-10-09T11:07:57.128+0700] {logging_mixin.py:149} INFO - [2024-10-09T11:07:57.127+0700] {dag.py:2726} INFO - Sync 1 DAGs
[2024-10-09T11:07:57.173+0700] {logging_mixin.py:149} INFO - [2024-10-09T11:07:57.172+0700] {dag.py:3486} INFO - Setting next_dagrun for example_branch_python_operator_decorator to 2024-10-08T00:00:00+00:00, run_after=2024-10-09T00:00:00+00:00
[2024-10-09T11:07:57.298+0700] {processor.py:179} INFO - Processing /home/hasyidan/venv/lib/python3.8/site-packages/airflow/example_dags/example_branch_operator_decorator.py took 0.294 seconds
[2024-10-09T11:08:57.511+0700] {processor.py:157} INFO - Started process (PID=4711) to work on /home/hasyidan/venv/lib/python3.8/site-packages/airflow/example_dags/example_branch_operator_decorator.py
[2024-10-09T11:08:57.530+0700] {processor.py:826} INFO - Processing file /home/hasyidan/venv/lib/python3.8/site-packages/airflow/example_dags/example_branch_operator_decorator.py for tasks to queue
[2024-10-09T11:08:57.533+0700] {logging_mixin.py:149} INFO - [2024-10-09T11:08:57.532+0700] {dagbag.py:541} INFO - Filling up the DagBag from /home/hasyidan/venv/lib/python3.8/site-packages/airflow/example_dags/example_branch_operator_decorator.py
[2024-10-09T11:08:57.556+0700] {processor.py:836} INFO - DAG(s) dict_keys(['example_branch_python_operator_decorator']) retrieved from /home/hasyidan/venv/lib/python3.8/site-packages/airflow/example_dags/example_branch_operator_decorator.py
[2024-10-09T11:08:57.599+0700] {logging_mixin.py:149} INFO - [2024-10-09T11:08:57.598+0700] {dag.py:2726} INFO - Sync 1 DAGs
[2024-10-09T11:08:57.646+0700] {logging_mixin.py:149} INFO - [2024-10-09T11:08:57.646+0700] {dag.py:3486} INFO - Setting next_dagrun for example_branch_python_operator_decorator to 2024-10-08T00:00:00+00:00, run_after=2024-10-09T00:00:00+00:00
[2024-10-09T11:08:57.769+0700] {processor.py:179} INFO - Processing /home/hasyidan/venv/lib/python3.8/site-packages/airflow/example_dags/example_branch_operator_decorator.py took 0.266 seconds
[2024-10-09T11:10:14.150+0700] {processor.py:157} INFO - Started process (PID=4785) to work on /home/hasyidan/venv/lib/python3.8/site-packages/airflow/example_dags/example_branch_operator_decorator.py
[2024-10-09T11:10:14.212+0700] {processor.py:826} INFO - Processing file /home/hasyidan/venv/lib/python3.8/site-packages/airflow/example_dags/example_branch_operator_decorator.py for tasks to queue
[2024-10-09T11:10:14.215+0700] {logging_mixin.py:149} INFO - [2024-10-09T11:10:14.214+0700] {dagbag.py:541} INFO - Filling up the DagBag from /home/hasyidan/venv/lib/python3.8/site-packages/airflow/example_dags/example_branch_operator_decorator.py
[2024-10-09T11:10:14.237+0700] {processor.py:836} INFO - DAG(s) dict_keys(['example_branch_python_operator_decorator']) retrieved from /home/hasyidan/venv/lib/python3.8/site-packages/airflow/example_dags/example_branch_operator_decorator.py
[2024-10-09T11:10:14.281+0700] {logging_mixin.py:149} INFO - [2024-10-09T11:10:14.281+0700] {dag.py:2726} INFO - Sync 1 DAGs
[2024-10-09T11:10:14.327+0700] {logging_mixin.py:149} INFO - [2024-10-09T11:10:14.327+0700] {dag.py:3486} INFO - Setting next_dagrun for example_branch_python_operator_decorator to 2024-10-08T00:00:00+00:00, run_after=2024-10-09T00:00:00+00:00
[2024-10-09T11:10:14.451+0700] {processor.py:179} INFO - Processing /home/hasyidan/venv/lib/python3.8/site-packages/airflow/example_dags/example_branch_operator_decorator.py took 0.307 seconds
[2024-10-09T11:11:36.443+0700] {processor.py:157} INFO - Started process (PID=4881) to work on /home/hasyidan/venv/lib/python3.8/site-packages/airflow/example_dags/example_branch_operator_decorator.py
[2024-10-09T11:11:36.486+0700] {processor.py:826} INFO - Processing file /home/hasyidan/venv/lib/python3.8/site-packages/airflow/example_dags/example_branch_operator_decorator.py for tasks to queue
[2024-10-09T11:11:36.489+0700] {logging_mixin.py:149} INFO - [2024-10-09T11:11:36.488+0700] {dagbag.py:541} INFO - Filling up the DagBag from /home/hasyidan/venv/lib/python3.8/site-packages/airflow/example_dags/example_branch_operator_decorator.py
[2024-10-09T11:11:36.512+0700] {processor.py:836} INFO - DAG(s) dict_keys(['example_branch_python_operator_decorator']) retrieved from /home/hasyidan/venv/lib/python3.8/site-packages/airflow/example_dags/example_branch_operator_decorator.py
[2024-10-09T11:11:36.553+0700] {logging_mixin.py:149} INFO - [2024-10-09T11:11:36.553+0700] {dag.py:2726} INFO - Sync 1 DAGs
[2024-10-09T11:11:36.599+0700] {logging_mixin.py:149} INFO - [2024-10-09T11:11:36.599+0700] {dag.py:3486} INFO - Setting next_dagrun for example_branch_python_operator_decorator to 2024-10-08T00:00:00+00:00, run_after=2024-10-09T00:00:00+00:00
[2024-10-09T11:11:36.714+0700] {processor.py:179} INFO - Processing /home/hasyidan/venv/lib/python3.8/site-packages/airflow/example_dags/example_branch_operator_decorator.py took 0.278 seconds
[2024-10-09T11:12:56.267+0700] {processor.py:157} INFO - Started process (PID=4966) to work on /home/hasyidan/venv/lib/python3.8/site-packages/airflow/example_dags/example_branch_operator_decorator.py
[2024-10-09T11:12:56.304+0700] {processor.py:826} INFO - Processing file /home/hasyidan/venv/lib/python3.8/site-packages/airflow/example_dags/example_branch_operator_decorator.py for tasks to queue
[2024-10-09T11:12:56.307+0700] {logging_mixin.py:149} INFO - [2024-10-09T11:12:56.306+0700] {dagbag.py:541} INFO - Filling up the DagBag from /home/hasyidan/venv/lib/python3.8/site-packages/airflow/example_dags/example_branch_operator_decorator.py
[2024-10-09T11:12:56.331+0700] {processor.py:836} INFO - DAG(s) dict_keys(['example_branch_python_operator_decorator']) retrieved from /home/hasyidan/venv/lib/python3.8/site-packages/airflow/example_dags/example_branch_operator_decorator.py
[2024-10-09T11:12:56.373+0700] {logging_mixin.py:149} INFO - [2024-10-09T11:12:56.373+0700] {dag.py:2726} INFO - Sync 1 DAGs
[2024-10-09T11:12:56.419+0700] {logging_mixin.py:149} INFO - [2024-10-09T11:12:56.419+0700] {dag.py:3486} INFO - Setting next_dagrun for example_branch_python_operator_decorator to 2024-10-08T00:00:00+00:00, run_after=2024-10-09T00:00:00+00:00
[2024-10-09T11:12:56.550+0700] {processor.py:179} INFO - Processing /home/hasyidan/venv/lib/python3.8/site-packages/airflow/example_dags/example_branch_operator_decorator.py took 0.289 seconds
[2024-10-09T11:14:18.343+0700] {processor.py:157} INFO - Started process (PID=5050) to work on /home/hasyidan/venv/lib/python3.8/site-packages/airflow/example_dags/example_branch_operator_decorator.py
[2024-10-09T11:14:18.743+0700] {processor.py:826} INFO - Processing file /home/hasyidan/venv/lib/python3.8/site-packages/airflow/example_dags/example_branch_operator_decorator.py for tasks to queue
[2024-10-09T11:14:18.746+0700] {logging_mixin.py:149} INFO - [2024-10-09T11:14:18.745+0700] {dagbag.py:541} INFO - Filling up the DagBag from /home/hasyidan/venv/lib/python3.8/site-packages/airflow/example_dags/example_branch_operator_decorator.py
[2024-10-09T11:14:18.769+0700] {processor.py:836} INFO - DAG(s) dict_keys(['example_branch_python_operator_decorator']) retrieved from /home/hasyidan/venv/lib/python3.8/site-packages/airflow/example_dags/example_branch_operator_decorator.py
[2024-10-09T11:14:19.350+0700] {logging_mixin.py:149} INFO - [2024-10-09T11:14:19.349+0700] {dag.py:2726} INFO - Sync 1 DAGs
[2024-10-09T11:14:19.396+0700] {logging_mixin.py:149} INFO - [2024-10-09T11:14:19.395+0700] {dag.py:3486} INFO - Setting next_dagrun for example_branch_python_operator_decorator to 2024-10-08T00:00:00+00:00, run_after=2024-10-09T00:00:00+00:00
[2024-10-09T11:14:19.835+0700] {processor.py:179} INFO - Processing /home/hasyidan/venv/lib/python3.8/site-packages/airflow/example_dags/example_branch_operator_decorator.py took 1.498 seconds
[2024-10-09T11:16:22.188+0700] {processor.py:157} INFO - Started process (PID=5317) to work on /home/hasyidan/venv/lib/python3.8/site-packages/airflow/example_dags/example_branch_operator_decorator.py
[2024-10-09T11:16:22.198+0700] {processor.py:826} INFO - Processing file /home/hasyidan/venv/lib/python3.8/site-packages/airflow/example_dags/example_branch_operator_decorator.py for tasks to queue
[2024-10-09T11:16:22.200+0700] {logging_mixin.py:149} INFO - [2024-10-09T11:16:22.200+0700] {dagbag.py:541} INFO - Filling up the DagBag from /home/hasyidan/venv/lib/python3.8/site-packages/airflow/example_dags/example_branch_operator_decorator.py
[2024-10-09T11:16:22.235+0700] {processor.py:836} INFO - DAG(s) dict_keys(['example_branch_python_operator_decorator']) retrieved from /home/hasyidan/venv/lib/python3.8/site-packages/airflow/example_dags/example_branch_operator_decorator.py
[2024-10-09T11:16:22.315+0700] {logging_mixin.py:149} INFO - [2024-10-09T11:16:22.315+0700] {dag.py:2726} INFO - Sync 1 DAGs
[2024-10-09T11:16:22.403+0700] {logging_mixin.py:149} INFO - [2024-10-09T11:16:22.402+0700] {dag.py:3486} INFO - Setting next_dagrun for example_branch_python_operator_decorator to 2024-10-08T00:00:00+00:00, run_after=2024-10-09T00:00:00+00:00
[2024-10-09T11:16:22.565+0700] {processor.py:179} INFO - Processing /home/hasyidan/venv/lib/python3.8/site-packages/airflow/example_dags/example_branch_operator_decorator.py took 0.390 seconds
[2024-10-09T11:17:30.487+0700] {processor.py:157} INFO - Started process (PID=5386) to work on /home/hasyidan/venv/lib/python3.8/site-packages/airflow/example_dags/example_branch_operator_decorator.py
[2024-10-09T11:17:30.508+0700] {processor.py:826} INFO - Processing file /home/hasyidan/venv/lib/python3.8/site-packages/airflow/example_dags/example_branch_operator_decorator.py for tasks to queue
[2024-10-09T11:17:30.510+0700] {logging_mixin.py:149} INFO - [2024-10-09T11:17:30.509+0700] {dagbag.py:541} INFO - Filling up the DagBag from /home/hasyidan/venv/lib/python3.8/site-packages/airflow/example_dags/example_branch_operator_decorator.py
[2024-10-09T11:17:30.615+0700] {processor.py:836} INFO - DAG(s) dict_keys(['example_branch_python_operator_decorator']) retrieved from /home/hasyidan/venv/lib/python3.8/site-packages/airflow/example_dags/example_branch_operator_decorator.py
[2024-10-09T11:17:30.731+0700] {logging_mixin.py:149} INFO - [2024-10-09T11:17:30.731+0700] {dag.py:2726} INFO - Sync 1 DAGs
[2024-10-09T11:17:30.862+0700] {logging_mixin.py:149} INFO - [2024-10-09T11:17:30.861+0700] {dag.py:3486} INFO - Setting next_dagrun for example_branch_python_operator_decorator to 2024-10-08T00:00:00+00:00, run_after=2024-10-09T00:00:00+00:00
[2024-10-09T11:17:31.024+0700] {processor.py:179} INFO - Processing /home/hasyidan/venv/lib/python3.8/site-packages/airflow/example_dags/example_branch_operator_decorator.py took 0.561 seconds
[2024-10-09T11:18:39.862+0700] {processor.py:157} INFO - Started process (PID=5459) to work on /home/hasyidan/venv/lib/python3.8/site-packages/airflow/example_dags/example_branch_operator_decorator.py
[2024-10-09T11:18:39.890+0700] {processor.py:826} INFO - Processing file /home/hasyidan/venv/lib/python3.8/site-packages/airflow/example_dags/example_branch_operator_decorator.py for tasks to queue
[2024-10-09T11:18:39.892+0700] {logging_mixin.py:149} INFO - [2024-10-09T11:18:39.891+0700] {dagbag.py:541} INFO - Filling up the DagBag from /home/hasyidan/venv/lib/python3.8/site-packages/airflow/example_dags/example_branch_operator_decorator.py
[2024-10-09T11:18:39.930+0700] {processor.py:836} INFO - DAG(s) dict_keys(['example_branch_python_operator_decorator']) retrieved from /home/hasyidan/venv/lib/python3.8/site-packages/airflow/example_dags/example_branch_operator_decorator.py
[2024-10-09T11:18:40.018+0700] {logging_mixin.py:149} INFO - [2024-10-09T11:18:40.017+0700] {dag.py:2726} INFO - Sync 1 DAGs
[2024-10-09T11:18:40.112+0700] {logging_mixin.py:149} INFO - [2024-10-09T11:18:40.111+0700] {dag.py:3486} INFO - Setting next_dagrun for example_branch_python_operator_decorator to 2024-10-08T00:00:00+00:00, run_after=2024-10-09T00:00:00+00:00
[2024-10-09T11:18:40.301+0700] {processor.py:179} INFO - Processing /home/hasyidan/venv/lib/python3.8/site-packages/airflow/example_dags/example_branch_operator_decorator.py took 0.450 seconds
[2024-10-09T11:19:42.510+0700] {processor.py:157} INFO - Started process (PID=5527) to work on /home/hasyidan/venv/lib/python3.8/site-packages/airflow/example_dags/example_branch_operator_decorator.py
[2024-10-09T11:19:42.537+0700] {processor.py:826} INFO - Processing file /home/hasyidan/venv/lib/python3.8/site-packages/airflow/example_dags/example_branch_operator_decorator.py for tasks to queue
[2024-10-09T11:19:42.539+0700] {logging_mixin.py:149} INFO - [2024-10-09T11:19:42.538+0700] {dagbag.py:541} INFO - Filling up the DagBag from /home/hasyidan/venv/lib/python3.8/site-packages/airflow/example_dags/example_branch_operator_decorator.py
[2024-10-09T11:19:42.580+0700] {processor.py:836} INFO - DAG(s) dict_keys(['example_branch_python_operator_decorator']) retrieved from /home/hasyidan/venv/lib/python3.8/site-packages/airflow/example_dags/example_branch_operator_decorator.py
[2024-10-09T11:19:42.660+0700] {logging_mixin.py:149} INFO - [2024-10-09T11:19:42.660+0700] {dag.py:2726} INFO - Sync 1 DAGs
[2024-10-09T11:19:42.761+0700] {logging_mixin.py:149} INFO - [2024-10-09T11:19:42.760+0700] {dag.py:3486} INFO - Setting next_dagrun for example_branch_python_operator_decorator to 2024-10-08T00:00:00+00:00, run_after=2024-10-09T00:00:00+00:00
[2024-10-09T11:19:42.924+0700] {processor.py:179} INFO - Processing /home/hasyidan/venv/lib/python3.8/site-packages/airflow/example_dags/example_branch_operator_decorator.py took 0.423 seconds
[2024-10-09T11:20:47.951+0700] {processor.py:157} INFO - Started process (PID=5600) to work on /home/hasyidan/venv/lib/python3.8/site-packages/airflow/example_dags/example_branch_operator_decorator.py
[2024-10-09T11:20:47.960+0700] {processor.py:826} INFO - Processing file /home/hasyidan/venv/lib/python3.8/site-packages/airflow/example_dags/example_branch_operator_decorator.py for tasks to queue
[2024-10-09T11:20:47.964+0700] {logging_mixin.py:149} INFO - [2024-10-09T11:20:47.963+0700] {dagbag.py:541} INFO - Filling up the DagBag from /home/hasyidan/venv/lib/python3.8/site-packages/airflow/example_dags/example_branch_operator_decorator.py
[2024-10-09T11:20:48.007+0700] {processor.py:836} INFO - DAG(s) dict_keys(['example_branch_python_operator_decorator']) retrieved from /home/hasyidan/venv/lib/python3.8/site-packages/airflow/example_dags/example_branch_operator_decorator.py
[2024-10-09T11:20:48.085+0700] {logging_mixin.py:149} INFO - [2024-10-09T11:20:48.085+0700] {dag.py:2726} INFO - Sync 1 DAGs
[2024-10-09T11:20:48.167+0700] {logging_mixin.py:149} INFO - [2024-10-09T11:20:48.167+0700] {dag.py:3486} INFO - Setting next_dagrun for example_branch_python_operator_decorator to 2024-10-08T00:00:00+00:00, run_after=2024-10-09T00:00:00+00:00
[2024-10-09T11:20:48.301+0700] {processor.py:179} INFO - Processing /home/hasyidan/venv/lib/python3.8/site-packages/airflow/example_dags/example_branch_operator_decorator.py took 0.359 seconds
[2024-10-09T11:21:55.624+0700] {processor.py:157} INFO - Started process (PID=5665) to work on /home/hasyidan/venv/lib/python3.8/site-packages/airflow/example_dags/example_branch_operator_decorator.py
[2024-10-09T11:21:55.635+0700] {processor.py:826} INFO - Processing file /home/hasyidan/venv/lib/python3.8/site-packages/airflow/example_dags/example_branch_operator_decorator.py for tasks to queue
[2024-10-09T11:21:55.641+0700] {logging_mixin.py:149} INFO - [2024-10-09T11:21:55.639+0700] {dagbag.py:541} INFO - Filling up the DagBag from /home/hasyidan/venv/lib/python3.8/site-packages/airflow/example_dags/example_branch_operator_decorator.py
[2024-10-09T11:21:55.676+0700] {processor.py:836} INFO - DAG(s) dict_keys(['example_branch_python_operator_decorator']) retrieved from /home/hasyidan/venv/lib/python3.8/site-packages/airflow/example_dags/example_branch_operator_decorator.py
[2024-10-09T11:21:55.751+0700] {logging_mixin.py:149} INFO - [2024-10-09T11:21:55.751+0700] {dag.py:2726} INFO - Sync 1 DAGs
[2024-10-09T11:21:55.859+0700] {logging_mixin.py:149} INFO - [2024-10-09T11:21:55.859+0700] {dag.py:3486} INFO - Setting next_dagrun for example_branch_python_operator_decorator to 2024-10-08T00:00:00+00:00, run_after=2024-10-09T00:00:00+00:00
[2024-10-09T11:21:56.014+0700] {processor.py:179} INFO - Processing /home/hasyidan/venv/lib/python3.8/site-packages/airflow/example_dags/example_branch_operator_decorator.py took 0.401 seconds
[2024-10-09T11:22:56.939+0700] {processor.py:157} INFO - Started process (PID=5726) to work on /home/hasyidan/venv/lib/python3.8/site-packages/airflow/example_dags/example_branch_operator_decorator.py
[2024-10-09T11:22:56.958+0700] {processor.py:826} INFO - Processing file /home/hasyidan/venv/lib/python3.8/site-packages/airflow/example_dags/example_branch_operator_decorator.py for tasks to queue
[2024-10-09T11:22:56.960+0700] {logging_mixin.py:149} INFO - [2024-10-09T11:22:56.959+0700] {dagbag.py:541} INFO - Filling up the DagBag from /home/hasyidan/venv/lib/python3.8/site-packages/airflow/example_dags/example_branch_operator_decorator.py
[2024-10-09T11:22:57.005+0700] {processor.py:836} INFO - DAG(s) dict_keys(['example_branch_python_operator_decorator']) retrieved from /home/hasyidan/venv/lib/python3.8/site-packages/airflow/example_dags/example_branch_operator_decorator.py
[2024-10-09T11:22:57.080+0700] {logging_mixin.py:149} INFO - [2024-10-09T11:22:57.080+0700] {dag.py:2726} INFO - Sync 1 DAGs
[2024-10-09T11:22:57.171+0700] {logging_mixin.py:149} INFO - [2024-10-09T11:22:57.165+0700] {dag.py:3486} INFO - Setting next_dagrun for example_branch_python_operator_decorator to 2024-10-08T00:00:00+00:00, run_after=2024-10-09T00:00:00+00:00
[2024-10-09T11:22:57.360+0700] {processor.py:179} INFO - Processing /home/hasyidan/venv/lib/python3.8/site-packages/airflow/example_dags/example_branch_operator_decorator.py took 0.430 seconds
[2024-10-09T11:24:04.695+0700] {processor.py:157} INFO - Started process (PID=5792) to work on /home/hasyidan/venv/lib/python3.8/site-packages/airflow/example_dags/example_branch_operator_decorator.py
[2024-10-09T11:24:04.739+0700] {processor.py:826} INFO - Processing file /home/hasyidan/venv/lib/python3.8/site-packages/airflow/example_dags/example_branch_operator_decorator.py for tasks to queue
[2024-10-09T11:24:04.742+0700] {logging_mixin.py:149} INFO - [2024-10-09T11:24:04.741+0700] {dagbag.py:541} INFO - Filling up the DagBag from /home/hasyidan/venv/lib/python3.8/site-packages/airflow/example_dags/example_branch_operator_decorator.py
[2024-10-09T11:24:04.794+0700] {processor.py:836} INFO - DAG(s) dict_keys(['example_branch_python_operator_decorator']) retrieved from /home/hasyidan/venv/lib/python3.8/site-packages/airflow/example_dags/example_branch_operator_decorator.py
[2024-10-09T11:24:04.873+0700] {logging_mixin.py:149} INFO - [2024-10-09T11:24:04.872+0700] {dag.py:2726} INFO - Sync 1 DAGs
[2024-10-09T11:24:04.945+0700] {logging_mixin.py:149} INFO - [2024-10-09T11:24:04.944+0700] {dag.py:3486} INFO - Setting next_dagrun for example_branch_python_operator_decorator to 2024-10-08T00:00:00+00:00, run_after=2024-10-09T00:00:00+00:00
[2024-10-09T11:24:05.144+0700] {processor.py:179} INFO - Processing /home/hasyidan/venv/lib/python3.8/site-packages/airflow/example_dags/example_branch_operator_decorator.py took 0.461 seconds
[2024-10-09T11:25:12.503+0700] {processor.py:157} INFO - Started process (PID=5861) to work on /home/hasyidan/venv/lib/python3.8/site-packages/airflow/example_dags/example_branch_operator_decorator.py
[2024-10-09T11:25:12.523+0700] {processor.py:826} INFO - Processing file /home/hasyidan/venv/lib/python3.8/site-packages/airflow/example_dags/example_branch_operator_decorator.py for tasks to queue
[2024-10-09T11:25:12.524+0700] {logging_mixin.py:149} INFO - [2024-10-09T11:25:12.524+0700] {dagbag.py:541} INFO - Filling up the DagBag from /home/hasyidan/venv/lib/python3.8/site-packages/airflow/example_dags/example_branch_operator_decorator.py
[2024-10-09T11:25:12.559+0700] {processor.py:836} INFO - DAG(s) dict_keys(['example_branch_python_operator_decorator']) retrieved from /home/hasyidan/venv/lib/python3.8/site-packages/airflow/example_dags/example_branch_operator_decorator.py
[2024-10-09T11:25:12.643+0700] {logging_mixin.py:149} INFO - [2024-10-09T11:25:12.642+0700] {dag.py:2726} INFO - Sync 1 DAGs
[2024-10-09T11:25:12.728+0700] {logging_mixin.py:149} INFO - [2024-10-09T11:25:12.727+0700] {dag.py:3486} INFO - Setting next_dagrun for example_branch_python_operator_decorator to 2024-10-08T00:00:00+00:00, run_after=2024-10-09T00:00:00+00:00
[2024-10-09T11:25:12.921+0700] {processor.py:179} INFO - Processing /home/hasyidan/venv/lib/python3.8/site-packages/airflow/example_dags/example_branch_operator_decorator.py took 0.427 seconds
[2024-10-09T11:28:49.306+0700] {processor.py:157} INFO - Started process (PID=6024) to work on /home/hasyidan/venv/lib/python3.8/site-packages/airflow/example_dags/example_branch_operator_decorator.py
[2024-10-09T11:28:49.347+0700] {processor.py:826} INFO - Processing file /home/hasyidan/venv/lib/python3.8/site-packages/airflow/example_dags/example_branch_operator_decorator.py for tasks to queue
[2024-10-09T11:28:49.351+0700] {logging_mixin.py:149} INFO - [2024-10-09T11:28:49.349+0700] {dagbag.py:541} INFO - Filling up the DagBag from /home/hasyidan/venv/lib/python3.8/site-packages/airflow/example_dags/example_branch_operator_decorator.py
[2024-10-09T11:28:49.386+0700] {processor.py:836} INFO - DAG(s) dict_keys(['example_branch_python_operator_decorator']) retrieved from /home/hasyidan/venv/lib/python3.8/site-packages/airflow/example_dags/example_branch_operator_decorator.py
[2024-10-09T11:28:49.515+0700] {logging_mixin.py:149} INFO - [2024-10-09T11:28:49.514+0700] {dag.py:2726} INFO - Sync 1 DAGs
[2024-10-09T11:28:49.609+0700] {logging_mixin.py:149} INFO - [2024-10-09T11:28:49.608+0700] {dag.py:3486} INFO - Setting next_dagrun for example_branch_python_operator_decorator to 2024-10-08T00:00:00+00:00, run_after=2024-10-09T00:00:00+00:00
[2024-10-09T11:28:50.120+0700] {processor.py:179} INFO - Processing /home/hasyidan/venv/lib/python3.8/site-packages/airflow/example_dags/example_branch_operator_decorator.py took 0.823 seconds
[2024-10-09T11:33:10.032+0700] {processor.py:157} INFO - Started process (PID=6351) to work on /home/hasyidan/venv/lib/python3.8/site-packages/airflow/example_dags/example_branch_operator_decorator.py
[2024-10-09T11:33:10.184+0700] {processor.py:826} INFO - Processing file /home/hasyidan/venv/lib/python3.8/site-packages/airflow/example_dags/example_branch_operator_decorator.py for tasks to queue
[2024-10-09T11:33:10.187+0700] {logging_mixin.py:149} INFO - [2024-10-09T11:33:10.187+0700] {dagbag.py:541} INFO - Filling up the DagBag from /home/hasyidan/venv/lib/python3.8/site-packages/airflow/example_dags/example_branch_operator_decorator.py
[2024-10-09T11:33:10.286+0700] {processor.py:836} INFO - DAG(s) dict_keys(['example_branch_python_operator_decorator']) retrieved from /home/hasyidan/venv/lib/python3.8/site-packages/airflow/example_dags/example_branch_operator_decorator.py
[2024-10-09T11:33:10.572+0700] {logging_mixin.py:149} INFO - [2024-10-09T11:33:10.571+0700] {dag.py:2726} INFO - Sync 1 DAGs
[2024-10-09T11:33:10.645+0700] {logging_mixin.py:149} INFO - [2024-10-09T11:33:10.645+0700] {dag.py:3486} INFO - Setting next_dagrun for example_branch_python_operator_decorator to 2024-10-08T00:00:00+00:00, run_after=2024-10-09T00:00:00+00:00
[2024-10-09T11:33:10.947+0700] {processor.py:179} INFO - Processing /home/hasyidan/venv/lib/python3.8/site-packages/airflow/example_dags/example_branch_operator_decorator.py took 0.928 seconds
[2024-10-09T11:35:56.112+0700] {processor.py:157} INFO - Started process (PID=6628) to work on /home/hasyidan/venv/lib/python3.8/site-packages/airflow/example_dags/example_branch_operator_decorator.py
[2024-10-09T11:35:56.187+0700] {processor.py:826} INFO - Processing file /home/hasyidan/venv/lib/python3.8/site-packages/airflow/example_dags/example_branch_operator_decorator.py for tasks to queue
[2024-10-09T11:35:56.190+0700] {logging_mixin.py:149} INFO - [2024-10-09T11:35:56.189+0700] {dagbag.py:541} INFO - Filling up the DagBag from /home/hasyidan/venv/lib/python3.8/site-packages/airflow/example_dags/example_branch_operator_decorator.py
[2024-10-09T11:35:56.251+0700] {processor.py:836} INFO - DAG(s) dict_keys(['example_branch_python_operator_decorator']) retrieved from /home/hasyidan/venv/lib/python3.8/site-packages/airflow/example_dags/example_branch_operator_decorator.py
[2024-10-09T11:35:56.313+0700] {logging_mixin.py:149} INFO - [2024-10-09T11:35:56.312+0700] {dag.py:2726} INFO - Sync 1 DAGs
[2024-10-09T11:35:56.381+0700] {logging_mixin.py:149} INFO - [2024-10-09T11:35:56.380+0700] {dag.py:3486} INFO - Setting next_dagrun for example_branch_python_operator_decorator to 2024-10-08T00:00:00+00:00, run_after=2024-10-09T00:00:00+00:00
[2024-10-09T11:35:56.771+0700] {processor.py:179} INFO - Processing /home/hasyidan/venv/lib/python3.8/site-packages/airflow/example_dags/example_branch_operator_decorator.py took 0.670 seconds
