[2024-10-09T10:59:11.697+0700] {processor.py:157} INFO - Started process (PID=3948) to work on /home/hasyidan/venv/lib/python3.8/site-packages/airflow/example_dags/example_dynamic_task_mapping.py
[2024-10-09T10:59:11.699+0700] {processor.py:826} INFO - Processing file /home/hasyidan/venv/lib/python3.8/site-packages/airflow/example_dags/example_dynamic_task_mapping.py for tasks to queue
[2024-10-09T10:59:11.700+0700] {logging_mixin.py:149} INFO - [2024-10-09T10:59:11.700+0700] {dagbag.py:541} INFO - Filling up the DagBag from /home/hasyidan/venv/lib/python3.8/site-packages/airflow/example_dags/example_dynamic_task_mapping.py
[2024-10-09T10:59:11.862+0700] {processor.py:836} INFO - DAG(s) dict_keys(['example_dynamic_task_mapping']) retrieved from /home/hasyidan/venv/lib/python3.8/site-packages/airflow/example_dags/example_dynamic_task_mapping.py
[2024-10-09T10:59:11.899+0700] {logging_mixin.py:149} INFO - [2024-10-09T10:59:11.899+0700] {dag.py:2726} INFO - Sync 1 DAGs
[2024-10-09T10:59:11.987+0700] {logging_mixin.py:149} INFO - [2024-10-09T10:59:11.986+0700] {dag.py:3486} INFO - Setting next_dagrun for example_dynamic_task_mapping to 2022-03-04T00:00:00+00:00, run_after=2022-03-05T00:00:00+00:00
[2024-10-09T10:59:12.980+0700] {processor.py:179} INFO - Processing /home/hasyidan/venv/lib/python3.8/site-packages/airflow/example_dags/example_dynamic_task_mapping.py took 1.288 seconds
[2024-10-09T11:01:11.072+0700] {processor.py:157} INFO - Started process (PID=4129) to work on /home/hasyidan/venv/lib/python3.8/site-packages/airflow/example_dags/example_dynamic_task_mapping.py
[2024-10-09T11:01:11.098+0700] {processor.py:826} INFO - Processing file /home/hasyidan/venv/lib/python3.8/site-packages/airflow/example_dags/example_dynamic_task_mapping.py for tasks to queue
[2024-10-09T11:01:11.101+0700] {logging_mixin.py:149} INFO - [2024-10-09T11:01:11.100+0700] {dagbag.py:541} INFO - Filling up the DagBag from /home/hasyidan/venv/lib/python3.8/site-packages/airflow/example_dags/example_dynamic_task_mapping.py
[2024-10-09T11:01:11.128+0700] {processor.py:836} INFO - DAG(s) dict_keys(['example_dynamic_task_mapping']) retrieved from /home/hasyidan/venv/lib/python3.8/site-packages/airflow/example_dags/example_dynamic_task_mapping.py
[2024-10-09T11:01:11.165+0700] {logging_mixin.py:149} INFO - [2024-10-09T11:01:11.164+0700] {dag.py:2726} INFO - Sync 1 DAGs
[2024-10-09T11:01:11.411+0700] {logging_mixin.py:149} INFO - [2024-10-09T11:01:11.411+0700] {dag.py:3486} INFO - Setting next_dagrun for example_dynamic_task_mapping to 2022-03-04T00:00:00+00:00, run_after=2022-03-05T00:00:00+00:00
[2024-10-09T11:01:11.671+0700] {processor.py:179} INFO - Processing /home/hasyidan/venv/lib/python3.8/site-packages/airflow/example_dags/example_dynamic_task_mapping.py took 0.605 seconds
[2024-10-09T11:02:30.050+0700] {processor.py:157} INFO - Started process (PID=4200) to work on /home/hasyidan/venv/lib/python3.8/site-packages/airflow/example_dags/example_dynamic_task_mapping.py
[2024-10-09T11:02:30.052+0700] {processor.py:826} INFO - Processing file /home/hasyidan/venv/lib/python3.8/site-packages/airflow/example_dags/example_dynamic_task_mapping.py for tasks to queue
[2024-10-09T11:02:30.053+0700] {logging_mixin.py:149} INFO - [2024-10-09T11:02:30.053+0700] {dagbag.py:541} INFO - Filling up the DagBag from /home/hasyidan/venv/lib/python3.8/site-packages/airflow/example_dags/example_dynamic_task_mapping.py
[2024-10-09T11:02:30.067+0700] {processor.py:836} INFO - DAG(s) dict_keys(['example_dynamic_task_mapping']) retrieved from /home/hasyidan/venv/lib/python3.8/site-packages/airflow/example_dags/example_dynamic_task_mapping.py
[2024-10-09T11:02:30.103+0700] {logging_mixin.py:149} INFO - [2024-10-09T11:02:30.102+0700] {dag.py:2726} INFO - Sync 1 DAGs
[2024-10-09T11:02:30.148+0700] {logging_mixin.py:149} INFO - [2024-10-09T11:02:30.148+0700] {dag.py:3486} INFO - Setting next_dagrun for example_dynamic_task_mapping to 2022-03-04T00:00:00+00:00, run_after=2022-03-05T00:00:00+00:00
[2024-10-09T11:02:30.285+0700] {processor.py:179} INFO - Processing /home/hasyidan/venv/lib/python3.8/site-packages/airflow/example_dags/example_dynamic_task_mapping.py took 0.242 seconds
[2024-10-09T11:03:28.543+0700] {processor.py:157} INFO - Started process (PID=4255) to work on /home/hasyidan/venv/lib/python3.8/site-packages/airflow/example_dags/example_dynamic_task_mapping.py
[2024-10-09T11:03:28.545+0700] {processor.py:826} INFO - Processing file /home/hasyidan/venv/lib/python3.8/site-packages/airflow/example_dags/example_dynamic_task_mapping.py for tasks to queue
[2024-10-09T11:03:28.546+0700] {logging_mixin.py:149} INFO - [2024-10-09T11:03:28.546+0700] {dagbag.py:541} INFO - Filling up the DagBag from /home/hasyidan/venv/lib/python3.8/site-packages/airflow/example_dags/example_dynamic_task_mapping.py
[2024-10-09T11:03:28.560+0700] {processor.py:836} INFO - DAG(s) dict_keys(['example_dynamic_task_mapping']) retrieved from /home/hasyidan/venv/lib/python3.8/site-packages/airflow/example_dags/example_dynamic_task_mapping.py
[2024-10-09T11:03:28.595+0700] {logging_mixin.py:149} INFO - [2024-10-09T11:03:28.595+0700] {dag.py:2726} INFO - Sync 1 DAGs
[2024-10-09T11:03:28.637+0700] {logging_mixin.py:149} INFO - [2024-10-09T11:03:28.637+0700] {dag.py:3486} INFO - Setting next_dagrun for example_dynamic_task_mapping to 2022-03-04T00:00:00+00:00, run_after=2022-03-05T00:00:00+00:00
[2024-10-09T11:03:28.794+0700] {processor.py:179} INFO - Processing /home/hasyidan/venv/lib/python3.8/site-packages/airflow/example_dags/example_dynamic_task_mapping.py took 0.257 seconds
[2024-10-09T11:04:25.559+0700] {processor.py:157} INFO - Started process (PID=4311) to work on /home/hasyidan/venv/lib/python3.8/site-packages/airflow/example_dags/example_dynamic_task_mapping.py
[2024-10-09T11:04:25.561+0700] {processor.py:826} INFO - Processing file /home/hasyidan/venv/lib/python3.8/site-packages/airflow/example_dags/example_dynamic_task_mapping.py for tasks to queue
[2024-10-09T11:04:25.562+0700] {logging_mixin.py:149} INFO - [2024-10-09T11:04:25.562+0700] {dagbag.py:541} INFO - Filling up the DagBag from /home/hasyidan/venv/lib/python3.8/site-packages/airflow/example_dags/example_dynamic_task_mapping.py
[2024-10-09T11:04:25.576+0700] {processor.py:836} INFO - DAG(s) dict_keys(['example_dynamic_task_mapping']) retrieved from /home/hasyidan/venv/lib/python3.8/site-packages/airflow/example_dags/example_dynamic_task_mapping.py
[2024-10-09T11:04:25.611+0700] {logging_mixin.py:149} INFO - [2024-10-09T11:04:25.611+0700] {dag.py:2726} INFO - Sync 1 DAGs
[2024-10-09T11:04:25.656+0700] {logging_mixin.py:149} INFO - [2024-10-09T11:04:25.655+0700] {dag.py:3486} INFO - Setting next_dagrun for example_dynamic_task_mapping to 2022-03-04T00:00:00+00:00, run_after=2022-03-05T00:00:00+00:00
[2024-10-09T11:04:25.793+0700] {processor.py:179} INFO - Processing /home/hasyidan/venv/lib/python3.8/site-packages/airflow/example_dags/example_dynamic_task_mapping.py took 0.239 seconds
[2024-10-09T11:07:20.310+0700] {processor.py:157} INFO - Started process (PID=4611) to work on /home/hasyidan/venv/lib/python3.8/site-packages/airflow/example_dags/example_dynamic_task_mapping.py
[2024-10-09T11:07:20.317+0700] {processor.py:826} INFO - Processing file /home/hasyidan/venv/lib/python3.8/site-packages/airflow/example_dags/example_dynamic_task_mapping.py for tasks to queue
[2024-10-09T11:07:20.318+0700] {logging_mixin.py:149} INFO - [2024-10-09T11:07:20.318+0700] {dagbag.py:541} INFO - Filling up the DagBag from /home/hasyidan/venv/lib/python3.8/site-packages/airflow/example_dags/example_dynamic_task_mapping.py
[2024-10-09T11:07:20.335+0700] {processor.py:836} INFO - DAG(s) dict_keys(['example_dynamic_task_mapping']) retrieved from /home/hasyidan/venv/lib/python3.8/site-packages/airflow/example_dags/example_dynamic_task_mapping.py
[2024-10-09T11:07:20.389+0700] {logging_mixin.py:149} INFO - [2024-10-09T11:07:20.389+0700] {dag.py:2726} INFO - Sync 1 DAGs
[2024-10-09T11:07:20.434+0700] {logging_mixin.py:149} INFO - [2024-10-09T11:07:20.433+0700] {dag.py:3486} INFO - Setting next_dagrun for example_dynamic_task_mapping to 2022-03-04T00:00:00+00:00, run_after=2022-03-05T00:00:00+00:00
[2024-10-09T11:07:20.557+0700] {processor.py:179} INFO - Processing /home/hasyidan/venv/lib/python3.8/site-packages/airflow/example_dags/example_dynamic_task_mapping.py took 0.254 seconds
[2024-10-09T11:08:24.562+0700] {processor.py:157} INFO - Started process (PID=4680) to work on /home/hasyidan/venv/lib/python3.8/site-packages/airflow/example_dags/example_dynamic_task_mapping.py
[2024-10-09T11:08:24.612+0700] {processor.py:826} INFO - Processing file /home/hasyidan/venv/lib/python3.8/site-packages/airflow/example_dags/example_dynamic_task_mapping.py for tasks to queue
[2024-10-09T11:08:24.614+0700] {logging_mixin.py:149} INFO - [2024-10-09T11:08:24.614+0700] {dagbag.py:541} INFO - Filling up the DagBag from /home/hasyidan/venv/lib/python3.8/site-packages/airflow/example_dags/example_dynamic_task_mapping.py
[2024-10-09T11:08:24.629+0700] {processor.py:836} INFO - DAG(s) dict_keys(['example_dynamic_task_mapping']) retrieved from /home/hasyidan/venv/lib/python3.8/site-packages/airflow/example_dags/example_dynamic_task_mapping.py
[2024-10-09T11:08:24.673+0700] {logging_mixin.py:149} INFO - [2024-10-09T11:08:24.672+0700] {dag.py:2726} INFO - Sync 1 DAGs
[2024-10-09T11:08:24.806+0700] {logging_mixin.py:149} INFO - [2024-10-09T11:08:24.806+0700] {dag.py:3486} INFO - Setting next_dagrun for example_dynamic_task_mapping to 2022-03-04T00:00:00+00:00, run_after=2022-03-05T00:00:00+00:00
[2024-10-09T11:08:24.915+0700] {processor.py:179} INFO - Processing /home/hasyidan/venv/lib/python3.8/site-packages/airflow/example_dags/example_dynamic_task_mapping.py took 0.359 seconds
[2024-10-09T11:09:22.030+0700] {processor.py:157} INFO - Started process (PID=4735) to work on /home/hasyidan/venv/lib/python3.8/site-packages/airflow/example_dags/example_dynamic_task_mapping.py
[2024-10-09T11:09:22.100+0700] {processor.py:826} INFO - Processing file /home/hasyidan/venv/lib/python3.8/site-packages/airflow/example_dags/example_dynamic_task_mapping.py for tasks to queue
[2024-10-09T11:09:22.102+0700] {logging_mixin.py:149} INFO - [2024-10-09T11:09:22.101+0700] {dagbag.py:541} INFO - Filling up the DagBag from /home/hasyidan/venv/lib/python3.8/site-packages/airflow/example_dags/example_dynamic_task_mapping.py
[2024-10-09T11:09:22.119+0700] {processor.py:836} INFO - DAG(s) dict_keys(['example_dynamic_task_mapping']) retrieved from /home/hasyidan/venv/lib/python3.8/site-packages/airflow/example_dags/example_dynamic_task_mapping.py
[2024-10-09T11:09:22.154+0700] {logging_mixin.py:149} INFO - [2024-10-09T11:09:22.154+0700] {dag.py:2726} INFO - Sync 1 DAGs
[2024-10-09T11:09:22.198+0700] {logging_mixin.py:149} INFO - [2024-10-09T11:09:22.197+0700] {dag.py:3486} INFO - Setting next_dagrun for example_dynamic_task_mapping to 2022-03-04T00:00:00+00:00, run_after=2022-03-05T00:00:00+00:00
[2024-10-09T11:09:22.313+0700] {processor.py:179} INFO - Processing /home/hasyidan/venv/lib/python3.8/site-packages/airflow/example_dags/example_dynamic_task_mapping.py took 0.291 seconds
[2024-10-09T11:10:31.029+0700] {processor.py:157} INFO - Started process (PID=4812) to work on /home/hasyidan/venv/lib/python3.8/site-packages/airflow/example_dags/example_dynamic_task_mapping.py
[2024-10-09T11:10:31.061+0700] {processor.py:826} INFO - Processing file /home/hasyidan/venv/lib/python3.8/site-packages/airflow/example_dags/example_dynamic_task_mapping.py for tasks to queue
[2024-10-09T11:10:31.063+0700] {logging_mixin.py:149} INFO - [2024-10-09T11:10:31.063+0700] {dagbag.py:541} INFO - Filling up the DagBag from /home/hasyidan/venv/lib/python3.8/site-packages/airflow/example_dags/example_dynamic_task_mapping.py
[2024-10-09T11:10:31.079+0700] {processor.py:836} INFO - DAG(s) dict_keys(['example_dynamic_task_mapping']) retrieved from /home/hasyidan/venv/lib/python3.8/site-packages/airflow/example_dags/example_dynamic_task_mapping.py
[2024-10-09T11:10:31.352+0700] {logging_mixin.py:149} INFO - [2024-10-09T11:10:31.352+0700] {dag.py:2726} INFO - Sync 1 DAGs
[2024-10-09T11:10:31.397+0700] {logging_mixin.py:149} INFO - [2024-10-09T11:10:31.397+0700] {dag.py:3486} INFO - Setting next_dagrun for example_dynamic_task_mapping to 2022-03-04T00:00:00+00:00, run_after=2022-03-05T00:00:00+00:00
[2024-10-09T11:10:31.530+0700] {processor.py:179} INFO - Processing /home/hasyidan/venv/lib/python3.8/site-packages/airflow/example_dags/example_dynamic_task_mapping.py took 0.507 seconds
[2024-10-09T11:11:25.884+0700] {processor.py:157} INFO - Started process (PID=4870) to work on /home/hasyidan/venv/lib/python3.8/site-packages/airflow/example_dags/example_dynamic_task_mapping.py
[2024-10-09T11:11:25.894+0700] {processor.py:826} INFO - Processing file /home/hasyidan/venv/lib/python3.8/site-packages/airflow/example_dags/example_dynamic_task_mapping.py for tasks to queue
[2024-10-09T11:11:25.896+0700] {logging_mixin.py:149} INFO - [2024-10-09T11:11:25.896+0700] {dagbag.py:541} INFO - Filling up the DagBag from /home/hasyidan/venv/lib/python3.8/site-packages/airflow/example_dags/example_dynamic_task_mapping.py
[2024-10-09T11:11:25.914+0700] {processor.py:836} INFO - DAG(s) dict_keys(['example_dynamic_task_mapping']) retrieved from /home/hasyidan/venv/lib/python3.8/site-packages/airflow/example_dags/example_dynamic_task_mapping.py
[2024-10-09T11:11:25.949+0700] {logging_mixin.py:149} INFO - [2024-10-09T11:11:25.948+0700] {dag.py:2726} INFO - Sync 1 DAGs
[2024-10-09T11:11:25.991+0700] {logging_mixin.py:149} INFO - [2024-10-09T11:11:25.991+0700] {dag.py:3486} INFO - Setting next_dagrun for example_dynamic_task_mapping to 2022-03-04T00:00:00+00:00, run_after=2022-03-05T00:00:00+00:00
[2024-10-09T11:11:26.103+0700] {processor.py:179} INFO - Processing /home/hasyidan/venv/lib/python3.8/site-packages/airflow/example_dags/example_dynamic_task_mapping.py took 0.226 seconds
[2024-10-09T11:12:18.286+0700] {processor.py:157} INFO - Started process (PID=4928) to work on /home/hasyidan/venv/lib/python3.8/site-packages/airflow/example_dags/example_dynamic_task_mapping.py
[2024-10-09T11:12:18.307+0700] {processor.py:826} INFO - Processing file /home/hasyidan/venv/lib/python3.8/site-packages/airflow/example_dags/example_dynamic_task_mapping.py for tasks to queue
[2024-10-09T11:12:18.310+0700] {logging_mixin.py:149} INFO - [2024-10-09T11:12:18.309+0700] {dagbag.py:541} INFO - Filling up the DagBag from /home/hasyidan/venv/lib/python3.8/site-packages/airflow/example_dags/example_dynamic_task_mapping.py
[2024-10-09T11:12:18.326+0700] {processor.py:836} INFO - DAG(s) dict_keys(['example_dynamic_task_mapping']) retrieved from /home/hasyidan/venv/lib/python3.8/site-packages/airflow/example_dags/example_dynamic_task_mapping.py
[2024-10-09T11:12:18.361+0700] {logging_mixin.py:149} INFO - [2024-10-09T11:12:18.361+0700] {dag.py:2726} INFO - Sync 1 DAGs
[2024-10-09T11:12:18.409+0700] {logging_mixin.py:149} INFO - [2024-10-09T11:12:18.408+0700] {dag.py:3486} INFO - Setting next_dagrun for example_dynamic_task_mapping to 2022-03-04T00:00:00+00:00, run_after=2022-03-05T00:00:00+00:00
[2024-10-09T11:12:18.537+0700] {processor.py:179} INFO - Processing /home/hasyidan/venv/lib/python3.8/site-packages/airflow/example_dags/example_dynamic_task_mapping.py took 0.258 seconds
[2024-10-09T11:13:11.449+0700] {processor.py:157} INFO - Started process (PID=4979) to work on /home/hasyidan/venv/lib/python3.8/site-packages/airflow/example_dags/example_dynamic_task_mapping.py
[2024-10-09T11:13:11.451+0700] {processor.py:826} INFO - Processing file /home/hasyidan/venv/lib/python3.8/site-packages/airflow/example_dags/example_dynamic_task_mapping.py for tasks to queue
[2024-10-09T11:13:11.452+0700] {logging_mixin.py:149} INFO - [2024-10-09T11:13:11.452+0700] {dagbag.py:541} INFO - Filling up the DagBag from /home/hasyidan/venv/lib/python3.8/site-packages/airflow/example_dags/example_dynamic_task_mapping.py
[2024-10-09T11:13:11.467+0700] {processor.py:836} INFO - DAG(s) dict_keys(['example_dynamic_task_mapping']) retrieved from /home/hasyidan/venv/lib/python3.8/site-packages/airflow/example_dags/example_dynamic_task_mapping.py
[2024-10-09T11:13:11.502+0700] {logging_mixin.py:149} INFO - [2024-10-09T11:13:11.502+0700] {dag.py:2726} INFO - Sync 1 DAGs
[2024-10-09T11:13:11.546+0700] {logging_mixin.py:149} INFO - [2024-10-09T11:13:11.546+0700] {dag.py:3486} INFO - Setting next_dagrun for example_dynamic_task_mapping to 2022-03-04T00:00:00+00:00, run_after=2022-03-05T00:00:00+00:00
[2024-10-09T11:13:11.681+0700] {processor.py:179} INFO - Processing /home/hasyidan/venv/lib/python3.8/site-packages/airflow/example_dags/example_dynamic_task_mapping.py took 0.239 seconds
[2024-10-09T11:14:04.118+0700] {processor.py:157} INFO - Started process (PID=5036) to work on /home/hasyidan/venv/lib/python3.8/site-packages/airflow/example_dags/example_dynamic_task_mapping.py
[2024-10-09T11:14:04.155+0700] {processor.py:826} INFO - Processing file /home/hasyidan/venv/lib/python3.8/site-packages/airflow/example_dags/example_dynamic_task_mapping.py for tasks to queue
[2024-10-09T11:14:04.158+0700] {logging_mixin.py:149} INFO - [2024-10-09T11:14:04.157+0700] {dagbag.py:541} INFO - Filling up the DagBag from /home/hasyidan/venv/lib/python3.8/site-packages/airflow/example_dags/example_dynamic_task_mapping.py
[2024-10-09T11:14:04.174+0700] {processor.py:836} INFO - DAG(s) dict_keys(['example_dynamic_task_mapping']) retrieved from /home/hasyidan/venv/lib/python3.8/site-packages/airflow/example_dags/example_dynamic_task_mapping.py
[2024-10-09T11:14:04.210+0700] {logging_mixin.py:149} INFO - [2024-10-09T11:14:04.209+0700] {dag.py:2726} INFO - Sync 1 DAGs
[2024-10-09T11:14:04.253+0700] {logging_mixin.py:149} INFO - [2024-10-09T11:14:04.253+0700] {dag.py:3486} INFO - Setting next_dagrun for example_dynamic_task_mapping to 2022-03-04T00:00:00+00:00, run_after=2022-03-05T00:00:00+00:00
[2024-10-09T11:14:04.362+0700] {processor.py:179} INFO - Processing /home/hasyidan/venv/lib/python3.8/site-packages/airflow/example_dags/example_dynamic_task_mapping.py took 0.251 seconds
[2024-10-09T11:16:07.018+0700] {processor.py:157} INFO - Started process (PID=5303) to work on /home/hasyidan/venv/lib/python3.8/site-packages/airflow/example_dags/example_dynamic_task_mapping.py
[2024-10-09T11:16:07.033+0700] {processor.py:826} INFO - Processing file /home/hasyidan/venv/lib/python3.8/site-packages/airflow/example_dags/example_dynamic_task_mapping.py for tasks to queue
[2024-10-09T11:16:07.035+0700] {logging_mixin.py:149} INFO - [2024-10-09T11:16:07.035+0700] {dagbag.py:541} INFO - Filling up the DagBag from /home/hasyidan/venv/lib/python3.8/site-packages/airflow/example_dags/example_dynamic_task_mapping.py
[2024-10-09T11:16:07.060+0700] {processor.py:836} INFO - DAG(s) dict_keys(['example_dynamic_task_mapping']) retrieved from /home/hasyidan/venv/lib/python3.8/site-packages/airflow/example_dags/example_dynamic_task_mapping.py
[2024-10-09T11:16:07.142+0700] {logging_mixin.py:149} INFO - [2024-10-09T11:16:07.142+0700] {dag.py:2726} INFO - Sync 1 DAGs
[2024-10-09T11:16:07.217+0700] {logging_mixin.py:149} INFO - [2024-10-09T11:16:07.217+0700] {dag.py:3486} INFO - Setting next_dagrun for example_dynamic_task_mapping to 2022-03-04T00:00:00+00:00, run_after=2022-03-05T00:00:00+00:00
[2024-10-09T11:16:07.403+0700] {processor.py:179} INFO - Processing /home/hasyidan/venv/lib/python3.8/site-packages/airflow/example_dags/example_dynamic_task_mapping.py took 0.396 seconds
[2024-10-09T11:17:16.457+0700] {processor.py:157} INFO - Started process (PID=5373) to work on /home/hasyidan/venv/lib/python3.8/site-packages/airflow/example_dags/example_dynamic_task_mapping.py
[2024-10-09T11:17:16.470+0700] {processor.py:826} INFO - Processing file /home/hasyidan/venv/lib/python3.8/site-packages/airflow/example_dags/example_dynamic_task_mapping.py for tasks to queue
[2024-10-09T11:17:16.473+0700] {logging_mixin.py:149} INFO - [2024-10-09T11:17:16.472+0700] {dagbag.py:541} INFO - Filling up the DagBag from /home/hasyidan/venv/lib/python3.8/site-packages/airflow/example_dags/example_dynamic_task_mapping.py
[2024-10-09T11:17:16.504+0700] {processor.py:836} INFO - DAG(s) dict_keys(['example_dynamic_task_mapping']) retrieved from /home/hasyidan/venv/lib/python3.8/site-packages/airflow/example_dags/example_dynamic_task_mapping.py
[2024-10-09T11:17:16.566+0700] {logging_mixin.py:149} INFO - [2024-10-09T11:17:16.565+0700] {dag.py:2726} INFO - Sync 1 DAGs
[2024-10-09T11:17:16.657+0700] {logging_mixin.py:149} INFO - [2024-10-09T11:17:16.657+0700] {dag.py:3486} INFO - Setting next_dagrun for example_dynamic_task_mapping to 2022-03-04T00:00:00+00:00, run_after=2022-03-05T00:00:00+00:00
[2024-10-09T11:17:16.823+0700] {processor.py:179} INFO - Processing /home/hasyidan/venv/lib/python3.8/site-packages/airflow/example_dags/example_dynamic_task_mapping.py took 0.379 seconds
[2024-10-09T11:18:26.417+0700] {processor.py:157} INFO - Started process (PID=5440) to work on /home/hasyidan/venv/lib/python3.8/site-packages/airflow/example_dags/example_dynamic_task_mapping.py
[2024-10-09T11:18:26.427+0700] {processor.py:826} INFO - Processing file /home/hasyidan/venv/lib/python3.8/site-packages/airflow/example_dags/example_dynamic_task_mapping.py for tasks to queue
[2024-10-09T11:18:26.429+0700] {logging_mixin.py:149} INFO - [2024-10-09T11:18:26.429+0700] {dagbag.py:541} INFO - Filling up the DagBag from /home/hasyidan/venv/lib/python3.8/site-packages/airflow/example_dags/example_dynamic_task_mapping.py
[2024-10-09T11:18:26.452+0700] {processor.py:836} INFO - DAG(s) dict_keys(['example_dynamic_task_mapping']) retrieved from /home/hasyidan/venv/lib/python3.8/site-packages/airflow/example_dags/example_dynamic_task_mapping.py
[2024-10-09T11:18:26.522+0700] {logging_mixin.py:149} INFO - [2024-10-09T11:18:26.521+0700] {dag.py:2726} INFO - Sync 1 DAGs
[2024-10-09T11:18:26.605+0700] {logging_mixin.py:149} INFO - [2024-10-09T11:18:26.605+0700] {dag.py:3486} INFO - Setting next_dagrun for example_dynamic_task_mapping to 2022-03-04T00:00:00+00:00, run_after=2022-03-05T00:00:00+00:00
[2024-10-09T11:18:26.752+0700] {processor.py:179} INFO - Processing /home/hasyidan/venv/lib/python3.8/site-packages/airflow/example_dags/example_dynamic_task_mapping.py took 0.344 seconds
[2024-10-09T11:19:27.807+0700] {processor.py:157} INFO - Started process (PID=5505) to work on /home/hasyidan/venv/lib/python3.8/site-packages/airflow/example_dags/example_dynamic_task_mapping.py
[2024-10-09T11:19:27.826+0700] {processor.py:826} INFO - Processing file /home/hasyidan/venv/lib/python3.8/site-packages/airflow/example_dags/example_dynamic_task_mapping.py for tasks to queue
[2024-10-09T11:19:27.828+0700] {logging_mixin.py:149} INFO - [2024-10-09T11:19:27.828+0700] {dagbag.py:541} INFO - Filling up the DagBag from /home/hasyidan/venv/lib/python3.8/site-packages/airflow/example_dags/example_dynamic_task_mapping.py
[2024-10-09T11:19:27.851+0700] {processor.py:836} INFO - DAG(s) dict_keys(['example_dynamic_task_mapping']) retrieved from /home/hasyidan/venv/lib/python3.8/site-packages/airflow/example_dags/example_dynamic_task_mapping.py
[2024-10-09T11:19:27.910+0700] {logging_mixin.py:149} INFO - [2024-10-09T11:19:27.910+0700] {dag.py:2726} INFO - Sync 1 DAGs
[2024-10-09T11:19:27.975+0700] {logging_mixin.py:149} INFO - [2024-10-09T11:19:27.975+0700] {dag.py:3486} INFO - Setting next_dagrun for example_dynamic_task_mapping to 2022-03-04T00:00:00+00:00, run_after=2022-03-05T00:00:00+00:00
[2024-10-09T11:19:28.104+0700] {processor.py:179} INFO - Processing /home/hasyidan/venv/lib/python3.8/site-packages/airflow/example_dags/example_dynamic_task_mapping.py took 0.309 seconds
[2024-10-09T11:20:33.151+0700] {processor.py:157} INFO - Started process (PID=5585) to work on /home/hasyidan/venv/lib/python3.8/site-packages/airflow/example_dags/example_dynamic_task_mapping.py
[2024-10-09T11:20:33.176+0700] {processor.py:826} INFO - Processing file /home/hasyidan/venv/lib/python3.8/site-packages/airflow/example_dags/example_dynamic_task_mapping.py for tasks to queue
[2024-10-09T11:20:33.180+0700] {logging_mixin.py:149} INFO - [2024-10-09T11:20:33.179+0700] {dagbag.py:541} INFO - Filling up the DagBag from /home/hasyidan/venv/lib/python3.8/site-packages/airflow/example_dags/example_dynamic_task_mapping.py
[2024-10-09T11:20:33.215+0700] {processor.py:836} INFO - DAG(s) dict_keys(['example_dynamic_task_mapping']) retrieved from /home/hasyidan/venv/lib/python3.8/site-packages/airflow/example_dags/example_dynamic_task_mapping.py
[2024-10-09T11:20:33.280+0700] {logging_mixin.py:149} INFO - [2024-10-09T11:20:33.278+0700] {dag.py:2726} INFO - Sync 1 DAGs
[2024-10-09T11:20:33.370+0700] {logging_mixin.py:149} INFO - [2024-10-09T11:20:33.369+0700] {dag.py:3486} INFO - Setting next_dagrun for example_dynamic_task_mapping to 2022-03-04T00:00:00+00:00, run_after=2022-03-05T00:00:00+00:00
[2024-10-09T11:20:33.522+0700] {processor.py:179} INFO - Processing /home/hasyidan/venv/lib/python3.8/site-packages/airflow/example_dags/example_dynamic_task_mapping.py took 0.384 seconds
[2024-10-09T11:21:41.587+0700] {processor.py:157} INFO - Started process (PID=5650) to work on /home/hasyidan/venv/lib/python3.8/site-packages/airflow/example_dags/example_dynamic_task_mapping.py
[2024-10-09T11:21:41.602+0700] {processor.py:826} INFO - Processing file /home/hasyidan/venv/lib/python3.8/site-packages/airflow/example_dags/example_dynamic_task_mapping.py for tasks to queue
[2024-10-09T11:21:41.605+0700] {logging_mixin.py:149} INFO - [2024-10-09T11:21:41.604+0700] {dagbag.py:541} INFO - Filling up the DagBag from /home/hasyidan/venv/lib/python3.8/site-packages/airflow/example_dags/example_dynamic_task_mapping.py
[2024-10-09T11:21:41.630+0700] {processor.py:836} INFO - DAG(s) dict_keys(['example_dynamic_task_mapping']) retrieved from /home/hasyidan/venv/lib/python3.8/site-packages/airflow/example_dags/example_dynamic_task_mapping.py
[2024-10-09T11:21:41.704+0700] {logging_mixin.py:149} INFO - [2024-10-09T11:21:41.703+0700] {dag.py:2726} INFO - Sync 1 DAGs
[2024-10-09T11:21:41.796+0700] {logging_mixin.py:149} INFO - [2024-10-09T11:21:41.795+0700] {dag.py:3486} INFO - Setting next_dagrun for example_dynamic_task_mapping to 2022-03-04T00:00:00+00:00, run_after=2022-03-05T00:00:00+00:00
[2024-10-09T11:21:41.996+0700] {processor.py:179} INFO - Processing /home/hasyidan/venv/lib/python3.8/site-packages/airflow/example_dags/example_dynamic_task_mapping.py took 0.419 seconds
[2024-10-09T11:22:43.147+0700] {processor.py:157} INFO - Started process (PID=5712) to work on /home/hasyidan/venv/lib/python3.8/site-packages/airflow/example_dags/example_dynamic_task_mapping.py
[2024-10-09T11:22:43.188+0700] {processor.py:826} INFO - Processing file /home/hasyidan/venv/lib/python3.8/site-packages/airflow/example_dags/example_dynamic_task_mapping.py for tasks to queue
[2024-10-09T11:22:43.191+0700] {logging_mixin.py:149} INFO - [2024-10-09T11:22:43.190+0700] {dagbag.py:541} INFO - Filling up the DagBag from /home/hasyidan/venv/lib/python3.8/site-packages/airflow/example_dags/example_dynamic_task_mapping.py
[2024-10-09T11:22:43.224+0700] {processor.py:836} INFO - DAG(s) dict_keys(['example_dynamic_task_mapping']) retrieved from /home/hasyidan/venv/lib/python3.8/site-packages/airflow/example_dags/example_dynamic_task_mapping.py
[2024-10-09T11:22:43.303+0700] {logging_mixin.py:149} INFO - [2024-10-09T11:22:43.302+0700] {dag.py:2726} INFO - Sync 1 DAGs
[2024-10-09T11:22:43.375+0700] {logging_mixin.py:149} INFO - [2024-10-09T11:22:43.375+0700] {dag.py:3486} INFO - Setting next_dagrun for example_dynamic_task_mapping to 2022-03-04T00:00:00+00:00, run_after=2022-03-05T00:00:00+00:00
[2024-10-09T11:22:43.517+0700] {processor.py:179} INFO - Processing /home/hasyidan/venv/lib/python3.8/site-packages/airflow/example_dags/example_dynamic_task_mapping.py took 0.378 seconds
[2024-10-09T11:23:50.664+0700] {processor.py:157} INFO - Started process (PID=5777) to work on /home/hasyidan/venv/lib/python3.8/site-packages/airflow/example_dags/example_dynamic_task_mapping.py
[2024-10-09T11:23:50.667+0700] {processor.py:826} INFO - Processing file /home/hasyidan/venv/lib/python3.8/site-packages/airflow/example_dags/example_dynamic_task_mapping.py for tasks to queue
[2024-10-09T11:23:50.671+0700] {logging_mixin.py:149} INFO - [2024-10-09T11:23:50.670+0700] {dagbag.py:541} INFO - Filling up the DagBag from /home/hasyidan/venv/lib/python3.8/site-packages/airflow/example_dags/example_dynamic_task_mapping.py
[2024-10-09T11:23:50.689+0700] {processor.py:836} INFO - DAG(s) dict_keys(['example_dynamic_task_mapping']) retrieved from /home/hasyidan/venv/lib/python3.8/site-packages/airflow/example_dags/example_dynamic_task_mapping.py
[2024-10-09T11:23:50.742+0700] {logging_mixin.py:149} INFO - [2024-10-09T11:23:50.741+0700] {dag.py:2726} INFO - Sync 1 DAGs
[2024-10-09T11:23:50.829+0700] {logging_mixin.py:149} INFO - [2024-10-09T11:23:50.829+0700] {dag.py:3486} INFO - Setting next_dagrun for example_dynamic_task_mapping to 2022-03-04T00:00:00+00:00, run_after=2022-03-05T00:00:00+00:00
[2024-10-09T11:23:50.993+0700] {processor.py:179} INFO - Processing /home/hasyidan/venv/lib/python3.8/site-packages/airflow/example_dags/example_dynamic_task_mapping.py took 0.342 seconds
[2024-10-09T11:24:58.268+0700] {processor.py:157} INFO - Started process (PID=5847) to work on /home/hasyidan/venv/lib/python3.8/site-packages/airflow/example_dags/example_dynamic_task_mapping.py
[2024-10-09T11:24:58.282+0700] {processor.py:826} INFO - Processing file /home/hasyidan/venv/lib/python3.8/site-packages/airflow/example_dags/example_dynamic_task_mapping.py for tasks to queue
[2024-10-09T11:24:58.284+0700] {logging_mixin.py:149} INFO - [2024-10-09T11:24:58.284+0700] {dagbag.py:541} INFO - Filling up the DagBag from /home/hasyidan/venv/lib/python3.8/site-packages/airflow/example_dags/example_dynamic_task_mapping.py
[2024-10-09T11:24:58.305+0700] {processor.py:836} INFO - DAG(s) dict_keys(['example_dynamic_task_mapping']) retrieved from /home/hasyidan/venv/lib/python3.8/site-packages/airflow/example_dags/example_dynamic_task_mapping.py
[2024-10-09T11:24:58.363+0700] {logging_mixin.py:149} INFO - [2024-10-09T11:24:58.361+0700] {dag.py:2726} INFO - Sync 1 DAGs
[2024-10-09T11:24:58.435+0700] {logging_mixin.py:149} INFO - [2024-10-09T11:24:58.435+0700] {dag.py:3486} INFO - Setting next_dagrun for example_dynamic_task_mapping to 2022-03-04T00:00:00+00:00, run_after=2022-03-05T00:00:00+00:00
[2024-10-09T11:24:58.577+0700] {processor.py:179} INFO - Processing /home/hasyidan/venv/lib/python3.8/site-packages/airflow/example_dags/example_dynamic_task_mapping.py took 0.319 seconds
[2024-10-09T11:28:24.110+0700] {processor.py:157} INFO - Started process (PID=6006) to work on /home/hasyidan/venv/lib/python3.8/site-packages/airflow/example_dags/example_dynamic_task_mapping.py
[2024-10-09T11:28:24.271+0700] {processor.py:826} INFO - Processing file /home/hasyidan/venv/lib/python3.8/site-packages/airflow/example_dags/example_dynamic_task_mapping.py for tasks to queue
[2024-10-09T11:28:24.274+0700] {logging_mixin.py:149} INFO - [2024-10-09T11:28:24.272+0700] {dagbag.py:541} INFO - Filling up the DagBag from /home/hasyidan/venv/lib/python3.8/site-packages/airflow/example_dags/example_dynamic_task_mapping.py
[2024-10-09T11:28:24.347+0700] {processor.py:836} INFO - DAG(s) dict_keys(['example_dynamic_task_mapping']) retrieved from /home/hasyidan/venv/lib/python3.8/site-packages/airflow/example_dags/example_dynamic_task_mapping.py
[2024-10-09T11:28:24.406+0700] {logging_mixin.py:149} INFO - [2024-10-09T11:28:24.405+0700] {dag.py:2726} INFO - Sync 1 DAGs
[2024-10-09T11:28:24.481+0700] {logging_mixin.py:149} INFO - [2024-10-09T11:28:24.481+0700] {dag.py:3486} INFO - Setting next_dagrun for example_dynamic_task_mapping to 2022-03-04T00:00:00+00:00, run_after=2022-03-05T00:00:00+00:00
[2024-10-09T11:28:24.670+0700] {processor.py:179} INFO - Processing /home/hasyidan/venv/lib/python3.8/site-packages/airflow/example_dags/example_dynamic_task_mapping.py took 0.570 seconds
[2024-10-09T11:31:04.678+0700] {processor.py:157} INFO - Started process (PID=6127) to work on /home/hasyidan/venv/lib/python3.8/site-packages/airflow/example_dags/example_dynamic_task_mapping.py
[2024-10-09T11:31:05.390+0700] {processor.py:826} INFO - Processing file /home/hasyidan/venv/lib/python3.8/site-packages/airflow/example_dags/example_dynamic_task_mapping.py for tasks to queue
[2024-10-09T11:31:05.392+0700] {logging_mixin.py:149} INFO - [2024-10-09T11:31:05.392+0700] {dagbag.py:541} INFO - Filling up the DagBag from /home/hasyidan/venv/lib/python3.8/site-packages/airflow/example_dags/example_dynamic_task_mapping.py
[2024-10-09T11:31:05.505+0700] {processor.py:836} INFO - DAG(s) dict_keys(['example_dynamic_task_mapping']) retrieved from /home/hasyidan/venv/lib/python3.8/site-packages/airflow/example_dags/example_dynamic_task_mapping.py
[2024-10-09T11:31:09.266+0700] {logging_mixin.py:149} INFO - [2024-10-09T11:31:09.266+0700] {dag.py:2726} INFO - Sync 1 DAGs
[2024-10-09T11:31:09.305+0700] {logging_mixin.py:149} INFO - [2024-10-09T11:31:09.305+0700] {dag.py:3486} INFO - Setting next_dagrun for example_dynamic_task_mapping to 2022-03-04T00:00:00+00:00, run_after=2022-03-05T00:00:00+00:00
[2024-10-09T11:31:12.741+0700] {processor.py:179} INFO - Processing /home/hasyidan/venv/lib/python3.8/site-packages/airflow/example_dags/example_dynamic_task_mapping.py took 8.070 seconds
[2024-10-09T11:34:46.383+0700] {processor.py:157} INFO - Started process (PID=6545) to work on /home/hasyidan/venv/lib/python3.8/site-packages/airflow/example_dags/example_dynamic_task_mapping.py
[2024-10-09T11:34:46.505+0700] {processor.py:826} INFO - Processing file /home/hasyidan/venv/lib/python3.8/site-packages/airflow/example_dags/example_dynamic_task_mapping.py for tasks to queue
[2024-10-09T11:34:46.507+0700] {logging_mixin.py:149} INFO - [2024-10-09T11:34:46.507+0700] {dagbag.py:541} INFO - Filling up the DagBag from /home/hasyidan/venv/lib/python3.8/site-packages/airflow/example_dags/example_dynamic_task_mapping.py
[2024-10-09T11:34:46.535+0700] {processor.py:836} INFO - DAG(s) dict_keys(['example_dynamic_task_mapping']) retrieved from /home/hasyidan/venv/lib/python3.8/site-packages/airflow/example_dags/example_dynamic_task_mapping.py
[2024-10-09T11:34:46.571+0700] {logging_mixin.py:149} INFO - [2024-10-09T11:34:46.570+0700] {dag.py:2726} INFO - Sync 1 DAGs
[2024-10-09T11:34:46.617+0700] {logging_mixin.py:149} INFO - [2024-10-09T11:34:46.616+0700] {dag.py:3486} INFO - Setting next_dagrun for example_dynamic_task_mapping to 2022-03-04T00:00:00+00:00, run_after=2022-03-05T00:00:00+00:00
[2024-10-09T11:34:46.976+0700] {processor.py:179} INFO - Processing /home/hasyidan/venv/lib/python3.8/site-packages/airflow/example_dags/example_dynamic_task_mapping.py took 0.599 seconds
[2024-10-09T11:36:53.948+0700] {processor.py:157} INFO - Started process (PID=6681) to work on /home/hasyidan/venv/lib/python3.8/site-packages/airflow/example_dags/example_dynamic_task_mapping.py
[2024-10-09T11:36:54.039+0700] {processor.py:826} INFO - Processing file /home/hasyidan/venv/lib/python3.8/site-packages/airflow/example_dags/example_dynamic_task_mapping.py for tasks to queue
[2024-10-09T11:36:54.075+0700] {logging_mixin.py:149} INFO - [2024-10-09T11:36:54.074+0700] {dagbag.py:541} INFO - Filling up the DagBag from /home/hasyidan/venv/lib/python3.8/site-packages/airflow/example_dags/example_dynamic_task_mapping.py
[2024-10-09T11:36:54.738+0700] {processor.py:836} INFO - DAG(s) dict_keys(['example_dynamic_task_mapping']) retrieved from /home/hasyidan/venv/lib/python3.8/site-packages/airflow/example_dags/example_dynamic_task_mapping.py
[2024-10-09T11:36:55.385+0700] {logging_mixin.py:149} INFO - [2024-10-09T11:36:55.384+0700] {dag.py:2726} INFO - Sync 1 DAGs
[2024-10-09T11:36:56.822+0700] {logging_mixin.py:149} INFO - [2024-10-09T11:36:56.821+0700] {dag.py:3486} INFO - Setting next_dagrun for example_dynamic_task_mapping to 2022-03-04T00:00:00+00:00, run_after=2022-03-05T00:00:00+00:00
[2024-10-09T11:36:58.343+0700] {processor.py:179} INFO - Processing /home/hasyidan/venv/lib/python3.8/site-packages/airflow/example_dags/example_dynamic_task_mapping.py took 5.145 seconds
[2024-10-09T11:40:23.104+0700] {processor.py:157} INFO - Started process (PID=6923) to work on /home/hasyidan/venv/lib/python3.8/site-packages/airflow/example_dags/example_dynamic_task_mapping.py
[2024-10-09T11:40:23.403+0700] {processor.py:826} INFO - Processing file /home/hasyidan/venv/lib/python3.8/site-packages/airflow/example_dags/example_dynamic_task_mapping.py for tasks to queue
[2024-10-09T11:40:23.406+0700] {logging_mixin.py:149} INFO - [2024-10-09T11:40:23.405+0700] {dagbag.py:541} INFO - Filling up the DagBag from /home/hasyidan/venv/lib/python3.8/site-packages/airflow/example_dags/example_dynamic_task_mapping.py
[2024-10-09T11:40:23.968+0700] {processor.py:836} INFO - DAG(s) dict_keys(['example_dynamic_task_mapping']) retrieved from /home/hasyidan/venv/lib/python3.8/site-packages/airflow/example_dags/example_dynamic_task_mapping.py
[2024-10-09T11:40:24.532+0700] {logging_mixin.py:149} INFO - [2024-10-09T11:40:24.532+0700] {dag.py:2726} INFO - Sync 1 DAGs
[2024-10-09T11:40:24.754+0700] {logging_mixin.py:149} INFO - [2024-10-09T11:40:24.753+0700] {dag.py:3486} INFO - Setting next_dagrun for example_dynamic_task_mapping to 2022-03-04T00:00:00+00:00, run_after=2022-03-05T00:00:00+00:00
[2024-10-09T11:40:25.276+0700] {processor.py:179} INFO - Processing /home/hasyidan/venv/lib/python3.8/site-packages/airflow/example_dags/example_dynamic_task_mapping.py took 2.178 seconds
