[2024-10-09T10:58:40.407+0700] {processor.py:157} INFO - Started process (PID=3930) to work on /home/hasyidan/venv/lib/python3.8/site-packages/airflow/example_dags/example_short_circuit_operator.py
[2024-10-09T10:58:40.409+0700] {processor.py:826} INFO - Processing file /home/hasyidan/venv/lib/python3.8/site-packages/airflow/example_dags/example_short_circuit_operator.py for tasks to queue
[2024-10-09T10:58:40.411+0700] {logging_mixin.py:149} INFO - [2024-10-09T10:58:40.410+0700] {dagbag.py:541} INFO - Filling up the DagBag from /home/hasyidan/venv/lib/python3.8/site-packages/airflow/example_dags/example_short_circuit_operator.py
[2024-10-09T10:58:40.526+0700] {processor.py:836} INFO - DAG(s) dict_keys(['example_short_circuit_operator']) retrieved from /home/hasyidan/venv/lib/python3.8/site-packages/airflow/example_dags/example_short_circuit_operator.py
[2024-10-09T10:58:40.815+0700] {logging_mixin.py:149} INFO - [2024-10-09T10:58:40.814+0700] {dag.py:2726} INFO - Sync 1 DAGs
[2024-10-09T10:58:43.452+0700] {logging_mixin.py:149} INFO - [2024-10-09T10:58:43.451+0700] {dag.py:3486} INFO - Setting next_dagrun for example_short_circuit_operator to 2024-10-08T03:58:43.450525+00:00, run_after=2024-10-09T03:58:43.450525+00:00
[2024-10-09T10:58:44.749+0700] {processor.py:179} INFO - Processing /home/hasyidan/venv/lib/python3.8/site-packages/airflow/example_dags/example_short_circuit_operator.py took 4.348 seconds
[2024-10-09T11:00:49.392+0700] {processor.py:157} INFO - Started process (PID=4040) to work on /home/hasyidan/venv/lib/python3.8/site-packages/airflow/example_dags/example_short_circuit_operator.py
[2024-10-09T11:00:49.506+0700] {processor.py:826} INFO - Processing file /home/hasyidan/venv/lib/python3.8/site-packages/airflow/example_dags/example_short_circuit_operator.py for tasks to queue
[2024-10-09T11:00:49.508+0700] {logging_mixin.py:149} INFO - [2024-10-09T11:00:49.507+0700] {dagbag.py:541} INFO - Filling up the DagBag from /home/hasyidan/venv/lib/python3.8/site-packages/airflow/example_dags/example_short_circuit_operator.py
[2024-10-09T11:00:49.554+0700] {processor.py:836} INFO - DAG(s) dict_keys(['example_short_circuit_operator']) retrieved from /home/hasyidan/venv/lib/python3.8/site-packages/airflow/example_dags/example_short_circuit_operator.py
[2024-10-09T11:00:49.803+0700] {logging_mixin.py:149} INFO - [2024-10-09T11:00:49.803+0700] {dag.py:2726} INFO - Sync 1 DAGs
[2024-10-09T11:00:50.056+0700] {logging_mixin.py:149} INFO - [2024-10-09T11:00:50.055+0700] {dag.py:3486} INFO - Setting next_dagrun for example_short_circuit_operator to 2024-10-08T04:00:50.055265+00:00, run_after=2024-10-09T04:00:50.055265+00:00
[2024-10-09T11:00:50.378+0700] {processor.py:179} INFO - Processing /home/hasyidan/venv/lib/python3.8/site-packages/airflow/example_dags/example_short_circuit_operator.py took 0.992 seconds
[2024-10-09T11:02:16.050+0700] {processor.py:157} INFO - Started process (PID=4189) to work on /home/hasyidan/venv/lib/python3.8/site-packages/airflow/example_dags/example_short_circuit_operator.py
[2024-10-09T11:02:16.061+0700] {processor.py:826} INFO - Processing file /home/hasyidan/venv/lib/python3.8/site-packages/airflow/example_dags/example_short_circuit_operator.py for tasks to queue
[2024-10-09T11:02:16.063+0700] {logging_mixin.py:149} INFO - [2024-10-09T11:02:16.062+0700] {dagbag.py:541} INFO - Filling up the DagBag from /home/hasyidan/venv/lib/python3.8/site-packages/airflow/example_dags/example_short_circuit_operator.py
[2024-10-09T11:02:16.083+0700] {processor.py:836} INFO - DAG(s) dict_keys(['example_short_circuit_operator']) retrieved from /home/hasyidan/venv/lib/python3.8/site-packages/airflow/example_dags/example_short_circuit_operator.py
[2024-10-09T11:02:16.128+0700] {logging_mixin.py:149} INFO - [2024-10-09T11:02:16.127+0700] {dag.py:2726} INFO - Sync 1 DAGs
[2024-10-09T11:02:16.172+0700] {logging_mixin.py:149} INFO - [2024-10-09T11:02:16.172+0700] {dag.py:3486} INFO - Setting next_dagrun for example_short_circuit_operator to 2024-10-08T04:02:16.171529+00:00, run_after=2024-10-09T04:02:16.171529+00:00
[2024-10-09T11:02:16.322+0700] {processor.py:179} INFO - Processing /home/hasyidan/venv/lib/python3.8/site-packages/airflow/example_dags/example_short_circuit_operator.py took 0.278 seconds
[2024-10-09T11:03:14.121+0700] {processor.py:157} INFO - Started process (PID=4243) to work on /home/hasyidan/venv/lib/python3.8/site-packages/airflow/example_dags/example_short_circuit_operator.py
[2024-10-09T11:03:14.122+0700] {processor.py:826} INFO - Processing file /home/hasyidan/venv/lib/python3.8/site-packages/airflow/example_dags/example_short_circuit_operator.py for tasks to queue
[2024-10-09T11:03:14.124+0700] {logging_mixin.py:149} INFO - [2024-10-09T11:03:14.123+0700] {dagbag.py:541} INFO - Filling up the DagBag from /home/hasyidan/venv/lib/python3.8/site-packages/airflow/example_dags/example_short_circuit_operator.py
[2024-10-09T11:03:14.139+0700] {processor.py:836} INFO - DAG(s) dict_keys(['example_short_circuit_operator']) retrieved from /home/hasyidan/venv/lib/python3.8/site-packages/airflow/example_dags/example_short_circuit_operator.py
[2024-10-09T11:03:14.295+0700] {logging_mixin.py:149} INFO - [2024-10-09T11:03:14.294+0700] {dag.py:2726} INFO - Sync 1 DAGs
[2024-10-09T11:03:14.341+0700] {logging_mixin.py:149} INFO - [2024-10-09T11:03:14.341+0700] {dag.py:3486} INFO - Setting next_dagrun for example_short_circuit_operator to 2024-10-08T04:03:14.341075+00:00, run_after=2024-10-09T04:03:14.341075+00:00
[2024-10-09T11:03:14.517+0700] {processor.py:179} INFO - Processing /home/hasyidan/venv/lib/python3.8/site-packages/airflow/example_dags/example_short_circuit_operator.py took 0.403 seconds
[2024-10-09T11:04:12.256+0700] {processor.py:157} INFO - Started process (PID=4296) to work on /home/hasyidan/venv/lib/python3.8/site-packages/airflow/example_dags/example_short_circuit_operator.py
[2024-10-09T11:04:12.283+0700] {processor.py:826} INFO - Processing file /home/hasyidan/venv/lib/python3.8/site-packages/airflow/example_dags/example_short_circuit_operator.py for tasks to queue
[2024-10-09T11:04:12.286+0700] {logging_mixin.py:149} INFO - [2024-10-09T11:04:12.285+0700] {dagbag.py:541} INFO - Filling up the DagBag from /home/hasyidan/venv/lib/python3.8/site-packages/airflow/example_dags/example_short_circuit_operator.py
[2024-10-09T11:04:12.304+0700] {processor.py:836} INFO - DAG(s) dict_keys(['example_short_circuit_operator']) retrieved from /home/hasyidan/venv/lib/python3.8/site-packages/airflow/example_dags/example_short_circuit_operator.py
[2024-10-09T11:04:12.347+0700] {logging_mixin.py:149} INFO - [2024-10-09T11:04:12.347+0700] {dag.py:2726} INFO - Sync 1 DAGs
[2024-10-09T11:04:12.392+0700] {logging_mixin.py:149} INFO - [2024-10-09T11:04:12.391+0700] {dag.py:3486} INFO - Setting next_dagrun for example_short_circuit_operator to 2024-10-08T04:04:12.391265+00:00, run_after=2024-10-09T04:04:12.391265+00:00
[2024-10-09T11:04:12.527+0700] {processor.py:179} INFO - Processing /home/hasyidan/venv/lib/python3.8/site-packages/airflow/example_dags/example_short_circuit_operator.py took 0.278 seconds
[2024-10-09T11:05:41.120+0700] {processor.py:157} INFO - Started process (PID=4437) to work on /home/hasyidan/venv/lib/python3.8/site-packages/airflow/example_dags/example_short_circuit_operator.py
[2024-10-09T11:05:41.147+0700] {processor.py:826} INFO - Processing file /home/hasyidan/venv/lib/python3.8/site-packages/airflow/example_dags/example_short_circuit_operator.py for tasks to queue
[2024-10-09T11:05:41.149+0700] {logging_mixin.py:149} INFO - [2024-10-09T11:05:41.149+0700] {dagbag.py:541} INFO - Filling up the DagBag from /home/hasyidan/venv/lib/python3.8/site-packages/airflow/example_dags/example_short_circuit_operator.py
[2024-10-09T11:05:41.206+0700] {processor.py:836} INFO - DAG(s) dict_keys(['example_short_circuit_operator']) retrieved from /home/hasyidan/venv/lib/python3.8/site-packages/airflow/example_dags/example_short_circuit_operator.py
[2024-10-09T11:05:41.772+0700] {logging_mixin.py:149} INFO - [2024-10-09T11:05:41.772+0700] {dag.py:2726} INFO - Sync 1 DAGs
[2024-10-09T11:05:41.905+0700] {logging_mixin.py:149} INFO - [2024-10-09T11:05:41.905+0700] {dag.py:3486} INFO - Setting next_dagrun for example_short_circuit_operator to 2024-10-08T04:05:41.904590+00:00, run_after=2024-10-09T04:05:41.904590+00:00
[2024-10-09T11:05:42.887+0700] {processor.py:179} INFO - Processing /home/hasyidan/venv/lib/python3.8/site-packages/airflow/example_dags/example_short_circuit_operator.py took 1.773 seconds
[2024-10-09T11:07:06.884+0700] {processor.py:157} INFO - Started process (PID=4593) to work on /home/hasyidan/venv/lib/python3.8/site-packages/airflow/example_dags/example_short_circuit_operator.py
[2024-10-09T11:07:06.977+0700] {processor.py:826} INFO - Processing file /home/hasyidan/venv/lib/python3.8/site-packages/airflow/example_dags/example_short_circuit_operator.py for tasks to queue
[2024-10-09T11:07:06.979+0700] {logging_mixin.py:149} INFO - [2024-10-09T11:07:06.979+0700] {dagbag.py:541} INFO - Filling up the DagBag from /home/hasyidan/venv/lib/python3.8/site-packages/airflow/example_dags/example_short_circuit_operator.py
[2024-10-09T11:07:07.006+0700] {processor.py:836} INFO - DAG(s) dict_keys(['example_short_circuit_operator']) retrieved from /home/hasyidan/venv/lib/python3.8/site-packages/airflow/example_dags/example_short_circuit_operator.py
[2024-10-09T11:07:07.080+0700] {logging_mixin.py:149} INFO - [2024-10-09T11:07:07.079+0700] {dag.py:2726} INFO - Sync 1 DAGs
[2024-10-09T11:07:07.122+0700] {logging_mixin.py:149} INFO - [2024-10-09T11:07:07.122+0700] {dag.py:3486} INFO - Setting next_dagrun for example_short_circuit_operator to 2024-10-08T04:07:07.122098+00:00, run_after=2024-10-09T04:07:07.122098+00:00
[2024-10-09T11:07:07.261+0700] {processor.py:179} INFO - Processing /home/hasyidan/venv/lib/python3.8/site-packages/airflow/example_dags/example_short_circuit_operator.py took 0.384 seconds
[2024-10-09T11:08:11.075+0700] {processor.py:157} INFO - Started process (PID=4665) to work on /home/hasyidan/venv/lib/python3.8/site-packages/airflow/example_dags/example_short_circuit_operator.py
[2024-10-09T11:08:11.113+0700] {processor.py:826} INFO - Processing file /home/hasyidan/venv/lib/python3.8/site-packages/airflow/example_dags/example_short_circuit_operator.py for tasks to queue
[2024-10-09T11:08:11.116+0700] {logging_mixin.py:149} INFO - [2024-10-09T11:08:11.115+0700] {dagbag.py:541} INFO - Filling up the DagBag from /home/hasyidan/venv/lib/python3.8/site-packages/airflow/example_dags/example_short_circuit_operator.py
[2024-10-09T11:08:11.134+0700] {processor.py:836} INFO - DAG(s) dict_keys(['example_short_circuit_operator']) retrieved from /home/hasyidan/venv/lib/python3.8/site-packages/airflow/example_dags/example_short_circuit_operator.py
[2024-10-09T11:08:11.177+0700] {logging_mixin.py:149} INFO - [2024-10-09T11:08:11.176+0700] {dag.py:2726} INFO - Sync 1 DAGs
[2024-10-09T11:08:11.219+0700] {logging_mixin.py:149} INFO - [2024-10-09T11:08:11.219+0700] {dag.py:3486} INFO - Setting next_dagrun for example_short_circuit_operator to 2024-10-08T04:08:11.219011+00:00, run_after=2024-10-09T04:08:11.219011+00:00
[2024-10-09T11:08:11.370+0700] {processor.py:179} INFO - Processing /home/hasyidan/venv/lib/python3.8/site-packages/airflow/example_dags/example_short_circuit_operator.py took 0.302 seconds
[2024-10-09T11:09:09.391+0700] {processor.py:157} INFO - Started process (PID=4720) to work on /home/hasyidan/venv/lib/python3.8/site-packages/airflow/example_dags/example_short_circuit_operator.py
[2024-10-09T11:09:09.449+0700] {processor.py:826} INFO - Processing file /home/hasyidan/venv/lib/python3.8/site-packages/airflow/example_dags/example_short_circuit_operator.py for tasks to queue
[2024-10-09T11:09:09.450+0700] {logging_mixin.py:149} INFO - [2024-10-09T11:09:09.450+0700] {dagbag.py:541} INFO - Filling up the DagBag from /home/hasyidan/venv/lib/python3.8/site-packages/airflow/example_dags/example_short_circuit_operator.py
[2024-10-09T11:09:09.467+0700] {processor.py:836} INFO - DAG(s) dict_keys(['example_short_circuit_operator']) retrieved from /home/hasyidan/venv/lib/python3.8/site-packages/airflow/example_dags/example_short_circuit_operator.py
[2024-10-09T11:09:09.509+0700] {logging_mixin.py:149} INFO - [2024-10-09T11:09:09.509+0700] {dag.py:2726} INFO - Sync 1 DAGs
[2024-10-09T11:09:09.554+0700] {logging_mixin.py:149} INFO - [2024-10-09T11:09:09.554+0700] {dag.py:3486} INFO - Setting next_dagrun for example_short_circuit_operator to 2024-10-08T04:09:09.553780+00:00, run_after=2024-10-09T04:09:09.553780+00:00
[2024-10-09T11:09:09.686+0700] {processor.py:179} INFO - Processing /home/hasyidan/venv/lib/python3.8/site-packages/airflow/example_dags/example_short_circuit_operator.py took 0.302 seconds
[2024-10-09T11:10:01.116+0700] {processor.py:157} INFO - Started process (PID=4774) to work on /home/hasyidan/venv/lib/python3.8/site-packages/airflow/example_dags/example_short_circuit_operator.py
[2024-10-09T11:10:01.127+0700] {processor.py:826} INFO - Processing file /home/hasyidan/venv/lib/python3.8/site-packages/airflow/example_dags/example_short_circuit_operator.py for tasks to queue
[2024-10-09T11:10:01.129+0700] {logging_mixin.py:149} INFO - [2024-10-09T11:10:01.129+0700] {dagbag.py:541} INFO - Filling up the DagBag from /home/hasyidan/venv/lib/python3.8/site-packages/airflow/example_dags/example_short_circuit_operator.py
[2024-10-09T11:10:01.148+0700] {processor.py:836} INFO - DAG(s) dict_keys(['example_short_circuit_operator']) retrieved from /home/hasyidan/venv/lib/python3.8/site-packages/airflow/example_dags/example_short_circuit_operator.py
[2024-10-09T11:10:01.190+0700] {logging_mixin.py:149} INFO - [2024-10-09T11:10:01.190+0700] {dag.py:2726} INFO - Sync 1 DAGs
[2024-10-09T11:10:01.234+0700] {logging_mixin.py:149} INFO - [2024-10-09T11:10:01.233+0700] {dag.py:3486} INFO - Setting next_dagrun for example_short_circuit_operator to 2024-10-08T04:10:01.233307+00:00, run_after=2024-10-09T04:10:01.233307+00:00
[2024-10-09T11:10:01.370+0700] {processor.py:179} INFO - Processing /home/hasyidan/venv/lib/python3.8/site-packages/airflow/example_dags/example_short_circuit_operator.py took 0.261 seconds
[2024-10-09T11:10:52.614+0700] {processor.py:157} INFO - Started process (PID=4834) to work on /home/hasyidan/venv/lib/python3.8/site-packages/airflow/example_dags/example_short_circuit_operator.py
[2024-10-09T11:10:52.624+0700] {processor.py:826} INFO - Processing file /home/hasyidan/venv/lib/python3.8/site-packages/airflow/example_dags/example_short_circuit_operator.py for tasks to queue
[2024-10-09T11:10:52.625+0700] {logging_mixin.py:149} INFO - [2024-10-09T11:10:52.625+0700] {dagbag.py:541} INFO - Filling up the DagBag from /home/hasyidan/venv/lib/python3.8/site-packages/airflow/example_dags/example_short_circuit_operator.py
[2024-10-09T11:10:52.643+0700] {processor.py:836} INFO - DAG(s) dict_keys(['example_short_circuit_operator']) retrieved from /home/hasyidan/venv/lib/python3.8/site-packages/airflow/example_dags/example_short_circuit_operator.py
[2024-10-09T11:10:52.685+0700] {logging_mixin.py:149} INFO - [2024-10-09T11:10:52.685+0700] {dag.py:2726} INFO - Sync 1 DAGs
[2024-10-09T11:10:52.730+0700] {logging_mixin.py:149} INFO - [2024-10-09T11:10:52.730+0700] {dag.py:3486} INFO - Setting next_dagrun for example_short_circuit_operator to 2024-10-08T04:10:52.730006+00:00, run_after=2024-10-09T04:10:52.730006+00:00
[2024-10-09T11:10:52.852+0700] {processor.py:179} INFO - Processing /home/hasyidan/venv/lib/python3.8/site-packages/airflow/example_dags/example_short_circuit_operator.py took 0.243 seconds
[2024-10-09T11:11:47.296+0700] {processor.py:157} INFO - Started process (PID=4892) to work on /home/hasyidan/venv/lib/python3.8/site-packages/airflow/example_dags/example_short_circuit_operator.py
[2024-10-09T11:11:47.316+0700] {processor.py:826} INFO - Processing file /home/hasyidan/venv/lib/python3.8/site-packages/airflow/example_dags/example_short_circuit_operator.py for tasks to queue
[2024-10-09T11:11:47.318+0700] {logging_mixin.py:149} INFO - [2024-10-09T11:11:47.318+0700] {dagbag.py:541} INFO - Filling up the DagBag from /home/hasyidan/venv/lib/python3.8/site-packages/airflow/example_dags/example_short_circuit_operator.py
[2024-10-09T11:11:47.338+0700] {processor.py:836} INFO - DAG(s) dict_keys(['example_short_circuit_operator']) retrieved from /home/hasyidan/venv/lib/python3.8/site-packages/airflow/example_dags/example_short_circuit_operator.py
[2024-10-09T11:11:47.380+0700] {logging_mixin.py:149} INFO - [2024-10-09T11:11:47.379+0700] {dag.py:2726} INFO - Sync 1 DAGs
[2024-10-09T11:11:47.422+0700] {logging_mixin.py:149} INFO - [2024-10-09T11:11:47.422+0700] {dag.py:3486} INFO - Setting next_dagrun for example_short_circuit_operator to 2024-10-08T04:11:47.421714+00:00, run_after=2024-10-09T04:11:47.421714+00:00
[2024-10-09T11:11:47.547+0700] {processor.py:179} INFO - Processing /home/hasyidan/venv/lib/python3.8/site-packages/airflow/example_dags/example_short_circuit_operator.py took 0.257 seconds
[2024-10-09T11:12:39.074+0700] {processor.py:157} INFO - Started process (PID=4948) to work on /home/hasyidan/venv/lib/python3.8/site-packages/airflow/example_dags/example_short_circuit_operator.py
[2024-10-09T11:12:39.076+0700] {processor.py:826} INFO - Processing file /home/hasyidan/venv/lib/python3.8/site-packages/airflow/example_dags/example_short_circuit_operator.py for tasks to queue
[2024-10-09T11:12:39.078+0700] {logging_mixin.py:149} INFO - [2024-10-09T11:12:39.077+0700] {dagbag.py:541} INFO - Filling up the DagBag from /home/hasyidan/venv/lib/python3.8/site-packages/airflow/example_dags/example_short_circuit_operator.py
[2024-10-09T11:12:39.117+0700] {processor.py:836} INFO - DAG(s) dict_keys(['example_short_circuit_operator']) retrieved from /home/hasyidan/venv/lib/python3.8/site-packages/airflow/example_dags/example_short_circuit_operator.py
[2024-10-09T11:12:39.160+0700] {logging_mixin.py:149} INFO - [2024-10-09T11:12:39.159+0700] {dag.py:2726} INFO - Sync 1 DAGs
[2024-10-09T11:12:39.205+0700] {logging_mixin.py:149} INFO - [2024-10-09T11:12:39.204+0700] {dag.py:3486} INFO - Setting next_dagrun for example_short_circuit_operator to 2024-10-08T04:12:39.204191+00:00, run_after=2024-10-09T04:12:39.204191+00:00
[2024-10-09T11:12:39.346+0700] {processor.py:179} INFO - Processing /home/hasyidan/venv/lib/python3.8/site-packages/airflow/example_dags/example_short_circuit_operator.py took 0.279 seconds
[2024-10-09T11:13:32.826+0700] {processor.py:157} INFO - Started process (PID=5008) to work on /home/hasyidan/venv/lib/python3.8/site-packages/airflow/example_dags/example_short_circuit_operator.py
[2024-10-09T11:13:32.836+0700] {processor.py:826} INFO - Processing file /home/hasyidan/venv/lib/python3.8/site-packages/airflow/example_dags/example_short_circuit_operator.py for tasks to queue
[2024-10-09T11:13:32.838+0700] {logging_mixin.py:149} INFO - [2024-10-09T11:13:32.838+0700] {dagbag.py:541} INFO - Filling up the DagBag from /home/hasyidan/venv/lib/python3.8/site-packages/airflow/example_dags/example_short_circuit_operator.py
[2024-10-09T11:13:32.856+0700] {processor.py:836} INFO - DAG(s) dict_keys(['example_short_circuit_operator']) retrieved from /home/hasyidan/venv/lib/python3.8/site-packages/airflow/example_dags/example_short_circuit_operator.py
[2024-10-09T11:13:32.899+0700] {logging_mixin.py:149} INFO - [2024-10-09T11:13:32.898+0700] {dag.py:2726} INFO - Sync 1 DAGs
[2024-10-09T11:13:32.941+0700] {logging_mixin.py:149} INFO - [2024-10-09T11:13:32.941+0700] {dag.py:3486} INFO - Setting next_dagrun for example_short_circuit_operator to 2024-10-08T04:13:32.940808+00:00, run_after=2024-10-09T04:13:32.940808+00:00
[2024-10-09T11:13:33.069+0700] {processor.py:179} INFO - Processing /home/hasyidan/venv/lib/python3.8/site-packages/airflow/example_dags/example_short_circuit_operator.py took 0.249 seconds
[2024-10-09T11:14:44.047+0700] {processor.py:157} INFO - Started process (PID=5102) to work on /home/hasyidan/venv/lib/python3.8/site-packages/airflow/example_dags/example_short_circuit_operator.py
[2024-10-09T11:14:44.108+0700] {processor.py:826} INFO - Processing file /home/hasyidan/venv/lib/python3.8/site-packages/airflow/example_dags/example_short_circuit_operator.py for tasks to queue
[2024-10-09T11:14:44.246+0700] {logging_mixin.py:149} INFO - [2024-10-09T11:14:44.245+0700] {dagbag.py:541} INFO - Filling up the DagBag from /home/hasyidan/venv/lib/python3.8/site-packages/airflow/example_dags/example_short_circuit_operator.py
[2024-10-09T11:14:44.428+0700] {processor.py:836} INFO - DAG(s) dict_keys(['example_short_circuit_operator']) retrieved from /home/hasyidan/venv/lib/python3.8/site-packages/airflow/example_dags/example_short_circuit_operator.py
[2024-10-09T11:14:44.530+0700] {logging_mixin.py:149} INFO - [2024-10-09T11:14:44.530+0700] {dag.py:2726} INFO - Sync 1 DAGs
[2024-10-09T11:14:44.622+0700] {logging_mixin.py:149} INFO - [2024-10-09T11:14:44.622+0700] {dag.py:3486} INFO - Setting next_dagrun for example_short_circuit_operator to 2024-10-08T04:14:44.621582+00:00, run_after=2024-10-09T04:14:44.621582+00:00
[2024-10-09T11:14:45.029+0700] {processor.py:179} INFO - Processing /home/hasyidan/venv/lib/python3.8/site-packages/airflow/example_dags/example_short_circuit_operator.py took 0.988 seconds
[2024-10-09T11:15:59.379+0700] {processor.py:157} INFO - Started process (PID=5298) to work on /home/hasyidan/venv/lib/python3.8/site-packages/airflow/example_dags/example_short_circuit_operator.py
[2024-10-09T11:15:59.396+0700] {processor.py:826} INFO - Processing file /home/hasyidan/venv/lib/python3.8/site-packages/airflow/example_dags/example_short_circuit_operator.py for tasks to queue
[2024-10-09T11:15:59.398+0700] {logging_mixin.py:149} INFO - [2024-10-09T11:15:59.398+0700] {dagbag.py:541} INFO - Filling up the DagBag from /home/hasyidan/venv/lib/python3.8/site-packages/airflow/example_dags/example_short_circuit_operator.py
[2024-10-09T11:15:59.433+0700] {processor.py:836} INFO - DAG(s) dict_keys(['example_short_circuit_operator']) retrieved from /home/hasyidan/venv/lib/python3.8/site-packages/airflow/example_dags/example_short_circuit_operator.py
[2024-10-09T11:15:59.510+0700] {logging_mixin.py:149} INFO - [2024-10-09T11:15:59.509+0700] {dag.py:2726} INFO - Sync 1 DAGs
[2024-10-09T11:15:59.586+0700] {logging_mixin.py:149} INFO - [2024-10-09T11:15:59.585+0700] {dag.py:3486} INFO - Setting next_dagrun for example_short_circuit_operator to 2024-10-08T04:15:59.584776+00:00, run_after=2024-10-09T04:15:59.584776+00:00
[2024-10-09T11:15:59.750+0700] {processor.py:179} INFO - Processing /home/hasyidan/venv/lib/python3.8/site-packages/airflow/example_dags/example_short_circuit_operator.py took 0.384 seconds
[2024-10-09T11:17:08.663+0700] {processor.py:157} INFO - Started process (PID=5366) to work on /home/hasyidan/venv/lib/python3.8/site-packages/airflow/example_dags/example_short_circuit_operator.py
[2024-10-09T11:17:08.665+0700] {processor.py:826} INFO - Processing file /home/hasyidan/venv/lib/python3.8/site-packages/airflow/example_dags/example_short_circuit_operator.py for tasks to queue
[2024-10-09T11:17:08.666+0700] {logging_mixin.py:149} INFO - [2024-10-09T11:17:08.666+0700] {dagbag.py:541} INFO - Filling up the DagBag from /home/hasyidan/venv/lib/python3.8/site-packages/airflow/example_dags/example_short_circuit_operator.py
[2024-10-09T11:17:08.689+0700] {processor.py:836} INFO - DAG(s) dict_keys(['example_short_circuit_operator']) retrieved from /home/hasyidan/venv/lib/python3.8/site-packages/airflow/example_dags/example_short_circuit_operator.py
[2024-10-09T11:17:08.757+0700] {logging_mixin.py:149} INFO - [2024-10-09T11:17:08.756+0700] {dag.py:2726} INFO - Sync 1 DAGs
[2024-10-09T11:17:08.829+0700] {logging_mixin.py:149} INFO - [2024-10-09T11:17:08.828+0700] {dag.py:3486} INFO - Setting next_dagrun for example_short_circuit_operator to 2024-10-08T04:17:08.825135+00:00, run_after=2024-10-09T04:17:08.825135+00:00
[2024-10-09T11:17:09.011+0700] {processor.py:179} INFO - Processing /home/hasyidan/venv/lib/python3.8/site-packages/airflow/example_dags/example_short_circuit_operator.py took 0.359 seconds
[2024-10-09T11:18:18.689+0700] {processor.py:157} INFO - Started process (PID=5435) to work on /home/hasyidan/venv/lib/python3.8/site-packages/airflow/example_dags/example_short_circuit_operator.py
[2024-10-09T11:18:18.692+0700] {processor.py:826} INFO - Processing file /home/hasyidan/venv/lib/python3.8/site-packages/airflow/example_dags/example_short_circuit_operator.py for tasks to queue
[2024-10-09T11:18:18.693+0700] {logging_mixin.py:149} INFO - [2024-10-09T11:18:18.693+0700] {dagbag.py:541} INFO - Filling up the DagBag from /home/hasyidan/venv/lib/python3.8/site-packages/airflow/example_dags/example_short_circuit_operator.py
[2024-10-09T11:18:18.719+0700] {processor.py:836} INFO - DAG(s) dict_keys(['example_short_circuit_operator']) retrieved from /home/hasyidan/venv/lib/python3.8/site-packages/airflow/example_dags/example_short_circuit_operator.py
[2024-10-09T11:18:18.811+0700] {logging_mixin.py:149} INFO - [2024-10-09T11:18:18.810+0700] {dag.py:2726} INFO - Sync 1 DAGs
[2024-10-09T11:18:18.910+0700] {logging_mixin.py:149} INFO - [2024-10-09T11:18:18.910+0700] {dag.py:3486} INFO - Setting next_dagrun for example_short_circuit_operator to 2024-10-08T04:18:18.909471+00:00, run_after=2024-10-09T04:18:18.909471+00:00
[2024-10-09T11:18:19.121+0700] {processor.py:179} INFO - Processing /home/hasyidan/venv/lib/python3.8/site-packages/airflow/example_dags/example_short_circuit_operator.py took 0.442 seconds
[2024-10-09T11:19:20.624+0700] {processor.py:157} INFO - Started process (PID=5499) to work on /home/hasyidan/venv/lib/python3.8/site-packages/airflow/example_dags/example_short_circuit_operator.py
[2024-10-09T11:19:20.641+0700] {processor.py:826} INFO - Processing file /home/hasyidan/venv/lib/python3.8/site-packages/airflow/example_dags/example_short_circuit_operator.py for tasks to queue
[2024-10-09T11:19:20.647+0700] {logging_mixin.py:149} INFO - [2024-10-09T11:19:20.643+0700] {dagbag.py:541} INFO - Filling up the DagBag from /home/hasyidan/venv/lib/python3.8/site-packages/airflow/example_dags/example_short_circuit_operator.py
[2024-10-09T11:19:20.704+0700] {processor.py:836} INFO - DAG(s) dict_keys(['example_short_circuit_operator']) retrieved from /home/hasyidan/venv/lib/python3.8/site-packages/airflow/example_dags/example_short_circuit_operator.py
[2024-10-09T11:19:20.777+0700] {logging_mixin.py:149} INFO - [2024-10-09T11:19:20.776+0700] {dag.py:2726} INFO - Sync 1 DAGs
[2024-10-09T11:19:20.856+0700] {logging_mixin.py:149} INFO - [2024-10-09T11:19:20.855+0700] {dag.py:3486} INFO - Setting next_dagrun for example_short_circuit_operator to 2024-10-08T04:19:20.855335+00:00, run_after=2024-10-09T04:19:20.855335+00:00
[2024-10-09T11:19:21.020+0700] {processor.py:179} INFO - Processing /home/hasyidan/venv/lib/python3.8/site-packages/airflow/example_dags/example_short_circuit_operator.py took 0.406 seconds
[2024-10-09T11:20:25.730+0700] {processor.py:157} INFO - Started process (PID=5571) to work on /home/hasyidan/venv/lib/python3.8/site-packages/airflow/example_dags/example_short_circuit_operator.py
[2024-10-09T11:20:25.766+0700] {processor.py:826} INFO - Processing file /home/hasyidan/venv/lib/python3.8/site-packages/airflow/example_dags/example_short_circuit_operator.py for tasks to queue
[2024-10-09T11:20:25.767+0700] {logging_mixin.py:149} INFO - [2024-10-09T11:20:25.767+0700] {dagbag.py:541} INFO - Filling up the DagBag from /home/hasyidan/venv/lib/python3.8/site-packages/airflow/example_dags/example_short_circuit_operator.py
[2024-10-09T11:20:25.795+0700] {processor.py:836} INFO - DAG(s) dict_keys(['example_short_circuit_operator']) retrieved from /home/hasyidan/venv/lib/python3.8/site-packages/airflow/example_dags/example_short_circuit_operator.py
[2024-10-09T11:20:25.867+0700] {logging_mixin.py:149} INFO - [2024-10-09T11:20:25.866+0700] {dag.py:2726} INFO - Sync 1 DAGs
[2024-10-09T11:20:25.930+0700] {logging_mixin.py:149} INFO - [2024-10-09T11:20:25.929+0700] {dag.py:3486} INFO - Setting next_dagrun for example_short_circuit_operator to 2024-10-08T04:20:25.929198+00:00, run_after=2024-10-09T04:20:25.929198+00:00
[2024-10-09T11:20:26.190+0700] {processor.py:179} INFO - Processing /home/hasyidan/venv/lib/python3.8/site-packages/airflow/example_dags/example_short_circuit_operator.py took 0.469 seconds
[2024-10-09T11:21:34.110+0700] {processor.py:157} INFO - Started process (PID=5643) to work on /home/hasyidan/venv/lib/python3.8/site-packages/airflow/example_dags/example_short_circuit_operator.py
[2024-10-09T11:21:34.124+0700] {processor.py:826} INFO - Processing file /home/hasyidan/venv/lib/python3.8/site-packages/airflow/example_dags/example_short_circuit_operator.py for tasks to queue
[2024-10-09T11:21:34.125+0700] {logging_mixin.py:149} INFO - [2024-10-09T11:21:34.125+0700] {dagbag.py:541} INFO - Filling up the DagBag from /home/hasyidan/venv/lib/python3.8/site-packages/airflow/example_dags/example_short_circuit_operator.py
[2024-10-09T11:21:34.160+0700] {processor.py:836} INFO - DAG(s) dict_keys(['example_short_circuit_operator']) retrieved from /home/hasyidan/venv/lib/python3.8/site-packages/airflow/example_dags/example_short_circuit_operator.py
[2024-10-09T11:21:34.236+0700] {logging_mixin.py:149} INFO - [2024-10-09T11:21:34.235+0700] {dag.py:2726} INFO - Sync 1 DAGs
[2024-10-09T11:21:34.318+0700] {logging_mixin.py:149} INFO - [2024-10-09T11:21:34.317+0700] {dag.py:3486} INFO - Setting next_dagrun for example_short_circuit_operator to 2024-10-08T04:21:34.317052+00:00, run_after=2024-10-09T04:21:34.317052+00:00
[2024-10-09T11:21:34.490+0700] {processor.py:179} INFO - Processing /home/hasyidan/venv/lib/python3.8/site-packages/airflow/example_dags/example_short_circuit_operator.py took 0.389 seconds
[2024-10-09T11:22:35.754+0700] {processor.py:157} INFO - Started process (PID=5705) to work on /home/hasyidan/venv/lib/python3.8/site-packages/airflow/example_dags/example_short_circuit_operator.py
[2024-10-09T11:22:35.782+0700] {processor.py:826} INFO - Processing file /home/hasyidan/venv/lib/python3.8/site-packages/airflow/example_dags/example_short_circuit_operator.py for tasks to queue
[2024-10-09T11:22:35.785+0700] {logging_mixin.py:149} INFO - [2024-10-09T11:22:35.785+0700] {dagbag.py:541} INFO - Filling up the DagBag from /home/hasyidan/venv/lib/python3.8/site-packages/airflow/example_dags/example_short_circuit_operator.py
[2024-10-09T11:22:35.837+0700] {processor.py:836} INFO - DAG(s) dict_keys(['example_short_circuit_operator']) retrieved from /home/hasyidan/venv/lib/python3.8/site-packages/airflow/example_dags/example_short_circuit_operator.py
[2024-10-09T11:22:35.911+0700] {logging_mixin.py:149} INFO - [2024-10-09T11:22:35.910+0700] {dag.py:2726} INFO - Sync 1 DAGs
[2024-10-09T11:22:35.979+0700] {logging_mixin.py:149} INFO - [2024-10-09T11:22:35.979+0700] {dag.py:3486} INFO - Setting next_dagrun for example_short_circuit_operator to 2024-10-08T04:22:35.978552+00:00, run_after=2024-10-09T04:22:35.978552+00:00
[2024-10-09T11:22:36.182+0700] {processor.py:179} INFO - Processing /home/hasyidan/venv/lib/python3.8/site-packages/airflow/example_dags/example_short_circuit_operator.py took 0.436 seconds
[2024-10-09T11:23:43.292+0700] {processor.py:157} INFO - Started process (PID=5771) to work on /home/hasyidan/venv/lib/python3.8/site-packages/airflow/example_dags/example_short_circuit_operator.py
[2024-10-09T11:23:43.327+0700] {processor.py:826} INFO - Processing file /home/hasyidan/venv/lib/python3.8/site-packages/airflow/example_dags/example_short_circuit_operator.py for tasks to queue
[2024-10-09T11:23:43.329+0700] {logging_mixin.py:149} INFO - [2024-10-09T11:23:43.329+0700] {dagbag.py:541} INFO - Filling up the DagBag from /home/hasyidan/venv/lib/python3.8/site-packages/airflow/example_dags/example_short_circuit_operator.py
[2024-10-09T11:23:43.355+0700] {processor.py:836} INFO - DAG(s) dict_keys(['example_short_circuit_operator']) retrieved from /home/hasyidan/venv/lib/python3.8/site-packages/airflow/example_dags/example_short_circuit_operator.py
[2024-10-09T11:23:43.428+0700] {logging_mixin.py:149} INFO - [2024-10-09T11:23:43.427+0700] {dag.py:2726} INFO - Sync 1 DAGs
[2024-10-09T11:23:43.513+0700] {logging_mixin.py:149} INFO - [2024-10-09T11:23:43.512+0700] {dag.py:3486} INFO - Setting next_dagrun for example_short_circuit_operator to 2024-10-08T04:23:43.511909+00:00, run_after=2024-10-09T04:23:43.511909+00:00
[2024-10-09T11:23:43.662+0700] {processor.py:179} INFO - Processing /home/hasyidan/venv/lib/python3.8/site-packages/airflow/example_dags/example_short_circuit_operator.py took 0.378 seconds
[2024-10-09T11:24:50.231+0700] {processor.py:157} INFO - Started process (PID=5838) to work on /home/hasyidan/venv/lib/python3.8/site-packages/airflow/example_dags/example_short_circuit_operator.py
[2024-10-09T11:24:50.258+0700] {processor.py:826} INFO - Processing file /home/hasyidan/venv/lib/python3.8/site-packages/airflow/example_dags/example_short_circuit_operator.py for tasks to queue
[2024-10-09T11:24:50.263+0700] {logging_mixin.py:149} INFO - [2024-10-09T11:24:50.260+0700] {dagbag.py:541} INFO - Filling up the DagBag from /home/hasyidan/venv/lib/python3.8/site-packages/airflow/example_dags/example_short_circuit_operator.py
[2024-10-09T11:24:50.301+0700] {processor.py:836} INFO - DAG(s) dict_keys(['example_short_circuit_operator']) retrieved from /home/hasyidan/venv/lib/python3.8/site-packages/airflow/example_dags/example_short_circuit_operator.py
[2024-10-09T11:24:50.412+0700] {logging_mixin.py:149} INFO - [2024-10-09T11:24:50.408+0700] {dag.py:2726} INFO - Sync 1 DAGs
[2024-10-09T11:24:50.501+0700] {logging_mixin.py:149} INFO - [2024-10-09T11:24:50.500+0700] {dag.py:3486} INFO - Setting next_dagrun for example_short_circuit_operator to 2024-10-08T04:24:50.499878+00:00, run_after=2024-10-09T04:24:50.499878+00:00
[2024-10-09T11:24:50.656+0700] {processor.py:179} INFO - Processing /home/hasyidan/venv/lib/python3.8/site-packages/airflow/example_dags/example_short_circuit_operator.py took 0.436 seconds
[2024-10-09T11:27:50.767+0700] {processor.py:157} INFO - Started process (PID=5985) to work on /home/hasyidan/venv/lib/python3.8/site-packages/airflow/example_dags/example_short_circuit_operator.py
[2024-10-09T11:27:50.806+0700] {processor.py:826} INFO - Processing file /home/hasyidan/venv/lib/python3.8/site-packages/airflow/example_dags/example_short_circuit_operator.py for tasks to queue
[2024-10-09T11:27:50.808+0700] {logging_mixin.py:149} INFO - [2024-10-09T11:27:50.807+0700] {dagbag.py:541} INFO - Filling up the DagBag from /home/hasyidan/venv/lib/python3.8/site-packages/airflow/example_dags/example_short_circuit_operator.py
[2024-10-09T11:27:50.845+0700] {processor.py:836} INFO - DAG(s) dict_keys(['example_short_circuit_operator']) retrieved from /home/hasyidan/venv/lib/python3.8/site-packages/airflow/example_dags/example_short_circuit_operator.py
[2024-10-09T11:27:51.050+0700] {logging_mixin.py:149} INFO - [2024-10-09T11:27:51.049+0700] {dag.py:2726} INFO - Sync 1 DAGs
[2024-10-09T11:27:51.385+0700] {logging_mixin.py:149} INFO - [2024-10-09T11:27:51.385+0700] {dag.py:3486} INFO - Setting next_dagrun for example_short_circuit_operator to 2024-10-08T04:27:51.384840+00:00, run_after=2024-10-09T04:27:51.384840+00:00
[2024-10-09T11:27:52.187+0700] {processor.py:179} INFO - Processing /home/hasyidan/venv/lib/python3.8/site-packages/airflow/example_dags/example_short_circuit_operator.py took 1.435 seconds
[2024-10-09T11:29:33.498+0700] {processor.py:157} INFO - Started process (PID=6055) to work on /home/hasyidan/venv/lib/python3.8/site-packages/airflow/example_dags/example_short_circuit_operator.py
[2024-10-09T11:29:33.577+0700] {processor.py:826} INFO - Processing file /home/hasyidan/venv/lib/python3.8/site-packages/airflow/example_dags/example_short_circuit_operator.py for tasks to queue
[2024-10-09T11:29:33.579+0700] {logging_mixin.py:149} INFO - [2024-10-09T11:29:33.579+0700] {dagbag.py:541} INFO - Filling up the DagBag from /home/hasyidan/venv/lib/python3.8/site-packages/airflow/example_dags/example_short_circuit_operator.py
[2024-10-09T11:29:33.671+0700] {processor.py:836} INFO - DAG(s) dict_keys(['example_short_circuit_operator']) retrieved from /home/hasyidan/venv/lib/python3.8/site-packages/airflow/example_dags/example_short_circuit_operator.py
[2024-10-09T11:29:33.849+0700] {logging_mixin.py:149} INFO - [2024-10-09T11:29:33.848+0700] {dag.py:2726} INFO - Sync 1 DAGs
[2024-10-09T11:29:34.281+0700] {logging_mixin.py:149} INFO - [2024-10-09T11:29:34.281+0700] {dag.py:3486} INFO - Setting next_dagrun for example_short_circuit_operator to 2024-10-08T04:29:34.280509+00:00, run_after=2024-10-09T04:29:34.280509+00:00
[2024-10-09T11:29:34.647+0700] {processor.py:179} INFO - Processing /home/hasyidan/venv/lib/python3.8/site-packages/airflow/example_dags/example_short_circuit_operator.py took 1.158 seconds
[2024-10-09T11:34:26.630+0700] {processor.py:157} INFO - Started process (PID=6533) to work on /home/hasyidan/venv/lib/python3.8/site-packages/airflow/example_dags/example_short_circuit_operator.py
[2024-10-09T11:34:26.703+0700] {processor.py:826} INFO - Processing file /home/hasyidan/venv/lib/python3.8/site-packages/airflow/example_dags/example_short_circuit_operator.py for tasks to queue
[2024-10-09T11:34:26.706+0700] {logging_mixin.py:149} INFO - [2024-10-09T11:34:26.705+0700] {dagbag.py:541} INFO - Filling up the DagBag from /home/hasyidan/venv/lib/python3.8/site-packages/airflow/example_dags/example_short_circuit_operator.py
[2024-10-09T11:34:26.748+0700] {processor.py:836} INFO - DAG(s) dict_keys(['example_short_circuit_operator']) retrieved from /home/hasyidan/venv/lib/python3.8/site-packages/airflow/example_dags/example_short_circuit_operator.py
[2024-10-09T11:34:26.978+0700] {logging_mixin.py:149} INFO - [2024-10-09T11:34:26.977+0700] {dag.py:2726} INFO - Sync 1 DAGs
[2024-10-09T11:34:27.030+0700] {logging_mixin.py:149} INFO - [2024-10-09T11:34:27.030+0700] {dag.py:3486} INFO - Setting next_dagrun for example_short_circuit_operator to 2024-10-08T04:34:27.029902+00:00, run_after=2024-10-09T04:34:27.029902+00:00
[2024-10-09T11:34:27.276+0700] {processor.py:179} INFO - Processing /home/hasyidan/venv/lib/python3.8/site-packages/airflow/example_dags/example_short_circuit_operator.py took 0.653 seconds
[2024-10-09T11:35:38.770+0700] {processor.py:157} INFO - Started process (PID=6608) to work on /home/hasyidan/venv/lib/python3.8/site-packages/airflow/example_dags/example_short_circuit_operator.py
[2024-10-09T11:35:38.815+0700] {processor.py:826} INFO - Processing file /home/hasyidan/venv/lib/python3.8/site-packages/airflow/example_dags/example_short_circuit_operator.py for tasks to queue
[2024-10-09T11:35:38.818+0700] {logging_mixin.py:149} INFO - [2024-10-09T11:35:38.817+0700] {dagbag.py:541} INFO - Filling up the DagBag from /home/hasyidan/venv/lib/python3.8/site-packages/airflow/example_dags/example_short_circuit_operator.py
[2024-10-09T11:35:38.921+0700] {processor.py:836} INFO - DAG(s) dict_keys(['example_short_circuit_operator']) retrieved from /home/hasyidan/venv/lib/python3.8/site-packages/airflow/example_dags/example_short_circuit_operator.py
[2024-10-09T11:35:39.067+0700] {logging_mixin.py:149} INFO - [2024-10-09T11:35:39.067+0700] {dag.py:2726} INFO - Sync 1 DAGs
[2024-10-09T11:35:39.150+0700] {logging_mixin.py:149} INFO - [2024-10-09T11:35:39.149+0700] {dag.py:3486} INFO - Setting next_dagrun for example_short_circuit_operator to 2024-10-08T04:35:39.149186+00:00, run_after=2024-10-09T04:35:39.149186+00:00
[2024-10-09T11:35:39.463+0700] {processor.py:179} INFO - Processing /home/hasyidan/venv/lib/python3.8/site-packages/airflow/example_dags/example_short_circuit_operator.py took 0.700 seconds
[2024-10-09T11:39:29.573+0700] {processor.py:157} INFO - Started process (PID=6892) to work on /home/hasyidan/venv/lib/python3.8/site-packages/airflow/example_dags/example_short_circuit_operator.py
[2024-10-09T11:39:29.702+0700] {processor.py:826} INFO - Processing file /home/hasyidan/venv/lib/python3.8/site-packages/airflow/example_dags/example_short_circuit_operator.py for tasks to queue
[2024-10-09T11:39:29.705+0700] {logging_mixin.py:149} INFO - [2024-10-09T11:39:29.704+0700] {dagbag.py:541} INFO - Filling up the DagBag from /home/hasyidan/venv/lib/python3.8/site-packages/airflow/example_dags/example_short_circuit_operator.py
[2024-10-09T11:39:29.729+0700] {processor.py:836} INFO - DAG(s) dict_keys(['example_short_circuit_operator']) retrieved from /home/hasyidan/venv/lib/python3.8/site-packages/airflow/example_dags/example_short_circuit_operator.py
[2024-10-09T11:39:29.790+0700] {logging_mixin.py:149} INFO - [2024-10-09T11:39:29.790+0700] {dag.py:2726} INFO - Sync 1 DAGs
[2024-10-09T11:39:29.849+0700] {logging_mixin.py:149} INFO - [2024-10-09T11:39:29.848+0700] {dag.py:3486} INFO - Setting next_dagrun for example_short_circuit_operator to 2024-10-08T04:39:29.848187+00:00, run_after=2024-10-09T04:39:29.848187+00:00
[2024-10-09T11:39:30.287+0700] {processor.py:179} INFO - Processing /home/hasyidan/venv/lib/python3.8/site-packages/airflow/example_dags/example_short_circuit_operator.py took 0.720 seconds
