[2024-10-09T10:58:03.409+0700] {processor.py:157} INFO - Started process (PID=3906) to work on /home/hasyidan/venv/lib/python3.8/site-packages/airflow/example_dags/example_trigger_controller_dag.py
[2024-10-09T10:58:03.411+0700] {processor.py:826} INFO - Processing file /home/hasyidan/venv/lib/python3.8/site-packages/airflow/example_dags/example_trigger_controller_dag.py for tasks to queue
[2024-10-09T10:58:03.412+0700] {logging_mixin.py:149} INFO - [2024-10-09T10:58:03.412+0700] {dagbag.py:541} INFO - Filling up the DagBag from /home/hasyidan/venv/lib/python3.8/site-packages/airflow/example_dags/example_trigger_controller_dag.py
[2024-10-09T10:58:03.433+0700] {processor.py:836} INFO - DAG(s) dict_keys(['example_trigger_controller_dag']) retrieved from /home/hasyidan/venv/lib/python3.8/site-packages/airflow/example_dags/example_trigger_controller_dag.py
[2024-10-09T10:58:03.506+0700] {logging_mixin.py:149} INFO - [2024-10-09T10:58:03.505+0700] {dag.py:2726} INFO - Sync 1 DAGs
[2024-10-09T10:58:03.596+0700] {logging_mixin.py:149} INFO - [2024-10-09T10:58:03.592+0700] {dag.py:3486} INFO - Setting next_dagrun for example_trigger_controller_dag to 2021-01-01T00:00:00+00:00, run_after=2021-01-01T00:00:00+00:00
[2024-10-09T10:58:04.230+0700] {processor.py:179} INFO - Processing /home/hasyidan/venv/lib/python3.8/site-packages/airflow/example_dags/example_trigger_controller_dag.py took 0.828 seconds
[2024-10-09T11:00:13.691+0700] {processor.py:157} INFO - Started process (PID=3992) to work on /home/hasyidan/venv/lib/python3.8/site-packages/airflow/example_dags/example_trigger_controller_dag.py
[2024-10-09T11:00:13.721+0700] {processor.py:826} INFO - Processing file /home/hasyidan/venv/lib/python3.8/site-packages/airflow/example_dags/example_trigger_controller_dag.py for tasks to queue
[2024-10-09T11:00:13.723+0700] {logging_mixin.py:149} INFO - [2024-10-09T11:00:13.722+0700] {dagbag.py:541} INFO - Filling up the DagBag from /home/hasyidan/venv/lib/python3.8/site-packages/airflow/example_dags/example_trigger_controller_dag.py
[2024-10-09T11:00:13.797+0700] {processor.py:836} INFO - DAG(s) dict_keys(['example_trigger_controller_dag']) retrieved from /home/hasyidan/venv/lib/python3.8/site-packages/airflow/example_dags/example_trigger_controller_dag.py
[2024-10-09T11:00:13.905+0700] {logging_mixin.py:149} INFO - [2024-10-09T11:00:13.904+0700] {dag.py:2726} INFO - Sync 1 DAGs
[2024-10-09T11:00:14.157+0700] {logging_mixin.py:149} INFO - [2024-10-09T11:00:14.157+0700] {dag.py:3486} INFO - Setting next_dagrun for example_trigger_controller_dag to 2021-01-01T00:00:00+00:00, run_after=2021-01-01T00:00:00+00:00
[2024-10-09T11:00:14.584+0700] {processor.py:179} INFO - Processing /home/hasyidan/venv/lib/python3.8/site-packages/airflow/example_dags/example_trigger_controller_dag.py took 0.899 seconds
[2024-10-09T11:01:27.427+0700] {processor.py:157} INFO - Started process (PID=4144) to work on /home/hasyidan/venv/lib/python3.8/site-packages/airflow/example_dags/example_trigger_controller_dag.py
[2024-10-09T11:01:27.445+0700] {processor.py:826} INFO - Processing file /home/hasyidan/venv/lib/python3.8/site-packages/airflow/example_dags/example_trigger_controller_dag.py for tasks to queue
[2024-10-09T11:01:27.447+0700] {logging_mixin.py:149} INFO - [2024-10-09T11:01:27.447+0700] {dagbag.py:541} INFO - Filling up the DagBag from /home/hasyidan/venv/lib/python3.8/site-packages/airflow/example_dags/example_trigger_controller_dag.py
[2024-10-09T11:01:27.484+0700] {processor.py:836} INFO - DAG(s) dict_keys(['example_trigger_controller_dag']) retrieved from /home/hasyidan/venv/lib/python3.8/site-packages/airflow/example_dags/example_trigger_controller_dag.py
[2024-10-09T11:01:27.726+0700] {logging_mixin.py:149} INFO - [2024-10-09T11:01:27.725+0700] {dag.py:2726} INFO - Sync 1 DAGs
[2024-10-09T11:01:27.764+0700] {logging_mixin.py:149} INFO - [2024-10-09T11:01:27.763+0700] {dag.py:3486} INFO - Setting next_dagrun for example_trigger_controller_dag to 2021-01-01T00:00:00+00:00, run_after=2021-01-01T00:00:00+00:00
[2024-10-09T11:01:27.891+0700] {processor.py:179} INFO - Processing /home/hasyidan/venv/lib/python3.8/site-packages/airflow/example_dags/example_trigger_controller_dag.py took 0.470 seconds
[2024-10-09T11:02:11.588+0700] {processor.py:157} INFO - Started process (PID=4183) to work on /home/hasyidan/venv/lib/python3.8/site-packages/airflow/example_dags/example_trigger_controller_dag.py
[2024-10-09T11:02:11.615+0700] {processor.py:826} INFO - Processing file /home/hasyidan/venv/lib/python3.8/site-packages/airflow/example_dags/example_trigger_controller_dag.py for tasks to queue
[2024-10-09T11:02:11.618+0700] {logging_mixin.py:149} INFO - [2024-10-09T11:02:11.617+0700] {dagbag.py:541} INFO - Filling up the DagBag from /home/hasyidan/venv/lib/python3.8/site-packages/airflow/example_dags/example_trigger_controller_dag.py
[2024-10-09T11:02:11.629+0700] {processor.py:836} INFO - DAG(s) dict_keys(['example_trigger_controller_dag']) retrieved from /home/hasyidan/venv/lib/python3.8/site-packages/airflow/example_dags/example_trigger_controller_dag.py
[2024-10-09T11:02:11.668+0700] {logging_mixin.py:149} INFO - [2024-10-09T11:02:11.668+0700] {dag.py:2726} INFO - Sync 1 DAGs
[2024-10-09T11:02:11.710+0700] {logging_mixin.py:149} INFO - [2024-10-09T11:02:11.710+0700] {dag.py:3486} INFO - Setting next_dagrun for example_trigger_controller_dag to 2021-01-01T00:00:00+00:00, run_after=2021-01-01T00:00:00+00:00
[2024-10-09T11:02:11.844+0700] {processor.py:179} INFO - Processing /home/hasyidan/venv/lib/python3.8/site-packages/airflow/example_dags/example_trigger_controller_dag.py took 0.261 seconds
[2024-10-09T11:03:10.400+0700] {processor.py:157} INFO - Started process (PID=4237) to work on /home/hasyidan/venv/lib/python3.8/site-packages/airflow/example_dags/example_trigger_controller_dag.py
[2024-10-09T11:03:10.427+0700] {processor.py:826} INFO - Processing file /home/hasyidan/venv/lib/python3.8/site-packages/airflow/example_dags/example_trigger_controller_dag.py for tasks to queue
[2024-10-09T11:03:10.430+0700] {logging_mixin.py:149} INFO - [2024-10-09T11:03:10.429+0700] {dagbag.py:541} INFO - Filling up the DagBag from /home/hasyidan/venv/lib/python3.8/site-packages/airflow/example_dags/example_trigger_controller_dag.py
[2024-10-09T11:03:10.441+0700] {processor.py:836} INFO - DAG(s) dict_keys(['example_trigger_controller_dag']) retrieved from /home/hasyidan/venv/lib/python3.8/site-packages/airflow/example_dags/example_trigger_controller_dag.py
[2024-10-09T11:03:10.481+0700] {logging_mixin.py:149} INFO - [2024-10-09T11:03:10.480+0700] {dag.py:2726} INFO - Sync 1 DAGs
[2024-10-09T11:03:10.525+0700] {logging_mixin.py:149} INFO - [2024-10-09T11:03:10.525+0700] {dag.py:3486} INFO - Setting next_dagrun for example_trigger_controller_dag to 2021-01-01T00:00:00+00:00, run_after=2021-01-01T00:00:00+00:00
[2024-10-09T11:03:10.653+0700] {processor.py:179} INFO - Processing /home/hasyidan/venv/lib/python3.8/site-packages/airflow/example_dags/example_trigger_controller_dag.py took 0.261 seconds
[2024-10-09T11:04:07.511+0700] {processor.py:157} INFO - Started process (PID=4293) to work on /home/hasyidan/venv/lib/python3.8/site-packages/airflow/example_dags/example_trigger_controller_dag.py
[2024-10-09T11:04:07.532+0700] {processor.py:826} INFO - Processing file /home/hasyidan/venv/lib/python3.8/site-packages/airflow/example_dags/example_trigger_controller_dag.py for tasks to queue
[2024-10-09T11:04:07.535+0700] {logging_mixin.py:149} INFO - [2024-10-09T11:04:07.534+0700] {dagbag.py:541} INFO - Filling up the DagBag from /home/hasyidan/venv/lib/python3.8/site-packages/airflow/example_dags/example_trigger_controller_dag.py
[2024-10-09T11:04:07.545+0700] {processor.py:836} INFO - DAG(s) dict_keys(['example_trigger_controller_dag']) retrieved from /home/hasyidan/venv/lib/python3.8/site-packages/airflow/example_dags/example_trigger_controller_dag.py
[2024-10-09T11:04:07.671+0700] {logging_mixin.py:149} INFO - [2024-10-09T11:04:07.671+0700] {dag.py:2726} INFO - Sync 1 DAGs
[2024-10-09T11:04:07.714+0700] {logging_mixin.py:149} INFO - [2024-10-09T11:04:07.714+0700] {dag.py:3486} INFO - Setting next_dagrun for example_trigger_controller_dag to 2021-01-01T00:00:00+00:00, run_after=2021-01-01T00:00:00+00:00
[2024-10-09T11:04:07.834+0700] {processor.py:179} INFO - Processing /home/hasyidan/venv/lib/python3.8/site-packages/airflow/example_dags/example_trigger_controller_dag.py took 0.329 seconds
[2024-10-09T11:05:15.089+0700] {processor.py:157} INFO - Started process (PID=4342) to work on /home/hasyidan/venv/lib/python3.8/site-packages/airflow/example_dags/example_trigger_controller_dag.py
[2024-10-09T11:05:15.205+0700] {processor.py:826} INFO - Processing file /home/hasyidan/venv/lib/python3.8/site-packages/airflow/example_dags/example_trigger_controller_dag.py for tasks to queue
[2024-10-09T11:05:15.207+0700] {logging_mixin.py:149} INFO - [2024-10-09T11:05:15.207+0700] {dagbag.py:541} INFO - Filling up the DagBag from /home/hasyidan/venv/lib/python3.8/site-packages/airflow/example_dags/example_trigger_controller_dag.py
[2024-10-09T11:05:15.328+0700] {processor.py:836} INFO - DAG(s) dict_keys(['example_trigger_controller_dag']) retrieved from /home/hasyidan/venv/lib/python3.8/site-packages/airflow/example_dags/example_trigger_controller_dag.py
[2024-10-09T11:05:15.483+0700] {logging_mixin.py:149} INFO - [2024-10-09T11:05:15.483+0700] {dag.py:2726} INFO - Sync 1 DAGs
[2024-10-09T11:05:15.554+0700] {logging_mixin.py:149} INFO - [2024-10-09T11:05:15.553+0700] {dag.py:3486} INFO - Setting next_dagrun for example_trigger_controller_dag to 2021-01-01T00:00:00+00:00, run_after=2021-01-01T00:00:00+00:00
[2024-10-09T11:05:16.285+0700] {processor.py:179} INFO - Processing /home/hasyidan/venv/lib/python3.8/site-packages/airflow/example_dags/example_trigger_controller_dag.py took 1.203 seconds
[2024-10-09T11:06:37.577+0700] {processor.py:157} INFO - Started process (PID=4551) to work on /home/hasyidan/venv/lib/python3.8/site-packages/airflow/example_dags/example_trigger_controller_dag.py
[2024-10-09T11:06:37.733+0700] {processor.py:826} INFO - Processing file /home/hasyidan/venv/lib/python3.8/site-packages/airflow/example_dags/example_trigger_controller_dag.py for tasks to queue
[2024-10-09T11:06:37.735+0700] {logging_mixin.py:149} INFO - [2024-10-09T11:06:37.735+0700] {dagbag.py:541} INFO - Filling up the DagBag from /home/hasyidan/venv/lib/python3.8/site-packages/airflow/example_dags/example_trigger_controller_dag.py
[2024-10-09T11:06:37.746+0700] {processor.py:836} INFO - DAG(s) dict_keys(['example_trigger_controller_dag']) retrieved from /home/hasyidan/venv/lib/python3.8/site-packages/airflow/example_dags/example_trigger_controller_dag.py
[2024-10-09T11:06:37.785+0700] {logging_mixin.py:149} INFO - [2024-10-09T11:06:37.784+0700] {dag.py:2726} INFO - Sync 1 DAGs
[2024-10-09T11:06:37.827+0700] {logging_mixin.py:149} INFO - [2024-10-09T11:06:37.827+0700] {dag.py:3486} INFO - Setting next_dagrun for example_trigger_controller_dag to 2021-01-01T00:00:00+00:00, run_after=2021-01-01T00:00:00+00:00
[2024-10-09T11:06:38.698+0700] {processor.py:179} INFO - Processing /home/hasyidan/venv/lib/python3.8/site-packages/airflow/example_dags/example_trigger_controller_dag.py took 1.127 seconds
[2024-10-09T11:07:35.027+0700] {processor.py:157} INFO - Started process (PID=4632) to work on /home/hasyidan/venv/lib/python3.8/site-packages/airflow/example_dags/example_trigger_controller_dag.py
[2024-10-09T11:07:35.045+0700] {processor.py:826} INFO - Processing file /home/hasyidan/venv/lib/python3.8/site-packages/airflow/example_dags/example_trigger_controller_dag.py for tasks to queue
[2024-10-09T11:07:35.048+0700] {logging_mixin.py:149} INFO - [2024-10-09T11:07:35.047+0700] {dagbag.py:541} INFO - Filling up the DagBag from /home/hasyidan/venv/lib/python3.8/site-packages/airflow/example_dags/example_trigger_controller_dag.py
[2024-10-09T11:07:35.112+0700] {processor.py:836} INFO - DAG(s) dict_keys(['example_trigger_controller_dag']) retrieved from /home/hasyidan/venv/lib/python3.8/site-packages/airflow/example_dags/example_trigger_controller_dag.py
[2024-10-09T11:07:35.177+0700] {logging_mixin.py:149} INFO - [2024-10-09T11:07:35.176+0700] {dag.py:2726} INFO - Sync 1 DAGs
[2024-10-09T11:07:35.242+0700] {logging_mixin.py:149} INFO - [2024-10-09T11:07:35.242+0700] {dag.py:3486} INFO - Setting next_dagrun for example_trigger_controller_dag to 2021-01-01T00:00:00+00:00, run_after=2021-01-01T00:00:00+00:00
[2024-10-09T11:07:35.611+0700] {processor.py:179} INFO - Processing /home/hasyidan/venv/lib/python3.8/site-packages/airflow/example_dags/example_trigger_controller_dag.py took 0.593 seconds
[2024-10-09T11:08:37.896+0700] {processor.py:157} INFO - Started process (PID=4694) to work on /home/hasyidan/venv/lib/python3.8/site-packages/airflow/example_dags/example_trigger_controller_dag.py
[2024-10-09T11:08:37.916+0700] {processor.py:826} INFO - Processing file /home/hasyidan/venv/lib/python3.8/site-packages/airflow/example_dags/example_trigger_controller_dag.py for tasks to queue
[2024-10-09T11:08:37.918+0700] {logging_mixin.py:149} INFO - [2024-10-09T11:08:37.918+0700] {dagbag.py:541} INFO - Filling up the DagBag from /home/hasyidan/venv/lib/python3.8/site-packages/airflow/example_dags/example_trigger_controller_dag.py
[2024-10-09T11:08:37.928+0700] {processor.py:836} INFO - DAG(s) dict_keys(['example_trigger_controller_dag']) retrieved from /home/hasyidan/venv/lib/python3.8/site-packages/airflow/example_dags/example_trigger_controller_dag.py
[2024-10-09T11:08:37.966+0700] {logging_mixin.py:149} INFO - [2024-10-09T11:08:37.966+0700] {dag.py:2726} INFO - Sync 1 DAGs
[2024-10-09T11:08:38.008+0700] {logging_mixin.py:149} INFO - [2024-10-09T11:08:38.008+0700] {dag.py:3486} INFO - Setting next_dagrun for example_trigger_controller_dag to 2021-01-01T00:00:00+00:00, run_after=2021-01-01T00:00:00+00:00
[2024-10-09T11:08:38.128+0700] {processor.py:179} INFO - Processing /home/hasyidan/venv/lib/python3.8/site-packages/airflow/example_dags/example_trigger_controller_dag.py took 0.238 seconds
[2024-10-09T11:09:33.798+0700] {processor.py:157} INFO - Started process (PID=4749) to work on /home/hasyidan/venv/lib/python3.8/site-packages/airflow/example_dags/example_trigger_controller_dag.py
[2024-10-09T11:09:33.820+0700] {processor.py:826} INFO - Processing file /home/hasyidan/venv/lib/python3.8/site-packages/airflow/example_dags/example_trigger_controller_dag.py for tasks to queue
[2024-10-09T11:09:33.823+0700] {logging_mixin.py:149} INFO - [2024-10-09T11:09:33.822+0700] {dagbag.py:541} INFO - Filling up the DagBag from /home/hasyidan/venv/lib/python3.8/site-packages/airflow/example_dags/example_trigger_controller_dag.py
[2024-10-09T11:09:33.834+0700] {processor.py:836} INFO - DAG(s) dict_keys(['example_trigger_controller_dag']) retrieved from /home/hasyidan/venv/lib/python3.8/site-packages/airflow/example_dags/example_trigger_controller_dag.py
[2024-10-09T11:09:33.873+0700] {logging_mixin.py:149} INFO - [2024-10-09T11:09:33.873+0700] {dag.py:2726} INFO - Sync 1 DAGs
[2024-10-09T11:09:33.916+0700] {logging_mixin.py:149} INFO - [2024-10-09T11:09:33.916+0700] {dag.py:3486} INFO - Setting next_dagrun for example_trigger_controller_dag to 2021-01-01T00:00:00+00:00, run_after=2021-01-01T00:00:00+00:00
[2024-10-09T11:09:34.028+0700] {processor.py:179} INFO - Processing /home/hasyidan/venv/lib/python3.8/site-packages/airflow/example_dags/example_trigger_controller_dag.py took 0.238 seconds
[2024-10-09T11:10:24.287+0700] {processor.py:157} INFO - Started process (PID=4797) to work on /home/hasyidan/venv/lib/python3.8/site-packages/airflow/example_dags/example_trigger_controller_dag.py
[2024-10-09T11:10:24.309+0700] {processor.py:826} INFO - Processing file /home/hasyidan/venv/lib/python3.8/site-packages/airflow/example_dags/example_trigger_controller_dag.py for tasks to queue
[2024-10-09T11:10:24.311+0700] {logging_mixin.py:149} INFO - [2024-10-09T11:10:24.311+0700] {dagbag.py:541} INFO - Filling up the DagBag from /home/hasyidan/venv/lib/python3.8/site-packages/airflow/example_dags/example_trigger_controller_dag.py
[2024-10-09T11:10:24.320+0700] {processor.py:836} INFO - DAG(s) dict_keys(['example_trigger_controller_dag']) retrieved from /home/hasyidan/venv/lib/python3.8/site-packages/airflow/example_dags/example_trigger_controller_dag.py
[2024-10-09T11:10:24.358+0700] {logging_mixin.py:149} INFO - [2024-10-09T11:10:24.358+0700] {dag.py:2726} INFO - Sync 1 DAGs
[2024-10-09T11:10:24.403+0700] {logging_mixin.py:149} INFO - [2024-10-09T11:10:24.403+0700] {dag.py:3486} INFO - Setting next_dagrun for example_trigger_controller_dag to 2021-01-01T00:00:00+00:00, run_after=2021-01-01T00:00:00+00:00
[2024-10-09T11:10:24.517+0700] {processor.py:179} INFO - Processing /home/hasyidan/venv/lib/python3.8/site-packages/airflow/example_dags/example_trigger_controller_dag.py took 0.237 seconds
[2024-10-09T11:11:18.879+0700] {processor.py:157} INFO - Started process (PID=4865) to work on /home/hasyidan/venv/lib/python3.8/site-packages/airflow/example_dags/example_trigger_controller_dag.py
[2024-10-09T11:11:18.894+0700] {processor.py:826} INFO - Processing file /home/hasyidan/venv/lib/python3.8/site-packages/airflow/example_dags/example_trigger_controller_dag.py for tasks to queue
[2024-10-09T11:11:18.897+0700] {logging_mixin.py:149} INFO - [2024-10-09T11:11:18.896+0700] {dagbag.py:541} INFO - Filling up the DagBag from /home/hasyidan/venv/lib/python3.8/site-packages/airflow/example_dags/example_trigger_controller_dag.py
[2024-10-09T11:11:18.907+0700] {processor.py:836} INFO - DAG(s) dict_keys(['example_trigger_controller_dag']) retrieved from /home/hasyidan/venv/lib/python3.8/site-packages/airflow/example_dags/example_trigger_controller_dag.py
[2024-10-09T11:11:18.947+0700] {logging_mixin.py:149} INFO - [2024-10-09T11:11:18.946+0700] {dag.py:2726} INFO - Sync 1 DAGs
[2024-10-09T11:11:18.989+0700] {logging_mixin.py:149} INFO - [2024-10-09T11:11:18.989+0700] {dag.py:3486} INFO - Setting next_dagrun for example_trigger_controller_dag to 2021-01-01T00:00:00+00:00, run_after=2021-01-01T00:00:00+00:00
[2024-10-09T11:11:19.100+0700] {processor.py:179} INFO - Processing /home/hasyidan/venv/lib/python3.8/site-packages/airflow/example_dags/example_trigger_controller_dag.py took 0.226 seconds
[2024-10-09T11:12:11.795+0700] {processor.py:157} INFO - Started process (PID=4918) to work on /home/hasyidan/venv/lib/python3.8/site-packages/airflow/example_dags/example_trigger_controller_dag.py
[2024-10-09T11:12:11.829+0700] {processor.py:826} INFO - Processing file /home/hasyidan/venv/lib/python3.8/site-packages/airflow/example_dags/example_trigger_controller_dag.py for tasks to queue
[2024-10-09T11:12:11.832+0700] {logging_mixin.py:149} INFO - [2024-10-09T11:12:11.831+0700] {dagbag.py:541} INFO - Filling up the DagBag from /home/hasyidan/venv/lib/python3.8/site-packages/airflow/example_dags/example_trigger_controller_dag.py
[2024-10-09T11:12:11.842+0700] {processor.py:836} INFO - DAG(s) dict_keys(['example_trigger_controller_dag']) retrieved from /home/hasyidan/venv/lib/python3.8/site-packages/airflow/example_dags/example_trigger_controller_dag.py
[2024-10-09T11:12:11.966+0700] {logging_mixin.py:149} INFO - [2024-10-09T11:12:11.965+0700] {dag.py:2726} INFO - Sync 1 DAGs
[2024-10-09T11:12:12.011+0700] {logging_mixin.py:149} INFO - [2024-10-09T11:12:12.010+0700] {dag.py:3486} INFO - Setting next_dagrun for example_trigger_controller_dag to 2021-01-01T00:00:00+00:00, run_after=2021-01-01T00:00:00+00:00
[2024-10-09T11:12:12.123+0700] {processor.py:179} INFO - Processing /home/hasyidan/venv/lib/python3.8/site-packages/airflow/example_dags/example_trigger_controller_dag.py took 0.335 seconds
[2024-10-09T11:13:05.394+0700] {processor.py:157} INFO - Started process (PID=4974) to work on /home/hasyidan/venv/lib/python3.8/site-packages/airflow/example_dags/example_trigger_controller_dag.py
[2024-10-09T11:13:05.429+0700] {processor.py:826} INFO - Processing file /home/hasyidan/venv/lib/python3.8/site-packages/airflow/example_dags/example_trigger_controller_dag.py for tasks to queue
[2024-10-09T11:13:05.430+0700] {logging_mixin.py:149} INFO - [2024-10-09T11:13:05.430+0700] {dagbag.py:541} INFO - Filling up the DagBag from /home/hasyidan/venv/lib/python3.8/site-packages/airflow/example_dags/example_trigger_controller_dag.py
[2024-10-09T11:13:05.437+0700] {processor.py:836} INFO - DAG(s) dict_keys(['example_trigger_controller_dag']) retrieved from /home/hasyidan/venv/lib/python3.8/site-packages/airflow/example_dags/example_trigger_controller_dag.py
[2024-10-09T11:13:05.475+0700] {logging_mixin.py:149} INFO - [2024-10-09T11:13:05.475+0700] {dag.py:2726} INFO - Sync 1 DAGs
[2024-10-09T11:13:05.518+0700] {logging_mixin.py:149} INFO - [2024-10-09T11:13:05.518+0700] {dag.py:3486} INFO - Setting next_dagrun for example_trigger_controller_dag to 2021-01-01T00:00:00+00:00, run_after=2021-01-01T00:00:00+00:00
[2024-10-09T11:13:05.625+0700] {processor.py:179} INFO - Processing /home/hasyidan/venv/lib/python3.8/site-packages/airflow/example_dags/example_trigger_controller_dag.py took 0.239 seconds
[2024-10-09T11:13:57.827+0700] {processor.py:157} INFO - Started process (PID=5031) to work on /home/hasyidan/venv/lib/python3.8/site-packages/airflow/example_dags/example_trigger_controller_dag.py
[2024-10-09T11:13:57.840+0700] {processor.py:826} INFO - Processing file /home/hasyidan/venv/lib/python3.8/site-packages/airflow/example_dags/example_trigger_controller_dag.py for tasks to queue
[2024-10-09T11:13:57.843+0700] {logging_mixin.py:149} INFO - [2024-10-09T11:13:57.842+0700] {dagbag.py:541} INFO - Filling up the DagBag from /home/hasyidan/venv/lib/python3.8/site-packages/airflow/example_dags/example_trigger_controller_dag.py
[2024-10-09T11:13:57.854+0700] {processor.py:836} INFO - DAG(s) dict_keys(['example_trigger_controller_dag']) retrieved from /home/hasyidan/venv/lib/python3.8/site-packages/airflow/example_dags/example_trigger_controller_dag.py
[2024-10-09T11:13:57.892+0700] {logging_mixin.py:149} INFO - [2024-10-09T11:13:57.892+0700] {dag.py:2726} INFO - Sync 1 DAGs
[2024-10-09T11:13:57.937+0700] {logging_mixin.py:149} INFO - [2024-10-09T11:13:57.936+0700] {dag.py:3486} INFO - Setting next_dagrun for example_trigger_controller_dag to 2021-01-01T00:00:00+00:00, run_after=2021-01-01T00:00:00+00:00
[2024-10-09T11:13:58.086+0700] {processor.py:179} INFO - Processing /home/hasyidan/venv/lib/python3.8/site-packages/airflow/example_dags/example_trigger_controller_dag.py took 0.266 seconds
[2024-10-09T11:15:40.644+0700] {processor.py:157} INFO - Started process (PID=5281) to work on /home/hasyidan/venv/lib/python3.8/site-packages/airflow/example_dags/example_trigger_controller_dag.py
[2024-10-09T11:15:40.657+0700] {processor.py:826} INFO - Processing file /home/hasyidan/venv/lib/python3.8/site-packages/airflow/example_dags/example_trigger_controller_dag.py for tasks to queue
[2024-10-09T11:15:40.664+0700] {logging_mixin.py:149} INFO - [2024-10-09T11:15:40.663+0700] {dagbag.py:541} INFO - Filling up the DagBag from /home/hasyidan/venv/lib/python3.8/site-packages/airflow/example_dags/example_trigger_controller_dag.py
[2024-10-09T11:15:40.700+0700] {processor.py:836} INFO - DAG(s) dict_keys(['example_trigger_controller_dag']) retrieved from /home/hasyidan/venv/lib/python3.8/site-packages/airflow/example_dags/example_trigger_controller_dag.py
[2024-10-09T11:15:40.801+0700] {logging_mixin.py:149} INFO - [2024-10-09T11:15:40.800+0700] {dag.py:2726} INFO - Sync 1 DAGs
[2024-10-09T11:15:40.875+0700] {logging_mixin.py:149} INFO - [2024-10-09T11:15:40.875+0700] {dag.py:3486} INFO - Setting next_dagrun for example_trigger_controller_dag to 2021-01-01T00:00:00+00:00, run_after=2021-01-01T00:00:00+00:00
[2024-10-09T11:15:41.018+0700] {processor.py:179} INFO - Processing /home/hasyidan/venv/lib/python3.8/site-packages/airflow/example_dags/example_trigger_controller_dag.py took 0.381 seconds
[2024-10-09T11:16:32.455+0700] {processor.py:157} INFO - Started process (PID=5330) to work on /home/hasyidan/venv/lib/python3.8/site-packages/airflow/example_dags/example_trigger_controller_dag.py
[2024-10-09T11:16:32.462+0700] {processor.py:826} INFO - Processing file /home/hasyidan/venv/lib/python3.8/site-packages/airflow/example_dags/example_trigger_controller_dag.py for tasks to queue
[2024-10-09T11:16:32.464+0700] {logging_mixin.py:149} INFO - [2024-10-09T11:16:32.463+0700] {dagbag.py:541} INFO - Filling up the DagBag from /home/hasyidan/venv/lib/python3.8/site-packages/airflow/example_dags/example_trigger_controller_dag.py
[2024-10-09T11:16:32.477+0700] {processor.py:836} INFO - DAG(s) dict_keys(['example_trigger_controller_dag']) retrieved from /home/hasyidan/venv/lib/python3.8/site-packages/airflow/example_dags/example_trigger_controller_dag.py
[2024-10-09T11:16:32.545+0700] {logging_mixin.py:149} INFO - [2024-10-09T11:16:32.545+0700] {dag.py:2726} INFO - Sync 1 DAGs
[2024-10-09T11:16:32.625+0700] {logging_mixin.py:149} INFO - [2024-10-09T11:16:32.624+0700] {dag.py:3486} INFO - Setting next_dagrun for example_trigger_controller_dag to 2021-01-01T00:00:00+00:00, run_after=2021-01-01T00:00:00+00:00
[2024-10-09T11:16:32.760+0700] {processor.py:179} INFO - Processing /home/hasyidan/venv/lib/python3.8/site-packages/airflow/example_dags/example_trigger_controller_dag.py took 0.315 seconds
[2024-10-09T11:17:41.205+0700] {processor.py:157} INFO - Started process (PID=5401) to work on /home/hasyidan/venv/lib/python3.8/site-packages/airflow/example_dags/example_trigger_controller_dag.py
[2024-10-09T11:17:41.209+0700] {processor.py:826} INFO - Processing file /home/hasyidan/venv/lib/python3.8/site-packages/airflow/example_dags/example_trigger_controller_dag.py for tasks to queue
[2024-10-09T11:17:41.211+0700] {logging_mixin.py:149} INFO - [2024-10-09T11:17:41.211+0700] {dagbag.py:541} INFO - Filling up the DagBag from /home/hasyidan/venv/lib/python3.8/site-packages/airflow/example_dags/example_trigger_controller_dag.py
[2024-10-09T11:17:41.221+0700] {processor.py:836} INFO - DAG(s) dict_keys(['example_trigger_controller_dag']) retrieved from /home/hasyidan/venv/lib/python3.8/site-packages/airflow/example_dags/example_trigger_controller_dag.py
[2024-10-09T11:17:41.272+0700] {logging_mixin.py:149} INFO - [2024-10-09T11:17:41.272+0700] {dag.py:2726} INFO - Sync 1 DAGs
[2024-10-09T11:17:41.348+0700] {logging_mixin.py:149} INFO - [2024-10-09T11:17:41.347+0700] {dag.py:3486} INFO - Setting next_dagrun for example_trigger_controller_dag to 2021-01-01T00:00:00+00:00, run_after=2021-01-01T00:00:00+00:00
[2024-10-09T11:17:41.542+0700] {processor.py:179} INFO - Processing /home/hasyidan/venv/lib/python3.8/site-packages/airflow/example_dags/example_trigger_controller_dag.py took 0.346 seconds
[2024-10-09T11:18:48.549+0700] {processor.py:157} INFO - Started process (PID=5467) to work on /home/hasyidan/venv/lib/python3.8/site-packages/airflow/example_dags/example_trigger_controller_dag.py
[2024-10-09T11:18:48.614+0700] {processor.py:826} INFO - Processing file /home/hasyidan/venv/lib/python3.8/site-packages/airflow/example_dags/example_trigger_controller_dag.py for tasks to queue
[2024-10-09T11:18:48.616+0700] {logging_mixin.py:149} INFO - [2024-10-09T11:18:48.615+0700] {dagbag.py:541} INFO - Filling up the DagBag from /home/hasyidan/venv/lib/python3.8/site-packages/airflow/example_dags/example_trigger_controller_dag.py
[2024-10-09T11:18:48.633+0700] {processor.py:836} INFO - DAG(s) dict_keys(['example_trigger_controller_dag']) retrieved from /home/hasyidan/venv/lib/python3.8/site-packages/airflow/example_dags/example_trigger_controller_dag.py
[2024-10-09T11:18:48.703+0700] {logging_mixin.py:149} INFO - [2024-10-09T11:18:48.702+0700] {dag.py:2726} INFO - Sync 1 DAGs
[2024-10-09T11:18:48.777+0700] {logging_mixin.py:149} INFO - [2024-10-09T11:18:48.776+0700] {dag.py:3486} INFO - Setting next_dagrun for example_trigger_controller_dag to 2021-01-01T00:00:00+00:00, run_after=2021-01-01T00:00:00+00:00
[2024-10-09T11:18:48.926+0700] {processor.py:179} INFO - Processing /home/hasyidan/venv/lib/python3.8/site-packages/airflow/example_dags/example_trigger_controller_dag.py took 0.387 seconds
[2024-10-09T11:19:50.240+0700] {processor.py:157} INFO - Started process (PID=5535) to work on /home/hasyidan/venv/lib/python3.8/site-packages/airflow/example_dags/example_trigger_controller_dag.py
[2024-10-09T11:19:50.244+0700] {processor.py:826} INFO - Processing file /home/hasyidan/venv/lib/python3.8/site-packages/airflow/example_dags/example_trigger_controller_dag.py for tasks to queue
[2024-10-09T11:19:50.246+0700] {logging_mixin.py:149} INFO - [2024-10-09T11:19:50.245+0700] {dagbag.py:541} INFO - Filling up the DagBag from /home/hasyidan/venv/lib/python3.8/site-packages/airflow/example_dags/example_trigger_controller_dag.py
[2024-10-09T11:19:50.260+0700] {processor.py:836} INFO - DAG(s) dict_keys(['example_trigger_controller_dag']) retrieved from /home/hasyidan/venv/lib/python3.8/site-packages/airflow/example_dags/example_trigger_controller_dag.py
[2024-10-09T11:19:50.325+0700] {logging_mixin.py:149} INFO - [2024-10-09T11:19:50.324+0700] {dag.py:2726} INFO - Sync 1 DAGs
[2024-10-09T11:19:50.415+0700] {logging_mixin.py:149} INFO - [2024-10-09T11:19:50.414+0700] {dag.py:3486} INFO - Setting next_dagrun for example_trigger_controller_dag to 2021-01-01T00:00:00+00:00, run_after=2021-01-01T00:00:00+00:00
[2024-10-09T11:19:50.581+0700] {processor.py:179} INFO - Processing /home/hasyidan/venv/lib/python3.8/site-packages/airflow/example_dags/example_trigger_controller_dag.py took 0.349 seconds
[2024-10-09T11:20:58.690+0700] {processor.py:157} INFO - Started process (PID=5610) to work on /home/hasyidan/venv/lib/python3.8/site-packages/airflow/example_dags/example_trigger_controller_dag.py
[2024-10-09T11:20:58.695+0700] {processor.py:826} INFO - Processing file /home/hasyidan/venv/lib/python3.8/site-packages/airflow/example_dags/example_trigger_controller_dag.py for tasks to queue
[2024-10-09T11:20:58.697+0700] {logging_mixin.py:149} INFO - [2024-10-09T11:20:58.696+0700] {dagbag.py:541} INFO - Filling up the DagBag from /home/hasyidan/venv/lib/python3.8/site-packages/airflow/example_dags/example_trigger_controller_dag.py
[2024-10-09T11:20:58.710+0700] {processor.py:836} INFO - DAG(s) dict_keys(['example_trigger_controller_dag']) retrieved from /home/hasyidan/venv/lib/python3.8/site-packages/airflow/example_dags/example_trigger_controller_dag.py
[2024-10-09T11:20:58.778+0700] {logging_mixin.py:149} INFO - [2024-10-09T11:20:58.778+0700] {dag.py:2726} INFO - Sync 1 DAGs
[2024-10-09T11:20:58.857+0700] {logging_mixin.py:149} INFO - [2024-10-09T11:20:58.857+0700] {dag.py:3486} INFO - Setting next_dagrun for example_trigger_controller_dag to 2021-01-01T00:00:00+00:00, run_after=2021-01-01T00:00:00+00:00
[2024-10-09T11:20:58.992+0700] {processor.py:179} INFO - Processing /home/hasyidan/venv/lib/python3.8/site-packages/airflow/example_dags/example_trigger_controller_dag.py took 0.313 seconds
[2024-10-09T11:22:02.918+0700] {processor.py:157} INFO - Started process (PID=5672) to work on /home/hasyidan/venv/lib/python3.8/site-packages/airflow/example_dags/example_trigger_controller_dag.py
[2024-10-09T11:22:02.921+0700] {processor.py:826} INFO - Processing file /home/hasyidan/venv/lib/python3.8/site-packages/airflow/example_dags/example_trigger_controller_dag.py for tasks to queue
[2024-10-09T11:22:02.924+0700] {logging_mixin.py:149} INFO - [2024-10-09T11:22:02.923+0700] {dagbag.py:541} INFO - Filling up the DagBag from /home/hasyidan/venv/lib/python3.8/site-packages/airflow/example_dags/example_trigger_controller_dag.py
[2024-10-09T11:22:02.937+0700] {processor.py:836} INFO - DAG(s) dict_keys(['example_trigger_controller_dag']) retrieved from /home/hasyidan/venv/lib/python3.8/site-packages/airflow/example_dags/example_trigger_controller_dag.py
[2024-10-09T11:22:03.016+0700] {logging_mixin.py:149} INFO - [2024-10-09T11:22:03.016+0700] {dag.py:2726} INFO - Sync 1 DAGs
[2024-10-09T11:22:03.087+0700] {logging_mixin.py:149} INFO - [2024-10-09T11:22:03.087+0700] {dag.py:3486} INFO - Setting next_dagrun for example_trigger_controller_dag to 2021-01-01T00:00:00+00:00, run_after=2021-01-01T00:00:00+00:00
[2024-10-09T11:22:03.282+0700] {processor.py:179} INFO - Processing /home/hasyidan/venv/lib/python3.8/site-packages/airflow/example_dags/example_trigger_controller_dag.py took 0.375 seconds
[2024-10-09T11:23:05.509+0700] {processor.py:157} INFO - Started process (PID=5733) to work on /home/hasyidan/venv/lib/python3.8/site-packages/airflow/example_dags/example_trigger_controller_dag.py
[2024-10-09T11:23:05.513+0700] {processor.py:826} INFO - Processing file /home/hasyidan/venv/lib/python3.8/site-packages/airflow/example_dags/example_trigger_controller_dag.py for tasks to queue
[2024-10-09T11:23:05.515+0700] {logging_mixin.py:149} INFO - [2024-10-09T11:23:05.514+0700] {dagbag.py:541} INFO - Filling up the DagBag from /home/hasyidan/venv/lib/python3.8/site-packages/airflow/example_dags/example_trigger_controller_dag.py
[2024-10-09T11:23:05.530+0700] {processor.py:836} INFO - DAG(s) dict_keys(['example_trigger_controller_dag']) retrieved from /home/hasyidan/venv/lib/python3.8/site-packages/airflow/example_dags/example_trigger_controller_dag.py
[2024-10-09T11:23:05.599+0700] {logging_mixin.py:149} INFO - [2024-10-09T11:23:05.599+0700] {dag.py:2726} INFO - Sync 1 DAGs
[2024-10-09T11:23:05.682+0700] {logging_mixin.py:149} INFO - [2024-10-09T11:23:05.681+0700] {dag.py:3486} INFO - Setting next_dagrun for example_trigger_controller_dag to 2021-01-01T00:00:00+00:00, run_after=2021-01-01T00:00:00+00:00
[2024-10-09T11:23:05.846+0700] {processor.py:179} INFO - Processing /home/hasyidan/venv/lib/python3.8/site-packages/airflow/example_dags/example_trigger_controller_dag.py took 0.351 seconds
[2024-10-09T11:24:12.354+0700] {processor.py:157} INFO - Started process (PID=5798) to work on /home/hasyidan/venv/lib/python3.8/site-packages/airflow/example_dags/example_trigger_controller_dag.py
[2024-10-09T11:24:12.385+0700] {processor.py:826} INFO - Processing file /home/hasyidan/venv/lib/python3.8/site-packages/airflow/example_dags/example_trigger_controller_dag.py for tasks to queue
[2024-10-09T11:24:12.386+0700] {logging_mixin.py:149} INFO - [2024-10-09T11:24:12.386+0700] {dagbag.py:541} INFO - Filling up the DagBag from /home/hasyidan/venv/lib/python3.8/site-packages/airflow/example_dags/example_trigger_controller_dag.py
[2024-10-09T11:24:12.397+0700] {processor.py:836} INFO - DAG(s) dict_keys(['example_trigger_controller_dag']) retrieved from /home/hasyidan/venv/lib/python3.8/site-packages/airflow/example_dags/example_trigger_controller_dag.py
[2024-10-09T11:24:12.454+0700] {logging_mixin.py:149} INFO - [2024-10-09T11:24:12.454+0700] {dag.py:2726} INFO - Sync 1 DAGs
[2024-10-09T11:24:12.516+0700] {logging_mixin.py:149} INFO - [2024-10-09T11:24:12.516+0700] {dag.py:3486} INFO - Setting next_dagrun for example_trigger_controller_dag to 2021-01-01T00:00:00+00:00, run_after=2021-01-01T00:00:00+00:00
[2024-10-09T11:24:12.726+0700] {processor.py:179} INFO - Processing /home/hasyidan/venv/lib/python3.8/site-packages/airflow/example_dags/example_trigger_controller_dag.py took 0.394 seconds
[2024-10-09T11:25:21.493+0700] {processor.py:157} INFO - Started process (PID=5872) to work on /home/hasyidan/venv/lib/python3.8/site-packages/airflow/example_dags/example_trigger_controller_dag.py
[2024-10-09T11:25:21.518+0700] {processor.py:826} INFO - Processing file /home/hasyidan/venv/lib/python3.8/site-packages/airflow/example_dags/example_trigger_controller_dag.py for tasks to queue
[2024-10-09T11:25:21.526+0700] {logging_mixin.py:149} INFO - [2024-10-09T11:25:21.525+0700] {dagbag.py:541} INFO - Filling up the DagBag from /home/hasyidan/venv/lib/python3.8/site-packages/airflow/example_dags/example_trigger_controller_dag.py
[2024-10-09T11:25:21.540+0700] {processor.py:836} INFO - DAG(s) dict_keys(['example_trigger_controller_dag']) retrieved from /home/hasyidan/venv/lib/python3.8/site-packages/airflow/example_dags/example_trigger_controller_dag.py
[2024-10-09T11:25:21.600+0700] {logging_mixin.py:149} INFO - [2024-10-09T11:25:21.600+0700] {dag.py:2726} INFO - Sync 1 DAGs
[2024-10-09T11:25:21.677+0700] {logging_mixin.py:149} INFO - [2024-10-09T11:25:21.677+0700] {dag.py:3486} INFO - Setting next_dagrun for example_trigger_controller_dag to 2021-01-01T00:00:00+00:00, run_after=2021-01-01T00:00:00+00:00
[2024-10-09T11:25:21.819+0700] {processor.py:179} INFO - Processing /home/hasyidan/venv/lib/python3.8/site-packages/airflow/example_dags/example_trigger_controller_dag.py took 0.336 seconds
[2024-10-09T11:27:17.212+0700] {processor.py:157} INFO - Started process (PID=5965) to work on /home/hasyidan/venv/lib/python3.8/site-packages/airflow/example_dags/example_trigger_controller_dag.py
[2024-10-09T11:27:17.283+0700] {processor.py:826} INFO - Processing file /home/hasyidan/venv/lib/python3.8/site-packages/airflow/example_dags/example_trigger_controller_dag.py for tasks to queue
[2024-10-09T11:27:17.285+0700] {logging_mixin.py:149} INFO - [2024-10-09T11:27:17.285+0700] {dagbag.py:541} INFO - Filling up the DagBag from /home/hasyidan/venv/lib/python3.8/site-packages/airflow/example_dags/example_trigger_controller_dag.py
[2024-10-09T11:27:17.303+0700] {processor.py:836} INFO - DAG(s) dict_keys(['example_trigger_controller_dag']) retrieved from /home/hasyidan/venv/lib/python3.8/site-packages/airflow/example_dags/example_trigger_controller_dag.py
[2024-10-09T11:27:17.424+0700] {logging_mixin.py:149} INFO - [2024-10-09T11:27:17.424+0700] {dag.py:2726} INFO - Sync 1 DAGs
[2024-10-09T11:27:17.555+0700] {logging_mixin.py:149} INFO - [2024-10-09T11:27:17.554+0700] {dag.py:3486} INFO - Setting next_dagrun for example_trigger_controller_dag to 2021-01-01T00:00:00+00:00, run_after=2021-01-01T00:00:00+00:00
[2024-10-09T11:27:17.919+0700] {processor.py:179} INFO - Processing /home/hasyidan/venv/lib/python3.8/site-packages/airflow/example_dags/example_trigger_controller_dag.py took 0.716 seconds
[2024-10-09T11:29:01.161+0700] {processor.py:157} INFO - Started process (PID=6036) to work on /home/hasyidan/venv/lib/python3.8/site-packages/airflow/example_dags/example_trigger_controller_dag.py
[2024-10-09T11:29:01.175+0700] {processor.py:826} INFO - Processing file /home/hasyidan/venv/lib/python3.8/site-packages/airflow/example_dags/example_trigger_controller_dag.py for tasks to queue
[2024-10-09T11:29:01.177+0700] {logging_mixin.py:149} INFO - [2024-10-09T11:29:01.177+0700] {dagbag.py:541} INFO - Filling up the DagBag from /home/hasyidan/venv/lib/python3.8/site-packages/airflow/example_dags/example_trigger_controller_dag.py
[2024-10-09T11:29:01.197+0700] {processor.py:836} INFO - DAG(s) dict_keys(['example_trigger_controller_dag']) retrieved from /home/hasyidan/venv/lib/python3.8/site-packages/airflow/example_dags/example_trigger_controller_dag.py
[2024-10-09T11:29:01.274+0700] {logging_mixin.py:149} INFO - [2024-10-09T11:29:01.273+0700] {dag.py:2726} INFO - Sync 1 DAGs
[2024-10-09T11:29:01.706+0700] {logging_mixin.py:149} INFO - [2024-10-09T11:29:01.705+0700] {dag.py:3486} INFO - Setting next_dagrun for example_trigger_controller_dag to 2021-01-01T00:00:00+00:00, run_after=2021-01-01T00:00:00+00:00
[2024-10-09T11:29:01.902+0700] {processor.py:179} INFO - Processing /home/hasyidan/venv/lib/python3.8/site-packages/airflow/example_dags/example_trigger_controller_dag.py took 0.760 seconds
[2024-10-09T11:30:16.930+0700] {processor.py:157} INFO - Started process (PID=6084) to work on /home/hasyidan/venv/lib/python3.8/site-packages/airflow/example_dags/example_trigger_controller_dag.py
[2024-10-09T11:30:17.005+0700] {processor.py:826} INFO - Processing file /home/hasyidan/venv/lib/python3.8/site-packages/airflow/example_dags/example_trigger_controller_dag.py for tasks to queue
[2024-10-09T11:30:17.007+0700] {logging_mixin.py:149} INFO - [2024-10-09T11:30:17.007+0700] {dagbag.py:541} INFO - Filling up the DagBag from /home/hasyidan/venv/lib/python3.8/site-packages/airflow/example_dags/example_trigger_controller_dag.py
[2024-10-09T11:30:17.113+0700] {processor.py:836} INFO - DAG(s) dict_keys(['example_trigger_controller_dag']) retrieved from /home/hasyidan/venv/lib/python3.8/site-packages/airflow/example_dags/example_trigger_controller_dag.py
[2024-10-09T11:30:19.004+0700] {logging_mixin.py:149} INFO - [2024-10-09T11:30:19.003+0700] {dag.py:2726} INFO - Sync 1 DAGs
[2024-10-09T11:30:19.143+0700] {logging_mixin.py:149} INFO - [2024-10-09T11:30:19.143+0700] {dag.py:3486} INFO - Setting next_dagrun for example_trigger_controller_dag to 2021-01-01T00:00:00+00:00, run_after=2021-01-01T00:00:00+00:00
[2024-10-09T11:30:19.446+0700] {processor.py:179} INFO - Processing /home/hasyidan/venv/lib/python3.8/site-packages/airflow/example_dags/example_trigger_controller_dag.py took 2.525 seconds
[2024-10-09T11:33:29.338+0700] {processor.py:157} INFO - Started process (PID=6432) to work on /home/hasyidan/venv/lib/python3.8/site-packages/airflow/example_dags/example_trigger_controller_dag.py
[2024-10-09T11:33:29.451+0700] {processor.py:826} INFO - Processing file /home/hasyidan/venv/lib/python3.8/site-packages/airflow/example_dags/example_trigger_controller_dag.py for tasks to queue
[2024-10-09T11:33:29.453+0700] {logging_mixin.py:149} INFO - [2024-10-09T11:33:29.453+0700] {dagbag.py:541} INFO - Filling up the DagBag from /home/hasyidan/venv/lib/python3.8/site-packages/airflow/example_dags/example_trigger_controller_dag.py
[2024-10-09T11:33:29.663+0700] {processor.py:836} INFO - DAG(s) dict_keys(['example_trigger_controller_dag']) retrieved from /home/hasyidan/venv/lib/python3.8/site-packages/airflow/example_dags/example_trigger_controller_dag.py
[2024-10-09T11:33:29.738+0700] {logging_mixin.py:149} INFO - [2024-10-09T11:33:29.738+0700] {dag.py:2726} INFO - Sync 1 DAGs
[2024-10-09T11:33:29.784+0700] {logging_mixin.py:149} INFO - [2024-10-09T11:33:29.783+0700] {dag.py:3486} INFO - Setting next_dagrun for example_trigger_controller_dag to 2021-01-01T00:00:00+00:00, run_after=2021-01-01T00:00:00+00:00
[2024-10-09T11:33:30.043+0700] {processor.py:179} INFO - Processing /home/hasyidan/venv/lib/python3.8/site-packages/airflow/example_dags/example_trigger_controller_dag.py took 0.711 seconds
[2024-10-09T11:35:08.601+0700] {processor.py:157} INFO - Started process (PID=6572) to work on /home/hasyidan/venv/lib/python3.8/site-packages/airflow/example_dags/example_trigger_controller_dag.py
[2024-10-09T11:35:08.663+0700] {processor.py:826} INFO - Processing file /home/hasyidan/venv/lib/python3.8/site-packages/airflow/example_dags/example_trigger_controller_dag.py for tasks to queue
[2024-10-09T11:35:08.665+0700] {logging_mixin.py:149} INFO - [2024-10-09T11:35:08.665+0700] {dagbag.py:541} INFO - Filling up the DagBag from /home/hasyidan/venv/lib/python3.8/site-packages/airflow/example_dags/example_trigger_controller_dag.py
[2024-10-09T11:35:08.725+0700] {processor.py:836} INFO - DAG(s) dict_keys(['example_trigger_controller_dag']) retrieved from /home/hasyidan/venv/lib/python3.8/site-packages/airflow/example_dags/example_trigger_controller_dag.py
[2024-10-09T11:35:08.801+0700] {logging_mixin.py:149} INFO - [2024-10-09T11:35:08.800+0700] {dag.py:2726} INFO - Sync 1 DAGs
[2024-10-09T11:35:08.961+0700] {logging_mixin.py:149} INFO - [2024-10-09T11:35:08.960+0700] {dag.py:3486} INFO - Setting next_dagrun for example_trigger_controller_dag to 2021-01-01T00:00:00+00:00, run_after=2021-01-01T00:00:00+00:00
[2024-10-09T11:35:09.230+0700] {processor.py:179} INFO - Processing /home/hasyidan/venv/lib/python3.8/site-packages/airflow/example_dags/example_trigger_controller_dag.py took 0.643 seconds
[2024-10-09T11:36:11.010+0700] {processor.py:157} INFO - Started process (PID=6639) to work on /home/hasyidan/venv/lib/python3.8/site-packages/airflow/example_dags/example_trigger_controller_dag.py
[2024-10-09T11:36:11.041+0700] {processor.py:826} INFO - Processing file /home/hasyidan/venv/lib/python3.8/site-packages/airflow/example_dags/example_trigger_controller_dag.py for tasks to queue
[2024-10-09T11:36:11.043+0700] {logging_mixin.py:149} INFO - [2024-10-09T11:36:11.043+0700] {dagbag.py:541} INFO - Filling up the DagBag from /home/hasyidan/venv/lib/python3.8/site-packages/airflow/example_dags/example_trigger_controller_dag.py
[2024-10-09T11:36:11.216+0700] {processor.py:836} INFO - DAG(s) dict_keys(['example_trigger_controller_dag']) retrieved from /home/hasyidan/venv/lib/python3.8/site-packages/airflow/example_dags/example_trigger_controller_dag.py
[2024-10-09T11:36:11.543+0700] {logging_mixin.py:149} INFO - [2024-10-09T11:36:11.543+0700] {dag.py:2726} INFO - Sync 1 DAGs
[2024-10-09T11:36:11.640+0700] {logging_mixin.py:149} INFO - [2024-10-09T11:36:11.640+0700] {dag.py:3486} INFO - Setting next_dagrun for example_trigger_controller_dag to 2021-01-01T00:00:00+00:00, run_after=2021-01-01T00:00:00+00:00
[2024-10-09T11:36:11.895+0700] {processor.py:179} INFO - Processing /home/hasyidan/venv/lib/python3.8/site-packages/airflow/example_dags/example_trigger_controller_dag.py took 0.892 seconds
[2024-10-09T11:38:31.773+0700] {processor.py:157} INFO - Started process (PID=6835) to work on /home/hasyidan/venv/lib/python3.8/site-packages/airflow/example_dags/example_trigger_controller_dag.py
[2024-10-09T11:38:31.868+0700] {processor.py:826} INFO - Processing file /home/hasyidan/venv/lib/python3.8/site-packages/airflow/example_dags/example_trigger_controller_dag.py for tasks to queue
[2024-10-09T11:38:31.871+0700] {logging_mixin.py:149} INFO - [2024-10-09T11:38:31.870+0700] {dagbag.py:541} INFO - Filling up the DagBag from /home/hasyidan/venv/lib/python3.8/site-packages/airflow/example_dags/example_trigger_controller_dag.py
[2024-10-09T11:38:32.019+0700] {processor.py:836} INFO - DAG(s) dict_keys(['example_trigger_controller_dag']) retrieved from /home/hasyidan/venv/lib/python3.8/site-packages/airflow/example_dags/example_trigger_controller_dag.py
[2024-10-09T11:38:33.381+0700] {logging_mixin.py:149} INFO - [2024-10-09T11:38:33.381+0700] {dag.py:2726} INFO - Sync 1 DAGs
[2024-10-09T11:38:33.575+0700] {logging_mixin.py:149} INFO - [2024-10-09T11:38:33.574+0700] {dag.py:3486} INFO - Setting next_dagrun for example_trigger_controller_dag to 2021-01-01T00:00:00+00:00, run_after=2021-01-01T00:00:00+00:00
[2024-10-09T11:38:34.200+0700] {processor.py:179} INFO - Processing /home/hasyidan/venv/lib/python3.8/site-packages/airflow/example_dags/example_trigger_controller_dag.py took 2.433 seconds
