[2024-10-09T10:58:36.308+0700] {processor.py:157} INFO - Started process (PID=3925) to work on /home/hasyidan/venv/lib/python3.8/site-packages/airflow/example_dags/example_time_delta_sensor_async.py
[2024-10-09T10:58:36.310+0700] {processor.py:826} INFO - Processing file /home/hasyidan/venv/lib/python3.8/site-packages/airflow/example_dags/example_time_delta_sensor_async.py for tasks to queue
[2024-10-09T10:58:36.311+0700] {logging_mixin.py:149} INFO - [2024-10-09T10:58:36.311+0700] {dagbag.py:541} INFO - Filling up the DagBag from /home/hasyidan/venv/lib/python3.8/site-packages/airflow/example_dags/example_time_delta_sensor_async.py
[2024-10-09T10:58:36.373+0700] {processor.py:836} INFO - DAG(s) dict_keys(['example_time_delta_sensor_async']) retrieved from /home/hasyidan/venv/lib/python3.8/site-packages/airflow/example_dags/example_time_delta_sensor_async.py
[2024-10-09T10:58:36.482+0700] {logging_mixin.py:149} INFO - [2024-10-09T10:58:36.481+0700] {dag.py:2726} INFO - Sync 1 DAGs
[2024-10-09T10:58:36.652+0700] {logging_mixin.py:149} INFO - [2024-10-09T10:58:36.652+0700] {dag.py:3486} INFO - Setting next_dagrun for example_time_delta_sensor_async to None, run_after=None
[2024-10-09T10:58:37.080+0700] {processor.py:179} INFO - Processing /home/hasyidan/venv/lib/python3.8/site-packages/airflow/example_dags/example_time_delta_sensor_async.py took 0.778 seconds
[2024-10-09T11:00:41.601+0700] {processor.py:157} INFO - Started process (PID=4029) to work on /home/hasyidan/venv/lib/python3.8/site-packages/airflow/example_dags/example_time_delta_sensor_async.py
[2024-10-09T11:00:41.760+0700] {processor.py:826} INFO - Processing file /home/hasyidan/venv/lib/python3.8/site-packages/airflow/example_dags/example_time_delta_sensor_async.py for tasks to queue
[2024-10-09T11:00:41.779+0700] {logging_mixin.py:149} INFO - [2024-10-09T11:00:41.778+0700] {dagbag.py:541} INFO - Filling up the DagBag from /home/hasyidan/venv/lib/python3.8/site-packages/airflow/example_dags/example_time_delta_sensor_async.py
[2024-10-09T11:00:42.043+0700] {processor.py:836} INFO - DAG(s) dict_keys(['example_time_delta_sensor_async']) retrieved from /home/hasyidan/venv/lib/python3.8/site-packages/airflow/example_dags/example_time_delta_sensor_async.py
[2024-10-09T11:00:42.970+0700] {logging_mixin.py:149} INFO - [2024-10-09T11:00:42.970+0700] {dag.py:2726} INFO - Sync 1 DAGs
[2024-10-09T11:00:45.227+0700] {logging_mixin.py:149} INFO - [2024-10-09T11:00:45.227+0700] {dag.py:3486} INFO - Setting next_dagrun for example_time_delta_sensor_async to None, run_after=None
[2024-10-09T11:00:45.984+0700] {processor.py:179} INFO - Processing /home/hasyidan/venv/lib/python3.8/site-packages/airflow/example_dags/example_time_delta_sensor_async.py took 4.391 seconds
[2024-10-09T11:01:43.722+0700] {processor.py:157} INFO - Started process (PID=4159) to work on /home/hasyidan/venv/lib/python3.8/site-packages/airflow/example_dags/example_time_delta_sensor_async.py
[2024-10-09T11:01:43.751+0700] {processor.py:826} INFO - Processing file /home/hasyidan/venv/lib/python3.8/site-packages/airflow/example_dags/example_time_delta_sensor_async.py for tasks to queue
[2024-10-09T11:01:43.754+0700] {logging_mixin.py:149} INFO - [2024-10-09T11:01:43.753+0700] {dagbag.py:541} INFO - Filling up the DagBag from /home/hasyidan/venv/lib/python3.8/site-packages/airflow/example_dags/example_time_delta_sensor_async.py
[2024-10-09T11:01:43.767+0700] {processor.py:836} INFO - DAG(s) dict_keys(['example_time_delta_sensor_async']) retrieved from /home/hasyidan/venv/lib/python3.8/site-packages/airflow/example_dags/example_time_delta_sensor_async.py
[2024-10-09T11:01:44.040+0700] {logging_mixin.py:149} INFO - [2024-10-09T11:01:44.040+0700] {dag.py:2726} INFO - Sync 1 DAGs
[2024-10-09T11:01:44.082+0700] {logging_mixin.py:149} INFO - [2024-10-09T11:01:44.081+0700] {dag.py:3486} INFO - Setting next_dagrun for example_time_delta_sensor_async to None, run_after=None
[2024-10-09T11:01:44.211+0700] {processor.py:179} INFO - Processing /home/hasyidan/venv/lib/python3.8/site-packages/airflow/example_dags/example_time_delta_sensor_async.py took 0.495 seconds
[2024-10-09T11:02:49.620+0700] {processor.py:157} INFO - Started process (PID=4221) to work on /home/hasyidan/venv/lib/python3.8/site-packages/airflow/example_dags/example_time_delta_sensor_async.py
[2024-10-09T11:02:49.647+0700] {processor.py:826} INFO - Processing file /home/hasyidan/venv/lib/python3.8/site-packages/airflow/example_dags/example_time_delta_sensor_async.py for tasks to queue
[2024-10-09T11:02:49.650+0700] {logging_mixin.py:149} INFO - [2024-10-09T11:02:49.649+0700] {dagbag.py:541} INFO - Filling up the DagBag from /home/hasyidan/venv/lib/python3.8/site-packages/airflow/example_dags/example_time_delta_sensor_async.py
[2024-10-09T11:02:49.661+0700] {processor.py:836} INFO - DAG(s) dict_keys(['example_time_delta_sensor_async']) retrieved from /home/hasyidan/venv/lib/python3.8/site-packages/airflow/example_dags/example_time_delta_sensor_async.py
[2024-10-09T11:02:49.701+0700] {logging_mixin.py:149} INFO - [2024-10-09T11:02:49.701+0700] {dag.py:2726} INFO - Sync 1 DAGs
[2024-10-09T11:02:49.745+0700] {logging_mixin.py:149} INFO - [2024-10-09T11:02:49.745+0700] {dag.py:3486} INFO - Setting next_dagrun for example_time_delta_sensor_async to None, run_after=None
[2024-10-09T11:02:49.858+0700] {processor.py:179} INFO - Processing /home/hasyidan/venv/lib/python3.8/site-packages/airflow/example_dags/example_time_delta_sensor_async.py took 0.245 seconds
[2024-10-09T11:03:49.002+0700] {processor.py:157} INFO - Started process (PID=4276) to work on /home/hasyidan/venv/lib/python3.8/site-packages/airflow/example_dags/example_time_delta_sensor_async.py
[2024-10-09T11:03:49.015+0700] {processor.py:826} INFO - Processing file /home/hasyidan/venv/lib/python3.8/site-packages/airflow/example_dags/example_time_delta_sensor_async.py for tasks to queue
[2024-10-09T11:03:49.018+0700] {logging_mixin.py:149} INFO - [2024-10-09T11:03:49.017+0700] {dagbag.py:541} INFO - Filling up the DagBag from /home/hasyidan/venv/lib/python3.8/site-packages/airflow/example_dags/example_time_delta_sensor_async.py
[2024-10-09T11:03:49.029+0700] {processor.py:836} INFO - DAG(s) dict_keys(['example_time_delta_sensor_async']) retrieved from /home/hasyidan/venv/lib/python3.8/site-packages/airflow/example_dags/example_time_delta_sensor_async.py
[2024-10-09T11:03:49.067+0700] {logging_mixin.py:149} INFO - [2024-10-09T11:03:49.067+0700] {dag.py:2726} INFO - Sync 1 DAGs
[2024-10-09T11:03:49.118+0700] {logging_mixin.py:149} INFO - [2024-10-09T11:03:49.118+0700] {dag.py:3486} INFO - Setting next_dagrun for example_time_delta_sensor_async to None, run_after=None
[2024-10-09T11:03:49.336+0700] {processor.py:179} INFO - Processing /home/hasyidan/venv/lib/python3.8/site-packages/airflow/example_dags/example_time_delta_sensor_async.py took 0.339 seconds
[2024-10-09T11:05:37.307+0700] {processor.py:157} INFO - Started process (PID=4429) to work on /home/hasyidan/venv/lib/python3.8/site-packages/airflow/example_dags/example_time_delta_sensor_async.py
[2024-10-09T11:05:37.387+0700] {processor.py:826} INFO - Processing file /home/hasyidan/venv/lib/python3.8/site-packages/airflow/example_dags/example_time_delta_sensor_async.py for tasks to queue
[2024-10-09T11:05:37.390+0700] {logging_mixin.py:149} INFO - [2024-10-09T11:05:37.389+0700] {dagbag.py:541} INFO - Filling up the DagBag from /home/hasyidan/venv/lib/python3.8/site-packages/airflow/example_dags/example_time_delta_sensor_async.py
[2024-10-09T11:05:37.440+0700] {processor.py:836} INFO - DAG(s) dict_keys(['example_time_delta_sensor_async']) retrieved from /home/hasyidan/venv/lib/python3.8/site-packages/airflow/example_dags/example_time_delta_sensor_async.py
[2024-10-09T11:05:37.610+0700] {logging_mixin.py:149} INFO - [2024-10-09T11:05:37.610+0700] {dag.py:2726} INFO - Sync 1 DAGs
[2024-10-09T11:05:37.685+0700] {logging_mixin.py:149} INFO - [2024-10-09T11:05:37.685+0700] {dag.py:3486} INFO - Setting next_dagrun for example_time_delta_sensor_async to None, run_after=None
[2024-10-09T11:05:38.202+0700] {processor.py:179} INFO - Processing /home/hasyidan/venv/lib/python3.8/site-packages/airflow/example_dags/example_time_delta_sensor_async.py took 0.902 seconds
[2024-10-09T11:07:04.106+0700] {processor.py:157} INFO - Started process (PID=4590) to work on /home/hasyidan/venv/lib/python3.8/site-packages/airflow/example_dags/example_time_delta_sensor_async.py
[2024-10-09T11:07:04.114+0700] {processor.py:826} INFO - Processing file /home/hasyidan/venv/lib/python3.8/site-packages/airflow/example_dags/example_time_delta_sensor_async.py for tasks to queue
[2024-10-09T11:07:04.116+0700] {logging_mixin.py:149} INFO - [2024-10-09T11:07:04.115+0700] {dagbag.py:541} INFO - Filling up the DagBag from /home/hasyidan/venv/lib/python3.8/site-packages/airflow/example_dags/example_time_delta_sensor_async.py
[2024-10-09T11:07:04.170+0700] {processor.py:836} INFO - DAG(s) dict_keys(['example_time_delta_sensor_async']) retrieved from /home/hasyidan/venv/lib/python3.8/site-packages/airflow/example_dags/example_time_delta_sensor_async.py
[2024-10-09T11:07:04.230+0700] {logging_mixin.py:149} INFO - [2024-10-09T11:07:04.229+0700] {dag.py:2726} INFO - Sync 1 DAGs
[2024-10-09T11:07:04.272+0700] {logging_mixin.py:149} INFO - [2024-10-09T11:07:04.272+0700] {dag.py:3486} INFO - Setting next_dagrun for example_time_delta_sensor_async to None, run_after=None
[2024-10-09T11:07:04.538+0700] {processor.py:179} INFO - Processing /home/hasyidan/venv/lib/python3.8/site-packages/airflow/example_dags/example_time_delta_sensor_async.py took 0.438 seconds
[2024-10-09T11:08:09.191+0700] {processor.py:157} INFO - Started process (PID=4663) to work on /home/hasyidan/venv/lib/python3.8/site-packages/airflow/example_dags/example_time_delta_sensor_async.py
[2024-10-09T11:08:09.206+0700] {processor.py:826} INFO - Processing file /home/hasyidan/venv/lib/python3.8/site-packages/airflow/example_dags/example_time_delta_sensor_async.py for tasks to queue
[2024-10-09T11:08:09.208+0700] {logging_mixin.py:149} INFO - [2024-10-09T11:08:09.208+0700] {dagbag.py:541} INFO - Filling up the DagBag from /home/hasyidan/venv/lib/python3.8/site-packages/airflow/example_dags/example_time_delta_sensor_async.py
[2024-10-09T11:08:09.220+0700] {processor.py:836} INFO - DAG(s) dict_keys(['example_time_delta_sensor_async']) retrieved from /home/hasyidan/venv/lib/python3.8/site-packages/airflow/example_dags/example_time_delta_sensor_async.py
[2024-10-09T11:08:09.259+0700] {logging_mixin.py:149} INFO - [2024-10-09T11:08:09.259+0700] {dag.py:2726} INFO - Sync 1 DAGs
[2024-10-09T11:08:09.301+0700] {logging_mixin.py:149} INFO - [2024-10-09T11:08:09.301+0700] {dag.py:3486} INFO - Setting next_dagrun for example_time_delta_sensor_async to None, run_after=None
[2024-10-09T11:08:09.415+0700] {processor.py:179} INFO - Processing /home/hasyidan/venv/lib/python3.8/site-packages/airflow/example_dags/example_time_delta_sensor_async.py took 0.230 seconds
[2024-10-09T11:09:06.636+0700] {processor.py:157} INFO - Started process (PID=4718) to work on /home/hasyidan/venv/lib/python3.8/site-packages/airflow/example_dags/example_time_delta_sensor_async.py
[2024-10-09T11:09:06.673+0700] {processor.py:826} INFO - Processing file /home/hasyidan/venv/lib/python3.8/site-packages/airflow/example_dags/example_time_delta_sensor_async.py for tasks to queue
[2024-10-09T11:09:06.677+0700] {logging_mixin.py:149} INFO - [2024-10-09T11:09:06.676+0700] {dagbag.py:541} INFO - Filling up the DagBag from /home/hasyidan/venv/lib/python3.8/site-packages/airflow/example_dags/example_time_delta_sensor_async.py
[2024-10-09T11:09:06.688+0700] {processor.py:836} INFO - DAG(s) dict_keys(['example_time_delta_sensor_async']) retrieved from /home/hasyidan/venv/lib/python3.8/site-packages/airflow/example_dags/example_time_delta_sensor_async.py
[2024-10-09T11:09:06.727+0700] {logging_mixin.py:149} INFO - [2024-10-09T11:09:06.727+0700] {dag.py:2726} INFO - Sync 1 DAGs
[2024-10-09T11:09:06.772+0700] {logging_mixin.py:149} INFO - [2024-10-09T11:09:06.772+0700] {dag.py:3486} INFO - Setting next_dagrun for example_time_delta_sensor_async to None, run_after=None
[2024-10-09T11:09:06.979+0700] {processor.py:179} INFO - Processing /home/hasyidan/venv/lib/python3.8/site-packages/airflow/example_dags/example_time_delta_sensor_async.py took 0.350 seconds
[2024-10-09T11:09:58.760+0700] {processor.py:157} INFO - Started process (PID=4772) to work on /home/hasyidan/venv/lib/python3.8/site-packages/airflow/example_dags/example_time_delta_sensor_async.py
[2024-10-09T11:09:58.816+0700] {processor.py:826} INFO - Processing file /home/hasyidan/venv/lib/python3.8/site-packages/airflow/example_dags/example_time_delta_sensor_async.py for tasks to queue
[2024-10-09T11:09:58.819+0700] {logging_mixin.py:149} INFO - [2024-10-09T11:09:58.818+0700] {dagbag.py:541} INFO - Filling up the DagBag from /home/hasyidan/venv/lib/python3.8/site-packages/airflow/example_dags/example_time_delta_sensor_async.py
[2024-10-09T11:09:58.831+0700] {processor.py:836} INFO - DAG(s) dict_keys(['example_time_delta_sensor_async']) retrieved from /home/hasyidan/venv/lib/python3.8/site-packages/airflow/example_dags/example_time_delta_sensor_async.py
[2024-10-09T11:09:58.868+0700] {logging_mixin.py:149} INFO - [2024-10-09T11:09:58.868+0700] {dag.py:2726} INFO - Sync 1 DAGs
[2024-10-09T11:09:58.910+0700] {logging_mixin.py:149} INFO - [2024-10-09T11:09:58.910+0700] {dag.py:3486} INFO - Setting next_dagrun for example_time_delta_sensor_async to None, run_after=None
[2024-10-09T11:09:59.023+0700] {processor.py:179} INFO - Processing /home/hasyidan/venv/lib/python3.8/site-packages/airflow/example_dags/example_time_delta_sensor_async.py took 0.268 seconds
[2024-10-09T11:10:49.953+0700] {processor.py:157} INFO - Started process (PID=4831) to work on /home/hasyidan/venv/lib/python3.8/site-packages/airflow/example_dags/example_time_delta_sensor_async.py
[2024-10-09T11:10:49.968+0700] {processor.py:826} INFO - Processing file /home/hasyidan/venv/lib/python3.8/site-packages/airflow/example_dags/example_time_delta_sensor_async.py for tasks to queue
[2024-10-09T11:10:49.971+0700] {logging_mixin.py:149} INFO - [2024-10-09T11:10:49.970+0700] {dagbag.py:541} INFO - Filling up the DagBag from /home/hasyidan/venv/lib/python3.8/site-packages/airflow/example_dags/example_time_delta_sensor_async.py
[2024-10-09T11:10:49.981+0700] {processor.py:836} INFO - DAG(s) dict_keys(['example_time_delta_sensor_async']) retrieved from /home/hasyidan/venv/lib/python3.8/site-packages/airflow/example_dags/example_time_delta_sensor_async.py
[2024-10-09T11:10:50.022+0700] {logging_mixin.py:149} INFO - [2024-10-09T11:10:50.021+0700] {dag.py:2726} INFO - Sync 1 DAGs
[2024-10-09T11:10:50.065+0700] {logging_mixin.py:149} INFO - [2024-10-09T11:10:50.065+0700] {dag.py:3486} INFO - Setting next_dagrun for example_time_delta_sensor_async to None, run_after=None
[2024-10-09T11:10:50.180+0700] {processor.py:179} INFO - Processing /home/hasyidan/venv/lib/python3.8/site-packages/airflow/example_dags/example_time_delta_sensor_async.py took 0.233 seconds
[2024-10-09T11:11:44.715+0700] {processor.py:157} INFO - Started process (PID=4889) to work on /home/hasyidan/venv/lib/python3.8/site-packages/airflow/example_dags/example_time_delta_sensor_async.py
[2024-10-09T11:11:44.727+0700] {processor.py:826} INFO - Processing file /home/hasyidan/venv/lib/python3.8/site-packages/airflow/example_dags/example_time_delta_sensor_async.py for tasks to queue
[2024-10-09T11:11:44.729+0700] {logging_mixin.py:149} INFO - [2024-10-09T11:11:44.728+0700] {dagbag.py:541} INFO - Filling up the DagBag from /home/hasyidan/venv/lib/python3.8/site-packages/airflow/example_dags/example_time_delta_sensor_async.py
[2024-10-09T11:11:44.741+0700] {processor.py:836} INFO - DAG(s) dict_keys(['example_time_delta_sensor_async']) retrieved from /home/hasyidan/venv/lib/python3.8/site-packages/airflow/example_dags/example_time_delta_sensor_async.py
[2024-10-09T11:11:44.779+0700] {logging_mixin.py:149} INFO - [2024-10-09T11:11:44.779+0700] {dag.py:2726} INFO - Sync 1 DAGs
[2024-10-09T11:11:44.821+0700] {logging_mixin.py:149} INFO - [2024-10-09T11:11:44.821+0700] {dag.py:3486} INFO - Setting next_dagrun for example_time_delta_sensor_async to None, run_after=None
[2024-10-09T11:11:44.947+0700] {processor.py:179} INFO - Processing /home/hasyidan/venv/lib/python3.8/site-packages/airflow/example_dags/example_time_delta_sensor_async.py took 0.238 seconds
[2024-10-09T11:12:37.307+0700] {processor.py:157} INFO - Started process (PID=4946) to work on /home/hasyidan/venv/lib/python3.8/site-packages/airflow/example_dags/example_time_delta_sensor_async.py
[2024-10-09T11:12:37.319+0700] {processor.py:826} INFO - Processing file /home/hasyidan/venv/lib/python3.8/site-packages/airflow/example_dags/example_time_delta_sensor_async.py for tasks to queue
[2024-10-09T11:12:37.321+0700] {logging_mixin.py:149} INFO - [2024-10-09T11:12:37.321+0700] {dagbag.py:541} INFO - Filling up the DagBag from /home/hasyidan/venv/lib/python3.8/site-packages/airflow/example_dags/example_time_delta_sensor_async.py
[2024-10-09T11:12:37.333+0700] {processor.py:836} INFO - DAG(s) dict_keys(['example_time_delta_sensor_async']) retrieved from /home/hasyidan/venv/lib/python3.8/site-packages/airflow/example_dags/example_time_delta_sensor_async.py
[2024-10-09T11:12:37.372+0700] {logging_mixin.py:149} INFO - [2024-10-09T11:12:37.371+0700] {dag.py:2726} INFO - Sync 1 DAGs
[2024-10-09T11:12:37.420+0700] {logging_mixin.py:149} INFO - [2024-10-09T11:12:37.420+0700] {dag.py:3486} INFO - Setting next_dagrun for example_time_delta_sensor_async to None, run_after=None
[2024-10-09T11:12:37.536+0700] {processor.py:179} INFO - Processing /home/hasyidan/venv/lib/python3.8/site-packages/airflow/example_dags/example_time_delta_sensor_async.py took 0.236 seconds
[2024-10-09T11:13:30.760+0700] {processor.py:157} INFO - Started process (PID=5000) to work on /home/hasyidan/venv/lib/python3.8/site-packages/airflow/example_dags/example_time_delta_sensor_async.py
[2024-10-09T11:13:30.769+0700] {processor.py:826} INFO - Processing file /home/hasyidan/venv/lib/python3.8/site-packages/airflow/example_dags/example_time_delta_sensor_async.py for tasks to queue
[2024-10-09T11:13:30.771+0700] {logging_mixin.py:149} INFO - [2024-10-09T11:13:30.771+0700] {dagbag.py:541} INFO - Filling up the DagBag from /home/hasyidan/venv/lib/python3.8/site-packages/airflow/example_dags/example_time_delta_sensor_async.py
[2024-10-09T11:13:30.783+0700] {processor.py:836} INFO - DAG(s) dict_keys(['example_time_delta_sensor_async']) retrieved from /home/hasyidan/venv/lib/python3.8/site-packages/airflow/example_dags/example_time_delta_sensor_async.py
[2024-10-09T11:13:30.821+0700] {logging_mixin.py:149} INFO - [2024-10-09T11:13:30.821+0700] {dag.py:2726} INFO - Sync 1 DAGs
[2024-10-09T11:13:30.864+0700] {logging_mixin.py:149} INFO - [2024-10-09T11:13:30.864+0700] {dag.py:3486} INFO - Setting next_dagrun for example_time_delta_sensor_async to None, run_after=None
[2024-10-09T11:13:30.976+0700] {processor.py:179} INFO - Processing /home/hasyidan/venv/lib/python3.8/site-packages/airflow/example_dags/example_time_delta_sensor_async.py took 0.224 seconds
[2024-10-09T11:14:39.390+0700] {processor.py:157} INFO - Started process (PID=5096) to work on /home/hasyidan/venv/lib/python3.8/site-packages/airflow/example_dags/example_time_delta_sensor_async.py
[2024-10-09T11:14:39.507+0700] {processor.py:826} INFO - Processing file /home/hasyidan/venv/lib/python3.8/site-packages/airflow/example_dags/example_time_delta_sensor_async.py for tasks to queue
[2024-10-09T11:14:39.509+0700] {logging_mixin.py:149} INFO - [2024-10-09T11:14:39.508+0700] {dagbag.py:541} INFO - Filling up the DagBag from /home/hasyidan/venv/lib/python3.8/site-packages/airflow/example_dags/example_time_delta_sensor_async.py
[2024-10-09T11:14:39.551+0700] {processor.py:836} INFO - DAG(s) dict_keys(['example_time_delta_sensor_async']) retrieved from /home/hasyidan/venv/lib/python3.8/site-packages/airflow/example_dags/example_time_delta_sensor_async.py
[2024-10-09T11:14:39.900+0700] {logging_mixin.py:149} INFO - [2024-10-09T11:14:39.900+0700] {dag.py:2726} INFO - Sync 1 DAGs
[2024-10-09T11:14:40.014+0700] {logging_mixin.py:149} INFO - [2024-10-09T11:14:40.013+0700] {dag.py:3486} INFO - Setting next_dagrun for example_time_delta_sensor_async to None, run_after=None
[2024-10-09T11:14:40.393+0700] {processor.py:179} INFO - Processing /home/hasyidan/venv/lib/python3.8/site-packages/airflow/example_dags/example_time_delta_sensor_async.py took 1.010 seconds
[2024-10-09T11:15:56.581+0700] {processor.py:157} INFO - Started process (PID=5296) to work on /home/hasyidan/venv/lib/python3.8/site-packages/airflow/example_dags/example_time_delta_sensor_async.py
[2024-10-09T11:15:56.595+0700] {processor.py:826} INFO - Processing file /home/hasyidan/venv/lib/python3.8/site-packages/airflow/example_dags/example_time_delta_sensor_async.py for tasks to queue
[2024-10-09T11:15:56.597+0700] {logging_mixin.py:149} INFO - [2024-10-09T11:15:56.597+0700] {dagbag.py:541} INFO - Filling up the DagBag from /home/hasyidan/venv/lib/python3.8/site-packages/airflow/example_dags/example_time_delta_sensor_async.py
[2024-10-09T11:15:56.619+0700] {processor.py:836} INFO - DAG(s) dict_keys(['example_time_delta_sensor_async']) retrieved from /home/hasyidan/venv/lib/python3.8/site-packages/airflow/example_dags/example_time_delta_sensor_async.py
[2024-10-09T11:15:56.695+0700] {logging_mixin.py:149} INFO - [2024-10-09T11:15:56.693+0700] {dag.py:2726} INFO - Sync 1 DAGs
[2024-10-09T11:15:56.789+0700] {logging_mixin.py:149} INFO - [2024-10-09T11:15:56.789+0700] {dag.py:3486} INFO - Setting next_dagrun for example_time_delta_sensor_async to None, run_after=None
[2024-10-09T11:15:56.924+0700] {processor.py:179} INFO - Processing /home/hasyidan/venv/lib/python3.8/site-packages/airflow/example_dags/example_time_delta_sensor_async.py took 0.352 seconds
[2024-10-09T11:17:06.274+0700] {processor.py:157} INFO - Started process (PID=5364) to work on /home/hasyidan/venv/lib/python3.8/site-packages/airflow/example_dags/example_time_delta_sensor_async.py
[2024-10-09T11:17:06.290+0700] {processor.py:826} INFO - Processing file /home/hasyidan/venv/lib/python3.8/site-packages/airflow/example_dags/example_time_delta_sensor_async.py for tasks to queue
[2024-10-09T11:17:06.292+0700] {logging_mixin.py:149} INFO - [2024-10-09T11:17:06.292+0700] {dagbag.py:541} INFO - Filling up the DagBag from /home/hasyidan/venv/lib/python3.8/site-packages/airflow/example_dags/example_time_delta_sensor_async.py
[2024-10-09T11:17:06.308+0700] {processor.py:836} INFO - DAG(s) dict_keys(['example_time_delta_sensor_async']) retrieved from /home/hasyidan/venv/lib/python3.8/site-packages/airflow/example_dags/example_time_delta_sensor_async.py
[2024-10-09T11:17:06.376+0700] {logging_mixin.py:149} INFO - [2024-10-09T11:17:06.375+0700] {dag.py:2726} INFO - Sync 1 DAGs
[2024-10-09T11:17:06.442+0700] {logging_mixin.py:149} INFO - [2024-10-09T11:17:06.442+0700] {dag.py:3486} INFO - Setting next_dagrun for example_time_delta_sensor_async to None, run_after=None
[2024-10-09T11:17:06.572+0700] {processor.py:179} INFO - Processing /home/hasyidan/venv/lib/python3.8/site-packages/airflow/example_dags/example_time_delta_sensor_async.py took 0.308 seconds
[2024-10-09T11:18:16.140+0700] {processor.py:157} INFO - Started process (PID=5431) to work on /home/hasyidan/venv/lib/python3.8/site-packages/airflow/example_dags/example_time_delta_sensor_async.py
[2024-10-09T11:18:16.183+0700] {processor.py:826} INFO - Processing file /home/hasyidan/venv/lib/python3.8/site-packages/airflow/example_dags/example_time_delta_sensor_async.py for tasks to queue
[2024-10-09T11:18:16.186+0700] {logging_mixin.py:149} INFO - [2024-10-09T11:18:16.185+0700] {dagbag.py:541} INFO - Filling up the DagBag from /home/hasyidan/venv/lib/python3.8/site-packages/airflow/example_dags/example_time_delta_sensor_async.py
[2024-10-09T11:18:16.200+0700] {processor.py:836} INFO - DAG(s) dict_keys(['example_time_delta_sensor_async']) retrieved from /home/hasyidan/venv/lib/python3.8/site-packages/airflow/example_dags/example_time_delta_sensor_async.py
[2024-10-09T11:18:16.264+0700] {logging_mixin.py:149} INFO - [2024-10-09T11:18:16.264+0700] {dag.py:2726} INFO - Sync 1 DAGs
[2024-10-09T11:18:16.343+0700] {logging_mixin.py:149} INFO - [2024-10-09T11:18:16.342+0700] {dag.py:3486} INFO - Setting next_dagrun for example_time_delta_sensor_async to None, run_after=None
[2024-10-09T11:18:16.492+0700] {processor.py:179} INFO - Processing /home/hasyidan/venv/lib/python3.8/site-packages/airflow/example_dags/example_time_delta_sensor_async.py took 0.363 seconds
[2024-10-09T11:19:18.506+0700] {processor.py:157} INFO - Started process (PID=5497) to work on /home/hasyidan/venv/lib/python3.8/site-packages/airflow/example_dags/example_time_delta_sensor_async.py
[2024-10-09T11:19:18.541+0700] {processor.py:826} INFO - Processing file /home/hasyidan/venv/lib/python3.8/site-packages/airflow/example_dags/example_time_delta_sensor_async.py for tasks to queue
[2024-10-09T11:19:18.543+0700] {logging_mixin.py:149} INFO - [2024-10-09T11:19:18.543+0700] {dagbag.py:541} INFO - Filling up the DagBag from /home/hasyidan/venv/lib/python3.8/site-packages/airflow/example_dags/example_time_delta_sensor_async.py
[2024-10-09T11:19:18.560+0700] {processor.py:836} INFO - DAG(s) dict_keys(['example_time_delta_sensor_async']) retrieved from /home/hasyidan/venv/lib/python3.8/site-packages/airflow/example_dags/example_time_delta_sensor_async.py
[2024-10-09T11:19:18.636+0700] {logging_mixin.py:149} INFO - [2024-10-09T11:19:18.636+0700] {dag.py:2726} INFO - Sync 1 DAGs
[2024-10-09T11:19:18.705+0700] {logging_mixin.py:149} INFO - [2024-10-09T11:19:18.705+0700] {dag.py:3486} INFO - Setting next_dagrun for example_time_delta_sensor_async to None, run_after=None
[2024-10-09T11:19:18.865+0700] {processor.py:179} INFO - Processing /home/hasyidan/venv/lib/python3.8/site-packages/airflow/example_dags/example_time_delta_sensor_async.py took 0.372 seconds
[2024-10-09T11:20:23.300+0700] {processor.py:157} INFO - Started process (PID=5569) to work on /home/hasyidan/venv/lib/python3.8/site-packages/airflow/example_dags/example_time_delta_sensor_async.py
[2024-10-09T11:20:23.343+0700] {processor.py:826} INFO - Processing file /home/hasyidan/venv/lib/python3.8/site-packages/airflow/example_dags/example_time_delta_sensor_async.py for tasks to queue
[2024-10-09T11:20:23.345+0700] {logging_mixin.py:149} INFO - [2024-10-09T11:20:23.345+0700] {dagbag.py:541} INFO - Filling up the DagBag from /home/hasyidan/venv/lib/python3.8/site-packages/airflow/example_dags/example_time_delta_sensor_async.py
[2024-10-09T11:20:23.366+0700] {processor.py:836} INFO - DAG(s) dict_keys(['example_time_delta_sensor_async']) retrieved from /home/hasyidan/venv/lib/python3.8/site-packages/airflow/example_dags/example_time_delta_sensor_async.py
[2024-10-09T11:20:23.492+0700] {logging_mixin.py:149} INFO - [2024-10-09T11:20:23.492+0700] {dag.py:2726} INFO - Sync 1 DAGs
[2024-10-09T11:20:23.593+0700] {logging_mixin.py:149} INFO - [2024-10-09T11:20:23.589+0700] {dag.py:3486} INFO - Setting next_dagrun for example_time_delta_sensor_async to None, run_after=None
[2024-10-09T11:20:23.800+0700] {processor.py:179} INFO - Processing /home/hasyidan/venv/lib/python3.8/site-packages/airflow/example_dags/example_time_delta_sensor_async.py took 0.526 seconds
[2024-10-09T11:21:31.239+0700] {processor.py:157} INFO - Started process (PID=5638) to work on /home/hasyidan/venv/lib/python3.8/site-packages/airflow/example_dags/example_time_delta_sensor_async.py
[2024-10-09T11:21:31.250+0700] {processor.py:826} INFO - Processing file /home/hasyidan/venv/lib/python3.8/site-packages/airflow/example_dags/example_time_delta_sensor_async.py for tasks to queue
[2024-10-09T11:21:31.251+0700] {logging_mixin.py:149} INFO - [2024-10-09T11:21:31.251+0700] {dagbag.py:541} INFO - Filling up the DagBag from /home/hasyidan/venv/lib/python3.8/site-packages/airflow/example_dags/example_time_delta_sensor_async.py
[2024-10-09T11:21:31.268+0700] {processor.py:836} INFO - DAG(s) dict_keys(['example_time_delta_sensor_async']) retrieved from /home/hasyidan/venv/lib/python3.8/site-packages/airflow/example_dags/example_time_delta_sensor_async.py
[2024-10-09T11:21:31.330+0700] {logging_mixin.py:149} INFO - [2024-10-09T11:21:31.330+0700] {dag.py:2726} INFO - Sync 1 DAGs
[2024-10-09T11:21:31.402+0700] {logging_mixin.py:149} INFO - [2024-10-09T11:21:31.401+0700] {dag.py:3486} INFO - Setting next_dagrun for example_time_delta_sensor_async to None, run_after=None
[2024-10-09T11:21:31.529+0700] {processor.py:179} INFO - Processing /home/hasyidan/venv/lib/python3.8/site-packages/airflow/example_dags/example_time_delta_sensor_async.py took 0.302 seconds
[2024-10-09T11:22:33.963+0700] {processor.py:157} INFO - Started process (PID=5701) to work on /home/hasyidan/venv/lib/python3.8/site-packages/airflow/example_dags/example_time_delta_sensor_async.py
[2024-10-09T11:22:33.999+0700] {processor.py:826} INFO - Processing file /home/hasyidan/venv/lib/python3.8/site-packages/airflow/example_dags/example_time_delta_sensor_async.py for tasks to queue
[2024-10-09T11:22:34.001+0700] {logging_mixin.py:149} INFO - [2024-10-09T11:22:34.001+0700] {dagbag.py:541} INFO - Filling up the DagBag from /home/hasyidan/venv/lib/python3.8/site-packages/airflow/example_dags/example_time_delta_sensor_async.py
[2024-10-09T11:22:34.020+0700] {processor.py:836} INFO - DAG(s) dict_keys(['example_time_delta_sensor_async']) retrieved from /home/hasyidan/venv/lib/python3.8/site-packages/airflow/example_dags/example_time_delta_sensor_async.py
[2024-10-09T11:22:34.099+0700] {logging_mixin.py:149} INFO - [2024-10-09T11:22:34.096+0700] {dag.py:2726} INFO - Sync 1 DAGs
[2024-10-09T11:22:34.173+0700] {logging_mixin.py:149} INFO - [2024-10-09T11:22:34.173+0700] {dag.py:3486} INFO - Setting next_dagrun for example_time_delta_sensor_async to None, run_after=None
[2024-10-09T11:22:34.333+0700] {processor.py:179} INFO - Processing /home/hasyidan/venv/lib/python3.8/site-packages/airflow/example_dags/example_time_delta_sensor_async.py took 0.378 seconds
[2024-10-09T11:23:41.341+0700] {processor.py:157} INFO - Started process (PID=5768) to work on /home/hasyidan/venv/lib/python3.8/site-packages/airflow/example_dags/example_time_delta_sensor_async.py
[2024-10-09T11:23:41.377+0700] {processor.py:826} INFO - Processing file /home/hasyidan/venv/lib/python3.8/site-packages/airflow/example_dags/example_time_delta_sensor_async.py for tasks to queue
[2024-10-09T11:23:41.379+0700] {logging_mixin.py:149} INFO - [2024-10-09T11:23:41.379+0700] {dagbag.py:541} INFO - Filling up the DagBag from /home/hasyidan/venv/lib/python3.8/site-packages/airflow/example_dags/example_time_delta_sensor_async.py
[2024-10-09T11:23:41.389+0700] {processor.py:836} INFO - DAG(s) dict_keys(['example_time_delta_sensor_async']) retrieved from /home/hasyidan/venv/lib/python3.8/site-packages/airflow/example_dags/example_time_delta_sensor_async.py
[2024-10-09T11:23:41.439+0700] {logging_mixin.py:149} INFO - [2024-10-09T11:23:41.438+0700] {dag.py:2726} INFO - Sync 1 DAGs
[2024-10-09T11:23:41.498+0700] {logging_mixin.py:149} INFO - [2024-10-09T11:23:41.498+0700] {dag.py:3486} INFO - Setting next_dagrun for example_time_delta_sensor_async to None, run_after=None
[2024-10-09T11:23:41.640+0700] {processor.py:179} INFO - Processing /home/hasyidan/venv/lib/python3.8/site-packages/airflow/example_dags/example_time_delta_sensor_async.py took 0.310 seconds
[2024-10-09T11:24:48.169+0700] {processor.py:157} INFO - Started process (PID=5836) to work on /home/hasyidan/venv/lib/python3.8/site-packages/airflow/example_dags/example_time_delta_sensor_async.py
[2024-10-09T11:24:48.220+0700] {processor.py:826} INFO - Processing file /home/hasyidan/venv/lib/python3.8/site-packages/airflow/example_dags/example_time_delta_sensor_async.py for tasks to queue
[2024-10-09T11:24:48.222+0700] {logging_mixin.py:149} INFO - [2024-10-09T11:24:48.221+0700] {dagbag.py:541} INFO - Filling up the DagBag from /home/hasyidan/venv/lib/python3.8/site-packages/airflow/example_dags/example_time_delta_sensor_async.py
[2024-10-09T11:24:48.233+0700] {processor.py:836} INFO - DAG(s) dict_keys(['example_time_delta_sensor_async']) retrieved from /home/hasyidan/venv/lib/python3.8/site-packages/airflow/example_dags/example_time_delta_sensor_async.py
[2024-10-09T11:24:48.313+0700] {logging_mixin.py:149} INFO - [2024-10-09T11:24:48.313+0700] {dag.py:2726} INFO - Sync 1 DAGs
[2024-10-09T11:24:48.402+0700] {logging_mixin.py:149} INFO - [2024-10-09T11:24:48.401+0700] {dag.py:3486} INFO - Setting next_dagrun for example_time_delta_sensor_async to None, run_after=None
[2024-10-09T11:24:48.544+0700] {processor.py:179} INFO - Processing /home/hasyidan/venv/lib/python3.8/site-packages/airflow/example_dags/example_time_delta_sensor_async.py took 0.383 seconds
[2024-10-09T11:25:56.873+0700] {processor.py:157} INFO - Started process (PID=5912) to work on /home/hasyidan/venv/lib/python3.8/site-packages/airflow/example_dags/example_time_delta_sensor_async.py
[2024-10-09T11:25:56.925+0700] {processor.py:826} INFO - Processing file /home/hasyidan/venv/lib/python3.8/site-packages/airflow/example_dags/example_time_delta_sensor_async.py for tasks to queue
[2024-10-09T11:25:56.927+0700] {logging_mixin.py:149} INFO - [2024-10-09T11:25:56.926+0700] {dagbag.py:541} INFO - Filling up the DagBag from /home/hasyidan/venv/lib/python3.8/site-packages/airflow/example_dags/example_time_delta_sensor_async.py
[2024-10-09T11:25:56.942+0700] {processor.py:836} INFO - DAG(s) dict_keys(['example_time_delta_sensor_async']) retrieved from /home/hasyidan/venv/lib/python3.8/site-packages/airflow/example_dags/example_time_delta_sensor_async.py
[2024-10-09T11:25:57.054+0700] {logging_mixin.py:149} INFO - [2024-10-09T11:25:57.053+0700] {dag.py:2726} INFO - Sync 1 DAGs
[2024-10-09T11:25:57.133+0700] {logging_mixin.py:149} INFO - [2024-10-09T11:25:57.132+0700] {dag.py:3486} INFO - Setting next_dagrun for example_time_delta_sensor_async to None, run_after=None
[2024-10-09T11:25:58.581+0700] {processor.py:179} INFO - Processing /home/hasyidan/venv/lib/python3.8/site-packages/airflow/example_dags/example_time_delta_sensor_async.py took 1.720 seconds
[2024-10-09T11:27:45.257+0700] {processor.py:157} INFO - Started process (PID=5982) to work on /home/hasyidan/venv/lib/python3.8/site-packages/airflow/example_dags/example_time_delta_sensor_async.py
[2024-10-09T11:27:45.337+0700] {processor.py:826} INFO - Processing file /home/hasyidan/venv/lib/python3.8/site-packages/airflow/example_dags/example_time_delta_sensor_async.py for tasks to queue
[2024-10-09T11:27:45.339+0700] {logging_mixin.py:149} INFO - [2024-10-09T11:27:45.338+0700] {dagbag.py:541} INFO - Filling up the DagBag from /home/hasyidan/venv/lib/python3.8/site-packages/airflow/example_dags/example_time_delta_sensor_async.py
[2024-10-09T11:27:45.427+0700] {processor.py:836} INFO - DAG(s) dict_keys(['example_time_delta_sensor_async']) retrieved from /home/hasyidan/venv/lib/python3.8/site-packages/airflow/example_dags/example_time_delta_sensor_async.py
[2024-10-09T11:27:45.685+0700] {logging_mixin.py:149} INFO - [2024-10-09T11:27:45.685+0700] {dag.py:2726} INFO - Sync 1 DAGs
[2024-10-09T11:27:46.333+0700] {logging_mixin.py:149} INFO - [2024-10-09T11:27:46.333+0700] {dag.py:3486} INFO - Setting next_dagrun for example_time_delta_sensor_async to None, run_after=None
[2024-10-09T11:27:46.890+0700] {processor.py:179} INFO - Processing /home/hasyidan/venv/lib/python3.8/site-packages/airflow/example_dags/example_time_delta_sensor_async.py took 1.645 seconds
[2024-10-09T11:29:30.143+0700] {processor.py:157} INFO - Started process (PID=6050) to work on /home/hasyidan/venv/lib/python3.8/site-packages/airflow/example_dags/example_time_delta_sensor_async.py
[2024-10-09T11:29:30.164+0700] {processor.py:826} INFO - Processing file /home/hasyidan/venv/lib/python3.8/site-packages/airflow/example_dags/example_time_delta_sensor_async.py for tasks to queue
[2024-10-09T11:29:30.167+0700] {logging_mixin.py:149} INFO - [2024-10-09T11:29:30.166+0700] {dagbag.py:541} INFO - Filling up the DagBag from /home/hasyidan/venv/lib/python3.8/site-packages/airflow/example_dags/example_time_delta_sensor_async.py
[2024-10-09T11:29:30.185+0700] {processor.py:836} INFO - DAG(s) dict_keys(['example_time_delta_sensor_async']) retrieved from /home/hasyidan/venv/lib/python3.8/site-packages/airflow/example_dags/example_time_delta_sensor_async.py
[2024-10-09T11:29:30.279+0700] {logging_mixin.py:149} INFO - [2024-10-09T11:29:30.278+0700] {dag.py:2726} INFO - Sync 1 DAGs
[2024-10-09T11:29:30.695+0700] {logging_mixin.py:149} INFO - [2024-10-09T11:29:30.694+0700] {dag.py:3486} INFO - Setting next_dagrun for example_time_delta_sensor_async to None, run_after=None
[2024-10-09T11:29:30.935+0700] {processor.py:179} INFO - Processing /home/hasyidan/venv/lib/python3.8/site-packages/airflow/example_dags/example_time_delta_sensor_async.py took 0.805 seconds
[2024-10-09T11:34:23.163+0700] {processor.py:157} INFO - Started process (PID=6531) to work on /home/hasyidan/venv/lib/python3.8/site-packages/airflow/example_dags/example_time_delta_sensor_async.py
[2024-10-09T11:34:23.226+0700] {processor.py:826} INFO - Processing file /home/hasyidan/venv/lib/python3.8/site-packages/airflow/example_dags/example_time_delta_sensor_async.py for tasks to queue
[2024-10-09T11:34:23.229+0700] {logging_mixin.py:149} INFO - [2024-10-09T11:34:23.228+0700] {dagbag.py:541} INFO - Filling up the DagBag from /home/hasyidan/venv/lib/python3.8/site-packages/airflow/example_dags/example_time_delta_sensor_async.py
[2024-10-09T11:34:23.356+0700] {processor.py:836} INFO - DAG(s) dict_keys(['example_time_delta_sensor_async']) retrieved from /home/hasyidan/venv/lib/python3.8/site-packages/airflow/example_dags/example_time_delta_sensor_async.py
[2024-10-09T11:34:23.705+0700] {logging_mixin.py:149} INFO - [2024-10-09T11:34:23.705+0700] {dag.py:2726} INFO - Sync 1 DAGs
[2024-10-09T11:34:23.749+0700] {logging_mixin.py:149} INFO - [2024-10-09T11:34:23.749+0700] {dag.py:3486} INFO - Setting next_dagrun for example_time_delta_sensor_async to None, run_after=None
[2024-10-09T11:34:24.287+0700] {processor.py:179} INFO - Processing /home/hasyidan/venv/lib/python3.8/site-packages/airflow/example_dags/example_time_delta_sensor_async.py took 1.132 seconds
[2024-10-09T11:35:34.139+0700] {processor.py:157} INFO - Started process (PID=6605) to work on /home/hasyidan/venv/lib/python3.8/site-packages/airflow/example_dags/example_time_delta_sensor_async.py
[2024-10-09T11:35:34.170+0700] {processor.py:826} INFO - Processing file /home/hasyidan/venv/lib/python3.8/site-packages/airflow/example_dags/example_time_delta_sensor_async.py for tasks to queue
[2024-10-09T11:35:34.173+0700] {logging_mixin.py:149} INFO - [2024-10-09T11:35:34.173+0700] {dagbag.py:541} INFO - Filling up the DagBag from /home/hasyidan/venv/lib/python3.8/site-packages/airflow/example_dags/example_time_delta_sensor_async.py
[2024-10-09T11:35:34.248+0700] {processor.py:836} INFO - DAG(s) dict_keys(['example_time_delta_sensor_async']) retrieved from /home/hasyidan/venv/lib/python3.8/site-packages/airflow/example_dags/example_time_delta_sensor_async.py
[2024-10-09T11:35:34.296+0700] {logging_mixin.py:149} INFO - [2024-10-09T11:35:34.295+0700] {dag.py:2726} INFO - Sync 1 DAGs
[2024-10-09T11:35:34.351+0700] {logging_mixin.py:149} INFO - [2024-10-09T11:35:34.351+0700] {dag.py:3486} INFO - Setting next_dagrun for example_time_delta_sensor_async to None, run_after=None
[2024-10-09T11:35:34.639+0700] {processor.py:179} INFO - Processing /home/hasyidan/venv/lib/python3.8/site-packages/airflow/example_dags/example_time_delta_sensor_async.py took 0.509 seconds
[2024-10-09T11:39:25.473+0700] {processor.py:157} INFO - Started process (PID=6888) to work on /home/hasyidan/venv/lib/python3.8/site-packages/airflow/example_dags/example_time_delta_sensor_async.py
[2024-10-09T11:39:25.601+0700] {processor.py:826} INFO - Processing file /home/hasyidan/venv/lib/python3.8/site-packages/airflow/example_dags/example_time_delta_sensor_async.py for tasks to queue
[2024-10-09T11:39:25.603+0700] {logging_mixin.py:149} INFO - [2024-10-09T11:39:25.603+0700] {dagbag.py:541} INFO - Filling up the DagBag from /home/hasyidan/venv/lib/python3.8/site-packages/airflow/example_dags/example_time_delta_sensor_async.py
[2024-10-09T11:39:25.614+0700] {processor.py:836} INFO - DAG(s) dict_keys(['example_time_delta_sensor_async']) retrieved from /home/hasyidan/venv/lib/python3.8/site-packages/airflow/example_dags/example_time_delta_sensor_async.py
[2024-10-09T11:39:26.102+0700] {logging_mixin.py:149} INFO - [2024-10-09T11:39:26.101+0700] {dag.py:2726} INFO - Sync 1 DAGs
[2024-10-09T11:39:26.165+0700] {logging_mixin.py:149} INFO - [2024-10-09T11:39:26.164+0700] {dag.py:3486} INFO - Setting next_dagrun for example_time_delta_sensor_async to None, run_after=None
[2024-10-09T11:39:26.529+0700] {processor.py:179} INFO - Processing /home/hasyidan/venv/lib/python3.8/site-packages/airflow/example_dags/example_time_delta_sensor_async.py took 1.067 seconds
