[2024-10-09T10:59:09.564+0700] {processor.py:157} INFO - Started process (PID=3947) to work on /home/hasyidan/venv/lib/python3.8/site-packages/airflow/example_dags/example_external_task_marker_dag.py
[2024-10-09T10:59:09.566+0700] {processor.py:826} INFO - Processing file /home/hasyidan/venv/lib/python3.8/site-packages/airflow/example_dags/example_external_task_marker_dag.py for tasks to queue
[2024-10-09T10:59:09.568+0700] {logging_mixin.py:149} INFO - [2024-10-09T10:59:09.567+0700] {dagbag.py:541} INFO - Filling up the DagBag from /home/hasyidan/venv/lib/python3.8/site-packages/airflow/example_dags/example_external_task_marker_dag.py
[2024-10-09T10:59:09.595+0700] {processor.py:836} INFO - DAG(s) dict_keys(['example_external_task_marker_parent', 'example_external_task_marker_child']) retrieved from /home/hasyidan/venv/lib/python3.8/site-packages/airflow/example_dags/example_external_task_marker_dag.py
[2024-10-09T10:59:09.913+0700] {logging_mixin.py:149} INFO - [2024-10-09T10:59:09.912+0700] {dag.py:2726} INFO - Sync 2 DAGs
[2024-10-09T10:59:09.958+0700] {logging_mixin.py:149} INFO - [2024-10-09T10:59:09.958+0700] {dag.py:3486} INFO - Setting next_dagrun for example_external_task_marker_child to None, run_after=None
[2024-10-09T10:59:09.965+0700] {logging_mixin.py:149} INFO - [2024-10-09T10:59:09.965+0700] {dag.py:3486} INFO - Setting next_dagrun for example_external_task_marker_parent to None, run_after=None
[2024-10-09T10:59:10.488+0700] {processor.py:179} INFO - Processing /home/hasyidan/venv/lib/python3.8/site-packages/airflow/example_dags/example_external_task_marker_dag.py took 0.934 seconds
[2024-10-09T11:01:09.289+0700] {processor.py:157} INFO - Started process (PID=4127) to work on /home/hasyidan/venv/lib/python3.8/site-packages/airflow/example_dags/example_external_task_marker_dag.py
[2024-10-09T11:01:09.308+0700] {processor.py:826} INFO - Processing file /home/hasyidan/venv/lib/python3.8/site-packages/airflow/example_dags/example_external_task_marker_dag.py for tasks to queue
[2024-10-09T11:01:09.313+0700] {logging_mixin.py:149} INFO - [2024-10-09T11:01:09.311+0700] {dagbag.py:541} INFO - Filling up the DagBag from /home/hasyidan/venv/lib/python3.8/site-packages/airflow/example_dags/example_external_task_marker_dag.py
[2024-10-09T11:01:09.339+0700] {processor.py:836} INFO - DAG(s) dict_keys(['example_external_task_marker_child', 'example_external_task_marker_parent']) retrieved from /home/hasyidan/venv/lib/python3.8/site-packages/airflow/example_dags/example_external_task_marker_dag.py
[2024-10-09T11:01:09.394+0700] {logging_mixin.py:149} INFO - [2024-10-09T11:01:09.393+0700] {dag.py:2726} INFO - Sync 2 DAGs
[2024-10-09T11:01:09.658+0700] {logging_mixin.py:149} INFO - [2024-10-09T11:01:09.658+0700] {dag.py:3486} INFO - Setting next_dagrun for example_external_task_marker_child to None, run_after=None
[2024-10-09T11:01:09.665+0700] {logging_mixin.py:149} INFO - [2024-10-09T11:01:09.665+0700] {dag.py:3486} INFO - Setting next_dagrun for example_external_task_marker_parent to None, run_after=None
[2024-10-09T11:01:09.920+0700] {processor.py:179} INFO - Processing /home/hasyidan/venv/lib/python3.8/site-packages/airflow/example_dags/example_external_task_marker_dag.py took 0.642 seconds
[2024-10-09T11:02:28.545+0700] {processor.py:157} INFO - Started process (PID=4199) to work on /home/hasyidan/venv/lib/python3.8/site-packages/airflow/example_dags/example_external_task_marker_dag.py
[2024-10-09T11:02:28.546+0700] {processor.py:826} INFO - Processing file /home/hasyidan/venv/lib/python3.8/site-packages/airflow/example_dags/example_external_task_marker_dag.py for tasks to queue
[2024-10-09T11:02:28.548+0700] {logging_mixin.py:149} INFO - [2024-10-09T11:02:28.547+0700] {dagbag.py:541} INFO - Filling up the DagBag from /home/hasyidan/venv/lib/python3.8/site-packages/airflow/example_dags/example_external_task_marker_dag.py
[2024-10-09T11:02:28.559+0700] {processor.py:836} INFO - DAG(s) dict_keys(['example_external_task_marker_child', 'example_external_task_marker_parent']) retrieved from /home/hasyidan/venv/lib/python3.8/site-packages/airflow/example_dags/example_external_task_marker_dag.py
[2024-10-09T11:02:28.605+0700] {logging_mixin.py:149} INFO - [2024-10-09T11:02:28.605+0700] {dag.py:2726} INFO - Sync 2 DAGs
[2024-10-09T11:02:28.650+0700] {logging_mixin.py:149} INFO - [2024-10-09T11:02:28.650+0700] {dag.py:3486} INFO - Setting next_dagrun for example_external_task_marker_child to None, run_after=None
[2024-10-09T11:02:28.657+0700] {logging_mixin.py:149} INFO - [2024-10-09T11:02:28.657+0700] {dag.py:3486} INFO - Setting next_dagrun for example_external_task_marker_parent to None, run_after=None
[2024-10-09T11:02:28.899+0700] {processor.py:179} INFO - Processing /home/hasyidan/venv/lib/python3.8/site-packages/airflow/example_dags/example_external_task_marker_dag.py took 0.362 seconds
[2024-10-09T11:03:27.162+0700] {processor.py:157} INFO - Started process (PID=4254) to work on /home/hasyidan/venv/lib/python3.8/site-packages/airflow/example_dags/example_external_task_marker_dag.py
[2024-10-09T11:03:27.187+0700] {processor.py:826} INFO - Processing file /home/hasyidan/venv/lib/python3.8/site-packages/airflow/example_dags/example_external_task_marker_dag.py for tasks to queue
[2024-10-09T11:03:27.190+0700] {logging_mixin.py:149} INFO - [2024-10-09T11:03:27.189+0700] {dagbag.py:541} INFO - Filling up the DagBag from /home/hasyidan/venv/lib/python3.8/site-packages/airflow/example_dags/example_external_task_marker_dag.py
[2024-10-09T11:03:27.207+0700] {processor.py:836} INFO - DAG(s) dict_keys(['example_external_task_marker_child', 'example_external_task_marker_parent']) retrieved from /home/hasyidan/venv/lib/python3.8/site-packages/airflow/example_dags/example_external_task_marker_dag.py
[2024-10-09T11:03:27.252+0700] {logging_mixin.py:149} INFO - [2024-10-09T11:03:27.251+0700] {dag.py:2726} INFO - Sync 2 DAGs
[2024-10-09T11:03:27.294+0700] {logging_mixin.py:149} INFO - [2024-10-09T11:03:27.294+0700] {dag.py:3486} INFO - Setting next_dagrun for example_external_task_marker_child to None, run_after=None
[2024-10-09T11:03:27.301+0700] {logging_mixin.py:149} INFO - [2024-10-09T11:03:27.300+0700] {dag.py:3486} INFO - Setting next_dagrun for example_external_task_marker_parent to None, run_after=None
[2024-10-09T11:03:27.437+0700] {processor.py:179} INFO - Processing /home/hasyidan/venv/lib/python3.8/site-packages/airflow/example_dags/example_external_task_marker_dag.py took 0.282 seconds
[2024-10-09T11:04:24.409+0700] {processor.py:157} INFO - Started process (PID=4310) to work on /home/hasyidan/venv/lib/python3.8/site-packages/airflow/example_dags/example_external_task_marker_dag.py
[2024-10-09T11:04:24.437+0700] {processor.py:826} INFO - Processing file /home/hasyidan/venv/lib/python3.8/site-packages/airflow/example_dags/example_external_task_marker_dag.py for tasks to queue
[2024-10-09T11:04:24.440+0700] {logging_mixin.py:149} INFO - [2024-10-09T11:04:24.439+0700] {dagbag.py:541} INFO - Filling up the DagBag from /home/hasyidan/venv/lib/python3.8/site-packages/airflow/example_dags/example_external_task_marker_dag.py
[2024-10-09T11:04:24.455+0700] {processor.py:836} INFO - DAG(s) dict_keys(['example_external_task_marker_parent', 'example_external_task_marker_child']) retrieved from /home/hasyidan/venv/lib/python3.8/site-packages/airflow/example_dags/example_external_task_marker_dag.py
[2024-10-09T11:04:24.501+0700] {logging_mixin.py:149} INFO - [2024-10-09T11:04:24.501+0700] {dag.py:2726} INFO - Sync 2 DAGs
[2024-10-09T11:04:24.546+0700] {logging_mixin.py:149} INFO - [2024-10-09T11:04:24.546+0700] {dag.py:3486} INFO - Setting next_dagrun for example_external_task_marker_child to None, run_after=None
[2024-10-09T11:04:24.553+0700] {logging_mixin.py:149} INFO - [2024-10-09T11:04:24.552+0700] {dag.py:3486} INFO - Setting next_dagrun for example_external_task_marker_parent to None, run_after=None
[2024-10-09T11:04:24.671+0700] {processor.py:179} INFO - Processing /home/hasyidan/venv/lib/python3.8/site-packages/airflow/example_dags/example_external_task_marker_dag.py took 0.267 seconds
[2024-10-09T11:07:19.279+0700] {processor.py:157} INFO - Started process (PID=4610) to work on /home/hasyidan/venv/lib/python3.8/site-packages/airflow/example_dags/example_external_task_marker_dag.py
[2024-10-09T11:07:19.284+0700] {processor.py:826} INFO - Processing file /home/hasyidan/venv/lib/python3.8/site-packages/airflow/example_dags/example_external_task_marker_dag.py for tasks to queue
[2024-10-09T11:07:19.285+0700] {logging_mixin.py:149} INFO - [2024-10-09T11:07:19.285+0700] {dagbag.py:541} INFO - Filling up the DagBag from /home/hasyidan/venv/lib/python3.8/site-packages/airflow/example_dags/example_external_task_marker_dag.py
[2024-10-09T11:07:19.298+0700] {processor.py:836} INFO - DAG(s) dict_keys(['example_external_task_marker_child', 'example_external_task_marker_parent']) retrieved from /home/hasyidan/venv/lib/python3.8/site-packages/airflow/example_dags/example_external_task_marker_dag.py
[2024-10-09T11:07:19.356+0700] {logging_mixin.py:149} INFO - [2024-10-09T11:07:19.356+0700] {dag.py:2726} INFO - Sync 2 DAGs
[2024-10-09T11:07:19.402+0700] {logging_mixin.py:149} INFO - [2024-10-09T11:07:19.402+0700] {dag.py:3486} INFO - Setting next_dagrun for example_external_task_marker_child to None, run_after=None
[2024-10-09T11:07:19.409+0700] {logging_mixin.py:149} INFO - [2024-10-09T11:07:19.409+0700] {dag.py:3486} INFO - Setting next_dagrun for example_external_task_marker_parent to None, run_after=None
[2024-10-09T11:07:19.548+0700] {processor.py:179} INFO - Processing /home/hasyidan/venv/lib/python3.8/site-packages/airflow/example_dags/example_external_task_marker_dag.py took 0.275 seconds
[2024-10-09T11:08:23.076+0700] {processor.py:157} INFO - Started process (PID=4679) to work on /home/hasyidan/venv/lib/python3.8/site-packages/airflow/example_dags/example_external_task_marker_dag.py
[2024-10-09T11:08:23.124+0700] {processor.py:826} INFO - Processing file /home/hasyidan/venv/lib/python3.8/site-packages/airflow/example_dags/example_external_task_marker_dag.py for tasks to queue
[2024-10-09T11:08:23.127+0700] {logging_mixin.py:149} INFO - [2024-10-09T11:08:23.126+0700] {dagbag.py:541} INFO - Filling up the DagBag from /home/hasyidan/venv/lib/python3.8/site-packages/airflow/example_dags/example_external_task_marker_dag.py
[2024-10-09T11:08:23.140+0700] {processor.py:836} INFO - DAG(s) dict_keys(['example_external_task_marker_parent', 'example_external_task_marker_child']) retrieved from /home/hasyidan/venv/lib/python3.8/site-packages/airflow/example_dags/example_external_task_marker_dag.py
[2024-10-09T11:08:23.185+0700] {logging_mixin.py:149} INFO - [2024-10-09T11:08:23.185+0700] {dag.py:2726} INFO - Sync 2 DAGs
[2024-10-09T11:08:23.227+0700] {logging_mixin.py:149} INFO - [2024-10-09T11:08:23.227+0700] {dag.py:3486} INFO - Setting next_dagrun for example_external_task_marker_child to None, run_after=None
[2024-10-09T11:08:23.234+0700] {logging_mixin.py:149} INFO - [2024-10-09T11:08:23.234+0700] {dag.py:3486} INFO - Setting next_dagrun for example_external_task_marker_parent to None, run_after=None
[2024-10-09T11:08:23.350+0700] {processor.py:179} INFO - Processing /home/hasyidan/venv/lib/python3.8/site-packages/airflow/example_dags/example_external_task_marker_dag.py took 0.280 seconds
[2024-10-09T11:09:20.647+0700] {processor.py:157} INFO - Started process (PID=4734) to work on /home/hasyidan/venv/lib/python3.8/site-packages/airflow/example_dags/example_external_task_marker_dag.py
[2024-10-09T11:09:20.666+0700] {processor.py:826} INFO - Processing file /home/hasyidan/venv/lib/python3.8/site-packages/airflow/example_dags/example_external_task_marker_dag.py for tasks to queue
[2024-10-09T11:09:20.669+0700] {logging_mixin.py:149} INFO - [2024-10-09T11:09:20.668+0700] {dagbag.py:541} INFO - Filling up the DagBag from /home/hasyidan/venv/lib/python3.8/site-packages/airflow/example_dags/example_external_task_marker_dag.py
[2024-10-09T11:09:20.684+0700] {processor.py:836} INFO - DAG(s) dict_keys(['example_external_task_marker_child', 'example_external_task_marker_parent']) retrieved from /home/hasyidan/venv/lib/python3.8/site-packages/airflow/example_dags/example_external_task_marker_dag.py
[2024-10-09T11:09:20.728+0700] {logging_mixin.py:149} INFO - [2024-10-09T11:09:20.728+0700] {dag.py:2726} INFO - Sync 2 DAGs
[2024-10-09T11:09:20.771+0700] {logging_mixin.py:149} INFO - [2024-10-09T11:09:20.771+0700] {dag.py:3486} INFO - Setting next_dagrun for example_external_task_marker_child to None, run_after=None
[2024-10-09T11:09:20.778+0700] {logging_mixin.py:149} INFO - [2024-10-09T11:09:20.778+0700] {dag.py:3486} INFO - Setting next_dagrun for example_external_task_marker_parent to None, run_after=None
[2024-10-09T11:09:20.881+0700] {processor.py:179} INFO - Processing /home/hasyidan/venv/lib/python3.8/site-packages/airflow/example_dags/example_external_task_marker_dag.py took 0.241 seconds
[2024-10-09T11:10:12.762+0700] {processor.py:157} INFO - Started process (PID=4783) to work on /home/hasyidan/venv/lib/python3.8/site-packages/airflow/example_dags/example_external_task_marker_dag.py
[2024-10-09T11:10:12.763+0700] {processor.py:826} INFO - Processing file /home/hasyidan/venv/lib/python3.8/site-packages/airflow/example_dags/example_external_task_marker_dag.py for tasks to queue
[2024-10-09T11:10:12.765+0700] {logging_mixin.py:149} INFO - [2024-10-09T11:10:12.765+0700] {dagbag.py:541} INFO - Filling up the DagBag from /home/hasyidan/venv/lib/python3.8/site-packages/airflow/example_dags/example_external_task_marker_dag.py
[2024-10-09T11:10:12.776+0700] {processor.py:836} INFO - DAG(s) dict_keys(['example_external_task_marker_parent', 'example_external_task_marker_child']) retrieved from /home/hasyidan/venv/lib/python3.8/site-packages/airflow/example_dags/example_external_task_marker_dag.py
[2024-10-09T11:10:12.822+0700] {logging_mixin.py:149} INFO - [2024-10-09T11:10:12.821+0700] {dag.py:2726} INFO - Sync 2 DAGs
[2024-10-09T11:10:12.864+0700] {logging_mixin.py:149} INFO - [2024-10-09T11:10:12.863+0700] {dag.py:3486} INFO - Setting next_dagrun for example_external_task_marker_child to None, run_after=None
[2024-10-09T11:10:12.871+0700] {logging_mixin.py:149} INFO - [2024-10-09T11:10:12.870+0700] {dag.py:3486} INFO - Setting next_dagrun for example_external_task_marker_parent to None, run_after=None
[2024-10-09T11:10:12.986+0700] {processor.py:179} INFO - Processing /home/hasyidan/venv/lib/python3.8/site-packages/airflow/example_dags/example_external_task_marker_dag.py took 0.230 seconds
[2024-10-09T11:11:03.557+0700] {processor.py:157} INFO - Started process (PID=4847) to work on /home/hasyidan/venv/lib/python3.8/site-packages/airflow/example_dags/example_external_task_marker_dag.py
[2024-10-09T11:11:03.576+0700] {processor.py:826} INFO - Processing file /home/hasyidan/venv/lib/python3.8/site-packages/airflow/example_dags/example_external_task_marker_dag.py for tasks to queue
[2024-10-09T11:11:03.579+0700] {logging_mixin.py:149} INFO - [2024-10-09T11:11:03.579+0700] {dagbag.py:541} INFO - Filling up the DagBag from /home/hasyidan/venv/lib/python3.8/site-packages/airflow/example_dags/example_external_task_marker_dag.py
[2024-10-09T11:11:03.595+0700] {processor.py:836} INFO - DAG(s) dict_keys(['example_external_task_marker_child', 'example_external_task_marker_parent']) retrieved from /home/hasyidan/venv/lib/python3.8/site-packages/airflow/example_dags/example_external_task_marker_dag.py
[2024-10-09T11:11:03.640+0700] {logging_mixin.py:149} INFO - [2024-10-09T11:11:03.640+0700] {dag.py:2726} INFO - Sync 2 DAGs
[2024-10-09T11:11:03.683+0700] {logging_mixin.py:149} INFO - [2024-10-09T11:11:03.683+0700] {dag.py:3486} INFO - Setting next_dagrun for example_external_task_marker_child to None, run_after=None
[2024-10-09T11:11:03.690+0700] {logging_mixin.py:149} INFO - [2024-10-09T11:11:03.689+0700] {dag.py:3486} INFO - Setting next_dagrun for example_external_task_marker_parent to None, run_after=None
[2024-10-09T11:11:03.802+0700] {processor.py:179} INFO - Processing /home/hasyidan/venv/lib/python3.8/site-packages/airflow/example_dags/example_external_task_marker_dag.py took 0.252 seconds
[2024-10-09T11:11:59.076+0700] {processor.py:157} INFO - Started process (PID=4902) to work on /home/hasyidan/venv/lib/python3.8/site-packages/airflow/example_dags/example_external_task_marker_dag.py
[2024-10-09T11:11:59.090+0700] {processor.py:826} INFO - Processing file /home/hasyidan/venv/lib/python3.8/site-packages/airflow/example_dags/example_external_task_marker_dag.py for tasks to queue
[2024-10-09T11:11:59.093+0700] {logging_mixin.py:149} INFO - [2024-10-09T11:11:59.092+0700] {dagbag.py:541} INFO - Filling up the DagBag from /home/hasyidan/venv/lib/python3.8/site-packages/airflow/example_dags/example_external_task_marker_dag.py
[2024-10-09T11:11:59.107+0700] {processor.py:836} INFO - DAG(s) dict_keys(['example_external_task_marker_parent', 'example_external_task_marker_child']) retrieved from /home/hasyidan/venv/lib/python3.8/site-packages/airflow/example_dags/example_external_task_marker_dag.py
[2024-10-09T11:11:59.153+0700] {logging_mixin.py:149} INFO - [2024-10-09T11:11:59.153+0700] {dag.py:2726} INFO - Sync 2 DAGs
[2024-10-09T11:11:59.195+0700] {logging_mixin.py:149} INFO - [2024-10-09T11:11:59.195+0700] {dag.py:3486} INFO - Setting next_dagrun for example_external_task_marker_child to None, run_after=None
[2024-10-09T11:11:59.202+0700] {logging_mixin.py:149} INFO - [2024-10-09T11:11:59.202+0700] {dag.py:3486} INFO - Setting next_dagrun for example_external_task_marker_parent to None, run_after=None
[2024-10-09T11:11:59.329+0700] {processor.py:179} INFO - Processing /home/hasyidan/venv/lib/python3.8/site-packages/airflow/example_dags/example_external_task_marker_dag.py took 0.259 seconds
[2024-10-09T11:12:50.868+0700] {processor.py:157} INFO - Started process (PID=4961) to work on /home/hasyidan/venv/lib/python3.8/site-packages/airflow/example_dags/example_external_task_marker_dag.py
[2024-10-09T11:12:50.951+0700] {processor.py:826} INFO - Processing file /home/hasyidan/venv/lib/python3.8/site-packages/airflow/example_dags/example_external_task_marker_dag.py for tasks to queue
[2024-10-09T11:12:50.954+0700] {logging_mixin.py:149} INFO - [2024-10-09T11:12:50.953+0700] {dagbag.py:541} INFO - Filling up the DagBag from /home/hasyidan/venv/lib/python3.8/site-packages/airflow/example_dags/example_external_task_marker_dag.py
[2024-10-09T11:12:50.968+0700] {processor.py:836} INFO - DAG(s) dict_keys(['example_external_task_marker_parent', 'example_external_task_marker_child']) retrieved from /home/hasyidan/venv/lib/python3.8/site-packages/airflow/example_dags/example_external_task_marker_dag.py
[2024-10-09T11:12:51.014+0700] {logging_mixin.py:149} INFO - [2024-10-09T11:12:51.014+0700] {dag.py:2726} INFO - Sync 2 DAGs
[2024-10-09T11:12:51.058+0700] {logging_mixin.py:149} INFO - [2024-10-09T11:12:51.058+0700] {dag.py:3486} INFO - Setting next_dagrun for example_external_task_marker_child to None, run_after=None
[2024-10-09T11:12:51.066+0700] {logging_mixin.py:149} INFO - [2024-10-09T11:12:51.066+0700] {dag.py:3486} INFO - Setting next_dagrun for example_external_task_marker_parent to None, run_after=None
[2024-10-09T11:12:51.183+0700] {processor.py:179} INFO - Processing /home/hasyidan/venv/lib/python3.8/site-packages/airflow/example_dags/example_external_task_marker_dag.py took 0.322 seconds
[2024-10-09T11:13:45.163+0700] {processor.py:157} INFO - Started process (PID=5018) to work on /home/hasyidan/venv/lib/python3.8/site-packages/airflow/example_dags/example_external_task_marker_dag.py
[2024-10-09T11:13:45.182+0700] {processor.py:826} INFO - Processing file /home/hasyidan/venv/lib/python3.8/site-packages/airflow/example_dags/example_external_task_marker_dag.py for tasks to queue
[2024-10-09T11:13:45.185+0700] {logging_mixin.py:149} INFO - [2024-10-09T11:13:45.185+0700] {dagbag.py:541} INFO - Filling up the DagBag from /home/hasyidan/venv/lib/python3.8/site-packages/airflow/example_dags/example_external_task_marker_dag.py
[2024-10-09T11:13:45.200+0700] {processor.py:836} INFO - DAG(s) dict_keys(['example_external_task_marker_child', 'example_external_task_marker_parent']) retrieved from /home/hasyidan/venv/lib/python3.8/site-packages/airflow/example_dags/example_external_task_marker_dag.py
[2024-10-09T11:13:45.245+0700] {logging_mixin.py:149} INFO - [2024-10-09T11:13:45.244+0700] {dag.py:2726} INFO - Sync 2 DAGs
[2024-10-09T11:13:45.290+0700] {logging_mixin.py:149} INFO - [2024-10-09T11:13:45.290+0700] {dag.py:3486} INFO - Setting next_dagrun for example_external_task_marker_child to None, run_after=None
[2024-10-09T11:13:45.297+0700] {logging_mixin.py:149} INFO - [2024-10-09T11:13:45.297+0700] {dag.py:3486} INFO - Setting next_dagrun for example_external_task_marker_parent to None, run_after=None
[2024-10-09T11:13:45.415+0700] {processor.py:179} INFO - Processing /home/hasyidan/venv/lib/python3.8/site-packages/airflow/example_dags/example_external_task_marker_dag.py took 0.258 seconds
[2024-10-09T11:15:13.337+0700] {processor.py:157} INFO - Started process (PID=5124) to work on /home/hasyidan/venv/lib/python3.8/site-packages/airflow/example_dags/example_external_task_marker_dag.py
[2024-10-09T11:15:13.454+0700] {processor.py:826} INFO - Processing file /home/hasyidan/venv/lib/python3.8/site-packages/airflow/example_dags/example_external_task_marker_dag.py for tasks to queue
[2024-10-09T11:15:13.457+0700] {logging_mixin.py:149} INFO - [2024-10-09T11:15:13.456+0700] {dagbag.py:541} INFO - Filling up the DagBag from /home/hasyidan/venv/lib/python3.8/site-packages/airflow/example_dags/example_external_task_marker_dag.py
[2024-10-09T11:15:13.472+0700] {processor.py:836} INFO - DAG(s) dict_keys(['example_external_task_marker_parent', 'example_external_task_marker_child']) retrieved from /home/hasyidan/venv/lib/python3.8/site-packages/airflow/example_dags/example_external_task_marker_dag.py
[2024-10-09T11:15:13.555+0700] {logging_mixin.py:149} INFO - [2024-10-09T11:15:13.555+0700] {dag.py:2726} INFO - Sync 2 DAGs
[2024-10-09T11:15:13.599+0700] {logging_mixin.py:149} INFO - [2024-10-09T11:15:13.599+0700] {dag.py:3486} INFO - Setting next_dagrun for example_external_task_marker_child to None, run_after=None
[2024-10-09T11:15:13.619+0700] {logging_mixin.py:149} INFO - [2024-10-09T11:15:13.618+0700] {dag.py:3486} INFO - Setting next_dagrun for example_external_task_marker_parent to None, run_after=None
[2024-10-09T11:15:14.098+0700] {processor.py:179} INFO - Processing /home/hasyidan/venv/lib/python3.8/site-packages/airflow/example_dags/example_external_task_marker_dag.py took 0.767 seconds
[2024-10-09T11:16:50.560+0700] {processor.py:157} INFO - Started process (PID=5347) to work on /home/hasyidan/venv/lib/python3.8/site-packages/airflow/example_dags/example_external_task_marker_dag.py
[2024-10-09T11:16:50.608+0700] {processor.py:826} INFO - Processing file /home/hasyidan/venv/lib/python3.8/site-packages/airflow/example_dags/example_external_task_marker_dag.py for tasks to queue
[2024-10-09T11:16:50.610+0700] {logging_mixin.py:149} INFO - [2024-10-09T11:16:50.610+0700] {dagbag.py:541} INFO - Filling up the DagBag from /home/hasyidan/venv/lib/python3.8/site-packages/airflow/example_dags/example_external_task_marker_dag.py
[2024-10-09T11:16:50.643+0700] {processor.py:836} INFO - DAG(s) dict_keys(['example_external_task_marker_child', 'example_external_task_marker_parent']) retrieved from /home/hasyidan/venv/lib/python3.8/site-packages/airflow/example_dags/example_external_task_marker_dag.py
[2024-10-09T11:16:50.749+0700] {logging_mixin.py:149} INFO - [2024-10-09T11:16:50.743+0700] {dag.py:2726} INFO - Sync 2 DAGs
[2024-10-09T11:16:50.859+0700] {logging_mixin.py:149} INFO - [2024-10-09T11:16:50.858+0700] {dag.py:3486} INFO - Setting next_dagrun for example_external_task_marker_child to None, run_after=None
[2024-10-09T11:16:50.878+0700] {logging_mixin.py:149} INFO - [2024-10-09T11:16:50.878+0700] {dag.py:3486} INFO - Setting next_dagrun for example_external_task_marker_parent to None, run_after=None
[2024-10-09T11:16:51.002+0700] {processor.py:179} INFO - Processing /home/hasyidan/venv/lib/python3.8/site-packages/airflow/example_dags/example_external_task_marker_dag.py took 0.449 seconds
[2024-10-09T11:17:59.966+0700] {processor.py:157} INFO - Started process (PID=5418) to work on /home/hasyidan/venv/lib/python3.8/site-packages/airflow/example_dags/example_external_task_marker_dag.py
[2024-10-09T11:17:59.991+0700] {processor.py:826} INFO - Processing file /home/hasyidan/venv/lib/python3.8/site-packages/airflow/example_dags/example_external_task_marker_dag.py for tasks to queue
[2024-10-09T11:17:59.993+0700] {logging_mixin.py:149} INFO - [2024-10-09T11:17:59.992+0700] {dagbag.py:541} INFO - Filling up the DagBag from /home/hasyidan/venv/lib/python3.8/site-packages/airflow/example_dags/example_external_task_marker_dag.py
[2024-10-09T11:18:00.011+0700] {processor.py:836} INFO - DAG(s) dict_keys(['example_external_task_marker_child', 'example_external_task_marker_parent']) retrieved from /home/hasyidan/venv/lib/python3.8/site-packages/airflow/example_dags/example_external_task_marker_dag.py
[2024-10-09T11:18:00.081+0700] {logging_mixin.py:149} INFO - [2024-10-09T11:18:00.080+0700] {dag.py:2726} INFO - Sync 2 DAGs
[2024-10-09T11:18:00.153+0700] {logging_mixin.py:149} INFO - [2024-10-09T11:18:00.151+0700] {dag.py:3486} INFO - Setting next_dagrun for example_external_task_marker_child to None, run_after=None
[2024-10-09T11:18:00.162+0700] {logging_mixin.py:149} INFO - [2024-10-09T11:18:00.162+0700] {dag.py:3486} INFO - Setting next_dagrun for example_external_task_marker_parent to None, run_after=None
[2024-10-09T11:18:00.309+0700] {processor.py:179} INFO - Processing /home/hasyidan/venv/lib/python3.8/site-packages/airflow/example_dags/example_external_task_marker_dag.py took 0.351 seconds
[2024-10-09T11:19:05.548+0700] {processor.py:157} INFO - Started process (PID=5484) to work on /home/hasyidan/venv/lib/python3.8/site-packages/airflow/example_dags/example_external_task_marker_dag.py
[2024-10-09T11:19:05.557+0700] {processor.py:826} INFO - Processing file /home/hasyidan/venv/lib/python3.8/site-packages/airflow/example_dags/example_external_task_marker_dag.py for tasks to queue
[2024-10-09T11:19:05.559+0700] {logging_mixin.py:149} INFO - [2024-10-09T11:19:05.558+0700] {dagbag.py:541} INFO - Filling up the DagBag from /home/hasyidan/venv/lib/python3.8/site-packages/airflow/example_dags/example_external_task_marker_dag.py
[2024-10-09T11:19:05.583+0700] {processor.py:836} INFO - DAG(s) dict_keys(['example_external_task_marker_parent', 'example_external_task_marker_child']) retrieved from /home/hasyidan/venv/lib/python3.8/site-packages/airflow/example_dags/example_external_task_marker_dag.py
[2024-10-09T11:19:05.675+0700] {logging_mixin.py:149} INFO - [2024-10-09T11:19:05.674+0700] {dag.py:2726} INFO - Sync 2 DAGs
[2024-10-09T11:19:05.767+0700] {logging_mixin.py:149} INFO - [2024-10-09T11:19:05.767+0700] {dag.py:3486} INFO - Setting next_dagrun for example_external_task_marker_child to None, run_after=None
[2024-10-09T11:19:05.781+0700] {logging_mixin.py:149} INFO - [2024-10-09T11:19:05.780+0700] {dag.py:3486} INFO - Setting next_dagrun for example_external_task_marker_parent to None, run_after=None
[2024-10-09T11:19:05.921+0700] {processor.py:179} INFO - Processing /home/hasyidan/venv/lib/python3.8/site-packages/airflow/example_dags/example_external_task_marker_dag.py took 0.386 seconds
[2024-10-09T11:20:08.048+0700] {processor.py:157} INFO - Started process (PID=5552) to work on /home/hasyidan/venv/lib/python3.8/site-packages/airflow/example_dags/example_external_task_marker_dag.py
[2024-10-09T11:20:08.084+0700] {processor.py:826} INFO - Processing file /home/hasyidan/venv/lib/python3.8/site-packages/airflow/example_dags/example_external_task_marker_dag.py for tasks to queue
[2024-10-09T11:20:08.086+0700] {logging_mixin.py:149} INFO - [2024-10-09T11:20:08.086+0700] {dagbag.py:541} INFO - Filling up the DagBag from /home/hasyidan/venv/lib/python3.8/site-packages/airflow/example_dags/example_external_task_marker_dag.py
[2024-10-09T11:20:08.116+0700] {processor.py:836} INFO - DAG(s) dict_keys(['example_external_task_marker_parent', 'example_external_task_marker_child']) retrieved from /home/hasyidan/venv/lib/python3.8/site-packages/airflow/example_dags/example_external_task_marker_dag.py
[2024-10-09T11:20:08.211+0700] {logging_mixin.py:149} INFO - [2024-10-09T11:20:08.211+0700] {dag.py:2726} INFO - Sync 2 DAGs
[2024-10-09T11:20:08.288+0700] {logging_mixin.py:149} INFO - [2024-10-09T11:20:08.287+0700] {dag.py:3486} INFO - Setting next_dagrun for example_external_task_marker_child to None, run_after=None
[2024-10-09T11:20:08.301+0700] {logging_mixin.py:149} INFO - [2024-10-09T11:20:08.300+0700] {dag.py:3486} INFO - Setting next_dagrun for example_external_task_marker_parent to None, run_after=None
[2024-10-09T11:20:08.475+0700] {processor.py:179} INFO - Processing /home/hasyidan/venv/lib/python3.8/site-packages/airflow/example_dags/example_external_task_marker_dag.py took 0.436 seconds
[2024-10-09T11:21:16.671+0700] {processor.py:157} INFO - Started process (PID=5625) to work on /home/hasyidan/venv/lib/python3.8/site-packages/airflow/example_dags/example_external_task_marker_dag.py
[2024-10-09T11:21:16.700+0700] {processor.py:826} INFO - Processing file /home/hasyidan/venv/lib/python3.8/site-packages/airflow/example_dags/example_external_task_marker_dag.py for tasks to queue
[2024-10-09T11:21:16.707+0700] {logging_mixin.py:149} INFO - [2024-10-09T11:21:16.704+0700] {dagbag.py:541} INFO - Filling up the DagBag from /home/hasyidan/venv/lib/python3.8/site-packages/airflow/example_dags/example_external_task_marker_dag.py
[2024-10-09T11:21:16.727+0700] {processor.py:836} INFO - DAG(s) dict_keys(['example_external_task_marker_child', 'example_external_task_marker_parent']) retrieved from /home/hasyidan/venv/lib/python3.8/site-packages/airflow/example_dags/example_external_task_marker_dag.py
[2024-10-09T11:21:16.825+0700] {logging_mixin.py:149} INFO - [2024-10-09T11:21:16.824+0700] {dag.py:2726} INFO - Sync 2 DAGs
[2024-10-09T11:21:16.909+0700] {logging_mixin.py:149} INFO - [2024-10-09T11:21:16.908+0700] {dag.py:3486} INFO - Setting next_dagrun for example_external_task_marker_child to None, run_after=None
[2024-10-09T11:21:16.922+0700] {logging_mixin.py:149} INFO - [2024-10-09T11:21:16.922+0700] {dag.py:3486} INFO - Setting next_dagrun for example_external_task_marker_parent to None, run_after=None
[2024-10-09T11:21:17.082+0700] {processor.py:179} INFO - Processing /home/hasyidan/venv/lib/python3.8/site-packages/airflow/example_dags/example_external_task_marker_dag.py took 0.423 seconds
[2024-10-09T11:22:21.233+0700] {processor.py:157} INFO - Started process (PID=5688) to work on /home/hasyidan/venv/lib/python3.8/site-packages/airflow/example_dags/example_external_task_marker_dag.py
[2024-10-09T11:22:21.236+0700] {processor.py:826} INFO - Processing file /home/hasyidan/venv/lib/python3.8/site-packages/airflow/example_dags/example_external_task_marker_dag.py for tasks to queue
[2024-10-09T11:22:21.238+0700] {logging_mixin.py:149} INFO - [2024-10-09T11:22:21.238+0700] {dagbag.py:541} INFO - Filling up the DagBag from /home/hasyidan/venv/lib/python3.8/site-packages/airflow/example_dags/example_external_task_marker_dag.py
[2024-10-09T11:22:21.257+0700] {processor.py:836} INFO - DAG(s) dict_keys(['example_external_task_marker_child', 'example_external_task_marker_parent']) retrieved from /home/hasyidan/venv/lib/python3.8/site-packages/airflow/example_dags/example_external_task_marker_dag.py
[2024-10-09T11:22:21.347+0700] {logging_mixin.py:149} INFO - [2024-10-09T11:22:21.346+0700] {dag.py:2726} INFO - Sync 2 DAGs
[2024-10-09T11:22:21.419+0700] {logging_mixin.py:149} INFO - [2024-10-09T11:22:21.419+0700] {dag.py:3486} INFO - Setting next_dagrun for example_external_task_marker_child to None, run_after=None
[2024-10-09T11:22:21.430+0700] {logging_mixin.py:149} INFO - [2024-10-09T11:22:21.430+0700] {dag.py:3486} INFO - Setting next_dagrun for example_external_task_marker_parent to None, run_after=None
[2024-10-09T11:22:21.612+0700] {processor.py:179} INFO - Processing /home/hasyidan/venv/lib/python3.8/site-packages/airflow/example_dags/example_external_task_marker_dag.py took 0.387 seconds
[2024-10-09T11:23:24.255+0700] {processor.py:157} INFO - Started process (PID=5750) to work on /home/hasyidan/venv/lib/python3.8/site-packages/airflow/example_dags/example_external_task_marker_dag.py
[2024-10-09T11:23:24.270+0700] {processor.py:826} INFO - Processing file /home/hasyidan/venv/lib/python3.8/site-packages/airflow/example_dags/example_external_task_marker_dag.py for tasks to queue
[2024-10-09T11:23:24.272+0700] {logging_mixin.py:149} INFO - [2024-10-09T11:23:24.271+0700] {dagbag.py:541} INFO - Filling up the DagBag from /home/hasyidan/venv/lib/python3.8/site-packages/airflow/example_dags/example_external_task_marker_dag.py
[2024-10-09T11:23:24.295+0700] {processor.py:836} INFO - DAG(s) dict_keys(['example_external_task_marker_parent', 'example_external_task_marker_child']) retrieved from /home/hasyidan/venv/lib/python3.8/site-packages/airflow/example_dags/example_external_task_marker_dag.py
[2024-10-09T11:23:24.376+0700] {logging_mixin.py:149} INFO - [2024-10-09T11:23:24.376+0700] {dag.py:2726} INFO - Sync 2 DAGs
[2024-10-09T11:23:24.452+0700] {logging_mixin.py:149} INFO - [2024-10-09T11:23:24.451+0700] {dag.py:3486} INFO - Setting next_dagrun for example_external_task_marker_child to None, run_after=None
[2024-10-09T11:23:24.463+0700] {logging_mixin.py:149} INFO - [2024-10-09T11:23:24.463+0700] {dag.py:3486} INFO - Setting next_dagrun for example_external_task_marker_parent to None, run_after=None
[2024-10-09T11:23:24.608+0700] {processor.py:179} INFO - Processing /home/hasyidan/venv/lib/python3.8/site-packages/airflow/example_dags/example_external_task_marker_dag.py took 0.364 seconds
[2024-10-09T11:24:31.016+0700] {processor.py:157} INFO - Started process (PID=5816) to work on /home/hasyidan/venv/lib/python3.8/site-packages/airflow/example_dags/example_external_task_marker_dag.py
[2024-10-09T11:24:31.031+0700] {processor.py:826} INFO - Processing file /home/hasyidan/venv/lib/python3.8/site-packages/airflow/example_dags/example_external_task_marker_dag.py for tasks to queue
[2024-10-09T11:24:31.033+0700] {logging_mixin.py:149} INFO - [2024-10-09T11:24:31.033+0700] {dagbag.py:541} INFO - Filling up the DagBag from /home/hasyidan/venv/lib/python3.8/site-packages/airflow/example_dags/example_external_task_marker_dag.py
[2024-10-09T11:24:31.061+0700] {processor.py:836} INFO - DAG(s) dict_keys(['example_external_task_marker_child', 'example_external_task_marker_parent']) retrieved from /home/hasyidan/venv/lib/python3.8/site-packages/airflow/example_dags/example_external_task_marker_dag.py
[2024-10-09T11:24:31.138+0700] {logging_mixin.py:149} INFO - [2024-10-09T11:24:31.138+0700] {dag.py:2726} INFO - Sync 2 DAGs
[2024-10-09T11:24:31.207+0700] {logging_mixin.py:149} INFO - [2024-10-09T11:24:31.206+0700] {dag.py:3486} INFO - Setting next_dagrun for example_external_task_marker_child to None, run_after=None
[2024-10-09T11:24:31.218+0700] {logging_mixin.py:149} INFO - [2024-10-09T11:24:31.218+0700] {dag.py:3486} INFO - Setting next_dagrun for example_external_task_marker_parent to None, run_after=None
[2024-10-09T11:24:31.353+0700] {processor.py:179} INFO - Processing /home/hasyidan/venv/lib/python3.8/site-packages/airflow/example_dags/example_external_task_marker_dag.py took 0.348 seconds
[2024-10-09T11:25:39.362+0700] {processor.py:157} INFO - Started process (PID=5896) to work on /home/hasyidan/venv/lib/python3.8/site-packages/airflow/example_dags/example_external_task_marker_dag.py
[2024-10-09T11:25:39.372+0700] {processor.py:826} INFO - Processing file /home/hasyidan/venv/lib/python3.8/site-packages/airflow/example_dags/example_external_task_marker_dag.py for tasks to queue
[2024-10-09T11:25:39.380+0700] {logging_mixin.py:149} INFO - [2024-10-09T11:25:39.378+0700] {dagbag.py:541} INFO - Filling up the DagBag from /home/hasyidan/venv/lib/python3.8/site-packages/airflow/example_dags/example_external_task_marker_dag.py
[2024-10-09T11:25:39.409+0700] {processor.py:836} INFO - DAG(s) dict_keys(['example_external_task_marker_parent', 'example_external_task_marker_child']) retrieved from /home/hasyidan/venv/lib/python3.8/site-packages/airflow/example_dags/example_external_task_marker_dag.py
[2024-10-09T11:25:39.513+0700] {logging_mixin.py:149} INFO - [2024-10-09T11:25:39.511+0700] {dag.py:2726} INFO - Sync 2 DAGs
[2024-10-09T11:25:39.591+0700] {logging_mixin.py:149} INFO - [2024-10-09T11:25:39.591+0700] {dag.py:3486} INFO - Setting next_dagrun for example_external_task_marker_child to None, run_after=None
[2024-10-09T11:25:39.601+0700] {logging_mixin.py:149} INFO - [2024-10-09T11:25:39.601+0700] {dag.py:3486} INFO - Setting next_dagrun for example_external_task_marker_parent to None, run_after=None
[2024-10-09T11:25:39.728+0700] {processor.py:179} INFO - Processing /home/hasyidan/venv/lib/python3.8/site-packages/airflow/example_dags/example_external_task_marker_dag.py took 0.373 seconds
[2024-10-09T11:28:22.326+0700] {processor.py:157} INFO - Started process (PID=6005) to work on /home/hasyidan/venv/lib/python3.8/site-packages/airflow/example_dags/example_external_task_marker_dag.py
[2024-10-09T11:28:22.339+0700] {processor.py:826} INFO - Processing file /home/hasyidan/venv/lib/python3.8/site-packages/airflow/example_dags/example_external_task_marker_dag.py for tasks to queue
[2024-10-09T11:28:22.345+0700] {logging_mixin.py:149} INFO - [2024-10-09T11:28:22.341+0700] {dagbag.py:541} INFO - Filling up the DagBag from /home/hasyidan/venv/lib/python3.8/site-packages/airflow/example_dags/example_external_task_marker_dag.py
[2024-10-09T11:28:22.365+0700] {processor.py:836} INFO - DAG(s) dict_keys(['example_external_task_marker_child', 'example_external_task_marker_parent']) retrieved from /home/hasyidan/venv/lib/python3.8/site-packages/airflow/example_dags/example_external_task_marker_dag.py
[2024-10-09T11:28:22.489+0700] {logging_mixin.py:149} INFO - [2024-10-09T11:28:22.489+0700] {dag.py:2726} INFO - Sync 2 DAGs
[2024-10-09T11:28:22.570+0700] {logging_mixin.py:149} INFO - [2024-10-09T11:28:22.569+0700] {dag.py:3486} INFO - Setting next_dagrun for example_external_task_marker_child to None, run_after=None
[2024-10-09T11:28:22.586+0700] {logging_mixin.py:149} INFO - [2024-10-09T11:28:22.585+0700] {dag.py:3486} INFO - Setting next_dagrun for example_external_task_marker_parent to None, run_after=None
[2024-10-09T11:28:22.731+0700] {processor.py:179} INFO - Processing /home/hasyidan/venv/lib/python3.8/site-packages/airflow/example_dags/example_external_task_marker_dag.py took 0.412 seconds
[2024-10-09T11:31:00.322+0700] {processor.py:157} INFO - Started process (PID=6125) to work on /home/hasyidan/venv/lib/python3.8/site-packages/airflow/example_dags/example_external_task_marker_dag.py
[2024-10-09T11:31:00.636+0700] {processor.py:826} INFO - Processing file /home/hasyidan/venv/lib/python3.8/site-packages/airflow/example_dags/example_external_task_marker_dag.py for tasks to queue
[2024-10-09T11:31:00.639+0700] {logging_mixin.py:149} INFO - [2024-10-09T11:31:00.638+0700] {dagbag.py:541} INFO - Filling up the DagBag from /home/hasyidan/venv/lib/python3.8/site-packages/airflow/example_dags/example_external_task_marker_dag.py
[2024-10-09T11:31:00.702+0700] {processor.py:836} INFO - DAG(s) dict_keys(['example_external_task_marker_child', 'example_external_task_marker_parent']) retrieved from /home/hasyidan/venv/lib/python3.8/site-packages/airflow/example_dags/example_external_task_marker_dag.py
[2024-10-09T11:31:01.349+0700] {logging_mixin.py:149} INFO - [2024-10-09T11:31:01.349+0700] {dag.py:2726} INFO - Sync 2 DAGs
[2024-10-09T11:31:01.400+0700] {logging_mixin.py:149} INFO - [2024-10-09T11:31:01.399+0700] {dag.py:3486} INFO - Setting next_dagrun for example_external_task_marker_child to None, run_after=None
[2024-10-09T11:31:01.408+0700] {logging_mixin.py:149} INFO - [2024-10-09T11:31:01.407+0700] {dag.py:3486} INFO - Setting next_dagrun for example_external_task_marker_parent to None, run_after=None
[2024-10-09T11:31:02.739+0700] {processor.py:179} INFO - Processing /home/hasyidan/venv/lib/python3.8/site-packages/airflow/example_dags/example_external_task_marker_dag.py took 2.423 seconds
[2024-10-09T11:34:42.725+0700] {processor.py:157} INFO - Started process (PID=6544) to work on /home/hasyidan/venv/lib/python3.8/site-packages/airflow/example_dags/example_external_task_marker_dag.py
[2024-10-09T11:34:42.898+0700] {processor.py:826} INFO - Processing file /home/hasyidan/venv/lib/python3.8/site-packages/airflow/example_dags/example_external_task_marker_dag.py for tasks to queue
[2024-10-09T11:34:42.901+0700] {logging_mixin.py:149} INFO - [2024-10-09T11:34:42.901+0700] {dagbag.py:541} INFO - Filling up the DagBag from /home/hasyidan/venv/lib/python3.8/site-packages/airflow/example_dags/example_external_task_marker_dag.py
[2024-10-09T11:34:42.951+0700] {processor.py:836} INFO - DAG(s) dict_keys(['example_external_task_marker_parent', 'example_external_task_marker_child']) retrieved from /home/hasyidan/venv/lib/python3.8/site-packages/airflow/example_dags/example_external_task_marker_dag.py
[2024-10-09T11:34:43.628+0700] {logging_mixin.py:149} INFO - [2024-10-09T11:34:43.628+0700] {dag.py:2726} INFO - Sync 2 DAGs
[2024-10-09T11:34:43.674+0700] {logging_mixin.py:149} INFO - [2024-10-09T11:34:43.673+0700] {dag.py:3486} INFO - Setting next_dagrun for example_external_task_marker_child to None, run_after=None
[2024-10-09T11:34:43.680+0700] {logging_mixin.py:149} INFO - [2024-10-09T11:34:43.680+0700] {dag.py:3486} INFO - Setting next_dagrun for example_external_task_marker_parent to None, run_after=None
[2024-10-09T11:34:44.058+0700] {processor.py:179} INFO - Processing /home/hasyidan/venv/lib/python3.8/site-packages/airflow/example_dags/example_external_task_marker_dag.py took 1.340 seconds
[2024-10-09T11:36:48.719+0700] {processor.py:157} INFO - Started process (PID=6680) to work on /home/hasyidan/venv/lib/python3.8/site-packages/airflow/example_dags/example_external_task_marker_dag.py
[2024-10-09T11:36:48.752+0700] {processor.py:826} INFO - Processing file /home/hasyidan/venv/lib/python3.8/site-packages/airflow/example_dags/example_external_task_marker_dag.py for tasks to queue
[2024-10-09T11:36:48.757+0700] {logging_mixin.py:149} INFO - [2024-10-09T11:36:48.753+0700] {dagbag.py:541} INFO - Filling up the DagBag from /home/hasyidan/venv/lib/python3.8/site-packages/airflow/example_dags/example_external_task_marker_dag.py
[2024-10-09T11:36:48.781+0700] {processor.py:836} INFO - DAG(s) dict_keys(['example_external_task_marker_child', 'example_external_task_marker_parent']) retrieved from /home/hasyidan/venv/lib/python3.8/site-packages/airflow/example_dags/example_external_task_marker_dag.py
[2024-10-09T11:36:48.891+0700] {logging_mixin.py:149} INFO - [2024-10-09T11:36:48.890+0700] {dag.py:2726} INFO - Sync 2 DAGs
[2024-10-09T11:36:50.110+0700] {logging_mixin.py:149} INFO - [2024-10-09T11:36:50.110+0700] {dag.py:3486} INFO - Setting next_dagrun for example_external_task_marker_child to None, run_after=None
[2024-10-09T11:36:50.125+0700] {logging_mixin.py:149} INFO - [2024-10-09T11:36:50.125+0700] {dag.py:3486} INFO - Setting next_dagrun for example_external_task_marker_parent to None, run_after=None
[2024-10-09T11:36:51.052+0700] {processor.py:179} INFO - Processing /home/hasyidan/venv/lib/python3.8/site-packages/airflow/example_dags/example_external_task_marker_dag.py took 2.342 seconds
[2024-10-09T11:40:19.015+0700] {processor.py:157} INFO - Started process (PID=6918) to work on /home/hasyidan/venv/lib/python3.8/site-packages/airflow/example_dags/example_external_task_marker_dag.py
[2024-10-09T11:40:19.251+0700] {processor.py:826} INFO - Processing file /home/hasyidan/venv/lib/python3.8/site-packages/airflow/example_dags/example_external_task_marker_dag.py for tasks to queue
[2024-10-09T11:40:19.315+0700] {logging_mixin.py:149} INFO - [2024-10-09T11:40:19.294+0700] {dagbag.py:541} INFO - Filling up the DagBag from /home/hasyidan/venv/lib/python3.8/site-packages/airflow/example_dags/example_external_task_marker_dag.py
[2024-10-09T11:40:19.761+0700] {processor.py:836} INFO - DAG(s) dict_keys(['example_external_task_marker_child', 'example_external_task_marker_parent']) retrieved from /home/hasyidan/venv/lib/python3.8/site-packages/airflow/example_dags/example_external_task_marker_dag.py
[2024-10-09T11:40:20.898+0700] {logging_mixin.py:149} INFO - [2024-10-09T11:40:20.898+0700] {dag.py:2726} INFO - Sync 2 DAGs
[2024-10-09T11:40:21.032+0700] {logging_mixin.py:149} INFO - [2024-10-09T11:40:21.031+0700] {dag.py:3486} INFO - Setting next_dagrun for example_external_task_marker_child to None, run_after=None
[2024-10-09T11:40:21.056+0700] {logging_mixin.py:149} INFO - [2024-10-09T11:40:21.055+0700] {dag.py:3486} INFO - Setting next_dagrun for example_external_task_marker_parent to None, run_after=None
[2024-10-09T11:40:21.477+0700] {processor.py:179} INFO - Processing /home/hasyidan/venv/lib/python3.8/site-packages/airflow/example_dags/example_external_task_marker_dag.py took 3.216 seconds
