[2024-10-09T10:59:36.740+0700] {processor.py:157} INFO - Started process (PID=3962) to work on /home/hasyidan/venv/lib/python3.8/site-packages/airflow/example_dags/example_datasets.py
[2024-10-09T10:59:36.742+0700] {processor.py:826} INFO - Processing file /home/hasyidan/venv/lib/python3.8/site-packages/airflow/example_dags/example_datasets.py for tasks to queue
[2024-10-09T10:59:36.743+0700] {logging_mixin.py:149} INFO - [2024-10-09T10:59:36.743+0700] {dagbag.py:541} INFO - Filling up the DagBag from /home/hasyidan/venv/lib/python3.8/site-packages/airflow/example_dags/example_datasets.py
[2024-10-09T10:59:36.922+0700] {processor.py:836} INFO - DAG(s) dict_keys(['dataset_produces_1', 'dataset_produces_2', 'dataset_consumes_1_never_scheduled', 'dataset_consumes_unknown_never_scheduled', 'dataset_consumes_1', 'dataset_consumes_1_and_2']) retrieved from /home/hasyidan/venv/lib/python3.8/site-packages/airflow/example_dags/example_datasets.py
[2024-10-09T10:59:37.412+0700] {logging_mixin.py:149} INFO - [2024-10-09T10:59:37.412+0700] {dag.py:2726} INFO - Sync 6 DAGs
[2024-10-09T10:59:39.965+0700] {logging_mixin.py:149} INFO - [2024-10-09T10:59:39.965+0700] {dag.py:3486} INFO - Setting next_dagrun for dataset_consumes_1 to None, run_after=None
[2024-10-09T10:59:39.971+0700] {logging_mixin.py:149} INFO - [2024-10-09T10:59:39.971+0700] {dag.py:3486} INFO - Setting next_dagrun for dataset_consumes_1_and_2 to None, run_after=None
[2024-10-09T10:59:39.974+0700] {logging_mixin.py:149} INFO - [2024-10-09T10:59:39.974+0700] {dag.py:3486} INFO - Setting next_dagrun for dataset_consumes_1_never_scheduled to None, run_after=None
[2024-10-09T10:59:39.977+0700] {logging_mixin.py:149} INFO - [2024-10-09T10:59:39.977+0700] {dag.py:3486} INFO - Setting next_dagrun for dataset_consumes_unknown_never_scheduled to None, run_after=None
[2024-10-09T10:59:39.983+0700] {logging_mixin.py:149} INFO - [2024-10-09T10:59:39.983+0700] {dag.py:3486} INFO - Setting next_dagrun for dataset_produces_1 to 2024-10-08T00:00:00+00:00, run_after=2024-10-09T00:00:00+00:00
[2024-10-09T10:59:39.986+0700] {logging_mixin.py:149} INFO - [2024-10-09T10:59:39.986+0700] {dag.py:3486} INFO - Setting next_dagrun for dataset_produces_2 to None, run_after=None
[2024-10-09T10:59:40.805+0700] {processor.py:179} INFO - Processing /home/hasyidan/venv/lib/python3.8/site-packages/airflow/example_dags/example_datasets.py took 4.071 seconds
[2024-10-09T11:01:47.958+0700] {processor.py:157} INFO - Started process (PID=4163) to work on /home/hasyidan/venv/lib/python3.8/site-packages/airflow/example_dags/example_datasets.py
[2024-10-09T11:01:47.983+0700] {processor.py:826} INFO - Processing file /home/hasyidan/venv/lib/python3.8/site-packages/airflow/example_dags/example_datasets.py for tasks to queue
[2024-10-09T11:01:47.986+0700] {logging_mixin.py:149} INFO - [2024-10-09T11:01:47.986+0700] {dagbag.py:541} INFO - Filling up the DagBag from /home/hasyidan/venv/lib/python3.8/site-packages/airflow/example_dags/example_datasets.py
[2024-10-09T11:01:48.051+0700] {processor.py:836} INFO - DAG(s) dict_keys(['dataset_produces_2', 'dataset_produces_1', 'dataset_consumes_1_and_2', 'dataset_consumes_1_never_scheduled', 'dataset_consumes_unknown_never_scheduled', 'dataset_consumes_1']) retrieved from /home/hasyidan/venv/lib/python3.8/site-packages/airflow/example_dags/example_datasets.py
[2024-10-09T11:01:48.589+0700] {logging_mixin.py:149} INFO - [2024-10-09T11:01:48.588+0700] {dag.py:2726} INFO - Sync 6 DAGs
[2024-10-09T11:01:48.634+0700] {logging_mixin.py:149} INFO - [2024-10-09T11:01:48.634+0700] {dag.py:3486} INFO - Setting next_dagrun for dataset_consumes_1 to None, run_after=None
[2024-10-09T11:01:48.641+0700] {logging_mixin.py:149} INFO - [2024-10-09T11:01:48.640+0700] {dag.py:3486} INFO - Setting next_dagrun for dataset_consumes_1_and_2 to None, run_after=None
[2024-10-09T11:01:48.643+0700] {logging_mixin.py:149} INFO - [2024-10-09T11:01:48.643+0700] {dag.py:3486} INFO - Setting next_dagrun for dataset_consumes_1_never_scheduled to None, run_after=None
[2024-10-09T11:01:48.646+0700] {logging_mixin.py:149} INFO - [2024-10-09T11:01:48.645+0700] {dag.py:3486} INFO - Setting next_dagrun for dataset_consumes_unknown_never_scheduled to None, run_after=None
[2024-10-09T11:01:48.652+0700] {logging_mixin.py:149} INFO - [2024-10-09T11:01:48.652+0700] {dag.py:3486} INFO - Setting next_dagrun for dataset_produces_1 to 2024-10-08T00:00:00+00:00, run_after=2024-10-09T00:00:00+00:00
[2024-10-09T11:01:48.655+0700] {logging_mixin.py:149} INFO - [2024-10-09T11:01:48.654+0700] {dag.py:3486} INFO - Setting next_dagrun for dataset_produces_2 to None, run_after=None
[2024-10-09T11:01:48.877+0700] {processor.py:179} INFO - Processing /home/hasyidan/venv/lib/python3.8/site-packages/airflow/example_dags/example_datasets.py took 0.926 seconds
[2024-10-09T11:02:52.855+0700] {processor.py:157} INFO - Started process (PID=4224) to work on /home/hasyidan/venv/lib/python3.8/site-packages/airflow/example_dags/example_datasets.py
[2024-10-09T11:02:52.860+0700] {processor.py:826} INFO - Processing file /home/hasyidan/venv/lib/python3.8/site-packages/airflow/example_dags/example_datasets.py for tasks to queue
[2024-10-09T11:02:52.861+0700] {logging_mixin.py:149} INFO - [2024-10-09T11:02:52.861+0700] {dagbag.py:541} INFO - Filling up the DagBag from /home/hasyidan/venv/lib/python3.8/site-packages/airflow/example_dags/example_datasets.py
[2024-10-09T11:02:52.883+0700] {processor.py:836} INFO - DAG(s) dict_keys(['dataset_consumes_1', 'dataset_produces_1', 'dataset_produces_2', 'dataset_consumes_1_never_scheduled', 'dataset_consumes_unknown_never_scheduled', 'dataset_consumes_1_and_2']) retrieved from /home/hasyidan/venv/lib/python3.8/site-packages/airflow/example_dags/example_datasets.py
[2024-10-09T11:02:52.950+0700] {logging_mixin.py:149} INFO - [2024-10-09T11:02:52.950+0700] {dag.py:2726} INFO - Sync 6 DAGs
[2024-10-09T11:02:52.996+0700] {logging_mixin.py:149} INFO - [2024-10-09T11:02:52.995+0700] {dag.py:3486} INFO - Setting next_dagrun for dataset_consumes_1 to None, run_after=None
[2024-10-09T11:02:53.002+0700] {logging_mixin.py:149} INFO - [2024-10-09T11:02:53.002+0700] {dag.py:3486} INFO - Setting next_dagrun for dataset_consumes_1_and_2 to None, run_after=None
[2024-10-09T11:02:53.005+0700] {logging_mixin.py:149} INFO - [2024-10-09T11:02:53.004+0700] {dag.py:3486} INFO - Setting next_dagrun for dataset_consumes_1_never_scheduled to None, run_after=None
[2024-10-09T11:02:53.007+0700] {logging_mixin.py:149} INFO - [2024-10-09T11:02:53.007+0700] {dag.py:3486} INFO - Setting next_dagrun for dataset_consumes_unknown_never_scheduled to None, run_after=None
[2024-10-09T11:02:53.012+0700] {logging_mixin.py:149} INFO - [2024-10-09T11:02:53.012+0700] {dag.py:3486} INFO - Setting next_dagrun for dataset_produces_1 to 2024-10-08T00:00:00+00:00, run_after=2024-10-09T00:00:00+00:00
[2024-10-09T11:02:53.015+0700] {logging_mixin.py:149} INFO - [2024-10-09T11:02:53.014+0700] {dag.py:3486} INFO - Setting next_dagrun for dataset_produces_2 to None, run_after=None
[2024-10-09T11:02:53.238+0700] {processor.py:179} INFO - Processing /home/hasyidan/venv/lib/python3.8/site-packages/airflow/example_dags/example_datasets.py took 0.389 seconds
[2024-10-09T11:03:52.334+0700] {processor.py:157} INFO - Started process (PID=4280) to work on /home/hasyidan/venv/lib/python3.8/site-packages/airflow/example_dags/example_datasets.py
[2024-10-09T11:03:52.357+0700] {processor.py:826} INFO - Processing file /home/hasyidan/venv/lib/python3.8/site-packages/airflow/example_dags/example_datasets.py for tasks to queue
[2024-10-09T11:03:52.360+0700] {logging_mixin.py:149} INFO - [2024-10-09T11:03:52.360+0700] {dagbag.py:541} INFO - Filling up the DagBag from /home/hasyidan/venv/lib/python3.8/site-packages/airflow/example_dags/example_datasets.py
[2024-10-09T11:03:52.384+0700] {processor.py:836} INFO - DAG(s) dict_keys(['dataset_consumes_1_never_scheduled', 'dataset_consumes_1_and_2', 'dataset_produces_1', 'dataset_consumes_1', 'dataset_produces_2', 'dataset_consumes_unknown_never_scheduled']) retrieved from /home/hasyidan/venv/lib/python3.8/site-packages/airflow/example_dags/example_datasets.py
[2024-10-09T11:03:52.453+0700] {logging_mixin.py:149} INFO - [2024-10-09T11:03:52.452+0700] {dag.py:2726} INFO - Sync 6 DAGs
[2024-10-09T11:03:52.497+0700] {logging_mixin.py:149} INFO - [2024-10-09T11:03:52.497+0700] {dag.py:3486} INFO - Setting next_dagrun for dataset_consumes_1 to None, run_after=None
[2024-10-09T11:03:52.503+0700] {logging_mixin.py:149} INFO - [2024-10-09T11:03:52.503+0700] {dag.py:3486} INFO - Setting next_dagrun for dataset_consumes_1_and_2 to None, run_after=None
[2024-10-09T11:03:52.506+0700] {logging_mixin.py:149} INFO - [2024-10-09T11:03:52.506+0700] {dag.py:3486} INFO - Setting next_dagrun for dataset_consumes_1_never_scheduled to None, run_after=None
[2024-10-09T11:03:52.508+0700] {logging_mixin.py:149} INFO - [2024-10-09T11:03:52.508+0700] {dag.py:3486} INFO - Setting next_dagrun for dataset_consumes_unknown_never_scheduled to None, run_after=None
[2024-10-09T11:03:52.514+0700] {logging_mixin.py:149} INFO - [2024-10-09T11:03:52.513+0700] {dag.py:3486} INFO - Setting next_dagrun for dataset_produces_1 to 2024-10-08T00:00:00+00:00, run_after=2024-10-09T00:00:00+00:00
[2024-10-09T11:03:52.516+0700] {logging_mixin.py:149} INFO - [2024-10-09T11:03:52.516+0700] {dag.py:3486} INFO - Setting next_dagrun for dataset_produces_2 to None, run_after=None
[2024-10-09T11:03:52.657+0700] {processor.py:179} INFO - Processing /home/hasyidan/venv/lib/python3.8/site-packages/airflow/example_dags/example_datasets.py took 0.330 seconds
[2024-10-09T11:05:52.601+0700] {processor.py:157} INFO - Started process (PID=4472) to work on /home/hasyidan/venv/lib/python3.8/site-packages/airflow/example_dags/example_datasets.py
[2024-10-09T11:05:52.831+0700] {processor.py:826} INFO - Processing file /home/hasyidan/venv/lib/python3.8/site-packages/airflow/example_dags/example_datasets.py for tasks to queue
[2024-10-09T11:05:52.833+0700] {logging_mixin.py:149} INFO - [2024-10-09T11:05:52.833+0700] {dagbag.py:541} INFO - Filling up the DagBag from /home/hasyidan/venv/lib/python3.8/site-packages/airflow/example_dags/example_datasets.py
[2024-10-09T11:05:52.993+0700] {processor.py:836} INFO - DAG(s) dict_keys(['dataset_consumes_1_and_2', 'dataset_consumes_1_never_scheduled', 'dataset_produces_2', 'dataset_consumes_unknown_never_scheduled', 'dataset_produces_1', 'dataset_consumes_1']) retrieved from /home/hasyidan/venv/lib/python3.8/site-packages/airflow/example_dags/example_datasets.py
[2024-10-09T11:05:53.231+0700] {logging_mixin.py:149} INFO - [2024-10-09T11:05:53.231+0700] {dag.py:2726} INFO - Sync 6 DAGs
[2024-10-09T11:05:53.276+0700] {logging_mixin.py:149} INFO - [2024-10-09T11:05:53.275+0700] {dag.py:3486} INFO - Setting next_dagrun for dataset_consumes_1 to None, run_after=None
[2024-10-09T11:05:53.283+0700] {logging_mixin.py:149} INFO - [2024-10-09T11:05:53.282+0700] {dag.py:3486} INFO - Setting next_dagrun for dataset_consumes_1_and_2 to None, run_after=None
[2024-10-09T11:05:53.285+0700] {logging_mixin.py:149} INFO - [2024-10-09T11:05:53.285+0700] {dag.py:3486} INFO - Setting next_dagrun for dataset_consumes_1_never_scheduled to None, run_after=None
[2024-10-09T11:05:53.288+0700] {logging_mixin.py:149} INFO - [2024-10-09T11:05:53.288+0700] {dag.py:3486} INFO - Setting next_dagrun for dataset_consumes_unknown_never_scheduled to None, run_after=None
[2024-10-09T11:05:53.294+0700] {logging_mixin.py:149} INFO - [2024-10-09T11:05:53.293+0700] {dag.py:3486} INFO - Setting next_dagrun for dataset_produces_1 to 2024-10-08T00:00:00+00:00, run_after=2024-10-09T00:00:00+00:00
[2024-10-09T11:05:53.296+0700] {logging_mixin.py:149} INFO - [2024-10-09T11:05:53.296+0700] {dag.py:3486} INFO - Setting next_dagrun for dataset_produces_2 to None, run_after=None
[2024-10-09T11:05:53.921+0700] {processor.py:179} INFO - Processing /home/hasyidan/venv/lib/python3.8/site-packages/airflow/example_dags/example_datasets.py took 1.326 seconds
[2024-10-09T11:07:46.045+0700] {processor.py:157} INFO - Started process (PID=4644) to work on /home/hasyidan/venv/lib/python3.8/site-packages/airflow/example_dags/example_datasets.py
[2024-10-09T11:07:46.063+0700] {processor.py:826} INFO - Processing file /home/hasyidan/venv/lib/python3.8/site-packages/airflow/example_dags/example_datasets.py for tasks to queue
[2024-10-09T11:07:46.066+0700] {logging_mixin.py:149} INFO - [2024-10-09T11:07:46.066+0700] {dagbag.py:541} INFO - Filling up the DagBag from /home/hasyidan/venv/lib/python3.8/site-packages/airflow/example_dags/example_datasets.py
[2024-10-09T11:07:46.131+0700] {processor.py:836} INFO - DAG(s) dict_keys(['dataset_consumes_1_never_scheduled', 'dataset_produces_2', 'dataset_consumes_1', 'dataset_consumes_unknown_never_scheduled', 'dataset_produces_1', 'dataset_consumes_1_and_2']) retrieved from /home/hasyidan/venv/lib/python3.8/site-packages/airflow/example_dags/example_datasets.py
[2024-10-09T11:07:46.200+0700] {logging_mixin.py:149} INFO - [2024-10-09T11:07:46.200+0700] {dag.py:2726} INFO - Sync 6 DAGs
[2024-10-09T11:07:46.246+0700] {logging_mixin.py:149} INFO - [2024-10-09T11:07:46.245+0700] {dag.py:3486} INFO - Setting next_dagrun for dataset_consumes_1 to None, run_after=None
[2024-10-09T11:07:46.252+0700] {logging_mixin.py:149} INFO - [2024-10-09T11:07:46.252+0700] {dag.py:3486} INFO - Setting next_dagrun for dataset_consumes_1_and_2 to None, run_after=None
[2024-10-09T11:07:46.254+0700] {logging_mixin.py:149} INFO - [2024-10-09T11:07:46.254+0700] {dag.py:3486} INFO - Setting next_dagrun for dataset_consumes_1_never_scheduled to None, run_after=None
[2024-10-09T11:07:46.257+0700] {logging_mixin.py:149} INFO - [2024-10-09T11:07:46.256+0700] {dag.py:3486} INFO - Setting next_dagrun for dataset_consumes_unknown_never_scheduled to None, run_after=None
[2024-10-09T11:07:46.263+0700] {logging_mixin.py:149} INFO - [2024-10-09T11:07:46.262+0700] {dag.py:3486} INFO - Setting next_dagrun for dataset_produces_1 to 2024-10-08T00:00:00+00:00, run_after=2024-10-09T00:00:00+00:00
[2024-10-09T11:07:46.265+0700] {logging_mixin.py:149} INFO - [2024-10-09T11:07:46.265+0700] {dag.py:3486} INFO - Setting next_dagrun for dataset_produces_2 to None, run_after=None
[2024-10-09T11:07:46.420+0700] {processor.py:179} INFO - Processing /home/hasyidan/venv/lib/python3.8/site-packages/airflow/example_dags/example_datasets.py took 0.382 seconds
[2024-10-09T11:08:46.407+0700] {processor.py:157} INFO - Started process (PID=4701) to work on /home/hasyidan/venv/lib/python3.8/site-packages/airflow/example_dags/example_datasets.py
[2024-10-09T11:08:46.429+0700] {processor.py:826} INFO - Processing file /home/hasyidan/venv/lib/python3.8/site-packages/airflow/example_dags/example_datasets.py for tasks to queue
[2024-10-09T11:08:46.432+0700] {logging_mixin.py:149} INFO - [2024-10-09T11:08:46.431+0700] {dagbag.py:541} INFO - Filling up the DagBag from /home/hasyidan/venv/lib/python3.8/site-packages/airflow/example_dags/example_datasets.py
[2024-10-09T11:08:46.455+0700] {processor.py:836} INFO - DAG(s) dict_keys(['dataset_produces_1', 'dataset_consumes_1_and_2', 'dataset_consumes_1_never_scheduled', 'dataset_consumes_unknown_never_scheduled', 'dataset_consumes_1', 'dataset_produces_2']) retrieved from /home/hasyidan/venv/lib/python3.8/site-packages/airflow/example_dags/example_datasets.py
[2024-10-09T11:08:46.524+0700] {logging_mixin.py:149} INFO - [2024-10-09T11:08:46.523+0700] {dag.py:2726} INFO - Sync 6 DAGs
[2024-10-09T11:08:46.591+0700] {logging_mixin.py:149} INFO - [2024-10-09T11:08:46.591+0700] {dag.py:3486} INFO - Setting next_dagrun for dataset_consumes_1 to None, run_after=None
[2024-10-09T11:08:46.598+0700] {logging_mixin.py:149} INFO - [2024-10-09T11:08:46.598+0700] {dag.py:3486} INFO - Setting next_dagrun for dataset_consumes_1_and_2 to None, run_after=None
[2024-10-09T11:08:46.601+0700] {logging_mixin.py:149} INFO - [2024-10-09T11:08:46.600+0700] {dag.py:3486} INFO - Setting next_dagrun for dataset_consumes_1_never_scheduled to None, run_after=None
[2024-10-09T11:08:46.603+0700] {logging_mixin.py:149} INFO - [2024-10-09T11:08:46.603+0700] {dag.py:3486} INFO - Setting next_dagrun for dataset_consumes_unknown_never_scheduled to None, run_after=None
[2024-10-09T11:08:46.608+0700] {logging_mixin.py:149} INFO - [2024-10-09T11:08:46.608+0700] {dag.py:3486} INFO - Setting next_dagrun for dataset_produces_1 to 2024-10-08T00:00:00+00:00, run_after=2024-10-09T00:00:00+00:00
[2024-10-09T11:08:46.611+0700] {logging_mixin.py:149} INFO - [2024-10-09T11:08:46.610+0700] {dag.py:3486} INFO - Setting next_dagrun for dataset_produces_2 to None, run_after=None
[2024-10-09T11:08:46.798+0700] {processor.py:179} INFO - Processing /home/hasyidan/venv/lib/python3.8/site-packages/airflow/example_dags/example_datasets.py took 0.397 seconds
[2024-10-09T11:09:41.873+0700] {processor.py:157} INFO - Started process (PID=4756) to work on /home/hasyidan/venv/lib/python3.8/site-packages/airflow/example_dags/example_datasets.py
[2024-10-09T11:09:41.932+0700] {processor.py:826} INFO - Processing file /home/hasyidan/venv/lib/python3.8/site-packages/airflow/example_dags/example_datasets.py for tasks to queue
[2024-10-09T11:09:41.935+0700] {logging_mixin.py:149} INFO - [2024-10-09T11:09:41.934+0700] {dagbag.py:541} INFO - Filling up the DagBag from /home/hasyidan/venv/lib/python3.8/site-packages/airflow/example_dags/example_datasets.py
[2024-10-09T11:09:41.956+0700] {processor.py:836} INFO - DAG(s) dict_keys(['dataset_consumes_1_and_2', 'dataset_consumes_1', 'dataset_consumes_unknown_never_scheduled', 'dataset_consumes_1_never_scheduled', 'dataset_produces_1', 'dataset_produces_2']) retrieved from /home/hasyidan/venv/lib/python3.8/site-packages/airflow/example_dags/example_datasets.py
[2024-10-09T11:09:42.024+0700] {logging_mixin.py:149} INFO - [2024-10-09T11:09:42.024+0700] {dag.py:2726} INFO - Sync 6 DAGs
[2024-10-09T11:09:42.068+0700] {logging_mixin.py:149} INFO - [2024-10-09T11:09:42.068+0700] {dag.py:3486} INFO - Setting next_dagrun for dataset_consumes_1 to None, run_after=None
[2024-10-09T11:09:42.075+0700] {logging_mixin.py:149} INFO - [2024-10-09T11:09:42.075+0700] {dag.py:3486} INFO - Setting next_dagrun for dataset_consumes_1_and_2 to None, run_after=None
[2024-10-09T11:09:42.077+0700] {logging_mixin.py:149} INFO - [2024-10-09T11:09:42.077+0700] {dag.py:3486} INFO - Setting next_dagrun for dataset_consumes_1_never_scheduled to None, run_after=None
[2024-10-09T11:09:42.080+0700] {logging_mixin.py:149} INFO - [2024-10-09T11:09:42.079+0700] {dag.py:3486} INFO - Setting next_dagrun for dataset_consumes_unknown_never_scheduled to None, run_after=None
[2024-10-09T11:09:42.085+0700] {logging_mixin.py:149} INFO - [2024-10-09T11:09:42.085+0700] {dag.py:3486} INFO - Setting next_dagrun for dataset_produces_1 to 2024-10-08T00:00:00+00:00, run_after=2024-10-09T00:00:00+00:00
[2024-10-09T11:09:42.088+0700] {logging_mixin.py:149} INFO - [2024-10-09T11:09:42.087+0700] {dag.py:3486} INFO - Setting next_dagrun for dataset_produces_2 to None, run_after=None
[2024-10-09T11:09:42.219+0700] {processor.py:179} INFO - Processing /home/hasyidan/venv/lib/python3.8/site-packages/airflow/example_dags/example_datasets.py took 0.354 seconds
[2024-10-09T11:10:38.912+0700] {processor.py:157} INFO - Started process (PID=4819) to work on /home/hasyidan/venv/lib/python3.8/site-packages/airflow/example_dags/example_datasets.py
[2024-10-09T11:10:38.932+0700] {processor.py:826} INFO - Processing file /home/hasyidan/venv/lib/python3.8/site-packages/airflow/example_dags/example_datasets.py for tasks to queue
[2024-10-09T11:10:38.935+0700] {logging_mixin.py:149} INFO - [2024-10-09T11:10:38.934+0700] {dagbag.py:541} INFO - Filling up the DagBag from /home/hasyidan/venv/lib/python3.8/site-packages/airflow/example_dags/example_datasets.py
[2024-10-09T11:10:38.956+0700] {processor.py:836} INFO - DAG(s) dict_keys(['dataset_consumes_1_never_scheduled', 'dataset_consumes_1', 'dataset_produces_2', 'dataset_produces_1', 'dataset_consumes_1_and_2', 'dataset_consumes_unknown_never_scheduled']) retrieved from /home/hasyidan/venv/lib/python3.8/site-packages/airflow/example_dags/example_datasets.py
[2024-10-09T11:10:39.022+0700] {logging_mixin.py:149} INFO - [2024-10-09T11:10:39.022+0700] {dag.py:2726} INFO - Sync 6 DAGs
[2024-10-09T11:10:39.069+0700] {logging_mixin.py:149} INFO - [2024-10-09T11:10:39.069+0700] {dag.py:3486} INFO - Setting next_dagrun for dataset_consumes_1 to None, run_after=None
[2024-10-09T11:10:39.075+0700] {logging_mixin.py:149} INFO - [2024-10-09T11:10:39.075+0700] {dag.py:3486} INFO - Setting next_dagrun for dataset_consumes_1_and_2 to None, run_after=None
[2024-10-09T11:10:39.078+0700] {logging_mixin.py:149} INFO - [2024-10-09T11:10:39.078+0700] {dag.py:3486} INFO - Setting next_dagrun for dataset_consumes_1_never_scheduled to None, run_after=None
[2024-10-09T11:10:39.080+0700] {logging_mixin.py:149} INFO - [2024-10-09T11:10:39.080+0700] {dag.py:3486} INFO - Setting next_dagrun for dataset_consumes_unknown_never_scheduled to None, run_after=None
[2024-10-09T11:10:39.086+0700] {logging_mixin.py:149} INFO - [2024-10-09T11:10:39.086+0700] {dag.py:3486} INFO - Setting next_dagrun for dataset_produces_1 to 2024-10-08T00:00:00+00:00, run_after=2024-10-09T00:00:00+00:00
[2024-10-09T11:10:39.088+0700] {logging_mixin.py:149} INFO - [2024-10-09T11:10:39.088+0700] {dag.py:3486} INFO - Setting next_dagrun for dataset_produces_2 to None, run_after=None
[2024-10-09T11:10:39.221+0700] {processor.py:179} INFO - Processing /home/hasyidan/venv/lib/python3.8/site-packages/airflow/example_dags/example_datasets.py took 0.316 seconds
[2024-10-09T11:11:33.772+0700] {processor.py:157} INFO - Started process (PID=4878) to work on /home/hasyidan/venv/lib/python3.8/site-packages/airflow/example_dags/example_datasets.py
[2024-10-09T11:11:33.793+0700] {processor.py:826} INFO - Processing file /home/hasyidan/venv/lib/python3.8/site-packages/airflow/example_dags/example_datasets.py for tasks to queue
[2024-10-09T11:11:33.796+0700] {logging_mixin.py:149} INFO - [2024-10-09T11:11:33.795+0700] {dagbag.py:541} INFO - Filling up the DagBag from /home/hasyidan/venv/lib/python3.8/site-packages/airflow/example_dags/example_datasets.py
[2024-10-09T11:11:33.819+0700] {processor.py:836} INFO - DAG(s) dict_keys(['dataset_consumes_unknown_never_scheduled', 'dataset_consumes_1_and_2', 'dataset_produces_2', 'dataset_consumes_1_never_scheduled', 'dataset_consumes_1', 'dataset_produces_1']) retrieved from /home/hasyidan/venv/lib/python3.8/site-packages/airflow/example_dags/example_datasets.py
[2024-10-09T11:11:33.887+0700] {logging_mixin.py:149} INFO - [2024-10-09T11:11:33.887+0700] {dag.py:2726} INFO - Sync 6 DAGs
[2024-10-09T11:11:33.931+0700] {logging_mixin.py:149} INFO - [2024-10-09T11:11:33.931+0700] {dag.py:3486} INFO - Setting next_dagrun for dataset_consumes_1 to None, run_after=None
[2024-10-09T11:11:33.938+0700] {logging_mixin.py:149} INFO - [2024-10-09T11:11:33.938+0700] {dag.py:3486} INFO - Setting next_dagrun for dataset_consumes_1_and_2 to None, run_after=None
[2024-10-09T11:11:33.940+0700] {logging_mixin.py:149} INFO - [2024-10-09T11:11:33.940+0700] {dag.py:3486} INFO - Setting next_dagrun for dataset_consumes_1_never_scheduled to None, run_after=None
[2024-10-09T11:11:33.943+0700] {logging_mixin.py:149} INFO - [2024-10-09T11:11:33.942+0700] {dag.py:3486} INFO - Setting next_dagrun for dataset_consumes_unknown_never_scheduled to None, run_after=None
[2024-10-09T11:11:33.949+0700] {logging_mixin.py:149} INFO - [2024-10-09T11:11:33.948+0700] {dag.py:3486} INFO - Setting next_dagrun for dataset_produces_1 to 2024-10-08T00:00:00+00:00, run_after=2024-10-09T00:00:00+00:00
[2024-10-09T11:11:33.951+0700] {logging_mixin.py:149} INFO - [2024-10-09T11:11:33.951+0700] {dag.py:3486} INFO - Setting next_dagrun for dataset_produces_2 to None, run_after=None
[2024-10-09T11:11:34.091+0700] {processor.py:179} INFO - Processing /home/hasyidan/venv/lib/python3.8/site-packages/airflow/example_dags/example_datasets.py took 0.325 seconds
[2024-10-09T11:12:52.355+0700] {processor.py:157} INFO - Started process (PID=4963) to work on /home/hasyidan/venv/lib/python3.8/site-packages/airflow/example_dags/example_datasets.py
[2024-10-09T11:12:52.373+0700] {processor.py:826} INFO - Processing file /home/hasyidan/venv/lib/python3.8/site-packages/airflow/example_dags/example_datasets.py for tasks to queue
[2024-10-09T11:12:52.375+0700] {logging_mixin.py:149} INFO - [2024-10-09T11:12:52.375+0700] {dagbag.py:541} INFO - Filling up the DagBag from /home/hasyidan/venv/lib/python3.8/site-packages/airflow/example_dags/example_datasets.py
[2024-10-09T11:12:52.397+0700] {processor.py:836} INFO - DAG(s) dict_keys(['dataset_consumes_1_and_2', 'dataset_consumes_1', 'dataset_produces_1', 'dataset_consumes_1_never_scheduled', 'dataset_consumes_unknown_never_scheduled', 'dataset_produces_2']) retrieved from /home/hasyidan/venv/lib/python3.8/site-packages/airflow/example_dags/example_datasets.py
[2024-10-09T11:12:52.465+0700] {logging_mixin.py:149} INFO - [2024-10-09T11:12:52.464+0700] {dag.py:2726} INFO - Sync 6 DAGs
[2024-10-09T11:12:52.508+0700] {logging_mixin.py:149} INFO - [2024-10-09T11:12:52.508+0700] {dag.py:3486} INFO - Setting next_dagrun for dataset_consumes_1 to None, run_after=None
[2024-10-09T11:12:52.515+0700] {logging_mixin.py:149} INFO - [2024-10-09T11:12:52.515+0700] {dag.py:3486} INFO - Setting next_dagrun for dataset_consumes_1_and_2 to None, run_after=None
[2024-10-09T11:12:52.518+0700] {logging_mixin.py:149} INFO - [2024-10-09T11:12:52.517+0700] {dag.py:3486} INFO - Setting next_dagrun for dataset_consumes_1_never_scheduled to None, run_after=None
[2024-10-09T11:12:52.520+0700] {logging_mixin.py:149} INFO - [2024-10-09T11:12:52.519+0700] {dag.py:3486} INFO - Setting next_dagrun for dataset_consumes_unknown_never_scheduled to None, run_after=None
[2024-10-09T11:12:52.525+0700] {logging_mixin.py:149} INFO - [2024-10-09T11:12:52.525+0700] {dag.py:3486} INFO - Setting next_dagrun for dataset_produces_1 to 2024-10-08T00:00:00+00:00, run_after=2024-10-09T00:00:00+00:00
[2024-10-09T11:12:52.528+0700] {logging_mixin.py:149} INFO - [2024-10-09T11:12:52.527+0700] {dag.py:3486} INFO - Setting next_dagrun for dataset_produces_2 to None, run_after=None
[2024-10-09T11:12:52.714+0700] {processor.py:179} INFO - Processing /home/hasyidan/venv/lib/python3.8/site-packages/airflow/example_dags/example_datasets.py took 0.366 seconds
[2024-10-09T11:13:46.548+0700] {processor.py:157} INFO - Started process (PID=5019) to work on /home/hasyidan/venv/lib/python3.8/site-packages/airflow/example_dags/example_datasets.py
[2024-10-09T11:13:46.559+0700] {processor.py:826} INFO - Processing file /home/hasyidan/venv/lib/python3.8/site-packages/airflow/example_dags/example_datasets.py for tasks to queue
[2024-10-09T11:13:46.561+0700] {logging_mixin.py:149} INFO - [2024-10-09T11:13:46.560+0700] {dagbag.py:541} INFO - Filling up the DagBag from /home/hasyidan/venv/lib/python3.8/site-packages/airflow/example_dags/example_datasets.py
[2024-10-09T11:13:46.583+0700] {processor.py:836} INFO - DAG(s) dict_keys(['dataset_produces_2', 'dataset_consumes_1_and_2', 'dataset_produces_1', 'dataset_consumes_unknown_never_scheduled', 'dataset_consumes_1_never_scheduled', 'dataset_consumes_1']) retrieved from /home/hasyidan/venv/lib/python3.8/site-packages/airflow/example_dags/example_datasets.py
[2024-10-09T11:13:46.650+0700] {logging_mixin.py:149} INFO - [2024-10-09T11:13:46.650+0700] {dag.py:2726} INFO - Sync 6 DAGs
[2024-10-09T11:13:46.698+0700] {logging_mixin.py:149} INFO - [2024-10-09T11:13:46.697+0700] {dag.py:3486} INFO - Setting next_dagrun for dataset_consumes_1 to None, run_after=None
[2024-10-09T11:13:46.704+0700] {logging_mixin.py:149} INFO - [2024-10-09T11:13:46.704+0700] {dag.py:3486} INFO - Setting next_dagrun for dataset_consumes_1_and_2 to None, run_after=None
[2024-10-09T11:13:46.707+0700] {logging_mixin.py:149} INFO - [2024-10-09T11:13:46.706+0700] {dag.py:3486} INFO - Setting next_dagrun for dataset_consumes_1_never_scheduled to None, run_after=None
[2024-10-09T11:13:46.709+0700] {logging_mixin.py:149} INFO - [2024-10-09T11:13:46.709+0700] {dag.py:3486} INFO - Setting next_dagrun for dataset_consumes_unknown_never_scheduled to None, run_after=None
[2024-10-09T11:13:46.714+0700] {logging_mixin.py:149} INFO - [2024-10-09T11:13:46.714+0700] {dag.py:3486} INFO - Setting next_dagrun for dataset_produces_1 to 2024-10-08T00:00:00+00:00, run_after=2024-10-09T00:00:00+00:00
[2024-10-09T11:13:46.717+0700] {logging_mixin.py:149} INFO - [2024-10-09T11:13:46.717+0700] {dag.py:3486} INFO - Setting next_dagrun for dataset_produces_2 to None, run_after=None
[2024-10-09T11:13:46.880+0700] {processor.py:179} INFO - Processing /home/hasyidan/venv/lib/python3.8/site-packages/airflow/example_dags/example_datasets.py took 0.339 seconds
[2024-10-09T11:15:15.232+0700] {processor.py:157} INFO - Started process (PID=5137) to work on /home/hasyidan/venv/lib/python3.8/site-packages/airflow/example_dags/example_datasets.py
[2024-10-09T11:15:15.343+0700] {processor.py:826} INFO - Processing file /home/hasyidan/venv/lib/python3.8/site-packages/airflow/example_dags/example_datasets.py for tasks to queue
[2024-10-09T11:15:15.346+0700] {logging_mixin.py:149} INFO - [2024-10-09T11:15:15.346+0700] {dagbag.py:541} INFO - Filling up the DagBag from /home/hasyidan/venv/lib/python3.8/site-packages/airflow/example_dags/example_datasets.py
[2024-10-09T11:15:15.558+0700] {processor.py:836} INFO - DAG(s) dict_keys(['dataset_consumes_1_never_scheduled', 'dataset_consumes_1', 'dataset_produces_2', 'dataset_consumes_unknown_never_scheduled', 'dataset_consumes_1_and_2', 'dataset_produces_1']) retrieved from /home/hasyidan/venv/lib/python3.8/site-packages/airflow/example_dags/example_datasets.py
[2024-10-09T11:15:15.626+0700] {logging_mixin.py:149} INFO - [2024-10-09T11:15:15.625+0700] {dag.py:2726} INFO - Sync 6 DAGs
[2024-10-09T11:15:15.743+0700] {logging_mixin.py:149} INFO - [2024-10-09T11:15:15.743+0700] {dag.py:3486} INFO - Setting next_dagrun for dataset_consumes_1 to None, run_after=None
[2024-10-09T11:15:15.750+0700] {logging_mixin.py:149} INFO - [2024-10-09T11:15:15.750+0700] {dag.py:3486} INFO - Setting next_dagrun for dataset_consumes_1_and_2 to None, run_after=None
[2024-10-09T11:15:15.752+0700] {logging_mixin.py:149} INFO - [2024-10-09T11:15:15.752+0700] {dag.py:3486} INFO - Setting next_dagrun for dataset_consumes_1_never_scheduled to None, run_after=None
[2024-10-09T11:15:15.755+0700] {logging_mixin.py:149} INFO - [2024-10-09T11:15:15.754+0700] {dag.py:3486} INFO - Setting next_dagrun for dataset_consumes_unknown_never_scheduled to None, run_after=None
[2024-10-09T11:15:15.760+0700] {logging_mixin.py:149} INFO - [2024-10-09T11:15:15.760+0700] {dag.py:3486} INFO - Setting next_dagrun for dataset_produces_1 to 2024-10-08T00:00:00+00:00, run_after=2024-10-09T00:00:00+00:00
[2024-10-09T11:15:15.763+0700] {logging_mixin.py:149} INFO - [2024-10-09T11:15:15.762+0700] {dag.py:3486} INFO - Setting next_dagrun for dataset_produces_2 to None, run_after=None
[2024-10-09T11:15:16.749+0700] {processor.py:179} INFO - Processing /home/hasyidan/venv/lib/python3.8/site-packages/airflow/example_dags/example_datasets.py took 1.523 seconds
[2024-10-09T11:16:52.200+0700] {processor.py:157} INFO - Started process (PID=5349) to work on /home/hasyidan/venv/lib/python3.8/site-packages/airflow/example_dags/example_datasets.py
[2024-10-09T11:16:52.231+0700] {processor.py:826} INFO - Processing file /home/hasyidan/venv/lib/python3.8/site-packages/airflow/example_dags/example_datasets.py for tasks to queue
[2024-10-09T11:16:52.233+0700] {logging_mixin.py:149} INFO - [2024-10-09T11:16:52.233+0700] {dagbag.py:541} INFO - Filling up the DagBag from /home/hasyidan/venv/lib/python3.8/site-packages/airflow/example_dags/example_datasets.py
[2024-10-09T11:16:52.272+0700] {processor.py:836} INFO - DAG(s) dict_keys(['dataset_consumes_unknown_never_scheduled', 'dataset_produces_2', 'dataset_consumes_1_never_scheduled', 'dataset_consumes_1_and_2', 'dataset_consumes_1', 'dataset_produces_1']) retrieved from /home/hasyidan/venv/lib/python3.8/site-packages/airflow/example_dags/example_datasets.py
[2024-10-09T11:16:52.384+0700] {logging_mixin.py:149} INFO - [2024-10-09T11:16:52.383+0700] {dag.py:2726} INFO - Sync 6 DAGs
[2024-10-09T11:16:52.446+0700] {logging_mixin.py:149} INFO - [2024-10-09T11:16:52.446+0700] {dag.py:3486} INFO - Setting next_dagrun for dataset_consumes_1 to None, run_after=None
[2024-10-09T11:16:52.456+0700] {logging_mixin.py:149} INFO - [2024-10-09T11:16:52.455+0700] {dag.py:3486} INFO - Setting next_dagrun for dataset_consumes_1_and_2 to None, run_after=None
[2024-10-09T11:16:52.459+0700] {logging_mixin.py:149} INFO - [2024-10-09T11:16:52.458+0700] {dag.py:3486} INFO - Setting next_dagrun for dataset_consumes_1_never_scheduled to None, run_after=None
[2024-10-09T11:16:52.462+0700] {logging_mixin.py:149} INFO - [2024-10-09T11:16:52.462+0700] {dag.py:3486} INFO - Setting next_dagrun for dataset_consumes_unknown_never_scheduled to None, run_after=None
[2024-10-09T11:16:52.470+0700] {logging_mixin.py:149} INFO - [2024-10-09T11:16:52.469+0700] {dag.py:3486} INFO - Setting next_dagrun for dataset_produces_1 to 2024-10-08T00:00:00+00:00, run_after=2024-10-09T00:00:00+00:00
[2024-10-09T11:16:52.474+0700] {logging_mixin.py:149} INFO - [2024-10-09T11:16:52.473+0700] {dag.py:3486} INFO - Setting next_dagrun for dataset_produces_2 to None, run_after=None
[2024-10-09T11:16:52.655+0700] {processor.py:179} INFO - Processing /home/hasyidan/venv/lib/python3.8/site-packages/airflow/example_dags/example_datasets.py took 0.463 seconds
[2024-10-09T11:18:01.611+0700] {processor.py:157} INFO - Started process (PID=5419) to work on /home/hasyidan/venv/lib/python3.8/site-packages/airflow/example_dags/example_datasets.py
[2024-10-09T11:18:01.641+0700] {processor.py:826} INFO - Processing file /home/hasyidan/venv/lib/python3.8/site-packages/airflow/example_dags/example_datasets.py for tasks to queue
[2024-10-09T11:18:01.643+0700] {logging_mixin.py:149} INFO - [2024-10-09T11:18:01.643+0700] {dagbag.py:541} INFO - Filling up the DagBag from /home/hasyidan/venv/lib/python3.8/site-packages/airflow/example_dags/example_datasets.py
[2024-10-09T11:18:01.675+0700] {processor.py:836} INFO - DAG(s) dict_keys(['dataset_consumes_1_never_scheduled', 'dataset_consumes_1', 'dataset_produces_1', 'dataset_consumes_unknown_never_scheduled', 'dataset_produces_2', 'dataset_consumes_1_and_2']) retrieved from /home/hasyidan/venv/lib/python3.8/site-packages/airflow/example_dags/example_datasets.py
[2024-10-09T11:18:01.792+0700] {logging_mixin.py:149} INFO - [2024-10-09T11:18:01.791+0700] {dag.py:2726} INFO - Sync 6 DAGs
[2024-10-09T11:18:01.878+0700] {logging_mixin.py:149} INFO - [2024-10-09T11:18:01.877+0700] {dag.py:3486} INFO - Setting next_dagrun for dataset_consumes_1 to None, run_after=None
[2024-10-09T11:18:01.891+0700] {logging_mixin.py:149} INFO - [2024-10-09T11:18:01.890+0700] {dag.py:3486} INFO - Setting next_dagrun for dataset_consumes_1_and_2 to None, run_after=None
[2024-10-09T11:18:01.894+0700] {logging_mixin.py:149} INFO - [2024-10-09T11:18:01.893+0700] {dag.py:3486} INFO - Setting next_dagrun for dataset_consumes_1_never_scheduled to None, run_after=None
[2024-10-09T11:18:01.897+0700] {logging_mixin.py:149} INFO - [2024-10-09T11:18:01.897+0700] {dag.py:3486} INFO - Setting next_dagrun for dataset_consumes_unknown_never_scheduled to None, run_after=None
[2024-10-09T11:18:01.908+0700] {logging_mixin.py:149} INFO - [2024-10-09T11:18:01.907+0700] {dag.py:3486} INFO - Setting next_dagrun for dataset_produces_1 to 2024-10-08T00:00:00+00:00, run_after=2024-10-09T00:00:00+00:00
[2024-10-09T11:18:01.910+0700] {logging_mixin.py:149} INFO - [2024-10-09T11:18:01.910+0700] {dag.py:3486} INFO - Setting next_dagrun for dataset_produces_2 to None, run_after=None
[2024-10-09T11:18:02.126+0700] {processor.py:179} INFO - Processing /home/hasyidan/venv/lib/python3.8/site-packages/airflow/example_dags/example_datasets.py took 0.530 seconds
[2024-10-09T11:19:07.188+0700] {processor.py:157} INFO - Started process (PID=5485) to work on /home/hasyidan/venv/lib/python3.8/site-packages/airflow/example_dags/example_datasets.py
[2024-10-09T11:19:07.200+0700] {processor.py:826} INFO - Processing file /home/hasyidan/venv/lib/python3.8/site-packages/airflow/example_dags/example_datasets.py for tasks to queue
[2024-10-09T11:19:07.202+0700] {logging_mixin.py:149} INFO - [2024-10-09T11:19:07.202+0700] {dagbag.py:541} INFO - Filling up the DagBag from /home/hasyidan/venv/lib/python3.8/site-packages/airflow/example_dags/example_datasets.py
[2024-10-09T11:19:07.250+0700] {processor.py:836} INFO - DAG(s) dict_keys(['dataset_produces_2', 'dataset_consumes_unknown_never_scheduled', 'dataset_consumes_1_never_scheduled', 'dataset_produces_1', 'dataset_consumes_1', 'dataset_consumes_1_and_2']) retrieved from /home/hasyidan/venv/lib/python3.8/site-packages/airflow/example_dags/example_datasets.py
[2024-10-09T11:19:07.356+0700] {logging_mixin.py:149} INFO - [2024-10-09T11:19:07.355+0700] {dag.py:2726} INFO - Sync 6 DAGs
[2024-10-09T11:19:07.428+0700] {logging_mixin.py:149} INFO - [2024-10-09T11:19:07.425+0700] {dag.py:3486} INFO - Setting next_dagrun for dataset_consumes_1 to None, run_after=None
[2024-10-09T11:19:07.437+0700] {logging_mixin.py:149} INFO - [2024-10-09T11:19:07.436+0700] {dag.py:3486} INFO - Setting next_dagrun for dataset_consumes_1_and_2 to None, run_after=None
[2024-10-09T11:19:07.439+0700] {logging_mixin.py:149} INFO - [2024-10-09T11:19:07.439+0700] {dag.py:3486} INFO - Setting next_dagrun for dataset_consumes_1_never_scheduled to None, run_after=None
[2024-10-09T11:19:07.445+0700] {logging_mixin.py:149} INFO - [2024-10-09T11:19:07.444+0700] {dag.py:3486} INFO - Setting next_dagrun for dataset_consumes_unknown_never_scheduled to None, run_after=None
[2024-10-09T11:19:07.453+0700] {logging_mixin.py:149} INFO - [2024-10-09T11:19:07.452+0700] {dag.py:3486} INFO - Setting next_dagrun for dataset_produces_1 to 2024-10-08T00:00:00+00:00, run_after=2024-10-09T00:00:00+00:00
[2024-10-09T11:19:07.455+0700] {logging_mixin.py:149} INFO - [2024-10-09T11:19:07.455+0700] {dag.py:3486} INFO - Setting next_dagrun for dataset_produces_2 to None, run_after=None
[2024-10-09T11:19:07.653+0700] {processor.py:179} INFO - Processing /home/hasyidan/venv/lib/python3.8/site-packages/airflow/example_dags/example_datasets.py took 0.474 seconds
[2024-10-09T11:20:09.679+0700] {processor.py:157} INFO - Started process (PID=5553) to work on /home/hasyidan/venv/lib/python3.8/site-packages/airflow/example_dags/example_datasets.py
[2024-10-09T11:20:09.716+0700] {processor.py:826} INFO - Processing file /home/hasyidan/venv/lib/python3.8/site-packages/airflow/example_dags/example_datasets.py for tasks to queue
[2024-10-09T11:20:09.718+0700] {logging_mixin.py:149} INFO - [2024-10-09T11:20:09.717+0700] {dagbag.py:541} INFO - Filling up the DagBag from /home/hasyidan/venv/lib/python3.8/site-packages/airflow/example_dags/example_datasets.py
[2024-10-09T11:20:09.747+0700] {processor.py:836} INFO - DAG(s) dict_keys(['dataset_produces_2', 'dataset_consumes_1', 'dataset_produces_1', 'dataset_consumes_1_and_2', 'dataset_consumes_unknown_never_scheduled', 'dataset_consumes_1_never_scheduled']) retrieved from /home/hasyidan/venv/lib/python3.8/site-packages/airflow/example_dags/example_datasets.py
[2024-10-09T11:20:09.849+0700] {logging_mixin.py:149} INFO - [2024-10-09T11:20:09.849+0700] {dag.py:2726} INFO - Sync 6 DAGs
[2024-10-09T11:20:09.934+0700] {logging_mixin.py:149} INFO - [2024-10-09T11:20:09.933+0700] {dag.py:3486} INFO - Setting next_dagrun for dataset_consumes_1 to None, run_after=None
[2024-10-09T11:20:09.948+0700] {logging_mixin.py:149} INFO - [2024-10-09T11:20:09.947+0700] {dag.py:3486} INFO - Setting next_dagrun for dataset_consumes_1_and_2 to None, run_after=None
[2024-10-09T11:20:09.950+0700] {logging_mixin.py:149} INFO - [2024-10-09T11:20:09.950+0700] {dag.py:3486} INFO - Setting next_dagrun for dataset_consumes_1_never_scheduled to None, run_after=None
[2024-10-09T11:20:09.953+0700] {logging_mixin.py:149} INFO - [2024-10-09T11:20:09.953+0700] {dag.py:3486} INFO - Setting next_dagrun for dataset_consumes_unknown_never_scheduled to None, run_after=None
[2024-10-09T11:20:09.965+0700] {logging_mixin.py:149} INFO - [2024-10-09T11:20:09.964+0700] {dag.py:3486} INFO - Setting next_dagrun for dataset_produces_1 to 2024-10-08T00:00:00+00:00, run_after=2024-10-09T00:00:00+00:00
[2024-10-09T11:20:09.968+0700] {logging_mixin.py:149} INFO - [2024-10-09T11:20:09.968+0700] {dag.py:3486} INFO - Setting next_dagrun for dataset_produces_2 to None, run_after=None
[2024-10-09T11:20:10.214+0700] {processor.py:179} INFO - Processing /home/hasyidan/venv/lib/python3.8/site-packages/airflow/example_dags/example_datasets.py took 0.543 seconds
[2024-10-09T11:21:18.301+0700] {processor.py:157} INFO - Started process (PID=5627) to work on /home/hasyidan/venv/lib/python3.8/site-packages/airflow/example_dags/example_datasets.py
[2024-10-09T11:21:18.305+0700] {processor.py:826} INFO - Processing file /home/hasyidan/venv/lib/python3.8/site-packages/airflow/example_dags/example_datasets.py for tasks to queue
[2024-10-09T11:21:18.306+0700] {logging_mixin.py:149} INFO - [2024-10-09T11:21:18.306+0700] {dagbag.py:541} INFO - Filling up the DagBag from /home/hasyidan/venv/lib/python3.8/site-packages/airflow/example_dags/example_datasets.py
[2024-10-09T11:21:18.335+0700] {processor.py:836} INFO - DAG(s) dict_keys(['dataset_consumes_1', 'dataset_consumes_1_and_2', 'dataset_produces_1', 'dataset_consumes_unknown_never_scheduled', 'dataset_produces_2', 'dataset_consumes_1_never_scheduled']) retrieved from /home/hasyidan/venv/lib/python3.8/site-packages/airflow/example_dags/example_datasets.py
[2024-10-09T11:21:18.451+0700] {logging_mixin.py:149} INFO - [2024-10-09T11:21:18.451+0700] {dag.py:2726} INFO - Sync 6 DAGs
[2024-10-09T11:21:18.537+0700] {logging_mixin.py:149} INFO - [2024-10-09T11:21:18.537+0700] {dag.py:3486} INFO - Setting next_dagrun for dataset_consumes_1 to None, run_after=None
[2024-10-09T11:21:18.550+0700] {logging_mixin.py:149} INFO - [2024-10-09T11:21:18.550+0700] {dag.py:3486} INFO - Setting next_dagrun for dataset_consumes_1_and_2 to None, run_after=None
[2024-10-09T11:21:18.553+0700] {logging_mixin.py:149} INFO - [2024-10-09T11:21:18.552+0700] {dag.py:3486} INFO - Setting next_dagrun for dataset_consumes_1_never_scheduled to None, run_after=None
[2024-10-09T11:21:18.556+0700] {logging_mixin.py:149} INFO - [2024-10-09T11:21:18.555+0700] {dag.py:3486} INFO - Setting next_dagrun for dataset_consumes_unknown_never_scheduled to None, run_after=None
[2024-10-09T11:21:18.567+0700] {logging_mixin.py:149} INFO - [2024-10-09T11:21:18.567+0700] {dag.py:3486} INFO - Setting next_dagrun for dataset_produces_1 to 2024-10-08T00:00:00+00:00, run_after=2024-10-09T00:00:00+00:00
[2024-10-09T11:21:18.572+0700] {logging_mixin.py:149} INFO - [2024-10-09T11:21:18.572+0700] {dag.py:3486} INFO - Setting next_dagrun for dataset_produces_2 to None, run_after=None
[2024-10-09T11:21:18.784+0700] {processor.py:179} INFO - Processing /home/hasyidan/venv/lib/python3.8/site-packages/airflow/example_dags/example_datasets.py took 0.499 seconds
[2024-10-09T11:22:22.766+0700] {processor.py:157} INFO - Started process (PID=5689) to work on /home/hasyidan/venv/lib/python3.8/site-packages/airflow/example_dags/example_datasets.py
[2024-10-09T11:22:22.802+0700] {processor.py:826} INFO - Processing file /home/hasyidan/venv/lib/python3.8/site-packages/airflow/example_dags/example_datasets.py for tasks to queue
[2024-10-09T11:22:22.804+0700] {logging_mixin.py:149} INFO - [2024-10-09T11:22:22.803+0700] {dagbag.py:541} INFO - Filling up the DagBag from /home/hasyidan/venv/lib/python3.8/site-packages/airflow/example_dags/example_datasets.py
[2024-10-09T11:22:22.835+0700] {processor.py:836} INFO - DAG(s) dict_keys(['dataset_consumes_1_never_scheduled', 'dataset_produces_1', 'dataset_consumes_1', 'dataset_consumes_1_and_2', 'dataset_consumes_unknown_never_scheduled', 'dataset_produces_2']) retrieved from /home/hasyidan/venv/lib/python3.8/site-packages/airflow/example_dags/example_datasets.py
[2024-10-09T11:22:22.929+0700] {logging_mixin.py:149} INFO - [2024-10-09T11:22:22.929+0700] {dag.py:2726} INFO - Sync 6 DAGs
[2024-10-09T11:22:22.995+0700] {logging_mixin.py:149} INFO - [2024-10-09T11:22:22.994+0700] {dag.py:3486} INFO - Setting next_dagrun for dataset_consumes_1 to None, run_after=None
[2024-10-09T11:22:23.002+0700] {logging_mixin.py:149} INFO - [2024-10-09T11:22:23.002+0700] {dag.py:3486} INFO - Setting next_dagrun for dataset_consumes_1_and_2 to None, run_after=None
[2024-10-09T11:22:23.006+0700] {logging_mixin.py:149} INFO - [2024-10-09T11:22:23.005+0700] {dag.py:3486} INFO - Setting next_dagrun for dataset_consumes_1_never_scheduled to None, run_after=None
[2024-10-09T11:22:23.010+0700] {logging_mixin.py:149} INFO - [2024-10-09T11:22:23.009+0700] {dag.py:3486} INFO - Setting next_dagrun for dataset_consumes_unknown_never_scheduled to None, run_after=None
[2024-10-09T11:22:23.019+0700] {logging_mixin.py:149} INFO - [2024-10-09T11:22:23.018+0700] {dag.py:3486} INFO - Setting next_dagrun for dataset_produces_1 to 2024-10-08T00:00:00+00:00, run_after=2024-10-09T00:00:00+00:00
[2024-10-09T11:22:23.022+0700] {logging_mixin.py:149} INFO - [2024-10-09T11:22:23.022+0700] {dag.py:3486} INFO - Setting next_dagrun for dataset_produces_2 to None, run_after=None
[2024-10-09T11:22:23.200+0700] {processor.py:179} INFO - Processing /home/hasyidan/venv/lib/python3.8/site-packages/airflow/example_dags/example_datasets.py took 0.441 seconds
[2024-10-09T11:23:25.778+0700] {processor.py:157} INFO - Started process (PID=5751) to work on /home/hasyidan/venv/lib/python3.8/site-packages/airflow/example_dags/example_datasets.py
[2024-10-09T11:23:25.797+0700] {processor.py:826} INFO - Processing file /home/hasyidan/venv/lib/python3.8/site-packages/airflow/example_dags/example_datasets.py for tasks to queue
[2024-10-09T11:23:25.799+0700] {logging_mixin.py:149} INFO - [2024-10-09T11:23:25.798+0700] {dagbag.py:541} INFO - Filling up the DagBag from /home/hasyidan/venv/lib/python3.8/site-packages/airflow/example_dags/example_datasets.py
[2024-10-09T11:23:25.826+0700] {processor.py:836} INFO - DAG(s) dict_keys(['dataset_consumes_1_never_scheduled', 'dataset_produces_1', 'dataset_produces_2', 'dataset_consumes_1_and_2', 'dataset_consumes_unknown_never_scheduled', 'dataset_consumes_1']) retrieved from /home/hasyidan/venv/lib/python3.8/site-packages/airflow/example_dags/example_datasets.py
[2024-10-09T11:23:25.946+0700] {logging_mixin.py:149} INFO - [2024-10-09T11:23:25.946+0700] {dag.py:2726} INFO - Sync 6 DAGs
[2024-10-09T11:23:26.071+0700] {logging_mixin.py:149} INFO - [2024-10-09T11:23:26.070+0700] {dag.py:3486} INFO - Setting next_dagrun for dataset_consumes_1 to None, run_after=None
[2024-10-09T11:23:26.080+0700] {logging_mixin.py:149} INFO - [2024-10-09T11:23:26.079+0700] {dag.py:3486} INFO - Setting next_dagrun for dataset_consumes_1_and_2 to None, run_after=None
[2024-10-09T11:23:26.084+0700] {logging_mixin.py:149} INFO - [2024-10-09T11:23:26.084+0700] {dag.py:3486} INFO - Setting next_dagrun for dataset_consumes_1_never_scheduled to None, run_after=None
[2024-10-09T11:23:26.089+0700] {logging_mixin.py:149} INFO - [2024-10-09T11:23:26.089+0700] {dag.py:3486} INFO - Setting next_dagrun for dataset_consumes_unknown_never_scheduled to None, run_after=None
[2024-10-09T11:23:26.102+0700] {logging_mixin.py:149} INFO - [2024-10-09T11:23:26.101+0700] {dag.py:3486} INFO - Setting next_dagrun for dataset_produces_1 to 2024-10-08T00:00:00+00:00, run_after=2024-10-09T00:00:00+00:00
[2024-10-09T11:23:26.106+0700] {logging_mixin.py:149} INFO - [2024-10-09T11:23:26.106+0700] {dag.py:3486} INFO - Setting next_dagrun for dataset_produces_2 to None, run_after=None
[2024-10-09T11:23:26.303+0700] {processor.py:179} INFO - Processing /home/hasyidan/venv/lib/python3.8/site-packages/airflow/example_dags/example_datasets.py took 0.532 seconds
[2024-10-09T11:24:32.548+0700] {processor.py:157} INFO - Started process (PID=5819) to work on /home/hasyidan/venv/lib/python3.8/site-packages/airflow/example_dags/example_datasets.py
[2024-10-09T11:24:32.570+0700] {processor.py:826} INFO - Processing file /home/hasyidan/venv/lib/python3.8/site-packages/airflow/example_dags/example_datasets.py for tasks to queue
[2024-10-09T11:24:32.572+0700] {logging_mixin.py:149} INFO - [2024-10-09T11:24:32.571+0700] {dagbag.py:541} INFO - Filling up the DagBag from /home/hasyidan/venv/lib/python3.8/site-packages/airflow/example_dags/example_datasets.py
[2024-10-09T11:24:32.617+0700] {processor.py:836} INFO - DAG(s) dict_keys(['dataset_consumes_1_never_scheduled', 'dataset_consumes_unknown_never_scheduled', 'dataset_consumes_1_and_2', 'dataset_produces_2', 'dataset_consumes_1', 'dataset_produces_1']) retrieved from /home/hasyidan/venv/lib/python3.8/site-packages/airflow/example_dags/example_datasets.py
[2024-10-09T11:24:32.740+0700] {logging_mixin.py:149} INFO - [2024-10-09T11:24:32.739+0700] {dag.py:2726} INFO - Sync 6 DAGs
[2024-10-09T11:24:32.828+0700] {logging_mixin.py:149} INFO - [2024-10-09T11:24:32.827+0700] {dag.py:3486} INFO - Setting next_dagrun for dataset_consumes_1 to None, run_after=None
[2024-10-09T11:24:32.843+0700] {logging_mixin.py:149} INFO - [2024-10-09T11:24:32.842+0700] {dag.py:3486} INFO - Setting next_dagrun for dataset_consumes_1_and_2 to None, run_after=None
[2024-10-09T11:24:32.847+0700] {logging_mixin.py:149} INFO - [2024-10-09T11:24:32.847+0700] {dag.py:3486} INFO - Setting next_dagrun for dataset_consumes_1_never_scheduled to None, run_after=None
[2024-10-09T11:24:32.850+0700] {logging_mixin.py:149} INFO - [2024-10-09T11:24:32.850+0700] {dag.py:3486} INFO - Setting next_dagrun for dataset_consumes_unknown_never_scheduled to None, run_after=None
[2024-10-09T11:24:32.870+0700] {logging_mixin.py:149} INFO - [2024-10-09T11:24:32.869+0700] {dag.py:3486} INFO - Setting next_dagrun for dataset_produces_1 to 2024-10-08T00:00:00+00:00, run_after=2024-10-09T00:00:00+00:00
[2024-10-09T11:24:32.872+0700] {logging_mixin.py:149} INFO - [2024-10-09T11:24:32.872+0700] {dag.py:3486} INFO - Setting next_dagrun for dataset_produces_2 to None, run_after=None
[2024-10-09T11:24:33.296+0700] {processor.py:179} INFO - Processing /home/hasyidan/venv/lib/python3.8/site-packages/airflow/example_dags/example_datasets.py took 0.764 seconds
[2024-10-09T11:25:40.989+0700] {processor.py:157} INFO - Started process (PID=5898) to work on /home/hasyidan/venv/lib/python3.8/site-packages/airflow/example_dags/example_datasets.py
[2024-10-09T11:25:41.022+0700] {processor.py:826} INFO - Processing file /home/hasyidan/venv/lib/python3.8/site-packages/airflow/example_dags/example_datasets.py for tasks to queue
[2024-10-09T11:25:41.024+0700] {logging_mixin.py:149} INFO - [2024-10-09T11:25:41.024+0700] {dagbag.py:541} INFO - Filling up the DagBag from /home/hasyidan/venv/lib/python3.8/site-packages/airflow/example_dags/example_datasets.py
[2024-10-09T11:25:41.059+0700] {processor.py:836} INFO - DAG(s) dict_keys(['dataset_consumes_1_never_scheduled', 'dataset_produces_1', 'dataset_produces_2', 'dataset_consumes_1', 'dataset_consumes_unknown_never_scheduled', 'dataset_consumes_1_and_2']) retrieved from /home/hasyidan/venv/lib/python3.8/site-packages/airflow/example_dags/example_datasets.py
[2024-10-09T11:25:41.189+0700] {logging_mixin.py:149} INFO - [2024-10-09T11:25:41.188+0700] {dag.py:2726} INFO - Sync 6 DAGs
[2024-10-09T11:25:41.270+0700] {logging_mixin.py:149} INFO - [2024-10-09T11:25:41.270+0700] {dag.py:3486} INFO - Setting next_dagrun for dataset_consumes_1 to None, run_after=None
[2024-10-09T11:25:41.279+0700] {logging_mixin.py:149} INFO - [2024-10-09T11:25:41.279+0700] {dag.py:3486} INFO - Setting next_dagrun for dataset_consumes_1_and_2 to None, run_after=None
[2024-10-09T11:25:41.285+0700] {logging_mixin.py:149} INFO - [2024-10-09T11:25:41.284+0700] {dag.py:3486} INFO - Setting next_dagrun for dataset_consumes_1_never_scheduled to None, run_after=None
[2024-10-09T11:25:41.288+0700] {logging_mixin.py:149} INFO - [2024-10-09T11:25:41.288+0700] {dag.py:3486} INFO - Setting next_dagrun for dataset_consumes_unknown_never_scheduled to None, run_after=None
[2024-10-09T11:25:41.296+0700] {logging_mixin.py:149} INFO - [2024-10-09T11:25:41.296+0700] {dag.py:3486} INFO - Setting next_dagrun for dataset_produces_1 to 2024-10-08T00:00:00+00:00, run_after=2024-10-09T00:00:00+00:00
[2024-10-09T11:25:41.302+0700] {logging_mixin.py:149} INFO - [2024-10-09T11:25:41.302+0700] {dag.py:3486} INFO - Setting next_dagrun for dataset_produces_2 to None, run_after=None
[2024-10-09T11:25:41.622+0700] {processor.py:179} INFO - Processing /home/hasyidan/venv/lib/python3.8/site-packages/airflow/example_dags/example_datasets.py took 0.645 seconds
[2024-10-09T11:28:34.707+0700] {processor.py:157} INFO - Started process (PID=6015) to work on /home/hasyidan/venv/lib/python3.8/site-packages/airflow/example_dags/example_datasets.py
[2024-10-09T11:28:34.785+0700] {processor.py:826} INFO - Processing file /home/hasyidan/venv/lib/python3.8/site-packages/airflow/example_dags/example_datasets.py for tasks to queue
[2024-10-09T11:28:34.787+0700] {logging_mixin.py:149} INFO - [2024-10-09T11:28:34.786+0700] {dagbag.py:541} INFO - Filling up the DagBag from /home/hasyidan/venv/lib/python3.8/site-packages/airflow/example_dags/example_datasets.py
[2024-10-09T11:28:34.873+0700] {processor.py:836} INFO - DAG(s) dict_keys(['dataset_produces_2', 'dataset_produces_1', 'dataset_consumes_unknown_never_scheduled', 'dataset_consumes_1_and_2', 'dataset_consumes_1', 'dataset_consumes_1_never_scheduled']) retrieved from /home/hasyidan/venv/lib/python3.8/site-packages/airflow/example_dags/example_datasets.py
[2024-10-09T11:28:35.181+0700] {logging_mixin.py:149} INFO - [2024-10-09T11:28:35.180+0700] {dag.py:2726} INFO - Sync 6 DAGs
[2024-10-09T11:28:35.535+0700] {logging_mixin.py:149} INFO - [2024-10-09T11:28:35.534+0700] {dag.py:3486} INFO - Setting next_dagrun for dataset_consumes_1 to None, run_after=None
[2024-10-09T11:28:35.542+0700] {logging_mixin.py:149} INFO - [2024-10-09T11:28:35.542+0700] {dag.py:3486} INFO - Setting next_dagrun for dataset_consumes_1_and_2 to None, run_after=None
[2024-10-09T11:28:35.546+0700] {logging_mixin.py:149} INFO - [2024-10-09T11:28:35.545+0700] {dag.py:3486} INFO - Setting next_dagrun for dataset_consumes_1_never_scheduled to None, run_after=None
[2024-10-09T11:28:35.550+0700] {logging_mixin.py:149} INFO - [2024-10-09T11:28:35.550+0700] {dag.py:3486} INFO - Setting next_dagrun for dataset_consumes_unknown_never_scheduled to None, run_after=None
[2024-10-09T11:28:35.558+0700] {logging_mixin.py:149} INFO - [2024-10-09T11:28:35.557+0700] {dag.py:3486} INFO - Setting next_dagrun for dataset_produces_1 to 2024-10-08T00:00:00+00:00, run_after=2024-10-09T00:00:00+00:00
[2024-10-09T11:28:35.562+0700] {logging_mixin.py:149} INFO - [2024-10-09T11:28:35.561+0700] {dag.py:3486} INFO - Setting next_dagrun for dataset_produces_2 to None, run_after=None
[2024-10-09T11:28:35.791+0700] {processor.py:179} INFO - Processing /home/hasyidan/venv/lib/python3.8/site-packages/airflow/example_dags/example_datasets.py took 1.090 seconds
[2024-10-09T11:32:42.969+0700] {processor.py:157} INFO - Started process (PID=6292) to work on /home/hasyidan/venv/lib/python3.8/site-packages/airflow/example_dags/example_datasets.py
[2024-10-09T11:32:44.977+0700] {processor.py:826} INFO - Processing file /home/hasyidan/venv/lib/python3.8/site-packages/airflow/example_dags/example_datasets.py for tasks to queue
[2024-10-09T11:32:44.979+0700] {logging_mixin.py:149} INFO - [2024-10-09T11:32:44.979+0700] {dagbag.py:541} INFO - Filling up the DagBag from /home/hasyidan/venv/lib/python3.8/site-packages/airflow/example_dags/example_datasets.py
[2024-10-09T11:32:46.000+0700] {processor.py:836} INFO - DAG(s) dict_keys(['dataset_consumes_1_never_scheduled', 'dataset_consumes_1_and_2', 'dataset_produces_1', 'dataset_consumes_1', 'dataset_produces_2', 'dataset_consumes_unknown_never_scheduled']) retrieved from /home/hasyidan/venv/lib/python3.8/site-packages/airflow/example_dags/example_datasets.py
[2024-10-09T11:32:46.171+0700] {logging_mixin.py:149} INFO - [2024-10-09T11:32:46.171+0700] {dag.py:2726} INFO - Sync 6 DAGs
[2024-10-09T11:32:46.500+0700] {logging_mixin.py:149} INFO - [2024-10-09T11:32:46.500+0700] {dag.py:3486} INFO - Setting next_dagrun for dataset_consumes_1 to None, run_after=None
[2024-10-09T11:32:46.507+0700] {logging_mixin.py:149} INFO - [2024-10-09T11:32:46.507+0700] {dag.py:3486} INFO - Setting next_dagrun for dataset_consumes_1_and_2 to None, run_after=None
[2024-10-09T11:32:46.509+0700] {logging_mixin.py:149} INFO - [2024-10-09T11:32:46.509+0700] {dag.py:3486} INFO - Setting next_dagrun for dataset_consumes_1_never_scheduled to None, run_after=None
[2024-10-09T11:32:46.512+0700] {logging_mixin.py:149} INFO - [2024-10-09T11:32:46.512+0700] {dag.py:3486} INFO - Setting next_dagrun for dataset_consumes_unknown_never_scheduled to None, run_after=None
[2024-10-09T11:32:46.518+0700] {logging_mixin.py:149} INFO - [2024-10-09T11:32:46.517+0700] {dag.py:3486} INFO - Setting next_dagrun for dataset_produces_1 to 2024-10-08T00:00:00+00:00, run_after=2024-10-09T00:00:00+00:00
[2024-10-09T11:32:46.520+0700] {logging_mixin.py:149} INFO - [2024-10-09T11:32:46.520+0700] {dag.py:3486} INFO - Setting next_dagrun for dataset_produces_2 to None, run_after=None
[2024-10-09T11:32:47.421+0700] {processor.py:179} INFO - Processing /home/hasyidan/venv/lib/python3.8/site-packages/airflow/example_dags/example_datasets.py took 4.460 seconds
[2024-10-09T11:35:40.729+0700] {processor.py:157} INFO - Started process (PID=6617) to work on /home/hasyidan/venv/lib/python3.8/site-packages/airflow/example_dags/example_datasets.py
[2024-10-09T11:35:40.853+0700] {processor.py:826} INFO - Processing file /home/hasyidan/venv/lib/python3.8/site-packages/airflow/example_dags/example_datasets.py for tasks to queue
[2024-10-09T11:35:40.856+0700] {logging_mixin.py:149} INFO - [2024-10-09T11:35:40.855+0700] {dagbag.py:541} INFO - Filling up the DagBag from /home/hasyidan/venv/lib/python3.8/site-packages/airflow/example_dags/example_datasets.py
[2024-10-09T11:35:41.034+0700] {processor.py:836} INFO - DAG(s) dict_keys(['dataset_consumes_1_never_scheduled', 'dataset_produces_1', 'dataset_produces_2', 'dataset_consumes_unknown_never_scheduled', 'dataset_consumes_1_and_2', 'dataset_consumes_1']) retrieved from /home/hasyidan/venv/lib/python3.8/site-packages/airflow/example_dags/example_datasets.py
[2024-10-09T11:35:41.505+0700] {logging_mixin.py:149} INFO - [2024-10-09T11:35:41.504+0700] {dag.py:2726} INFO - Sync 6 DAGs
[2024-10-09T11:35:41.829+0700] {logging_mixin.py:149} INFO - [2024-10-09T11:35:41.828+0700] {dag.py:3486} INFO - Setting next_dagrun for dataset_consumes_1 to None, run_after=None
[2024-10-09T11:35:41.850+0700] {logging_mixin.py:149} INFO - [2024-10-09T11:35:41.849+0700] {dag.py:3486} INFO - Setting next_dagrun for dataset_consumes_1_and_2 to None, run_after=None
[2024-10-09T11:35:41.853+0700] {logging_mixin.py:149} INFO - [2024-10-09T11:35:41.853+0700] {dag.py:3486} INFO - Setting next_dagrun for dataset_consumes_1_never_scheduled to None, run_after=None
[2024-10-09T11:35:41.855+0700] {logging_mixin.py:149} INFO - [2024-10-09T11:35:41.855+0700] {dag.py:3486} INFO - Setting next_dagrun for dataset_consumes_unknown_never_scheduled to None, run_after=None
[2024-10-09T11:35:41.945+0700] {logging_mixin.py:149} INFO - [2024-10-09T11:35:41.944+0700] {dag.py:3486} INFO - Setting next_dagrun for dataset_produces_1 to 2024-10-08T00:00:00+00:00, run_after=2024-10-09T00:00:00+00:00
[2024-10-09T11:35:41.948+0700] {logging_mixin.py:149} INFO - [2024-10-09T11:35:41.947+0700] {dag.py:3486} INFO - Setting next_dagrun for dataset_produces_2 to None, run_after=None
[2024-10-09T11:35:42.911+0700] {processor.py:179} INFO - Processing /home/hasyidan/venv/lib/python3.8/site-packages/airflow/example_dags/example_datasets.py took 2.196 seconds
[2024-10-09T11:40:26.453+0700] {processor.py:157} INFO - Started process (PID=6925) to work on /home/hasyidan/venv/lib/python3.8/site-packages/airflow/example_dags/example_datasets.py
[2024-10-09T11:40:26.716+0700] {processor.py:826} INFO - Processing file /home/hasyidan/venv/lib/python3.8/site-packages/airflow/example_dags/example_datasets.py for tasks to queue
[2024-10-09T11:40:26.719+0700] {logging_mixin.py:149} INFO - [2024-10-09T11:40:26.718+0700] {dagbag.py:541} INFO - Filling up the DagBag from /home/hasyidan/venv/lib/python3.8/site-packages/airflow/example_dags/example_datasets.py
[2024-10-09T11:40:28.179+0700] {processor.py:836} INFO - DAG(s) dict_keys(['dataset_consumes_1', 'dataset_consumes_unknown_never_scheduled', 'dataset_produces_1', 'dataset_produces_2', 'dataset_consumes_1_never_scheduled', 'dataset_consumes_1_and_2']) retrieved from /home/hasyidan/venv/lib/python3.8/site-packages/airflow/example_dags/example_datasets.py
[2024-10-09T11:40:29.413+0700] {logging_mixin.py:149} INFO - [2024-10-09T11:40:29.412+0700] {dag.py:2726} INFO - Sync 6 DAGs
[2024-10-09T11:40:31.666+0700] {logging_mixin.py:149} INFO - [2024-10-09T11:40:31.665+0700] {dag.py:3486} INFO - Setting next_dagrun for dataset_consumes_1 to None, run_after=None
[2024-10-09T11:40:31.827+0700] {logging_mixin.py:149} INFO - [2024-10-09T11:40:31.827+0700] {dag.py:3486} INFO - Setting next_dagrun for dataset_consumes_1_and_2 to None, run_after=None
[2024-10-09T11:40:31.830+0700] {logging_mixin.py:149} INFO - [2024-10-09T11:40:31.830+0700] {dag.py:3486} INFO - Setting next_dagrun for dataset_consumes_1_never_scheduled to None, run_after=None
[2024-10-09T11:40:31.834+0700] {logging_mixin.py:149} INFO - [2024-10-09T11:40:31.833+0700] {dag.py:3486} INFO - Setting next_dagrun for dataset_consumes_unknown_never_scheduled to None, run_after=None
[2024-10-09T11:40:31.853+0700] {logging_mixin.py:149} INFO - [2024-10-09T11:40:31.853+0700] {dag.py:3486} INFO - Setting next_dagrun for dataset_produces_1 to 2024-10-08T00:00:00+00:00, run_after=2024-10-09T00:00:00+00:00
[2024-10-09T11:40:31.863+0700] {logging_mixin.py:149} INFO - [2024-10-09T11:40:31.863+0700] {dag.py:3486} INFO - Setting next_dagrun for dataset_produces_2 to None, run_after=None
[2024-10-09T11:40:35.494+0700] {processor.py:179} INFO - Processing /home/hasyidan/venv/lib/python3.8/site-packages/airflow/example_dags/example_datasets.py took 9.051 seconds
