[2024-10-09T10:59:24.095+0700] {processor.py:157} INFO - Started process (PID=3957) to work on /home/hasyidan/venv/lib/python3.8/site-packages/airflow/example_dags/example_complex.py
[2024-10-09T10:59:24.096+0700] {processor.py:826} INFO - Processing file /home/hasyidan/venv/lib/python3.8/site-packages/airflow/example_dags/example_complex.py for tasks to queue
[2024-10-09T10:59:24.098+0700] {logging_mixin.py:149} INFO - [2024-10-09T10:59:24.097+0700] {dagbag.py:541} INFO - Filling up the DagBag from /home/hasyidan/venv/lib/python3.8/site-packages/airflow/example_dags/example_complex.py
[2024-10-09T10:59:24.124+0700] {logging_mixin.py:149} INFO - [2024-10-09T10:59:24.124+0700] {taskmixin.py:211} WARNING - Dependency <Task(BashOperator): create_entry_group>, delete_entry_group already registered for DAG: example_complex
[2024-10-09T10:59:24.125+0700] {logging_mixin.py:149} INFO - [2024-10-09T10:59:24.125+0700] {taskmixin.py:211} WARNING - Dependency <Task(BashOperator): delete_entry_group>, create_entry_group already registered for DAG: example_complex
[2024-10-09T10:59:24.126+0700] {logging_mixin.py:149} INFO - [2024-10-09T10:59:24.125+0700] {taskmixin.py:211} WARNING - Dependency <Task(BashOperator): create_entry_gcs>, delete_entry already registered for DAG: example_complex
[2024-10-09T10:59:24.126+0700] {logging_mixin.py:149} INFO - [2024-10-09T10:59:24.126+0700] {taskmixin.py:211} WARNING - Dependency <Task(BashOperator): delete_entry>, create_entry_gcs already registered for DAG: example_complex
[2024-10-09T10:59:24.127+0700] {logging_mixin.py:149} INFO - [2024-10-09T10:59:24.126+0700] {taskmixin.py:211} WARNING - Dependency <Task(BashOperator): create_tag>, delete_tag already registered for DAG: example_complex
[2024-10-09T10:59:24.127+0700] {logging_mixin.py:149} INFO - [2024-10-09T10:59:24.127+0700] {taskmixin.py:211} WARNING - Dependency <Task(BashOperator): delete_tag>, create_tag already registered for DAG: example_complex
[2024-10-09T10:59:24.130+0700] {processor.py:836} INFO - DAG(s) dict_keys(['example_complex']) retrieved from /home/hasyidan/venv/lib/python3.8/site-packages/airflow/example_dags/example_complex.py
[2024-10-09T10:59:24.320+0700] {logging_mixin.py:149} INFO - [2024-10-09T10:59:24.320+0700] {dag.py:2726} INFO - Sync 1 DAGs
[2024-10-09T10:59:24.365+0700] {logging_mixin.py:149} INFO - [2024-10-09T10:59:24.365+0700] {dag.py:3486} INFO - Setting next_dagrun for example_complex to None, run_after=None
[2024-10-09T10:59:24.698+0700] {processor.py:179} INFO - Processing /home/hasyidan/venv/lib/python3.8/site-packages/airflow/example_dags/example_complex.py took 0.609 seconds
[2024-10-09T11:01:16.957+0700] {processor.py:157} INFO - Started process (PID=4134) to work on /home/hasyidan/venv/lib/python3.8/site-packages/airflow/example_dags/example_complex.py
[2024-10-09T11:01:16.960+0700] {processor.py:826} INFO - Processing file /home/hasyidan/venv/lib/python3.8/site-packages/airflow/example_dags/example_complex.py for tasks to queue
[2024-10-09T11:01:16.962+0700] {logging_mixin.py:149} INFO - [2024-10-09T11:01:16.962+0700] {dagbag.py:541} INFO - Filling up the DagBag from /home/hasyidan/venv/lib/python3.8/site-packages/airflow/example_dags/example_complex.py
[2024-10-09T11:01:16.982+0700] {logging_mixin.py:149} INFO - [2024-10-09T11:01:16.981+0700] {taskmixin.py:211} WARNING - Dependency <Task(BashOperator): create_entry_group>, delete_entry_group already registered for DAG: example_complex
[2024-10-09T11:01:16.982+0700] {logging_mixin.py:149} INFO - [2024-10-09T11:01:16.982+0700] {taskmixin.py:211} WARNING - Dependency <Task(BashOperator): delete_entry_group>, create_entry_group already registered for DAG: example_complex
[2024-10-09T11:01:16.983+0700] {logging_mixin.py:149} INFO - [2024-10-09T11:01:16.983+0700] {taskmixin.py:211} WARNING - Dependency <Task(BashOperator): create_entry_gcs>, delete_entry already registered for DAG: example_complex
[2024-10-09T11:01:16.983+0700] {logging_mixin.py:149} INFO - [2024-10-09T11:01:16.983+0700] {taskmixin.py:211} WARNING - Dependency <Task(BashOperator): delete_entry>, create_entry_gcs already registered for DAG: example_complex
[2024-10-09T11:01:16.984+0700] {logging_mixin.py:149} INFO - [2024-10-09T11:01:16.984+0700] {taskmixin.py:211} WARNING - Dependency <Task(BashOperator): create_tag>, delete_tag already registered for DAG: example_complex
[2024-10-09T11:01:16.985+0700] {logging_mixin.py:149} INFO - [2024-10-09T11:01:16.985+0700] {taskmixin.py:211} WARNING - Dependency <Task(BashOperator): delete_tag>, create_tag already registered for DAG: example_complex
[2024-10-09T11:01:16.988+0700] {processor.py:836} INFO - DAG(s) dict_keys(['example_complex']) retrieved from /home/hasyidan/venv/lib/python3.8/site-packages/airflow/example_dags/example_complex.py
[2024-10-09T11:01:17.250+0700] {logging_mixin.py:149} INFO - [2024-10-09T11:01:17.249+0700] {dag.py:2726} INFO - Sync 1 DAGs
[2024-10-09T11:01:17.292+0700] {logging_mixin.py:149} INFO - [2024-10-09T11:01:17.292+0700] {dag.py:3486} INFO - Setting next_dagrun for example_complex to None, run_after=None
[2024-10-09T11:01:17.533+0700] {processor.py:179} INFO - Processing /home/hasyidan/venv/lib/python3.8/site-packages/airflow/example_dags/example_complex.py took 0.584 seconds
[2024-10-09T11:02:34.225+0700] {processor.py:157} INFO - Started process (PID=4206) to work on /home/hasyidan/venv/lib/python3.8/site-packages/airflow/example_dags/example_complex.py
[2024-10-09T11:02:34.250+0700] {processor.py:826} INFO - Processing file /home/hasyidan/venv/lib/python3.8/site-packages/airflow/example_dags/example_complex.py for tasks to queue
[2024-10-09T11:02:34.253+0700] {logging_mixin.py:149} INFO - [2024-10-09T11:02:34.253+0700] {dagbag.py:541} INFO - Filling up the DagBag from /home/hasyidan/venv/lib/python3.8/site-packages/airflow/example_dags/example_complex.py
[2024-10-09T11:02:34.277+0700] {logging_mixin.py:149} INFO - [2024-10-09T11:02:34.277+0700] {taskmixin.py:211} WARNING - Dependency <Task(BashOperator): create_entry_group>, delete_entry_group already registered for DAG: example_complex
[2024-10-09T11:02:34.278+0700] {logging_mixin.py:149} INFO - [2024-10-09T11:02:34.278+0700] {taskmixin.py:211} WARNING - Dependency <Task(BashOperator): delete_entry_group>, create_entry_group already registered for DAG: example_complex
[2024-10-09T11:02:34.278+0700] {logging_mixin.py:149} INFO - [2024-10-09T11:02:34.278+0700] {taskmixin.py:211} WARNING - Dependency <Task(BashOperator): create_entry_gcs>, delete_entry already registered for DAG: example_complex
[2024-10-09T11:02:34.279+0700] {logging_mixin.py:149} INFO - [2024-10-09T11:02:34.279+0700] {taskmixin.py:211} WARNING - Dependency <Task(BashOperator): delete_entry>, create_entry_gcs already registered for DAG: example_complex
[2024-10-09T11:02:34.280+0700] {logging_mixin.py:149} INFO - [2024-10-09T11:02:34.279+0700] {taskmixin.py:211} WARNING - Dependency <Task(BashOperator): create_tag>, delete_tag already registered for DAG: example_complex
[2024-10-09T11:02:34.280+0700] {logging_mixin.py:149} INFO - [2024-10-09T11:02:34.280+0700] {taskmixin.py:211} WARNING - Dependency <Task(BashOperator): delete_tag>, create_tag already registered for DAG: example_complex
[2024-10-09T11:02:34.283+0700] {processor.py:836} INFO - DAG(s) dict_keys(['example_complex']) retrieved from /home/hasyidan/venv/lib/python3.8/site-packages/airflow/example_dags/example_complex.py
[2024-10-09T11:02:34.340+0700] {logging_mixin.py:149} INFO - [2024-10-09T11:02:34.339+0700] {dag.py:2726} INFO - Sync 1 DAGs
[2024-10-09T11:02:34.385+0700] {logging_mixin.py:149} INFO - [2024-10-09T11:02:34.384+0700] {dag.py:3486} INFO - Setting next_dagrun for example_complex to None, run_after=None
[2024-10-09T11:02:34.502+0700] {processor.py:179} INFO - Processing /home/hasyidan/venv/lib/python3.8/site-packages/airflow/example_dags/example_complex.py took 0.284 seconds
[2024-10-09T11:03:33.906+0700] {processor.py:157} INFO - Started process (PID=4261) to work on /home/hasyidan/venv/lib/python3.8/site-packages/airflow/example_dags/example_complex.py
[2024-10-09T11:03:33.934+0700] {processor.py:826} INFO - Processing file /home/hasyidan/venv/lib/python3.8/site-packages/airflow/example_dags/example_complex.py for tasks to queue
[2024-10-09T11:03:33.937+0700] {logging_mixin.py:149} INFO - [2024-10-09T11:03:33.936+0700] {dagbag.py:541} INFO - Filling up the DagBag from /home/hasyidan/venv/lib/python3.8/site-packages/airflow/example_dags/example_complex.py
[2024-10-09T11:03:33.959+0700] {logging_mixin.py:149} INFO - [2024-10-09T11:03:33.958+0700] {taskmixin.py:211} WARNING - Dependency <Task(BashOperator): create_entry_group>, delete_entry_group already registered for DAG: example_complex
[2024-10-09T11:03:33.959+0700] {logging_mixin.py:149} INFO - [2024-10-09T11:03:33.959+0700] {taskmixin.py:211} WARNING - Dependency <Task(BashOperator): delete_entry_group>, create_entry_group already registered for DAG: example_complex
[2024-10-09T11:03:33.960+0700] {logging_mixin.py:149} INFO - [2024-10-09T11:03:33.960+0700] {taskmixin.py:211} WARNING - Dependency <Task(BashOperator): create_entry_gcs>, delete_entry already registered for DAG: example_complex
[2024-10-09T11:03:33.960+0700] {logging_mixin.py:149} INFO - [2024-10-09T11:03:33.960+0700] {taskmixin.py:211} WARNING - Dependency <Task(BashOperator): delete_entry>, create_entry_gcs already registered for DAG: example_complex
[2024-10-09T11:03:33.961+0700] {logging_mixin.py:149} INFO - [2024-10-09T11:03:33.961+0700] {taskmixin.py:211} WARNING - Dependency <Task(BashOperator): create_tag>, delete_tag already registered for DAG: example_complex
[2024-10-09T11:03:33.962+0700] {logging_mixin.py:149} INFO - [2024-10-09T11:03:33.961+0700] {taskmixin.py:211} WARNING - Dependency <Task(BashOperator): delete_tag>, create_tag already registered for DAG: example_complex
[2024-10-09T11:03:33.964+0700] {processor.py:836} INFO - DAG(s) dict_keys(['example_complex']) retrieved from /home/hasyidan/venv/lib/python3.8/site-packages/airflow/example_dags/example_complex.py
[2024-10-09T11:03:34.021+0700] {logging_mixin.py:149} INFO - [2024-10-09T11:03:34.021+0700] {dag.py:2726} INFO - Sync 1 DAGs
[2024-10-09T11:03:34.061+0700] {logging_mixin.py:149} INFO - [2024-10-09T11:03:34.061+0700] {dag.py:3486} INFO - Setting next_dagrun for example_complex to None, run_after=None
[2024-10-09T11:03:34.233+0700] {processor.py:179} INFO - Processing /home/hasyidan/venv/lib/python3.8/site-packages/airflow/example_dags/example_complex.py took 0.333 seconds
[2024-10-09T11:05:48.514+0700] {processor.py:157} INFO - Started process (PID=4466) to work on /home/hasyidan/venv/lib/python3.8/site-packages/airflow/example_dags/example_complex.py
[2024-10-09T11:05:48.617+0700] {processor.py:826} INFO - Processing file /home/hasyidan/venv/lib/python3.8/site-packages/airflow/example_dags/example_complex.py for tasks to queue
[2024-10-09T11:05:48.620+0700] {logging_mixin.py:149} INFO - [2024-10-09T11:05:48.619+0700] {dagbag.py:541} INFO - Filling up the DagBag from /home/hasyidan/venv/lib/python3.8/site-packages/airflow/example_dags/example_complex.py
[2024-10-09T11:05:48.681+0700] {logging_mixin.py:149} INFO - [2024-10-09T11:05:48.680+0700] {taskmixin.py:211} WARNING - Dependency <Task(BashOperator): create_entry_group>, delete_entry_group already registered for DAG: example_complex
[2024-10-09T11:05:48.681+0700] {logging_mixin.py:149} INFO - [2024-10-09T11:05:48.681+0700] {taskmixin.py:211} WARNING - Dependency <Task(BashOperator): delete_entry_group>, create_entry_group already registered for DAG: example_complex
[2024-10-09T11:05:48.682+0700] {logging_mixin.py:149} INFO - [2024-10-09T11:05:48.682+0700] {taskmixin.py:211} WARNING - Dependency <Task(BashOperator): create_entry_gcs>, delete_entry already registered for DAG: example_complex
[2024-10-09T11:05:48.682+0700] {logging_mixin.py:149} INFO - [2024-10-09T11:05:48.682+0700] {taskmixin.py:211} WARNING - Dependency <Task(BashOperator): delete_entry>, create_entry_gcs already registered for DAG: example_complex
[2024-10-09T11:05:48.683+0700] {logging_mixin.py:149} INFO - [2024-10-09T11:05:48.683+0700] {taskmixin.py:211} WARNING - Dependency <Task(BashOperator): create_tag>, delete_tag already registered for DAG: example_complex
[2024-10-09T11:05:48.684+0700] {logging_mixin.py:149} INFO - [2024-10-09T11:05:48.684+0700] {taskmixin.py:211} WARNING - Dependency <Task(BashOperator): delete_tag>, create_tag already registered for DAG: example_complex
[2024-10-09T11:05:48.686+0700] {processor.py:836} INFO - DAG(s) dict_keys(['example_complex']) retrieved from /home/hasyidan/venv/lib/python3.8/site-packages/airflow/example_dags/example_complex.py
[2024-10-09T11:05:48.743+0700] {logging_mixin.py:149} INFO - [2024-10-09T11:05:48.743+0700] {dag.py:2726} INFO - Sync 1 DAGs
[2024-10-09T11:05:48.787+0700] {logging_mixin.py:149} INFO - [2024-10-09T11:05:48.786+0700] {dag.py:3486} INFO - Setting next_dagrun for example_complex to None, run_after=None
[2024-10-09T11:05:49.034+0700] {processor.py:179} INFO - Processing /home/hasyidan/venv/lib/python3.8/site-packages/airflow/example_dags/example_complex.py took 0.527 seconds
[2024-10-09T11:07:25.228+0700] {processor.py:157} INFO - Started process (PID=4616) to work on /home/hasyidan/venv/lib/python3.8/site-packages/airflow/example_dags/example_complex.py
[2024-10-09T11:07:25.252+0700] {processor.py:826} INFO - Processing file /home/hasyidan/venv/lib/python3.8/site-packages/airflow/example_dags/example_complex.py for tasks to queue
[2024-10-09T11:07:25.254+0700] {logging_mixin.py:149} INFO - [2024-10-09T11:07:25.254+0700] {dagbag.py:541} INFO - Filling up the DagBag from /home/hasyidan/venv/lib/python3.8/site-packages/airflow/example_dags/example_complex.py
[2024-10-09T11:07:25.330+0700] {logging_mixin.py:149} INFO - [2024-10-09T11:07:25.330+0700] {taskmixin.py:211} WARNING - Dependency <Task(BashOperator): create_entry_group>, delete_entry_group already registered for DAG: example_complex
[2024-10-09T11:07:25.331+0700] {logging_mixin.py:149} INFO - [2024-10-09T11:07:25.330+0700] {taskmixin.py:211} WARNING - Dependency <Task(BashOperator): delete_entry_group>, create_entry_group already registered for DAG: example_complex
[2024-10-09T11:07:25.331+0700] {logging_mixin.py:149} INFO - [2024-10-09T11:07:25.331+0700] {taskmixin.py:211} WARNING - Dependency <Task(BashOperator): create_entry_gcs>, delete_entry already registered for DAG: example_complex
[2024-10-09T11:07:25.332+0700] {logging_mixin.py:149} INFO - [2024-10-09T11:07:25.331+0700] {taskmixin.py:211} WARNING - Dependency <Task(BashOperator): delete_entry>, create_entry_gcs already registered for DAG: example_complex
[2024-10-09T11:07:25.332+0700] {logging_mixin.py:149} INFO - [2024-10-09T11:07:25.332+0700] {taskmixin.py:211} WARNING - Dependency <Task(BashOperator): create_tag>, delete_tag already registered for DAG: example_complex
[2024-10-09T11:07:25.333+0700] {logging_mixin.py:149} INFO - [2024-10-09T11:07:25.333+0700] {taskmixin.py:211} WARNING - Dependency <Task(BashOperator): delete_tag>, create_tag already registered for DAG: example_complex
[2024-10-09T11:07:25.336+0700] {processor.py:836} INFO - DAG(s) dict_keys(['example_complex']) retrieved from /home/hasyidan/venv/lib/python3.8/site-packages/airflow/example_dags/example_complex.py
[2024-10-09T11:07:25.449+0700] {logging_mixin.py:149} INFO - [2024-10-09T11:07:25.449+0700] {dag.py:2726} INFO - Sync 1 DAGs
[2024-10-09T11:07:25.531+0700] {logging_mixin.py:149} INFO - [2024-10-09T11:07:25.530+0700] {dag.py:3486} INFO - Setting next_dagrun for example_complex to None, run_after=None
[2024-10-09T11:07:25.690+0700] {processor.py:179} INFO - Processing /home/hasyidan/venv/lib/python3.8/site-packages/airflow/example_dags/example_complex.py took 0.607 seconds
[2024-10-09T11:08:28.565+0700] {processor.py:157} INFO - Started process (PID=4684) to work on /home/hasyidan/venv/lib/python3.8/site-packages/airflow/example_dags/example_complex.py
[2024-10-09T11:08:28.577+0700] {processor.py:826} INFO - Processing file /home/hasyidan/venv/lib/python3.8/site-packages/airflow/example_dags/example_complex.py for tasks to queue
[2024-10-09T11:08:28.580+0700] {logging_mixin.py:149} INFO - [2024-10-09T11:08:28.579+0700] {dagbag.py:541} INFO - Filling up the DagBag from /home/hasyidan/venv/lib/python3.8/site-packages/airflow/example_dags/example_complex.py
[2024-10-09T11:08:28.602+0700] {logging_mixin.py:149} INFO - [2024-10-09T11:08:28.601+0700] {taskmixin.py:211} WARNING - Dependency <Task(BashOperator): create_entry_group>, delete_entry_group already registered for DAG: example_complex
[2024-10-09T11:08:28.602+0700] {logging_mixin.py:149} INFO - [2024-10-09T11:08:28.602+0700] {taskmixin.py:211} WARNING - Dependency <Task(BashOperator): delete_entry_group>, create_entry_group already registered for DAG: example_complex
[2024-10-09T11:08:28.603+0700] {logging_mixin.py:149} INFO - [2024-10-09T11:08:28.603+0700] {taskmixin.py:211} WARNING - Dependency <Task(BashOperator): create_entry_gcs>, delete_entry already registered for DAG: example_complex
[2024-10-09T11:08:28.603+0700] {logging_mixin.py:149} INFO - [2024-10-09T11:08:28.603+0700] {taskmixin.py:211} WARNING - Dependency <Task(BashOperator): delete_entry>, create_entry_gcs already registered for DAG: example_complex
[2024-10-09T11:08:28.604+0700] {logging_mixin.py:149} INFO - [2024-10-09T11:08:28.604+0700] {taskmixin.py:211} WARNING - Dependency <Task(BashOperator): create_tag>, delete_tag already registered for DAG: example_complex
[2024-10-09T11:08:28.605+0700] {logging_mixin.py:149} INFO - [2024-10-09T11:08:28.604+0700] {taskmixin.py:211} WARNING - Dependency <Task(BashOperator): delete_tag>, create_tag already registered for DAG: example_complex
[2024-10-09T11:08:28.607+0700] {processor.py:836} INFO - DAG(s) dict_keys(['example_complex']) retrieved from /home/hasyidan/venv/lib/python3.8/site-packages/airflow/example_dags/example_complex.py
[2024-10-09T11:08:28.664+0700] {logging_mixin.py:149} INFO - [2024-10-09T11:08:28.664+0700] {dag.py:2726} INFO - Sync 1 DAGs
[2024-10-09T11:08:28.707+0700] {logging_mixin.py:149} INFO - [2024-10-09T11:08:28.706+0700] {dag.py:3486} INFO - Setting next_dagrun for example_complex to None, run_after=None
[2024-10-09T11:08:28.827+0700] {processor.py:179} INFO - Processing /home/hasyidan/venv/lib/python3.8/site-packages/airflow/example_dags/example_complex.py took 0.269 seconds
[2024-10-09T11:09:26.031+0700] {processor.py:157} INFO - Started process (PID=4739) to work on /home/hasyidan/venv/lib/python3.8/site-packages/airflow/example_dags/example_complex.py
[2024-10-09T11:09:26.108+0700] {processor.py:826} INFO - Processing file /home/hasyidan/venv/lib/python3.8/site-packages/airflow/example_dags/example_complex.py for tasks to queue
[2024-10-09T11:09:26.111+0700] {logging_mixin.py:149} INFO - [2024-10-09T11:09:26.110+0700] {dagbag.py:541} INFO - Filling up the DagBag from /home/hasyidan/venv/lib/python3.8/site-packages/airflow/example_dags/example_complex.py
[2024-10-09T11:09:26.134+0700] {logging_mixin.py:149} INFO - [2024-10-09T11:09:26.134+0700] {taskmixin.py:211} WARNING - Dependency <Task(BashOperator): create_entry_group>, delete_entry_group already registered for DAG: example_complex
[2024-10-09T11:09:26.135+0700] {logging_mixin.py:149} INFO - [2024-10-09T11:09:26.134+0700] {taskmixin.py:211} WARNING - Dependency <Task(BashOperator): delete_entry_group>, create_entry_group already registered for DAG: example_complex
[2024-10-09T11:09:26.135+0700] {logging_mixin.py:149} INFO - [2024-10-09T11:09:26.135+0700] {taskmixin.py:211} WARNING - Dependency <Task(BashOperator): create_entry_gcs>, delete_entry already registered for DAG: example_complex
[2024-10-09T11:09:26.136+0700] {logging_mixin.py:149} INFO - [2024-10-09T11:09:26.135+0700] {taskmixin.py:211} WARNING - Dependency <Task(BashOperator): delete_entry>, create_entry_gcs already registered for DAG: example_complex
[2024-10-09T11:09:26.136+0700] {logging_mixin.py:149} INFO - [2024-10-09T11:09:26.136+0700] {taskmixin.py:211} WARNING - Dependency <Task(BashOperator): create_tag>, delete_tag already registered for DAG: example_complex
[2024-10-09T11:09:26.137+0700] {logging_mixin.py:149} INFO - [2024-10-09T11:09:26.137+0700] {taskmixin.py:211} WARNING - Dependency <Task(BashOperator): delete_tag>, create_tag already registered for DAG: example_complex
[2024-10-09T11:09:26.140+0700] {processor.py:836} INFO - DAG(s) dict_keys(['example_complex']) retrieved from /home/hasyidan/venv/lib/python3.8/site-packages/airflow/example_dags/example_complex.py
[2024-10-09T11:09:26.197+0700] {logging_mixin.py:149} INFO - [2024-10-09T11:09:26.197+0700] {dag.py:2726} INFO - Sync 1 DAGs
[2024-10-09T11:09:26.241+0700] {logging_mixin.py:149} INFO - [2024-10-09T11:09:26.240+0700] {dag.py:3486} INFO - Setting next_dagrun for example_complex to None, run_after=None
[2024-10-09T11:09:26.359+0700] {processor.py:179} INFO - Processing /home/hasyidan/venv/lib/python3.8/site-packages/airflow/example_dags/example_complex.py took 0.334 seconds
[2024-10-09T11:10:36.095+0700] {processor.py:157} INFO - Started process (PID=4817) to work on /home/hasyidan/venv/lib/python3.8/site-packages/airflow/example_dags/example_complex.py
[2024-10-09T11:10:36.115+0700] {processor.py:826} INFO - Processing file /home/hasyidan/venv/lib/python3.8/site-packages/airflow/example_dags/example_complex.py for tasks to queue
[2024-10-09T11:10:36.118+0700] {logging_mixin.py:149} INFO - [2024-10-09T11:10:36.117+0700] {dagbag.py:541} INFO - Filling up the DagBag from /home/hasyidan/venv/lib/python3.8/site-packages/airflow/example_dags/example_complex.py
[2024-10-09T11:10:36.141+0700] {logging_mixin.py:149} INFO - [2024-10-09T11:10:36.140+0700] {taskmixin.py:211} WARNING - Dependency <Task(BashOperator): create_entry_group>, delete_entry_group already registered for DAG: example_complex
[2024-10-09T11:10:36.141+0700] {logging_mixin.py:149} INFO - [2024-10-09T11:10:36.141+0700] {taskmixin.py:211} WARNING - Dependency <Task(BashOperator): delete_entry_group>, create_entry_group already registered for DAG: example_complex
[2024-10-09T11:10:36.142+0700] {logging_mixin.py:149} INFO - [2024-10-09T11:10:36.142+0700] {taskmixin.py:211} WARNING - Dependency <Task(BashOperator): create_entry_gcs>, delete_entry already registered for DAG: example_complex
[2024-10-09T11:10:36.142+0700] {logging_mixin.py:149} INFO - [2024-10-09T11:10:36.142+0700] {taskmixin.py:211} WARNING - Dependency <Task(BashOperator): delete_entry>, create_entry_gcs already registered for DAG: example_complex
[2024-10-09T11:10:36.143+0700] {logging_mixin.py:149} INFO - [2024-10-09T11:10:36.143+0700] {taskmixin.py:211} WARNING - Dependency <Task(BashOperator): create_tag>, delete_tag already registered for DAG: example_complex
[2024-10-09T11:10:36.144+0700] {logging_mixin.py:149} INFO - [2024-10-09T11:10:36.144+0700] {taskmixin.py:211} WARNING - Dependency <Task(BashOperator): delete_tag>, create_tag already registered for DAG: example_complex
[2024-10-09T11:10:36.146+0700] {processor.py:836} INFO - DAG(s) dict_keys(['example_complex']) retrieved from /home/hasyidan/venv/lib/python3.8/site-packages/airflow/example_dags/example_complex.py
[2024-10-09T11:10:36.202+0700] {logging_mixin.py:149} INFO - [2024-10-09T11:10:36.202+0700] {dag.py:2726} INFO - Sync 1 DAGs
[2024-10-09T11:10:36.247+0700] {logging_mixin.py:149} INFO - [2024-10-09T11:10:36.246+0700] {dag.py:3486} INFO - Setting next_dagrun for example_complex to None, run_after=None
[2024-10-09T11:10:36.374+0700] {processor.py:179} INFO - Processing /home/hasyidan/venv/lib/python3.8/site-packages/airflow/example_dags/example_complex.py took 0.284 seconds
[2024-10-09T11:11:30.813+0700] {processor.py:157} INFO - Started process (PID=4874) to work on /home/hasyidan/venv/lib/python3.8/site-packages/airflow/example_dags/example_complex.py
[2024-10-09T11:11:30.842+0700] {processor.py:826} INFO - Processing file /home/hasyidan/venv/lib/python3.8/site-packages/airflow/example_dags/example_complex.py for tasks to queue
[2024-10-09T11:11:30.845+0700] {logging_mixin.py:149} INFO - [2024-10-09T11:11:30.844+0700] {dagbag.py:541} INFO - Filling up the DagBag from /home/hasyidan/venv/lib/python3.8/site-packages/airflow/example_dags/example_complex.py
[2024-10-09T11:11:30.867+0700] {logging_mixin.py:149} INFO - [2024-10-09T11:11:30.867+0700] {taskmixin.py:211} WARNING - Dependency <Task(BashOperator): create_entry_group>, delete_entry_group already registered for DAG: example_complex
[2024-10-09T11:11:30.868+0700] {logging_mixin.py:149} INFO - [2024-10-09T11:11:30.868+0700] {taskmixin.py:211} WARNING - Dependency <Task(BashOperator): delete_entry_group>, create_entry_group already registered for DAG: example_complex
[2024-10-09T11:11:30.868+0700] {logging_mixin.py:149} INFO - [2024-10-09T11:11:30.868+0700] {taskmixin.py:211} WARNING - Dependency <Task(BashOperator): create_entry_gcs>, delete_entry already registered for DAG: example_complex
[2024-10-09T11:11:30.869+0700] {logging_mixin.py:149} INFO - [2024-10-09T11:11:30.869+0700] {taskmixin.py:211} WARNING - Dependency <Task(BashOperator): delete_entry>, create_entry_gcs already registered for DAG: example_complex
[2024-10-09T11:11:30.870+0700] {logging_mixin.py:149} INFO - [2024-10-09T11:11:30.869+0700] {taskmixin.py:211} WARNING - Dependency <Task(BashOperator): create_tag>, delete_tag already registered for DAG: example_complex
[2024-10-09T11:11:30.870+0700] {logging_mixin.py:149} INFO - [2024-10-09T11:11:30.870+0700] {taskmixin.py:211} WARNING - Dependency <Task(BashOperator): delete_tag>, create_tag already registered for DAG: example_complex
[2024-10-09T11:11:30.873+0700] {processor.py:836} INFO - DAG(s) dict_keys(['example_complex']) retrieved from /home/hasyidan/venv/lib/python3.8/site-packages/airflow/example_dags/example_complex.py
[2024-10-09T11:11:30.930+0700] {logging_mixin.py:149} INFO - [2024-10-09T11:11:30.929+0700] {dag.py:2726} INFO - Sync 1 DAGs
[2024-10-09T11:11:30.975+0700] {logging_mixin.py:149} INFO - [2024-10-09T11:11:30.975+0700] {dag.py:3486} INFO - Setting next_dagrun for example_complex to None, run_after=None
[2024-10-09T11:11:31.089+0700] {processor.py:179} INFO - Processing /home/hasyidan/venv/lib/python3.8/site-packages/airflow/example_dags/example_complex.py took 0.283 seconds
[2024-10-09T11:12:23.838+0700] {processor.py:157} INFO - Started process (PID=4932) to work on /home/hasyidan/venv/lib/python3.8/site-packages/airflow/example_dags/example_complex.py
[2024-10-09T11:12:23.880+0700] {processor.py:826} INFO - Processing file /home/hasyidan/venv/lib/python3.8/site-packages/airflow/example_dags/example_complex.py for tasks to queue
[2024-10-09T11:12:23.883+0700] {logging_mixin.py:149} INFO - [2024-10-09T11:12:23.882+0700] {dagbag.py:541} INFO - Filling up the DagBag from /home/hasyidan/venv/lib/python3.8/site-packages/airflow/example_dags/example_complex.py
[2024-10-09T11:12:23.903+0700] {logging_mixin.py:149} INFO - [2024-10-09T11:12:23.902+0700] {taskmixin.py:211} WARNING - Dependency <Task(BashOperator): create_entry_group>, delete_entry_group already registered for DAG: example_complex
[2024-10-09T11:12:23.903+0700] {logging_mixin.py:149} INFO - [2024-10-09T11:12:23.903+0700] {taskmixin.py:211} WARNING - Dependency <Task(BashOperator): delete_entry_group>, create_entry_group already registered for DAG: example_complex
[2024-10-09T11:12:23.904+0700] {logging_mixin.py:149} INFO - [2024-10-09T11:12:23.904+0700] {taskmixin.py:211} WARNING - Dependency <Task(BashOperator): create_entry_gcs>, delete_entry already registered for DAG: example_complex
[2024-10-09T11:12:23.904+0700] {logging_mixin.py:149} INFO - [2024-10-09T11:12:23.904+0700] {taskmixin.py:211} WARNING - Dependency <Task(BashOperator): delete_entry>, create_entry_gcs already registered for DAG: example_complex
[2024-10-09T11:12:23.905+0700] {logging_mixin.py:149} INFO - [2024-10-09T11:12:23.905+0700] {taskmixin.py:211} WARNING - Dependency <Task(BashOperator): create_tag>, delete_tag already registered for DAG: example_complex
[2024-10-09T11:12:23.906+0700] {logging_mixin.py:149} INFO - [2024-10-09T11:12:23.905+0700] {taskmixin.py:211} WARNING - Dependency <Task(BashOperator): delete_tag>, create_tag already registered for DAG: example_complex
[2024-10-09T11:12:23.908+0700] {processor.py:836} INFO - DAG(s) dict_keys(['example_complex']) retrieved from /home/hasyidan/venv/lib/python3.8/site-packages/airflow/example_dags/example_complex.py
[2024-10-09T11:12:23.964+0700] {logging_mixin.py:149} INFO - [2024-10-09T11:12:23.964+0700] {dag.py:2726} INFO - Sync 1 DAGs
[2024-10-09T11:12:24.008+0700] {logging_mixin.py:149} INFO - [2024-10-09T11:12:24.008+0700] {dag.py:3486} INFO - Setting next_dagrun for example_complex to None, run_after=None
[2024-10-09T11:12:24.126+0700] {processor.py:179} INFO - Processing /home/hasyidan/venv/lib/python3.8/site-packages/airflow/example_dags/example_complex.py took 0.295 seconds
[2024-10-09T11:13:16.450+0700] {processor.py:157} INFO - Started process (PID=4988) to work on /home/hasyidan/venv/lib/python3.8/site-packages/airflow/example_dags/example_complex.py
[2024-10-09T11:13:16.469+0700] {processor.py:826} INFO - Processing file /home/hasyidan/venv/lib/python3.8/site-packages/airflow/example_dags/example_complex.py for tasks to queue
[2024-10-09T11:13:16.471+0700] {logging_mixin.py:149} INFO - [2024-10-09T11:13:16.471+0700] {dagbag.py:541} INFO - Filling up the DagBag from /home/hasyidan/venv/lib/python3.8/site-packages/airflow/example_dags/example_complex.py
[2024-10-09T11:13:16.491+0700] {logging_mixin.py:149} INFO - [2024-10-09T11:13:16.491+0700] {taskmixin.py:211} WARNING - Dependency <Task(BashOperator): create_entry_group>, delete_entry_group already registered for DAG: example_complex
[2024-10-09T11:13:16.492+0700] {logging_mixin.py:149} INFO - [2024-10-09T11:13:16.492+0700] {taskmixin.py:211} WARNING - Dependency <Task(BashOperator): delete_entry_group>, create_entry_group already registered for DAG: example_complex
[2024-10-09T11:13:16.492+0700] {logging_mixin.py:149} INFO - [2024-10-09T11:13:16.492+0700] {taskmixin.py:211} WARNING - Dependency <Task(BashOperator): create_entry_gcs>, delete_entry already registered for DAG: example_complex
[2024-10-09T11:13:16.493+0700] {logging_mixin.py:149} INFO - [2024-10-09T11:13:16.493+0700] {taskmixin.py:211} WARNING - Dependency <Task(BashOperator): delete_entry>, create_entry_gcs already registered for DAG: example_complex
[2024-10-09T11:13:16.494+0700] {logging_mixin.py:149} INFO - [2024-10-09T11:13:16.493+0700] {taskmixin.py:211} WARNING - Dependency <Task(BashOperator): create_tag>, delete_tag already registered for DAG: example_complex
[2024-10-09T11:13:16.494+0700] {logging_mixin.py:149} INFO - [2024-10-09T11:13:16.494+0700] {taskmixin.py:211} WARNING - Dependency <Task(BashOperator): delete_tag>, create_tag already registered for DAG: example_complex
[2024-10-09T11:13:16.497+0700] {processor.py:836} INFO - DAG(s) dict_keys(['example_complex']) retrieved from /home/hasyidan/venv/lib/python3.8/site-packages/airflow/example_dags/example_complex.py
[2024-10-09T11:13:16.553+0700] {logging_mixin.py:149} INFO - [2024-10-09T11:13:16.552+0700] {dag.py:2726} INFO - Sync 1 DAGs
[2024-10-09T11:13:16.595+0700] {logging_mixin.py:149} INFO - [2024-10-09T11:13:16.594+0700] {dag.py:3486} INFO - Setting next_dagrun for example_complex to None, run_after=None
[2024-10-09T11:13:16.693+0700] {processor.py:179} INFO - Processing /home/hasyidan/venv/lib/python3.8/site-packages/airflow/example_dags/example_complex.py took 0.248 seconds
[2024-10-09T11:14:09.593+0700] {processor.py:157} INFO - Started process (PID=5040) to work on /home/hasyidan/venv/lib/python3.8/site-packages/airflow/example_dags/example_complex.py
[2024-10-09T11:14:09.650+0700] {processor.py:826} INFO - Processing file /home/hasyidan/venv/lib/python3.8/site-packages/airflow/example_dags/example_complex.py for tasks to queue
[2024-10-09T11:14:09.653+0700] {logging_mixin.py:149} INFO - [2024-10-09T11:14:09.653+0700] {dagbag.py:541} INFO - Filling up the DagBag from /home/hasyidan/venv/lib/python3.8/site-packages/airflow/example_dags/example_complex.py
[2024-10-09T11:14:09.675+0700] {logging_mixin.py:149} INFO - [2024-10-09T11:14:09.674+0700] {taskmixin.py:211} WARNING - Dependency <Task(BashOperator): create_entry_group>, delete_entry_group already registered for DAG: example_complex
[2024-10-09T11:14:09.675+0700] {logging_mixin.py:149} INFO - [2024-10-09T11:14:09.675+0700] {taskmixin.py:211} WARNING - Dependency <Task(BashOperator): delete_entry_group>, create_entry_group already registered for DAG: example_complex
[2024-10-09T11:14:09.676+0700] {logging_mixin.py:149} INFO - [2024-10-09T11:14:09.676+0700] {taskmixin.py:211} WARNING - Dependency <Task(BashOperator): create_entry_gcs>, delete_entry already registered for DAG: example_complex
[2024-10-09T11:14:09.677+0700] {logging_mixin.py:149} INFO - [2024-10-09T11:14:09.676+0700] {taskmixin.py:211} WARNING - Dependency <Task(BashOperator): delete_entry>, create_entry_gcs already registered for DAG: example_complex
[2024-10-09T11:14:09.677+0700] {logging_mixin.py:149} INFO - [2024-10-09T11:14:09.677+0700] {taskmixin.py:211} WARNING - Dependency <Task(BashOperator): create_tag>, delete_tag already registered for DAG: example_complex
[2024-10-09T11:14:09.678+0700] {logging_mixin.py:149} INFO - [2024-10-09T11:14:09.678+0700] {taskmixin.py:211} WARNING - Dependency <Task(BashOperator): delete_tag>, create_tag already registered for DAG: example_complex
[2024-10-09T11:14:09.681+0700] {processor.py:836} INFO - DAG(s) dict_keys(['example_complex']) retrieved from /home/hasyidan/venv/lib/python3.8/site-packages/airflow/example_dags/example_complex.py
[2024-10-09T11:14:09.736+0700] {logging_mixin.py:149} INFO - [2024-10-09T11:14:09.736+0700] {dag.py:2726} INFO - Sync 1 DAGs
[2024-10-09T11:14:09.779+0700] {logging_mixin.py:149} INFO - [2024-10-09T11:14:09.779+0700] {dag.py:3486} INFO - Setting next_dagrun for example_complex to None, run_after=None
[2024-10-09T11:14:09.908+0700] {processor.py:179} INFO - Processing /home/hasyidan/venv/lib/python3.8/site-packages/airflow/example_dags/example_complex.py took 0.322 seconds
[2024-10-09T11:16:12.768+0700] {processor.py:157} INFO - Started process (PID=5307) to work on /home/hasyidan/venv/lib/python3.8/site-packages/airflow/example_dags/example_complex.py
[2024-10-09T11:16:12.778+0700] {processor.py:826} INFO - Processing file /home/hasyidan/venv/lib/python3.8/site-packages/airflow/example_dags/example_complex.py for tasks to queue
[2024-10-09T11:16:12.783+0700] {logging_mixin.py:149} INFO - [2024-10-09T11:16:12.780+0700] {dagbag.py:541} INFO - Filling up the DagBag from /home/hasyidan/venv/lib/python3.8/site-packages/airflow/example_dags/example_complex.py
[2024-10-09T11:16:12.846+0700] {logging_mixin.py:149} INFO - [2024-10-09T11:16:12.845+0700] {taskmixin.py:211} WARNING - Dependency <Task(BashOperator): create_entry_group>, delete_entry_group already registered for DAG: example_complex
[2024-10-09T11:16:12.846+0700] {logging_mixin.py:149} INFO - [2024-10-09T11:16:12.846+0700] {taskmixin.py:211} WARNING - Dependency <Task(BashOperator): delete_entry_group>, create_entry_group already registered for DAG: example_complex
[2024-10-09T11:16:12.847+0700] {logging_mixin.py:149} INFO - [2024-10-09T11:16:12.847+0700] {taskmixin.py:211} WARNING - Dependency <Task(BashOperator): create_entry_gcs>, delete_entry already registered for DAG: example_complex
[2024-10-09T11:16:12.848+0700] {logging_mixin.py:149} INFO - [2024-10-09T11:16:12.848+0700] {taskmixin.py:211} WARNING - Dependency <Task(BashOperator): delete_entry>, create_entry_gcs already registered for DAG: example_complex
[2024-10-09T11:16:12.849+0700] {logging_mixin.py:149} INFO - [2024-10-09T11:16:12.849+0700] {taskmixin.py:211} WARNING - Dependency <Task(BashOperator): create_tag>, delete_tag already registered for DAG: example_complex
[2024-10-09T11:16:12.852+0700] {logging_mixin.py:149} INFO - [2024-10-09T11:16:12.851+0700] {taskmixin.py:211} WARNING - Dependency <Task(BashOperator): delete_tag>, create_tag already registered for DAG: example_complex
[2024-10-09T11:16:12.857+0700] {processor.py:836} INFO - DAG(s) dict_keys(['example_complex']) retrieved from /home/hasyidan/venv/lib/python3.8/site-packages/airflow/example_dags/example_complex.py
[2024-10-09T11:16:12.958+0700] {logging_mixin.py:149} INFO - [2024-10-09T11:16:12.957+0700] {dag.py:2726} INFO - Sync 1 DAGs
[2024-10-09T11:16:13.027+0700] {logging_mixin.py:149} INFO - [2024-10-09T11:16:13.026+0700] {dag.py:3486} INFO - Setting next_dagrun for example_complex to None, run_after=None
[2024-10-09T11:16:13.170+0700] {processor.py:179} INFO - Processing /home/hasyidan/venv/lib/python3.8/site-packages/airflow/example_dags/example_complex.py took 0.414 seconds
[2024-10-09T11:17:22.169+0700] {processor.py:157} INFO - Started process (PID=5378) to work on /home/hasyidan/venv/lib/python3.8/site-packages/airflow/example_dags/example_complex.py
[2024-10-09T11:17:22.198+0700] {processor.py:826} INFO - Processing file /home/hasyidan/venv/lib/python3.8/site-packages/airflow/example_dags/example_complex.py for tasks to queue
[2024-10-09T11:17:22.199+0700] {logging_mixin.py:149} INFO - [2024-10-09T11:17:22.199+0700] {dagbag.py:541} INFO - Filling up the DagBag from /home/hasyidan/venv/lib/python3.8/site-packages/airflow/example_dags/example_complex.py
[2024-10-09T11:17:22.224+0700] {logging_mixin.py:149} INFO - [2024-10-09T11:17:22.223+0700] {taskmixin.py:211} WARNING - Dependency <Task(BashOperator): create_entry_group>, delete_entry_group already registered for DAG: example_complex
[2024-10-09T11:17:22.224+0700] {logging_mixin.py:149} INFO - [2024-10-09T11:17:22.224+0700] {taskmixin.py:211} WARNING - Dependency <Task(BashOperator): delete_entry_group>, create_entry_group already registered for DAG: example_complex
[2024-10-09T11:17:22.226+0700] {logging_mixin.py:149} INFO - [2024-10-09T11:17:22.225+0700] {taskmixin.py:211} WARNING - Dependency <Task(BashOperator): create_entry_gcs>, delete_entry already registered for DAG: example_complex
[2024-10-09T11:17:22.226+0700] {logging_mixin.py:149} INFO - [2024-10-09T11:17:22.226+0700] {taskmixin.py:211} WARNING - Dependency <Task(BashOperator): delete_entry>, create_entry_gcs already registered for DAG: example_complex
[2024-10-09T11:17:22.227+0700] {logging_mixin.py:149} INFO - [2024-10-09T11:17:22.227+0700] {taskmixin.py:211} WARNING - Dependency <Task(BashOperator): create_tag>, delete_tag already registered for DAG: example_complex
[2024-10-09T11:17:22.228+0700] {logging_mixin.py:149} INFO - [2024-10-09T11:17:22.227+0700] {taskmixin.py:211} WARNING - Dependency <Task(BashOperator): delete_tag>, create_tag already registered for DAG: example_complex
[2024-10-09T11:17:22.231+0700] {processor.py:836} INFO - DAG(s) dict_keys(['example_complex']) retrieved from /home/hasyidan/venv/lib/python3.8/site-packages/airflow/example_dags/example_complex.py
[2024-10-09T11:17:22.311+0700] {logging_mixin.py:149} INFO - [2024-10-09T11:17:22.310+0700] {dag.py:2726} INFO - Sync 1 DAGs
[2024-10-09T11:17:22.369+0700] {logging_mixin.py:149} INFO - [2024-10-09T11:17:22.369+0700] {dag.py:3486} INFO - Setting next_dagrun for example_complex to None, run_after=None
[2024-10-09T11:17:22.519+0700] {processor.py:179} INFO - Processing /home/hasyidan/venv/lib/python3.8/site-packages/airflow/example_dags/example_complex.py took 0.362 seconds
[2024-10-09T11:18:31.559+0700] {processor.py:157} INFO - Started process (PID=5446) to work on /home/hasyidan/venv/lib/python3.8/site-packages/airflow/example_dags/example_complex.py
[2024-10-09T11:18:31.589+0700] {processor.py:826} INFO - Processing file /home/hasyidan/venv/lib/python3.8/site-packages/airflow/example_dags/example_complex.py for tasks to queue
[2024-10-09T11:18:31.591+0700] {logging_mixin.py:149} INFO - [2024-10-09T11:18:31.591+0700] {dagbag.py:541} INFO - Filling up the DagBag from /home/hasyidan/venv/lib/python3.8/site-packages/airflow/example_dags/example_complex.py
[2024-10-09T11:18:31.643+0700] {logging_mixin.py:149} INFO - [2024-10-09T11:18:31.643+0700] {taskmixin.py:211} WARNING - Dependency <Task(BashOperator): create_entry_group>, delete_entry_group already registered for DAG: example_complex
[2024-10-09T11:18:31.644+0700] {logging_mixin.py:149} INFO - [2024-10-09T11:18:31.644+0700] {taskmixin.py:211} WARNING - Dependency <Task(BashOperator): delete_entry_group>, create_entry_group already registered for DAG: example_complex
[2024-10-09T11:18:31.645+0700] {logging_mixin.py:149} INFO - [2024-10-09T11:18:31.645+0700] {taskmixin.py:211} WARNING - Dependency <Task(BashOperator): create_entry_gcs>, delete_entry already registered for DAG: example_complex
[2024-10-09T11:18:31.645+0700] {logging_mixin.py:149} INFO - [2024-10-09T11:18:31.645+0700] {taskmixin.py:211} WARNING - Dependency <Task(BashOperator): delete_entry>, create_entry_gcs already registered for DAG: example_complex
[2024-10-09T11:18:31.646+0700] {logging_mixin.py:149} INFO - [2024-10-09T11:18:31.646+0700] {taskmixin.py:211} WARNING - Dependency <Task(BashOperator): create_tag>, delete_tag already registered for DAG: example_complex
[2024-10-09T11:18:31.647+0700] {logging_mixin.py:149} INFO - [2024-10-09T11:18:31.647+0700] {taskmixin.py:211} WARNING - Dependency <Task(BashOperator): delete_tag>, create_tag already registered for DAG: example_complex
[2024-10-09T11:18:31.655+0700] {processor.py:836} INFO - DAG(s) dict_keys(['example_complex']) retrieved from /home/hasyidan/venv/lib/python3.8/site-packages/airflow/example_dags/example_complex.py
[2024-10-09T11:18:31.775+0700] {logging_mixin.py:149} INFO - [2024-10-09T11:18:31.774+0700] {dag.py:2726} INFO - Sync 1 DAGs
[2024-10-09T11:18:31.873+0700] {logging_mixin.py:149} INFO - [2024-10-09T11:18:31.872+0700] {dag.py:3486} INFO - Setting next_dagrun for example_complex to None, run_after=None
[2024-10-09T11:18:32.049+0700] {processor.py:179} INFO - Processing /home/hasyidan/venv/lib/python3.8/site-packages/airflow/example_dags/example_complex.py took 0.503 seconds
[2024-10-09T11:19:33.425+0700] {processor.py:157} INFO - Started process (PID=5516) to work on /home/hasyidan/venv/lib/python3.8/site-packages/airflow/example_dags/example_complex.py
[2024-10-09T11:19:33.444+0700] {processor.py:826} INFO - Processing file /home/hasyidan/venv/lib/python3.8/site-packages/airflow/example_dags/example_complex.py for tasks to queue
[2024-10-09T11:19:33.446+0700] {logging_mixin.py:149} INFO - [2024-10-09T11:19:33.446+0700] {dagbag.py:541} INFO - Filling up the DagBag from /home/hasyidan/venv/lib/python3.8/site-packages/airflow/example_dags/example_complex.py
[2024-10-09T11:19:33.475+0700] {logging_mixin.py:149} INFO - [2024-10-09T11:19:33.474+0700] {taskmixin.py:211} WARNING - Dependency <Task(BashOperator): create_entry_group>, delete_entry_group already registered for DAG: example_complex
[2024-10-09T11:19:33.475+0700] {logging_mixin.py:149} INFO - [2024-10-09T11:19:33.475+0700] {taskmixin.py:211} WARNING - Dependency <Task(BashOperator): delete_entry_group>, create_entry_group already registered for DAG: example_complex
[2024-10-09T11:19:33.476+0700] {logging_mixin.py:149} INFO - [2024-10-09T11:19:33.476+0700] {taskmixin.py:211} WARNING - Dependency <Task(BashOperator): create_entry_gcs>, delete_entry already registered for DAG: example_complex
[2024-10-09T11:19:33.477+0700] {logging_mixin.py:149} INFO - [2024-10-09T11:19:33.476+0700] {taskmixin.py:211} WARNING - Dependency <Task(BashOperator): delete_entry>, create_entry_gcs already registered for DAG: example_complex
[2024-10-09T11:19:33.478+0700] {logging_mixin.py:149} INFO - [2024-10-09T11:19:33.477+0700] {taskmixin.py:211} WARNING - Dependency <Task(BashOperator): create_tag>, delete_tag already registered for DAG: example_complex
[2024-10-09T11:19:33.478+0700] {logging_mixin.py:149} INFO - [2024-10-09T11:19:33.478+0700] {taskmixin.py:211} WARNING - Dependency <Task(BashOperator): delete_tag>, create_tag already registered for DAG: example_complex
[2024-10-09T11:19:33.482+0700] {processor.py:836} INFO - DAG(s) dict_keys(['example_complex']) retrieved from /home/hasyidan/venv/lib/python3.8/site-packages/airflow/example_dags/example_complex.py
[2024-10-09T11:19:33.585+0700] {logging_mixin.py:149} INFO - [2024-10-09T11:19:33.585+0700] {dag.py:2726} INFO - Sync 1 DAGs
[2024-10-09T11:19:33.657+0700] {logging_mixin.py:149} INFO - [2024-10-09T11:19:33.657+0700] {dag.py:3486} INFO - Setting next_dagrun for example_complex to None, run_after=None
[2024-10-09T11:19:33.835+0700] {processor.py:179} INFO - Processing /home/hasyidan/venv/lib/python3.8/site-packages/airflow/example_dags/example_complex.py took 0.417 seconds
[2024-10-09T11:20:39.025+0700] {processor.py:157} INFO - Started process (PID=5592) to work on /home/hasyidan/venv/lib/python3.8/site-packages/airflow/example_dags/example_complex.py
[2024-10-09T11:20:39.035+0700] {processor.py:826} INFO - Processing file /home/hasyidan/venv/lib/python3.8/site-packages/airflow/example_dags/example_complex.py for tasks to queue
[2024-10-09T11:20:39.038+0700] {logging_mixin.py:149} INFO - [2024-10-09T11:20:39.037+0700] {dagbag.py:541} INFO - Filling up the DagBag from /home/hasyidan/venv/lib/python3.8/site-packages/airflow/example_dags/example_complex.py
[2024-10-09T11:20:39.078+0700] {logging_mixin.py:149} INFO - [2024-10-09T11:20:39.077+0700] {taskmixin.py:211} WARNING - Dependency <Task(BashOperator): create_entry_group>, delete_entry_group already registered for DAG: example_complex
[2024-10-09T11:20:39.078+0700] {logging_mixin.py:149} INFO - [2024-10-09T11:20:39.078+0700] {taskmixin.py:211} WARNING - Dependency <Task(BashOperator): delete_entry_group>, create_entry_group already registered for DAG: example_complex
[2024-10-09T11:20:39.079+0700] {logging_mixin.py:149} INFO - [2024-10-09T11:20:39.079+0700] {taskmixin.py:211} WARNING - Dependency <Task(BashOperator): create_entry_gcs>, delete_entry already registered for DAG: example_complex
[2024-10-09T11:20:39.079+0700] {logging_mixin.py:149} INFO - [2024-10-09T11:20:39.079+0700] {taskmixin.py:211} WARNING - Dependency <Task(BashOperator): delete_entry>, create_entry_gcs already registered for DAG: example_complex
[2024-10-09T11:20:39.083+0700] {logging_mixin.py:149} INFO - [2024-10-09T11:20:39.080+0700] {taskmixin.py:211} WARNING - Dependency <Task(BashOperator): create_tag>, delete_tag already registered for DAG: example_complex
[2024-10-09T11:20:39.083+0700] {logging_mixin.py:149} INFO - [2024-10-09T11:20:39.083+0700] {taskmixin.py:211} WARNING - Dependency <Task(BashOperator): delete_tag>, create_tag already registered for DAG: example_complex
[2024-10-09T11:20:39.090+0700] {processor.py:836} INFO - DAG(s) dict_keys(['example_complex']) retrieved from /home/hasyidan/venv/lib/python3.8/site-packages/airflow/example_dags/example_complex.py
[2024-10-09T11:20:39.186+0700] {logging_mixin.py:149} INFO - [2024-10-09T11:20:39.186+0700] {dag.py:2726} INFO - Sync 1 DAGs
[2024-10-09T11:20:39.260+0700] {logging_mixin.py:149} INFO - [2024-10-09T11:20:39.260+0700] {dag.py:3486} INFO - Setting next_dagrun for example_complex to None, run_after=None
[2024-10-09T11:20:39.400+0700] {processor.py:179} INFO - Processing /home/hasyidan/venv/lib/python3.8/site-packages/airflow/example_dags/example_complex.py took 0.385 seconds
[2024-10-09T11:21:47.334+0700] {processor.py:157} INFO - Started process (PID=5657) to work on /home/hasyidan/venv/lib/python3.8/site-packages/airflow/example_dags/example_complex.py
[2024-10-09T11:21:47.380+0700] {processor.py:826} INFO - Processing file /home/hasyidan/venv/lib/python3.8/site-packages/airflow/example_dags/example_complex.py for tasks to queue
[2024-10-09T11:21:47.382+0700] {logging_mixin.py:149} INFO - [2024-10-09T11:21:47.382+0700] {dagbag.py:541} INFO - Filling up the DagBag from /home/hasyidan/venv/lib/python3.8/site-packages/airflow/example_dags/example_complex.py
[2024-10-09T11:21:47.410+0700] {logging_mixin.py:149} INFO - [2024-10-09T11:21:47.409+0700] {taskmixin.py:211} WARNING - Dependency <Task(BashOperator): create_entry_group>, delete_entry_group already registered for DAG: example_complex
[2024-10-09T11:21:47.411+0700] {logging_mixin.py:149} INFO - [2024-10-09T11:21:47.411+0700] {taskmixin.py:211} WARNING - Dependency <Task(BashOperator): delete_entry_group>, create_entry_group already registered for DAG: example_complex
[2024-10-09T11:21:47.412+0700] {logging_mixin.py:149} INFO - [2024-10-09T11:21:47.412+0700] {taskmixin.py:211} WARNING - Dependency <Task(BashOperator): create_entry_gcs>, delete_entry already registered for DAG: example_complex
[2024-10-09T11:21:47.413+0700] {logging_mixin.py:149} INFO - [2024-10-09T11:21:47.412+0700] {taskmixin.py:211} WARNING - Dependency <Task(BashOperator): delete_entry>, create_entry_gcs already registered for DAG: example_complex
[2024-10-09T11:21:47.414+0700] {logging_mixin.py:149} INFO - [2024-10-09T11:21:47.414+0700] {taskmixin.py:211} WARNING - Dependency <Task(BashOperator): create_tag>, delete_tag already registered for DAG: example_complex
[2024-10-09T11:21:47.415+0700] {logging_mixin.py:149} INFO - [2024-10-09T11:21:47.415+0700] {taskmixin.py:211} WARNING - Dependency <Task(BashOperator): delete_tag>, create_tag already registered for DAG: example_complex
[2024-10-09T11:21:47.419+0700] {processor.py:836} INFO - DAG(s) dict_keys(['example_complex']) retrieved from /home/hasyidan/venv/lib/python3.8/site-packages/airflow/example_dags/example_complex.py
[2024-10-09T11:21:47.518+0700] {logging_mixin.py:149} INFO - [2024-10-09T11:21:47.517+0700] {dag.py:2726} INFO - Sync 1 DAGs
[2024-10-09T11:21:47.683+0700] {logging_mixin.py:149} INFO - [2024-10-09T11:21:47.682+0700] {dag.py:3486} INFO - Setting next_dagrun for example_complex to None, run_after=None
[2024-10-09T11:21:47.833+0700] {processor.py:179} INFO - Processing /home/hasyidan/venv/lib/python3.8/site-packages/airflow/example_dags/example_complex.py took 0.508 seconds
[2024-10-09T11:22:48.868+0700] {processor.py:157} INFO - Started process (PID=5717) to work on /home/hasyidan/venv/lib/python3.8/site-packages/airflow/example_dags/example_complex.py
[2024-10-09T11:22:48.904+0700] {processor.py:826} INFO - Processing file /home/hasyidan/venv/lib/python3.8/site-packages/airflow/example_dags/example_complex.py for tasks to queue
[2024-10-09T11:22:48.906+0700] {logging_mixin.py:149} INFO - [2024-10-09T11:22:48.905+0700] {dagbag.py:541} INFO - Filling up the DagBag from /home/hasyidan/venv/lib/python3.8/site-packages/airflow/example_dags/example_complex.py
[2024-10-09T11:22:48.956+0700] {logging_mixin.py:149} INFO - [2024-10-09T11:22:48.956+0700] {taskmixin.py:211} WARNING - Dependency <Task(BashOperator): create_entry_group>, delete_entry_group already registered for DAG: example_complex
[2024-10-09T11:22:48.957+0700] {logging_mixin.py:149} INFO - [2024-10-09T11:22:48.956+0700] {taskmixin.py:211} WARNING - Dependency <Task(BashOperator): delete_entry_group>, create_entry_group already registered for DAG: example_complex
[2024-10-09T11:22:48.958+0700] {logging_mixin.py:149} INFO - [2024-10-09T11:22:48.958+0700] {taskmixin.py:211} WARNING - Dependency <Task(BashOperator): create_entry_gcs>, delete_entry already registered for DAG: example_complex
[2024-10-09T11:22:48.959+0700] {logging_mixin.py:149} INFO - [2024-10-09T11:22:48.959+0700] {taskmixin.py:211} WARNING - Dependency <Task(BashOperator): delete_entry>, create_entry_gcs already registered for DAG: example_complex
[2024-10-09T11:22:48.961+0700] {logging_mixin.py:149} INFO - [2024-10-09T11:22:48.961+0700] {taskmixin.py:211} WARNING - Dependency <Task(BashOperator): create_tag>, delete_tag already registered for DAG: example_complex
[2024-10-09T11:22:48.961+0700] {logging_mixin.py:149} INFO - [2024-10-09T11:22:48.961+0700] {taskmixin.py:211} WARNING - Dependency <Task(BashOperator): delete_tag>, create_tag already registered for DAG: example_complex
[2024-10-09T11:22:48.966+0700] {processor.py:836} INFO - DAG(s) dict_keys(['example_complex']) retrieved from /home/hasyidan/venv/lib/python3.8/site-packages/airflow/example_dags/example_complex.py
[2024-10-09T11:22:49.053+0700] {logging_mixin.py:149} INFO - [2024-10-09T11:22:49.052+0700] {dag.py:2726} INFO - Sync 1 DAGs
[2024-10-09T11:22:49.117+0700] {logging_mixin.py:149} INFO - [2024-10-09T11:22:49.117+0700] {dag.py:3486} INFO - Setting next_dagrun for example_complex to None, run_after=None
[2024-10-09T11:22:49.306+0700] {processor.py:179} INFO - Processing /home/hasyidan/venv/lib/python3.8/site-packages/airflow/example_dags/example_complex.py took 0.446 seconds
[2024-10-09T11:23:56.272+0700] {processor.py:157} INFO - Started process (PID=5785) to work on /home/hasyidan/venv/lib/python3.8/site-packages/airflow/example_dags/example_complex.py
[2024-10-09T11:23:56.286+0700] {processor.py:826} INFO - Processing file /home/hasyidan/venv/lib/python3.8/site-packages/airflow/example_dags/example_complex.py for tasks to queue
[2024-10-09T11:23:56.289+0700] {logging_mixin.py:149} INFO - [2024-10-09T11:23:56.288+0700] {dagbag.py:541} INFO - Filling up the DagBag from /home/hasyidan/venv/lib/python3.8/site-packages/airflow/example_dags/example_complex.py
[2024-10-09T11:23:56.319+0700] {logging_mixin.py:149} INFO - [2024-10-09T11:23:56.319+0700] {taskmixin.py:211} WARNING - Dependency <Task(BashOperator): create_entry_group>, delete_entry_group already registered for DAG: example_complex
[2024-10-09T11:23:56.320+0700] {logging_mixin.py:149} INFO - [2024-10-09T11:23:56.319+0700] {taskmixin.py:211} WARNING - Dependency <Task(BashOperator): delete_entry_group>, create_entry_group already registered for DAG: example_complex
[2024-10-09T11:23:56.322+0700] {logging_mixin.py:149} INFO - [2024-10-09T11:23:56.320+0700] {taskmixin.py:211} WARNING - Dependency <Task(BashOperator): create_entry_gcs>, delete_entry already registered for DAG: example_complex
[2024-10-09T11:23:56.322+0700] {logging_mixin.py:149} INFO - [2024-10-09T11:23:56.322+0700] {taskmixin.py:211} WARNING - Dependency <Task(BashOperator): delete_entry>, create_entry_gcs already registered for DAG: example_complex
[2024-10-09T11:23:56.327+0700] {logging_mixin.py:149} INFO - [2024-10-09T11:23:56.326+0700] {taskmixin.py:211} WARNING - Dependency <Task(BashOperator): create_tag>, delete_tag already registered for DAG: example_complex
[2024-10-09T11:23:56.328+0700] {logging_mixin.py:149} INFO - [2024-10-09T11:23:56.328+0700] {taskmixin.py:211} WARNING - Dependency <Task(BashOperator): delete_tag>, create_tag already registered for DAG: example_complex
[2024-10-09T11:23:56.335+0700] {processor.py:836} INFO - DAG(s) dict_keys(['example_complex']) retrieved from /home/hasyidan/venv/lib/python3.8/site-packages/airflow/example_dags/example_complex.py
[2024-10-09T11:23:56.450+0700] {logging_mixin.py:149} INFO - [2024-10-09T11:23:56.450+0700] {dag.py:2726} INFO - Sync 1 DAGs
[2024-10-09T11:23:56.541+0700] {logging_mixin.py:149} INFO - [2024-10-09T11:23:56.540+0700] {dag.py:3486} INFO - Setting next_dagrun for example_complex to None, run_after=None
[2024-10-09T11:23:56.718+0700] {processor.py:179} INFO - Processing /home/hasyidan/venv/lib/python3.8/site-packages/airflow/example_dags/example_complex.py took 0.454 seconds
[2024-10-09T11:25:03.381+0700] {processor.py:157} INFO - Started process (PID=5854) to work on /home/hasyidan/venv/lib/python3.8/site-packages/airflow/example_dags/example_complex.py
[2024-10-09T11:25:03.413+0700] {processor.py:826} INFO - Processing file /home/hasyidan/venv/lib/python3.8/site-packages/airflow/example_dags/example_complex.py for tasks to queue
[2024-10-09T11:25:03.416+0700] {logging_mixin.py:149} INFO - [2024-10-09T11:25:03.415+0700] {dagbag.py:541} INFO - Filling up the DagBag from /home/hasyidan/venv/lib/python3.8/site-packages/airflow/example_dags/example_complex.py
[2024-10-09T11:25:03.462+0700] {logging_mixin.py:149} INFO - [2024-10-09T11:25:03.459+0700] {taskmixin.py:211} WARNING - Dependency <Task(BashOperator): create_entry_group>, delete_entry_group already registered for DAG: example_complex
[2024-10-09T11:25:03.463+0700] {logging_mixin.py:149} INFO - [2024-10-09T11:25:03.463+0700] {taskmixin.py:211} WARNING - Dependency <Task(BashOperator): delete_entry_group>, create_entry_group already registered for DAG: example_complex
[2024-10-09T11:25:03.464+0700] {logging_mixin.py:149} INFO - [2024-10-09T11:25:03.463+0700] {taskmixin.py:211} WARNING - Dependency <Task(BashOperator): create_entry_gcs>, delete_entry already registered for DAG: example_complex
[2024-10-09T11:25:03.464+0700] {logging_mixin.py:149} INFO - [2024-10-09T11:25:03.464+0700] {taskmixin.py:211} WARNING - Dependency <Task(BashOperator): delete_entry>, create_entry_gcs already registered for DAG: example_complex
[2024-10-09T11:25:03.465+0700] {logging_mixin.py:149} INFO - [2024-10-09T11:25:03.465+0700] {taskmixin.py:211} WARNING - Dependency <Task(BashOperator): create_tag>, delete_tag already registered for DAG: example_complex
[2024-10-09T11:25:03.466+0700] {logging_mixin.py:149} INFO - [2024-10-09T11:25:03.466+0700] {taskmixin.py:211} WARNING - Dependency <Task(BashOperator): delete_tag>, create_tag already registered for DAG: example_complex
[2024-10-09T11:25:03.470+0700] {processor.py:836} INFO - DAG(s) dict_keys(['example_complex']) retrieved from /home/hasyidan/venv/lib/python3.8/site-packages/airflow/example_dags/example_complex.py
[2024-10-09T11:25:03.614+0700] {logging_mixin.py:149} INFO - [2024-10-09T11:25:03.614+0700] {dag.py:2726} INFO - Sync 1 DAGs
[2024-10-09T11:25:03.752+0700] {logging_mixin.py:149} INFO - [2024-10-09T11:25:03.751+0700] {dag.py:3486} INFO - Setting next_dagrun for example_complex to None, run_after=None
[2024-10-09T11:25:03.912+0700] {processor.py:179} INFO - Processing /home/hasyidan/venv/lib/python3.8/site-packages/airflow/example_dags/example_complex.py took 0.542 seconds
[2024-10-09T11:28:30.710+0700] {processor.py:157} INFO - Started process (PID=6010) to work on /home/hasyidan/venv/lib/python3.8/site-packages/airflow/example_dags/example_complex.py
[2024-10-09T11:28:30.740+0700] {processor.py:826} INFO - Processing file /home/hasyidan/venv/lib/python3.8/site-packages/airflow/example_dags/example_complex.py for tasks to queue
[2024-10-09T11:28:30.742+0700] {logging_mixin.py:149} INFO - [2024-10-09T11:28:30.742+0700] {dagbag.py:541} INFO - Filling up the DagBag from /home/hasyidan/venv/lib/python3.8/site-packages/airflow/example_dags/example_complex.py
[2024-10-09T11:28:30.778+0700] {logging_mixin.py:149} INFO - [2024-10-09T11:28:30.778+0700] {taskmixin.py:211} WARNING - Dependency <Task(BashOperator): create_entry_group>, delete_entry_group already registered for DAG: example_complex
[2024-10-09T11:28:30.779+0700] {logging_mixin.py:149} INFO - [2024-10-09T11:28:30.779+0700] {taskmixin.py:211} WARNING - Dependency <Task(BashOperator): delete_entry_group>, create_entry_group already registered for DAG: example_complex
[2024-10-09T11:28:30.780+0700] {logging_mixin.py:149} INFO - [2024-10-09T11:28:30.780+0700] {taskmixin.py:211} WARNING - Dependency <Task(BashOperator): create_entry_gcs>, delete_entry already registered for DAG: example_complex
[2024-10-09T11:28:30.781+0700] {logging_mixin.py:149} INFO - [2024-10-09T11:28:30.780+0700] {taskmixin.py:211} WARNING - Dependency <Task(BashOperator): delete_entry>, create_entry_gcs already registered for DAG: example_complex
[2024-10-09T11:28:30.785+0700] {logging_mixin.py:149} INFO - [2024-10-09T11:28:30.782+0700] {taskmixin.py:211} WARNING - Dependency <Task(BashOperator): create_tag>, delete_tag already registered for DAG: example_complex
[2024-10-09T11:28:30.786+0700] {logging_mixin.py:149} INFO - [2024-10-09T11:28:30.786+0700] {taskmixin.py:211} WARNING - Dependency <Task(BashOperator): delete_tag>, create_tag already registered for DAG: example_complex
[2024-10-09T11:28:30.790+0700] {processor.py:836} INFO - DAG(s) dict_keys(['example_complex']) retrieved from /home/hasyidan/venv/lib/python3.8/site-packages/airflow/example_dags/example_complex.py
[2024-10-09T11:28:30.913+0700] {logging_mixin.py:149} INFO - [2024-10-09T11:28:30.913+0700] {dag.py:2726} INFO - Sync 1 DAGs
[2024-10-09T11:28:31.004+0700] {logging_mixin.py:149} INFO - [2024-10-09T11:28:31.003+0700] {dag.py:3486} INFO - Setting next_dagrun for example_complex to None, run_after=None
[2024-10-09T11:28:31.157+0700] {processor.py:179} INFO - Processing /home/hasyidan/venv/lib/python3.8/site-packages/airflow/example_dags/example_complex.py took 0.454 seconds
[2024-10-09T11:31:57.020+0700] {processor.py:157} INFO - Started process (PID=6168) to work on /home/hasyidan/venv/lib/python3.8/site-packages/airflow/example_dags/example_complex.py
[2024-10-09T11:31:57.475+0700] {processor.py:826} INFO - Processing file /home/hasyidan/venv/lib/python3.8/site-packages/airflow/example_dags/example_complex.py for tasks to queue
[2024-10-09T11:31:57.871+0700] {logging_mixin.py:149} INFO - [2024-10-09T11:31:57.871+0700] {dagbag.py:541} INFO - Filling up the DagBag from /home/hasyidan/venv/lib/python3.8/site-packages/airflow/example_dags/example_complex.py
[2024-10-09T11:32:10.952+0700] {logging_mixin.py:149} INFO - [2024-10-09T11:32:10.952+0700] {taskmixin.py:211} WARNING - Dependency <Task(BashOperator): create_entry_group>, delete_entry_group already registered for DAG: example_complex
[2024-10-09T11:32:10.953+0700] {logging_mixin.py:149} INFO - [2024-10-09T11:32:10.953+0700] {taskmixin.py:211} WARNING - Dependency <Task(BashOperator): delete_entry_group>, create_entry_group already registered for DAG: example_complex
[2024-10-09T11:32:10.954+0700] {logging_mixin.py:149} INFO - [2024-10-09T11:32:10.954+0700] {taskmixin.py:211} WARNING - Dependency <Task(BashOperator): create_entry_gcs>, delete_entry already registered for DAG: example_complex
[2024-10-09T11:32:10.954+0700] {logging_mixin.py:149} INFO - [2024-10-09T11:32:10.954+0700] {taskmixin.py:211} WARNING - Dependency <Task(BashOperator): delete_entry>, create_entry_gcs already registered for DAG: example_complex
[2024-10-09T11:32:10.955+0700] {logging_mixin.py:149} INFO - [2024-10-09T11:32:10.955+0700] {taskmixin.py:211} WARNING - Dependency <Task(BashOperator): create_tag>, delete_tag already registered for DAG: example_complex
[2024-10-09T11:32:10.956+0700] {logging_mixin.py:149} INFO - [2024-10-09T11:32:10.956+0700] {taskmixin.py:211} WARNING - Dependency <Task(BashOperator): delete_tag>, create_tag already registered for DAG: example_complex
[2024-10-09T11:32:10.959+0700] {processor.py:836} INFO - DAG(s) dict_keys(['example_complex']) retrieved from /home/hasyidan/venv/lib/python3.8/site-packages/airflow/example_dags/example_complex.py
[2024-10-09T11:32:11.216+0700] {logging_mixin.py:149} INFO - [2024-10-09T11:32:11.216+0700] {dag.py:2726} INFO - Sync 1 DAGs
[2024-10-09T11:32:11.261+0700] {logging_mixin.py:149} INFO - [2024-10-09T11:32:11.261+0700] {dag.py:3486} INFO - Setting next_dagrun for example_complex to None, run_after=None
[2024-10-09T11:32:11.747+0700] {processor.py:179} INFO - Processing /home/hasyidan/venv/lib/python3.8/site-packages/airflow/example_dags/example_complex.py took 16.793 seconds
[2024-10-09T11:34:53.723+0700] {processor.py:157} INFO - Started process (PID=6550) to work on /home/hasyidan/venv/lib/python3.8/site-packages/airflow/example_dags/example_complex.py
[2024-10-09T11:34:53.797+0700] {processor.py:826} INFO - Processing file /home/hasyidan/venv/lib/python3.8/site-packages/airflow/example_dags/example_complex.py for tasks to queue
[2024-10-09T11:34:53.800+0700] {logging_mixin.py:149} INFO - [2024-10-09T11:34:53.799+0700] {dagbag.py:541} INFO - Filling up the DagBag from /home/hasyidan/venv/lib/python3.8/site-packages/airflow/example_dags/example_complex.py
[2024-10-09T11:34:53.835+0700] {logging_mixin.py:149} INFO - [2024-10-09T11:34:53.835+0700] {taskmixin.py:211} WARNING - Dependency <Task(BashOperator): create_entry_group>, delete_entry_group already registered for DAG: example_complex
[2024-10-09T11:34:53.836+0700] {logging_mixin.py:149} INFO - [2024-10-09T11:34:53.836+0700] {taskmixin.py:211} WARNING - Dependency <Task(BashOperator): delete_entry_group>, create_entry_group already registered for DAG: example_complex
[2024-10-09T11:34:53.837+0700] {logging_mixin.py:149} INFO - [2024-10-09T11:34:53.837+0700] {taskmixin.py:211} WARNING - Dependency <Task(BashOperator): create_entry_gcs>, delete_entry already registered for DAG: example_complex
[2024-10-09T11:34:53.838+0700] {logging_mixin.py:149} INFO - [2024-10-09T11:34:53.838+0700] {taskmixin.py:211} WARNING - Dependency <Task(BashOperator): delete_entry>, create_entry_gcs already registered for DAG: example_complex
[2024-10-09T11:34:53.839+0700] {logging_mixin.py:149} INFO - [2024-10-09T11:34:53.838+0700] {taskmixin.py:211} WARNING - Dependency <Task(BashOperator): create_tag>, delete_tag already registered for DAG: example_complex
[2024-10-09T11:34:53.839+0700] {logging_mixin.py:149} INFO - [2024-10-09T11:34:53.839+0700] {taskmixin.py:211} WARNING - Dependency <Task(BashOperator): delete_tag>, create_tag already registered for DAG: example_complex
[2024-10-09T11:34:53.842+0700] {processor.py:836} INFO - DAG(s) dict_keys(['example_complex']) retrieved from /home/hasyidan/venv/lib/python3.8/site-packages/airflow/example_dags/example_complex.py
[2024-10-09T11:34:53.900+0700] {logging_mixin.py:149} INFO - [2024-10-09T11:34:53.899+0700] {dag.py:2726} INFO - Sync 1 DAGs
[2024-10-09T11:34:53.942+0700] {logging_mixin.py:149} INFO - [2024-10-09T11:34:53.942+0700] {dag.py:3486} INFO - Setting next_dagrun for example_complex to None, run_after=None
[2024-10-09T11:34:54.235+0700] {processor.py:179} INFO - Processing /home/hasyidan/venv/lib/python3.8/site-packages/airflow/example_dags/example_complex.py took 0.517 seconds
[2024-10-09T11:38:03.408+0700] {processor.py:157} INFO - Started process (PID=6813) to work on /home/hasyidan/venv/lib/python3.8/site-packages/airflow/example_dags/example_complex.py
[2024-10-09T11:38:03.440+0700] {processor.py:826} INFO - Processing file /home/hasyidan/venv/lib/python3.8/site-packages/airflow/example_dags/example_complex.py for tasks to queue
[2024-10-09T11:38:03.443+0700] {logging_mixin.py:149} INFO - [2024-10-09T11:38:03.443+0700] {dagbag.py:541} INFO - Filling up the DagBag from /home/hasyidan/venv/lib/python3.8/site-packages/airflow/example_dags/example_complex.py
[2024-10-09T11:38:03.608+0700] {logging_mixin.py:149} INFO - [2024-10-09T11:38:03.589+0700] {taskmixin.py:211} WARNING - Dependency <Task(BashOperator): create_entry_group>, delete_entry_group already registered for DAG: example_complex
[2024-10-09T11:38:03.610+0700] {logging_mixin.py:149} INFO - [2024-10-09T11:38:03.609+0700] {taskmixin.py:211} WARNING - Dependency <Task(BashOperator): delete_entry_group>, create_entry_group already registered for DAG: example_complex
[2024-10-09T11:38:03.611+0700] {logging_mixin.py:149} INFO - [2024-10-09T11:38:03.610+0700] {taskmixin.py:211} WARNING - Dependency <Task(BashOperator): create_entry_gcs>, delete_entry already registered for DAG: example_complex
[2024-10-09T11:38:03.612+0700] {logging_mixin.py:149} INFO - [2024-10-09T11:38:03.611+0700] {taskmixin.py:211} WARNING - Dependency <Task(BashOperator): delete_entry>, create_entry_gcs already registered for DAG: example_complex
[2024-10-09T11:38:03.613+0700] {logging_mixin.py:149} INFO - [2024-10-09T11:38:03.613+0700] {taskmixin.py:211} WARNING - Dependency <Task(BashOperator): create_tag>, delete_tag already registered for DAG: example_complex
[2024-10-09T11:38:03.614+0700] {logging_mixin.py:149} INFO - [2024-10-09T11:38:03.614+0700] {taskmixin.py:211} WARNING - Dependency <Task(BashOperator): delete_tag>, create_tag already registered for DAG: example_complex
[2024-10-09T11:38:03.639+0700] {processor.py:836} INFO - DAG(s) dict_keys(['example_complex']) retrieved from /home/hasyidan/venv/lib/python3.8/site-packages/airflow/example_dags/example_complex.py
[2024-10-09T11:38:03.856+0700] {logging_mixin.py:149} INFO - [2024-10-09T11:38:03.855+0700] {dag.py:2726} INFO - Sync 1 DAGs
[2024-10-09T11:38:03.919+0700] {logging_mixin.py:149} INFO - [2024-10-09T11:38:03.919+0700] {dag.py:3486} INFO - Setting next_dagrun for example_complex to None, run_after=None
[2024-10-09T11:38:04.090+0700] {processor.py:179} INFO - Processing /home/hasyidan/venv/lib/python3.8/site-packages/airflow/example_dags/example_complex.py took 0.688 seconds
