[2024-10-09T10:58:31.342+0700] {processor.py:157} INFO - Started process (PID=3922) to work on /home/hasyidan/venv/lib/python3.8/site-packages/airflow/example_dags/example_subdag_operator.py
[2024-10-09T10:58:31.344+0700] {processor.py:826} INFO - Processing file /home/hasyidan/venv/lib/python3.8/site-packages/airflow/example_dags/example_subdag_operator.py for tasks to queue
[2024-10-09T10:58:31.345+0700] {logging_mixin.py:149} INFO - [2024-10-09T10:58:31.345+0700] {dagbag.py:541} INFO - Filling up the DagBag from /home/hasyidan/venv/lib/python3.8/site-packages/airflow/example_dags/example_subdag_operator.py
[2024-10-09T10:58:31.717+0700] {processor.py:836} INFO - DAG(s) dict_keys(['example_subdag_operator.section-1', 'example_subdag_operator.section-2', 'example_subdag_operator']) retrieved from /home/hasyidan/venv/lib/python3.8/site-packages/airflow/example_dags/example_subdag_operator.py
[2024-10-09T10:58:31.757+0700] {logging_mixin.py:149} INFO - [2024-10-09T10:58:31.757+0700] {dag.py:2726} INFO - Sync 3 DAGs
[2024-10-09T10:58:31.804+0700] {logging_mixin.py:149} INFO - [2024-10-09T10:58:31.803+0700] {dag.py:3486} INFO - Setting next_dagrun for example_subdag_operator to 2022-01-01T00:00:00+00:00, run_after=2022-01-01T00:00:00+00:00
[2024-10-09T10:58:31.811+0700] {logging_mixin.py:149} INFO - [2024-10-09T10:58:31.811+0700] {dag.py:3486} INFO - Setting next_dagrun for example_subdag_operator.section-1 to None, run_after=None
[2024-10-09T10:58:31.814+0700] {logging_mixin.py:149} INFO - [2024-10-09T10:58:31.814+0700] {dag.py:3486} INFO - Setting next_dagrun for example_subdag_operator.section-2 to None, run_after=None
[2024-10-09T10:58:31.828+0700] {logging_mixin.py:149} INFO - [2024-10-09T10:58:31.828+0700] {dag.py:2726} INFO - Sync 2 DAGs
[2024-10-09T10:58:31.839+0700] {logging_mixin.py:149} INFO - [2024-10-09T10:58:31.839+0700] {dag.py:3486} INFO - Setting next_dagrun for example_subdag_operator.section-1 to None, run_after=None
[2024-10-09T10:58:31.840+0700] {logging_mixin.py:149} INFO - [2024-10-09T10:58:31.839+0700] {dag.py:3486} INFO - Setting next_dagrun for example_subdag_operator.section-2 to None, run_after=None
[2024-10-09T10:58:32.410+0700] {processor.py:179} INFO - Processing /home/hasyidan/venv/lib/python3.8/site-packages/airflow/example_dags/example_subdag_operator.py took 1.073 seconds
[2024-10-09T11:00:32.547+0700] {processor.py:157} INFO - Started process (PID=4012) to work on /home/hasyidan/venv/lib/python3.8/site-packages/airflow/example_dags/example_subdag_operator.py
[2024-10-09T11:00:32.750+0700] {processor.py:826} INFO - Processing file /home/hasyidan/venv/lib/python3.8/site-packages/airflow/example_dags/example_subdag_operator.py for tasks to queue
[2024-10-09T11:00:32.753+0700] {logging_mixin.py:149} INFO - [2024-10-09T11:00:32.752+0700] {dagbag.py:541} INFO - Filling up the DagBag from /home/hasyidan/venv/lib/python3.8/site-packages/airflow/example_dags/example_subdag_operator.py
[2024-10-09T11:00:32.870+0700] {processor.py:836} INFO - DAG(s) dict_keys(['example_subdag_operator.section-1', 'example_subdag_operator.section-2', 'example_subdag_operator']) retrieved from /home/hasyidan/venv/lib/python3.8/site-packages/airflow/example_dags/example_subdag_operator.py
[2024-10-09T11:00:32.917+0700] {logging_mixin.py:149} INFO - [2024-10-09T11:00:32.916+0700] {dag.py:2726} INFO - Sync 3 DAGs
[2024-10-09T11:00:34.087+0700] {logging_mixin.py:149} INFO - [2024-10-09T11:00:34.086+0700] {dag.py:3486} INFO - Setting next_dagrun for example_subdag_operator to 2022-01-01T00:00:00+00:00, run_after=2022-01-01T00:00:00+00:00
[2024-10-09T11:00:34.095+0700] {logging_mixin.py:149} INFO - [2024-10-09T11:00:34.095+0700] {dag.py:3486} INFO - Setting next_dagrun for example_subdag_operator.section-1 to None, run_after=None
[2024-10-09T11:00:34.099+0700] {logging_mixin.py:149} INFO - [2024-10-09T11:00:34.098+0700] {dag.py:3486} INFO - Setting next_dagrun for example_subdag_operator.section-2 to None, run_after=None
[2024-10-09T11:00:34.181+0700] {logging_mixin.py:149} INFO - [2024-10-09T11:00:34.180+0700] {dag.py:2726} INFO - Sync 2 DAGs
[2024-10-09T11:00:34.193+0700] {logging_mixin.py:149} INFO - [2024-10-09T11:00:34.192+0700] {dag.py:3486} INFO - Setting next_dagrun for example_subdag_operator.section-1 to None, run_after=None
[2024-10-09T11:00:34.193+0700] {logging_mixin.py:149} INFO - [2024-10-09T11:00:34.193+0700] {dag.py:3486} INFO - Setting next_dagrun for example_subdag_operator.section-2 to None, run_after=None
[2024-10-09T11:00:34.520+0700] {processor.py:179} INFO - Processing /home/hasyidan/venv/lib/python3.8/site-packages/airflow/example_dags/example_subdag_operator.py took 1.980 seconds
[2024-10-09T11:01:40.142+0700] {processor.py:157} INFO - Started process (PID=4157) to work on /home/hasyidan/venv/lib/python3.8/site-packages/airflow/example_dags/example_subdag_operator.py
[2024-10-09T11:01:40.156+0700] {processor.py:826} INFO - Processing file /home/hasyidan/venv/lib/python3.8/site-packages/airflow/example_dags/example_subdag_operator.py for tasks to queue
[2024-10-09T11:01:40.158+0700] {logging_mixin.py:149} INFO - [2024-10-09T11:01:40.158+0700] {dagbag.py:541} INFO - Filling up the DagBag from /home/hasyidan/venv/lib/python3.8/site-packages/airflow/example_dags/example_subdag_operator.py
[2024-10-09T11:01:40.233+0700] {processor.py:836} INFO - DAG(s) dict_keys(['example_subdag_operator.section-1', 'example_subdag_operator.section-2', 'example_subdag_operator']) retrieved from /home/hasyidan/venv/lib/python3.8/site-packages/airflow/example_dags/example_subdag_operator.py
[2024-10-09T11:01:40.478+0700] {logging_mixin.py:149} INFO - [2024-10-09T11:01:40.477+0700] {dag.py:2726} INFO - Sync 3 DAGs
[2024-10-09T11:01:40.515+0700] {logging_mixin.py:149} INFO - [2024-10-09T11:01:40.515+0700] {dag.py:3486} INFO - Setting next_dagrun for example_subdag_operator to 2022-01-01T00:00:00+00:00, run_after=2022-01-01T00:00:00+00:00
[2024-10-09T11:01:40.522+0700] {logging_mixin.py:149} INFO - [2024-10-09T11:01:40.521+0700] {dag.py:3486} INFO - Setting next_dagrun for example_subdag_operator.section-1 to None, run_after=None
[2024-10-09T11:01:40.524+0700] {logging_mixin.py:149} INFO - [2024-10-09T11:01:40.523+0700] {dag.py:3486} INFO - Setting next_dagrun for example_subdag_operator.section-2 to None, run_after=None
[2024-10-09T11:01:40.536+0700] {logging_mixin.py:149} INFO - [2024-10-09T11:01:40.536+0700] {dag.py:2726} INFO - Sync 2 DAGs
[2024-10-09T11:01:40.546+0700] {logging_mixin.py:149} INFO - [2024-10-09T11:01:40.546+0700] {dag.py:3486} INFO - Setting next_dagrun for example_subdag_operator.section-1 to None, run_after=None
[2024-10-09T11:01:40.547+0700] {logging_mixin.py:149} INFO - [2024-10-09T11:01:40.546+0700] {dag.py:3486} INFO - Setting next_dagrun for example_subdag_operator.section-2 to None, run_after=None
[2024-10-09T11:01:40.720+0700] {processor.py:179} INFO - Processing /home/hasyidan/venv/lib/python3.8/site-packages/airflow/example_dags/example_subdag_operator.py took 0.583 seconds
[2024-10-09T11:02:47.546+0700] {processor.py:157} INFO - Started process (PID=4219) to work on /home/hasyidan/venv/lib/python3.8/site-packages/airflow/example_dags/example_subdag_operator.py
[2024-10-09T11:02:47.555+0700] {processor.py:826} INFO - Processing file /home/hasyidan/venv/lib/python3.8/site-packages/airflow/example_dags/example_subdag_operator.py for tasks to queue
[2024-10-09T11:02:47.557+0700] {logging_mixin.py:149} INFO - [2024-10-09T11:02:47.557+0700] {dagbag.py:541} INFO - Filling up the DagBag from /home/hasyidan/venv/lib/python3.8/site-packages/airflow/example_dags/example_subdag_operator.py
[2024-10-09T11:02:47.600+0700] {processor.py:836} INFO - DAG(s) dict_keys(['example_subdag_operator.section-1', 'example_subdag_operator.section-2', 'example_subdag_operator']) retrieved from /home/hasyidan/venv/lib/python3.8/site-packages/airflow/example_dags/example_subdag_operator.py
[2024-10-09T11:02:47.637+0700] {logging_mixin.py:149} INFO - [2024-10-09T11:02:47.637+0700] {dag.py:2726} INFO - Sync 3 DAGs
[2024-10-09T11:02:47.685+0700] {logging_mixin.py:149} INFO - [2024-10-09T11:02:47.685+0700] {dag.py:3486} INFO - Setting next_dagrun for example_subdag_operator to 2022-01-01T00:00:00+00:00, run_after=2022-01-01T00:00:00+00:00
[2024-10-09T11:02:47.692+0700] {logging_mixin.py:149} INFO - [2024-10-09T11:02:47.692+0700] {dag.py:3486} INFO - Setting next_dagrun for example_subdag_operator.section-1 to None, run_after=None
[2024-10-09T11:02:47.694+0700] {logging_mixin.py:149} INFO - [2024-10-09T11:02:47.694+0700] {dag.py:3486} INFO - Setting next_dagrun for example_subdag_operator.section-2 to None, run_after=None
[2024-10-09T11:02:47.709+0700] {logging_mixin.py:149} INFO - [2024-10-09T11:02:47.709+0700] {dag.py:2726} INFO - Sync 2 DAGs
[2024-10-09T11:02:47.720+0700] {logging_mixin.py:149} INFO - [2024-10-09T11:02:47.720+0700] {dag.py:3486} INFO - Setting next_dagrun for example_subdag_operator.section-1 to None, run_after=None
[2024-10-09T11:02:47.721+0700] {logging_mixin.py:149} INFO - [2024-10-09T11:02:47.720+0700] {dag.py:3486} INFO - Setting next_dagrun for example_subdag_operator.section-2 to None, run_after=None
[2024-10-09T11:02:47.934+0700] {processor.py:179} INFO - Processing /home/hasyidan/venv/lib/python3.8/site-packages/airflow/example_dags/example_subdag_operator.py took 0.394 seconds
[2024-10-09T11:03:46.322+0700] {processor.py:157} INFO - Started process (PID=4273) to work on /home/hasyidan/venv/lib/python3.8/site-packages/airflow/example_dags/example_subdag_operator.py
[2024-10-09T11:03:46.358+0700] {processor.py:826} INFO - Processing file /home/hasyidan/venv/lib/python3.8/site-packages/airflow/example_dags/example_subdag_operator.py for tasks to queue
[2024-10-09T11:03:46.361+0700] {logging_mixin.py:149} INFO - [2024-10-09T11:03:46.360+0700] {dagbag.py:541} INFO - Filling up the DagBag from /home/hasyidan/venv/lib/python3.8/site-packages/airflow/example_dags/example_subdag_operator.py
[2024-10-09T11:03:46.443+0700] {processor.py:836} INFO - DAG(s) dict_keys(['example_subdag_operator.section-1', 'example_subdag_operator.section-2', 'example_subdag_operator']) retrieved from /home/hasyidan/venv/lib/python3.8/site-packages/airflow/example_dags/example_subdag_operator.py
[2024-10-09T11:03:46.480+0700] {logging_mixin.py:149} INFO - [2024-10-09T11:03:46.480+0700] {dag.py:2726} INFO - Sync 3 DAGs
[2024-10-09T11:03:46.523+0700] {logging_mixin.py:149} INFO - [2024-10-09T11:03:46.522+0700] {dag.py:3486} INFO - Setting next_dagrun for example_subdag_operator to 2022-01-01T00:00:00+00:00, run_after=2022-01-01T00:00:00+00:00
[2024-10-09T11:03:46.529+0700] {logging_mixin.py:149} INFO - [2024-10-09T11:03:46.529+0700] {dag.py:3486} INFO - Setting next_dagrun for example_subdag_operator.section-1 to None, run_after=None
[2024-10-09T11:03:46.531+0700] {logging_mixin.py:149} INFO - [2024-10-09T11:03:46.531+0700] {dag.py:3486} INFO - Setting next_dagrun for example_subdag_operator.section-2 to None, run_after=None
[2024-10-09T11:03:46.544+0700] {logging_mixin.py:149} INFO - [2024-10-09T11:03:46.544+0700] {dag.py:2726} INFO - Sync 2 DAGs
[2024-10-09T11:03:46.554+0700] {logging_mixin.py:149} INFO - [2024-10-09T11:03:46.554+0700] {dag.py:3486} INFO - Setting next_dagrun for example_subdag_operator.section-1 to None, run_after=None
[2024-10-09T11:03:46.555+0700] {logging_mixin.py:149} INFO - [2024-10-09T11:03:46.555+0700] {dag.py:3486} INFO - Setting next_dagrun for example_subdag_operator.section-2 to None, run_after=None
[2024-10-09T11:03:46.652+0700] {processor.py:179} INFO - Processing /home/hasyidan/venv/lib/python3.8/site-packages/airflow/example_dags/example_subdag_operator.py took 0.336 seconds
[2024-10-09T11:05:31.191+0700] {processor.py:157} INFO - Started process (PID=4383) to work on /home/hasyidan/venv/lib/python3.8/site-packages/airflow/example_dags/example_subdag_operator.py
[2024-10-09T11:05:31.346+0700] {processor.py:826} INFO - Processing file /home/hasyidan/venv/lib/python3.8/site-packages/airflow/example_dags/example_subdag_operator.py for tasks to queue
[2024-10-09T11:05:31.348+0700] {logging_mixin.py:149} INFO - [2024-10-09T11:05:31.347+0700] {dagbag.py:541} INFO - Filling up the DagBag from /home/hasyidan/venv/lib/python3.8/site-packages/airflow/example_dags/example_subdag_operator.py
[2024-10-09T11:05:32.121+0700] {processor.py:836} INFO - DAG(s) dict_keys(['example_subdag_operator.section-1', 'example_subdag_operator.section-2', 'example_subdag_operator']) retrieved from /home/hasyidan/venv/lib/python3.8/site-packages/airflow/example_dags/example_subdag_operator.py
[2024-10-09T11:05:32.925+0700] {logging_mixin.py:149} INFO - [2024-10-09T11:05:32.925+0700] {dag.py:2726} INFO - Sync 3 DAGs
[2024-10-09T11:05:32.978+0700] {logging_mixin.py:149} INFO - [2024-10-09T11:05:32.977+0700] {dag.py:3486} INFO - Setting next_dagrun for example_subdag_operator to 2022-01-01T00:00:00+00:00, run_after=2022-01-01T00:00:00+00:00
[2024-10-09T11:05:32.986+0700] {logging_mixin.py:149} INFO - [2024-10-09T11:05:32.985+0700] {dag.py:3486} INFO - Setting next_dagrun for example_subdag_operator.section-1 to None, run_after=None
[2024-10-09T11:05:32.989+0700] {logging_mixin.py:149} INFO - [2024-10-09T11:05:32.989+0700] {dag.py:3486} INFO - Setting next_dagrun for example_subdag_operator.section-2 to None, run_after=None
[2024-10-09T11:05:33.004+0700] {logging_mixin.py:149} INFO - [2024-10-09T11:05:33.004+0700] {dag.py:2726} INFO - Sync 2 DAGs
[2024-10-09T11:05:33.015+0700] {logging_mixin.py:149} INFO - [2024-10-09T11:05:33.015+0700] {dag.py:3486} INFO - Setting next_dagrun for example_subdag_operator.section-1 to None, run_after=None
[2024-10-09T11:05:33.016+0700] {logging_mixin.py:149} INFO - [2024-10-09T11:05:33.016+0700] {dag.py:3486} INFO - Setting next_dagrun for example_subdag_operator.section-2 to None, run_after=None
[2024-10-09T11:05:33.622+0700] {processor.py:179} INFO - Processing /home/hasyidan/venv/lib/python3.8/site-packages/airflow/example_dags/example_subdag_operator.py took 2.440 seconds
[2024-10-09T11:07:01.490+0700] {processor.py:157} INFO - Started process (PID=4588) to work on /home/hasyidan/venv/lib/python3.8/site-packages/airflow/example_dags/example_subdag_operator.py
[2024-10-09T11:07:01.515+0700] {processor.py:826} INFO - Processing file /home/hasyidan/venv/lib/python3.8/site-packages/airflow/example_dags/example_subdag_operator.py for tasks to queue
[2024-10-09T11:07:01.517+0700] {logging_mixin.py:149} INFO - [2024-10-09T11:07:01.516+0700] {dagbag.py:541} INFO - Filling up the DagBag from /home/hasyidan/venv/lib/python3.8/site-packages/airflow/example_dags/example_subdag_operator.py
[2024-10-09T11:07:01.638+0700] {processor.py:836} INFO - DAG(s) dict_keys(['example_subdag_operator.section-1', 'example_subdag_operator.section-2', 'example_subdag_operator']) retrieved from /home/hasyidan/venv/lib/python3.8/site-packages/airflow/example_dags/example_subdag_operator.py
[2024-10-09T11:07:01.709+0700] {logging_mixin.py:149} INFO - [2024-10-09T11:07:01.709+0700] {dag.py:2726} INFO - Sync 3 DAGs
[2024-10-09T11:07:01.751+0700] {logging_mixin.py:149} INFO - [2024-10-09T11:07:01.751+0700] {dag.py:3486} INFO - Setting next_dagrun for example_subdag_operator to 2022-01-01T00:00:00+00:00, run_after=2022-01-01T00:00:00+00:00
[2024-10-09T11:07:01.758+0700] {logging_mixin.py:149} INFO - [2024-10-09T11:07:01.757+0700] {dag.py:3486} INFO - Setting next_dagrun for example_subdag_operator.section-1 to None, run_after=None
[2024-10-09T11:07:01.760+0700] {logging_mixin.py:149} INFO - [2024-10-09T11:07:01.760+0700] {dag.py:3486} INFO - Setting next_dagrun for example_subdag_operator.section-2 to None, run_after=None
[2024-10-09T11:07:01.773+0700] {logging_mixin.py:149} INFO - [2024-10-09T11:07:01.773+0700] {dag.py:2726} INFO - Sync 2 DAGs
[2024-10-09T11:07:01.787+0700] {logging_mixin.py:149} INFO - [2024-10-09T11:07:01.787+0700] {dag.py:3486} INFO - Setting next_dagrun for example_subdag_operator.section-1 to None, run_after=None
[2024-10-09T11:07:01.788+0700] {logging_mixin.py:149} INFO - [2024-10-09T11:07:01.788+0700] {dag.py:3486} INFO - Setting next_dagrun for example_subdag_operator.section-2 to None, run_after=None
[2024-10-09T11:07:01.889+0700] {processor.py:179} INFO - Processing /home/hasyidan/venv/lib/python3.8/site-packages/airflow/example_dags/example_subdag_operator.py took 0.405 seconds
[2024-10-09T11:08:06.238+0700] {processor.py:157} INFO - Started process (PID=4661) to work on /home/hasyidan/venv/lib/python3.8/site-packages/airflow/example_dags/example_subdag_operator.py
[2024-10-09T11:08:06.294+0700] {processor.py:826} INFO - Processing file /home/hasyidan/venv/lib/python3.8/site-packages/airflow/example_dags/example_subdag_operator.py for tasks to queue
[2024-10-09T11:08:06.296+0700] {logging_mixin.py:149} INFO - [2024-10-09T11:08:06.296+0700] {dagbag.py:541} INFO - Filling up the DagBag from /home/hasyidan/venv/lib/python3.8/site-packages/airflow/example_dags/example_subdag_operator.py
[2024-10-09T11:08:06.340+0700] {processor.py:836} INFO - DAG(s) dict_keys(['example_subdag_operator.section-1', 'example_subdag_operator.section-2', 'example_subdag_operator']) retrieved from /home/hasyidan/venv/lib/python3.8/site-packages/airflow/example_dags/example_subdag_operator.py
[2024-10-09T11:08:06.377+0700] {logging_mixin.py:149} INFO - [2024-10-09T11:08:06.377+0700] {dag.py:2726} INFO - Sync 3 DAGs
[2024-10-09T11:08:06.420+0700] {logging_mixin.py:149} INFO - [2024-10-09T11:08:06.419+0700] {dag.py:3486} INFO - Setting next_dagrun for example_subdag_operator to 2022-01-01T00:00:00+00:00, run_after=2022-01-01T00:00:00+00:00
[2024-10-09T11:08:06.426+0700] {logging_mixin.py:149} INFO - [2024-10-09T11:08:06.426+0700] {dag.py:3486} INFO - Setting next_dagrun for example_subdag_operator.section-1 to None, run_after=None
[2024-10-09T11:08:06.428+0700] {logging_mixin.py:149} INFO - [2024-10-09T11:08:06.428+0700] {dag.py:3486} INFO - Setting next_dagrun for example_subdag_operator.section-2 to None, run_after=None
[2024-10-09T11:08:06.441+0700] {logging_mixin.py:149} INFO - [2024-10-09T11:08:06.441+0700] {dag.py:2726} INFO - Sync 2 DAGs
[2024-10-09T11:08:06.451+0700] {logging_mixin.py:149} INFO - [2024-10-09T11:08:06.451+0700] {dag.py:3486} INFO - Setting next_dagrun for example_subdag_operator.section-1 to None, run_after=None
[2024-10-09T11:08:06.452+0700] {logging_mixin.py:149} INFO - [2024-10-09T11:08:06.451+0700] {dag.py:3486} INFO - Setting next_dagrun for example_subdag_operator.section-2 to None, run_after=None
[2024-10-09T11:08:06.549+0700] {processor.py:179} INFO - Processing /home/hasyidan/venv/lib/python3.8/site-packages/airflow/example_dags/example_subdag_operator.py took 0.316 seconds
[2024-10-09T11:09:03.772+0700] {processor.py:157} INFO - Started process (PID=4716) to work on /home/hasyidan/venv/lib/python3.8/site-packages/airflow/example_dags/example_subdag_operator.py
[2024-10-09T11:09:03.848+0700] {processor.py:826} INFO - Processing file /home/hasyidan/venv/lib/python3.8/site-packages/airflow/example_dags/example_subdag_operator.py for tasks to queue
[2024-10-09T11:09:03.851+0700] {logging_mixin.py:149} INFO - [2024-10-09T11:09:03.850+0700] {dagbag.py:541} INFO - Filling up the DagBag from /home/hasyidan/venv/lib/python3.8/site-packages/airflow/example_dags/example_subdag_operator.py
[2024-10-09T11:09:03.896+0700] {processor.py:836} INFO - DAG(s) dict_keys(['example_subdag_operator.section-1', 'example_subdag_operator.section-2', 'example_subdag_operator']) retrieved from /home/hasyidan/venv/lib/python3.8/site-packages/airflow/example_dags/example_subdag_operator.py
[2024-10-09T11:09:03.933+0700] {logging_mixin.py:149} INFO - [2024-10-09T11:09:03.932+0700] {dag.py:2726} INFO - Sync 3 DAGs
[2024-10-09T11:09:03.978+0700] {logging_mixin.py:149} INFO - [2024-10-09T11:09:03.978+0700] {dag.py:3486} INFO - Setting next_dagrun for example_subdag_operator to 2022-01-01T00:00:00+00:00, run_after=2022-01-01T00:00:00+00:00
[2024-10-09T11:09:03.985+0700] {logging_mixin.py:149} INFO - [2024-10-09T11:09:03.985+0700] {dag.py:3486} INFO - Setting next_dagrun for example_subdag_operator.section-1 to None, run_after=None
[2024-10-09T11:09:03.987+0700] {logging_mixin.py:149} INFO - [2024-10-09T11:09:03.987+0700] {dag.py:3486} INFO - Setting next_dagrun for example_subdag_operator.section-2 to None, run_after=None
[2024-10-09T11:09:04.000+0700] {logging_mixin.py:149} INFO - [2024-10-09T11:09:04.000+0700] {dag.py:2726} INFO - Sync 2 DAGs
[2024-10-09T11:09:04.010+0700] {logging_mixin.py:149} INFO - [2024-10-09T11:09:04.010+0700] {dag.py:3486} INFO - Setting next_dagrun for example_subdag_operator.section-1 to None, run_after=None
[2024-10-09T11:09:04.011+0700] {logging_mixin.py:149} INFO - [2024-10-09T11:09:04.010+0700] {dag.py:3486} INFO - Setting next_dagrun for example_subdag_operator.section-2 to None, run_after=None
[2024-10-09T11:09:04.113+0700] {processor.py:179} INFO - Processing /home/hasyidan/venv/lib/python3.8/site-packages/airflow/example_dags/example_subdag_operator.py took 0.347 seconds
[2024-10-09T11:09:56.506+0700] {processor.py:157} INFO - Started process (PID=4770) to work on /home/hasyidan/venv/lib/python3.8/site-packages/airflow/example_dags/example_subdag_operator.py
[2024-10-09T11:09:56.531+0700] {processor.py:826} INFO - Processing file /home/hasyidan/venv/lib/python3.8/site-packages/airflow/example_dags/example_subdag_operator.py for tasks to queue
[2024-10-09T11:09:56.533+0700] {logging_mixin.py:149} INFO - [2024-10-09T11:09:56.532+0700] {dagbag.py:541} INFO - Filling up the DagBag from /home/hasyidan/venv/lib/python3.8/site-packages/airflow/example_dags/example_subdag_operator.py
[2024-10-09T11:09:56.575+0700] {processor.py:836} INFO - DAG(s) dict_keys(['example_subdag_operator.section-1', 'example_subdag_operator.section-2', 'example_subdag_operator']) retrieved from /home/hasyidan/venv/lib/python3.8/site-packages/airflow/example_dags/example_subdag_operator.py
[2024-10-09T11:09:56.613+0700] {logging_mixin.py:149} INFO - [2024-10-09T11:09:56.613+0700] {dag.py:2726} INFO - Sync 3 DAGs
[2024-10-09T11:09:56.655+0700] {logging_mixin.py:149} INFO - [2024-10-09T11:09:56.655+0700] {dag.py:3486} INFO - Setting next_dagrun for example_subdag_operator to 2022-01-01T00:00:00+00:00, run_after=2022-01-01T00:00:00+00:00
[2024-10-09T11:09:56.662+0700] {logging_mixin.py:149} INFO - [2024-10-09T11:09:56.661+0700] {dag.py:3486} INFO - Setting next_dagrun for example_subdag_operator.section-1 to None, run_after=None
[2024-10-09T11:09:56.664+0700] {logging_mixin.py:149} INFO - [2024-10-09T11:09:56.664+0700] {dag.py:3486} INFO - Setting next_dagrun for example_subdag_operator.section-2 to None, run_after=None
[2024-10-09T11:09:56.677+0700] {logging_mixin.py:149} INFO - [2024-10-09T11:09:56.677+0700] {dag.py:2726} INFO - Sync 2 DAGs
[2024-10-09T11:09:56.687+0700] {logging_mixin.py:149} INFO - [2024-10-09T11:09:56.687+0700] {dag.py:3486} INFO - Setting next_dagrun for example_subdag_operator.section-1 to None, run_after=None
[2024-10-09T11:09:56.688+0700] {logging_mixin.py:149} INFO - [2024-10-09T11:09:56.687+0700] {dag.py:3486} INFO - Setting next_dagrun for example_subdag_operator.section-2 to None, run_after=None
[2024-10-09T11:09:56.789+0700] {processor.py:179} INFO - Processing /home/hasyidan/venv/lib/python3.8/site-packages/airflow/example_dags/example_subdag_operator.py took 0.289 seconds
[2024-10-09T11:10:47.954+0700] {processor.py:157} INFO - Started process (PID=4829) to work on /home/hasyidan/venv/lib/python3.8/site-packages/airflow/example_dags/example_subdag_operator.py
[2024-10-09T11:10:47.973+0700] {processor.py:826} INFO - Processing file /home/hasyidan/venv/lib/python3.8/site-packages/airflow/example_dags/example_subdag_operator.py for tasks to queue
[2024-10-09T11:10:47.975+0700] {logging_mixin.py:149} INFO - [2024-10-09T11:10:47.975+0700] {dagbag.py:541} INFO - Filling up the DagBag from /home/hasyidan/venv/lib/python3.8/site-packages/airflow/example_dags/example_subdag_operator.py
[2024-10-09T11:10:48.018+0700] {processor.py:836} INFO - DAG(s) dict_keys(['example_subdag_operator.section-1', 'example_subdag_operator.section-2', 'example_subdag_operator']) retrieved from /home/hasyidan/venv/lib/python3.8/site-packages/airflow/example_dags/example_subdag_operator.py
[2024-10-09T11:10:48.055+0700] {logging_mixin.py:149} INFO - [2024-10-09T11:10:48.055+0700] {dag.py:2726} INFO - Sync 3 DAGs
[2024-10-09T11:10:48.101+0700] {logging_mixin.py:149} INFO - [2024-10-09T11:10:48.100+0700] {dag.py:3486} INFO - Setting next_dagrun for example_subdag_operator to 2022-01-01T00:00:00+00:00, run_after=2022-01-01T00:00:00+00:00
[2024-10-09T11:10:48.107+0700] {logging_mixin.py:149} INFO - [2024-10-09T11:10:48.107+0700] {dag.py:3486} INFO - Setting next_dagrun for example_subdag_operator.section-1 to None, run_after=None
[2024-10-09T11:10:48.110+0700] {logging_mixin.py:149} INFO - [2024-10-09T11:10:48.110+0700] {dag.py:3486} INFO - Setting next_dagrun for example_subdag_operator.section-2 to None, run_after=None
[2024-10-09T11:10:48.124+0700] {logging_mixin.py:149} INFO - [2024-10-09T11:10:48.123+0700] {dag.py:2726} INFO - Sync 2 DAGs
[2024-10-09T11:10:48.133+0700] {logging_mixin.py:149} INFO - [2024-10-09T11:10:48.133+0700] {dag.py:3486} INFO - Setting next_dagrun for example_subdag_operator.section-1 to None, run_after=None
[2024-10-09T11:10:48.134+0700] {logging_mixin.py:149} INFO - [2024-10-09T11:10:48.134+0700] {dag.py:3486} INFO - Setting next_dagrun for example_subdag_operator.section-2 to None, run_after=None
[2024-10-09T11:10:48.230+0700] {processor.py:179} INFO - Processing /home/hasyidan/venv/lib/python3.8/site-packages/airflow/example_dags/example_subdag_operator.py took 0.283 seconds
[2024-10-09T11:11:42.111+0700] {processor.py:157} INFO - Started process (PID=4887) to work on /home/hasyidan/venv/lib/python3.8/site-packages/airflow/example_dags/example_subdag_operator.py
[2024-10-09T11:11:42.128+0700] {processor.py:826} INFO - Processing file /home/hasyidan/venv/lib/python3.8/site-packages/airflow/example_dags/example_subdag_operator.py for tasks to queue
[2024-10-09T11:11:42.130+0700] {logging_mixin.py:149} INFO - [2024-10-09T11:11:42.130+0700] {dagbag.py:541} INFO - Filling up the DagBag from /home/hasyidan/venv/lib/python3.8/site-packages/airflow/example_dags/example_subdag_operator.py
[2024-10-09T11:11:42.173+0700] {processor.py:836} INFO - DAG(s) dict_keys(['example_subdag_operator.section-1', 'example_subdag_operator.section-2', 'example_subdag_operator']) retrieved from /home/hasyidan/venv/lib/python3.8/site-packages/airflow/example_dags/example_subdag_operator.py
[2024-10-09T11:11:42.209+0700] {logging_mixin.py:149} INFO - [2024-10-09T11:11:42.209+0700] {dag.py:2726} INFO - Sync 3 DAGs
[2024-10-09T11:11:42.252+0700] {logging_mixin.py:149} INFO - [2024-10-09T11:11:42.252+0700] {dag.py:3486} INFO - Setting next_dagrun for example_subdag_operator to 2022-01-01T00:00:00+00:00, run_after=2022-01-01T00:00:00+00:00
[2024-10-09T11:11:42.259+0700] {logging_mixin.py:149} INFO - [2024-10-09T11:11:42.258+0700] {dag.py:3486} INFO - Setting next_dagrun for example_subdag_operator.section-1 to None, run_after=None
[2024-10-09T11:11:42.261+0700] {logging_mixin.py:149} INFO - [2024-10-09T11:11:42.261+0700] {dag.py:3486} INFO - Setting next_dagrun for example_subdag_operator.section-2 to None, run_after=None
[2024-10-09T11:11:42.274+0700] {logging_mixin.py:149} INFO - [2024-10-09T11:11:42.274+0700] {dag.py:2726} INFO - Sync 2 DAGs
[2024-10-09T11:11:42.283+0700] {logging_mixin.py:149} INFO - [2024-10-09T11:11:42.283+0700] {dag.py:3486} INFO - Setting next_dagrun for example_subdag_operator.section-1 to None, run_after=None
[2024-10-09T11:11:42.284+0700] {logging_mixin.py:149} INFO - [2024-10-09T11:11:42.284+0700] {dag.py:3486} INFO - Setting next_dagrun for example_subdag_operator.section-2 to None, run_after=None
[2024-10-09T11:11:42.389+0700] {processor.py:179} INFO - Processing /home/hasyidan/venv/lib/python3.8/site-packages/airflow/example_dags/example_subdag_operator.py took 0.285 seconds
[2024-10-09T11:12:34.692+0700] {processor.py:157} INFO - Started process (PID=4944) to work on /home/hasyidan/venv/lib/python3.8/site-packages/airflow/example_dags/example_subdag_operator.py
[2024-10-09T11:12:34.717+0700] {processor.py:826} INFO - Processing file /home/hasyidan/venv/lib/python3.8/site-packages/airflow/example_dags/example_subdag_operator.py for tasks to queue
[2024-10-09T11:12:34.719+0700] {logging_mixin.py:149} INFO - [2024-10-09T11:12:34.718+0700] {dagbag.py:541} INFO - Filling up the DagBag from /home/hasyidan/venv/lib/python3.8/site-packages/airflow/example_dags/example_subdag_operator.py
[2024-10-09T11:12:34.759+0700] {processor.py:836} INFO - DAG(s) dict_keys(['example_subdag_operator.section-1', 'example_subdag_operator.section-2', 'example_subdag_operator']) retrieved from /home/hasyidan/venv/lib/python3.8/site-packages/airflow/example_dags/example_subdag_operator.py
[2024-10-09T11:12:34.797+0700] {logging_mixin.py:149} INFO - [2024-10-09T11:12:34.796+0700] {dag.py:2726} INFO - Sync 3 DAGs
[2024-10-09T11:12:34.841+0700] {logging_mixin.py:149} INFO - [2024-10-09T11:12:34.840+0700] {dag.py:3486} INFO - Setting next_dagrun for example_subdag_operator to 2022-01-01T00:00:00+00:00, run_after=2022-01-01T00:00:00+00:00
[2024-10-09T11:12:34.847+0700] {logging_mixin.py:149} INFO - [2024-10-09T11:12:34.847+0700] {dag.py:3486} INFO - Setting next_dagrun for example_subdag_operator.section-1 to None, run_after=None
[2024-10-09T11:12:34.849+0700] {logging_mixin.py:149} INFO - [2024-10-09T11:12:34.849+0700] {dag.py:3486} INFO - Setting next_dagrun for example_subdag_operator.section-2 to None, run_after=None
[2024-10-09T11:12:34.862+0700] {logging_mixin.py:149} INFO - [2024-10-09T11:12:34.862+0700] {dag.py:2726} INFO - Sync 2 DAGs
[2024-10-09T11:12:34.872+0700] {logging_mixin.py:149} INFO - [2024-10-09T11:12:34.872+0700] {dag.py:3486} INFO - Setting next_dagrun for example_subdag_operator.section-1 to None, run_after=None
[2024-10-09T11:12:34.873+0700] {logging_mixin.py:149} INFO - [2024-10-09T11:12:34.873+0700] {dag.py:3486} INFO - Setting next_dagrun for example_subdag_operator.section-2 to None, run_after=None
[2024-10-09T11:12:34.968+0700] {processor.py:179} INFO - Processing /home/hasyidan/venv/lib/python3.8/site-packages/airflow/example_dags/example_subdag_operator.py took 0.283 seconds
[2024-10-09T11:13:28.930+0700] {processor.py:157} INFO - Started process (PID=4998) to work on /home/hasyidan/venv/lib/python3.8/site-packages/airflow/example_dags/example_subdag_operator.py
[2024-10-09T11:13:28.941+0700] {processor.py:826} INFO - Processing file /home/hasyidan/venv/lib/python3.8/site-packages/airflow/example_dags/example_subdag_operator.py for tasks to queue
[2024-10-09T11:13:28.943+0700] {logging_mixin.py:149} INFO - [2024-10-09T11:13:28.942+0700] {dagbag.py:541} INFO - Filling up the DagBag from /home/hasyidan/venv/lib/python3.8/site-packages/airflow/example_dags/example_subdag_operator.py
[2024-10-09T11:13:28.987+0700] {processor.py:836} INFO - DAG(s) dict_keys(['example_subdag_operator.section-1', 'example_subdag_operator.section-2', 'example_subdag_operator']) retrieved from /home/hasyidan/venv/lib/python3.8/site-packages/airflow/example_dags/example_subdag_operator.py
[2024-10-09T11:13:29.024+0700] {logging_mixin.py:149} INFO - [2024-10-09T11:13:29.024+0700] {dag.py:2726} INFO - Sync 3 DAGs
[2024-10-09T11:13:29.066+0700] {logging_mixin.py:149} INFO - [2024-10-09T11:13:29.065+0700] {dag.py:3486} INFO - Setting next_dagrun for example_subdag_operator to 2022-01-01T00:00:00+00:00, run_after=2022-01-01T00:00:00+00:00
[2024-10-09T11:13:29.072+0700] {logging_mixin.py:149} INFO - [2024-10-09T11:13:29.072+0700] {dag.py:3486} INFO - Setting next_dagrun for example_subdag_operator.section-1 to None, run_after=None
[2024-10-09T11:13:29.074+0700] {logging_mixin.py:149} INFO - [2024-10-09T11:13:29.074+0700] {dag.py:3486} INFO - Setting next_dagrun for example_subdag_operator.section-2 to None, run_after=None
[2024-10-09T11:13:29.088+0700] {logging_mixin.py:149} INFO - [2024-10-09T11:13:29.087+0700] {dag.py:2726} INFO - Sync 2 DAGs
[2024-10-09T11:13:29.097+0700] {logging_mixin.py:149} INFO - [2024-10-09T11:13:29.097+0700] {dag.py:3486} INFO - Setting next_dagrun for example_subdag_operator.section-1 to None, run_after=None
[2024-10-09T11:13:29.098+0700] {logging_mixin.py:149} INFO - [2024-10-09T11:13:29.098+0700] {dag.py:3486} INFO - Setting next_dagrun for example_subdag_operator.section-2 to None, run_after=None
[2024-10-09T11:13:29.217+0700] {processor.py:179} INFO - Processing /home/hasyidan/venv/lib/python3.8/site-packages/airflow/example_dags/example_subdag_operator.py took 0.293 seconds
[2024-10-09T11:14:34.643+0700] {processor.py:157} INFO - Started process (PID=5094) to work on /home/hasyidan/venv/lib/python3.8/site-packages/airflow/example_dags/example_subdag_operator.py
[2024-10-09T11:14:34.680+0700] {processor.py:826} INFO - Processing file /home/hasyidan/venv/lib/python3.8/site-packages/airflow/example_dags/example_subdag_operator.py for tasks to queue
[2024-10-09T11:14:34.683+0700] {logging_mixin.py:149} INFO - [2024-10-09T11:14:34.683+0700] {dagbag.py:541} INFO - Filling up the DagBag from /home/hasyidan/venv/lib/python3.8/site-packages/airflow/example_dags/example_subdag_operator.py
[2024-10-09T11:14:35.041+0700] {processor.py:836} INFO - DAG(s) dict_keys(['example_subdag_operator.section-1', 'example_subdag_operator.section-2', 'example_subdag_operator']) retrieved from /home/hasyidan/venv/lib/python3.8/site-packages/airflow/example_dags/example_subdag_operator.py
[2024-10-09T11:14:35.205+0700] {logging_mixin.py:149} INFO - [2024-10-09T11:14:35.204+0700] {dag.py:2726} INFO - Sync 3 DAGs
[2024-10-09T11:14:35.354+0700] {logging_mixin.py:149} INFO - [2024-10-09T11:14:35.354+0700] {dag.py:3486} INFO - Setting next_dagrun for example_subdag_operator to 2022-01-01T00:00:00+00:00, run_after=2022-01-01T00:00:00+00:00
[2024-10-09T11:14:35.360+0700] {logging_mixin.py:149} INFO - [2024-10-09T11:14:35.360+0700] {dag.py:3486} INFO - Setting next_dagrun for example_subdag_operator.section-1 to None, run_after=None
[2024-10-09T11:14:35.363+0700] {logging_mixin.py:149} INFO - [2024-10-09T11:14:35.362+0700] {dag.py:3486} INFO - Setting next_dagrun for example_subdag_operator.section-2 to None, run_after=None
[2024-10-09T11:14:35.376+0700] {logging_mixin.py:149} INFO - [2024-10-09T11:14:35.376+0700] {dag.py:2726} INFO - Sync 2 DAGs
[2024-10-09T11:14:35.421+0700] {logging_mixin.py:149} INFO - [2024-10-09T11:14:35.421+0700] {dag.py:3486} INFO - Setting next_dagrun for example_subdag_operator.section-1 to None, run_after=None
[2024-10-09T11:14:35.422+0700] {logging_mixin.py:149} INFO - [2024-10-09T11:14:35.422+0700] {dag.py:3486} INFO - Setting next_dagrun for example_subdag_operator.section-2 to None, run_after=None
[2024-10-09T11:14:35.723+0700] {processor.py:179} INFO - Processing /home/hasyidan/venv/lib/python3.8/site-packages/airflow/example_dags/example_subdag_operator.py took 1.097 seconds
[2024-10-09T11:15:53.701+0700] {processor.py:157} INFO - Started process (PID=5293) to work on /home/hasyidan/venv/lib/python3.8/site-packages/airflow/example_dags/example_subdag_operator.py
[2024-10-09T11:15:53.713+0700] {processor.py:826} INFO - Processing file /home/hasyidan/venv/lib/python3.8/site-packages/airflow/example_dags/example_subdag_operator.py for tasks to queue
[2024-10-09T11:15:53.716+0700] {logging_mixin.py:149} INFO - [2024-10-09T11:15:53.715+0700] {dagbag.py:541} INFO - Filling up the DagBag from /home/hasyidan/venv/lib/python3.8/site-packages/airflow/example_dags/example_subdag_operator.py
[2024-10-09T11:15:53.839+0700] {processor.py:836} INFO - DAG(s) dict_keys(['example_subdag_operator.section-1', 'example_subdag_operator.section-2', 'example_subdag_operator']) retrieved from /home/hasyidan/venv/lib/python3.8/site-packages/airflow/example_dags/example_subdag_operator.py
[2024-10-09T11:15:53.905+0700] {logging_mixin.py:149} INFO - [2024-10-09T11:15:53.905+0700] {dag.py:2726} INFO - Sync 3 DAGs
[2024-10-09T11:15:53.975+0700] {logging_mixin.py:149} INFO - [2024-10-09T11:15:53.975+0700] {dag.py:3486} INFO - Setting next_dagrun for example_subdag_operator to 2022-01-01T00:00:00+00:00, run_after=2022-01-01T00:00:00+00:00
[2024-10-09T11:15:53.988+0700] {logging_mixin.py:149} INFO - [2024-10-09T11:15:53.988+0700] {dag.py:3486} INFO - Setting next_dagrun for example_subdag_operator.section-1 to None, run_after=None
[2024-10-09T11:15:53.991+0700] {logging_mixin.py:149} INFO - [2024-10-09T11:15:53.991+0700] {dag.py:3486} INFO - Setting next_dagrun for example_subdag_operator.section-2 to None, run_after=None
[2024-10-09T11:15:54.017+0700] {logging_mixin.py:149} INFO - [2024-10-09T11:15:54.016+0700] {dag.py:2726} INFO - Sync 2 DAGs
[2024-10-09T11:15:54.033+0700] {logging_mixin.py:149} INFO - [2024-10-09T11:15:54.032+0700] {dag.py:3486} INFO - Setting next_dagrun for example_subdag_operator.section-1 to None, run_after=None
[2024-10-09T11:15:54.034+0700] {logging_mixin.py:149} INFO - [2024-10-09T11:15:54.033+0700] {dag.py:3486} INFO - Setting next_dagrun for example_subdag_operator.section-2 to None, run_after=None
[2024-10-09T11:15:54.155+0700] {processor.py:179} INFO - Processing /home/hasyidan/venv/lib/python3.8/site-packages/airflow/example_dags/example_subdag_operator.py took 0.463 seconds
[2024-10-09T11:17:02.790+0700] {processor.py:157} INFO - Started process (PID=5362) to work on /home/hasyidan/venv/lib/python3.8/site-packages/airflow/example_dags/example_subdag_operator.py
[2024-10-09T11:17:02.804+0700] {processor.py:826} INFO - Processing file /home/hasyidan/venv/lib/python3.8/site-packages/airflow/example_dags/example_subdag_operator.py for tasks to queue
[2024-10-09T11:17:02.806+0700] {logging_mixin.py:149} INFO - [2024-10-09T11:17:02.806+0700] {dagbag.py:541} INFO - Filling up the DagBag from /home/hasyidan/venv/lib/python3.8/site-packages/airflow/example_dags/example_subdag_operator.py
[2024-10-09T11:17:02.878+0700] {processor.py:836} INFO - DAG(s) dict_keys(['example_subdag_operator.section-1', 'example_subdag_operator.section-2', 'example_subdag_operator']) retrieved from /home/hasyidan/venv/lib/python3.8/site-packages/airflow/example_dags/example_subdag_operator.py
[2024-10-09T11:17:02.945+0700] {logging_mixin.py:149} INFO - [2024-10-09T11:17:02.944+0700] {dag.py:2726} INFO - Sync 3 DAGs
[2024-10-09T11:17:03.054+0700] {logging_mixin.py:149} INFO - [2024-10-09T11:17:03.053+0700] {dag.py:3486} INFO - Setting next_dagrun for example_subdag_operator to 2022-01-01T00:00:00+00:00, run_after=2022-01-01T00:00:00+00:00
[2024-10-09T11:17:03.072+0700] {logging_mixin.py:149} INFO - [2024-10-09T11:17:03.071+0700] {dag.py:3486} INFO - Setting next_dagrun for example_subdag_operator.section-1 to None, run_after=None
[2024-10-09T11:17:03.074+0700] {logging_mixin.py:149} INFO - [2024-10-09T11:17:03.074+0700] {dag.py:3486} INFO - Setting next_dagrun for example_subdag_operator.section-2 to None, run_after=None
[2024-10-09T11:17:03.101+0700] {logging_mixin.py:149} INFO - [2024-10-09T11:17:03.101+0700] {dag.py:2726} INFO - Sync 2 DAGs
[2024-10-09T11:17:03.123+0700] {logging_mixin.py:149} INFO - [2024-10-09T11:17:03.119+0700] {dag.py:3486} INFO - Setting next_dagrun for example_subdag_operator.section-1 to None, run_after=None
[2024-10-09T11:17:03.125+0700] {logging_mixin.py:149} INFO - [2024-10-09T11:17:03.125+0700] {dag.py:3486} INFO - Setting next_dagrun for example_subdag_operator.section-2 to None, run_after=None
[2024-10-09T11:17:03.341+0700] {processor.py:179} INFO - Processing /home/hasyidan/venv/lib/python3.8/site-packages/airflow/example_dags/example_subdag_operator.py took 0.556 seconds
[2024-10-09T11:18:12.705+0700] {processor.py:157} INFO - Started process (PID=5428) to work on /home/hasyidan/venv/lib/python3.8/site-packages/airflow/example_dags/example_subdag_operator.py
[2024-10-09T11:18:12.710+0700] {processor.py:826} INFO - Processing file /home/hasyidan/venv/lib/python3.8/site-packages/airflow/example_dags/example_subdag_operator.py for tasks to queue
[2024-10-09T11:18:12.715+0700] {logging_mixin.py:149} INFO - [2024-10-09T11:18:12.714+0700] {dagbag.py:541} INFO - Filling up the DagBag from /home/hasyidan/venv/lib/python3.8/site-packages/airflow/example_dags/example_subdag_operator.py
[2024-10-09T11:18:12.823+0700] {processor.py:836} INFO - DAG(s) dict_keys(['example_subdag_operator.section-1', 'example_subdag_operator.section-2', 'example_subdag_operator']) retrieved from /home/hasyidan/venv/lib/python3.8/site-packages/airflow/example_dags/example_subdag_operator.py
[2024-10-09T11:18:12.892+0700] {logging_mixin.py:149} INFO - [2024-10-09T11:18:12.891+0700] {dag.py:2726} INFO - Sync 3 DAGs
[2024-10-09T11:18:12.978+0700] {logging_mixin.py:149} INFO - [2024-10-09T11:18:12.978+0700] {dag.py:3486} INFO - Setting next_dagrun for example_subdag_operator to 2022-01-01T00:00:00+00:00, run_after=2022-01-01T00:00:00+00:00
[2024-10-09T11:18:12.995+0700] {logging_mixin.py:149} INFO - [2024-10-09T11:18:12.994+0700] {dag.py:3486} INFO - Setting next_dagrun for example_subdag_operator.section-1 to None, run_after=None
[2024-10-09T11:18:12.998+0700] {logging_mixin.py:149} INFO - [2024-10-09T11:18:12.997+0700] {dag.py:3486} INFO - Setting next_dagrun for example_subdag_operator.section-2 to None, run_after=None
[2024-10-09T11:18:13.024+0700] {logging_mixin.py:149} INFO - [2024-10-09T11:18:13.023+0700] {dag.py:2726} INFO - Sync 2 DAGs
[2024-10-09T11:18:13.040+0700] {logging_mixin.py:149} INFO - [2024-10-09T11:18:13.040+0700] {dag.py:3486} INFO - Setting next_dagrun for example_subdag_operator.section-1 to None, run_after=None
[2024-10-09T11:18:13.041+0700] {logging_mixin.py:149} INFO - [2024-10-09T11:18:13.041+0700] {dag.py:3486} INFO - Setting next_dagrun for example_subdag_operator.section-2 to None, run_after=None
[2024-10-09T11:18:13.195+0700] {processor.py:179} INFO - Processing /home/hasyidan/venv/lib/python3.8/site-packages/airflow/example_dags/example_subdag_operator.py took 0.512 seconds
[2024-10-09T11:19:15.409+0700] {processor.py:157} INFO - Started process (PID=5492) to work on /home/hasyidan/venv/lib/python3.8/site-packages/airflow/example_dags/example_subdag_operator.py
[2024-10-09T11:19:15.420+0700] {processor.py:826} INFO - Processing file /home/hasyidan/venv/lib/python3.8/site-packages/airflow/example_dags/example_subdag_operator.py for tasks to queue
[2024-10-09T11:19:15.422+0700] {logging_mixin.py:149} INFO - [2024-10-09T11:19:15.421+0700] {dagbag.py:541} INFO - Filling up the DagBag from /home/hasyidan/venv/lib/python3.8/site-packages/airflow/example_dags/example_subdag_operator.py
[2024-10-09T11:19:15.494+0700] {processor.py:836} INFO - DAG(s) dict_keys(['example_subdag_operator.section-1', 'example_subdag_operator.section-2', 'example_subdag_operator']) retrieved from /home/hasyidan/venv/lib/python3.8/site-packages/airflow/example_dags/example_subdag_operator.py
[2024-10-09T11:19:15.557+0700] {logging_mixin.py:149} INFO - [2024-10-09T11:19:15.556+0700] {dag.py:2726} INFO - Sync 3 DAGs
[2024-10-09T11:19:15.639+0700] {logging_mixin.py:149} INFO - [2024-10-09T11:19:15.638+0700] {dag.py:3486} INFO - Setting next_dagrun for example_subdag_operator to 2022-01-01T00:00:00+00:00, run_after=2022-01-01T00:00:00+00:00
[2024-10-09T11:19:15.657+0700] {logging_mixin.py:149} INFO - [2024-10-09T11:19:15.657+0700] {dag.py:3486} INFO - Setting next_dagrun for example_subdag_operator.section-1 to None, run_after=None
[2024-10-09T11:19:15.661+0700] {logging_mixin.py:149} INFO - [2024-10-09T11:19:15.661+0700] {dag.py:3486} INFO - Setting next_dagrun for example_subdag_operator.section-2 to None, run_after=None
[2024-10-09T11:19:15.691+0700] {logging_mixin.py:149} INFO - [2024-10-09T11:19:15.691+0700] {dag.py:2726} INFO - Sync 2 DAGs
[2024-10-09T11:19:15.709+0700] {logging_mixin.py:149} INFO - [2024-10-09T11:19:15.708+0700] {dag.py:3486} INFO - Setting next_dagrun for example_subdag_operator.section-1 to None, run_after=None
[2024-10-09T11:19:15.710+0700] {logging_mixin.py:149} INFO - [2024-10-09T11:19:15.709+0700] {dag.py:3486} INFO - Setting next_dagrun for example_subdag_operator.section-2 to None, run_after=None
[2024-10-09T11:19:15.853+0700] {processor.py:179} INFO - Processing /home/hasyidan/venv/lib/python3.8/site-packages/airflow/example_dags/example_subdag_operator.py took 0.452 seconds
[2024-10-09T11:20:20.166+0700] {processor.py:157} INFO - Started process (PID=5566) to work on /home/hasyidan/venv/lib/python3.8/site-packages/airflow/example_dags/example_subdag_operator.py
[2024-10-09T11:20:20.180+0700] {processor.py:826} INFO - Processing file /home/hasyidan/venv/lib/python3.8/site-packages/airflow/example_dags/example_subdag_operator.py for tasks to queue
[2024-10-09T11:20:20.183+0700] {logging_mixin.py:149} INFO - [2024-10-09T11:20:20.182+0700] {dagbag.py:541} INFO - Filling up the DagBag from /home/hasyidan/venv/lib/python3.8/site-packages/airflow/example_dags/example_subdag_operator.py
[2024-10-09T11:20:20.256+0700] {processor.py:836} INFO - DAG(s) dict_keys(['example_subdag_operator.section-1', 'example_subdag_operator.section-2', 'example_subdag_operator']) retrieved from /home/hasyidan/venv/lib/python3.8/site-packages/airflow/example_dags/example_subdag_operator.py
[2024-10-09T11:20:20.323+0700] {logging_mixin.py:149} INFO - [2024-10-09T11:20:20.322+0700] {dag.py:2726} INFO - Sync 3 DAGs
[2024-10-09T11:20:20.422+0700] {logging_mixin.py:149} INFO - [2024-10-09T11:20:20.422+0700] {dag.py:3486} INFO - Setting next_dagrun for example_subdag_operator to 2022-01-01T00:00:00+00:00, run_after=2022-01-01T00:00:00+00:00
[2024-10-09T11:20:20.439+0700] {logging_mixin.py:149} INFO - [2024-10-09T11:20:20.438+0700] {dag.py:3486} INFO - Setting next_dagrun for example_subdag_operator.section-1 to None, run_after=None
[2024-10-09T11:20:20.443+0700] {logging_mixin.py:149} INFO - [2024-10-09T11:20:20.442+0700] {dag.py:3486} INFO - Setting next_dagrun for example_subdag_operator.section-2 to None, run_after=None
[2024-10-09T11:20:20.471+0700] {logging_mixin.py:149} INFO - [2024-10-09T11:20:20.471+0700] {dag.py:2726} INFO - Sync 2 DAGs
[2024-10-09T11:20:20.493+0700] {logging_mixin.py:149} INFO - [2024-10-09T11:20:20.491+0700] {dag.py:3486} INFO - Setting next_dagrun for example_subdag_operator.section-1 to None, run_after=None
[2024-10-09T11:20:20.494+0700] {logging_mixin.py:149} INFO - [2024-10-09T11:20:20.494+0700] {dag.py:3486} INFO - Setting next_dagrun for example_subdag_operator.section-2 to None, run_after=None
[2024-10-09T11:20:20.665+0700] {processor.py:179} INFO - Processing /home/hasyidan/venv/lib/python3.8/site-packages/airflow/example_dags/example_subdag_operator.py took 0.509 seconds
[2024-10-09T11:21:29.018+0700] {processor.py:157} INFO - Started process (PID=5635) to work on /home/hasyidan/venv/lib/python3.8/site-packages/airflow/example_dags/example_subdag_operator.py
[2024-10-09T11:21:29.020+0700] {processor.py:826} INFO - Processing file /home/hasyidan/venv/lib/python3.8/site-packages/airflow/example_dags/example_subdag_operator.py for tasks to queue
[2024-10-09T11:21:29.022+0700] {logging_mixin.py:149} INFO - [2024-10-09T11:21:29.021+0700] {dagbag.py:541} INFO - Filling up the DagBag from /home/hasyidan/venv/lib/python3.8/site-packages/airflow/example_dags/example_subdag_operator.py
[2024-10-09T11:21:29.089+0700] {processor.py:836} INFO - DAG(s) dict_keys(['example_subdag_operator.section-1', 'example_subdag_operator.section-2', 'example_subdag_operator']) retrieved from /home/hasyidan/venv/lib/python3.8/site-packages/airflow/example_dags/example_subdag_operator.py
[2024-10-09T11:21:29.154+0700] {logging_mixin.py:149} INFO - [2024-10-09T11:21:29.153+0700] {dag.py:2726} INFO - Sync 3 DAGs
[2024-10-09T11:21:29.226+0700] {logging_mixin.py:149} INFO - [2024-10-09T11:21:29.225+0700] {dag.py:3486} INFO - Setting next_dagrun for example_subdag_operator to 2022-01-01T00:00:00+00:00, run_after=2022-01-01T00:00:00+00:00
[2024-10-09T11:21:29.238+0700] {logging_mixin.py:149} INFO - [2024-10-09T11:21:29.237+0700] {dag.py:3486} INFO - Setting next_dagrun for example_subdag_operator.section-1 to None, run_after=None
[2024-10-09T11:21:29.242+0700] {logging_mixin.py:149} INFO - [2024-10-09T11:21:29.241+0700] {dag.py:3486} INFO - Setting next_dagrun for example_subdag_operator.section-2 to None, run_after=None
[2024-10-09T11:21:29.271+0700] {logging_mixin.py:149} INFO - [2024-10-09T11:21:29.270+0700] {dag.py:2726} INFO - Sync 2 DAGs
[2024-10-09T11:21:29.286+0700] {logging_mixin.py:149} INFO - [2024-10-09T11:21:29.286+0700] {dag.py:3486} INFO - Setting next_dagrun for example_subdag_operator.section-1 to None, run_after=None
[2024-10-09T11:21:29.287+0700] {logging_mixin.py:149} INFO - [2024-10-09T11:21:29.287+0700] {dag.py:3486} INFO - Setting next_dagrun for example_subdag_operator.section-2 to None, run_after=None
[2024-10-09T11:21:29.415+0700] {processor.py:179} INFO - Processing /home/hasyidan/venv/lib/python3.8/site-packages/airflow/example_dags/example_subdag_operator.py took 0.407 seconds
[2024-10-09T11:22:31.118+0700] {processor.py:157} INFO - Started process (PID=5696) to work on /home/hasyidan/venv/lib/python3.8/site-packages/airflow/example_dags/example_subdag_operator.py
[2024-10-09T11:22:31.154+0700] {processor.py:826} INFO - Processing file /home/hasyidan/venv/lib/python3.8/site-packages/airflow/example_dags/example_subdag_operator.py for tasks to queue
[2024-10-09T11:22:31.156+0700] {logging_mixin.py:149} INFO - [2024-10-09T11:22:31.155+0700] {dagbag.py:541} INFO - Filling up the DagBag from /home/hasyidan/venv/lib/python3.8/site-packages/airflow/example_dags/example_subdag_operator.py
[2024-10-09T11:22:31.224+0700] {processor.py:836} INFO - DAG(s) dict_keys(['example_subdag_operator.section-1', 'example_subdag_operator.section-2', 'example_subdag_operator']) retrieved from /home/hasyidan/venv/lib/python3.8/site-packages/airflow/example_dags/example_subdag_operator.py
[2024-10-09T11:22:31.286+0700] {logging_mixin.py:149} INFO - [2024-10-09T11:22:31.286+0700] {dag.py:2726} INFO - Sync 3 DAGs
[2024-10-09T11:22:31.355+0700] {logging_mixin.py:149} INFO - [2024-10-09T11:22:31.354+0700] {dag.py:3486} INFO - Setting next_dagrun for example_subdag_operator to 2022-01-01T00:00:00+00:00, run_after=2022-01-01T00:00:00+00:00
[2024-10-09T11:22:31.368+0700] {logging_mixin.py:149} INFO - [2024-10-09T11:22:31.368+0700] {dag.py:3486} INFO - Setting next_dagrun for example_subdag_operator.section-1 to None, run_after=None
[2024-10-09T11:22:31.371+0700] {logging_mixin.py:149} INFO - [2024-10-09T11:22:31.371+0700] {dag.py:3486} INFO - Setting next_dagrun for example_subdag_operator.section-2 to None, run_after=None
[2024-10-09T11:22:31.392+0700] {logging_mixin.py:149} INFO - [2024-10-09T11:22:31.392+0700] {dag.py:2726} INFO - Sync 2 DAGs
[2024-10-09T11:22:31.409+0700] {logging_mixin.py:149} INFO - [2024-10-09T11:22:31.409+0700] {dag.py:3486} INFO - Setting next_dagrun for example_subdag_operator.section-1 to None, run_after=None
[2024-10-09T11:22:31.410+0700] {logging_mixin.py:149} INFO - [2024-10-09T11:22:31.410+0700] {dag.py:3486} INFO - Setting next_dagrun for example_subdag_operator.section-2 to None, run_after=None
[2024-10-09T11:22:31.724+0700] {processor.py:179} INFO - Processing /home/hasyidan/venv/lib/python3.8/site-packages/airflow/example_dags/example_subdag_operator.py took 0.614 seconds
[2024-10-09T11:23:38.161+0700] {processor.py:157} INFO - Started process (PID=5766) to work on /home/hasyidan/venv/lib/python3.8/site-packages/airflow/example_dags/example_subdag_operator.py
[2024-10-09T11:23:38.177+0700] {processor.py:826} INFO - Processing file /home/hasyidan/venv/lib/python3.8/site-packages/airflow/example_dags/example_subdag_operator.py for tasks to queue
[2024-10-09T11:23:38.180+0700] {logging_mixin.py:149} INFO - [2024-10-09T11:23:38.179+0700] {dagbag.py:541} INFO - Filling up the DagBag from /home/hasyidan/venv/lib/python3.8/site-packages/airflow/example_dags/example_subdag_operator.py
[2024-10-09T11:23:38.252+0700] {processor.py:836} INFO - DAG(s) dict_keys(['example_subdag_operator.section-1', 'example_subdag_operator.section-2', 'example_subdag_operator']) retrieved from /home/hasyidan/venv/lib/python3.8/site-packages/airflow/example_dags/example_subdag_operator.py
[2024-10-09T11:23:38.316+0700] {logging_mixin.py:149} INFO - [2024-10-09T11:23:38.316+0700] {dag.py:2726} INFO - Sync 3 DAGs
[2024-10-09T11:23:38.392+0700] {logging_mixin.py:149} INFO - [2024-10-09T11:23:38.392+0700] {dag.py:3486} INFO - Setting next_dagrun for example_subdag_operator to 2022-01-01T00:00:00+00:00, run_after=2022-01-01T00:00:00+00:00
[2024-10-09T11:23:38.402+0700] {logging_mixin.py:149} INFO - [2024-10-09T11:23:38.401+0700] {dag.py:3486} INFO - Setting next_dagrun for example_subdag_operator.section-1 to None, run_after=None
[2024-10-09T11:23:38.408+0700] {logging_mixin.py:149} INFO - [2024-10-09T11:23:38.407+0700] {dag.py:3486} INFO - Setting next_dagrun for example_subdag_operator.section-2 to None, run_after=None
[2024-10-09T11:23:38.428+0700] {logging_mixin.py:149} INFO - [2024-10-09T11:23:38.427+0700] {dag.py:2726} INFO - Sync 2 DAGs
[2024-10-09T11:23:38.444+0700] {logging_mixin.py:149} INFO - [2024-10-09T11:23:38.443+0700] {dag.py:3486} INFO - Setting next_dagrun for example_subdag_operator.section-1 to None, run_after=None
[2024-10-09T11:23:38.444+0700] {logging_mixin.py:149} INFO - [2024-10-09T11:23:38.444+0700] {dag.py:3486} INFO - Setting next_dagrun for example_subdag_operator.section-2 to None, run_after=None
[2024-10-09T11:23:38.563+0700] {processor.py:179} INFO - Processing /home/hasyidan/venv/lib/python3.8/site-packages/airflow/example_dags/example_subdag_operator.py took 0.415 seconds
[2024-10-09T11:24:45.020+0700] {processor.py:157} INFO - Started process (PID=5833) to work on /home/hasyidan/venv/lib/python3.8/site-packages/airflow/example_dags/example_subdag_operator.py
[2024-10-09T11:24:45.036+0700] {processor.py:826} INFO - Processing file /home/hasyidan/venv/lib/python3.8/site-packages/airflow/example_dags/example_subdag_operator.py for tasks to queue
[2024-10-09T11:24:45.041+0700] {logging_mixin.py:149} INFO - [2024-10-09T11:24:45.041+0700] {dagbag.py:541} INFO - Filling up the DagBag from /home/hasyidan/venv/lib/python3.8/site-packages/airflow/example_dags/example_subdag_operator.py
[2024-10-09T11:24:45.123+0700] {processor.py:836} INFO - DAG(s) dict_keys(['example_subdag_operator.section-1', 'example_subdag_operator.section-2', 'example_subdag_operator']) retrieved from /home/hasyidan/venv/lib/python3.8/site-packages/airflow/example_dags/example_subdag_operator.py
[2024-10-09T11:24:45.187+0700] {logging_mixin.py:149} INFO - [2024-10-09T11:24:45.187+0700] {dag.py:2726} INFO - Sync 3 DAGs
[2024-10-09T11:24:45.268+0700] {logging_mixin.py:149} INFO - [2024-10-09T11:24:45.268+0700] {dag.py:3486} INFO - Setting next_dagrun for example_subdag_operator to 2022-01-01T00:00:00+00:00, run_after=2022-01-01T00:00:00+00:00
[2024-10-09T11:24:45.278+0700] {logging_mixin.py:149} INFO - [2024-10-09T11:24:45.277+0700] {dag.py:3486} INFO - Setting next_dagrun for example_subdag_operator.section-1 to None, run_after=None
[2024-10-09T11:24:45.285+0700] {logging_mixin.py:149} INFO - [2024-10-09T11:24:45.284+0700] {dag.py:3486} INFO - Setting next_dagrun for example_subdag_operator.section-2 to None, run_after=None
[2024-10-09T11:24:45.307+0700] {logging_mixin.py:149} INFO - [2024-10-09T11:24:45.306+0700] {dag.py:2726} INFO - Sync 2 DAGs
[2024-10-09T11:24:45.324+0700] {logging_mixin.py:149} INFO - [2024-10-09T11:24:45.323+0700] {dag.py:3486} INFO - Setting next_dagrun for example_subdag_operator.section-1 to None, run_after=None
[2024-10-09T11:24:45.324+0700] {logging_mixin.py:149} INFO - [2024-10-09T11:24:45.324+0700] {dag.py:3486} INFO - Setting next_dagrun for example_subdag_operator.section-2 to None, run_after=None
[2024-10-09T11:24:45.436+0700] {processor.py:179} INFO - Processing /home/hasyidan/venv/lib/python3.8/site-packages/airflow/example_dags/example_subdag_operator.py took 0.431 seconds
[2024-10-09T11:25:53.476+0700] {processor.py:157} INFO - Started process (PID=5909) to work on /home/hasyidan/venv/lib/python3.8/site-packages/airflow/example_dags/example_subdag_operator.py
[2024-10-09T11:25:53.493+0700] {processor.py:826} INFO - Processing file /home/hasyidan/venv/lib/python3.8/site-packages/airflow/example_dags/example_subdag_operator.py for tasks to queue
[2024-10-09T11:25:53.495+0700] {logging_mixin.py:149} INFO - [2024-10-09T11:25:53.494+0700] {dagbag.py:541} INFO - Filling up the DagBag from /home/hasyidan/venv/lib/python3.8/site-packages/airflow/example_dags/example_subdag_operator.py
[2024-10-09T11:25:53.594+0700] {processor.py:836} INFO - DAG(s) dict_keys(['example_subdag_operator.section-1', 'example_subdag_operator.section-2', 'example_subdag_operator']) retrieved from /home/hasyidan/venv/lib/python3.8/site-packages/airflow/example_dags/example_subdag_operator.py
[2024-10-09T11:25:53.676+0700] {logging_mixin.py:149} INFO - [2024-10-09T11:25:53.675+0700] {dag.py:2726} INFO - Sync 3 DAGs
[2024-10-09T11:25:53.777+0700] {logging_mixin.py:149} INFO - [2024-10-09T11:25:53.776+0700] {dag.py:3486} INFO - Setting next_dagrun for example_subdag_operator to 2022-01-01T00:00:00+00:00, run_after=2022-01-01T00:00:00+00:00
[2024-10-09T11:25:53.792+0700] {logging_mixin.py:149} INFO - [2024-10-09T11:25:53.791+0700] {dag.py:3486} INFO - Setting next_dagrun for example_subdag_operator.section-1 to None, run_after=None
[2024-10-09T11:25:53.795+0700] {logging_mixin.py:149} INFO - [2024-10-09T11:25:53.794+0700] {dag.py:3486} INFO - Setting next_dagrun for example_subdag_operator.section-2 to None, run_after=None
[2024-10-09T11:25:53.816+0700] {logging_mixin.py:149} INFO - [2024-10-09T11:25:53.815+0700] {dag.py:2726} INFO - Sync 2 DAGs
[2024-10-09T11:25:53.841+0700] {logging_mixin.py:149} INFO - [2024-10-09T11:25:53.840+0700] {dag.py:3486} INFO - Setting next_dagrun for example_subdag_operator.section-1 to None, run_after=None
[2024-10-09T11:25:53.843+0700] {logging_mixin.py:149} INFO - [2024-10-09T11:25:53.842+0700] {dag.py:3486} INFO - Setting next_dagrun for example_subdag_operator.section-2 to None, run_after=None
[2024-10-09T11:25:54.046+0700] {processor.py:179} INFO - Processing /home/hasyidan/venv/lib/python3.8/site-packages/airflow/example_dags/example_subdag_operator.py took 0.581 seconds
[2024-10-09T11:27:39.317+0700] {processor.py:157} INFO - Started process (PID=5980) to work on /home/hasyidan/venv/lib/python3.8/site-packages/airflow/example_dags/example_subdag_operator.py
[2024-10-09T11:27:39.344+0700] {processor.py:826} INFO - Processing file /home/hasyidan/venv/lib/python3.8/site-packages/airflow/example_dags/example_subdag_operator.py for tasks to queue
[2024-10-09T11:27:39.346+0700] {logging_mixin.py:149} INFO - [2024-10-09T11:27:39.345+0700] {dagbag.py:541} INFO - Filling up the DagBag from /home/hasyidan/venv/lib/python3.8/site-packages/airflow/example_dags/example_subdag_operator.py
[2024-10-09T11:27:39.542+0700] {processor.py:836} INFO - DAG(s) dict_keys(['example_subdag_operator.section-1', 'example_subdag_operator.section-2', 'example_subdag_operator']) retrieved from /home/hasyidan/venv/lib/python3.8/site-packages/airflow/example_dags/example_subdag_operator.py
[2024-10-09T11:27:39.787+0700] {logging_mixin.py:149} INFO - [2024-10-09T11:27:39.787+0700] {dag.py:2726} INFO - Sync 3 DAGs
[2024-10-09T11:27:40.146+0700] {logging_mixin.py:149} INFO - [2024-10-09T11:27:40.145+0700] {dag.py:3486} INFO - Setting next_dagrun for example_subdag_operator to 2022-01-01T00:00:00+00:00, run_after=2022-01-01T00:00:00+00:00
[2024-10-09T11:27:40.169+0700] {logging_mixin.py:149} INFO - [2024-10-09T11:27:40.169+0700] {dag.py:3486} INFO - Setting next_dagrun for example_subdag_operator.section-1 to None, run_after=None
[2024-10-09T11:27:40.183+0700] {logging_mixin.py:149} INFO - [2024-10-09T11:27:40.183+0700] {dag.py:3486} INFO - Setting next_dagrun for example_subdag_operator.section-2 to None, run_after=None
[2024-10-09T11:27:40.244+0700] {logging_mixin.py:149} INFO - [2024-10-09T11:27:40.242+0700] {dag.py:2726} INFO - Sync 2 DAGs
[2024-10-09T11:27:40.278+0700] {logging_mixin.py:149} INFO - [2024-10-09T11:27:40.278+0700] {dag.py:3486} INFO - Setting next_dagrun for example_subdag_operator.section-1 to None, run_after=None
[2024-10-09T11:27:40.279+0700] {logging_mixin.py:149} INFO - [2024-10-09T11:27:40.279+0700] {dag.py:3486} INFO - Setting next_dagrun for example_subdag_operator.section-2 to None, run_after=None
[2024-10-09T11:27:40.463+0700] {processor.py:179} INFO - Processing /home/hasyidan/venv/lib/python3.8/site-packages/airflow/example_dags/example_subdag_operator.py took 1.156 seconds
[2024-10-09T11:29:24.518+0700] {processor.py:157} INFO - Started process (PID=6048) to work on /home/hasyidan/venv/lib/python3.8/site-packages/airflow/example_dags/example_subdag_operator.py
[2024-10-09T11:29:24.555+0700] {processor.py:826} INFO - Processing file /home/hasyidan/venv/lib/python3.8/site-packages/airflow/example_dags/example_subdag_operator.py for tasks to queue
[2024-10-09T11:29:24.557+0700] {logging_mixin.py:149} INFO - [2024-10-09T11:29:24.557+0700] {dagbag.py:541} INFO - Filling up the DagBag from /home/hasyidan/venv/lib/python3.8/site-packages/airflow/example_dags/example_subdag_operator.py
[2024-10-09T11:29:24.667+0700] {processor.py:836} INFO - DAG(s) dict_keys(['example_subdag_operator.section-1', 'example_subdag_operator.section-2', 'example_subdag_operator']) retrieved from /home/hasyidan/venv/lib/python3.8/site-packages/airflow/example_dags/example_subdag_operator.py
[2024-10-09T11:29:24.787+0700] {logging_mixin.py:149} INFO - [2024-10-09T11:29:24.787+0700] {dag.py:2726} INFO - Sync 3 DAGs
[2024-10-09T11:29:25.315+0700] {logging_mixin.py:149} INFO - [2024-10-09T11:29:25.315+0700] {dag.py:3486} INFO - Setting next_dagrun for example_subdag_operator to 2022-01-01T00:00:00+00:00, run_after=2022-01-01T00:00:00+00:00
[2024-10-09T11:29:25.331+0700] {logging_mixin.py:149} INFO - [2024-10-09T11:29:25.330+0700] {dag.py:3486} INFO - Setting next_dagrun for example_subdag_operator.section-1 to None, run_after=None
[2024-10-09T11:29:25.334+0700] {logging_mixin.py:149} INFO - [2024-10-09T11:29:25.333+0700] {dag.py:3486} INFO - Setting next_dagrun for example_subdag_operator.section-2 to None, run_after=None
[2024-10-09T11:29:25.367+0700] {logging_mixin.py:149} INFO - [2024-10-09T11:29:25.366+0700] {dag.py:2726} INFO - Sync 2 DAGs
[2024-10-09T11:29:25.390+0700] {logging_mixin.py:149} INFO - [2024-10-09T11:29:25.390+0700] {dag.py:3486} INFO - Setting next_dagrun for example_subdag_operator.section-1 to None, run_after=None
[2024-10-09T11:29:25.401+0700] {logging_mixin.py:149} INFO - [2024-10-09T11:29:25.391+0700] {dag.py:3486} INFO - Setting next_dagrun for example_subdag_operator.section-2 to None, run_after=None
[2024-10-09T11:29:25.662+0700] {processor.py:179} INFO - Processing /home/hasyidan/venv/lib/python3.8/site-packages/airflow/example_dags/example_subdag_operator.py took 1.156 seconds
[2024-10-09T11:34:02.242+0700] {processor.py:157} INFO - Started process (PID=6496) to work on /home/hasyidan/venv/lib/python3.8/site-packages/airflow/example_dags/example_subdag_operator.py
[2024-10-09T11:34:02.350+0700] {processor.py:826} INFO - Processing file /home/hasyidan/venv/lib/python3.8/site-packages/airflow/example_dags/example_subdag_operator.py for tasks to queue
[2024-10-09T11:34:02.352+0700] {logging_mixin.py:149} INFO - [2024-10-09T11:34:02.351+0700] {dagbag.py:541} INFO - Filling up the DagBag from /home/hasyidan/venv/lib/python3.8/site-packages/airflow/example_dags/example_subdag_operator.py
[2024-10-09T11:34:03.742+0700] {processor.py:836} INFO - DAG(s) dict_keys(['example_subdag_operator.section-1', 'example_subdag_operator.section-2', 'example_subdag_operator']) retrieved from /home/hasyidan/venv/lib/python3.8/site-packages/airflow/example_dags/example_subdag_operator.py
[2024-10-09T11:34:05.624+0700] {logging_mixin.py:149} INFO - [2024-10-09T11:34:05.624+0700] {dag.py:2726} INFO - Sync 3 DAGs
[2024-10-09T11:34:09.116+0700] {logging_mixin.py:149} INFO - [2024-10-09T11:34:09.115+0700] {dag.py:3486} INFO - Setting next_dagrun for example_subdag_operator to 2022-01-01T00:00:00+00:00, run_after=2022-01-01T00:00:00+00:00
[2024-10-09T11:34:09.174+0700] {logging_mixin.py:149} INFO - [2024-10-09T11:34:09.173+0700] {dag.py:3486} INFO - Setting next_dagrun for example_subdag_operator.section-1 to None, run_after=None
[2024-10-09T11:34:09.177+0700] {logging_mixin.py:149} INFO - [2024-10-09T11:34:09.176+0700] {dag.py:3486} INFO - Setting next_dagrun for example_subdag_operator.section-2 to None, run_after=None
[2024-10-09T11:34:09.337+0700] {logging_mixin.py:149} INFO - [2024-10-09T11:34:09.336+0700] {dag.py:2726} INFO - Sync 2 DAGs
[2024-10-09T11:34:09.495+0700] {logging_mixin.py:149} INFO - [2024-10-09T11:34:09.494+0700] {dag.py:3486} INFO - Setting next_dagrun for example_subdag_operator.section-1 to None, run_after=None
[2024-10-09T11:34:09.496+0700] {logging_mixin.py:149} INFO - [2024-10-09T11:34:09.495+0700] {dag.py:3486} INFO - Setting next_dagrun for example_subdag_operator.section-2 to None, run_after=None
[2024-10-09T11:34:10.219+0700] {processor.py:179} INFO - Processing /home/hasyidan/venv/lib/python3.8/site-packages/airflow/example_dags/example_subdag_operator.py took 7.986 seconds
[2024-10-09T11:35:29.042+0700] {processor.py:157} INFO - Started process (PID=6595) to work on /home/hasyidan/venv/lib/python3.8/site-packages/airflow/example_dags/example_subdag_operator.py
[2024-10-09T11:35:29.152+0700] {processor.py:826} INFO - Processing file /home/hasyidan/venv/lib/python3.8/site-packages/airflow/example_dags/example_subdag_operator.py for tasks to queue
[2024-10-09T11:35:29.154+0700] {logging_mixin.py:149} INFO - [2024-10-09T11:35:29.154+0700] {dagbag.py:541} INFO - Filling up the DagBag from /home/hasyidan/venv/lib/python3.8/site-packages/airflow/example_dags/example_subdag_operator.py
[2024-10-09T11:35:29.361+0700] {processor.py:836} INFO - DAG(s) dict_keys(['example_subdag_operator.section-1', 'example_subdag_operator.section-2', 'example_subdag_operator']) retrieved from /home/hasyidan/venv/lib/python3.8/site-packages/airflow/example_dags/example_subdag_operator.py
[2024-10-09T11:35:29.566+0700] {logging_mixin.py:149} INFO - [2024-10-09T11:35:29.566+0700] {dag.py:2726} INFO - Sync 3 DAGs
[2024-10-09T11:35:29.779+0700] {logging_mixin.py:149} INFO - [2024-10-09T11:35:29.779+0700] {dag.py:3486} INFO - Setting next_dagrun for example_subdag_operator to 2022-01-01T00:00:00+00:00, run_after=2022-01-01T00:00:00+00:00
[2024-10-09T11:35:29.791+0700] {logging_mixin.py:149} INFO - [2024-10-09T11:35:29.790+0700] {dag.py:3486} INFO - Setting next_dagrun for example_subdag_operator.section-1 to None, run_after=None
[2024-10-09T11:35:29.793+0700] {logging_mixin.py:149} INFO - [2024-10-09T11:35:29.793+0700] {dag.py:3486} INFO - Setting next_dagrun for example_subdag_operator.section-2 to None, run_after=None
[2024-10-09T11:35:29.810+0700] {logging_mixin.py:149} INFO - [2024-10-09T11:35:29.810+0700] {dag.py:2726} INFO - Sync 2 DAGs
[2024-10-09T11:35:29.846+0700] {logging_mixin.py:149} INFO - [2024-10-09T11:35:29.845+0700] {dag.py:3486} INFO - Setting next_dagrun for example_subdag_operator.section-1 to None, run_after=None
[2024-10-09T11:35:29.847+0700] {logging_mixin.py:149} INFO - [2024-10-09T11:35:29.846+0700] {dag.py:3486} INFO - Setting next_dagrun for example_subdag_operator.section-2 to None, run_after=None
[2024-10-09T11:35:30.168+0700] {processor.py:179} INFO - Processing /home/hasyidan/venv/lib/python3.8/site-packages/airflow/example_dags/example_subdag_operator.py took 1.131 seconds
[2024-10-09T11:39:14.609+0700] {processor.py:157} INFO - Started process (PID=6880) to work on /home/hasyidan/venv/lib/python3.8/site-packages/airflow/example_dags/example_subdag_operator.py
[2024-10-09T11:39:14.762+0700] {processor.py:826} INFO - Processing file /home/hasyidan/venv/lib/python3.8/site-packages/airflow/example_dags/example_subdag_operator.py for tasks to queue
[2024-10-09T11:39:14.805+0700] {logging_mixin.py:149} INFO - [2024-10-09T11:39:14.790+0700] {dagbag.py:541} INFO - Filling up the DagBag from /home/hasyidan/venv/lib/python3.8/site-packages/airflow/example_dags/example_subdag_operator.py
[2024-10-09T11:39:18.473+0700] {processor.py:836} INFO - DAG(s) dict_keys(['example_subdag_operator.section-1', 'example_subdag_operator.section-2', 'example_subdag_operator']) retrieved from /home/hasyidan/venv/lib/python3.8/site-packages/airflow/example_dags/example_subdag_operator.py
[2024-10-09T11:39:20.201+0700] {logging_mixin.py:149} INFO - [2024-10-09T11:39:20.201+0700] {dag.py:2726} INFO - Sync 3 DAGs
[2024-10-09T11:39:20.579+0700] {logging_mixin.py:149} INFO - [2024-10-09T11:39:20.578+0700] {dag.py:3486} INFO - Setting next_dagrun for example_subdag_operator to 2022-01-01T00:00:00+00:00, run_after=2022-01-01T00:00:00+00:00
[2024-10-09T11:39:20.612+0700] {logging_mixin.py:149} INFO - [2024-10-09T11:39:20.611+0700] {dag.py:3486} INFO - Setting next_dagrun for example_subdag_operator.section-1 to None, run_after=None
[2024-10-09T11:39:20.616+0700] {logging_mixin.py:149} INFO - [2024-10-09T11:39:20.615+0700] {dag.py:3486} INFO - Setting next_dagrun for example_subdag_operator.section-2 to None, run_after=None
[2024-10-09T11:39:20.636+0700] {logging_mixin.py:149} INFO - [2024-10-09T11:39:20.635+0700] {dag.py:2726} INFO - Sync 2 DAGs
[2024-10-09T11:39:20.818+0700] {logging_mixin.py:149} INFO - [2024-10-09T11:39:20.817+0700] {dag.py:3486} INFO - Setting next_dagrun for example_subdag_operator.section-1 to None, run_after=None
[2024-10-09T11:39:20.818+0700] {logging_mixin.py:149} INFO - [2024-10-09T11:39:20.818+0700] {dag.py:3486} INFO - Setting next_dagrun for example_subdag_operator.section-2 to None, run_after=None
[2024-10-09T11:39:21.311+0700] {processor.py:179} INFO - Processing /home/hasyidan/venv/lib/python3.8/site-packages/airflow/example_dags/example_subdag_operator.py took 6.716 seconds
