[2024-10-09T10:58:20.241+0700] {processor.py:157} INFO - Started process (PID=3915) to work on /home/hasyidan/venv/lib/python3.8/site-packages/airflow/example_dags/example_task_group_decorator.py
[2024-10-09T10:58:20.242+0700] {processor.py:826} INFO - Processing file /home/hasyidan/venv/lib/python3.8/site-packages/airflow/example_dags/example_task_group_decorator.py for tasks to queue
[2024-10-09T10:58:20.244+0700] {logging_mixin.py:149} INFO - [2024-10-09T10:58:20.244+0700] {dagbag.py:541} INFO - Filling up the DagBag from /home/hasyidan/venv/lib/python3.8/site-packages/airflow/example_dags/example_task_group_decorator.py
[2024-10-09T10:58:20.348+0700] {processor.py:836} INFO - DAG(s) dict_keys(['example_task_group_decorator']) retrieved from /home/hasyidan/venv/lib/python3.8/site-packages/airflow/example_dags/example_task_group_decorator.py
[2024-10-09T10:58:20.404+0700] {logging_mixin.py:149} INFO - [2024-10-09T10:58:20.403+0700] {dag.py:2726} INFO - Sync 1 DAGs
[2024-10-09T10:58:20.456+0700] {logging_mixin.py:149} INFO - [2024-10-09T10:58:20.455+0700] {dag.py:3486} INFO - Setting next_dagrun for example_task_group_decorator to 2024-10-08T03:58:20.455294+00:00, run_after=2024-10-09T03:58:20.455294+00:00
[2024-10-09T10:58:20.870+0700] {processor.py:179} INFO - Processing /home/hasyidan/venv/lib/python3.8/site-packages/airflow/example_dags/example_task_group_decorator.py took 0.635 seconds
[2024-10-09T11:00:24.377+0700] {processor.py:157} INFO - Started process (PID=4000) to work on /home/hasyidan/venv/lib/python3.8/site-packages/airflow/example_dags/example_task_group_decorator.py
[2024-10-09T11:00:24.388+0700] {processor.py:826} INFO - Processing file /home/hasyidan/venv/lib/python3.8/site-packages/airflow/example_dags/example_task_group_decorator.py for tasks to queue
[2024-10-09T11:00:24.391+0700] {logging_mixin.py:149} INFO - [2024-10-09T11:00:24.390+0700] {dagbag.py:541} INFO - Filling up the DagBag from /home/hasyidan/venv/lib/python3.8/site-packages/airflow/example_dags/example_task_group_decorator.py
[2024-10-09T11:00:24.421+0700] {processor.py:836} INFO - DAG(s) dict_keys(['example_task_group_decorator']) retrieved from /home/hasyidan/venv/lib/python3.8/site-packages/airflow/example_dags/example_task_group_decorator.py
[2024-10-09T11:00:24.465+0700] {logging_mixin.py:149} INFO - [2024-10-09T11:00:24.465+0700] {dag.py:2726} INFO - Sync 1 DAGs
[2024-10-09T11:00:24.728+0700] {logging_mixin.py:149} INFO - [2024-10-09T11:00:24.728+0700] {dag.py:3486} INFO - Setting next_dagrun for example_task_group_decorator to 2024-10-08T04:00:24.728044+00:00, run_after=2024-10-09T04:00:24.728044+00:00
[2024-10-09T11:00:25.085+0700] {processor.py:179} INFO - Processing /home/hasyidan/venv/lib/python3.8/site-packages/airflow/example_dags/example_task_group_decorator.py took 0.715 seconds
[2024-10-09T11:01:34.375+0700] {processor.py:157} INFO - Started process (PID=4151) to work on /home/hasyidan/venv/lib/python3.8/site-packages/airflow/example_dags/example_task_group_decorator.py
[2024-10-09T11:01:34.377+0700] {processor.py:826} INFO - Processing file /home/hasyidan/venv/lib/python3.8/site-packages/airflow/example_dags/example_task_group_decorator.py for tasks to queue
[2024-10-09T11:01:34.378+0700] {logging_mixin.py:149} INFO - [2024-10-09T11:01:34.378+0700] {dagbag.py:541} INFO - Filling up the DagBag from /home/hasyidan/venv/lib/python3.8/site-packages/airflow/example_dags/example_task_group_decorator.py
[2024-10-09T11:01:34.408+0700] {processor.py:836} INFO - DAG(s) dict_keys(['example_task_group_decorator']) retrieved from /home/hasyidan/venv/lib/python3.8/site-packages/airflow/example_dags/example_task_group_decorator.py
[2024-10-09T11:01:34.656+0700] {logging_mixin.py:149} INFO - [2024-10-09T11:01:34.656+0700] {dag.py:2726} INFO - Sync 1 DAGs
[2024-10-09T11:01:34.698+0700] {logging_mixin.py:149} INFO - [2024-10-09T11:01:34.698+0700] {dag.py:3486} INFO - Setting next_dagrun for example_task_group_decorator to 2024-10-08T04:01:34.697921+00:00, run_after=2024-10-09T04:01:34.697921+00:00
[2024-10-09T11:01:34.894+0700] {processor.py:179} INFO - Processing /home/hasyidan/venv/lib/python3.8/site-packages/airflow/example_dags/example_task_group_decorator.py took 0.526 seconds
[2024-10-09T11:02:42.279+0700] {processor.py:157} INFO - Started process (PID=4214) to work on /home/hasyidan/venv/lib/python3.8/site-packages/airflow/example_dags/example_task_group_decorator.py
[2024-10-09T11:02:42.281+0700] {processor.py:826} INFO - Processing file /home/hasyidan/venv/lib/python3.8/site-packages/airflow/example_dags/example_task_group_decorator.py for tasks to queue
[2024-10-09T11:02:42.282+0700] {logging_mixin.py:149} INFO - [2024-10-09T11:02:42.282+0700] {dagbag.py:541} INFO - Filling up the DagBag from /home/hasyidan/venv/lib/python3.8/site-packages/airflow/example_dags/example_task_group_decorator.py
[2024-10-09T11:02:42.312+0700] {processor.py:836} INFO - DAG(s) dict_keys(['example_task_group_decorator']) retrieved from /home/hasyidan/venv/lib/python3.8/site-packages/airflow/example_dags/example_task_group_decorator.py
[2024-10-09T11:02:42.356+0700] {logging_mixin.py:149} INFO - [2024-10-09T11:02:42.356+0700] {dag.py:2726} INFO - Sync 1 DAGs
[2024-10-09T11:02:42.402+0700] {logging_mixin.py:149} INFO - [2024-10-09T11:02:42.402+0700] {dag.py:3486} INFO - Setting next_dagrun for example_task_group_decorator to 2024-10-08T04:02:42.401677+00:00, run_after=2024-10-09T04:02:42.401677+00:00
[2024-10-09T11:02:42.611+0700] {processor.py:179} INFO - Processing /home/hasyidan/venv/lib/python3.8/site-packages/airflow/example_dags/example_task_group_decorator.py took 0.339 seconds
[2024-10-09T11:03:40.630+0700] {processor.py:157} INFO - Started process (PID=4269) to work on /home/hasyidan/venv/lib/python3.8/site-packages/airflow/example_dags/example_task_group_decorator.py
[2024-10-09T11:03:40.650+0700] {processor.py:826} INFO - Processing file /home/hasyidan/venv/lib/python3.8/site-packages/airflow/example_dags/example_task_group_decorator.py for tasks to queue
[2024-10-09T11:03:40.652+0700] {logging_mixin.py:149} INFO - [2024-10-09T11:03:40.651+0700] {dagbag.py:541} INFO - Filling up the DagBag from /home/hasyidan/venv/lib/python3.8/site-packages/airflow/example_dags/example_task_group_decorator.py
[2024-10-09T11:03:40.682+0700] {processor.py:836} INFO - DAG(s) dict_keys(['example_task_group_decorator']) retrieved from /home/hasyidan/venv/lib/python3.8/site-packages/airflow/example_dags/example_task_group_decorator.py
[2024-10-09T11:03:40.726+0700] {logging_mixin.py:149} INFO - [2024-10-09T11:03:40.725+0700] {dag.py:2726} INFO - Sync 1 DAGs
[2024-10-09T11:03:40.770+0700] {logging_mixin.py:149} INFO - [2024-10-09T11:03:40.769+0700] {dag.py:3486} INFO - Setting next_dagrun for example_task_group_decorator to 2024-10-08T04:03:40.769257+00:00, run_after=2024-10-09T04:03:40.769257+00:00
[2024-10-09T11:03:40.946+0700] {processor.py:179} INFO - Processing /home/hasyidan/venv/lib/python3.8/site-packages/airflow/example_dags/example_task_group_decorator.py took 0.322 seconds
[2024-10-09T11:05:23.779+0700] {processor.py:157} INFO - Started process (PID=4348) to work on /home/hasyidan/venv/lib/python3.8/site-packages/airflow/example_dags/example_task_group_decorator.py
[2024-10-09T11:05:23.793+0700] {processor.py:826} INFO - Processing file /home/hasyidan/venv/lib/python3.8/site-packages/airflow/example_dags/example_task_group_decorator.py for tasks to queue
[2024-10-09T11:05:23.796+0700] {logging_mixin.py:149} INFO - [2024-10-09T11:05:23.795+0700] {dagbag.py:541} INFO - Filling up the DagBag from /home/hasyidan/venv/lib/python3.8/site-packages/airflow/example_dags/example_task_group_decorator.py
[2024-10-09T11:05:23.826+0700] {processor.py:836} INFO - DAG(s) dict_keys(['example_task_group_decorator']) retrieved from /home/hasyidan/venv/lib/python3.8/site-packages/airflow/example_dags/example_task_group_decorator.py
[2024-10-09T11:05:23.881+0700] {logging_mixin.py:149} INFO - [2024-10-09T11:05:23.881+0700] {dag.py:2726} INFO - Sync 1 DAGs
[2024-10-09T11:05:23.924+0700] {logging_mixin.py:149} INFO - [2024-10-09T11:05:23.924+0700] {dag.py:3486} INFO - Setting next_dagrun for example_task_group_decorator to 2024-10-08T04:05:23.923689+00:00, run_after=2024-10-09T04:05:23.923689+00:00
[2024-10-09T11:05:24.230+0700] {processor.py:179} INFO - Processing /home/hasyidan/venv/lib/python3.8/site-packages/airflow/example_dags/example_task_group_decorator.py took 0.456 seconds
[2024-10-09T11:06:56.319+0700] {processor.py:157} INFO - Started process (PID=4580) to work on /home/hasyidan/venv/lib/python3.8/site-packages/airflow/example_dags/example_task_group_decorator.py
[2024-10-09T11:06:56.349+0700] {processor.py:826} INFO - Processing file /home/hasyidan/venv/lib/python3.8/site-packages/airflow/example_dags/example_task_group_decorator.py for tasks to queue
[2024-10-09T11:06:56.351+0700] {logging_mixin.py:149} INFO - [2024-10-09T11:06:56.350+0700] {dagbag.py:541} INFO - Filling up the DagBag from /home/hasyidan/venv/lib/python3.8/site-packages/airflow/example_dags/example_task_group_decorator.py
[2024-10-09T11:06:56.401+0700] {processor.py:836} INFO - DAG(s) dict_keys(['example_task_group_decorator']) retrieved from /home/hasyidan/venv/lib/python3.8/site-packages/airflow/example_dags/example_task_group_decorator.py
[2024-10-09T11:06:56.491+0700] {logging_mixin.py:149} INFO - [2024-10-09T11:06:56.490+0700] {dag.py:2726} INFO - Sync 1 DAGs
[2024-10-09T11:06:56.534+0700] {logging_mixin.py:149} INFO - [2024-10-09T11:06:56.533+0700] {dag.py:3486} INFO - Setting next_dagrun for example_task_group_decorator to 2024-10-08T04:06:56.533235+00:00, run_after=2024-10-09T04:06:56.533235+00:00
[2024-10-09T11:06:57.184+0700] {processor.py:179} INFO - Processing /home/hasyidan/venv/lib/python3.8/site-packages/airflow/example_dags/example_task_group_decorator.py took 0.871 seconds
[2024-10-09T11:08:00.663+0700] {processor.py:157} INFO - Started process (PID=4657) to work on /home/hasyidan/venv/lib/python3.8/site-packages/airflow/example_dags/example_task_group_decorator.py
[2024-10-09T11:08:00.695+0700] {processor.py:826} INFO - Processing file /home/hasyidan/venv/lib/python3.8/site-packages/airflow/example_dags/example_task_group_decorator.py for tasks to queue
[2024-10-09T11:08:00.698+0700] {logging_mixin.py:149} INFO - [2024-10-09T11:08:00.697+0700] {dagbag.py:541} INFO - Filling up the DagBag from /home/hasyidan/venv/lib/python3.8/site-packages/airflow/example_dags/example_task_group_decorator.py
[2024-10-09T11:08:00.731+0700] {processor.py:836} INFO - DAG(s) dict_keys(['example_task_group_decorator']) retrieved from /home/hasyidan/venv/lib/python3.8/site-packages/airflow/example_dags/example_task_group_decorator.py
[2024-10-09T11:08:00.775+0700] {logging_mixin.py:149} INFO - [2024-10-09T11:08:00.775+0700] {dag.py:2726} INFO - Sync 1 DAGs
[2024-10-09T11:08:00.818+0700] {logging_mixin.py:149} INFO - [2024-10-09T11:08:00.818+0700] {dag.py:3486} INFO - Setting next_dagrun for example_task_group_decorator to 2024-10-08T04:08:00.817527+00:00, run_after=2024-10-09T04:08:00.817527+00:00
[2024-10-09T11:08:00.950+0700] {processor.py:179} INFO - Processing /home/hasyidan/venv/lib/python3.8/site-packages/airflow/example_dags/example_task_group_decorator.py took 0.294 seconds
[2024-10-09T11:08:58.901+0700] {processor.py:157} INFO - Started process (PID=4712) to work on /home/hasyidan/venv/lib/python3.8/site-packages/airflow/example_dags/example_task_group_decorator.py
[2024-10-09T11:08:58.913+0700] {processor.py:826} INFO - Processing file /home/hasyidan/venv/lib/python3.8/site-packages/airflow/example_dags/example_task_group_decorator.py for tasks to queue
[2024-10-09T11:08:58.916+0700] {logging_mixin.py:149} INFO - [2024-10-09T11:08:58.915+0700] {dagbag.py:541} INFO - Filling up the DagBag from /home/hasyidan/venv/lib/python3.8/site-packages/airflow/example_dags/example_task_group_decorator.py
[2024-10-09T11:08:58.947+0700] {processor.py:836} INFO - DAG(s) dict_keys(['example_task_group_decorator']) retrieved from /home/hasyidan/venv/lib/python3.8/site-packages/airflow/example_dags/example_task_group_decorator.py
[2024-10-09T11:08:58.992+0700] {logging_mixin.py:149} INFO - [2024-10-09T11:08:58.991+0700] {dag.py:2726} INFO - Sync 1 DAGs
[2024-10-09T11:08:59.037+0700] {logging_mixin.py:149} INFO - [2024-10-09T11:08:59.037+0700] {dag.py:3486} INFO - Setting next_dagrun for example_task_group_decorator to 2024-10-08T04:08:59.036808+00:00, run_after=2024-10-09T04:08:59.036808+00:00
[2024-10-09T11:08:59.169+0700] {processor.py:179} INFO - Processing /home/hasyidan/venv/lib/python3.8/site-packages/airflow/example_dags/example_task_group_decorator.py took 0.275 seconds
[2024-10-09T11:09:52.171+0700] {processor.py:157} INFO - Started process (PID=4766) to work on /home/hasyidan/venv/lib/python3.8/site-packages/airflow/example_dags/example_task_group_decorator.py
[2024-10-09T11:09:52.172+0700] {processor.py:826} INFO - Processing file /home/hasyidan/venv/lib/python3.8/site-packages/airflow/example_dags/example_task_group_decorator.py for tasks to queue
[2024-10-09T11:09:52.174+0700] {logging_mixin.py:149} INFO - [2024-10-09T11:09:52.173+0700] {dagbag.py:541} INFO - Filling up the DagBag from /home/hasyidan/venv/lib/python3.8/site-packages/airflow/example_dags/example_task_group_decorator.py
[2024-10-09T11:09:52.202+0700] {processor.py:836} INFO - DAG(s) dict_keys(['example_task_group_decorator']) retrieved from /home/hasyidan/venv/lib/python3.8/site-packages/airflow/example_dags/example_task_group_decorator.py
[2024-10-09T11:09:52.249+0700] {logging_mixin.py:149} INFO - [2024-10-09T11:09:52.248+0700] {dag.py:2726} INFO - Sync 1 DAGs
[2024-10-09T11:09:52.291+0700] {logging_mixin.py:149} INFO - [2024-10-09T11:09:52.291+0700] {dag.py:3486} INFO - Setting next_dagrun for example_task_group_decorator to 2024-10-08T04:09:52.290631+00:00, run_after=2024-10-09T04:09:52.290631+00:00
[2024-10-09T11:09:52.422+0700] {processor.py:179} INFO - Processing /home/hasyidan/venv/lib/python3.8/site-packages/airflow/example_dags/example_task_group_decorator.py took 0.257 seconds
[2024-10-09T11:10:43.151+0700] {processor.py:157} INFO - Started process (PID=4824) to work on /home/hasyidan/venv/lib/python3.8/site-packages/airflow/example_dags/example_task_group_decorator.py
[2024-10-09T11:10:43.227+0700] {processor.py:826} INFO - Processing file /home/hasyidan/venv/lib/python3.8/site-packages/airflow/example_dags/example_task_group_decorator.py for tasks to queue
[2024-10-09T11:10:43.229+0700] {logging_mixin.py:149} INFO - [2024-10-09T11:10:43.229+0700] {dagbag.py:541} INFO - Filling up the DagBag from /home/hasyidan/venv/lib/python3.8/site-packages/airflow/example_dags/example_task_group_decorator.py
[2024-10-09T11:10:43.259+0700] {processor.py:836} INFO - DAG(s) dict_keys(['example_task_group_decorator']) retrieved from /home/hasyidan/venv/lib/python3.8/site-packages/airflow/example_dags/example_task_group_decorator.py
[2024-10-09T11:10:43.303+0700] {logging_mixin.py:149} INFO - [2024-10-09T11:10:43.303+0700] {dag.py:2726} INFO - Sync 1 DAGs
[2024-10-09T11:10:43.348+0700] {logging_mixin.py:149} INFO - [2024-10-09T11:10:43.348+0700] {dag.py:3486} INFO - Setting next_dagrun for example_task_group_decorator to 2024-10-08T04:10:43.347674+00:00, run_after=2024-10-09T04:10:43.347674+00:00
[2024-10-09T11:10:43.464+0700] {processor.py:179} INFO - Processing /home/hasyidan/venv/lib/python3.8/site-packages/airflow/example_dags/example_task_group_decorator.py took 0.320 seconds
[2024-10-09T11:11:37.229+0700] {processor.py:157} INFO - Started process (PID=4882) to work on /home/hasyidan/venv/lib/python3.8/site-packages/airflow/example_dags/example_task_group_decorator.py
[2024-10-09T11:11:37.253+0700] {processor.py:826} INFO - Processing file /home/hasyidan/venv/lib/python3.8/site-packages/airflow/example_dags/example_task_group_decorator.py for tasks to queue
[2024-10-09T11:11:37.256+0700] {logging_mixin.py:149} INFO - [2024-10-09T11:11:37.255+0700] {dagbag.py:541} INFO - Filling up the DagBag from /home/hasyidan/venv/lib/python3.8/site-packages/airflow/example_dags/example_task_group_decorator.py
[2024-10-09T11:11:37.287+0700] {processor.py:836} INFO - DAG(s) dict_keys(['example_task_group_decorator']) retrieved from /home/hasyidan/venv/lib/python3.8/site-packages/airflow/example_dags/example_task_group_decorator.py
[2024-10-09T11:11:37.331+0700] {logging_mixin.py:149} INFO - [2024-10-09T11:11:37.331+0700] {dag.py:2726} INFO - Sync 1 DAGs
[2024-10-09T11:11:37.373+0700] {logging_mixin.py:149} INFO - [2024-10-09T11:11:37.373+0700] {dag.py:3486} INFO - Setting next_dagrun for example_task_group_decorator to 2024-10-08T04:11:37.373151+00:00, run_after=2024-10-09T04:11:37.373151+00:00
[2024-10-09T11:11:37.513+0700] {processor.py:179} INFO - Processing /home/hasyidan/venv/lib/python3.8/site-packages/airflow/example_dags/example_task_group_decorator.py took 0.291 seconds
[2024-10-09T11:12:30.073+0700] {processor.py:157} INFO - Started process (PID=4938) to work on /home/hasyidan/venv/lib/python3.8/site-packages/airflow/example_dags/example_task_group_decorator.py
[2024-10-09T11:12:30.093+0700] {processor.py:826} INFO - Processing file /home/hasyidan/venv/lib/python3.8/site-packages/airflow/example_dags/example_task_group_decorator.py for tasks to queue
[2024-10-09T11:12:30.095+0700] {logging_mixin.py:149} INFO - [2024-10-09T11:12:30.095+0700] {dagbag.py:541} INFO - Filling up the DagBag from /home/hasyidan/venv/lib/python3.8/site-packages/airflow/example_dags/example_task_group_decorator.py
[2024-10-09T11:12:30.126+0700] {processor.py:836} INFO - DAG(s) dict_keys(['example_task_group_decorator']) retrieved from /home/hasyidan/venv/lib/python3.8/site-packages/airflow/example_dags/example_task_group_decorator.py
[2024-10-09T11:12:30.171+0700] {logging_mixin.py:149} INFO - [2024-10-09T11:12:30.171+0700] {dag.py:2726} INFO - Sync 1 DAGs
[2024-10-09T11:12:30.216+0700] {logging_mixin.py:149} INFO - [2024-10-09T11:12:30.216+0700] {dag.py:3486} INFO - Setting next_dagrun for example_task_group_decorator to 2024-10-08T04:12:30.215883+00:00, run_after=2024-10-09T04:12:30.215883+00:00
[2024-10-09T11:12:30.334+0700] {processor.py:179} INFO - Processing /home/hasyidan/venv/lib/python3.8/site-packages/airflow/example_dags/example_task_group_decorator.py took 0.266 seconds
[2024-10-09T11:13:23.143+0700] {processor.py:157} INFO - Started process (PID=4994) to work on /home/hasyidan/venv/lib/python3.8/site-packages/airflow/example_dags/example_task_group_decorator.py
[2024-10-09T11:13:23.163+0700] {processor.py:826} INFO - Processing file /home/hasyidan/venv/lib/python3.8/site-packages/airflow/example_dags/example_task_group_decorator.py for tasks to queue
[2024-10-09T11:13:23.165+0700] {logging_mixin.py:149} INFO - [2024-10-09T11:13:23.165+0700] {dagbag.py:541} INFO - Filling up the DagBag from /home/hasyidan/venv/lib/python3.8/site-packages/airflow/example_dags/example_task_group_decorator.py
[2024-10-09T11:13:23.197+0700] {processor.py:836} INFO - DAG(s) dict_keys(['example_task_group_decorator']) retrieved from /home/hasyidan/venv/lib/python3.8/site-packages/airflow/example_dags/example_task_group_decorator.py
[2024-10-09T11:13:23.241+0700] {logging_mixin.py:149} INFO - [2024-10-09T11:13:23.241+0700] {dag.py:2726} INFO - Sync 1 DAGs
[2024-10-09T11:13:23.284+0700] {logging_mixin.py:149} INFO - [2024-10-09T11:13:23.283+0700] {dag.py:3486} INFO - Setting next_dagrun for example_task_group_decorator to 2024-10-08T04:13:23.283490+00:00, run_after=2024-10-09T04:13:23.283490+00:00
[2024-10-09T11:13:23.422+0700] {processor.py:179} INFO - Processing /home/hasyidan/venv/lib/python3.8/site-packages/airflow/example_dags/example_task_group_decorator.py took 0.284 seconds
[2024-10-09T11:14:20.478+0700] {processor.py:157} INFO - Started process (PID=5057) to work on /home/hasyidan/venv/lib/python3.8/site-packages/airflow/example_dags/example_task_group_decorator.py
[2024-10-09T11:14:20.566+0700] {processor.py:826} INFO - Processing file /home/hasyidan/venv/lib/python3.8/site-packages/airflow/example_dags/example_task_group_decorator.py for tasks to queue
[2024-10-09T11:14:20.568+0700] {logging_mixin.py:149} INFO - [2024-10-09T11:14:20.568+0700] {dagbag.py:541} INFO - Filling up the DagBag from /home/hasyidan/venv/lib/python3.8/site-packages/airflow/example_dags/example_task_group_decorator.py
[2024-10-09T11:14:20.604+0700] {processor.py:836} INFO - DAG(s) dict_keys(['example_task_group_decorator']) retrieved from /home/hasyidan/venv/lib/python3.8/site-packages/airflow/example_dags/example_task_group_decorator.py
[2024-10-09T11:14:20.655+0700] {logging_mixin.py:149} INFO - [2024-10-09T11:14:20.655+0700] {dag.py:2726} INFO - Sync 1 DAGs
[2024-10-09T11:14:20.704+0700] {logging_mixin.py:149} INFO - [2024-10-09T11:14:20.704+0700] {dag.py:3486} INFO - Setting next_dagrun for example_task_group_decorator to 2024-10-08T04:14:20.703530+00:00, run_after=2024-10-09T04:14:20.703530+00:00
[2024-10-09T11:14:21.087+0700] {processor.py:179} INFO - Processing /home/hasyidan/venv/lib/python3.8/site-packages/airflow/example_dags/example_task_group_decorator.py took 0.615 seconds
[2024-10-09T11:15:47.597+0700] {processor.py:157} INFO - Started process (PID=5288) to work on /home/hasyidan/venv/lib/python3.8/site-packages/airflow/example_dags/example_task_group_decorator.py
[2024-10-09T11:15:47.609+0700] {processor.py:826} INFO - Processing file /home/hasyidan/venv/lib/python3.8/site-packages/airflow/example_dags/example_task_group_decorator.py for tasks to queue
[2024-10-09T11:15:47.611+0700] {logging_mixin.py:149} INFO - [2024-10-09T11:15:47.611+0700] {dagbag.py:541} INFO - Filling up the DagBag from /home/hasyidan/venv/lib/python3.8/site-packages/airflow/example_dags/example_task_group_decorator.py
[2024-10-09T11:15:47.677+0700] {processor.py:836} INFO - DAG(s) dict_keys(['example_task_group_decorator']) retrieved from /home/hasyidan/venv/lib/python3.8/site-packages/airflow/example_dags/example_task_group_decorator.py
[2024-10-09T11:15:47.777+0700] {logging_mixin.py:149} INFO - [2024-10-09T11:15:47.777+0700] {dag.py:2726} INFO - Sync 1 DAGs
[2024-10-09T11:15:47.860+0700] {logging_mixin.py:149} INFO - [2024-10-09T11:15:47.860+0700] {dag.py:3486} INFO - Setting next_dagrun for example_task_group_decorator to 2024-10-08T04:15:47.859690+00:00, run_after=2024-10-09T04:15:47.859690+00:00
[2024-10-09T11:15:48.031+0700] {processor.py:179} INFO - Processing /home/hasyidan/venv/lib/python3.8/site-packages/airflow/example_dags/example_task_group_decorator.py took 0.442 seconds
[2024-10-09T11:16:40.029+0700] {processor.py:157} INFO - Started process (PID=5338) to work on /home/hasyidan/venv/lib/python3.8/site-packages/airflow/example_dags/example_task_group_decorator.py
[2024-10-09T11:16:40.037+0700] {processor.py:826} INFO - Processing file /home/hasyidan/venv/lib/python3.8/site-packages/airflow/example_dags/example_task_group_decorator.py for tasks to queue
[2024-10-09T11:16:40.038+0700] {logging_mixin.py:149} INFO - [2024-10-09T11:16:40.038+0700] {dagbag.py:541} INFO - Filling up the DagBag from /home/hasyidan/venv/lib/python3.8/site-packages/airflow/example_dags/example_task_group_decorator.py
[2024-10-09T11:16:40.103+0700] {processor.py:836} INFO - DAG(s) dict_keys(['example_task_group_decorator']) retrieved from /home/hasyidan/venv/lib/python3.8/site-packages/airflow/example_dags/example_task_group_decorator.py
[2024-10-09T11:16:40.200+0700] {logging_mixin.py:149} INFO - [2024-10-09T11:16:40.199+0700] {dag.py:2726} INFO - Sync 1 DAGs
[2024-10-09T11:16:40.272+0700] {logging_mixin.py:149} INFO - [2024-10-09T11:16:40.272+0700] {dag.py:3486} INFO - Setting next_dagrun for example_task_group_decorator to 2024-10-08T04:16:40.271600+00:00, run_after=2024-10-09T04:16:40.271600+00:00
[2024-10-09T11:16:40.430+0700] {processor.py:179} INFO - Processing /home/hasyidan/venv/lib/python3.8/site-packages/airflow/example_dags/example_task_group_decorator.py took 0.415 seconds
[2024-10-09T11:17:48.554+0700] {processor.py:157} INFO - Started process (PID=5408) to work on /home/hasyidan/venv/lib/python3.8/site-packages/airflow/example_dags/example_task_group_decorator.py
[2024-10-09T11:17:48.586+0700] {processor.py:826} INFO - Processing file /home/hasyidan/venv/lib/python3.8/site-packages/airflow/example_dags/example_task_group_decorator.py for tasks to queue
[2024-10-09T11:17:48.588+0700] {logging_mixin.py:149} INFO - [2024-10-09T11:17:48.587+0700] {dagbag.py:541} INFO - Filling up the DagBag from /home/hasyidan/venv/lib/python3.8/site-packages/airflow/example_dags/example_task_group_decorator.py
[2024-10-09T11:17:48.628+0700] {processor.py:836} INFO - DAG(s) dict_keys(['example_task_group_decorator']) retrieved from /home/hasyidan/venv/lib/python3.8/site-packages/airflow/example_dags/example_task_group_decorator.py
[2024-10-09T11:17:48.697+0700] {logging_mixin.py:149} INFO - [2024-10-09T11:17:48.696+0700] {dag.py:2726} INFO - Sync 1 DAGs
[2024-10-09T11:17:48.769+0700] {logging_mixin.py:149} INFO - [2024-10-09T11:17:48.762+0700] {dag.py:3486} INFO - Setting next_dagrun for example_task_group_decorator to 2024-10-08T04:17:48.761787+00:00, run_after=2024-10-09T04:17:48.761787+00:00
[2024-10-09T11:17:48.943+0700] {processor.py:179} INFO - Processing /home/hasyidan/venv/lib/python3.8/site-packages/airflow/example_dags/example_task_group_decorator.py took 0.397 seconds
[2024-10-09T11:18:55.887+0700] {processor.py:157} INFO - Started process (PID=5474) to work on /home/hasyidan/venv/lib/python3.8/site-packages/airflow/example_dags/example_task_group_decorator.py
[2024-10-09T11:18:55.911+0700] {processor.py:826} INFO - Processing file /home/hasyidan/venv/lib/python3.8/site-packages/airflow/example_dags/example_task_group_decorator.py for tasks to queue
[2024-10-09T11:18:55.914+0700] {logging_mixin.py:149} INFO - [2024-10-09T11:18:55.913+0700] {dagbag.py:541} INFO - Filling up the DagBag from /home/hasyidan/venv/lib/python3.8/site-packages/airflow/example_dags/example_task_group_decorator.py
[2024-10-09T11:18:55.969+0700] {processor.py:836} INFO - DAG(s) dict_keys(['example_task_group_decorator']) retrieved from /home/hasyidan/venv/lib/python3.8/site-packages/airflow/example_dags/example_task_group_decorator.py
[2024-10-09T11:18:56.077+0700] {logging_mixin.py:149} INFO - [2024-10-09T11:18:56.077+0700] {dag.py:2726} INFO - Sync 1 DAGs
[2024-10-09T11:18:56.159+0700] {logging_mixin.py:149} INFO - [2024-10-09T11:18:56.159+0700] {dag.py:3486} INFO - Setting next_dagrun for example_task_group_decorator to 2024-10-08T04:18:56.158951+00:00, run_after=2024-10-09T04:18:56.158951+00:00
[2024-10-09T11:18:56.312+0700] {processor.py:179} INFO - Processing /home/hasyidan/venv/lib/python3.8/site-packages/airflow/example_dags/example_task_group_decorator.py took 0.434 seconds
[2024-10-09T11:19:57.387+0700] {processor.py:157} INFO - Started process (PID=5543) to work on /home/hasyidan/venv/lib/python3.8/site-packages/airflow/example_dags/example_task_group_decorator.py
[2024-10-09T11:19:57.447+0700] {processor.py:826} INFO - Processing file /home/hasyidan/venv/lib/python3.8/site-packages/airflow/example_dags/example_task_group_decorator.py for tasks to queue
[2024-10-09T11:19:57.449+0700] {logging_mixin.py:149} INFO - [2024-10-09T11:19:57.448+0700] {dagbag.py:541} INFO - Filling up the DagBag from /home/hasyidan/venv/lib/python3.8/site-packages/airflow/example_dags/example_task_group_decorator.py
[2024-10-09T11:19:57.489+0700] {processor.py:836} INFO - DAG(s) dict_keys(['example_task_group_decorator']) retrieved from /home/hasyidan/venv/lib/python3.8/site-packages/airflow/example_dags/example_task_group_decorator.py
[2024-10-09T11:19:57.550+0700] {logging_mixin.py:149} INFO - [2024-10-09T11:19:57.549+0700] {dag.py:2726} INFO - Sync 1 DAGs
[2024-10-09T11:19:57.612+0700] {logging_mixin.py:149} INFO - [2024-10-09T11:19:57.611+0700] {dag.py:3486} INFO - Setting next_dagrun for example_task_group_decorator to 2024-10-08T04:19:57.611323+00:00, run_after=2024-10-09T04:19:57.611323+00:00
[2024-10-09T11:19:57.782+0700] {processor.py:179} INFO - Processing /home/hasyidan/venv/lib/python3.8/site-packages/airflow/example_dags/example_task_group_decorator.py took 0.402 seconds
[2024-10-09T11:21:04.408+0700] {processor.py:157} INFO - Started process (PID=5615) to work on /home/hasyidan/venv/lib/python3.8/site-packages/airflow/example_dags/example_task_group_decorator.py
[2024-10-09T11:21:04.449+0700] {processor.py:826} INFO - Processing file /home/hasyidan/venv/lib/python3.8/site-packages/airflow/example_dags/example_task_group_decorator.py for tasks to queue
[2024-10-09T11:21:04.452+0700] {logging_mixin.py:149} INFO - [2024-10-09T11:21:04.451+0700] {dagbag.py:541} INFO - Filling up the DagBag from /home/hasyidan/venv/lib/python3.8/site-packages/airflow/example_dags/example_task_group_decorator.py
[2024-10-09T11:21:04.547+0700] {processor.py:836} INFO - DAG(s) dict_keys(['example_task_group_decorator']) retrieved from /home/hasyidan/venv/lib/python3.8/site-packages/airflow/example_dags/example_task_group_decorator.py
[2024-10-09T11:21:04.679+0700] {logging_mixin.py:149} INFO - [2024-10-09T11:21:04.676+0700] {dag.py:2726} INFO - Sync 1 DAGs
[2024-10-09T11:21:04.815+0700] {logging_mixin.py:149} INFO - [2024-10-09T11:21:04.815+0700] {dag.py:3486} INFO - Setting next_dagrun for example_task_group_decorator to 2024-10-08T04:21:04.814745+00:00, run_after=2024-10-09T04:21:04.814745+00:00
[2024-10-09T11:21:04.989+0700] {processor.py:179} INFO - Processing /home/hasyidan/venv/lib/python3.8/site-packages/airflow/example_dags/example_task_group_decorator.py took 0.592 seconds
[2024-10-09T11:22:10.001+0700] {processor.py:157} INFO - Started process (PID=5677) to work on /home/hasyidan/venv/lib/python3.8/site-packages/airflow/example_dags/example_task_group_decorator.py
[2024-10-09T11:22:10.008+0700] {processor.py:826} INFO - Processing file /home/hasyidan/venv/lib/python3.8/site-packages/airflow/example_dags/example_task_group_decorator.py for tasks to queue
[2024-10-09T11:22:10.009+0700] {logging_mixin.py:149} INFO - [2024-10-09T11:22:10.009+0700] {dagbag.py:541} INFO - Filling up the DagBag from /home/hasyidan/venv/lib/python3.8/site-packages/airflow/example_dags/example_task_group_decorator.py
[2024-10-09T11:22:10.060+0700] {processor.py:836} INFO - DAG(s) dict_keys(['example_task_group_decorator']) retrieved from /home/hasyidan/venv/lib/python3.8/site-packages/airflow/example_dags/example_task_group_decorator.py
[2024-10-09T11:22:10.145+0700] {logging_mixin.py:149} INFO - [2024-10-09T11:22:10.145+0700] {dag.py:2726} INFO - Sync 1 DAGs
[2024-10-09T11:22:10.229+0700] {logging_mixin.py:149} INFO - [2024-10-09T11:22:10.228+0700] {dag.py:3486} INFO - Setting next_dagrun for example_task_group_decorator to 2024-10-08T04:22:10.227947+00:00, run_after=2024-10-09T04:22:10.227947+00:00
[2024-10-09T11:22:10.413+0700] {processor.py:179} INFO - Processing /home/hasyidan/venv/lib/python3.8/site-packages/airflow/example_dags/example_task_group_decorator.py took 0.420 seconds
[2024-10-09T11:23:12.576+0700] {processor.py:157} INFO - Started process (PID=5739) to work on /home/hasyidan/venv/lib/python3.8/site-packages/airflow/example_dags/example_task_group_decorator.py
[2024-10-09T11:23:12.591+0700] {processor.py:826} INFO - Processing file /home/hasyidan/venv/lib/python3.8/site-packages/airflow/example_dags/example_task_group_decorator.py for tasks to queue
[2024-10-09T11:23:12.593+0700] {logging_mixin.py:149} INFO - [2024-10-09T11:23:12.593+0700] {dagbag.py:541} INFO - Filling up the DagBag from /home/hasyidan/venv/lib/python3.8/site-packages/airflow/example_dags/example_task_group_decorator.py
[2024-10-09T11:23:12.643+0700] {processor.py:836} INFO - DAG(s) dict_keys(['example_task_group_decorator']) retrieved from /home/hasyidan/venv/lib/python3.8/site-packages/airflow/example_dags/example_task_group_decorator.py
[2024-10-09T11:23:12.716+0700] {logging_mixin.py:149} INFO - [2024-10-09T11:23:12.715+0700] {dag.py:2726} INFO - Sync 1 DAGs
[2024-10-09T11:23:12.790+0700] {logging_mixin.py:149} INFO - [2024-10-09T11:23:12.790+0700] {dag.py:3486} INFO - Setting next_dagrun for example_task_group_decorator to 2024-10-08T04:23:12.789532+00:00, run_after=2024-10-09T04:23:12.789532+00:00
[2024-10-09T11:23:12.977+0700] {processor.py:179} INFO - Processing /home/hasyidan/venv/lib/python3.8/site-packages/airflow/example_dags/example_task_group_decorator.py took 0.409 seconds
[2024-10-09T11:24:18.697+0700] {processor.py:157} INFO - Started process (PID=5806) to work on /home/hasyidan/venv/lib/python3.8/site-packages/airflow/example_dags/example_task_group_decorator.py
[2024-10-09T11:24:18.730+0700] {processor.py:826} INFO - Processing file /home/hasyidan/venv/lib/python3.8/site-packages/airflow/example_dags/example_task_group_decorator.py for tasks to queue
[2024-10-09T11:24:18.733+0700] {logging_mixin.py:149} INFO - [2024-10-09T11:24:18.732+0700] {dagbag.py:541} INFO - Filling up the DagBag from /home/hasyidan/venv/lib/python3.8/site-packages/airflow/example_dags/example_task_group_decorator.py
[2024-10-09T11:24:18.777+0700] {processor.py:836} INFO - DAG(s) dict_keys(['example_task_group_decorator']) retrieved from /home/hasyidan/venv/lib/python3.8/site-packages/airflow/example_dags/example_task_group_decorator.py
[2024-10-09T11:24:18.863+0700] {logging_mixin.py:149} INFO - [2024-10-09T11:24:18.862+0700] {dag.py:2726} INFO - Sync 1 DAGs
[2024-10-09T11:24:18.935+0700] {logging_mixin.py:149} INFO - [2024-10-09T11:24:18.935+0700] {dag.py:3486} INFO - Setting next_dagrun for example_task_group_decorator to 2024-10-08T04:24:18.934595+00:00, run_after=2024-10-09T04:24:18.934595+00:00
[2024-10-09T11:24:19.287+0700] {processor.py:179} INFO - Processing /home/hasyidan/venv/lib/python3.8/site-packages/airflow/example_dags/example_task_group_decorator.py took 0.598 seconds
[2024-10-09T11:25:27.853+0700] {processor.py:157} INFO - Started process (PID=5877) to work on /home/hasyidan/venv/lib/python3.8/site-packages/airflow/example_dags/example_task_group_decorator.py
[2024-10-09T11:25:27.878+0700] {processor.py:826} INFO - Processing file /home/hasyidan/venv/lib/python3.8/site-packages/airflow/example_dags/example_task_group_decorator.py for tasks to queue
[2024-10-09T11:25:27.882+0700] {logging_mixin.py:149} INFO - [2024-10-09T11:25:27.881+0700] {dagbag.py:541} INFO - Filling up the DagBag from /home/hasyidan/venv/lib/python3.8/site-packages/airflow/example_dags/example_task_group_decorator.py
[2024-10-09T11:25:27.942+0700] {processor.py:836} INFO - DAG(s) dict_keys(['example_task_group_decorator']) retrieved from /home/hasyidan/venv/lib/python3.8/site-packages/airflow/example_dags/example_task_group_decorator.py
[2024-10-09T11:25:28.049+0700] {logging_mixin.py:149} INFO - [2024-10-09T11:25:28.047+0700] {dag.py:2726} INFO - Sync 1 DAGs
[2024-10-09T11:25:28.164+0700] {logging_mixin.py:149} INFO - [2024-10-09T11:25:28.164+0700] {dag.py:3486} INFO - Setting next_dagrun for example_task_group_decorator to 2024-10-08T04:25:28.163667+00:00, run_after=2024-10-09T04:25:28.163667+00:00
[2024-10-09T11:25:28.639+0700] {processor.py:179} INFO - Processing /home/hasyidan/venv/lib/python3.8/site-packages/airflow/example_dags/example_task_group_decorator.py took 0.797 seconds
[2024-10-09T11:27:30.281+0700] {processor.py:157} INFO - Started process (PID=5973) to work on /home/hasyidan/venv/lib/python3.8/site-packages/airflow/example_dags/example_task_group_decorator.py
[2024-10-09T11:27:30.343+0700] {processor.py:826} INFO - Processing file /home/hasyidan/venv/lib/python3.8/site-packages/airflow/example_dags/example_task_group_decorator.py for tasks to queue
[2024-10-09T11:27:30.345+0700] {logging_mixin.py:149} INFO - [2024-10-09T11:27:30.344+0700] {dagbag.py:541} INFO - Filling up the DagBag from /home/hasyidan/venv/lib/python3.8/site-packages/airflow/example_dags/example_task_group_decorator.py
[2024-10-09T11:27:30.465+0700] {processor.py:836} INFO - DAG(s) dict_keys(['example_task_group_decorator']) retrieved from /home/hasyidan/venv/lib/python3.8/site-packages/airflow/example_dags/example_task_group_decorator.py
[2024-10-09T11:27:30.572+0700] {logging_mixin.py:149} INFO - [2024-10-09T11:27:30.572+0700] {dag.py:2726} INFO - Sync 1 DAGs
[2024-10-09T11:27:30.654+0700] {logging_mixin.py:149} INFO - [2024-10-09T11:27:30.654+0700] {dag.py:3486} INFO - Setting next_dagrun for example_task_group_decorator to 2024-10-08T04:27:30.653982+00:00, run_after=2024-10-09T04:27:30.653982+00:00
[2024-10-09T11:27:30.930+0700] {processor.py:179} INFO - Processing /home/hasyidan/venv/lib/python3.8/site-packages/airflow/example_dags/example_task_group_decorator.py took 0.662 seconds
[2024-10-09T11:29:12.020+0700] {processor.py:157} INFO - Started process (PID=6041) to work on /home/hasyidan/venv/lib/python3.8/site-packages/airflow/example_dags/example_task_group_decorator.py
[2024-10-09T11:29:12.870+0700] {processor.py:826} INFO - Processing file /home/hasyidan/venv/lib/python3.8/site-packages/airflow/example_dags/example_task_group_decorator.py for tasks to queue
[2024-10-09T11:29:12.873+0700] {logging_mixin.py:149} INFO - [2024-10-09T11:29:12.872+0700] {dagbag.py:541} INFO - Filling up the DagBag from /home/hasyidan/venv/lib/python3.8/site-packages/airflow/example_dags/example_task_group_decorator.py
[2024-10-09T11:29:12.918+0700] {processor.py:836} INFO - DAG(s) dict_keys(['example_task_group_decorator']) retrieved from /home/hasyidan/venv/lib/python3.8/site-packages/airflow/example_dags/example_task_group_decorator.py
[2024-10-09T11:29:13.241+0700] {logging_mixin.py:149} INFO - [2024-10-09T11:29:13.239+0700] {dag.py:2726} INFO - Sync 1 DAGs
[2024-10-09T11:29:13.633+0700] {logging_mixin.py:149} INFO - [2024-10-09T11:29:13.632+0700] {dag.py:3486} INFO - Setting next_dagrun for example_task_group_decorator to 2024-10-08T04:29:13.631562+00:00, run_after=2024-10-09T04:29:13.631562+00:00
[2024-10-09T11:29:14.051+0700] {processor.py:179} INFO - Processing /home/hasyidan/venv/lib/python3.8/site-packages/airflow/example_dags/example_task_group_decorator.py took 2.038 seconds
[2024-10-09T11:30:47.500+0700] {processor.py:157} INFO - Started process (PID=6118) to work on /home/hasyidan/venv/lib/python3.8/site-packages/airflow/example_dags/example_task_group_decorator.py
[2024-10-09T11:30:47.586+0700] {processor.py:826} INFO - Processing file /home/hasyidan/venv/lib/python3.8/site-packages/airflow/example_dags/example_task_group_decorator.py for tasks to queue
[2024-10-09T11:30:47.588+0700] {logging_mixin.py:149} INFO - [2024-10-09T11:30:47.588+0700] {dagbag.py:541} INFO - Filling up the DagBag from /home/hasyidan/venv/lib/python3.8/site-packages/airflow/example_dags/example_task_group_decorator.py
[2024-10-09T11:30:47.652+0700] {processor.py:836} INFO - DAG(s) dict_keys(['example_task_group_decorator']) retrieved from /home/hasyidan/venv/lib/python3.8/site-packages/airflow/example_dags/example_task_group_decorator.py
[2024-10-09T11:30:48.101+0700] {logging_mixin.py:149} INFO - [2024-10-09T11:30:48.100+0700] {dag.py:2726} INFO - Sync 1 DAGs
[2024-10-09T11:30:48.146+0700] {logging_mixin.py:149} INFO - [2024-10-09T11:30:48.145+0700] {dag.py:3486} INFO - Setting next_dagrun for example_task_group_decorator to 2024-10-08T04:30:48.145507+00:00, run_after=2024-10-09T04:30:48.145507+00:00
[2024-10-09T11:30:48.446+0700] {processor.py:179} INFO - Processing /home/hasyidan/venv/lib/python3.8/site-packages/airflow/example_dags/example_task_group_decorator.py took 0.954 seconds
[2024-10-09T11:33:44.457+0700] {processor.py:157} INFO - Started process (PID=6458) to work on /home/hasyidan/venv/lib/python3.8/site-packages/airflow/example_dags/example_task_group_decorator.py
[2024-10-09T11:33:44.593+0700] {processor.py:826} INFO - Processing file /home/hasyidan/venv/lib/python3.8/site-packages/airflow/example_dags/example_task_group_decorator.py for tasks to queue
[2024-10-09T11:33:44.596+0700] {logging_mixin.py:149} INFO - [2024-10-09T11:33:44.595+0700] {dagbag.py:541} INFO - Filling up the DagBag from /home/hasyidan/venv/lib/python3.8/site-packages/airflow/example_dags/example_task_group_decorator.py
[2024-10-09T11:33:44.717+0700] {processor.py:836} INFO - DAG(s) dict_keys(['example_task_group_decorator']) retrieved from /home/hasyidan/venv/lib/python3.8/site-packages/airflow/example_dags/example_task_group_decorator.py
[2024-10-09T11:33:45.269+0700] {logging_mixin.py:149} INFO - [2024-10-09T11:33:45.269+0700] {dag.py:2726} INFO - Sync 1 DAGs
[2024-10-09T11:33:45.336+0700] {logging_mixin.py:149} INFO - [2024-10-09T11:33:45.335+0700] {dag.py:3486} INFO - Setting next_dagrun for example_task_group_decorator to 2024-10-08T04:33:45.335094+00:00, run_after=2024-10-09T04:33:45.335094+00:00
[2024-10-09T11:33:46.305+0700] {processor.py:179} INFO - Processing /home/hasyidan/venv/lib/python3.8/site-packages/airflow/example_dags/example_task_group_decorator.py took 1.856 seconds
[2024-10-09T11:35:22.040+0700] {processor.py:157} INFO - Started process (PID=6588) to work on /home/hasyidan/venv/lib/python3.8/site-packages/airflow/example_dags/example_task_group_decorator.py
[2024-10-09T11:35:22.078+0700] {processor.py:826} INFO - Processing file /home/hasyidan/venv/lib/python3.8/site-packages/airflow/example_dags/example_task_group_decorator.py for tasks to queue
[2024-10-09T11:35:22.080+0700] {logging_mixin.py:149} INFO - [2024-10-09T11:35:22.080+0700] {dagbag.py:541} INFO - Filling up the DagBag from /home/hasyidan/venv/lib/python3.8/site-packages/airflow/example_dags/example_task_group_decorator.py
[2024-10-09T11:35:22.152+0700] {processor.py:836} INFO - DAG(s) dict_keys(['example_task_group_decorator']) retrieved from /home/hasyidan/venv/lib/python3.8/site-packages/airflow/example_dags/example_task_group_decorator.py
[2024-10-09T11:35:22.222+0700] {logging_mixin.py:149} INFO - [2024-10-09T11:35:22.221+0700] {dag.py:2726} INFO - Sync 1 DAGs
[2024-10-09T11:35:22.266+0700] {logging_mixin.py:149} INFO - [2024-10-09T11:35:22.266+0700] {dag.py:3486} INFO - Setting next_dagrun for example_task_group_decorator to 2024-10-08T04:35:22.265563+00:00, run_after=2024-10-09T04:35:22.265563+00:00
[2024-10-09T11:35:22.411+0700] {processor.py:179} INFO - Processing /home/hasyidan/venv/lib/python3.8/site-packages/airflow/example_dags/example_task_group_decorator.py took 0.376 seconds
[2024-10-09T11:36:23.904+0700] {processor.py:157} INFO - Started process (PID=6647) to work on /home/hasyidan/venv/lib/python3.8/site-packages/airflow/example_dags/example_task_group_decorator.py
[2024-10-09T11:36:23.934+0700] {processor.py:826} INFO - Processing file /home/hasyidan/venv/lib/python3.8/site-packages/airflow/example_dags/example_task_group_decorator.py for tasks to queue
[2024-10-09T11:36:23.938+0700] {logging_mixin.py:149} INFO - [2024-10-09T11:36:23.937+0700] {dagbag.py:541} INFO - Filling up the DagBag from /home/hasyidan/venv/lib/python3.8/site-packages/airflow/example_dags/example_task_group_decorator.py
[2024-10-09T11:36:24.112+0700] {processor.py:836} INFO - DAG(s) dict_keys(['example_task_group_decorator']) retrieved from /home/hasyidan/venv/lib/python3.8/site-packages/airflow/example_dags/example_task_group_decorator.py
[2024-10-09T11:36:24.398+0700] {logging_mixin.py:149} INFO - [2024-10-09T11:36:24.398+0700] {dag.py:2726} INFO - Sync 1 DAGs
[2024-10-09T11:36:24.448+0700] {logging_mixin.py:149} INFO - [2024-10-09T11:36:24.448+0700] {dag.py:3486} INFO - Setting next_dagrun for example_task_group_decorator to 2024-10-08T04:36:24.448072+00:00, run_after=2024-10-09T04:36:24.448072+00:00
[2024-10-09T11:36:24.762+0700] {processor.py:179} INFO - Processing /home/hasyidan/venv/lib/python3.8/site-packages/airflow/example_dags/example_task_group_decorator.py took 1.113 seconds
[2024-10-09T11:38:52.317+0700] {processor.py:157} INFO - Started process (PID=6852) to work on /home/hasyidan/venv/lib/python3.8/site-packages/airflow/example_dags/example_task_group_decorator.py
[2024-10-09T11:38:55.032+0700] {processor.py:826} INFO - Processing file /home/hasyidan/venv/lib/python3.8/site-packages/airflow/example_dags/example_task_group_decorator.py for tasks to queue
[2024-10-09T11:38:55.037+0700] {logging_mixin.py:149} INFO - [2024-10-09T11:38:55.036+0700] {dagbag.py:541} INFO - Filling up the DagBag from /home/hasyidan/venv/lib/python3.8/site-packages/airflow/example_dags/example_task_group_decorator.py
[2024-10-09T11:38:55.535+0700] {processor.py:836} INFO - DAG(s) dict_keys(['example_task_group_decorator']) retrieved from /home/hasyidan/venv/lib/python3.8/site-packages/airflow/example_dags/example_task_group_decorator.py
[2024-10-09T11:38:56.168+0700] {logging_mixin.py:149} INFO - [2024-10-09T11:38:56.167+0700] {dag.py:2726} INFO - Sync 1 DAGs
[2024-10-09T11:38:56.293+0700] {logging_mixin.py:149} INFO - [2024-10-09T11:38:56.292+0700] {dag.py:3486} INFO - Setting next_dagrun for example_task_group_decorator to 2024-10-08T04:38:56.260774+00:00, run_after=2024-10-09T04:38:56.260774+00:00
[2024-10-09T11:38:56.917+0700] {processor.py:179} INFO - Processing /home/hasyidan/venv/lib/python3.8/site-packages/airflow/example_dags/example_task_group_decorator.py took 4.607 seconds
