[2024-10-09T10:59:52.585+0700] {processor.py:157} INFO - Started process (PID=3972) to work on /home/hasyidan/venv/lib/python3.8/site-packages/airflow/example_dags/example_branch_python_dop_operator_3.py
[2024-10-09T10:59:52.587+0700] {processor.py:826} INFO - Processing file /home/hasyidan/venv/lib/python3.8/site-packages/airflow/example_dags/example_branch_python_dop_operator_3.py for tasks to queue
[2024-10-09T10:59:52.589+0700] {logging_mixin.py:149} INFO - [2024-10-09T10:59:52.588+0700] {dagbag.py:541} INFO - Filling up the DagBag from /home/hasyidan/venv/lib/python3.8/site-packages/airflow/example_dags/example_branch_python_dop_operator_3.py
[2024-10-09T10:59:52.613+0700] {processor.py:836} INFO - DAG(s) dict_keys(['example_branch_dop_operator_v3']) retrieved from /home/hasyidan/venv/lib/python3.8/site-packages/airflow/example_dags/example_branch_python_dop_operator_3.py
[2024-10-09T10:59:53.151+0700] {logging_mixin.py:149} INFO - [2024-10-09T10:59:53.150+0700] {dag.py:2726} INFO - Sync 1 DAGs
[2024-10-09T10:59:53.206+0700] {logging_mixin.py:149} INFO - [2024-10-09T10:59:53.205+0700] {dag.py:3486} INFO - Setting next_dagrun for example_branch_dop_operator_v3 to 2024-10-09T03:58:00+00:00, run_after=2024-10-09T03:59:00+00:00
[2024-10-09T10:59:53.787+0700] {processor.py:179} INFO - Processing /home/hasyidan/venv/lib/python3.8/site-packages/airflow/example_dags/example_branch_python_dop_operator_3.py took 1.209 seconds
[2024-10-09T11:01:53.842+0700] {processor.py:157} INFO - Started process (PID=4169) to work on /home/hasyidan/venv/lib/python3.8/site-packages/airflow/example_dags/example_branch_python_dop_operator_3.py
[2024-10-09T11:01:53.876+0700] {processor.py:826} INFO - Processing file /home/hasyidan/venv/lib/python3.8/site-packages/airflow/example_dags/example_branch_python_dop_operator_3.py for tasks to queue
[2024-10-09T11:01:53.878+0700] {logging_mixin.py:149} INFO - [2024-10-09T11:01:53.878+0700] {dagbag.py:541} INFO - Filling up the DagBag from /home/hasyidan/venv/lib/python3.8/site-packages/airflow/example_dags/example_branch_python_dop_operator_3.py
[2024-10-09T11:01:53.948+0700] {processor.py:836} INFO - DAG(s) dict_keys(['example_branch_dop_operator_v3']) retrieved from /home/hasyidan/venv/lib/python3.8/site-packages/airflow/example_dags/example_branch_python_dop_operator_3.py
[2024-10-09T11:01:54.184+0700] {logging_mixin.py:149} INFO - [2024-10-09T11:01:54.183+0700] {dag.py:2726} INFO - Sync 1 DAGs
[2024-10-09T11:01:54.232+0700] {logging_mixin.py:149} INFO - [2024-10-09T11:01:54.231+0700] {dag.py:3486} INFO - Setting next_dagrun for example_branch_dop_operator_v3 to 2024-10-09T04:00:00+00:00, run_after=2024-10-09T04:01:00+00:00
[2024-10-09T11:01:54.434+0700] {processor.py:179} INFO - Processing /home/hasyidan/venv/lib/python3.8/site-packages/airflow/example_dags/example_branch_python_dop_operator_3.py took 0.598 seconds
[2024-10-09T11:02:58.394+0700] {processor.py:157} INFO - Started process (PID=4228) to work on /home/hasyidan/venv/lib/python3.8/site-packages/airflow/example_dags/example_branch_python_dop_operator_3.py
[2024-10-09T11:02:58.395+0700] {processor.py:826} INFO - Processing file /home/hasyidan/venv/lib/python3.8/site-packages/airflow/example_dags/example_branch_python_dop_operator_3.py for tasks to queue
[2024-10-09T11:02:58.397+0700] {logging_mixin.py:149} INFO - [2024-10-09T11:02:58.396+0700] {dagbag.py:541} INFO - Filling up the DagBag from /home/hasyidan/venv/lib/python3.8/site-packages/airflow/example_dags/example_branch_python_dop_operator_3.py
[2024-10-09T11:02:58.412+0700] {processor.py:836} INFO - DAG(s) dict_keys(['example_branch_dop_operator_v3']) retrieved from /home/hasyidan/venv/lib/python3.8/site-packages/airflow/example_dags/example_branch_python_dop_operator_3.py
[2024-10-09T11:02:58.453+0700] {logging_mixin.py:149} INFO - [2024-10-09T11:02:58.453+0700] {dag.py:2726} INFO - Sync 1 DAGs
[2024-10-09T11:02:58.509+0700] {logging_mixin.py:149} INFO - [2024-10-09T11:02:58.508+0700] {dag.py:3486} INFO - Setting next_dagrun for example_branch_dop_operator_v3 to 2024-10-09T04:01:00+00:00, run_after=2024-10-09T04:02:00+00:00
[2024-10-09T11:02:58.742+0700] {processor.py:179} INFO - Processing /home/hasyidan/venv/lib/python3.8/site-packages/airflow/example_dags/example_branch_python_dop_operator_3.py took 0.354 seconds
[2024-10-09T11:03:56.817+0700] {processor.py:157} INFO - Started process (PID=4284) to work on /home/hasyidan/venv/lib/python3.8/site-packages/airflow/example_dags/example_branch_python_dop_operator_3.py
[2024-10-09T11:03:56.845+0700] {processor.py:826} INFO - Processing file /home/hasyidan/venv/lib/python3.8/site-packages/airflow/example_dags/example_branch_python_dop_operator_3.py for tasks to queue
[2024-10-09T11:03:56.848+0700] {logging_mixin.py:149} INFO - [2024-10-09T11:03:56.847+0700] {dagbag.py:541} INFO - Filling up the DagBag from /home/hasyidan/venv/lib/python3.8/site-packages/airflow/example_dags/example_branch_python_dop_operator_3.py
[2024-10-09T11:03:56.866+0700] {processor.py:836} INFO - DAG(s) dict_keys(['example_branch_dop_operator_v3']) retrieved from /home/hasyidan/venv/lib/python3.8/site-packages/airflow/example_dags/example_branch_python_dop_operator_3.py
[2024-10-09T11:03:57.142+0700] {logging_mixin.py:149} INFO - [2024-10-09T11:03:57.141+0700] {dag.py:2726} INFO - Sync 1 DAGs
[2024-10-09T11:03:57.198+0700] {logging_mixin.py:149} INFO - [2024-10-09T11:03:57.197+0700] {dag.py:3486} INFO - Setting next_dagrun for example_branch_dop_operator_v3 to 2024-10-09T04:02:00+00:00, run_after=2024-10-09T04:03:00+00:00
[2024-10-09T11:03:57.350+0700] {processor.py:179} INFO - Processing /home/hasyidan/venv/lib/python3.8/site-packages/airflow/example_dags/example_branch_python_dop_operator_3.py took 0.540 seconds
[2024-10-09T11:06:05.909+0700] {processor.py:157} INFO - Started process (PID=4480) to work on /home/hasyidan/venv/lib/python3.8/site-packages/airflow/example_dags/example_branch_python_dop_operator_3.py
[2024-10-09T11:06:06.217+0700] {processor.py:826} INFO - Processing file /home/hasyidan/venv/lib/python3.8/site-packages/airflow/example_dags/example_branch_python_dop_operator_3.py for tasks to queue
[2024-10-09T11:06:06.220+0700] {logging_mixin.py:149} INFO - [2024-10-09T11:06:06.219+0700] {dagbag.py:541} INFO - Filling up the DagBag from /home/hasyidan/venv/lib/python3.8/site-packages/airflow/example_dags/example_branch_python_dop_operator_3.py
[2024-10-09T11:06:06.416+0700] {processor.py:836} INFO - DAG(s) dict_keys(['example_branch_dop_operator_v3']) retrieved from /home/hasyidan/venv/lib/python3.8/site-packages/airflow/example_dags/example_branch_python_dop_operator_3.py
[2024-10-09T11:06:06.670+0700] {logging_mixin.py:149} INFO - [2024-10-09T11:06:06.670+0700] {dag.py:2726} INFO - Sync 1 DAGs
[2024-10-09T11:06:06.725+0700] {logging_mixin.py:149} INFO - [2024-10-09T11:06:06.724+0700] {dag.py:3486} INFO - Setting next_dagrun for example_branch_dop_operator_v3 to 2024-10-09T04:05:00+00:00, run_after=2024-10-09T04:06:00+00:00
[2024-10-09T11:06:07.352+0700] {processor.py:179} INFO - Processing /home/hasyidan/venv/lib/python3.8/site-packages/airflow/example_dags/example_branch_python_dop_operator_3.py took 1.450 seconds
[2024-10-09T11:07:51.659+0700] {processor.py:157} INFO - Started process (PID=4650) to work on /home/hasyidan/venv/lib/python3.8/site-packages/airflow/example_dags/example_branch_python_dop_operator_3.py
[2024-10-09T11:07:51.681+0700] {processor.py:826} INFO - Processing file /home/hasyidan/venv/lib/python3.8/site-packages/airflow/example_dags/example_branch_python_dop_operator_3.py for tasks to queue
[2024-10-09T11:07:51.683+0700] {logging_mixin.py:149} INFO - [2024-10-09T11:07:51.683+0700] {dagbag.py:541} INFO - Filling up the DagBag from /home/hasyidan/venv/lib/python3.8/site-packages/airflow/example_dags/example_branch_python_dop_operator_3.py
[2024-10-09T11:07:51.702+0700] {processor.py:836} INFO - DAG(s) dict_keys(['example_branch_dop_operator_v3']) retrieved from /home/hasyidan/venv/lib/python3.8/site-packages/airflow/example_dags/example_branch_python_dop_operator_3.py
[2024-10-09T11:07:51.765+0700] {logging_mixin.py:149} INFO - [2024-10-09T11:07:51.764+0700] {dag.py:2726} INFO - Sync 1 DAGs
[2024-10-09T11:07:51.818+0700] {logging_mixin.py:149} INFO - [2024-10-09T11:07:51.818+0700] {dag.py:3486} INFO - Setting next_dagrun for example_branch_dop_operator_v3 to 2024-10-09T04:06:00+00:00, run_after=2024-10-09T04:07:00+00:00
[2024-10-09T11:07:51.954+0700] {processor.py:179} INFO - Processing /home/hasyidan/venv/lib/python3.8/site-packages/airflow/example_dags/example_branch_python_dop_operator_3.py took 0.301 seconds
[2024-10-09T11:08:51.983+0700] {processor.py:157} INFO - Started process (PID=4707) to work on /home/hasyidan/venv/lib/python3.8/site-packages/airflow/example_dags/example_branch_python_dop_operator_3.py
[2024-10-09T11:08:51.990+0700] {processor.py:826} INFO - Processing file /home/hasyidan/venv/lib/python3.8/site-packages/airflow/example_dags/example_branch_python_dop_operator_3.py for tasks to queue
[2024-10-09T11:08:51.992+0700] {logging_mixin.py:149} INFO - [2024-10-09T11:08:51.991+0700] {dagbag.py:541} INFO - Filling up the DagBag from /home/hasyidan/venv/lib/python3.8/site-packages/airflow/example_dags/example_branch_python_dop_operator_3.py
[2024-10-09T11:08:52.010+0700] {processor.py:836} INFO - DAG(s) dict_keys(['example_branch_dop_operator_v3']) retrieved from /home/hasyidan/venv/lib/python3.8/site-packages/airflow/example_dags/example_branch_python_dop_operator_3.py
[2024-10-09T11:08:52.049+0700] {logging_mixin.py:149} INFO - [2024-10-09T11:08:52.048+0700] {dag.py:2726} INFO - Sync 1 DAGs
[2024-10-09T11:08:52.108+0700] {logging_mixin.py:149} INFO - [2024-10-09T11:08:52.107+0700] {dag.py:3486} INFO - Setting next_dagrun for example_branch_dop_operator_v3 to 2024-10-09T04:07:00+00:00, run_after=2024-10-09T04:08:00+00:00
[2024-10-09T11:08:52.237+0700] {processor.py:179} INFO - Processing /home/hasyidan/venv/lib/python3.8/site-packages/airflow/example_dags/example_branch_python_dop_operator_3.py took 0.261 seconds
[2024-10-09T11:09:47.528+0700] {processor.py:157} INFO - Started process (PID=4761) to work on /home/hasyidan/venv/lib/python3.8/site-packages/airflow/example_dags/example_branch_python_dop_operator_3.py
[2024-10-09T11:09:47.556+0700] {processor.py:826} INFO - Processing file /home/hasyidan/venv/lib/python3.8/site-packages/airflow/example_dags/example_branch_python_dop_operator_3.py for tasks to queue
[2024-10-09T11:09:47.559+0700] {logging_mixin.py:149} INFO - [2024-10-09T11:09:47.558+0700] {dagbag.py:541} INFO - Filling up the DagBag from /home/hasyidan/venv/lib/python3.8/site-packages/airflow/example_dags/example_branch_python_dop_operator_3.py
[2024-10-09T11:09:47.577+0700] {processor.py:836} INFO - DAG(s) dict_keys(['example_branch_dop_operator_v3']) retrieved from /home/hasyidan/venv/lib/python3.8/site-packages/airflow/example_dags/example_branch_python_dop_operator_3.py
[2024-10-09T11:09:47.615+0700] {logging_mixin.py:149} INFO - [2024-10-09T11:09:47.615+0700] {dag.py:2726} INFO - Sync 1 DAGs
[2024-10-09T11:09:47.669+0700] {logging_mixin.py:149} INFO - [2024-10-09T11:09:47.668+0700] {dag.py:3486} INFO - Setting next_dagrun for example_branch_dop_operator_v3 to 2024-10-09T04:08:00+00:00, run_after=2024-10-09T04:09:00+00:00
[2024-10-09T11:09:47.792+0700] {processor.py:179} INFO - Processing /home/hasyidan/venv/lib/python3.8/site-packages/airflow/example_dags/example_branch_python_dop_operator_3.py took 0.271 seconds
[2024-10-09T11:11:05.708+0700] {processor.py:157} INFO - Started process (PID=4849) to work on /home/hasyidan/venv/lib/python3.8/site-packages/airflow/example_dags/example_branch_python_dop_operator_3.py
[2024-10-09T11:11:05.812+0700] {processor.py:826} INFO - Processing file /home/hasyidan/venv/lib/python3.8/site-packages/airflow/example_dags/example_branch_python_dop_operator_3.py for tasks to queue
[2024-10-09T11:11:05.813+0700] {logging_mixin.py:149} INFO - [2024-10-09T11:11:05.813+0700] {dagbag.py:541} INFO - Filling up the DagBag from /home/hasyidan/venv/lib/python3.8/site-packages/airflow/example_dags/example_branch_python_dop_operator_3.py
[2024-10-09T11:11:05.829+0700] {processor.py:836} INFO - DAG(s) dict_keys(['example_branch_dop_operator_v3']) retrieved from /home/hasyidan/venv/lib/python3.8/site-packages/airflow/example_dags/example_branch_python_dop_operator_3.py
[2024-10-09T11:11:05.868+0700] {logging_mixin.py:149} INFO - [2024-10-09T11:11:05.868+0700] {dag.py:2726} INFO - Sync 1 DAGs
[2024-10-09T11:11:05.923+0700] {logging_mixin.py:149} INFO - [2024-10-09T11:11:05.922+0700] {dag.py:3486} INFO - Setting next_dagrun for example_branch_dop_operator_v3 to 2024-10-09T04:10:00+00:00, run_after=2024-10-09T04:11:00+00:00
[2024-10-09T11:11:06.047+0700] {processor.py:179} INFO - Processing /home/hasyidan/venv/lib/python3.8/site-packages/airflow/example_dags/example_branch_python_dop_operator_3.py took 0.345 seconds
[2024-10-09T11:12:01.503+0700] {processor.py:157} INFO - Started process (PID=4905) to work on /home/hasyidan/venv/lib/python3.8/site-packages/airflow/example_dags/example_branch_python_dop_operator_3.py
[2024-10-09T11:12:01.510+0700] {processor.py:826} INFO - Processing file /home/hasyidan/venv/lib/python3.8/site-packages/airflow/example_dags/example_branch_python_dop_operator_3.py for tasks to queue
[2024-10-09T11:12:01.512+0700] {logging_mixin.py:149} INFO - [2024-10-09T11:12:01.512+0700] {dagbag.py:541} INFO - Filling up the DagBag from /home/hasyidan/venv/lib/python3.8/site-packages/airflow/example_dags/example_branch_python_dop_operator_3.py
[2024-10-09T11:12:01.532+0700] {processor.py:836} INFO - DAG(s) dict_keys(['example_branch_dop_operator_v3']) retrieved from /home/hasyidan/venv/lib/python3.8/site-packages/airflow/example_dags/example_branch_python_dop_operator_3.py
[2024-10-09T11:12:01.571+0700] {logging_mixin.py:149} INFO - [2024-10-09T11:12:01.571+0700] {dag.py:2726} INFO - Sync 1 DAGs
[2024-10-09T11:12:01.624+0700] {logging_mixin.py:149} INFO - [2024-10-09T11:12:01.624+0700] {dag.py:3486} INFO - Setting next_dagrun for example_branch_dop_operator_v3 to 2024-10-09T04:11:00+00:00, run_after=2024-10-09T04:12:00+00:00
[2024-10-09T11:12:01.798+0700] {processor.py:179} INFO - Processing /home/hasyidan/venv/lib/python3.8/site-packages/airflow/example_dags/example_branch_python_dop_operator_3.py took 0.301 seconds
[2024-10-09T11:13:20.246+0700] {processor.py:157} INFO - Started process (PID=4992) to work on /home/hasyidan/venv/lib/python3.8/site-packages/airflow/example_dags/example_branch_python_dop_operator_3.py
[2024-10-09T11:13:20.257+0700] {processor.py:826} INFO - Processing file /home/hasyidan/venv/lib/python3.8/site-packages/airflow/example_dags/example_branch_python_dop_operator_3.py for tasks to queue
[2024-10-09T11:13:20.260+0700] {logging_mixin.py:149} INFO - [2024-10-09T11:13:20.259+0700] {dagbag.py:541} INFO - Filling up the DagBag from /home/hasyidan/venv/lib/python3.8/site-packages/airflow/example_dags/example_branch_python_dop_operator_3.py
[2024-10-09T11:13:20.277+0700] {processor.py:836} INFO - DAG(s) dict_keys(['example_branch_dop_operator_v3']) retrieved from /home/hasyidan/venv/lib/python3.8/site-packages/airflow/example_dags/example_branch_python_dop_operator_3.py
[2024-10-09T11:13:20.316+0700] {logging_mixin.py:149} INFO - [2024-10-09T11:13:20.315+0700] {dag.py:2726} INFO - Sync 1 DAGs
[2024-10-09T11:13:20.368+0700] {logging_mixin.py:149} INFO - [2024-10-09T11:13:20.368+0700] {dag.py:3486} INFO - Setting next_dagrun for example_branch_dop_operator_v3 to 2024-10-09T04:12:00+00:00, run_after=2024-10-09T04:13:00+00:00
[2024-10-09T11:13:20.507+0700] {processor.py:179} INFO - Processing /home/hasyidan/venv/lib/python3.8/site-packages/airflow/example_dags/example_branch_python_dop_operator_3.py took 0.268 seconds
[2024-10-09T11:14:16.474+0700] {processor.py:157} INFO - Started process (PID=5048) to work on /home/hasyidan/venv/lib/python3.8/site-packages/airflow/example_dags/example_branch_python_dop_operator_3.py
[2024-10-09T11:14:16.938+0700] {processor.py:826} INFO - Processing file /home/hasyidan/venv/lib/python3.8/site-packages/airflow/example_dags/example_branch_python_dop_operator_3.py for tasks to queue
[2024-10-09T11:14:16.941+0700] {logging_mixin.py:149} INFO - [2024-10-09T11:14:16.940+0700] {dagbag.py:541} INFO - Filling up the DagBag from /home/hasyidan/venv/lib/python3.8/site-packages/airflow/example_dags/example_branch_python_dop_operator_3.py
[2024-10-09T11:14:16.960+0700] {processor.py:836} INFO - DAG(s) dict_keys(['example_branch_dop_operator_v3']) retrieved from /home/hasyidan/venv/lib/python3.8/site-packages/airflow/example_dags/example_branch_python_dop_operator_3.py
[2024-10-09T11:14:17.000+0700] {logging_mixin.py:149} INFO - [2024-10-09T11:14:17.000+0700] {dag.py:2726} INFO - Sync 1 DAGs
[2024-10-09T11:14:17.055+0700] {logging_mixin.py:149} INFO - [2024-10-09T11:14:17.055+0700] {dag.py:3486} INFO - Setting next_dagrun for example_branch_dop_operator_v3 to 2024-10-09T04:13:00+00:00, run_after=2024-10-09T04:14:00+00:00
[2024-10-09T11:14:17.614+0700] {processor.py:179} INFO - Processing /home/hasyidan/venv/lib/python3.8/site-packages/airflow/example_dags/example_branch_python_dop_operator_3.py took 1.146 seconds
[2024-10-09T11:16:20.627+0700] {processor.py:157} INFO - Started process (PID=5316) to work on /home/hasyidan/venv/lib/python3.8/site-packages/airflow/example_dags/example_branch_python_dop_operator_3.py
[2024-10-09T11:16:20.635+0700] {processor.py:826} INFO - Processing file /home/hasyidan/venv/lib/python3.8/site-packages/airflow/example_dags/example_branch_python_dop_operator_3.py for tasks to queue
[2024-10-09T11:16:20.638+0700] {logging_mixin.py:149} INFO - [2024-10-09T11:16:20.637+0700] {dagbag.py:541} INFO - Filling up the DagBag from /home/hasyidan/venv/lib/python3.8/site-packages/airflow/example_dags/example_branch_python_dop_operator_3.py
[2024-10-09T11:16:20.662+0700] {processor.py:836} INFO - DAG(s) dict_keys(['example_branch_dop_operator_v3']) retrieved from /home/hasyidan/venv/lib/python3.8/site-packages/airflow/example_dags/example_branch_python_dop_operator_3.py
[2024-10-09T11:16:20.724+0700] {logging_mixin.py:149} INFO - [2024-10-09T11:16:20.723+0700] {dag.py:2726} INFO - Sync 1 DAGs
[2024-10-09T11:16:20.813+0700] {logging_mixin.py:149} INFO - [2024-10-09T11:16:20.812+0700] {dag.py:3486} INFO - Setting next_dagrun for example_branch_dop_operator_v3 to 2024-10-09T04:15:00+00:00, run_after=2024-10-09T04:16:00+00:00
[2024-10-09T11:16:20.969+0700] {processor.py:179} INFO - Processing /home/hasyidan/venv/lib/python3.8/site-packages/airflow/example_dags/example_branch_python_dop_operator_3.py took 0.354 seconds
[2024-10-09T11:17:29.533+0700] {processor.py:157} INFO - Started process (PID=5384) to work on /home/hasyidan/venv/lib/python3.8/site-packages/airflow/example_dags/example_branch_python_dop_operator_3.py
[2024-10-09T11:17:29.574+0700] {processor.py:826} INFO - Processing file /home/hasyidan/venv/lib/python3.8/site-packages/airflow/example_dags/example_branch_python_dop_operator_3.py for tasks to queue
[2024-10-09T11:17:29.576+0700] {logging_mixin.py:149} INFO - [2024-10-09T11:17:29.575+0700] {dagbag.py:541} INFO - Filling up the DagBag from /home/hasyidan/venv/lib/python3.8/site-packages/airflow/example_dags/example_branch_python_dop_operator_3.py
[2024-10-09T11:17:29.608+0700] {processor.py:836} INFO - DAG(s) dict_keys(['example_branch_dop_operator_v3']) retrieved from /home/hasyidan/venv/lib/python3.8/site-packages/airflow/example_dags/example_branch_python_dop_operator_3.py
[2024-10-09T11:17:29.677+0700] {logging_mixin.py:149} INFO - [2024-10-09T11:17:29.676+0700] {dag.py:2726} INFO - Sync 1 DAGs
[2024-10-09T11:17:29.771+0700] {logging_mixin.py:149} INFO - [2024-10-09T11:17:29.770+0700] {dag.py:3486} INFO - Setting next_dagrun for example_branch_dop_operator_v3 to 2024-10-09T04:16:00+00:00, run_after=2024-10-09T04:17:00+00:00
[2024-10-09T11:17:29.916+0700] {processor.py:179} INFO - Processing /home/hasyidan/venv/lib/python3.8/site-packages/airflow/example_dags/example_branch_python_dop_operator_3.py took 0.393 seconds
[2024-10-09T11:18:38.221+0700] {processor.py:157} INFO - Started process (PID=5458) to work on /home/hasyidan/venv/lib/python3.8/site-packages/airflow/example_dags/example_branch_python_dop_operator_3.py
[2024-10-09T11:18:38.255+0700] {processor.py:826} INFO - Processing file /home/hasyidan/venv/lib/python3.8/site-packages/airflow/example_dags/example_branch_python_dop_operator_3.py for tasks to queue
[2024-10-09T11:18:38.257+0700] {logging_mixin.py:149} INFO - [2024-10-09T11:18:38.256+0700] {dagbag.py:541} INFO - Filling up the DagBag from /home/hasyidan/venv/lib/python3.8/site-packages/airflow/example_dags/example_branch_python_dop_operator_3.py
[2024-10-09T11:18:38.287+0700] {processor.py:836} INFO - DAG(s) dict_keys(['example_branch_dop_operator_v3']) retrieved from /home/hasyidan/venv/lib/python3.8/site-packages/airflow/example_dags/example_branch_python_dop_operator_3.py
[2024-10-09T11:18:38.349+0700] {logging_mixin.py:149} INFO - [2024-10-09T11:18:38.348+0700] {dag.py:2726} INFO - Sync 1 DAGs
[2024-10-09T11:18:38.437+0700] {logging_mixin.py:149} INFO - [2024-10-09T11:18:38.437+0700] {dag.py:3486} INFO - Setting next_dagrun for example_branch_dop_operator_v3 to 2024-10-09T04:17:00+00:00, run_after=2024-10-09T04:18:00+00:00
[2024-10-09T11:18:38.578+0700] {processor.py:179} INFO - Processing /home/hasyidan/venv/lib/python3.8/site-packages/airflow/example_dags/example_branch_python_dop_operator_3.py took 0.364 seconds
[2024-10-09T11:19:40.896+0700] {processor.py:157} INFO - Started process (PID=5526) to work on /home/hasyidan/venv/lib/python3.8/site-packages/airflow/example_dags/example_branch_python_dop_operator_3.py
[2024-10-09T11:19:40.923+0700] {processor.py:826} INFO - Processing file /home/hasyidan/venv/lib/python3.8/site-packages/airflow/example_dags/example_branch_python_dop_operator_3.py for tasks to queue
[2024-10-09T11:19:40.929+0700] {logging_mixin.py:149} INFO - [2024-10-09T11:19:40.928+0700] {dagbag.py:541} INFO - Filling up the DagBag from /home/hasyidan/venv/lib/python3.8/site-packages/airflow/example_dags/example_branch_python_dop_operator_3.py
[2024-10-09T11:19:40.964+0700] {processor.py:836} INFO - DAG(s) dict_keys(['example_branch_dop_operator_v3']) retrieved from /home/hasyidan/venv/lib/python3.8/site-packages/airflow/example_dags/example_branch_python_dop_operator_3.py
[2024-10-09T11:19:41.030+0700] {logging_mixin.py:149} INFO - [2024-10-09T11:19:41.029+0700] {dag.py:2726} INFO - Sync 1 DAGs
[2024-10-09T11:19:41.125+0700] {logging_mixin.py:149} INFO - [2024-10-09T11:19:41.125+0700] {dag.py:3486} INFO - Setting next_dagrun for example_branch_dop_operator_v3 to 2024-10-09T04:18:00+00:00, run_after=2024-10-09T04:19:00+00:00
[2024-10-09T11:19:41.365+0700] {processor.py:179} INFO - Processing /home/hasyidan/venv/lib/python3.8/site-packages/airflow/example_dags/example_branch_python_dop_operator_3.py took 0.481 seconds
[2024-10-09T11:20:46.226+0700] {processor.py:157} INFO - Started process (PID=5598) to work on /home/hasyidan/venv/lib/python3.8/site-packages/airflow/example_dags/example_branch_python_dop_operator_3.py
[2024-10-09T11:20:46.254+0700] {processor.py:826} INFO - Processing file /home/hasyidan/venv/lib/python3.8/site-packages/airflow/example_dags/example_branch_python_dop_operator_3.py for tasks to queue
[2024-10-09T11:20:46.257+0700] {logging_mixin.py:149} INFO - [2024-10-09T11:20:46.256+0700] {dagbag.py:541} INFO - Filling up the DagBag from /home/hasyidan/venv/lib/python3.8/site-packages/airflow/example_dags/example_branch_python_dop_operator_3.py
[2024-10-09T11:20:46.291+0700] {processor.py:836} INFO - DAG(s) dict_keys(['example_branch_dop_operator_v3']) retrieved from /home/hasyidan/venv/lib/python3.8/site-packages/airflow/example_dags/example_branch_python_dop_operator_3.py
[2024-10-09T11:20:46.370+0700] {logging_mixin.py:149} INFO - [2024-10-09T11:20:46.370+0700] {dag.py:2726} INFO - Sync 1 DAGs
[2024-10-09T11:20:46.473+0700] {logging_mixin.py:149} INFO - [2024-10-09T11:20:46.472+0700] {dag.py:3486} INFO - Setting next_dagrun for example_branch_dop_operator_v3 to 2024-10-09T04:19:00+00:00, run_after=2024-10-09T04:20:00+00:00
[2024-10-09T11:20:46.694+0700] {processor.py:179} INFO - Processing /home/hasyidan/venv/lib/python3.8/site-packages/airflow/example_dags/example_branch_python_dop_operator_3.py took 0.484 seconds
[2024-10-09T11:21:54.455+0700] {processor.py:157} INFO - Started process (PID=5664) to work on /home/hasyidan/venv/lib/python3.8/site-packages/airflow/example_dags/example_branch_python_dop_operator_3.py
[2024-10-09T11:21:54.466+0700] {processor.py:826} INFO - Processing file /home/hasyidan/venv/lib/python3.8/site-packages/airflow/example_dags/example_branch_python_dop_operator_3.py for tasks to queue
[2024-10-09T11:21:54.468+0700] {logging_mixin.py:149} INFO - [2024-10-09T11:21:54.467+0700] {dagbag.py:541} INFO - Filling up the DagBag from /home/hasyidan/venv/lib/python3.8/site-packages/airflow/example_dags/example_branch_python_dop_operator_3.py
[2024-10-09T11:21:54.491+0700] {processor.py:836} INFO - DAG(s) dict_keys(['example_branch_dop_operator_v3']) retrieved from /home/hasyidan/venv/lib/python3.8/site-packages/airflow/example_dags/example_branch_python_dop_operator_3.py
[2024-10-09T11:21:54.554+0700] {logging_mixin.py:149} INFO - [2024-10-09T11:21:54.554+0700] {dag.py:2726} INFO - Sync 1 DAGs
[2024-10-09T11:21:54.637+0700] {logging_mixin.py:149} INFO - [2024-10-09T11:21:54.636+0700] {dag.py:3486} INFO - Setting next_dagrun for example_branch_dop_operator_v3 to 2024-10-09T04:20:00+00:00, run_after=2024-10-09T04:21:00+00:00
[2024-10-09T11:21:54.793+0700] {processor.py:179} INFO - Processing /home/hasyidan/venv/lib/python3.8/site-packages/airflow/example_dags/example_branch_python_dop_operator_3.py took 0.347 seconds
[2024-10-09T11:22:55.398+0700] {processor.py:157} INFO - Started process (PID=5725) to work on /home/hasyidan/venv/lib/python3.8/site-packages/airflow/example_dags/example_branch_python_dop_operator_3.py
[2024-10-09T11:22:55.410+0700] {processor.py:826} INFO - Processing file /home/hasyidan/venv/lib/python3.8/site-packages/airflow/example_dags/example_branch_python_dop_operator_3.py for tasks to queue
[2024-10-09T11:22:55.412+0700] {logging_mixin.py:149} INFO - [2024-10-09T11:22:55.412+0700] {dagbag.py:541} INFO - Filling up the DagBag from /home/hasyidan/venv/lib/python3.8/site-packages/airflow/example_dags/example_branch_python_dop_operator_3.py
[2024-10-09T11:22:55.437+0700] {processor.py:836} INFO - DAG(s) dict_keys(['example_branch_dop_operator_v3']) retrieved from /home/hasyidan/venv/lib/python3.8/site-packages/airflow/example_dags/example_branch_python_dop_operator_3.py
[2024-10-09T11:22:55.504+0700] {logging_mixin.py:149} INFO - [2024-10-09T11:22:55.503+0700] {dag.py:2726} INFO - Sync 1 DAGs
[2024-10-09T11:22:55.594+0700] {logging_mixin.py:149} INFO - [2024-10-09T11:22:55.594+0700] {dag.py:3486} INFO - Setting next_dagrun for example_branch_dop_operator_v3 to 2024-10-09T04:21:00+00:00, run_after=2024-10-09T04:22:00+00:00
[2024-10-09T11:22:55.775+0700] {processor.py:179} INFO - Processing /home/hasyidan/venv/lib/python3.8/site-packages/airflow/example_dags/example_branch_python_dop_operator_3.py took 0.386 seconds
[2024-10-09T11:24:03.165+0700] {processor.py:157} INFO - Started process (PID=5791) to work on /home/hasyidan/venv/lib/python3.8/site-packages/airflow/example_dags/example_branch_python_dop_operator_3.py
[2024-10-09T11:24:03.180+0700] {processor.py:826} INFO - Processing file /home/hasyidan/venv/lib/python3.8/site-packages/airflow/example_dags/example_branch_python_dop_operator_3.py for tasks to queue
[2024-10-09T11:24:03.183+0700] {logging_mixin.py:149} INFO - [2024-10-09T11:24:03.182+0700] {dagbag.py:541} INFO - Filling up the DagBag from /home/hasyidan/venv/lib/python3.8/site-packages/airflow/example_dags/example_branch_python_dop_operator_3.py
[2024-10-09T11:24:03.205+0700] {processor.py:836} INFO - DAG(s) dict_keys(['example_branch_dop_operator_v3']) retrieved from /home/hasyidan/venv/lib/python3.8/site-packages/airflow/example_dags/example_branch_python_dop_operator_3.py
[2024-10-09T11:24:03.260+0700] {logging_mixin.py:149} INFO - [2024-10-09T11:24:03.259+0700] {dag.py:2726} INFO - Sync 1 DAGs
[2024-10-09T11:24:03.342+0700] {logging_mixin.py:149} INFO - [2024-10-09T11:24:03.342+0700] {dag.py:3486} INFO - Setting next_dagrun for example_branch_dop_operator_v3 to 2024-10-09T04:23:00+00:00, run_after=2024-10-09T04:24:00+00:00
[2024-10-09T11:24:03.511+0700] {processor.py:179} INFO - Processing /home/hasyidan/venv/lib/python3.8/site-packages/airflow/example_dags/example_branch_python_dop_operator_3.py took 0.354 seconds
[2024-10-09T11:25:10.884+0700] {processor.py:157} INFO - Started process (PID=5860) to work on /home/hasyidan/venv/lib/python3.8/site-packages/airflow/example_dags/example_branch_python_dop_operator_3.py
[2024-10-09T11:25:10.903+0700] {processor.py:826} INFO - Processing file /home/hasyidan/venv/lib/python3.8/site-packages/airflow/example_dags/example_branch_python_dop_operator_3.py for tasks to queue
[2024-10-09T11:25:10.905+0700] {logging_mixin.py:149} INFO - [2024-10-09T11:25:10.905+0700] {dagbag.py:541} INFO - Filling up the DagBag from /home/hasyidan/venv/lib/python3.8/site-packages/airflow/example_dags/example_branch_python_dop_operator_3.py
[2024-10-09T11:25:10.936+0700] {processor.py:836} INFO - DAG(s) dict_keys(['example_branch_dop_operator_v3']) retrieved from /home/hasyidan/venv/lib/python3.8/site-packages/airflow/example_dags/example_branch_python_dop_operator_3.py
[2024-10-09T11:25:10.998+0700] {logging_mixin.py:149} INFO - [2024-10-09T11:25:10.997+0700] {dag.py:2726} INFO - Sync 1 DAGs
[2024-10-09T11:25:11.089+0700] {logging_mixin.py:149} INFO - [2024-10-09T11:25:11.089+0700] {dag.py:3486} INFO - Setting next_dagrun for example_branch_dop_operator_v3 to 2024-10-09T04:24:00+00:00, run_after=2024-10-09T04:25:00+00:00
[2024-10-09T11:25:11.245+0700] {processor.py:179} INFO - Processing /home/hasyidan/venv/lib/python3.8/site-packages/airflow/example_dags/example_branch_python_dop_operator_3.py took 0.373 seconds
[2024-10-09T11:28:41.062+0700] {processor.py:157} INFO - Started process (PID=6019) to work on /home/hasyidan/venv/lib/python3.8/site-packages/airflow/example_dags/example_branch_python_dop_operator_3.py
[2024-10-09T11:28:41.082+0700] {processor.py:826} INFO - Processing file /home/hasyidan/venv/lib/python3.8/site-packages/airflow/example_dags/example_branch_python_dop_operator_3.py for tasks to queue
[2024-10-09T11:28:41.084+0700] {logging_mixin.py:149} INFO - [2024-10-09T11:28:41.084+0700] {dagbag.py:541} INFO - Filling up the DagBag from /home/hasyidan/venv/lib/python3.8/site-packages/airflow/example_dags/example_branch_python_dop_operator_3.py
[2024-10-09T11:28:41.129+0700] {processor.py:836} INFO - DAG(s) dict_keys(['example_branch_dop_operator_v3']) retrieved from /home/hasyidan/venv/lib/python3.8/site-packages/airflow/example_dags/example_branch_python_dop_operator_3.py
[2024-10-09T11:28:41.230+0700] {logging_mixin.py:149} INFO - [2024-10-09T11:28:41.230+0700] {dag.py:2726} INFO - Sync 1 DAGs
[2024-10-09T11:28:41.316+0700] {logging_mixin.py:149} INFO - [2024-10-09T11:28:41.315+0700] {dag.py:3486} INFO - Setting next_dagrun for example_branch_dop_operator_v3 to 2024-10-09T04:27:00+00:00, run_after=2024-10-09T04:28:00+00:00
[2024-10-09T11:28:41.787+0700] {processor.py:179} INFO - Processing /home/hasyidan/venv/lib/python3.8/site-packages/airflow/example_dags/example_branch_python_dop_operator_3.py took 0.732 seconds
[2024-10-09T11:32:59.164+0700] {processor.py:157} INFO - Started process (PID=6310) to work on /home/hasyidan/venv/lib/python3.8/site-packages/airflow/example_dags/example_branch_python_dop_operator_3.py
[2024-10-09T11:32:59.252+0700] {processor.py:826} INFO - Processing file /home/hasyidan/venv/lib/python3.8/site-packages/airflow/example_dags/example_branch_python_dop_operator_3.py for tasks to queue
[2024-10-09T11:32:59.253+0700] {logging_mixin.py:149} INFO - [2024-10-09T11:32:59.253+0700] {dagbag.py:541} INFO - Filling up the DagBag from /home/hasyidan/venv/lib/python3.8/site-packages/airflow/example_dags/example_branch_python_dop_operator_3.py
[2024-10-09T11:32:59.345+0700] {processor.py:836} INFO - DAG(s) dict_keys(['example_branch_dop_operator_v3']) retrieved from /home/hasyidan/venv/lib/python3.8/site-packages/airflow/example_dags/example_branch_python_dop_operator_3.py
[2024-10-09T11:32:59.854+0700] {logging_mixin.py:149} INFO - [2024-10-09T11:32:59.853+0700] {dag.py:2726} INFO - Sync 1 DAGs
[2024-10-09T11:32:59.918+0700] {logging_mixin.py:149} INFO - [2024-10-09T11:32:59.918+0700] {dag.py:3486} INFO - Setting next_dagrun for example_branch_dop_operator_v3 to 2024-10-09T04:31:00+00:00, run_after=2024-10-09T04:32:00+00:00
[2024-10-09T11:33:00.577+0700] {processor.py:179} INFO - Processing /home/hasyidan/venv/lib/python3.8/site-packages/airflow/example_dags/example_branch_python_dop_operator_3.py took 1.420 seconds
[2024-10-09T11:35:49.891+0700] {processor.py:157} INFO - Started process (PID=6623) to work on /home/hasyidan/venv/lib/python3.8/site-packages/airflow/example_dags/example_branch_python_dop_operator_3.py
[2024-10-09T11:35:50.069+0700] {processor.py:826} INFO - Processing file /home/hasyidan/venv/lib/python3.8/site-packages/airflow/example_dags/example_branch_python_dop_operator_3.py for tasks to queue
[2024-10-09T11:35:50.071+0700] {logging_mixin.py:149} INFO - [2024-10-09T11:35:50.071+0700] {dagbag.py:541} INFO - Filling up the DagBag from /home/hasyidan/venv/lib/python3.8/site-packages/airflow/example_dags/example_branch_python_dop_operator_3.py
[2024-10-09T11:35:50.245+0700] {processor.py:836} INFO - DAG(s) dict_keys(['example_branch_dop_operator_v3']) retrieved from /home/hasyidan/venv/lib/python3.8/site-packages/airflow/example_dags/example_branch_python_dop_operator_3.py
[2024-10-09T11:35:50.317+0700] {logging_mixin.py:149} INFO - [2024-10-09T11:35:50.317+0700] {dag.py:2726} INFO - Sync 1 DAGs
[2024-10-09T11:35:50.423+0700] {logging_mixin.py:149} INFO - [2024-10-09T11:35:50.422+0700] {dag.py:3486} INFO - Setting next_dagrun for example_branch_dop_operator_v3 to 2024-10-09T04:34:00+00:00, run_after=2024-10-09T04:35:00+00:00
[2024-10-09T11:35:50.859+0700] {processor.py:179} INFO - Processing /home/hasyidan/venv/lib/python3.8/site-packages/airflow/example_dags/example_branch_python_dop_operator_3.py took 0.975 seconds
