[2024-10-09T10:59:57.291+0700] {processor.py:157} INFO - Started process (PID=3977) to work on /home/hasyidan/venv/lib/python3.8/site-packages/airflow/example_dags/example_branch_operator.py
[2024-10-09T10:59:57.293+0700] {processor.py:826} INFO - Processing file /home/hasyidan/venv/lib/python3.8/site-packages/airflow/example_dags/example_branch_operator.py for tasks to queue
[2024-10-09T10:59:57.295+0700] {logging_mixin.py:149} INFO - [2024-10-09T10:59:57.294+0700] {dagbag.py:541} INFO - Filling up the DagBag from /home/hasyidan/venv/lib/python3.8/site-packages/airflow/example_dags/example_branch_operator.py
[2024-10-09T10:59:57.313+0700] {processor.py:836} INFO - DAG(s) dict_keys(['example_branch_operator']) retrieved from /home/hasyidan/venv/lib/python3.8/site-packages/airflow/example_dags/example_branch_operator.py
[2024-10-09T10:59:57.379+0700] {logging_mixin.py:149} INFO - [2024-10-09T10:59:57.379+0700] {dag.py:2726} INFO - Sync 1 DAGs
[2024-10-09T10:59:57.425+0700] {logging_mixin.py:149} INFO - [2024-10-09T10:59:57.425+0700] {dag.py:3486} INFO - Setting next_dagrun for example_branch_operator to 2024-10-08T00:00:00+00:00, run_after=2024-10-09T00:00:00+00:00
[2024-10-09T10:59:57.773+0700] {processor.py:179} INFO - Processing /home/hasyidan/venv/lib/python3.8/site-packages/airflow/example_dags/example_branch_operator.py took 0.488 seconds
[2024-10-09T11:01:57.613+0700] {processor.py:157} INFO - Started process (PID=4171) to work on /home/hasyidan/venv/lib/python3.8/site-packages/airflow/example_dags/example_branch_operator.py
[2024-10-09T11:01:57.650+0700] {processor.py:826} INFO - Processing file /home/hasyidan/venv/lib/python3.8/site-packages/airflow/example_dags/example_branch_operator.py for tasks to queue
[2024-10-09T11:01:57.653+0700] {logging_mixin.py:149} INFO - [2024-10-09T11:01:57.652+0700] {dagbag.py:541} INFO - Filling up the DagBag from /home/hasyidan/venv/lib/python3.8/site-packages/airflow/example_dags/example_branch_operator.py
[2024-10-09T11:01:57.915+0700] {processor.py:836} INFO - DAG(s) dict_keys(['example_branch_operator']) retrieved from /home/hasyidan/venv/lib/python3.8/site-packages/airflow/example_dags/example_branch_operator.py
[2024-10-09T11:01:57.948+0700] {logging_mixin.py:149} INFO - [2024-10-09T11:01:57.947+0700] {dag.py:2726} INFO - Sync 1 DAGs
[2024-10-09T11:01:57.989+0700] {logging_mixin.py:149} INFO - [2024-10-09T11:01:57.989+0700] {dag.py:3486} INFO - Setting next_dagrun for example_branch_operator to 2024-10-08T00:00:00+00:00, run_after=2024-10-09T00:00:00+00:00
[2024-10-09T11:01:58.303+0700] {processor.py:179} INFO - Processing /home/hasyidan/venv/lib/python3.8/site-packages/airflow/example_dags/example_branch_operator.py took 0.696 seconds
[2024-10-09T11:03:01.375+0700] {processor.py:157} INFO - Started process (PID=4230) to work on /home/hasyidan/venv/lib/python3.8/site-packages/airflow/example_dags/example_branch_operator.py
[2024-10-09T11:03:01.402+0700] {processor.py:826} INFO - Processing file /home/hasyidan/venv/lib/python3.8/site-packages/airflow/example_dags/example_branch_operator.py for tasks to queue
[2024-10-09T11:03:01.403+0700] {logging_mixin.py:149} INFO - [2024-10-09T11:03:01.403+0700] {dagbag.py:541} INFO - Filling up the DagBag from /home/hasyidan/venv/lib/python3.8/site-packages/airflow/example_dags/example_branch_operator.py
[2024-10-09T11:03:01.423+0700] {processor.py:836} INFO - DAG(s) dict_keys(['example_branch_operator']) retrieved from /home/hasyidan/venv/lib/python3.8/site-packages/airflow/example_dags/example_branch_operator.py
[2024-10-09T11:03:01.476+0700] {logging_mixin.py:149} INFO - [2024-10-09T11:03:01.475+0700] {dag.py:2726} INFO - Sync 1 DAGs
[2024-10-09T11:03:01.522+0700] {logging_mixin.py:149} INFO - [2024-10-09T11:03:01.522+0700] {dag.py:3486} INFO - Setting next_dagrun for example_branch_operator to 2024-10-08T00:00:00+00:00, run_after=2024-10-09T00:00:00+00:00
[2024-10-09T11:03:01.653+0700] {processor.py:179} INFO - Processing /home/hasyidan/venv/lib/python3.8/site-packages/airflow/example_dags/example_branch_operator.py took 0.285 seconds
[2024-10-09T11:03:59.734+0700] {processor.py:157} INFO - Started process (PID=4286) to work on /home/hasyidan/venv/lib/python3.8/site-packages/airflow/example_dags/example_branch_operator.py
[2024-10-09T11:03:59.736+0700] {processor.py:826} INFO - Processing file /home/hasyidan/venv/lib/python3.8/site-packages/airflow/example_dags/example_branch_operator.py for tasks to queue
[2024-10-09T11:03:59.738+0700] {logging_mixin.py:149} INFO - [2024-10-09T11:03:59.737+0700] {dagbag.py:541} INFO - Filling up the DagBag from /home/hasyidan/venv/lib/python3.8/site-packages/airflow/example_dags/example_branch_operator.py
[2024-10-09T11:03:59.756+0700] {processor.py:836} INFO - DAG(s) dict_keys(['example_branch_operator']) retrieved from /home/hasyidan/venv/lib/python3.8/site-packages/airflow/example_dags/example_branch_operator.py
[2024-10-09T11:03:59.797+0700] {logging_mixin.py:149} INFO - [2024-10-09T11:03:59.797+0700] {dag.py:2726} INFO - Sync 1 DAGs
[2024-10-09T11:03:59.843+0700] {logging_mixin.py:149} INFO - [2024-10-09T11:03:59.842+0700] {dag.py:3486} INFO - Setting next_dagrun for example_branch_operator to 2024-10-08T00:00:00+00:00, run_after=2024-10-09T00:00:00+00:00
[2024-10-09T11:04:00.064+0700] {processor.py:179} INFO - Processing /home/hasyidan/venv/lib/python3.8/site-packages/airflow/example_dags/example_branch_operator.py took 0.335 seconds
[2024-10-09T11:06:14.127+0700] {processor.py:157} INFO - Started process (PID=4486) to work on /home/hasyidan/venv/lib/python3.8/site-packages/airflow/example_dags/example_branch_operator.py
[2024-10-09T11:06:14.223+0700] {processor.py:826} INFO - Processing file /home/hasyidan/venv/lib/python3.8/site-packages/airflow/example_dags/example_branch_operator.py for tasks to queue
[2024-10-09T11:06:14.225+0700] {logging_mixin.py:149} INFO - [2024-10-09T11:06:14.225+0700] {dagbag.py:541} INFO - Filling up the DagBag from /home/hasyidan/venv/lib/python3.8/site-packages/airflow/example_dags/example_branch_operator.py
[2024-10-09T11:06:14.273+0700] {processor.py:836} INFO - DAG(s) dict_keys(['example_branch_operator']) retrieved from /home/hasyidan/venv/lib/python3.8/site-packages/airflow/example_dags/example_branch_operator.py
[2024-10-09T11:06:14.404+0700] {logging_mixin.py:149} INFO - [2024-10-09T11:06:14.403+0700] {dag.py:2726} INFO - Sync 1 DAGs
[2024-10-09T11:06:14.458+0700] {logging_mixin.py:149} INFO - [2024-10-09T11:06:14.457+0700] {dag.py:3486} INFO - Setting next_dagrun for example_branch_operator to 2024-10-08T00:00:00+00:00, run_after=2024-10-09T00:00:00+00:00
[2024-10-09T11:06:15.361+0700] {processor.py:179} INFO - Processing /home/hasyidan/venv/lib/python3.8/site-packages/airflow/example_dags/example_branch_operator.py took 1.239 seconds
[2024-10-09T11:07:54.387+0700] {processor.py:157} INFO - Started process (PID=4652) to work on /home/hasyidan/venv/lib/python3.8/site-packages/airflow/example_dags/example_branch_operator.py
[2024-10-09T11:07:54.469+0700] {processor.py:826} INFO - Processing file /home/hasyidan/venv/lib/python3.8/site-packages/airflow/example_dags/example_branch_operator.py for tasks to queue
[2024-10-09T11:07:54.472+0700] {logging_mixin.py:149} INFO - [2024-10-09T11:07:54.471+0700] {dagbag.py:541} INFO - Filling up the DagBag from /home/hasyidan/venv/lib/python3.8/site-packages/airflow/example_dags/example_branch_operator.py
[2024-10-09T11:07:54.492+0700] {processor.py:836} INFO - DAG(s) dict_keys(['example_branch_operator']) retrieved from /home/hasyidan/venv/lib/python3.8/site-packages/airflow/example_dags/example_branch_operator.py
[2024-10-09T11:07:54.546+0700] {logging_mixin.py:149} INFO - [2024-10-09T11:07:54.546+0700] {dag.py:2726} INFO - Sync 1 DAGs
[2024-10-09T11:07:54.593+0700] {logging_mixin.py:149} INFO - [2024-10-09T11:07:54.592+0700] {dag.py:3486} INFO - Setting next_dagrun for example_branch_operator to 2024-10-08T00:00:00+00:00, run_after=2024-10-09T00:00:00+00:00
[2024-10-09T11:07:54.730+0700] {processor.py:179} INFO - Processing /home/hasyidan/venv/lib/python3.8/site-packages/airflow/example_dags/example_branch_operator.py took 0.349 seconds
[2024-10-09T11:08:54.783+0700] {processor.py:157} INFO - Started process (PID=4709) to work on /home/hasyidan/venv/lib/python3.8/site-packages/airflow/example_dags/example_branch_operator.py
[2024-10-09T11:08:54.807+0700] {processor.py:826} INFO - Processing file /home/hasyidan/venv/lib/python3.8/site-packages/airflow/example_dags/example_branch_operator.py for tasks to queue
[2024-10-09T11:08:54.810+0700] {logging_mixin.py:149} INFO - [2024-10-09T11:08:54.810+0700] {dagbag.py:541} INFO - Filling up the DagBag from /home/hasyidan/venv/lib/python3.8/site-packages/airflow/example_dags/example_branch_operator.py
[2024-10-09T11:08:54.833+0700] {processor.py:836} INFO - DAG(s) dict_keys(['example_branch_operator']) retrieved from /home/hasyidan/venv/lib/python3.8/site-packages/airflow/example_dags/example_branch_operator.py
[2024-10-09T11:08:54.874+0700] {logging_mixin.py:149} INFO - [2024-10-09T11:08:54.874+0700] {dag.py:2726} INFO - Sync 1 DAGs
[2024-10-09T11:08:54.923+0700] {logging_mixin.py:149} INFO - [2024-10-09T11:08:54.922+0700] {dag.py:3486} INFO - Setting next_dagrun for example_branch_operator to 2024-10-08T00:00:00+00:00, run_after=2024-10-09T00:00:00+00:00
[2024-10-09T11:08:55.046+0700] {processor.py:179} INFO - Processing /home/hasyidan/venv/lib/python3.8/site-packages/airflow/example_dags/example_branch_operator.py took 0.270 seconds
[2024-10-09T11:09:50.148+0700] {processor.py:157} INFO - Started process (PID=4763) to work on /home/hasyidan/venv/lib/python3.8/site-packages/airflow/example_dags/example_branch_operator.py
[2024-10-09T11:09:50.173+0700] {processor.py:826} INFO - Processing file /home/hasyidan/venv/lib/python3.8/site-packages/airflow/example_dags/example_branch_operator.py for tasks to queue
[2024-10-09T11:09:50.175+0700] {logging_mixin.py:149} INFO - [2024-10-09T11:09:50.174+0700] {dagbag.py:541} INFO - Filling up the DagBag from /home/hasyidan/venv/lib/python3.8/site-packages/airflow/example_dags/example_branch_operator.py
[2024-10-09T11:09:50.193+0700] {processor.py:836} INFO - DAG(s) dict_keys(['example_branch_operator']) retrieved from /home/hasyidan/venv/lib/python3.8/site-packages/airflow/example_dags/example_branch_operator.py
[2024-10-09T11:09:50.234+0700] {logging_mixin.py:149} INFO - [2024-10-09T11:09:50.234+0700] {dag.py:2726} INFO - Sync 1 DAGs
[2024-10-09T11:09:50.280+0700] {logging_mixin.py:149} INFO - [2024-10-09T11:09:50.280+0700] {dag.py:3486} INFO - Setting next_dagrun for example_branch_operator to 2024-10-08T00:00:00+00:00, run_after=2024-10-09T00:00:00+00:00
[2024-10-09T11:09:50.391+0700] {processor.py:179} INFO - Processing /home/hasyidan/venv/lib/python3.8/site-packages/airflow/example_dags/example_branch_operator.py took 0.249 seconds
[2024-10-09T11:11:08.669+0700] {processor.py:157} INFO - Started process (PID=4851) to work on /home/hasyidan/venv/lib/python3.8/site-packages/airflow/example_dags/example_branch_operator.py
[2024-10-09T11:11:08.685+0700] {processor.py:826} INFO - Processing file /home/hasyidan/venv/lib/python3.8/site-packages/airflow/example_dags/example_branch_operator.py for tasks to queue
[2024-10-09T11:11:08.687+0700] {logging_mixin.py:149} INFO - [2024-10-09T11:11:08.686+0700] {dagbag.py:541} INFO - Filling up the DagBag from /home/hasyidan/venv/lib/python3.8/site-packages/airflow/example_dags/example_branch_operator.py
[2024-10-09T11:11:08.710+0700] {processor.py:836} INFO - DAG(s) dict_keys(['example_branch_operator']) retrieved from /home/hasyidan/venv/lib/python3.8/site-packages/airflow/example_dags/example_branch_operator.py
[2024-10-09T11:11:08.753+0700] {logging_mixin.py:149} INFO - [2024-10-09T11:11:08.752+0700] {dag.py:2726} INFO - Sync 1 DAGs
[2024-10-09T11:11:08.799+0700] {logging_mixin.py:149} INFO - [2024-10-09T11:11:08.798+0700] {dag.py:3486} INFO - Setting next_dagrun for example_branch_operator to 2024-10-08T00:00:00+00:00, run_after=2024-10-09T00:00:00+00:00
[2024-10-09T11:11:08.913+0700] {processor.py:179} INFO - Processing /home/hasyidan/venv/lib/python3.8/site-packages/airflow/example_dags/example_branch_operator.py took 0.251 seconds
[2024-10-09T11:12:27.819+0700] {processor.py:157} INFO - Started process (PID=4936) to work on /home/hasyidan/venv/lib/python3.8/site-packages/airflow/example_dags/example_branch_operator.py
[2024-10-09T11:12:27.859+0700] {processor.py:826} INFO - Processing file /home/hasyidan/venv/lib/python3.8/site-packages/airflow/example_dags/example_branch_operator.py for tasks to queue
[2024-10-09T11:12:27.862+0700] {logging_mixin.py:149} INFO - [2024-10-09T11:12:27.862+0700] {dagbag.py:541} INFO - Filling up the DagBag from /home/hasyidan/venv/lib/python3.8/site-packages/airflow/example_dags/example_branch_operator.py
[2024-10-09T11:12:27.884+0700] {processor.py:836} INFO - DAG(s) dict_keys(['example_branch_operator']) retrieved from /home/hasyidan/venv/lib/python3.8/site-packages/airflow/example_dags/example_branch_operator.py
[2024-10-09T11:12:28.010+0700] {logging_mixin.py:149} INFO - [2024-10-09T11:12:28.009+0700] {dag.py:2726} INFO - Sync 1 DAGs
[2024-10-09T11:12:28.062+0700] {logging_mixin.py:149} INFO - [2024-10-09T11:12:28.062+0700] {dag.py:3486} INFO - Setting next_dagrun for example_branch_operator to 2024-10-08T00:00:00+00:00, run_after=2024-10-09T00:00:00+00:00
[2024-10-09T11:12:28.170+0700] {processor.py:179} INFO - Processing /home/hasyidan/venv/lib/python3.8/site-packages/airflow/example_dags/example_branch_operator.py took 0.358 seconds
[2024-10-09T11:13:47.772+0700] {processor.py:157} INFO - Started process (PID=5021) to work on /home/hasyidan/venv/lib/python3.8/site-packages/airflow/example_dags/example_branch_operator.py
[2024-10-09T11:13:47.780+0700] {processor.py:826} INFO - Processing file /home/hasyidan/venv/lib/python3.8/site-packages/airflow/example_dags/example_branch_operator.py for tasks to queue
[2024-10-09T11:13:47.783+0700] {logging_mixin.py:149} INFO - [2024-10-09T11:13:47.782+0700] {dagbag.py:541} INFO - Filling up the DagBag from /home/hasyidan/venv/lib/python3.8/site-packages/airflow/example_dags/example_branch_operator.py
[2024-10-09T11:13:47.805+0700] {processor.py:836} INFO - DAG(s) dict_keys(['example_branch_operator']) retrieved from /home/hasyidan/venv/lib/python3.8/site-packages/airflow/example_dags/example_branch_operator.py
[2024-10-09T11:13:47.846+0700] {logging_mixin.py:149} INFO - [2024-10-09T11:13:47.846+0700] {dag.py:2726} INFO - Sync 1 DAGs
[2024-10-09T11:13:47.896+0700] {logging_mixin.py:149} INFO - [2024-10-09T11:13:47.896+0700] {dag.py:3486} INFO - Setting next_dagrun for example_branch_operator to 2024-10-08T00:00:00+00:00, run_after=2024-10-09T00:00:00+00:00
[2024-10-09T11:13:48.005+0700] {processor.py:179} INFO - Processing /home/hasyidan/venv/lib/python3.8/site-packages/airflow/example_dags/example_branch_operator.py took 0.241 seconds
[2024-10-09T11:15:21.997+0700] {processor.py:157} INFO - Started process (PID=5158) to work on /home/hasyidan/venv/lib/python3.8/site-packages/airflow/example_dags/example_branch_operator.py
[2024-10-09T11:15:22.287+0700] {processor.py:826} INFO - Processing file /home/hasyidan/venv/lib/python3.8/site-packages/airflow/example_dags/example_branch_operator.py for tasks to queue
[2024-10-09T11:15:22.290+0700] {logging_mixin.py:149} INFO - [2024-10-09T11:15:22.289+0700] {dagbag.py:541} INFO - Filling up the DagBag from /home/hasyidan/venv/lib/python3.8/site-packages/airflow/example_dags/example_branch_operator.py
[2024-10-09T11:15:22.320+0700] {processor.py:836} INFO - DAG(s) dict_keys(['example_branch_operator']) retrieved from /home/hasyidan/venv/lib/python3.8/site-packages/airflow/example_dags/example_branch_operator.py
[2024-10-09T11:15:22.378+0700] {logging_mixin.py:149} INFO - [2024-10-09T11:15:22.377+0700] {dag.py:2726} INFO - Sync 1 DAGs
[2024-10-09T11:15:22.445+0700] {logging_mixin.py:149} INFO - [2024-10-09T11:15:22.444+0700] {dag.py:3486} INFO - Setting next_dagrun for example_branch_operator to 2024-10-08T00:00:00+00:00, run_after=2024-10-09T00:00:00+00:00
[2024-10-09T11:15:22.863+0700] {processor.py:179} INFO - Processing /home/hasyidan/venv/lib/python3.8/site-packages/airflow/example_dags/example_branch_operator.py took 0.880 seconds
[2024-10-09T11:16:55.520+0700] {processor.py:157} INFO - Started process (PID=5352) to work on /home/hasyidan/venv/lib/python3.8/site-packages/airflow/example_dags/example_branch_operator.py
[2024-10-09T11:16:55.531+0700] {processor.py:826} INFO - Processing file /home/hasyidan/venv/lib/python3.8/site-packages/airflow/example_dags/example_branch_operator.py for tasks to queue
[2024-10-09T11:16:55.533+0700] {logging_mixin.py:149} INFO - [2024-10-09T11:16:55.532+0700] {dagbag.py:541} INFO - Filling up the DagBag from /home/hasyidan/venv/lib/python3.8/site-packages/airflow/example_dags/example_branch_operator.py
[2024-10-09T11:16:55.569+0700] {processor.py:836} INFO - DAG(s) dict_keys(['example_branch_operator']) retrieved from /home/hasyidan/venv/lib/python3.8/site-packages/airflow/example_dags/example_branch_operator.py
[2024-10-09T11:16:55.651+0700] {logging_mixin.py:149} INFO - [2024-10-09T11:16:55.650+0700] {dag.py:2726} INFO - Sync 1 DAGs
[2024-10-09T11:16:55.735+0700] {logging_mixin.py:149} INFO - [2024-10-09T11:16:55.735+0700] {dag.py:3486} INFO - Setting next_dagrun for example_branch_operator to 2024-10-08T00:00:00+00:00, run_after=2024-10-09T00:00:00+00:00
[2024-10-09T11:16:55.876+0700] {processor.py:179} INFO - Processing /home/hasyidan/venv/lib/python3.8/site-packages/airflow/example_dags/example_branch_operator.py took 0.365 seconds
[2024-10-09T11:18:04.005+0700] {processor.py:157} INFO - Started process (PID=5422) to work on /home/hasyidan/venv/lib/python3.8/site-packages/airflow/example_dags/example_branch_operator.py
[2024-10-09T11:18:04.019+0700] {processor.py:826} INFO - Processing file /home/hasyidan/venv/lib/python3.8/site-packages/airflow/example_dags/example_branch_operator.py for tasks to queue
[2024-10-09T11:18:04.023+0700] {logging_mixin.py:149} INFO - [2024-10-09T11:18:04.022+0700] {dagbag.py:541} INFO - Filling up the DagBag from /home/hasyidan/venv/lib/python3.8/site-packages/airflow/example_dags/example_branch_operator.py
[2024-10-09T11:18:04.071+0700] {processor.py:836} INFO - DAG(s) dict_keys(['example_branch_operator']) retrieved from /home/hasyidan/venv/lib/python3.8/site-packages/airflow/example_dags/example_branch_operator.py
[2024-10-09T11:18:04.253+0700] {logging_mixin.py:149} INFO - [2024-10-09T11:18:04.252+0700] {dag.py:2726} INFO - Sync 1 DAGs
[2024-10-09T11:18:04.332+0700] {logging_mixin.py:149} INFO - [2024-10-09T11:18:04.331+0700] {dag.py:3486} INFO - Setting next_dagrun for example_branch_operator to 2024-10-08T00:00:00+00:00, run_after=2024-10-09T00:00:00+00:00
[2024-10-09T11:18:04.474+0700] {processor.py:179} INFO - Processing /home/hasyidan/venv/lib/python3.8/site-packages/airflow/example_dags/example_branch_operator.py took 0.483 seconds
[2024-10-09T11:19:10.476+0700] {processor.py:157} INFO - Started process (PID=5487) to work on /home/hasyidan/venv/lib/python3.8/site-packages/airflow/example_dags/example_branch_operator.py
[2024-10-09T11:19:10.483+0700] {processor.py:826} INFO - Processing file /home/hasyidan/venv/lib/python3.8/site-packages/airflow/example_dags/example_branch_operator.py for tasks to queue
[2024-10-09T11:19:10.485+0700] {logging_mixin.py:149} INFO - [2024-10-09T11:19:10.484+0700] {dagbag.py:541} INFO - Filling up the DagBag from /home/hasyidan/venv/lib/python3.8/site-packages/airflow/example_dags/example_branch_operator.py
[2024-10-09T11:19:10.515+0700] {processor.py:836} INFO - DAG(s) dict_keys(['example_branch_operator']) retrieved from /home/hasyidan/venv/lib/python3.8/site-packages/airflow/example_dags/example_branch_operator.py
[2024-10-09T11:19:10.590+0700] {logging_mixin.py:149} INFO - [2024-10-09T11:19:10.586+0700] {dag.py:2726} INFO - Sync 1 DAGs
[2024-10-09T11:19:10.669+0700] {logging_mixin.py:149} INFO - [2024-10-09T11:19:10.669+0700] {dag.py:3486} INFO - Setting next_dagrun for example_branch_operator to 2024-10-08T00:00:00+00:00, run_after=2024-10-09T00:00:00+00:00
[2024-10-09T11:19:10.828+0700] {processor.py:179} INFO - Processing /home/hasyidan/venv/lib/python3.8/site-packages/airflow/example_dags/example_branch_operator.py took 0.361 seconds
[2024-10-09T11:20:12.802+0700] {processor.py:157} INFO - Started process (PID=5555) to work on /home/hasyidan/venv/lib/python3.8/site-packages/airflow/example_dags/example_branch_operator.py
[2024-10-09T11:20:12.816+0700] {processor.py:826} INFO - Processing file /home/hasyidan/venv/lib/python3.8/site-packages/airflow/example_dags/example_branch_operator.py for tasks to queue
[2024-10-09T11:20:12.820+0700] {logging_mixin.py:149} INFO - [2024-10-09T11:20:12.820+0700] {dagbag.py:541} INFO - Filling up the DagBag from /home/hasyidan/venv/lib/python3.8/site-packages/airflow/example_dags/example_branch_operator.py
[2024-10-09T11:20:12.865+0700] {processor.py:836} INFO - DAG(s) dict_keys(['example_branch_operator']) retrieved from /home/hasyidan/venv/lib/python3.8/site-packages/airflow/example_dags/example_branch_operator.py
[2024-10-09T11:20:12.958+0700] {logging_mixin.py:149} INFO - [2024-10-09T11:20:12.958+0700] {dag.py:2726} INFO - Sync 1 DAGs
[2024-10-09T11:20:13.048+0700] {logging_mixin.py:149} INFO - [2024-10-09T11:20:13.048+0700] {dag.py:3486} INFO - Setting next_dagrun for example_branch_operator to 2024-10-08T00:00:00+00:00, run_after=2024-10-09T00:00:00+00:00
[2024-10-09T11:20:13.242+0700] {processor.py:179} INFO - Processing /home/hasyidan/venv/lib/python3.8/site-packages/airflow/example_dags/example_branch_operator.py took 0.451 seconds
[2024-10-09T11:21:20.690+0700] {processor.py:157} INFO - Started process (PID=5629) to work on /home/hasyidan/venv/lib/python3.8/site-packages/airflow/example_dags/example_branch_operator.py
[2024-10-09T11:21:20.696+0700] {processor.py:826} INFO - Processing file /home/hasyidan/venv/lib/python3.8/site-packages/airflow/example_dags/example_branch_operator.py for tasks to queue
[2024-10-09T11:21:20.698+0700] {logging_mixin.py:149} INFO - [2024-10-09T11:21:20.698+0700] {dagbag.py:541} INFO - Filling up the DagBag from /home/hasyidan/venv/lib/python3.8/site-packages/airflow/example_dags/example_branch_operator.py
[2024-10-09T11:21:20.726+0700] {processor.py:836} INFO - DAG(s) dict_keys(['example_branch_operator']) retrieved from /home/hasyidan/venv/lib/python3.8/site-packages/airflow/example_dags/example_branch_operator.py
[2024-10-09T11:21:20.794+0700] {logging_mixin.py:149} INFO - [2024-10-09T11:21:20.794+0700] {dag.py:2726} INFO - Sync 1 DAGs
[2024-10-09T11:21:20.914+0700] {logging_mixin.py:149} INFO - [2024-10-09T11:21:20.914+0700] {dag.py:3486} INFO - Setting next_dagrun for example_branch_operator to 2024-10-08T00:00:00+00:00, run_after=2024-10-09T00:00:00+00:00
[2024-10-09T11:21:21.066+0700] {processor.py:179} INFO - Processing /home/hasyidan/venv/lib/python3.8/site-packages/airflow/example_dags/example_branch_operator.py took 0.385 seconds
[2024-10-09T11:22:25.516+0700] {processor.py:157} INFO - Started process (PID=5691) to work on /home/hasyidan/venv/lib/python3.8/site-packages/airflow/example_dags/example_branch_operator.py
[2024-10-09T11:22:25.555+0700] {processor.py:826} INFO - Processing file /home/hasyidan/venv/lib/python3.8/site-packages/airflow/example_dags/example_branch_operator.py for tasks to queue
[2024-10-09T11:22:25.557+0700] {logging_mixin.py:149} INFO - [2024-10-09T11:22:25.557+0700] {dagbag.py:541} INFO - Filling up the DagBag from /home/hasyidan/venv/lib/python3.8/site-packages/airflow/example_dags/example_branch_operator.py
[2024-10-09T11:22:25.590+0700] {processor.py:836} INFO - DAG(s) dict_keys(['example_branch_operator']) retrieved from /home/hasyidan/venv/lib/python3.8/site-packages/airflow/example_dags/example_branch_operator.py
[2024-10-09T11:22:25.673+0700] {logging_mixin.py:149} INFO - [2024-10-09T11:22:25.673+0700] {dag.py:2726} INFO - Sync 1 DAGs
[2024-10-09T11:22:25.766+0700] {logging_mixin.py:149} INFO - [2024-10-09T11:22:25.765+0700] {dag.py:3486} INFO - Setting next_dagrun for example_branch_operator to 2024-10-08T00:00:00+00:00, run_after=2024-10-09T00:00:00+00:00
[2024-10-09T11:22:26.043+0700] {processor.py:179} INFO - Processing /home/hasyidan/venv/lib/python3.8/site-packages/airflow/example_dags/example_branch_operator.py took 0.540 seconds
[2024-10-09T11:23:29.304+0700] {processor.py:157} INFO - Started process (PID=5753) to work on /home/hasyidan/venv/lib/python3.8/site-packages/airflow/example_dags/example_branch_operator.py
[2024-10-09T11:23:29.340+0700] {processor.py:826} INFO - Processing file /home/hasyidan/venv/lib/python3.8/site-packages/airflow/example_dags/example_branch_operator.py for tasks to queue
[2024-10-09T11:23:29.342+0700] {logging_mixin.py:149} INFO - [2024-10-09T11:23:29.341+0700] {dagbag.py:541} INFO - Filling up the DagBag from /home/hasyidan/venv/lib/python3.8/site-packages/airflow/example_dags/example_branch_operator.py
[2024-10-09T11:23:29.379+0700] {processor.py:836} INFO - DAG(s) dict_keys(['example_branch_operator']) retrieved from /home/hasyidan/venv/lib/python3.8/site-packages/airflow/example_dags/example_branch_operator.py
[2024-10-09T11:23:29.445+0700] {logging_mixin.py:149} INFO - [2024-10-09T11:23:29.444+0700] {dag.py:2726} INFO - Sync 1 DAGs
[2024-10-09T11:23:29.519+0700] {logging_mixin.py:149} INFO - [2024-10-09T11:23:29.519+0700] {dag.py:3486} INFO - Setting next_dagrun for example_branch_operator to 2024-10-08T00:00:00+00:00, run_after=2024-10-09T00:00:00+00:00
[2024-10-09T11:23:29.661+0700] {processor.py:179} INFO - Processing /home/hasyidan/venv/lib/python3.8/site-packages/airflow/example_dags/example_branch_operator.py took 0.367 seconds
[2024-10-09T11:24:36.184+0700] {processor.py:157} INFO - Started process (PID=5826) to work on /home/hasyidan/venv/lib/python3.8/site-packages/airflow/example_dags/example_branch_operator.py
[2024-10-09T11:24:36.193+0700] {processor.py:826} INFO - Processing file /home/hasyidan/venv/lib/python3.8/site-packages/airflow/example_dags/example_branch_operator.py for tasks to queue
[2024-10-09T11:24:36.195+0700] {logging_mixin.py:149} INFO - [2024-10-09T11:24:36.194+0700] {dagbag.py:541} INFO - Filling up the DagBag from /home/hasyidan/venv/lib/python3.8/site-packages/airflow/example_dags/example_branch_operator.py
[2024-10-09T11:24:36.234+0700] {processor.py:836} INFO - DAG(s) dict_keys(['example_branch_operator']) retrieved from /home/hasyidan/venv/lib/python3.8/site-packages/airflow/example_dags/example_branch_operator.py
[2024-10-09T11:24:36.364+0700] {logging_mixin.py:149} INFO - [2024-10-09T11:24:36.363+0700] {dag.py:2726} INFO - Sync 1 DAGs
[2024-10-09T11:24:36.445+0700] {logging_mixin.py:149} INFO - [2024-10-09T11:24:36.445+0700] {dag.py:3486} INFO - Setting next_dagrun for example_branch_operator to 2024-10-08T00:00:00+00:00, run_after=2024-10-09T00:00:00+00:00
[2024-10-09T11:24:36.588+0700] {processor.py:179} INFO - Processing /home/hasyidan/venv/lib/python3.8/site-packages/airflow/example_dags/example_branch_operator.py took 0.423 seconds
[2024-10-09T11:25:44.536+0700] {processor.py:157} INFO - Started process (PID=5901) to work on /home/hasyidan/venv/lib/python3.8/site-packages/airflow/example_dags/example_branch_operator.py
[2024-10-09T11:25:44.551+0700] {processor.py:826} INFO - Processing file /home/hasyidan/venv/lib/python3.8/site-packages/airflow/example_dags/example_branch_operator.py for tasks to queue
[2024-10-09T11:25:44.553+0700] {logging_mixin.py:149} INFO - [2024-10-09T11:25:44.553+0700] {dagbag.py:541} INFO - Filling up the DagBag from /home/hasyidan/venv/lib/python3.8/site-packages/airflow/example_dags/example_branch_operator.py
[2024-10-09T11:25:44.586+0700] {processor.py:836} INFO - DAG(s) dict_keys(['example_branch_operator']) retrieved from /home/hasyidan/venv/lib/python3.8/site-packages/airflow/example_dags/example_branch_operator.py
[2024-10-09T11:25:44.654+0700] {logging_mixin.py:149} INFO - [2024-10-09T11:25:44.654+0700] {dag.py:2726} INFO - Sync 1 DAGs
[2024-10-09T11:25:44.736+0700] {logging_mixin.py:149} INFO - [2024-10-09T11:25:44.736+0700] {dag.py:3486} INFO - Setting next_dagrun for example_branch_operator to 2024-10-08T00:00:00+00:00, run_after=2024-10-09T00:00:00+00:00
[2024-10-09T11:25:45.023+0700] {processor.py:179} INFO - Processing /home/hasyidan/venv/lib/python3.8/site-packages/airflow/example_dags/example_branch_operator.py took 0.497 seconds
[2024-10-09T11:28:45.062+0700] {processor.py:157} INFO - Started process (PID=6021) to work on /home/hasyidan/venv/lib/python3.8/site-packages/airflow/example_dags/example_branch_operator.py
[2024-10-09T11:28:45.080+0700] {processor.py:826} INFO - Processing file /home/hasyidan/venv/lib/python3.8/site-packages/airflow/example_dags/example_branch_operator.py for tasks to queue
[2024-10-09T11:28:45.083+0700] {logging_mixin.py:149} INFO - [2024-10-09T11:28:45.082+0700] {dagbag.py:541} INFO - Filling up the DagBag from /home/hasyidan/venv/lib/python3.8/site-packages/airflow/example_dags/example_branch_operator.py
[2024-10-09T11:28:45.123+0700] {processor.py:836} INFO - DAG(s) dict_keys(['example_branch_operator']) retrieved from /home/hasyidan/venv/lib/python3.8/site-packages/airflow/example_dags/example_branch_operator.py
[2024-10-09T11:28:45.205+0700] {logging_mixin.py:149} INFO - [2024-10-09T11:28:45.204+0700] {dag.py:2726} INFO - Sync 1 DAGs
[2024-10-09T11:28:45.291+0700] {logging_mixin.py:149} INFO - [2024-10-09T11:28:45.290+0700] {dag.py:3486} INFO - Setting next_dagrun for example_branch_operator to 2024-10-08T00:00:00+00:00, run_after=2024-10-09T00:00:00+00:00
[2024-10-09T11:28:45.943+0700] {processor.py:179} INFO - Processing /home/hasyidan/venv/lib/python3.8/site-packages/airflow/example_dags/example_branch_operator.py took 0.888 seconds
[2024-10-09T11:33:04.996+0700] {processor.py:157} INFO - Started process (PID=6318) to work on /home/hasyidan/venv/lib/python3.8/site-packages/airflow/example_dags/example_branch_operator.py
[2024-10-09T11:33:05.316+0700] {processor.py:826} INFO - Processing file /home/hasyidan/venv/lib/python3.8/site-packages/airflow/example_dags/example_branch_operator.py for tasks to queue
[2024-10-09T11:33:05.319+0700] {logging_mixin.py:149} INFO - [2024-10-09T11:33:05.318+0700] {dagbag.py:541} INFO - Filling up the DagBag from /home/hasyidan/venv/lib/python3.8/site-packages/airflow/example_dags/example_branch_operator.py
[2024-10-09T11:33:05.417+0700] {processor.py:836} INFO - DAG(s) dict_keys(['example_branch_operator']) retrieved from /home/hasyidan/venv/lib/python3.8/site-packages/airflow/example_dags/example_branch_operator.py
[2024-10-09T11:33:05.582+0700] {logging_mixin.py:149} INFO - [2024-10-09T11:33:05.581+0700] {dag.py:2726} INFO - Sync 1 DAGs
[2024-10-09T11:33:05.674+0700] {logging_mixin.py:149} INFO - [2024-10-09T11:33:05.674+0700] {dag.py:3486} INFO - Setting next_dagrun for example_branch_operator to 2024-10-08T00:00:00+00:00, run_after=2024-10-09T00:00:00+00:00
[2024-10-09T11:33:06.322+0700] {processor.py:179} INFO - Processing /home/hasyidan/venv/lib/python3.8/site-packages/airflow/example_dags/example_branch_operator.py took 1.337 seconds
[2024-10-09T11:35:53.265+0700] {processor.py:157} INFO - Started process (PID=6626) to work on /home/hasyidan/venv/lib/python3.8/site-packages/airflow/example_dags/example_branch_operator.py
[2024-10-09T11:35:53.329+0700] {processor.py:826} INFO - Processing file /home/hasyidan/venv/lib/python3.8/site-packages/airflow/example_dags/example_branch_operator.py for tasks to queue
[2024-10-09T11:35:53.333+0700] {logging_mixin.py:149} INFO - [2024-10-09T11:35:53.332+0700] {dagbag.py:541} INFO - Filling up the DagBag from /home/hasyidan/venv/lib/python3.8/site-packages/airflow/example_dags/example_branch_operator.py
[2024-10-09T11:35:53.396+0700] {processor.py:836} INFO - DAG(s) dict_keys(['example_branch_operator']) retrieved from /home/hasyidan/venv/lib/python3.8/site-packages/airflow/example_dags/example_branch_operator.py
[2024-10-09T11:35:53.445+0700] {logging_mixin.py:149} INFO - [2024-10-09T11:35:53.445+0700] {dag.py:2726} INFO - Sync 1 DAGs
[2024-10-09T11:35:53.500+0700] {logging_mixin.py:149} INFO - [2024-10-09T11:35:53.499+0700] {dag.py:3486} INFO - Setting next_dagrun for example_branch_operator to 2024-10-08T00:00:00+00:00, run_after=2024-10-09T00:00:00+00:00
[2024-10-09T11:35:53.775+0700] {processor.py:179} INFO - Processing /home/hasyidan/venv/lib/python3.8/site-packages/airflow/example_dags/example_branch_operator.py took 0.516 seconds
