[2024-10-09T10:58:29.391+0700] {processor.py:157} INFO - Started process (PID=3920) to work on /home/hasyidan/venv/lib/python3.8/site-packages/airflow/example_dags/example_short_circuit_decorator.py
[2024-10-09T10:58:29.393+0700] {processor.py:826} INFO - Processing file /home/hasyidan/venv/lib/python3.8/site-packages/airflow/example_dags/example_short_circuit_decorator.py for tasks to queue
[2024-10-09T10:58:29.394+0700] {logging_mixin.py:149} INFO - [2024-10-09T10:58:29.394+0700] {dagbag.py:541} INFO - Filling up the DagBag from /home/hasyidan/venv/lib/python3.8/site-packages/airflow/example_dags/example_short_circuit_decorator.py
[2024-10-09T10:58:29.511+0700] {processor.py:836} INFO - DAG(s) dict_keys(['example_short_circuit_decorator']) retrieved from /home/hasyidan/venv/lib/python3.8/site-packages/airflow/example_dags/example_short_circuit_decorator.py
[2024-10-09T10:58:29.555+0700] {logging_mixin.py:149} INFO - [2024-10-09T10:58:29.554+0700] {dag.py:2726} INFO - Sync 1 DAGs
[2024-10-09T10:58:29.609+0700] {logging_mixin.py:149} INFO - [2024-10-09T10:58:29.609+0700] {dag.py:3486} INFO - Setting next_dagrun for example_short_circuit_decorator to 2024-10-08T03:58:29.608625+00:00, run_after=2024-10-09T03:58:29.608625+00:00
[2024-10-09T10:58:30.073+0700] {processor.py:179} INFO - Processing /home/hasyidan/venv/lib/python3.8/site-packages/airflow/example_dags/example_short_circuit_decorator.py took 0.695 seconds
[2024-10-09T11:00:30.213+0700] {processor.py:157} INFO - Started process (PID=4009) to work on /home/hasyidan/venv/lib/python3.8/site-packages/airflow/example_dags/example_short_circuit_decorator.py
[2024-10-09T11:00:30.260+0700] {processor.py:826} INFO - Processing file /home/hasyidan/venv/lib/python3.8/site-packages/airflow/example_dags/example_short_circuit_decorator.py for tasks to queue
[2024-10-09T11:00:30.263+0700] {logging_mixin.py:149} INFO - [2024-10-09T11:00:30.261+0700] {dagbag.py:541} INFO - Filling up the DagBag from /home/hasyidan/venv/lib/python3.8/site-packages/airflow/example_dags/example_short_circuit_decorator.py
[2024-10-09T11:00:30.322+0700] {processor.py:836} INFO - DAG(s) dict_keys(['example_short_circuit_decorator']) retrieved from /home/hasyidan/venv/lib/python3.8/site-packages/airflow/example_dags/example_short_circuit_decorator.py
[2024-10-09T11:00:30.365+0700] {logging_mixin.py:149} INFO - [2024-10-09T11:00:30.365+0700] {dag.py:2726} INFO - Sync 1 DAGs
[2024-10-09T11:00:30.622+0700] {logging_mixin.py:149} INFO - [2024-10-09T11:00:30.622+0700] {dag.py:3486} INFO - Setting next_dagrun for example_short_circuit_decorator to 2024-10-08T04:00:30.622055+00:00, run_after=2024-10-09T04:00:30.622055+00:00
[2024-10-09T11:00:31.116+0700] {processor.py:179} INFO - Processing /home/hasyidan/venv/lib/python3.8/site-packages/airflow/example_dags/example_short_circuit_decorator.py took 0.909 seconds
[2024-10-09T11:01:39.396+0700] {processor.py:157} INFO - Started process (PID=4155) to work on /home/hasyidan/venv/lib/python3.8/site-packages/airflow/example_dags/example_short_circuit_decorator.py
[2024-10-09T11:01:39.397+0700] {processor.py:826} INFO - Processing file /home/hasyidan/venv/lib/python3.8/site-packages/airflow/example_dags/example_short_circuit_decorator.py for tasks to queue
[2024-10-09T11:01:39.399+0700] {logging_mixin.py:149} INFO - [2024-10-09T11:01:39.399+0700] {dagbag.py:541} INFO - Filling up the DagBag from /home/hasyidan/venv/lib/python3.8/site-packages/airflow/example_dags/example_short_circuit_decorator.py
[2024-10-09T11:01:39.418+0700] {processor.py:836} INFO - DAG(s) dict_keys(['example_short_circuit_decorator']) retrieved from /home/hasyidan/venv/lib/python3.8/site-packages/airflow/example_dags/example_short_circuit_decorator.py
[2024-10-09T11:01:39.672+0700] {logging_mixin.py:149} INFO - [2024-10-09T11:01:39.672+0700] {dag.py:2726} INFO - Sync 1 DAGs
[2024-10-09T11:01:39.716+0700] {logging_mixin.py:149} INFO - [2024-10-09T11:01:39.715+0700] {dag.py:3486} INFO - Setting next_dagrun for example_short_circuit_decorator to 2024-10-08T04:01:39.715590+00:00, run_after=2024-10-09T04:01:39.715590+00:00
[2024-10-09T11:01:39.881+0700] {processor.py:179} INFO - Processing /home/hasyidan/venv/lib/python3.8/site-packages/airflow/example_dags/example_short_circuit_decorator.py took 0.491 seconds
[2024-10-09T11:02:45.961+0700] {processor.py:157} INFO - Started process (PID=4217) to work on /home/hasyidan/venv/lib/python3.8/site-packages/airflow/example_dags/example_short_circuit_decorator.py
[2024-10-09T11:02:45.990+0700] {processor.py:826} INFO - Processing file /home/hasyidan/venv/lib/python3.8/site-packages/airflow/example_dags/example_short_circuit_decorator.py for tasks to queue
[2024-10-09T11:02:45.993+0700] {logging_mixin.py:149} INFO - [2024-10-09T11:02:45.992+0700] {dagbag.py:541} INFO - Filling up the DagBag from /home/hasyidan/venv/lib/python3.8/site-packages/airflow/example_dags/example_short_circuit_decorator.py
[2024-10-09T11:02:46.016+0700] {processor.py:836} INFO - DAG(s) dict_keys(['example_short_circuit_decorator']) retrieved from /home/hasyidan/venv/lib/python3.8/site-packages/airflow/example_dags/example_short_circuit_decorator.py
[2024-10-09T11:02:46.058+0700] {logging_mixin.py:149} INFO - [2024-10-09T11:02:46.057+0700] {dag.py:2726} INFO - Sync 1 DAGs
[2024-10-09T11:02:46.102+0700] {logging_mixin.py:149} INFO - [2024-10-09T11:02:46.101+0700] {dag.py:3486} INFO - Setting next_dagrun for example_short_circuit_decorator to 2024-10-08T04:02:46.101294+00:00, run_after=2024-10-09T04:02:46.101294+00:00
[2024-10-09T11:02:46.253+0700] {processor.py:179} INFO - Processing /home/hasyidan/venv/lib/python3.8/site-packages/airflow/example_dags/example_short_circuit_decorator.py took 0.299 seconds
[2024-10-09T11:03:44.822+0700] {processor.py:157} INFO - Started process (PID=4272) to work on /home/hasyidan/venv/lib/python3.8/site-packages/airflow/example_dags/example_short_circuit_decorator.py
[2024-10-09T11:03:44.878+0700] {processor.py:826} INFO - Processing file /home/hasyidan/venv/lib/python3.8/site-packages/airflow/example_dags/example_short_circuit_decorator.py for tasks to queue
[2024-10-09T11:03:44.880+0700] {logging_mixin.py:149} INFO - [2024-10-09T11:03:44.880+0700] {dagbag.py:541} INFO - Filling up the DagBag from /home/hasyidan/venv/lib/python3.8/site-packages/airflow/example_dags/example_short_circuit_decorator.py
[2024-10-09T11:03:44.900+0700] {processor.py:836} INFO - DAG(s) dict_keys(['example_short_circuit_decorator']) retrieved from /home/hasyidan/venv/lib/python3.8/site-packages/airflow/example_dags/example_short_circuit_decorator.py
[2024-10-09T11:03:44.942+0700] {logging_mixin.py:149} INFO - [2024-10-09T11:03:44.942+0700] {dag.py:2726} INFO - Sync 1 DAGs
[2024-10-09T11:03:44.985+0700] {logging_mixin.py:149} INFO - [2024-10-09T11:03:44.985+0700] {dag.py:3486} INFO - Setting next_dagrun for example_short_circuit_decorator to 2024-10-08T04:03:44.985014+00:00, run_after=2024-10-09T04:03:44.985014+00:00
[2024-10-09T11:03:45.130+0700] {processor.py:179} INFO - Processing /home/hasyidan/venv/lib/python3.8/site-packages/airflow/example_dags/example_short_circuit_decorator.py took 0.314 seconds
[2024-10-09T11:05:29.282+0700] {processor.py:157} INFO - Started process (PID=4358) to work on /home/hasyidan/venv/lib/python3.8/site-packages/airflow/example_dags/example_short_circuit_decorator.py
[2024-10-09T11:05:29.428+0700] {processor.py:826} INFO - Processing file /home/hasyidan/venv/lib/python3.8/site-packages/airflow/example_dags/example_short_circuit_decorator.py for tasks to queue
[2024-10-09T11:05:29.431+0700] {logging_mixin.py:149} INFO - [2024-10-09T11:05:29.430+0700] {dagbag.py:541} INFO - Filling up the DagBag from /home/hasyidan/venv/lib/python3.8/site-packages/airflow/example_dags/example_short_circuit_decorator.py
[2024-10-09T11:05:29.468+0700] {processor.py:836} INFO - DAG(s) dict_keys(['example_short_circuit_decorator']) retrieved from /home/hasyidan/venv/lib/python3.8/site-packages/airflow/example_dags/example_short_circuit_decorator.py
[2024-10-09T11:05:29.548+0700] {logging_mixin.py:149} INFO - [2024-10-09T11:05:29.548+0700] {dag.py:2726} INFO - Sync 1 DAGs
[2024-10-09T11:05:29.593+0700] {logging_mixin.py:149} INFO - [2024-10-09T11:05:29.593+0700] {dag.py:3486} INFO - Setting next_dagrun for example_short_circuit_decorator to 2024-10-08T04:05:29.592450+00:00, run_after=2024-10-09T04:05:29.592450+00:00
[2024-10-09T11:05:29.957+0700] {processor.py:179} INFO - Processing /home/hasyidan/venv/lib/python3.8/site-packages/airflow/example_dags/example_short_circuit_decorator.py took 0.681 seconds
[2024-10-09T11:07:00.107+0700] {processor.py:157} INFO - Started process (PID=4587) to work on /home/hasyidan/venv/lib/python3.8/site-packages/airflow/example_dags/example_short_circuit_decorator.py
[2024-10-09T11:07:00.126+0700] {processor.py:826} INFO - Processing file /home/hasyidan/venv/lib/python3.8/site-packages/airflow/example_dags/example_short_circuit_decorator.py for tasks to queue
[2024-10-09T11:07:00.129+0700] {logging_mixin.py:149} INFO - [2024-10-09T11:07:00.128+0700] {dagbag.py:541} INFO - Filling up the DagBag from /home/hasyidan/venv/lib/python3.8/site-packages/airflow/example_dags/example_short_circuit_decorator.py
[2024-10-09T11:07:00.152+0700] {processor.py:836} INFO - DAG(s) dict_keys(['example_short_circuit_decorator']) retrieved from /home/hasyidan/venv/lib/python3.8/site-packages/airflow/example_dags/example_short_circuit_decorator.py
[2024-10-09T11:07:00.207+0700] {logging_mixin.py:149} INFO - [2024-10-09T11:07:00.207+0700] {dag.py:2726} INFO - Sync 1 DAGs
[2024-10-09T11:07:00.249+0700] {logging_mixin.py:149} INFO - [2024-10-09T11:07:00.248+0700] {dag.py:3486} INFO - Setting next_dagrun for example_short_circuit_decorator to 2024-10-08T04:07:00.248403+00:00, run_after=2024-10-09T04:07:00.248403+00:00
[2024-10-09T11:07:00.385+0700] {processor.py:179} INFO - Processing /home/hasyidan/venv/lib/python3.8/site-packages/airflow/example_dags/example_short_circuit_decorator.py took 0.284 seconds
[2024-10-09T11:08:05.112+0700] {processor.py:157} INFO - Started process (PID=4660) to work on /home/hasyidan/venv/lib/python3.8/site-packages/airflow/example_dags/example_short_circuit_decorator.py
[2024-10-09T11:08:05.139+0700] {processor.py:826} INFO - Processing file /home/hasyidan/venv/lib/python3.8/site-packages/airflow/example_dags/example_short_circuit_decorator.py for tasks to queue
[2024-10-09T11:08:05.142+0700] {logging_mixin.py:149} INFO - [2024-10-09T11:08:05.141+0700] {dagbag.py:541} INFO - Filling up the DagBag from /home/hasyidan/venv/lib/python3.8/site-packages/airflow/example_dags/example_short_circuit_decorator.py
[2024-10-09T11:08:05.164+0700] {processor.py:836} INFO - DAG(s) dict_keys(['example_short_circuit_decorator']) retrieved from /home/hasyidan/venv/lib/python3.8/site-packages/airflow/example_dags/example_short_circuit_decorator.py
[2024-10-09T11:08:05.206+0700] {logging_mixin.py:149} INFO - [2024-10-09T11:08:05.205+0700] {dag.py:2726} INFO - Sync 1 DAGs
[2024-10-09T11:08:05.248+0700] {logging_mixin.py:149} INFO - [2024-10-09T11:08:05.248+0700] {dag.py:3486} INFO - Setting next_dagrun for example_short_circuit_decorator to 2024-10-08T04:08:05.248092+00:00, run_after=2024-10-09T04:08:05.248092+00:00
[2024-10-09T11:08:05.371+0700] {processor.py:179} INFO - Processing /home/hasyidan/venv/lib/python3.8/site-packages/airflow/example_dags/example_short_circuit_decorator.py took 0.266 seconds
[2024-10-09T11:09:02.380+0700] {processor.py:157} INFO - Started process (PID=4715) to work on /home/hasyidan/venv/lib/python3.8/site-packages/airflow/example_dags/example_short_circuit_decorator.py
[2024-10-09T11:09:02.394+0700] {processor.py:826} INFO - Processing file /home/hasyidan/venv/lib/python3.8/site-packages/airflow/example_dags/example_short_circuit_decorator.py for tasks to queue
[2024-10-09T11:09:02.397+0700] {logging_mixin.py:149} INFO - [2024-10-09T11:09:02.396+0700] {dagbag.py:541} INFO - Filling up the DagBag from /home/hasyidan/venv/lib/python3.8/site-packages/airflow/example_dags/example_short_circuit_decorator.py
[2024-10-09T11:09:02.416+0700] {processor.py:836} INFO - DAG(s) dict_keys(['example_short_circuit_decorator']) retrieved from /home/hasyidan/venv/lib/python3.8/site-packages/airflow/example_dags/example_short_circuit_decorator.py
[2024-10-09T11:09:02.458+0700] {logging_mixin.py:149} INFO - [2024-10-09T11:09:02.457+0700] {dag.py:2726} INFO - Sync 1 DAGs
[2024-10-09T11:09:02.503+0700] {logging_mixin.py:149} INFO - [2024-10-09T11:09:02.503+0700] {dag.py:3486} INFO - Setting next_dagrun for example_short_circuit_decorator to 2024-10-08T04:09:02.502989+00:00, run_after=2024-10-09T04:09:02.502989+00:00
[2024-10-09T11:09:02.650+0700] {processor.py:179} INFO - Processing /home/hasyidan/venv/lib/python3.8/site-packages/airflow/example_dags/example_short_circuit_decorator.py took 0.277 seconds
[2024-10-09T11:09:55.611+0700] {processor.py:157} INFO - Started process (PID=4769) to work on /home/hasyidan/venv/lib/python3.8/site-packages/airflow/example_dags/example_short_circuit_decorator.py
[2024-10-09T11:09:55.620+0700] {processor.py:826} INFO - Processing file /home/hasyidan/venv/lib/python3.8/site-packages/airflow/example_dags/example_short_circuit_decorator.py for tasks to queue
[2024-10-09T11:09:55.621+0700] {logging_mixin.py:149} INFO - [2024-10-09T11:09:55.621+0700] {dagbag.py:541} INFO - Filling up the DagBag from /home/hasyidan/venv/lib/python3.8/site-packages/airflow/example_dags/example_short_circuit_decorator.py
[2024-10-09T11:09:55.644+0700] {processor.py:836} INFO - DAG(s) dict_keys(['example_short_circuit_decorator']) retrieved from /home/hasyidan/venv/lib/python3.8/site-packages/airflow/example_dags/example_short_circuit_decorator.py
[2024-10-09T11:09:55.687+0700] {logging_mixin.py:149} INFO - [2024-10-09T11:09:55.686+0700] {dag.py:2726} INFO - Sync 1 DAGs
[2024-10-09T11:09:55.729+0700] {logging_mixin.py:149} INFO - [2024-10-09T11:09:55.729+0700] {dag.py:3486} INFO - Setting next_dagrun for example_short_circuit_decorator to 2024-10-08T04:09:55.728773+00:00, run_after=2024-10-09T04:09:55.728773+00:00
[2024-10-09T11:09:55.857+0700] {processor.py:179} INFO - Processing /home/hasyidan/venv/lib/python3.8/site-packages/airflow/example_dags/example_short_circuit_decorator.py took 0.253 seconds
[2024-10-09T11:10:46.470+0700] {processor.py:157} INFO - Started process (PID=4827) to work on /home/hasyidan/venv/lib/python3.8/site-packages/airflow/example_dags/example_short_circuit_decorator.py
[2024-10-09T11:10:46.539+0700] {processor.py:826} INFO - Processing file /home/hasyidan/venv/lib/python3.8/site-packages/airflow/example_dags/example_short_circuit_decorator.py for tasks to queue
[2024-10-09T11:10:46.540+0700] {logging_mixin.py:149} INFO - [2024-10-09T11:10:46.540+0700] {dagbag.py:541} INFO - Filling up the DagBag from /home/hasyidan/venv/lib/python3.8/site-packages/airflow/example_dags/example_short_circuit_decorator.py
[2024-10-09T11:10:46.561+0700] {processor.py:836} INFO - DAG(s) dict_keys(['example_short_circuit_decorator']) retrieved from /home/hasyidan/venv/lib/python3.8/site-packages/airflow/example_dags/example_short_circuit_decorator.py
[2024-10-09T11:10:46.603+0700] {logging_mixin.py:149} INFO - [2024-10-09T11:10:46.602+0700] {dag.py:2726} INFO - Sync 1 DAGs
[2024-10-09T11:10:46.648+0700] {logging_mixin.py:149} INFO - [2024-10-09T11:10:46.647+0700] {dag.py:3486} INFO - Setting next_dagrun for example_short_circuit_decorator to 2024-10-08T04:10:46.647285+00:00, run_after=2024-10-09T04:10:46.647285+00:00
[2024-10-09T11:10:46.786+0700] {processor.py:179} INFO - Processing /home/hasyidan/venv/lib/python3.8/site-packages/airflow/example_dags/example_short_circuit_decorator.py took 0.322 seconds
[2024-10-09T11:11:40.626+0700] {processor.py:157} INFO - Started process (PID=4886) to work on /home/hasyidan/venv/lib/python3.8/site-packages/airflow/example_dags/example_short_circuit_decorator.py
[2024-10-09T11:11:40.687+0700] {processor.py:826} INFO - Processing file /home/hasyidan/venv/lib/python3.8/site-packages/airflow/example_dags/example_short_circuit_decorator.py for tasks to queue
[2024-10-09T11:11:40.689+0700] {logging_mixin.py:149} INFO - [2024-10-09T11:11:40.688+0700] {dagbag.py:541} INFO - Filling up the DagBag from /home/hasyidan/venv/lib/python3.8/site-packages/airflow/example_dags/example_short_circuit_decorator.py
[2024-10-09T11:11:40.709+0700] {processor.py:836} INFO - DAG(s) dict_keys(['example_short_circuit_decorator']) retrieved from /home/hasyidan/venv/lib/python3.8/site-packages/airflow/example_dags/example_short_circuit_decorator.py
[2024-10-09T11:11:40.781+0700] {logging_mixin.py:149} INFO - [2024-10-09T11:11:40.781+0700] {dag.py:2726} INFO - Sync 1 DAGs
[2024-10-09T11:11:40.824+0700] {logging_mixin.py:149} INFO - [2024-10-09T11:11:40.823+0700] {dag.py:3486} INFO - Setting next_dagrun for example_short_circuit_decorator to 2024-10-08T04:11:40.823261+00:00, run_after=2024-10-09T04:11:40.823261+00:00
[2024-10-09T11:11:40.988+0700] {processor.py:179} INFO - Processing /home/hasyidan/venv/lib/python3.8/site-packages/airflow/example_dags/example_short_circuit_decorator.py took 0.368 seconds
[2024-10-09T11:12:33.307+0700] {processor.py:157} INFO - Started process (PID=4943) to work on /home/hasyidan/venv/lib/python3.8/site-packages/airflow/example_dags/example_short_circuit_decorator.py
[2024-10-09T11:12:33.319+0700] {processor.py:826} INFO - Processing file /home/hasyidan/venv/lib/python3.8/site-packages/airflow/example_dags/example_short_circuit_decorator.py for tasks to queue
[2024-10-09T11:12:33.321+0700] {logging_mixin.py:149} INFO - [2024-10-09T11:12:33.320+0700] {dagbag.py:541} INFO - Filling up the DagBag from /home/hasyidan/venv/lib/python3.8/site-packages/airflow/example_dags/example_short_circuit_decorator.py
[2024-10-09T11:12:33.342+0700] {processor.py:836} INFO - DAG(s) dict_keys(['example_short_circuit_decorator']) retrieved from /home/hasyidan/venv/lib/python3.8/site-packages/airflow/example_dags/example_short_circuit_decorator.py
[2024-10-09T11:12:33.384+0700] {logging_mixin.py:149} INFO - [2024-10-09T11:12:33.383+0700] {dag.py:2726} INFO - Sync 1 DAGs
[2024-10-09T11:12:33.428+0700] {logging_mixin.py:149} INFO - [2024-10-09T11:12:33.428+0700] {dag.py:3486} INFO - Setting next_dagrun for example_short_circuit_decorator to 2024-10-08T04:12:33.427768+00:00, run_after=2024-10-09T04:12:33.427768+00:00
[2024-10-09T11:12:33.545+0700] {processor.py:179} INFO - Processing /home/hasyidan/venv/lib/python3.8/site-packages/airflow/example_dags/example_short_circuit_decorator.py took 0.245 seconds
[2024-10-09T11:13:27.543+0700] {processor.py:157} INFO - Started process (PID=4997) to work on /home/hasyidan/venv/lib/python3.8/site-packages/airflow/example_dags/example_short_circuit_decorator.py
[2024-10-09T11:13:27.557+0700] {processor.py:826} INFO - Processing file /home/hasyidan/venv/lib/python3.8/site-packages/airflow/example_dags/example_short_circuit_decorator.py for tasks to queue
[2024-10-09T11:13:27.559+0700] {logging_mixin.py:149} INFO - [2024-10-09T11:13:27.558+0700] {dagbag.py:541} INFO - Filling up the DagBag from /home/hasyidan/venv/lib/python3.8/site-packages/airflow/example_dags/example_short_circuit_decorator.py
[2024-10-09T11:13:27.580+0700] {processor.py:836} INFO - DAG(s) dict_keys(['example_short_circuit_decorator']) retrieved from /home/hasyidan/venv/lib/python3.8/site-packages/airflow/example_dags/example_short_circuit_decorator.py
[2024-10-09T11:13:27.622+0700] {logging_mixin.py:149} INFO - [2024-10-09T11:13:27.622+0700] {dag.py:2726} INFO - Sync 1 DAGs
[2024-10-09T11:13:27.665+0700] {logging_mixin.py:149} INFO - [2024-10-09T11:13:27.664+0700] {dag.py:3486} INFO - Setting next_dagrun for example_short_circuit_decorator to 2024-10-08T04:13:27.664158+00:00, run_after=2024-10-09T04:13:27.664158+00:00
[2024-10-09T11:13:27.796+0700] {processor.py:179} INFO - Processing /home/hasyidan/venv/lib/python3.8/site-packages/airflow/example_dags/example_short_circuit_decorator.py took 0.260 seconds
[2024-10-09T11:14:28.810+0700] {processor.py:157} INFO - Started process (PID=5089) to work on /home/hasyidan/venv/lib/python3.8/site-packages/airflow/example_dags/example_short_circuit_decorator.py
[2024-10-09T11:14:29.482+0700] {processor.py:826} INFO - Processing file /home/hasyidan/venv/lib/python3.8/site-packages/airflow/example_dags/example_short_circuit_decorator.py for tasks to queue
[2024-10-09T11:14:29.485+0700] {logging_mixin.py:149} INFO - [2024-10-09T11:14:29.484+0700] {dagbag.py:541} INFO - Filling up the DagBag from /home/hasyidan/venv/lib/python3.8/site-packages/airflow/example_dags/example_short_circuit_decorator.py
[2024-10-09T11:14:30.020+0700] {processor.py:836} INFO - DAG(s) dict_keys(['example_short_circuit_decorator']) retrieved from /home/hasyidan/venv/lib/python3.8/site-packages/airflow/example_dags/example_short_circuit_decorator.py
[2024-10-09T11:14:31.335+0700] {logging_mixin.py:149} INFO - [2024-10-09T11:14:31.334+0700] {dag.py:2726} INFO - Sync 1 DAGs
[2024-10-09T11:14:32.589+0700] {logging_mixin.py:149} INFO - [2024-10-09T11:14:32.589+0700] {dag.py:3486} INFO - Setting next_dagrun for example_short_circuit_decorator to 2024-10-08T04:14:32.585280+00:00, run_after=2024-10-09T04:14:32.585280+00:00
[2024-10-09T11:14:33.948+0700] {processor.py:179} INFO - Processing /home/hasyidan/venv/lib/python3.8/site-packages/airflow/example_dags/example_short_circuit_decorator.py took 5.144 seconds
[2024-10-09T11:15:52.626+0700] {processor.py:157} INFO - Started process (PID=5292) to work on /home/hasyidan/venv/lib/python3.8/site-packages/airflow/example_dags/example_short_circuit_decorator.py
[2024-10-09T11:15:52.639+0700] {processor.py:826} INFO - Processing file /home/hasyidan/venv/lib/python3.8/site-packages/airflow/example_dags/example_short_circuit_decorator.py for tasks to queue
[2024-10-09T11:15:52.642+0700] {logging_mixin.py:149} INFO - [2024-10-09T11:15:52.641+0700] {dagbag.py:541} INFO - Filling up the DagBag from /home/hasyidan/venv/lib/python3.8/site-packages/airflow/example_dags/example_short_circuit_decorator.py
[2024-10-09T11:15:52.673+0700] {processor.py:836} INFO - DAG(s) dict_keys(['example_short_circuit_decorator']) retrieved from /home/hasyidan/venv/lib/python3.8/site-packages/airflow/example_dags/example_short_circuit_decorator.py
[2024-10-09T11:15:52.754+0700] {logging_mixin.py:149} INFO - [2024-10-09T11:15:52.753+0700] {dag.py:2726} INFO - Sync 1 DAGs
[2024-10-09T11:15:52.818+0700] {logging_mixin.py:149} INFO - [2024-10-09T11:15:52.818+0700] {dag.py:3486} INFO - Setting next_dagrun for example_short_circuit_decorator to 2024-10-08T04:15:52.817951+00:00, run_after=2024-10-09T04:15:52.817951+00:00
[2024-10-09T11:15:52.965+0700] {processor.py:179} INFO - Processing /home/hasyidan/venv/lib/python3.8/site-packages/airflow/example_dags/example_short_circuit_decorator.py took 0.346 seconds
[2024-10-09T11:16:43.800+0700] {processor.py:157} INFO - Started process (PID=5341) to work on /home/hasyidan/venv/lib/python3.8/site-packages/airflow/example_dags/example_short_circuit_decorator.py
[2024-10-09T11:16:43.811+0700] {processor.py:826} INFO - Processing file /home/hasyidan/venv/lib/python3.8/site-packages/airflow/example_dags/example_short_circuit_decorator.py for tasks to queue
[2024-10-09T11:16:43.813+0700] {logging_mixin.py:149} INFO - [2024-10-09T11:16:43.812+0700] {dagbag.py:541} INFO - Filling up the DagBag from /home/hasyidan/venv/lib/python3.8/site-packages/airflow/example_dags/example_short_circuit_decorator.py
[2024-10-09T11:16:43.847+0700] {processor.py:836} INFO - DAG(s) dict_keys(['example_short_circuit_decorator']) retrieved from /home/hasyidan/venv/lib/python3.8/site-packages/airflow/example_dags/example_short_circuit_decorator.py
[2024-10-09T11:16:43.966+0700] {logging_mixin.py:149} INFO - [2024-10-09T11:16:43.965+0700] {dag.py:2726} INFO - Sync 1 DAGs
[2024-10-09T11:16:44.059+0700] {logging_mixin.py:149} INFO - [2024-10-09T11:16:44.059+0700] {dag.py:3486} INFO - Setting next_dagrun for example_short_circuit_decorator to 2024-10-08T04:16:44.058585+00:00, run_after=2024-10-09T04:16:44.058585+00:00
[2024-10-09T11:16:44.262+0700] {processor.py:179} INFO - Processing /home/hasyidan/venv/lib/python3.8/site-packages/airflow/example_dags/example_short_circuit_decorator.py took 0.469 seconds
[2024-10-09T11:17:53.463+0700] {processor.py:157} INFO - Started process (PID=5412) to work on /home/hasyidan/venv/lib/python3.8/site-packages/airflow/example_dags/example_short_circuit_decorator.py
[2024-10-09T11:17:53.471+0700] {processor.py:826} INFO - Processing file /home/hasyidan/venv/lib/python3.8/site-packages/airflow/example_dags/example_short_circuit_decorator.py for tasks to queue
[2024-10-09T11:17:53.474+0700] {logging_mixin.py:149} INFO - [2024-10-09T11:17:53.473+0700] {dagbag.py:541} INFO - Filling up the DagBag from /home/hasyidan/venv/lib/python3.8/site-packages/airflow/example_dags/example_short_circuit_decorator.py
[2024-10-09T11:17:53.514+0700] {processor.py:836} INFO - DAG(s) dict_keys(['example_short_circuit_decorator']) retrieved from /home/hasyidan/venv/lib/python3.8/site-packages/airflow/example_dags/example_short_circuit_decorator.py
[2024-10-09T11:17:53.602+0700] {logging_mixin.py:149} INFO - [2024-10-09T11:17:53.601+0700] {dag.py:2726} INFO - Sync 1 DAGs
[2024-10-09T11:17:53.698+0700] {logging_mixin.py:149} INFO - [2024-10-09T11:17:53.697+0700] {dag.py:3486} INFO - Setting next_dagrun for example_short_circuit_decorator to 2024-10-08T04:17:53.697380+00:00, run_after=2024-10-09T04:17:53.697380+00:00
[2024-10-09T11:17:53.878+0700] {processor.py:179} INFO - Processing /home/hasyidan/venv/lib/python3.8/site-packages/airflow/example_dags/example_short_circuit_decorator.py took 0.424 seconds
[2024-10-09T11:18:59.878+0700] {processor.py:157} INFO - Started process (PID=5478) to work on /home/hasyidan/venv/lib/python3.8/site-packages/airflow/example_dags/example_short_circuit_decorator.py
[2024-10-09T11:18:59.917+0700] {processor.py:826} INFO - Processing file /home/hasyidan/venv/lib/python3.8/site-packages/airflow/example_dags/example_short_circuit_decorator.py for tasks to queue
[2024-10-09T11:18:59.919+0700] {logging_mixin.py:149} INFO - [2024-10-09T11:18:59.918+0700] {dagbag.py:541} INFO - Filling up the DagBag from /home/hasyidan/venv/lib/python3.8/site-packages/airflow/example_dags/example_short_circuit_decorator.py
[2024-10-09T11:18:59.951+0700] {processor.py:836} INFO - DAG(s) dict_keys(['example_short_circuit_decorator']) retrieved from /home/hasyidan/venv/lib/python3.8/site-packages/airflow/example_dags/example_short_circuit_decorator.py
[2024-10-09T11:19:00.012+0700] {logging_mixin.py:149} INFO - [2024-10-09T11:19:00.012+0700] {dag.py:2726} INFO - Sync 1 DAGs
[2024-10-09T11:19:00.076+0700] {logging_mixin.py:149} INFO - [2024-10-09T11:19:00.075+0700] {dag.py:3486} INFO - Setting next_dagrun for example_short_circuit_decorator to 2024-10-08T04:19:00.075035+00:00, run_after=2024-10-09T04:19:00.075035+00:00
[2024-10-09T11:19:00.226+0700] {processor.py:179} INFO - Processing /home/hasyidan/venv/lib/python3.8/site-packages/airflow/example_dags/example_short_circuit_decorator.py took 0.356 seconds
[2024-10-09T11:20:01.244+0700] {processor.py:157} INFO - Started process (PID=5546) to work on /home/hasyidan/venv/lib/python3.8/site-packages/airflow/example_dags/example_short_circuit_decorator.py
[2024-10-09T11:20:01.274+0700] {processor.py:826} INFO - Processing file /home/hasyidan/venv/lib/python3.8/site-packages/airflow/example_dags/example_short_circuit_decorator.py for tasks to queue
[2024-10-09T11:20:01.276+0700] {logging_mixin.py:149} INFO - [2024-10-09T11:20:01.276+0700] {dagbag.py:541} INFO - Filling up the DagBag from /home/hasyidan/venv/lib/python3.8/site-packages/airflow/example_dags/example_short_circuit_decorator.py
[2024-10-09T11:20:01.313+0700] {processor.py:836} INFO - DAG(s) dict_keys(['example_short_circuit_decorator']) retrieved from /home/hasyidan/venv/lib/python3.8/site-packages/airflow/example_dags/example_short_circuit_decorator.py
[2024-10-09T11:20:01.394+0700] {logging_mixin.py:149} INFO - [2024-10-09T11:20:01.393+0700] {dag.py:2726} INFO - Sync 1 DAGs
[2024-10-09T11:20:01.492+0700] {logging_mixin.py:149} INFO - [2024-10-09T11:20:01.491+0700] {dag.py:3486} INFO - Setting next_dagrun for example_short_circuit_decorator to 2024-10-08T04:20:01.490850+00:00, run_after=2024-10-09T04:20:01.490850+00:00
[2024-10-09T11:20:01.777+0700] {processor.py:179} INFO - Processing /home/hasyidan/venv/lib/python3.8/site-packages/airflow/example_dags/example_short_circuit_decorator.py took 0.542 seconds
[2024-10-09T11:21:08.394+0700] {processor.py:157} INFO - Started process (PID=5618) to work on /home/hasyidan/venv/lib/python3.8/site-packages/airflow/example_dags/example_short_circuit_decorator.py
[2024-10-09T11:21:08.418+0700] {processor.py:826} INFO - Processing file /home/hasyidan/venv/lib/python3.8/site-packages/airflow/example_dags/example_short_circuit_decorator.py for tasks to queue
[2024-10-09T11:21:08.420+0700] {logging_mixin.py:149} INFO - [2024-10-09T11:21:08.420+0700] {dagbag.py:541} INFO - Filling up the DagBag from /home/hasyidan/venv/lib/python3.8/site-packages/airflow/example_dags/example_short_circuit_decorator.py
[2024-10-09T11:21:08.452+0700] {processor.py:836} INFO - DAG(s) dict_keys(['example_short_circuit_decorator']) retrieved from /home/hasyidan/venv/lib/python3.8/site-packages/airflow/example_dags/example_short_circuit_decorator.py
[2024-10-09T11:21:08.512+0700] {logging_mixin.py:149} INFO - [2024-10-09T11:21:08.512+0700] {dag.py:2726} INFO - Sync 1 DAGs
[2024-10-09T11:21:08.573+0700] {logging_mixin.py:149} INFO - [2024-10-09T11:21:08.573+0700] {dag.py:3486} INFO - Setting next_dagrun for example_short_circuit_decorator to 2024-10-08T04:21:08.572590+00:00, run_after=2024-10-09T04:21:08.572590+00:00
[2024-10-09T11:21:08.718+0700] {processor.py:179} INFO - Processing /home/hasyidan/venv/lib/python3.8/site-packages/airflow/example_dags/example_short_circuit_decorator.py took 0.332 seconds
[2024-10-09T11:22:15.003+0700] {processor.py:157} INFO - Started process (PID=5681) to work on /home/hasyidan/venv/lib/python3.8/site-packages/airflow/example_dags/example_short_circuit_decorator.py
[2024-10-09T11:22:15.019+0700] {processor.py:826} INFO - Processing file /home/hasyidan/venv/lib/python3.8/site-packages/airflow/example_dags/example_short_circuit_decorator.py for tasks to queue
[2024-10-09T11:22:15.022+0700] {logging_mixin.py:149} INFO - [2024-10-09T11:22:15.022+0700] {dagbag.py:541} INFO - Filling up the DagBag from /home/hasyidan/venv/lib/python3.8/site-packages/airflow/example_dags/example_short_circuit_decorator.py
[2024-10-09T11:22:15.054+0700] {processor.py:836} INFO - DAG(s) dict_keys(['example_short_circuit_decorator']) retrieved from /home/hasyidan/venv/lib/python3.8/site-packages/airflow/example_dags/example_short_circuit_decorator.py
[2024-10-09T11:22:15.145+0700] {logging_mixin.py:149} INFO - [2024-10-09T11:22:15.144+0700] {dag.py:2726} INFO - Sync 1 DAGs
[2024-10-09T11:22:15.227+0700] {logging_mixin.py:149} INFO - [2024-10-09T11:22:15.227+0700] {dag.py:3486} INFO - Setting next_dagrun for example_short_circuit_decorator to 2024-10-08T04:22:15.226991+00:00, run_after=2024-10-09T04:22:15.226991+00:00
[2024-10-09T11:22:15.393+0700] {processor.py:179} INFO - Processing /home/hasyidan/venv/lib/python3.8/site-packages/airflow/example_dags/example_short_circuit_decorator.py took 0.399 seconds
[2024-10-09T11:23:16.817+0700] {processor.py:157} INFO - Started process (PID=5744) to work on /home/hasyidan/venv/lib/python3.8/site-packages/airflow/example_dags/example_short_circuit_decorator.py
[2024-10-09T11:23:16.837+0700] {processor.py:826} INFO - Processing file /home/hasyidan/venv/lib/python3.8/site-packages/airflow/example_dags/example_short_circuit_decorator.py for tasks to queue
[2024-10-09T11:23:16.839+0700] {logging_mixin.py:149} INFO - [2024-10-09T11:23:16.839+0700] {dagbag.py:541} INFO - Filling up the DagBag from /home/hasyidan/venv/lib/python3.8/site-packages/airflow/example_dags/example_short_circuit_decorator.py
[2024-10-09T11:23:16.878+0700] {processor.py:836} INFO - DAG(s) dict_keys(['example_short_circuit_decorator']) retrieved from /home/hasyidan/venv/lib/python3.8/site-packages/airflow/example_dags/example_short_circuit_decorator.py
[2024-10-09T11:23:16.970+0700] {logging_mixin.py:149} INFO - [2024-10-09T11:23:16.969+0700] {dag.py:2726} INFO - Sync 1 DAGs
[2024-10-09T11:23:17.057+0700] {logging_mixin.py:149} INFO - [2024-10-09T11:23:17.057+0700] {dag.py:3486} INFO - Setting next_dagrun for example_short_circuit_decorator to 2024-10-08T04:23:17.056981+00:00, run_after=2024-10-09T04:23:17.056981+00:00
[2024-10-09T11:23:17.250+0700] {processor.py:179} INFO - Processing /home/hasyidan/venv/lib/python3.8/site-packages/airflow/example_dags/example_short_circuit_decorator.py took 0.445 seconds
[2024-10-09T11:24:23.728+0700] {processor.py:157} INFO - Started process (PID=5810) to work on /home/hasyidan/venv/lib/python3.8/site-packages/airflow/example_dags/example_short_circuit_decorator.py
[2024-10-09T11:24:23.754+0700] {processor.py:826} INFO - Processing file /home/hasyidan/venv/lib/python3.8/site-packages/airflow/example_dags/example_short_circuit_decorator.py for tasks to queue
[2024-10-09T11:24:23.758+0700] {logging_mixin.py:149} INFO - [2024-10-09T11:24:23.757+0700] {dagbag.py:541} INFO - Filling up the DagBag from /home/hasyidan/venv/lib/python3.8/site-packages/airflow/example_dags/example_short_circuit_decorator.py
[2024-10-09T11:24:23.792+0700] {processor.py:836} INFO - DAG(s) dict_keys(['example_short_circuit_decorator']) retrieved from /home/hasyidan/venv/lib/python3.8/site-packages/airflow/example_dags/example_short_circuit_decorator.py
[2024-10-09T11:24:23.880+0700] {logging_mixin.py:149} INFO - [2024-10-09T11:24:23.880+0700] {dag.py:2726} INFO - Sync 1 DAGs
[2024-10-09T11:24:23.958+0700] {logging_mixin.py:149} INFO - [2024-10-09T11:24:23.957+0700] {dag.py:3486} INFO - Setting next_dagrun for example_short_circuit_decorator to 2024-10-08T04:24:23.957153+00:00, run_after=2024-10-09T04:24:23.957153+00:00
[2024-10-09T11:24:24.098+0700] {processor.py:179} INFO - Processing /home/hasyidan/venv/lib/python3.8/site-packages/airflow/example_dags/example_short_circuit_decorator.py took 0.384 seconds
[2024-10-09T11:25:32.029+0700] {processor.py:157} INFO - Started process (PID=5884) to work on /home/hasyidan/venv/lib/python3.8/site-packages/airflow/example_dags/example_short_circuit_decorator.py
[2024-10-09T11:25:32.047+0700] {processor.py:826} INFO - Processing file /home/hasyidan/venv/lib/python3.8/site-packages/airflow/example_dags/example_short_circuit_decorator.py for tasks to queue
[2024-10-09T11:25:32.049+0700] {logging_mixin.py:149} INFO - [2024-10-09T11:25:32.048+0700] {dagbag.py:541} INFO - Filling up the DagBag from /home/hasyidan/venv/lib/python3.8/site-packages/airflow/example_dags/example_short_circuit_decorator.py
[2024-10-09T11:25:32.082+0700] {processor.py:836} INFO - DAG(s) dict_keys(['example_short_circuit_decorator']) retrieved from /home/hasyidan/venv/lib/python3.8/site-packages/airflow/example_dags/example_short_circuit_decorator.py
[2024-10-09T11:25:32.156+0700] {logging_mixin.py:149} INFO - [2024-10-09T11:25:32.156+0700] {dag.py:2726} INFO - Sync 1 DAGs
[2024-10-09T11:25:32.254+0700] {logging_mixin.py:149} INFO - [2024-10-09T11:25:32.254+0700] {dag.py:3486} INFO - Setting next_dagrun for example_short_circuit_decorator to 2024-10-08T04:25:32.253563+00:00, run_after=2024-10-09T04:25:32.253563+00:00
[2024-10-09T11:25:32.437+0700] {processor.py:179} INFO - Processing /home/hasyidan/venv/lib/python3.8/site-packages/airflow/example_dags/example_short_circuit_decorator.py took 0.420 seconds
[2024-10-09T11:27:36.665+0700] {processor.py:157} INFO - Started process (PID=5979) to work on /home/hasyidan/venv/lib/python3.8/site-packages/airflow/example_dags/example_short_circuit_decorator.py
[2024-10-09T11:27:36.741+0700] {processor.py:826} INFO - Processing file /home/hasyidan/venv/lib/python3.8/site-packages/airflow/example_dags/example_short_circuit_decorator.py for tasks to queue
[2024-10-09T11:27:36.742+0700] {logging_mixin.py:149} INFO - [2024-10-09T11:27:36.742+0700] {dagbag.py:541} INFO - Filling up the DagBag from /home/hasyidan/venv/lib/python3.8/site-packages/airflow/example_dags/example_short_circuit_decorator.py
[2024-10-09T11:27:36.784+0700] {processor.py:836} INFO - DAG(s) dict_keys(['example_short_circuit_decorator']) retrieved from /home/hasyidan/venv/lib/python3.8/site-packages/airflow/example_dags/example_short_circuit_decorator.py
[2024-10-09T11:27:36.974+0700] {logging_mixin.py:149} INFO - [2024-10-09T11:27:36.973+0700] {dag.py:2726} INFO - Sync 1 DAGs
[2024-10-09T11:27:37.231+0700] {logging_mixin.py:149} INFO - [2024-10-09T11:27:37.229+0700] {dag.py:3486} INFO - Setting next_dagrun for example_short_circuit_decorator to 2024-10-08T04:27:37.223795+00:00, run_after=2024-10-09T04:27:37.223795+00:00
[2024-10-09T11:27:38.207+0700] {processor.py:179} INFO - Processing /home/hasyidan/venv/lib/python3.8/site-packages/airflow/example_dags/example_short_circuit_decorator.py took 1.554 seconds
[2024-10-09T11:29:22.335+0700] {processor.py:157} INFO - Started process (PID=6047) to work on /home/hasyidan/venv/lib/python3.8/site-packages/airflow/example_dags/example_short_circuit_decorator.py
[2024-10-09T11:29:22.363+0700] {processor.py:826} INFO - Processing file /home/hasyidan/venv/lib/python3.8/site-packages/airflow/example_dags/example_short_circuit_decorator.py for tasks to queue
[2024-10-09T11:29:22.366+0700] {logging_mixin.py:149} INFO - [2024-10-09T11:29:22.365+0700] {dagbag.py:541} INFO - Filling up the DagBag from /home/hasyidan/venv/lib/python3.8/site-packages/airflow/example_dags/example_short_circuit_decorator.py
[2024-10-09T11:29:22.476+0700] {processor.py:836} INFO - DAG(s) dict_keys(['example_short_circuit_decorator']) retrieved from /home/hasyidan/venv/lib/python3.8/site-packages/airflow/example_dags/example_short_circuit_decorator.py
[2024-10-09T11:29:22.525+0700] {logging_mixin.py:149} INFO - [2024-10-09T11:29:22.525+0700] {dag.py:2726} INFO - Sync 1 DAGs
[2024-10-09T11:29:22.859+0700] {logging_mixin.py:149} INFO - [2024-10-09T11:29:22.858+0700] {dag.py:3486} INFO - Setting next_dagrun for example_short_circuit_decorator to 2024-10-08T04:29:22.858520+00:00, run_after=2024-10-09T04:29:22.858520+00:00
[2024-10-09T11:29:23.089+0700] {processor.py:179} INFO - Processing /home/hasyidan/venv/lib/python3.8/site-packages/airflow/example_dags/example_short_circuit_decorator.py took 0.764 seconds
[2024-10-09T11:30:54.544+0700] {processor.py:157} INFO - Started process (PID=6121) to work on /home/hasyidan/venv/lib/python3.8/site-packages/airflow/example_dags/example_short_circuit_decorator.py
[2024-10-09T11:30:54.674+0700] {processor.py:826} INFO - Processing file /home/hasyidan/venv/lib/python3.8/site-packages/airflow/example_dags/example_short_circuit_decorator.py for tasks to queue
[2024-10-09T11:30:54.676+0700] {logging_mixin.py:149} INFO - [2024-10-09T11:30:54.675+0700] {dagbag.py:541} INFO - Filling up the DagBag from /home/hasyidan/venv/lib/python3.8/site-packages/airflow/example_dags/example_short_circuit_decorator.py
[2024-10-09T11:30:54.770+0700] {processor.py:836} INFO - DAG(s) dict_keys(['example_short_circuit_decorator']) retrieved from /home/hasyidan/venv/lib/python3.8/site-packages/airflow/example_dags/example_short_circuit_decorator.py
[2024-10-09T11:30:55.095+0700] {logging_mixin.py:149} INFO - [2024-10-09T11:30:55.095+0700] {dag.py:2726} INFO - Sync 1 DAGs
[2024-10-09T11:30:55.143+0700] {logging_mixin.py:149} INFO - [2024-10-09T11:30:55.143+0700] {dag.py:3486} INFO - Setting next_dagrun for example_short_circuit_decorator to 2024-10-08T04:30:55.142707+00:00, run_after=2024-10-09T04:30:55.142707+00:00
[2024-10-09T11:30:55.501+0700] {processor.py:179} INFO - Processing /home/hasyidan/venv/lib/python3.8/site-packages/airflow/example_dags/example_short_circuit_decorator.py took 0.963 seconds
[2024-10-09T11:33:55.418+0700] {processor.py:157} INFO - Started process (PID=6484) to work on /home/hasyidan/venv/lib/python3.8/site-packages/airflow/example_dags/example_short_circuit_decorator.py
[2024-10-09T11:33:55.547+0700] {processor.py:826} INFO - Processing file /home/hasyidan/venv/lib/python3.8/site-packages/airflow/example_dags/example_short_circuit_decorator.py for tasks to queue
[2024-10-09T11:33:55.550+0700] {logging_mixin.py:149} INFO - [2024-10-09T11:33:55.549+0700] {dagbag.py:541} INFO - Filling up the DagBag from /home/hasyidan/venv/lib/python3.8/site-packages/airflow/example_dags/example_short_circuit_decorator.py
[2024-10-09T11:33:55.674+0700] {processor.py:836} INFO - DAG(s) dict_keys(['example_short_circuit_decorator']) retrieved from /home/hasyidan/venv/lib/python3.8/site-packages/airflow/example_dags/example_short_circuit_decorator.py
[2024-10-09T11:33:57.913+0700] {logging_mixin.py:149} INFO - [2024-10-09T11:33:57.912+0700] {dag.py:2726} INFO - Sync 1 DAGs
[2024-10-09T11:33:57.968+0700] {logging_mixin.py:149} INFO - [2024-10-09T11:33:57.967+0700] {dag.py:3486} INFO - Setting next_dagrun for example_short_circuit_decorator to 2024-10-08T04:33:57.966783+00:00, run_after=2024-10-09T04:33:57.966783+00:00
[2024-10-09T11:33:59.617+0700] {processor.py:179} INFO - Processing /home/hasyidan/venv/lib/python3.8/site-packages/airflow/example_dags/example_short_circuit_decorator.py took 4.205 seconds
[2024-10-09T11:35:27.457+0700] {processor.py:157} INFO - Started process (PID=6592) to work on /home/hasyidan/venv/lib/python3.8/site-packages/airflow/example_dags/example_short_circuit_decorator.py
[2024-10-09T11:35:27.479+0700] {processor.py:826} INFO - Processing file /home/hasyidan/venv/lib/python3.8/site-packages/airflow/example_dags/example_short_circuit_decorator.py for tasks to queue
[2024-10-09T11:35:27.482+0700] {logging_mixin.py:149} INFO - [2024-10-09T11:35:27.481+0700] {dagbag.py:541} INFO - Filling up the DagBag from /home/hasyidan/venv/lib/python3.8/site-packages/airflow/example_dags/example_short_circuit_decorator.py
[2024-10-09T11:35:27.541+0700] {processor.py:836} INFO - DAG(s) dict_keys(['example_short_circuit_decorator']) retrieved from /home/hasyidan/venv/lib/python3.8/site-packages/airflow/example_dags/example_short_circuit_decorator.py
[2024-10-09T11:35:27.595+0700] {logging_mixin.py:149} INFO - [2024-10-09T11:35:27.595+0700] {dag.py:2726} INFO - Sync 1 DAGs
[2024-10-09T11:35:27.653+0700] {logging_mixin.py:149} INFO - [2024-10-09T11:35:27.652+0700] {dag.py:3486} INFO - Setting next_dagrun for example_short_circuit_decorator to 2024-10-08T04:35:27.651558+00:00, run_after=2024-10-09T04:35:27.651558+00:00
[2024-10-09T11:35:27.886+0700] {processor.py:179} INFO - Processing /home/hasyidan/venv/lib/python3.8/site-packages/airflow/example_dags/example_short_circuit_decorator.py took 0.436 seconds
[2024-10-09T11:39:06.320+0700] {processor.py:157} INFO - Started process (PID=6860) to work on /home/hasyidan/venv/lib/python3.8/site-packages/airflow/example_dags/example_short_circuit_decorator.py
[2024-10-09T11:39:08.510+0700] {processor.py:826} INFO - Processing file /home/hasyidan/venv/lib/python3.8/site-packages/airflow/example_dags/example_short_circuit_decorator.py for tasks to queue
[2024-10-09T11:39:08.513+0700] {logging_mixin.py:149} INFO - [2024-10-09T11:39:08.512+0700] {dagbag.py:541} INFO - Filling up the DagBag from /home/hasyidan/venv/lib/python3.8/site-packages/airflow/example_dags/example_short_circuit_decorator.py
[2024-10-09T11:39:08.633+0700] {processor.py:836} INFO - DAG(s) dict_keys(['example_short_circuit_decorator']) retrieved from /home/hasyidan/venv/lib/python3.8/site-packages/airflow/example_dags/example_short_circuit_decorator.py
[2024-10-09T11:39:08.726+0700] {logging_mixin.py:149} INFO - [2024-10-09T11:39:08.726+0700] {dag.py:2726} INFO - Sync 1 DAGs
[2024-10-09T11:39:10.530+0700] {logging_mixin.py:149} INFO - [2024-10-09T11:39:10.529+0700] {dag.py:3486} INFO - Setting next_dagrun for example_short_circuit_decorator to 2024-10-08T04:39:10.522534+00:00, run_after=2024-10-09T04:39:10.522534+00:00
[2024-10-09T11:39:13.085+0700] {processor.py:179} INFO - Processing /home/hasyidan/venv/lib/python3.8/site-packages/airflow/example_dags/example_short_circuit_decorator.py took 6.773 seconds
