[2024-10-09T10:59:07.220+0700] {processor.py:157} INFO - Started process (PID=3946) to work on /home/hasyidan/venv/lib/python3.8/site-packages/airflow/example_dags/example_nested_branch_dag.py
[2024-10-09T10:59:07.222+0700] {processor.py:826} INFO - Processing file /home/hasyidan/venv/lib/python3.8/site-packages/airflow/example_dags/example_nested_branch_dag.py for tasks to queue
[2024-10-09T10:59:07.223+0700] {logging_mixin.py:149} INFO - [2024-10-09T10:59:07.223+0700] {dagbag.py:541} INFO - Filling up the DagBag from /home/hasyidan/venv/lib/python3.8/site-packages/airflow/example_dags/example_nested_branch_dag.py
[2024-10-09T10:59:07.276+0700] {processor.py:836} INFO - DAG(s) dict_keys(['example_nested_branch_dag']) retrieved from /home/hasyidan/venv/lib/python3.8/site-packages/airflow/example_dags/example_nested_branch_dag.py
[2024-10-09T10:59:07.321+0700] {logging_mixin.py:149} INFO - [2024-10-09T10:59:07.320+0700] {dag.py:2726} INFO - Sync 1 DAGs
[2024-10-09T10:59:07.367+0700] {logging_mixin.py:149} INFO - [2024-10-09T10:59:07.366+0700] {dag.py:3486} INFO - Setting next_dagrun for example_nested_branch_dag to 2024-10-08T00:00:00+00:00, run_after=2024-10-09T00:00:00+00:00
[2024-10-09T10:59:07.775+0700] {processor.py:179} INFO - Processing /home/hasyidan/venv/lib/python3.8/site-packages/airflow/example_dags/example_nested_branch_dag.py took 0.560 seconds
[2024-10-09T11:01:07.177+0700] {processor.py:157} INFO - Started process (PID=4126) to work on /home/hasyidan/venv/lib/python3.8/site-packages/airflow/example_dags/example_nested_branch_dag.py
[2024-10-09T11:01:07.206+0700] {processor.py:826} INFO - Processing file /home/hasyidan/venv/lib/python3.8/site-packages/airflow/example_dags/example_nested_branch_dag.py for tasks to queue
[2024-10-09T11:01:07.208+0700] {logging_mixin.py:149} INFO - [2024-10-09T11:01:07.208+0700] {dagbag.py:541} INFO - Filling up the DagBag from /home/hasyidan/venv/lib/python3.8/site-packages/airflow/example_dags/example_nested_branch_dag.py
[2024-10-09T11:01:07.309+0700] {processor.py:836} INFO - DAG(s) dict_keys(['example_nested_branch_dag']) retrieved from /home/hasyidan/venv/lib/python3.8/site-packages/airflow/example_dags/example_nested_branch_dag.py
[2024-10-09T11:01:07.354+0700] {logging_mixin.py:149} INFO - [2024-10-09T11:01:07.354+0700] {dag.py:2726} INFO - Sync 1 DAGs
[2024-10-09T11:01:07.660+0700] {logging_mixin.py:149} INFO - [2024-10-09T11:01:07.659+0700] {dag.py:3486} INFO - Setting next_dagrun for example_nested_branch_dag to 2024-10-08T00:00:00+00:00, run_after=2024-10-09T00:00:00+00:00
[2024-10-09T11:01:08.142+0700] {processor.py:179} INFO - Processing /home/hasyidan/venv/lib/python3.8/site-packages/airflow/example_dags/example_nested_branch_dag.py took 0.972 seconds
[2024-10-09T11:02:27.160+0700] {processor.py:157} INFO - Started process (PID=4198) to work on /home/hasyidan/venv/lib/python3.8/site-packages/airflow/example_dags/example_nested_branch_dag.py
[2024-10-09T11:02:27.162+0700] {processor.py:826} INFO - Processing file /home/hasyidan/venv/lib/python3.8/site-packages/airflow/example_dags/example_nested_branch_dag.py for tasks to queue
[2024-10-09T11:02:27.164+0700] {logging_mixin.py:149} INFO - [2024-10-09T11:02:27.163+0700] {dagbag.py:541} INFO - Filling up the DagBag from /home/hasyidan/venv/lib/python3.8/site-packages/airflow/example_dags/example_nested_branch_dag.py
[2024-10-09T11:02:27.183+0700] {processor.py:836} INFO - DAG(s) dict_keys(['example_nested_branch_dag']) retrieved from /home/hasyidan/venv/lib/python3.8/site-packages/airflow/example_dags/example_nested_branch_dag.py
[2024-10-09T11:02:27.223+0700] {logging_mixin.py:149} INFO - [2024-10-09T11:02:27.223+0700] {dag.py:2726} INFO - Sync 1 DAGs
[2024-10-09T11:02:27.272+0700] {logging_mixin.py:149} INFO - [2024-10-09T11:02:27.272+0700] {dag.py:3486} INFO - Setting next_dagrun for example_nested_branch_dag to 2024-10-08T00:00:00+00:00, run_after=2024-10-09T00:00:00+00:00
[2024-10-09T11:02:27.422+0700] {processor.py:179} INFO - Processing /home/hasyidan/venv/lib/python3.8/site-packages/airflow/example_dags/example_nested_branch_dag.py took 0.268 seconds
[2024-10-09T11:03:25.581+0700] {processor.py:157} INFO - Started process (PID=4253) to work on /home/hasyidan/venv/lib/python3.8/site-packages/airflow/example_dags/example_nested_branch_dag.py
[2024-10-09T11:03:25.606+0700] {processor.py:826} INFO - Processing file /home/hasyidan/venv/lib/python3.8/site-packages/airflow/example_dags/example_nested_branch_dag.py for tasks to queue
[2024-10-09T11:03:25.608+0700] {logging_mixin.py:149} INFO - [2024-10-09T11:03:25.607+0700] {dagbag.py:541} INFO - Filling up the DagBag from /home/hasyidan/venv/lib/python3.8/site-packages/airflow/example_dags/example_nested_branch_dag.py
[2024-10-09T11:03:25.630+0700] {processor.py:836} INFO - DAG(s) dict_keys(['example_nested_branch_dag']) retrieved from /home/hasyidan/venv/lib/python3.8/site-packages/airflow/example_dags/example_nested_branch_dag.py
[2024-10-09T11:03:25.670+0700] {logging_mixin.py:149} INFO - [2024-10-09T11:03:25.670+0700] {dag.py:2726} INFO - Sync 1 DAGs
[2024-10-09T11:03:25.716+0700] {logging_mixin.py:149} INFO - [2024-10-09T11:03:25.715+0700] {dag.py:3486} INFO - Setting next_dagrun for example_nested_branch_dag to 2024-10-08T00:00:00+00:00, run_after=2024-10-09T00:00:00+00:00
[2024-10-09T11:03:25.823+0700] {processor.py:179} INFO - Processing /home/hasyidan/venv/lib/python3.8/site-packages/airflow/example_dags/example_nested_branch_dag.py took 0.249 seconds
[2024-10-09T11:04:22.928+0700] {processor.py:157} INFO - Started process (PID=4309) to work on /home/hasyidan/venv/lib/python3.8/site-packages/airflow/example_dags/example_nested_branch_dag.py
[2024-10-09T11:04:22.951+0700] {processor.py:826} INFO - Processing file /home/hasyidan/venv/lib/python3.8/site-packages/airflow/example_dags/example_nested_branch_dag.py for tasks to queue
[2024-10-09T11:04:22.954+0700] {logging_mixin.py:149} INFO - [2024-10-09T11:04:22.953+0700] {dagbag.py:541} INFO - Filling up the DagBag from /home/hasyidan/venv/lib/python3.8/site-packages/airflow/example_dags/example_nested_branch_dag.py
[2024-10-09T11:04:22.976+0700] {processor.py:836} INFO - DAG(s) dict_keys(['example_nested_branch_dag']) retrieved from /home/hasyidan/venv/lib/python3.8/site-packages/airflow/example_dags/example_nested_branch_dag.py
[2024-10-09T11:04:23.017+0700] {logging_mixin.py:149} INFO - [2024-10-09T11:04:23.017+0700] {dag.py:2726} INFO - Sync 1 DAGs
[2024-10-09T11:04:23.067+0700] {logging_mixin.py:149} INFO - [2024-10-09T11:04:23.067+0700] {dag.py:3486} INFO - Setting next_dagrun for example_nested_branch_dag to 2024-10-08T00:00:00+00:00, run_after=2024-10-09T00:00:00+00:00
[2024-10-09T11:04:23.305+0700] {processor.py:179} INFO - Processing /home/hasyidan/venv/lib/python3.8/site-packages/airflow/example_dags/example_nested_branch_dag.py took 0.383 seconds
[2024-10-09T11:07:17.824+0700] {processor.py:157} INFO - Started process (PID=4609) to work on /home/hasyidan/venv/lib/python3.8/site-packages/airflow/example_dags/example_nested_branch_dag.py
[2024-10-09T11:07:17.837+0700] {processor.py:826} INFO - Processing file /home/hasyidan/venv/lib/python3.8/site-packages/airflow/example_dags/example_nested_branch_dag.py for tasks to queue
[2024-10-09T11:07:17.840+0700] {logging_mixin.py:149} INFO - [2024-10-09T11:07:17.839+0700] {dagbag.py:541} INFO - Filling up the DagBag from /home/hasyidan/venv/lib/python3.8/site-packages/airflow/example_dags/example_nested_branch_dag.py
[2024-10-09T11:07:17.862+0700] {processor.py:836} INFO - DAG(s) dict_keys(['example_nested_branch_dag']) retrieved from /home/hasyidan/venv/lib/python3.8/site-packages/airflow/example_dags/example_nested_branch_dag.py
[2024-10-09T11:07:17.916+0700] {logging_mixin.py:149} INFO - [2024-10-09T11:07:17.916+0700] {dag.py:2726} INFO - Sync 1 DAGs
[2024-10-09T11:07:17.964+0700] {logging_mixin.py:149} INFO - [2024-10-09T11:07:17.964+0700] {dag.py:3486} INFO - Setting next_dagrun for example_nested_branch_dag to 2024-10-08T00:00:00+00:00, run_after=2024-10-09T00:00:00+00:00
[2024-10-09T11:07:18.089+0700] {processor.py:179} INFO - Processing /home/hasyidan/venv/lib/python3.8/site-packages/airflow/example_dags/example_nested_branch_dag.py took 0.272 seconds
[2024-10-09T11:08:21.579+0700] {processor.py:157} INFO - Started process (PID=4678) to work on /home/hasyidan/venv/lib/python3.8/site-packages/airflow/example_dags/example_nested_branch_dag.py
[2024-10-09T11:08:21.602+0700] {processor.py:826} INFO - Processing file /home/hasyidan/venv/lib/python3.8/site-packages/airflow/example_dags/example_nested_branch_dag.py for tasks to queue
[2024-10-09T11:08:21.604+0700] {logging_mixin.py:149} INFO - [2024-10-09T11:08:21.604+0700] {dagbag.py:541} INFO - Filling up the DagBag from /home/hasyidan/venv/lib/python3.8/site-packages/airflow/example_dags/example_nested_branch_dag.py
[2024-10-09T11:08:21.660+0700] {processor.py:836} INFO - DAG(s) dict_keys(['example_nested_branch_dag']) retrieved from /home/hasyidan/venv/lib/python3.8/site-packages/airflow/example_dags/example_nested_branch_dag.py
[2024-10-09T11:08:21.700+0700] {logging_mixin.py:149} INFO - [2024-10-09T11:08:21.700+0700] {dag.py:2726} INFO - Sync 1 DAGs
[2024-10-09T11:08:21.745+0700] {logging_mixin.py:149} INFO - [2024-10-09T11:08:21.745+0700] {dag.py:3486} INFO - Setting next_dagrun for example_nested_branch_dag to 2024-10-08T00:00:00+00:00, run_after=2024-10-09T00:00:00+00:00
[2024-10-09T11:08:21.870+0700] {processor.py:179} INFO - Processing /home/hasyidan/venv/lib/python3.8/site-packages/airflow/example_dags/example_nested_branch_dag.py took 0.296 seconds
[2024-10-09T11:09:19.261+0700] {processor.py:157} INFO - Started process (PID=4733) to work on /home/hasyidan/venv/lib/python3.8/site-packages/airflow/example_dags/example_nested_branch_dag.py
[2024-10-09T11:09:19.276+0700] {processor.py:826} INFO - Processing file /home/hasyidan/venv/lib/python3.8/site-packages/airflow/example_dags/example_nested_branch_dag.py for tasks to queue
[2024-10-09T11:09:19.279+0700] {logging_mixin.py:149} INFO - [2024-10-09T11:09:19.278+0700] {dagbag.py:541} INFO - Filling up the DagBag from /home/hasyidan/venv/lib/python3.8/site-packages/airflow/example_dags/example_nested_branch_dag.py
[2024-10-09T11:09:19.301+0700] {processor.py:836} INFO - DAG(s) dict_keys(['example_nested_branch_dag']) retrieved from /home/hasyidan/venv/lib/python3.8/site-packages/airflow/example_dags/example_nested_branch_dag.py
[2024-10-09T11:09:19.342+0700] {logging_mixin.py:149} INFO - [2024-10-09T11:09:19.341+0700] {dag.py:2726} INFO - Sync 1 DAGs
[2024-10-09T11:09:19.389+0700] {logging_mixin.py:149} INFO - [2024-10-09T11:09:19.388+0700] {dag.py:3486} INFO - Setting next_dagrun for example_nested_branch_dag to 2024-10-08T00:00:00+00:00, run_after=2024-10-09T00:00:00+00:00
[2024-10-09T11:09:19.501+0700] {processor.py:179} INFO - Processing /home/hasyidan/venv/lib/python3.8/site-packages/airflow/example_dags/example_nested_branch_dag.py took 0.247 seconds
[2024-10-09T11:10:12.218+0700] {processor.py:157} INFO - Started process (PID=4782) to work on /home/hasyidan/venv/lib/python3.8/site-packages/airflow/example_dags/example_nested_branch_dag.py
[2024-10-09T11:10:12.236+0700] {processor.py:826} INFO - Processing file /home/hasyidan/venv/lib/python3.8/site-packages/airflow/example_dags/example_nested_branch_dag.py for tasks to queue
[2024-10-09T11:10:12.239+0700] {logging_mixin.py:149} INFO - [2024-10-09T11:10:12.238+0700] {dagbag.py:541} INFO - Filling up the DagBag from /home/hasyidan/venv/lib/python3.8/site-packages/airflow/example_dags/example_nested_branch_dag.py
[2024-10-09T11:10:12.260+0700] {processor.py:836} INFO - DAG(s) dict_keys(['example_nested_branch_dag']) retrieved from /home/hasyidan/venv/lib/python3.8/site-packages/airflow/example_dags/example_nested_branch_dag.py
[2024-10-09T11:10:12.300+0700] {logging_mixin.py:149} INFO - [2024-10-09T11:10:12.300+0700] {dag.py:2726} INFO - Sync 1 DAGs
[2024-10-09T11:10:12.345+0700] {logging_mixin.py:149} INFO - [2024-10-09T11:10:12.345+0700] {dag.py:3486} INFO - Setting next_dagrun for example_nested_branch_dag to 2024-10-08T00:00:00+00:00, run_after=2024-10-09T00:00:00+00:00
[2024-10-09T11:10:12.474+0700] {processor.py:179} INFO - Processing /home/hasyidan/venv/lib/python3.8/site-packages/airflow/example_dags/example_nested_branch_dag.py took 0.261 seconds
[2024-10-09T11:11:02.170+0700] {processor.py:157} INFO - Started process (PID=4842) to work on /home/hasyidan/venv/lib/python3.8/site-packages/airflow/example_dags/example_nested_branch_dag.py
[2024-10-09T11:11:02.203+0700] {processor.py:826} INFO - Processing file /home/hasyidan/venv/lib/python3.8/site-packages/airflow/example_dags/example_nested_branch_dag.py for tasks to queue
[2024-10-09T11:11:02.204+0700] {logging_mixin.py:149} INFO - [2024-10-09T11:11:02.204+0700] {dagbag.py:541} INFO - Filling up the DagBag from /home/hasyidan/venv/lib/python3.8/site-packages/airflow/example_dags/example_nested_branch_dag.py
[2024-10-09T11:11:02.223+0700] {processor.py:836} INFO - DAG(s) dict_keys(['example_nested_branch_dag']) retrieved from /home/hasyidan/venv/lib/python3.8/site-packages/airflow/example_dags/example_nested_branch_dag.py
[2024-10-09T11:11:02.265+0700] {logging_mixin.py:149} INFO - [2024-10-09T11:11:02.265+0700] {dag.py:2726} INFO - Sync 1 DAGs
[2024-10-09T11:11:02.311+0700] {logging_mixin.py:149} INFO - [2024-10-09T11:11:02.310+0700] {dag.py:3486} INFO - Setting next_dagrun for example_nested_branch_dag to 2024-10-08T00:00:00+00:00, run_after=2024-10-09T00:00:00+00:00
[2024-10-09T11:11:02.422+0700] {processor.py:179} INFO - Processing /home/hasyidan/venv/lib/python3.8/site-packages/airflow/example_dags/example_nested_branch_dag.py took 0.258 seconds
[2024-10-09T11:11:57.686+0700] {processor.py:157} INFO - Started process (PID=4901) to work on /home/hasyidan/venv/lib/python3.8/site-packages/airflow/example_dags/example_nested_branch_dag.py
[2024-10-09T11:11:57.695+0700] {processor.py:826} INFO - Processing file /home/hasyidan/venv/lib/python3.8/site-packages/airflow/example_dags/example_nested_branch_dag.py for tasks to queue
[2024-10-09T11:11:57.697+0700] {logging_mixin.py:149} INFO - [2024-10-09T11:11:57.696+0700] {dagbag.py:541} INFO - Filling up the DagBag from /home/hasyidan/venv/lib/python3.8/site-packages/airflow/example_dags/example_nested_branch_dag.py
[2024-10-09T11:11:57.720+0700] {processor.py:836} INFO - DAG(s) dict_keys(['example_nested_branch_dag']) retrieved from /home/hasyidan/venv/lib/python3.8/site-packages/airflow/example_dags/example_nested_branch_dag.py
[2024-10-09T11:11:57.760+0700] {logging_mixin.py:149} INFO - [2024-10-09T11:11:57.759+0700] {dag.py:2726} INFO - Sync 1 DAGs
[2024-10-09T11:11:57.805+0700] {logging_mixin.py:149} INFO - [2024-10-09T11:11:57.805+0700] {dag.py:3486} INFO - Setting next_dagrun for example_nested_branch_dag to 2024-10-08T00:00:00+00:00, run_after=2024-10-09T00:00:00+00:00
[2024-10-09T11:11:57.928+0700] {processor.py:179} INFO - Processing /home/hasyidan/venv/lib/python3.8/site-packages/airflow/example_dags/example_nested_branch_dag.py took 0.249 seconds
[2024-10-09T11:12:49.472+0700] {processor.py:157} INFO - Started process (PID=4960) to work on /home/hasyidan/venv/lib/python3.8/site-packages/airflow/example_dags/example_nested_branch_dag.py
[2024-10-09T11:12:49.484+0700] {processor.py:826} INFO - Processing file /home/hasyidan/venv/lib/python3.8/site-packages/airflow/example_dags/example_nested_branch_dag.py for tasks to queue
[2024-10-09T11:12:49.486+0700] {logging_mixin.py:149} INFO - [2024-10-09T11:12:49.485+0700] {dagbag.py:541} INFO - Filling up the DagBag from /home/hasyidan/venv/lib/python3.8/site-packages/airflow/example_dags/example_nested_branch_dag.py
[2024-10-09T11:12:49.508+0700] {processor.py:836} INFO - DAG(s) dict_keys(['example_nested_branch_dag']) retrieved from /home/hasyidan/venv/lib/python3.8/site-packages/airflow/example_dags/example_nested_branch_dag.py
[2024-10-09T11:12:49.550+0700] {logging_mixin.py:149} INFO - [2024-10-09T11:12:49.550+0700] {dag.py:2726} INFO - Sync 1 DAGs
[2024-10-09T11:12:49.596+0700] {logging_mixin.py:149} INFO - [2024-10-09T11:12:49.595+0700] {dag.py:3486} INFO - Setting next_dagrun for example_nested_branch_dag to 2024-10-08T00:00:00+00:00, run_after=2024-10-09T00:00:00+00:00
[2024-10-09T11:12:49.725+0700] {processor.py:179} INFO - Processing /home/hasyidan/venv/lib/python3.8/site-packages/airflow/example_dags/example_nested_branch_dag.py took 0.259 seconds
[2024-10-09T11:13:43.772+0700] {processor.py:157} INFO - Started process (PID=5017) to work on /home/hasyidan/venv/lib/python3.8/site-packages/airflow/example_dags/example_nested_branch_dag.py
[2024-10-09T11:13:43.791+0700] {processor.py:826} INFO - Processing file /home/hasyidan/venv/lib/python3.8/site-packages/airflow/example_dags/example_nested_branch_dag.py for tasks to queue
[2024-10-09T11:13:43.794+0700] {logging_mixin.py:149} INFO - [2024-10-09T11:13:43.794+0700] {dagbag.py:541} INFO - Filling up the DagBag from /home/hasyidan/venv/lib/python3.8/site-packages/airflow/example_dags/example_nested_branch_dag.py
[2024-10-09T11:13:43.816+0700] {processor.py:836} INFO - DAG(s) dict_keys(['example_nested_branch_dag']) retrieved from /home/hasyidan/venv/lib/python3.8/site-packages/airflow/example_dags/example_nested_branch_dag.py
[2024-10-09T11:13:43.861+0700] {logging_mixin.py:149} INFO - [2024-10-09T11:13:43.860+0700] {dag.py:2726} INFO - Sync 1 DAGs
[2024-10-09T11:13:43.911+0700] {logging_mixin.py:149} INFO - [2024-10-09T11:13:43.910+0700] {dag.py:3486} INFO - Setting next_dagrun for example_nested_branch_dag to 2024-10-08T00:00:00+00:00, run_after=2024-10-09T00:00:00+00:00
[2024-10-09T11:13:44.055+0700] {processor.py:179} INFO - Processing /home/hasyidan/venv/lib/python3.8/site-packages/airflow/example_dags/example_nested_branch_dag.py took 0.290 seconds
[2024-10-09T11:15:07.466+0700] {processor.py:157} INFO - Started process (PID=5117) to work on /home/hasyidan/venv/lib/python3.8/site-packages/airflow/example_dags/example_nested_branch_dag.py
[2024-10-09T11:15:07.552+0700] {processor.py:826} INFO - Processing file /home/hasyidan/venv/lib/python3.8/site-packages/airflow/example_dags/example_nested_branch_dag.py for tasks to queue
[2024-10-09T11:15:07.555+0700] {logging_mixin.py:149} INFO - [2024-10-09T11:15:07.554+0700] {dagbag.py:541} INFO - Filling up the DagBag from /home/hasyidan/venv/lib/python3.8/site-packages/airflow/example_dags/example_nested_branch_dag.py
[2024-10-09T11:15:07.931+0700] {processor.py:836} INFO - DAG(s) dict_keys(['example_nested_branch_dag']) retrieved from /home/hasyidan/venv/lib/python3.8/site-packages/airflow/example_dags/example_nested_branch_dag.py
[2024-10-09T11:15:07.972+0700] {logging_mixin.py:149} INFO - [2024-10-09T11:15:07.972+0700] {dag.py:2726} INFO - Sync 1 DAGs
[2024-10-09T11:15:08.020+0700] {logging_mixin.py:149} INFO - [2024-10-09T11:15:08.019+0700] {dag.py:3486} INFO - Setting next_dagrun for example_nested_branch_dag to 2024-10-08T00:00:00+00:00, run_after=2024-10-09T00:00:00+00:00
[2024-10-09T11:15:11.027+0700] {processor.py:179} INFO - Processing /home/hasyidan/venv/lib/python3.8/site-packages/airflow/example_dags/example_nested_branch_dag.py took 3.570 seconds
[2024-10-09T11:16:49.026+0700] {processor.py:157} INFO - Started process (PID=5346) to work on /home/hasyidan/venv/lib/python3.8/site-packages/airflow/example_dags/example_nested_branch_dag.py
[2024-10-09T11:16:49.040+0700] {processor.py:826} INFO - Processing file /home/hasyidan/venv/lib/python3.8/site-packages/airflow/example_dags/example_nested_branch_dag.py for tasks to queue
[2024-10-09T11:16:49.042+0700] {logging_mixin.py:149} INFO - [2024-10-09T11:16:49.042+0700] {dagbag.py:541} INFO - Filling up the DagBag from /home/hasyidan/venv/lib/python3.8/site-packages/airflow/example_dags/example_nested_branch_dag.py
[2024-10-09T11:16:49.075+0700] {processor.py:836} INFO - DAG(s) dict_keys(['example_nested_branch_dag']) retrieved from /home/hasyidan/venv/lib/python3.8/site-packages/airflow/example_dags/example_nested_branch_dag.py
[2024-10-09T11:16:49.152+0700] {logging_mixin.py:149} INFO - [2024-10-09T11:16:49.151+0700] {dag.py:2726} INFO - Sync 1 DAGs
[2024-10-09T11:16:49.244+0700] {logging_mixin.py:149} INFO - [2024-10-09T11:16:49.244+0700] {dag.py:3486} INFO - Setting next_dagrun for example_nested_branch_dag to 2024-10-08T00:00:00+00:00, run_after=2024-10-09T00:00:00+00:00
[2024-10-09T11:16:49.395+0700] {processor.py:179} INFO - Processing /home/hasyidan/venv/lib/python3.8/site-packages/airflow/example_dags/example_nested_branch_dag.py took 0.381 seconds
[2024-10-09T11:17:59.146+0700] {processor.py:157} INFO - Started process (PID=5417) to work on /home/hasyidan/venv/lib/python3.8/site-packages/airflow/example_dags/example_nested_branch_dag.py
[2024-10-09T11:17:59.174+0700] {processor.py:826} INFO - Processing file /home/hasyidan/venv/lib/python3.8/site-packages/airflow/example_dags/example_nested_branch_dag.py for tasks to queue
[2024-10-09T11:17:59.176+0700] {logging_mixin.py:149} INFO - [2024-10-09T11:17:59.176+0700] {dagbag.py:541} INFO - Filling up the DagBag from /home/hasyidan/venv/lib/python3.8/site-packages/airflow/example_dags/example_nested_branch_dag.py
[2024-10-09T11:17:59.212+0700] {processor.py:836} INFO - DAG(s) dict_keys(['example_nested_branch_dag']) retrieved from /home/hasyidan/venv/lib/python3.8/site-packages/airflow/example_dags/example_nested_branch_dag.py
[2024-10-09T11:17:59.285+0700] {logging_mixin.py:149} INFO - [2024-10-09T11:17:59.284+0700] {dag.py:2726} INFO - Sync 1 DAGs
[2024-10-09T11:17:59.360+0700] {logging_mixin.py:149} INFO - [2024-10-09T11:17:59.359+0700] {dag.py:3486} INFO - Setting next_dagrun for example_nested_branch_dag to 2024-10-08T00:00:00+00:00, run_after=2024-10-09T00:00:00+00:00
[2024-10-09T11:17:59.499+0700] {processor.py:179} INFO - Processing /home/hasyidan/venv/lib/python3.8/site-packages/airflow/example_dags/example_nested_branch_dag.py took 0.361 seconds
[2024-10-09T11:19:04.884+0700] {processor.py:157} INFO - Started process (PID=5483) to work on /home/hasyidan/venv/lib/python3.8/site-packages/airflow/example_dags/example_nested_branch_dag.py
[2024-10-09T11:19:04.912+0700] {processor.py:826} INFO - Processing file /home/hasyidan/venv/lib/python3.8/site-packages/airflow/example_dags/example_nested_branch_dag.py for tasks to queue
[2024-10-09T11:19:04.914+0700] {logging_mixin.py:149} INFO - [2024-10-09T11:19:04.913+0700] {dagbag.py:541} INFO - Filling up the DagBag from /home/hasyidan/venv/lib/python3.8/site-packages/airflow/example_dags/example_nested_branch_dag.py
[2024-10-09T11:19:04.951+0700] {processor.py:836} INFO - DAG(s) dict_keys(['example_nested_branch_dag']) retrieved from /home/hasyidan/venv/lib/python3.8/site-packages/airflow/example_dags/example_nested_branch_dag.py
[2024-10-09T11:19:05.018+0700] {logging_mixin.py:149} INFO - [2024-10-09T11:19:05.017+0700] {dag.py:2726} INFO - Sync 1 DAGs
[2024-10-09T11:19:05.095+0700] {logging_mixin.py:149} INFO - [2024-10-09T11:19:05.094+0700] {dag.py:3486} INFO - Setting next_dagrun for example_nested_branch_dag to 2024-10-08T00:00:00+00:00, run_after=2024-10-09T00:00:00+00:00
[2024-10-09T11:19:05.232+0700] {processor.py:179} INFO - Processing /home/hasyidan/venv/lib/python3.8/site-packages/airflow/example_dags/example_nested_branch_dag.py took 0.359 seconds
[2024-10-09T11:20:07.080+0700] {processor.py:157} INFO - Started process (PID=5551) to work on /home/hasyidan/venv/lib/python3.8/site-packages/airflow/example_dags/example_nested_branch_dag.py
[2024-10-09T11:20:07.094+0700] {processor.py:826} INFO - Processing file /home/hasyidan/venv/lib/python3.8/site-packages/airflow/example_dags/example_nested_branch_dag.py for tasks to queue
[2024-10-09T11:20:07.097+0700] {logging_mixin.py:149} INFO - [2024-10-09T11:20:07.096+0700] {dagbag.py:541} INFO - Filling up the DagBag from /home/hasyidan/venv/lib/python3.8/site-packages/airflow/example_dags/example_nested_branch_dag.py
[2024-10-09T11:20:07.132+0700] {processor.py:836} INFO - DAG(s) dict_keys(['example_nested_branch_dag']) retrieved from /home/hasyidan/venv/lib/python3.8/site-packages/airflow/example_dags/example_nested_branch_dag.py
[2024-10-09T11:20:07.205+0700] {logging_mixin.py:149} INFO - [2024-10-09T11:20:07.204+0700] {dag.py:2726} INFO - Sync 1 DAGs
[2024-10-09T11:20:07.301+0700] {logging_mixin.py:149} INFO - [2024-10-09T11:20:07.297+0700] {dag.py:3486} INFO - Setting next_dagrun for example_nested_branch_dag to 2024-10-08T00:00:00+00:00, run_after=2024-10-09T00:00:00+00:00
[2024-10-09T11:20:07.484+0700] {processor.py:179} INFO - Processing /home/hasyidan/venv/lib/python3.8/site-packages/airflow/example_dags/example_nested_branch_dag.py took 0.414 seconds
[2024-10-09T11:21:15.136+0700] {processor.py:157} INFO - Started process (PID=5623) to work on /home/hasyidan/venv/lib/python3.8/site-packages/airflow/example_dags/example_nested_branch_dag.py
[2024-10-09T11:21:15.152+0700] {processor.py:826} INFO - Processing file /home/hasyidan/venv/lib/python3.8/site-packages/airflow/example_dags/example_nested_branch_dag.py for tasks to queue
[2024-10-09T11:21:15.154+0700] {logging_mixin.py:149} INFO - [2024-10-09T11:21:15.153+0700] {dagbag.py:541} INFO - Filling up the DagBag from /home/hasyidan/venv/lib/python3.8/site-packages/airflow/example_dags/example_nested_branch_dag.py
[2024-10-09T11:21:15.182+0700] {processor.py:836} INFO - DAG(s) dict_keys(['example_nested_branch_dag']) retrieved from /home/hasyidan/venv/lib/python3.8/site-packages/airflow/example_dags/example_nested_branch_dag.py
[2024-10-09T11:21:15.262+0700] {logging_mixin.py:149} INFO - [2024-10-09T11:21:15.262+0700] {dag.py:2726} INFO - Sync 1 DAGs
[2024-10-09T11:21:15.354+0700] {logging_mixin.py:149} INFO - [2024-10-09T11:21:15.354+0700] {dag.py:3486} INFO - Setting next_dagrun for example_nested_branch_dag to 2024-10-08T00:00:00+00:00, run_after=2024-10-09T00:00:00+00:00
[2024-10-09T11:21:15.503+0700] {processor.py:179} INFO - Processing /home/hasyidan/venv/lib/python3.8/site-packages/airflow/example_dags/example_nested_branch_dag.py took 0.375 seconds
[2024-10-09T11:22:20.492+0700] {processor.py:157} INFO - Started process (PID=5687) to work on /home/hasyidan/venv/lib/python3.8/site-packages/airflow/example_dags/example_nested_branch_dag.py
[2024-10-09T11:22:20.502+0700] {processor.py:826} INFO - Processing file /home/hasyidan/venv/lib/python3.8/site-packages/airflow/example_dags/example_nested_branch_dag.py for tasks to queue
[2024-10-09T11:22:20.504+0700] {logging_mixin.py:149} INFO - [2024-10-09T11:22:20.503+0700] {dagbag.py:541} INFO - Filling up the DagBag from /home/hasyidan/venv/lib/python3.8/site-packages/airflow/example_dags/example_nested_branch_dag.py
[2024-10-09T11:22:20.548+0700] {processor.py:836} INFO - DAG(s) dict_keys(['example_nested_branch_dag']) retrieved from /home/hasyidan/venv/lib/python3.8/site-packages/airflow/example_dags/example_nested_branch_dag.py
[2024-10-09T11:22:20.637+0700] {logging_mixin.py:149} INFO - [2024-10-09T11:22:20.636+0700] {dag.py:2726} INFO - Sync 1 DAGs
[2024-10-09T11:22:20.737+0700] {logging_mixin.py:149} INFO - [2024-10-09T11:22:20.737+0700] {dag.py:3486} INFO - Setting next_dagrun for example_nested_branch_dag to 2024-10-08T00:00:00+00:00, run_after=2024-10-09T00:00:00+00:00
[2024-10-09T11:22:20.899+0700] {processor.py:179} INFO - Processing /home/hasyidan/venv/lib/python3.8/site-packages/airflow/example_dags/example_nested_branch_dag.py took 0.419 seconds
[2024-10-09T11:23:22.565+0700] {processor.py:157} INFO - Started process (PID=5749) to work on /home/hasyidan/venv/lib/python3.8/site-packages/airflow/example_dags/example_nested_branch_dag.py
[2024-10-09T11:23:22.593+0700] {processor.py:826} INFO - Processing file /home/hasyidan/venv/lib/python3.8/site-packages/airflow/example_dags/example_nested_branch_dag.py for tasks to queue
[2024-10-09T11:23:22.596+0700] {logging_mixin.py:149} INFO - [2024-10-09T11:23:22.594+0700] {dagbag.py:541} INFO - Filling up the DagBag from /home/hasyidan/venv/lib/python3.8/site-packages/airflow/example_dags/example_nested_branch_dag.py
[2024-10-09T11:23:22.634+0700] {processor.py:836} INFO - DAG(s) dict_keys(['example_nested_branch_dag']) retrieved from /home/hasyidan/venv/lib/python3.8/site-packages/airflow/example_dags/example_nested_branch_dag.py
[2024-10-09T11:23:22.715+0700] {logging_mixin.py:149} INFO - [2024-10-09T11:23:22.715+0700] {dag.py:2726} INFO - Sync 1 DAGs
[2024-10-09T11:23:22.814+0700] {logging_mixin.py:149} INFO - [2024-10-09T11:23:22.814+0700] {dag.py:3486} INFO - Setting next_dagrun for example_nested_branch_dag to 2024-10-08T00:00:00+00:00, run_after=2024-10-09T00:00:00+00:00
[2024-10-09T11:23:22.954+0700] {processor.py:179} INFO - Processing /home/hasyidan/venv/lib/python3.8/site-packages/airflow/example_dags/example_nested_branch_dag.py took 0.404 seconds
[2024-10-09T11:24:29.463+0700] {processor.py:157} INFO - Started process (PID=5814) to work on /home/hasyidan/venv/lib/python3.8/site-packages/airflow/example_dags/example_nested_branch_dag.py
[2024-10-09T11:24:29.505+0700] {processor.py:826} INFO - Processing file /home/hasyidan/venv/lib/python3.8/site-packages/airflow/example_dags/example_nested_branch_dag.py for tasks to queue
[2024-10-09T11:24:29.508+0700] {logging_mixin.py:149} INFO - [2024-10-09T11:24:29.507+0700] {dagbag.py:541} INFO - Filling up the DagBag from /home/hasyidan/venv/lib/python3.8/site-packages/airflow/example_dags/example_nested_branch_dag.py
[2024-10-09T11:24:29.536+0700] {processor.py:836} INFO - DAG(s) dict_keys(['example_nested_branch_dag']) retrieved from /home/hasyidan/venv/lib/python3.8/site-packages/airflow/example_dags/example_nested_branch_dag.py
[2024-10-09T11:24:29.593+0700] {logging_mixin.py:149} INFO - [2024-10-09T11:24:29.592+0700] {dag.py:2726} INFO - Sync 1 DAGs
[2024-10-09T11:24:29.671+0700] {logging_mixin.py:149} INFO - [2024-10-09T11:24:29.670+0700] {dag.py:3486} INFO - Setting next_dagrun for example_nested_branch_dag to 2024-10-08T00:00:00+00:00, run_after=2024-10-09T00:00:00+00:00
[2024-10-09T11:24:29.826+0700] {processor.py:179} INFO - Processing /home/hasyidan/venv/lib/python3.8/site-packages/airflow/example_dags/example_nested_branch_dag.py took 0.375 seconds
[2024-10-09T11:25:38.510+0700] {processor.py:157} INFO - Started process (PID=5895) to work on /home/hasyidan/venv/lib/python3.8/site-packages/airflow/example_dags/example_nested_branch_dag.py
[2024-10-09T11:25:38.528+0700] {processor.py:826} INFO - Processing file /home/hasyidan/venv/lib/python3.8/site-packages/airflow/example_dags/example_nested_branch_dag.py for tasks to queue
[2024-10-09T11:25:38.531+0700] {logging_mixin.py:149} INFO - [2024-10-09T11:25:38.531+0700] {dagbag.py:541} INFO - Filling up the DagBag from /home/hasyidan/venv/lib/python3.8/site-packages/airflow/example_dags/example_nested_branch_dag.py
[2024-10-09T11:25:38.581+0700] {processor.py:836} INFO - DAG(s) dict_keys(['example_nested_branch_dag']) retrieved from /home/hasyidan/venv/lib/python3.8/site-packages/airflow/example_dags/example_nested_branch_dag.py
[2024-10-09T11:25:38.657+0700] {logging_mixin.py:149} INFO - [2024-10-09T11:25:38.657+0700] {dag.py:2726} INFO - Sync 1 DAGs
[2024-10-09T11:25:38.736+0700] {logging_mixin.py:149} INFO - [2024-10-09T11:25:38.736+0700] {dag.py:3486} INFO - Setting next_dagrun for example_nested_branch_dag to 2024-10-08T00:00:00+00:00, run_after=2024-10-09T00:00:00+00:00
[2024-10-09T11:25:38.890+0700] {processor.py:179} INFO - Processing /home/hasyidan/venv/lib/python3.8/site-packages/airflow/example_dags/example_nested_branch_dag.py took 0.391 seconds
[2024-10-09T11:28:20.540+0700] {processor.py:157} INFO - Started process (PID=6004) to work on /home/hasyidan/venv/lib/python3.8/site-packages/airflow/example_dags/example_nested_branch_dag.py
[2024-10-09T11:28:20.558+0700] {processor.py:826} INFO - Processing file /home/hasyidan/venv/lib/python3.8/site-packages/airflow/example_dags/example_nested_branch_dag.py for tasks to queue
[2024-10-09T11:28:20.583+0700] {logging_mixin.py:149} INFO - [2024-10-09T11:28:20.582+0700] {dagbag.py:541} INFO - Filling up the DagBag from /home/hasyidan/venv/lib/python3.8/site-packages/airflow/example_dags/example_nested_branch_dag.py
[2024-10-09T11:28:20.660+0700] {processor.py:836} INFO - DAG(s) dict_keys(['example_nested_branch_dag']) retrieved from /home/hasyidan/venv/lib/python3.8/site-packages/airflow/example_dags/example_nested_branch_dag.py
[2024-10-09T11:28:20.770+0700] {logging_mixin.py:149} INFO - [2024-10-09T11:28:20.769+0700] {dag.py:2726} INFO - Sync 1 DAGs
[2024-10-09T11:28:20.871+0700] {logging_mixin.py:149} INFO - [2024-10-09T11:28:20.870+0700] {dag.py:3486} INFO - Setting next_dagrun for example_nested_branch_dag to 2024-10-08T00:00:00+00:00, run_after=2024-10-09T00:00:00+00:00
[2024-10-09T11:28:21.073+0700] {processor.py:179} INFO - Processing /home/hasyidan/venv/lib/python3.8/site-packages/airflow/example_dags/example_nested_branch_dag.py took 0.542 seconds
[2024-10-09T11:30:56.692+0700] {processor.py:157} INFO - Started process (PID=6124) to work on /home/hasyidan/venv/lib/python3.8/site-packages/airflow/example_dags/example_nested_branch_dag.py
[2024-10-09T11:30:56.748+0700] {processor.py:826} INFO - Processing file /home/hasyidan/venv/lib/python3.8/site-packages/airflow/example_dags/example_nested_branch_dag.py for tasks to queue
[2024-10-09T11:30:56.751+0700] {logging_mixin.py:149} INFO - [2024-10-09T11:30:56.750+0700] {dagbag.py:541} INFO - Filling up the DagBag from /home/hasyidan/venv/lib/python3.8/site-packages/airflow/example_dags/example_nested_branch_dag.py
[2024-10-09T11:30:56.972+0700] {processor.py:836} INFO - DAG(s) dict_keys(['example_nested_branch_dag']) retrieved from /home/hasyidan/venv/lib/python3.8/site-packages/airflow/example_dags/example_nested_branch_dag.py
[2024-10-09T11:30:57.379+0700] {logging_mixin.py:149} INFO - [2024-10-09T11:30:57.379+0700] {dag.py:2726} INFO - Sync 1 DAGs
[2024-10-09T11:30:57.432+0700] {logging_mixin.py:149} INFO - [2024-10-09T11:30:57.432+0700] {dag.py:3486} INFO - Setting next_dagrun for example_nested_branch_dag to 2024-10-08T00:00:00+00:00, run_after=2024-10-09T00:00:00+00:00
[2024-10-09T11:30:57.851+0700] {processor.py:179} INFO - Processing /home/hasyidan/venv/lib/python3.8/site-packages/airflow/example_dags/example_nested_branch_dag.py took 1.166 seconds
[2024-10-09T11:34:41.519+0700] {processor.py:157} INFO - Started process (PID=6543) to work on /home/hasyidan/venv/lib/python3.8/site-packages/airflow/example_dags/example_nested_branch_dag.py
[2024-10-09T11:34:41.978+0700] {processor.py:826} INFO - Processing file /home/hasyidan/venv/lib/python3.8/site-packages/airflow/example_dags/example_nested_branch_dag.py for tasks to queue
[2024-10-09T11:34:41.981+0700] {logging_mixin.py:149} INFO - [2024-10-09T11:34:41.980+0700] {dagbag.py:541} INFO - Filling up the DagBag from /home/hasyidan/venv/lib/python3.8/site-packages/airflow/example_dags/example_nested_branch_dag.py
[2024-10-09T11:34:42.027+0700] {processor.py:836} INFO - DAG(s) dict_keys(['example_nested_branch_dag']) retrieved from /home/hasyidan/venv/lib/python3.8/site-packages/airflow/example_dags/example_nested_branch_dag.py
[2024-10-09T11:34:42.068+0700] {logging_mixin.py:149} INFO - [2024-10-09T11:34:42.067+0700] {dag.py:2726} INFO - Sync 1 DAGs
[2024-10-09T11:34:42.116+0700] {logging_mixin.py:149} INFO - [2024-10-09T11:34:42.116+0700] {dag.py:3486} INFO - Setting next_dagrun for example_nested_branch_dag to 2024-10-08T00:00:00+00:00, run_after=2024-10-09T00:00:00+00:00
[2024-10-09T11:34:42.379+0700] {processor.py:179} INFO - Processing /home/hasyidan/venv/lib/python3.8/site-packages/airflow/example_dags/example_nested_branch_dag.py took 0.866 seconds
[2024-10-09T11:36:47.160+0700] {processor.py:157} INFO - Started process (PID=6674) to work on /home/hasyidan/venv/lib/python3.8/site-packages/airflow/example_dags/example_nested_branch_dag.py
[2024-10-09T11:36:47.234+0700] {processor.py:826} INFO - Processing file /home/hasyidan/venv/lib/python3.8/site-packages/airflow/example_dags/example_nested_branch_dag.py for tasks to queue
[2024-10-09T11:36:47.236+0700] {logging_mixin.py:149} INFO - [2024-10-09T11:36:47.235+0700] {dagbag.py:541} INFO - Filling up the DagBag from /home/hasyidan/venv/lib/python3.8/site-packages/airflow/example_dags/example_nested_branch_dag.py
[2024-10-09T11:36:47.297+0700] {processor.py:836} INFO - DAG(s) dict_keys(['example_nested_branch_dag']) retrieved from /home/hasyidan/venv/lib/python3.8/site-packages/airflow/example_dags/example_nested_branch_dag.py
[2024-10-09T11:36:47.484+0700] {logging_mixin.py:149} INFO - [2024-10-09T11:36:47.484+0700] {dag.py:2726} INFO - Sync 1 DAGs
[2024-10-09T11:36:47.715+0700] {logging_mixin.py:149} INFO - [2024-10-09T11:36:47.715+0700] {dag.py:3486} INFO - Setting next_dagrun for example_nested_branch_dag to 2024-10-08T00:00:00+00:00, run_after=2024-10-09T00:00:00+00:00
[2024-10-09T11:36:48.094+0700] {processor.py:179} INFO - Processing /home/hasyidan/venv/lib/python3.8/site-packages/airflow/example_dags/example_nested_branch_dag.py took 0.979 seconds
[2024-10-09T11:40:01.534+0700] {processor.py:157} INFO - Started process (PID=6912) to work on /home/hasyidan/venv/lib/python3.8/site-packages/airflow/example_dags/example_nested_branch_dag.py
[2024-10-09T11:40:01.624+0700] {processor.py:826} INFO - Processing file /home/hasyidan/venv/lib/python3.8/site-packages/airflow/example_dags/example_nested_branch_dag.py for tasks to queue
[2024-10-09T11:40:01.626+0700] {logging_mixin.py:149} INFO - [2024-10-09T11:40:01.626+0700] {dagbag.py:541} INFO - Filling up the DagBag from /home/hasyidan/venv/lib/python3.8/site-packages/airflow/example_dags/example_nested_branch_dag.py
[2024-10-09T11:40:07.728+0700] {processor.py:836} INFO - DAG(s) dict_keys(['example_nested_branch_dag']) retrieved from /home/hasyidan/venv/lib/python3.8/site-packages/airflow/example_dags/example_nested_branch_dag.py
[2024-10-09T11:40:09.148+0700] {logging_mixin.py:149} INFO - [2024-10-09T11:40:09.148+0700] {dag.py:2726} INFO - Sync 1 DAGs
[2024-10-09T11:40:13.535+0700] {logging_mixin.py:149} INFO - [2024-10-09T11:40:13.534+0700] {dag.py:3486} INFO - Setting next_dagrun for example_nested_branch_dag to 2024-10-08T00:00:00+00:00, run_after=2024-10-09T00:00:00+00:00
[2024-10-09T11:40:15.587+0700] {processor.py:179} INFO - Processing /home/hasyidan/venv/lib/python3.8/site-packages/airflow/example_dags/example_nested_branch_dag.py took 14.634 seconds
