[2024-10-09T10:59:43.651+0700] {processor.py:157} INFO - Started process (PID=3968) to work on /home/hasyidan/venv/lib/python3.8/site-packages/airflow/example_dags/example_kubernetes_executor.py
[2024-10-09T10:59:43.654+0700] {processor.py:826} INFO - Processing file /home/hasyidan/venv/lib/python3.8/site-packages/airflow/example_dags/example_kubernetes_executor.py for tasks to queue
[2024-10-09T10:59:43.657+0700] {logging_mixin.py:149} INFO - [2024-10-09T10:59:43.656+0700] {dagbag.py:541} INFO - Filling up the DagBag from /home/hasyidan/venv/lib/python3.8/site-packages/airflow/example_dags/example_kubernetes_executor.py
[2024-10-09T10:59:43.845+0700] {logging_mixin.py:149} INFO - [2024-10-09T10:59:43.844+0700] {example_kubernetes_executor.py:41} WARNING - The example_kubernetes_executor example DAG requires the kubernetes provider. Please install it with: pip install apache-airflow[cncf.kubernetes]
[2024-10-09T10:59:43.846+0700] {processor.py:838} WARNING - No viable dags retrieved from /home/hasyidan/venv/lib/python3.8/site-packages/airflow/example_dags/example_kubernetes_executor.py
[2024-10-09T10:59:43.868+0700] {processor.py:179} INFO - Processing /home/hasyidan/venv/lib/python3.8/site-packages/airflow/example_dags/example_kubernetes_executor.py took 0.318 seconds
[2024-10-09T11:01:49.447+0700] {processor.py:157} INFO - Started process (PID=4164) to work on /home/hasyidan/venv/lib/python3.8/site-packages/airflow/example_dags/example_kubernetes_executor.py
[2024-10-09T11:01:49.465+0700] {processor.py:826} INFO - Processing file /home/hasyidan/venv/lib/python3.8/site-packages/airflow/example_dags/example_kubernetes_executor.py for tasks to queue
[2024-10-09T11:01:49.468+0700] {logging_mixin.py:149} INFO - [2024-10-09T11:01:49.467+0700] {dagbag.py:541} INFO - Filling up the DagBag from /home/hasyidan/venv/lib/python3.8/site-packages/airflow/example_dags/example_kubernetes_executor.py
[2024-10-09T11:01:49.475+0700] {logging_mixin.py:149} INFO - [2024-10-09T11:01:49.475+0700] {example_kubernetes_executor.py:41} WARNING - The example_kubernetes_executor example DAG requires the kubernetes provider. Please install it with: pip install apache-airflow[cncf.kubernetes]
[2024-10-09T11:01:49.476+0700] {processor.py:838} WARNING - No viable dags retrieved from /home/hasyidan/venv/lib/python3.8/site-packages/airflow/example_dags/example_kubernetes_executor.py
[2024-10-09T11:01:49.495+0700] {processor.py:179} INFO - Processing /home/hasyidan/venv/lib/python3.8/site-packages/airflow/example_dags/example_kubernetes_executor.py took 0.054 seconds
[2024-10-09T11:02:54.436+0700] {processor.py:157} INFO - Started process (PID=4225) to work on /home/hasyidan/venv/lib/python3.8/site-packages/airflow/example_dags/example_kubernetes_executor.py
[2024-10-09T11:02:54.470+0700] {processor.py:826} INFO - Processing file /home/hasyidan/venv/lib/python3.8/site-packages/airflow/example_dags/example_kubernetes_executor.py for tasks to queue
[2024-10-09T11:02:54.472+0700] {logging_mixin.py:149} INFO - [2024-10-09T11:02:54.472+0700] {dagbag.py:541} INFO - Filling up the DagBag from /home/hasyidan/venv/lib/python3.8/site-packages/airflow/example_dags/example_kubernetes_executor.py
[2024-10-09T11:02:54.480+0700] {logging_mixin.py:149} INFO - [2024-10-09T11:02:54.480+0700] {example_kubernetes_executor.py:41} WARNING - The example_kubernetes_executor example DAG requires the kubernetes provider. Please install it with: pip install apache-airflow[cncf.kubernetes]
[2024-10-09T11:02:54.481+0700] {processor.py:838} WARNING - No viable dags retrieved from /home/hasyidan/venv/lib/python3.8/site-packages/airflow/example_dags/example_kubernetes_executor.py
[2024-10-09T11:02:54.501+0700] {processor.py:179} INFO - Processing /home/hasyidan/venv/lib/python3.8/site-packages/airflow/example_dags/example_kubernetes_executor.py took 0.072 seconds
[2024-10-09T11:03:53.001+0700] {processor.py:157} INFO - Started process (PID=4281) to work on /home/hasyidan/venv/lib/python3.8/site-packages/airflow/example_dags/example_kubernetes_executor.py
[2024-10-09T11:03:53.020+0700] {processor.py:826} INFO - Processing file /home/hasyidan/venv/lib/python3.8/site-packages/airflow/example_dags/example_kubernetes_executor.py for tasks to queue
[2024-10-09T11:03:53.023+0700] {logging_mixin.py:149} INFO - [2024-10-09T11:03:53.022+0700] {dagbag.py:541} INFO - Filling up the DagBag from /home/hasyidan/venv/lib/python3.8/site-packages/airflow/example_dags/example_kubernetes_executor.py
[2024-10-09T11:03:53.030+0700] {logging_mixin.py:149} INFO - [2024-10-09T11:03:53.029+0700] {example_kubernetes_executor.py:41} WARNING - The example_kubernetes_executor example DAG requires the kubernetes provider. Please install it with: pip install apache-airflow[cncf.kubernetes]
[2024-10-09T11:03:53.030+0700] {processor.py:838} WARNING - No viable dags retrieved from /home/hasyidan/venv/lib/python3.8/site-packages/airflow/example_dags/example_kubernetes_executor.py
[2024-10-09T11:03:53.050+0700] {processor.py:179} INFO - Processing /home/hasyidan/venv/lib/python3.8/site-packages/airflow/example_dags/example_kubernetes_executor.py took 0.056 seconds
[2024-10-09T11:05:55.371+0700] {processor.py:157} INFO - Started process (PID=4473) to work on /home/hasyidan/venv/lib/python3.8/site-packages/airflow/example_dags/example_kubernetes_executor.py
[2024-10-09T11:05:55.459+0700] {processor.py:826} INFO - Processing file /home/hasyidan/venv/lib/python3.8/site-packages/airflow/example_dags/example_kubernetes_executor.py for tasks to queue
[2024-10-09T11:05:55.461+0700] {logging_mixin.py:149} INFO - [2024-10-09T11:05:55.461+0700] {dagbag.py:541} INFO - Filling up the DagBag from /home/hasyidan/venv/lib/python3.8/site-packages/airflow/example_dags/example_kubernetes_executor.py
[2024-10-09T11:05:55.637+0700] {logging_mixin.py:149} INFO - [2024-10-09T11:05:55.636+0700] {example_kubernetes_executor.py:41} WARNING - The example_kubernetes_executor example DAG requires the kubernetes provider. Please install it with: pip install apache-airflow[cncf.kubernetes]
[2024-10-09T11:05:55.638+0700] {processor.py:838} WARNING - No viable dags retrieved from /home/hasyidan/venv/lib/python3.8/site-packages/airflow/example_dags/example_kubernetes_executor.py
[2024-10-09T11:05:55.665+0700] {processor.py:179} INFO - Processing /home/hasyidan/venv/lib/python3.8/site-packages/airflow/example_dags/example_kubernetes_executor.py took 0.300 seconds
[2024-10-09T11:07:47.685+0700] {processor.py:157} INFO - Started process (PID=4646) to work on /home/hasyidan/venv/lib/python3.8/site-packages/airflow/example_dags/example_kubernetes_executor.py
[2024-10-09T11:07:47.697+0700] {processor.py:826} INFO - Processing file /home/hasyidan/venv/lib/python3.8/site-packages/airflow/example_dags/example_kubernetes_executor.py for tasks to queue
[2024-10-09T11:07:47.699+0700] {logging_mixin.py:149} INFO - [2024-10-09T11:07:47.699+0700] {dagbag.py:541} INFO - Filling up the DagBag from /home/hasyidan/venv/lib/python3.8/site-packages/airflow/example_dags/example_kubernetes_executor.py
[2024-10-09T11:07:47.751+0700] {logging_mixin.py:149} INFO - [2024-10-09T11:07:47.750+0700] {example_kubernetes_executor.py:41} WARNING - The example_kubernetes_executor example DAG requires the kubernetes provider. Please install it with: pip install apache-airflow[cncf.kubernetes]
[2024-10-09T11:07:47.752+0700] {processor.py:838} WARNING - No viable dags retrieved from /home/hasyidan/venv/lib/python3.8/site-packages/airflow/example_dags/example_kubernetes_executor.py
[2024-10-09T11:07:47.886+0700] {processor.py:179} INFO - Processing /home/hasyidan/venv/lib/python3.8/site-packages/airflow/example_dags/example_kubernetes_executor.py took 0.207 seconds
[2024-10-09T11:08:47.993+0700] {processor.py:157} INFO - Started process (PID=4703) to work on /home/hasyidan/venv/lib/python3.8/site-packages/airflow/example_dags/example_kubernetes_executor.py
[2024-10-09T11:08:48.013+0700] {processor.py:826} INFO - Processing file /home/hasyidan/venv/lib/python3.8/site-packages/airflow/example_dags/example_kubernetes_executor.py for tasks to queue
[2024-10-09T11:08:48.016+0700] {logging_mixin.py:149} INFO - [2024-10-09T11:08:48.015+0700] {dagbag.py:541} INFO - Filling up the DagBag from /home/hasyidan/venv/lib/python3.8/site-packages/airflow/example_dags/example_kubernetes_executor.py
[2024-10-09T11:08:48.045+0700] {logging_mixin.py:149} INFO - [2024-10-09T11:08:48.045+0700] {example_kubernetes_executor.py:41} WARNING - The example_kubernetes_executor example DAG requires the kubernetes provider. Please install it with: pip install apache-airflow[cncf.kubernetes]
[2024-10-09T11:08:48.046+0700] {processor.py:838} WARNING - No viable dags retrieved from /home/hasyidan/venv/lib/python3.8/site-packages/airflow/example_dags/example_kubernetes_executor.py
[2024-10-09T11:08:48.069+0700] {processor.py:179} INFO - Processing /home/hasyidan/venv/lib/python3.8/site-packages/airflow/example_dags/example_kubernetes_executor.py took 0.082 seconds
[2024-10-09T11:09:43.371+0700] {processor.py:157} INFO - Started process (PID=4757) to work on /home/hasyidan/venv/lib/python3.8/site-packages/airflow/example_dags/example_kubernetes_executor.py
[2024-10-09T11:09:43.388+0700] {processor.py:826} INFO - Processing file /home/hasyidan/venv/lib/python3.8/site-packages/airflow/example_dags/example_kubernetes_executor.py for tasks to queue
[2024-10-09T11:09:43.391+0700] {logging_mixin.py:149} INFO - [2024-10-09T11:09:43.390+0700] {dagbag.py:541} INFO - Filling up the DagBag from /home/hasyidan/venv/lib/python3.8/site-packages/airflow/example_dags/example_kubernetes_executor.py
[2024-10-09T11:09:43.399+0700] {logging_mixin.py:149} INFO - [2024-10-09T11:09:43.398+0700] {example_kubernetes_executor.py:41} WARNING - The example_kubernetes_executor example DAG requires the kubernetes provider. Please install it with: pip install apache-airflow[cncf.kubernetes]
[2024-10-09T11:09:43.399+0700] {processor.py:838} WARNING - No viable dags retrieved from /home/hasyidan/venv/lib/python3.8/site-packages/airflow/example_dags/example_kubernetes_executor.py
[2024-10-09T11:09:43.419+0700] {processor.py:179} INFO - Processing /home/hasyidan/venv/lib/python3.8/site-packages/airflow/example_dags/example_kubernetes_executor.py took 0.055 seconds
[2024-10-09T11:10:40.479+0700] {processor.py:157} INFO - Started process (PID=4822) to work on /home/hasyidan/venv/lib/python3.8/site-packages/airflow/example_dags/example_kubernetes_executor.py
[2024-10-09T11:10:40.510+0700] {processor.py:826} INFO - Processing file /home/hasyidan/venv/lib/python3.8/site-packages/airflow/example_dags/example_kubernetes_executor.py for tasks to queue
[2024-10-09T11:10:40.512+0700] {logging_mixin.py:149} INFO - [2024-10-09T11:10:40.511+0700] {dagbag.py:541} INFO - Filling up the DagBag from /home/hasyidan/venv/lib/python3.8/site-packages/airflow/example_dags/example_kubernetes_executor.py
[2024-10-09T11:10:40.519+0700] {logging_mixin.py:149} INFO - [2024-10-09T11:10:40.519+0700] {example_kubernetes_executor.py:41} WARNING - The example_kubernetes_executor example DAG requires the kubernetes provider. Please install it with: pip install apache-airflow[cncf.kubernetes]
[2024-10-09T11:10:40.520+0700] {processor.py:838} WARNING - No viable dags retrieved from /home/hasyidan/venv/lib/python3.8/site-packages/airflow/example_dags/example_kubernetes_executor.py
[2024-10-09T11:10:40.540+0700] {processor.py:179} INFO - Processing /home/hasyidan/venv/lib/python3.8/site-packages/airflow/example_dags/example_kubernetes_executor.py took 0.066 seconds
[2024-10-09T11:11:35.261+0700] {processor.py:157} INFO - Started process (PID=4879) to work on /home/hasyidan/venv/lib/python3.8/site-packages/airflow/example_dags/example_kubernetes_executor.py
[2024-10-09T11:11:35.280+0700] {processor.py:826} INFO - Processing file /home/hasyidan/venv/lib/python3.8/site-packages/airflow/example_dags/example_kubernetes_executor.py for tasks to queue
[2024-10-09T11:11:35.283+0700] {logging_mixin.py:149} INFO - [2024-10-09T11:11:35.282+0700] {dagbag.py:541} INFO - Filling up the DagBag from /home/hasyidan/venv/lib/python3.8/site-packages/airflow/example_dags/example_kubernetes_executor.py
[2024-10-09T11:11:35.291+0700] {logging_mixin.py:149} INFO - [2024-10-09T11:11:35.290+0700] {example_kubernetes_executor.py:41} WARNING - The example_kubernetes_executor example DAG requires the kubernetes provider. Please install it with: pip install apache-airflow[cncf.kubernetes]
[2024-10-09T11:11:35.291+0700] {processor.py:838} WARNING - No viable dags retrieved from /home/hasyidan/venv/lib/python3.8/site-packages/airflow/example_dags/example_kubernetes_executor.py
[2024-10-09T11:11:35.312+0700] {processor.py:179} INFO - Processing /home/hasyidan/venv/lib/python3.8/site-packages/airflow/example_dags/example_kubernetes_executor.py took 0.058 seconds
[2024-10-09T11:12:53.611+0700] {processor.py:157} INFO - Started process (PID=4964) to work on /home/hasyidan/venv/lib/python3.8/site-packages/airflow/example_dags/example_kubernetes_executor.py
[2024-10-09T11:12:53.637+0700] {processor.py:826} INFO - Processing file /home/hasyidan/venv/lib/python3.8/site-packages/airflow/example_dags/example_kubernetes_executor.py for tasks to queue
[2024-10-09T11:12:53.638+0700] {logging_mixin.py:149} INFO - [2024-10-09T11:12:53.638+0700] {dagbag.py:541} INFO - Filling up the DagBag from /home/hasyidan/venv/lib/python3.8/site-packages/airflow/example_dags/example_kubernetes_executor.py
[2024-10-09T11:12:53.643+0700] {logging_mixin.py:149} INFO - [2024-10-09T11:12:53.643+0700] {example_kubernetes_executor.py:41} WARNING - The example_kubernetes_executor example DAG requires the kubernetes provider. Please install it with: pip install apache-airflow[cncf.kubernetes]
[2024-10-09T11:12:53.644+0700] {processor.py:838} WARNING - No viable dags retrieved from /home/hasyidan/venv/lib/python3.8/site-packages/airflow/example_dags/example_kubernetes_executor.py
[2024-10-09T11:12:53.663+0700] {processor.py:179} INFO - Processing /home/hasyidan/venv/lib/python3.8/site-packages/airflow/example_dags/example_kubernetes_executor.py took 0.058 seconds
[2024-10-09T11:14:11.905+0700] {processor.py:157} INFO - Started process (PID=5042) to work on /home/hasyidan/venv/lib/python3.8/site-packages/airflow/example_dags/example_kubernetes_executor.py
[2024-10-09T11:14:11.930+0700] {processor.py:826} INFO - Processing file /home/hasyidan/venv/lib/python3.8/site-packages/airflow/example_dags/example_kubernetes_executor.py for tasks to queue
[2024-10-09T11:14:11.933+0700] {logging_mixin.py:149} INFO - [2024-10-09T11:14:11.932+0700] {dagbag.py:541} INFO - Filling up the DagBag from /home/hasyidan/venv/lib/python3.8/site-packages/airflow/example_dags/example_kubernetes_executor.py
[2024-10-09T11:14:11.941+0700] {logging_mixin.py:149} INFO - [2024-10-09T11:14:11.940+0700] {example_kubernetes_executor.py:41} WARNING - The example_kubernetes_executor example DAG requires the kubernetes provider. Please install it with: pip install apache-airflow[cncf.kubernetes]
[2024-10-09T11:14:11.941+0700] {processor.py:838} WARNING - No viable dags retrieved from /home/hasyidan/venv/lib/python3.8/site-packages/airflow/example_dags/example_kubernetes_executor.py
[2024-10-09T11:14:11.963+0700] {processor.py:179} INFO - Processing /home/hasyidan/venv/lib/python3.8/site-packages/airflow/example_dags/example_kubernetes_executor.py took 0.065 seconds
[2024-10-09T11:16:16.841+0700] {processor.py:157} INFO - Started process (PID=5311) to work on /home/hasyidan/venv/lib/python3.8/site-packages/airflow/example_dags/example_kubernetes_executor.py
[2024-10-09T11:16:16.847+0700] {processor.py:826} INFO - Processing file /home/hasyidan/venv/lib/python3.8/site-packages/airflow/example_dags/example_kubernetes_executor.py for tasks to queue
[2024-10-09T11:16:16.851+0700] {logging_mixin.py:149} INFO - [2024-10-09T11:16:16.850+0700] {dagbag.py:541} INFO - Filling up the DagBag from /home/hasyidan/venv/lib/python3.8/site-packages/airflow/example_dags/example_kubernetes_executor.py
[2024-10-09T11:16:16.863+0700] {logging_mixin.py:149} INFO - [2024-10-09T11:16:16.863+0700] {example_kubernetes_executor.py:41} WARNING - The example_kubernetes_executor example DAG requires the kubernetes provider. Please install it with: pip install apache-airflow[cncf.kubernetes]
[2024-10-09T11:16:16.864+0700] {processor.py:838} WARNING - No viable dags retrieved from /home/hasyidan/venv/lib/python3.8/site-packages/airflow/example_dags/example_kubernetes_executor.py
[2024-10-09T11:16:16.898+0700] {processor.py:179} INFO - Processing /home/hasyidan/venv/lib/python3.8/site-packages/airflow/example_dags/example_kubernetes_executor.py took 0.067 seconds
[2024-10-09T11:17:25.508+0700] {processor.py:157} INFO - Started process (PID=5381) to work on /home/hasyidan/venv/lib/python3.8/site-packages/airflow/example_dags/example_kubernetes_executor.py
[2024-10-09T11:17:25.541+0700] {processor.py:826} INFO - Processing file /home/hasyidan/venv/lib/python3.8/site-packages/airflow/example_dags/example_kubernetes_executor.py for tasks to queue
[2024-10-09T11:17:25.542+0700] {logging_mixin.py:149} INFO - [2024-10-09T11:17:25.542+0700] {dagbag.py:541} INFO - Filling up the DagBag from /home/hasyidan/venv/lib/python3.8/site-packages/airflow/example_dags/example_kubernetes_executor.py
[2024-10-09T11:17:25.553+0700] {logging_mixin.py:149} INFO - [2024-10-09T11:17:25.553+0700] {example_kubernetes_executor.py:41} WARNING - The example_kubernetes_executor example DAG requires the kubernetes provider. Please install it with: pip install apache-airflow[cncf.kubernetes]
[2024-10-09T11:17:25.554+0700] {processor.py:838} WARNING - No viable dags retrieved from /home/hasyidan/venv/lib/python3.8/site-packages/airflow/example_dags/example_kubernetes_executor.py
[2024-10-09T11:17:25.592+0700] {processor.py:179} INFO - Processing /home/hasyidan/venv/lib/python3.8/site-packages/airflow/example_dags/example_kubernetes_executor.py took 0.091 seconds
[2024-10-09T11:18:33.629+0700] {processor.py:157} INFO - Started process (PID=5451) to work on /home/hasyidan/venv/lib/python3.8/site-packages/airflow/example_dags/example_kubernetes_executor.py
[2024-10-09T11:18:33.631+0700] {processor.py:826} INFO - Processing file /home/hasyidan/venv/lib/python3.8/site-packages/airflow/example_dags/example_kubernetes_executor.py for tasks to queue
[2024-10-09T11:18:33.633+0700] {logging_mixin.py:149} INFO - [2024-10-09T11:18:33.632+0700] {dagbag.py:541} INFO - Filling up the DagBag from /home/hasyidan/venv/lib/python3.8/site-packages/airflow/example_dags/example_kubernetes_executor.py
[2024-10-09T11:18:33.646+0700] {logging_mixin.py:149} INFO - [2024-10-09T11:18:33.646+0700] {example_kubernetes_executor.py:41} WARNING - The example_kubernetes_executor example DAG requires the kubernetes provider. Please install it with: pip install apache-airflow[cncf.kubernetes]
[2024-10-09T11:18:33.649+0700] {processor.py:838} WARNING - No viable dags retrieved from /home/hasyidan/venv/lib/python3.8/site-packages/airflow/example_dags/example_kubernetes_executor.py
[2024-10-09T11:18:33.710+0700] {processor.py:179} INFO - Processing /home/hasyidan/venv/lib/python3.8/site-packages/airflow/example_dags/example_kubernetes_executor.py took 0.104 seconds
[2024-10-09T11:19:36.422+0700] {processor.py:157} INFO - Started process (PID=5523) to work on /home/hasyidan/venv/lib/python3.8/site-packages/airflow/example_dags/example_kubernetes_executor.py
[2024-10-09T11:19:36.480+0700] {processor.py:826} INFO - Processing file /home/hasyidan/venv/lib/python3.8/site-packages/airflow/example_dags/example_kubernetes_executor.py for tasks to queue
[2024-10-09T11:19:36.483+0700] {logging_mixin.py:149} INFO - [2024-10-09T11:19:36.482+0700] {dagbag.py:541} INFO - Filling up the DagBag from /home/hasyidan/venv/lib/python3.8/site-packages/airflow/example_dags/example_kubernetes_executor.py
[2024-10-09T11:19:36.490+0700] {logging_mixin.py:149} INFO - [2024-10-09T11:19:36.490+0700] {example_kubernetes_executor.py:41} WARNING - The example_kubernetes_executor example DAG requires the kubernetes provider. Please install it with: pip install apache-airflow[cncf.kubernetes]
[2024-10-09T11:19:36.495+0700] {processor.py:838} WARNING - No viable dags retrieved from /home/hasyidan/venv/lib/python3.8/site-packages/airflow/example_dags/example_kubernetes_executor.py
[2024-10-09T11:19:36.607+0700] {processor.py:179} INFO - Processing /home/hasyidan/venv/lib/python3.8/site-packages/airflow/example_dags/example_kubernetes_executor.py took 0.194 seconds
[2024-10-09T11:20:42.212+0700] {processor.py:157} INFO - Started process (PID=5595) to work on /home/hasyidan/venv/lib/python3.8/site-packages/airflow/example_dags/example_kubernetes_executor.py
[2024-10-09T11:20:42.235+0700] {processor.py:826} INFO - Processing file /home/hasyidan/venv/lib/python3.8/site-packages/airflow/example_dags/example_kubernetes_executor.py for tasks to queue
[2024-10-09T11:20:42.237+0700] {logging_mixin.py:149} INFO - [2024-10-09T11:20:42.236+0700] {dagbag.py:541} INFO - Filling up the DagBag from /home/hasyidan/venv/lib/python3.8/site-packages/airflow/example_dags/example_kubernetes_executor.py
[2024-10-09T11:20:42.244+0700] {logging_mixin.py:149} INFO - [2024-10-09T11:20:42.243+0700] {example_kubernetes_executor.py:41} WARNING - The example_kubernetes_executor example DAG requires the kubernetes provider. Please install it with: pip install apache-airflow[cncf.kubernetes]
[2024-10-09T11:20:42.245+0700] {processor.py:838} WARNING - No viable dags retrieved from /home/hasyidan/venv/lib/python3.8/site-packages/airflow/example_dags/example_kubernetes_executor.py
[2024-10-09T11:20:42.382+0700] {processor.py:179} INFO - Processing /home/hasyidan/venv/lib/python3.8/site-packages/airflow/example_dags/example_kubernetes_executor.py took 0.177 seconds
[2024-10-09T11:21:50.926+0700] {processor.py:157} INFO - Started process (PID=5659) to work on /home/hasyidan/venv/lib/python3.8/site-packages/airflow/example_dags/example_kubernetes_executor.py
[2024-10-09T11:21:50.958+0700] {processor.py:826} INFO - Processing file /home/hasyidan/venv/lib/python3.8/site-packages/airflow/example_dags/example_kubernetes_executor.py for tasks to queue
[2024-10-09T11:21:50.962+0700] {logging_mixin.py:149} INFO - [2024-10-09T11:21:50.960+0700] {dagbag.py:541} INFO - Filling up the DagBag from /home/hasyidan/venv/lib/python3.8/site-packages/airflow/example_dags/example_kubernetes_executor.py
[2024-10-09T11:21:50.978+0700] {logging_mixin.py:149} INFO - [2024-10-09T11:21:50.978+0700] {example_kubernetes_executor.py:41} WARNING - The example_kubernetes_executor example DAG requires the kubernetes provider. Please install it with: pip install apache-airflow[cncf.kubernetes]
[2024-10-09T11:21:50.979+0700] {processor.py:838} WARNING - No viable dags retrieved from /home/hasyidan/venv/lib/python3.8/site-packages/airflow/example_dags/example_kubernetes_executor.py
[2024-10-09T11:21:51.018+0700] {processor.py:179} INFO - Processing /home/hasyidan/venv/lib/python3.8/site-packages/airflow/example_dags/example_kubernetes_executor.py took 0.100 seconds
[2024-10-09T11:22:52.226+0700] {processor.py:157} INFO - Started process (PID=5721) to work on /home/hasyidan/venv/lib/python3.8/site-packages/airflow/example_dags/example_kubernetes_executor.py
[2024-10-09T11:22:52.241+0700] {processor.py:826} INFO - Processing file /home/hasyidan/venv/lib/python3.8/site-packages/airflow/example_dags/example_kubernetes_executor.py for tasks to queue
[2024-10-09T11:22:52.244+0700] {logging_mixin.py:149} INFO - [2024-10-09T11:22:52.243+0700] {dagbag.py:541} INFO - Filling up the DagBag from /home/hasyidan/venv/lib/python3.8/site-packages/airflow/example_dags/example_kubernetes_executor.py
[2024-10-09T11:22:52.251+0700] {logging_mixin.py:149} INFO - [2024-10-09T11:22:52.251+0700] {example_kubernetes_executor.py:41} WARNING - The example_kubernetes_executor example DAG requires the kubernetes provider. Please install it with: pip install apache-airflow[cncf.kubernetes]
[2024-10-09T11:22:52.252+0700] {processor.py:838} WARNING - No viable dags retrieved from /home/hasyidan/venv/lib/python3.8/site-packages/airflow/example_dags/example_kubernetes_executor.py
[2024-10-09T11:22:52.301+0700] {processor.py:179} INFO - Processing /home/hasyidan/venv/lib/python3.8/site-packages/airflow/example_dags/example_kubernetes_executor.py took 0.084 seconds
[2024-10-09T11:23:58.894+0700] {processor.py:157} INFO - Started process (PID=5787) to work on /home/hasyidan/venv/lib/python3.8/site-packages/airflow/example_dags/example_kubernetes_executor.py
[2024-10-09T11:23:58.933+0700] {processor.py:826} INFO - Processing file /home/hasyidan/venv/lib/python3.8/site-packages/airflow/example_dags/example_kubernetes_executor.py for tasks to queue
[2024-10-09T11:23:58.937+0700] {logging_mixin.py:149} INFO - [2024-10-09T11:23:58.937+0700] {dagbag.py:541} INFO - Filling up the DagBag from /home/hasyidan/venv/lib/python3.8/site-packages/airflow/example_dags/example_kubernetes_executor.py
[2024-10-09T11:23:58.947+0700] {logging_mixin.py:149} INFO - [2024-10-09T11:23:58.947+0700] {example_kubernetes_executor.py:41} WARNING - The example_kubernetes_executor example DAG requires the kubernetes provider. Please install it with: pip install apache-airflow[cncf.kubernetes]
[2024-10-09T11:23:58.948+0700] {processor.py:838} WARNING - No viable dags retrieved from /home/hasyidan/venv/lib/python3.8/site-packages/airflow/example_dags/example_kubernetes_executor.py
[2024-10-09T11:23:58.984+0700] {processor.py:179} INFO - Processing /home/hasyidan/venv/lib/python3.8/site-packages/airflow/example_dags/example_kubernetes_executor.py took 0.096 seconds
[2024-10-09T11:25:07.041+0700] {processor.py:157} INFO - Started process (PID=5857) to work on /home/hasyidan/venv/lib/python3.8/site-packages/airflow/example_dags/example_kubernetes_executor.py
[2024-10-09T11:25:07.058+0700] {processor.py:826} INFO - Processing file /home/hasyidan/venv/lib/python3.8/site-packages/airflow/example_dags/example_kubernetes_executor.py for tasks to queue
[2024-10-09T11:25:07.063+0700] {logging_mixin.py:149} INFO - [2024-10-09T11:25:07.060+0700] {dagbag.py:541} INFO - Filling up the DagBag from /home/hasyidan/venv/lib/python3.8/site-packages/airflow/example_dags/example_kubernetes_executor.py
[2024-10-09T11:25:07.074+0700] {logging_mixin.py:149} INFO - [2024-10-09T11:25:07.073+0700] {example_kubernetes_executor.py:41} WARNING - The example_kubernetes_executor example DAG requires the kubernetes provider. Please install it with: pip install apache-airflow[cncf.kubernetes]
[2024-10-09T11:25:07.075+0700] {processor.py:838} WARNING - No viable dags retrieved from /home/hasyidan/venv/lib/python3.8/site-packages/airflow/example_dags/example_kubernetes_executor.py
[2024-10-09T11:25:07.118+0700] {processor.py:179} INFO - Processing /home/hasyidan/venv/lib/python3.8/site-packages/airflow/example_dags/example_kubernetes_executor.py took 0.095 seconds
[2024-10-09T11:28:37.072+0700] {processor.py:157} INFO - Started process (PID=6016) to work on /home/hasyidan/venv/lib/python3.8/site-packages/airflow/example_dags/example_kubernetes_executor.py
[2024-10-09T11:28:37.093+0700] {processor.py:826} INFO - Processing file /home/hasyidan/venv/lib/python3.8/site-packages/airflow/example_dags/example_kubernetes_executor.py for tasks to queue
[2024-10-09T11:28:37.098+0700] {logging_mixin.py:149} INFO - [2024-10-09T11:28:37.098+0700] {dagbag.py:541} INFO - Filling up the DagBag from /home/hasyidan/venv/lib/python3.8/site-packages/airflow/example_dags/example_kubernetes_executor.py
[2024-10-09T11:28:37.112+0700] {logging_mixin.py:149} INFO - [2024-10-09T11:28:37.108+0700] {example_kubernetes_executor.py:41} WARNING - The example_kubernetes_executor example DAG requires the kubernetes provider. Please install it with: pip install apache-airflow[cncf.kubernetes]
[2024-10-09T11:28:37.114+0700] {processor.py:838} WARNING - No viable dags retrieved from /home/hasyidan/venv/lib/python3.8/site-packages/airflow/example_dags/example_kubernetes_executor.py
[2024-10-09T11:28:37.150+0700] {processor.py:179} INFO - Processing /home/hasyidan/venv/lib/python3.8/site-packages/airflow/example_dags/example_kubernetes_executor.py took 0.086 seconds
[2024-10-09T11:32:50.007+0700] {processor.py:157} INFO - Started process (PID=6301) to work on /home/hasyidan/venv/lib/python3.8/site-packages/airflow/example_dags/example_kubernetes_executor.py
[2024-10-09T11:32:50.551+0700] {processor.py:826} INFO - Processing file /home/hasyidan/venv/lib/python3.8/site-packages/airflow/example_dags/example_kubernetes_executor.py for tasks to queue
[2024-10-09T11:32:50.554+0700] {logging_mixin.py:149} INFO - [2024-10-09T11:32:50.553+0700] {dagbag.py:541} INFO - Filling up the DagBag from /home/hasyidan/venv/lib/python3.8/site-packages/airflow/example_dags/example_kubernetes_executor.py
[2024-10-09T11:32:51.062+0700] {logging_mixin.py:149} INFO - [2024-10-09T11:32:51.062+0700] {example_kubernetes_executor.py:41} WARNING - The example_kubernetes_executor example DAG requires the kubernetes provider. Please install it with: pip install apache-airflow[cncf.kubernetes]
[2024-10-09T11:32:51.063+0700] {processor.py:838} WARNING - No viable dags retrieved from /home/hasyidan/venv/lib/python3.8/site-packages/airflow/example_dags/example_kubernetes_executor.py
[2024-10-09T11:32:51.087+0700] {processor.py:179} INFO - Processing /home/hasyidan/venv/lib/python3.8/site-packages/airflow/example_dags/example_kubernetes_executor.py took 1.086 seconds
[2024-10-09T11:35:44.326+0700] {processor.py:157} INFO - Started process (PID=6619) to work on /home/hasyidan/venv/lib/python3.8/site-packages/airflow/example_dags/example_kubernetes_executor.py
[2024-10-09T11:35:44.397+0700] {processor.py:826} INFO - Processing file /home/hasyidan/venv/lib/python3.8/site-packages/airflow/example_dags/example_kubernetes_executor.py for tasks to queue
[2024-10-09T11:35:44.400+0700] {logging_mixin.py:149} INFO - [2024-10-09T11:35:44.400+0700] {dagbag.py:541} INFO - Filling up the DagBag from /home/hasyidan/venv/lib/python3.8/site-packages/airflow/example_dags/example_kubernetes_executor.py
[2024-10-09T11:35:44.595+0700] {logging_mixin.py:149} INFO - [2024-10-09T11:35:44.595+0700] {example_kubernetes_executor.py:41} WARNING - The example_kubernetes_executor example DAG requires the kubernetes provider. Please install it with: pip install apache-airflow[cncf.kubernetes]
[2024-10-09T11:35:44.597+0700] {processor.py:838} WARNING - No viable dags retrieved from /home/hasyidan/venv/lib/python3.8/site-packages/airflow/example_dags/example_kubernetes_executor.py
[2024-10-09T11:35:44.711+0700] {processor.py:179} INFO - Processing /home/hasyidan/venv/lib/python3.8/site-packages/airflow/example_dags/example_kubernetes_executor.py took 0.393 seconds
[2024-10-09T11:40:39.666+0700] {processor.py:157} INFO - Started process (PID=6954) to work on /home/hasyidan/venv/lib/python3.8/site-packages/airflow/example_dags/example_kubernetes_executor.py
[2024-10-09T11:40:40.955+0700] {processor.py:826} INFO - Processing file /home/hasyidan/venv/lib/python3.8/site-packages/airflow/example_dags/example_kubernetes_executor.py for tasks to queue
[2024-10-09T11:40:41.035+0700] {logging_mixin.py:149} INFO - [2024-10-09T11:40:41.035+0700] {dagbag.py:541} INFO - Filling up the DagBag from /home/hasyidan/venv/lib/python3.8/site-packages/airflow/example_dags/example_kubernetes_executor.py
[2024-10-09T11:40:42.620+0700] {logging_mixin.py:149} INFO - [2024-10-09T11:40:42.619+0700] {example_kubernetes_executor.py:41} WARNING - The example_kubernetes_executor example DAG requires the kubernetes provider. Please install it with: pip install apache-airflow[cncf.kubernetes]
[2024-10-09T11:40:42.679+0700] {processor.py:838} WARNING - No viable dags retrieved from /home/hasyidan/venv/lib/python3.8/site-packages/airflow/example_dags/example_kubernetes_executor.py
[2024-10-09T11:40:43.461+0700] {processor.py:179} INFO - Processing /home/hasyidan/venv/lib/python3.8/site-packages/airflow/example_dags/example_kubernetes_executor.py took 4.400 seconds
