[2024-10-09T10:58:48.438+0700] {processor.py:157} INFO - Started process (PID=3936) to work on /home/hasyidan/venv/lib/python3.8/site-packages/airflow/example_dags/example_setup_teardown.py
[2024-10-09T10:58:48.440+0700] {processor.py:826} INFO - Processing file /home/hasyidan/venv/lib/python3.8/site-packages/airflow/example_dags/example_setup_teardown.py for tasks to queue
[2024-10-09T10:58:48.441+0700] {logging_mixin.py:149} INFO - [2024-10-09T10:58:48.441+0700] {dagbag.py:541} INFO - Filling up the DagBag from /home/hasyidan/venv/lib/python3.8/site-packages/airflow/example_dags/example_setup_teardown.py
[2024-10-09T10:58:48.447+0700] {processor.py:838} WARNING - No viable dags retrieved from /home/hasyidan/venv/lib/python3.8/site-packages/airflow/example_dags/example_setup_teardown.py
[2024-10-09T10:58:48.471+0700] {processor.py:179} INFO - Processing /home/hasyidan/venv/lib/python3.8/site-packages/airflow/example_dags/example_setup_teardown.py took 0.039 seconds
[2024-10-09T11:00:54.320+0700] {processor.py:157} INFO - Started process (PID=4099) to work on /home/hasyidan/venv/lib/python3.8/site-packages/airflow/example_dags/example_setup_teardown.py
[2024-10-09T11:00:54.369+0700] {processor.py:826} INFO - Processing file /home/hasyidan/venv/lib/python3.8/site-packages/airflow/example_dags/example_setup_teardown.py for tasks to queue
[2024-10-09T11:00:54.372+0700] {logging_mixin.py:149} INFO - [2024-10-09T11:00:54.371+0700] {dagbag.py:541} INFO - Filling up the DagBag from /home/hasyidan/venv/lib/python3.8/site-packages/airflow/example_dags/example_setup_teardown.py
[2024-10-09T11:00:54.409+0700] {processor.py:838} WARNING - No viable dags retrieved from /home/hasyidan/venv/lib/python3.8/site-packages/airflow/example_dags/example_setup_teardown.py
[2024-10-09T11:00:54.436+0700] {processor.py:179} INFO - Processing /home/hasyidan/venv/lib/python3.8/site-packages/airflow/example_dags/example_setup_teardown.py took 0.122 seconds
[2024-10-09T11:02:19.028+0700] {processor.py:157} INFO - Started process (PID=4192) to work on /home/hasyidan/venv/lib/python3.8/site-packages/airflow/example_dags/example_setup_teardown.py
[2024-10-09T11:02:19.046+0700] {processor.py:826} INFO - Processing file /home/hasyidan/venv/lib/python3.8/site-packages/airflow/example_dags/example_setup_teardown.py for tasks to queue
[2024-10-09T11:02:19.048+0700] {logging_mixin.py:149} INFO - [2024-10-09T11:02:19.047+0700] {dagbag.py:541} INFO - Filling up the DagBag from /home/hasyidan/venv/lib/python3.8/site-packages/airflow/example_dags/example_setup_teardown.py
[2024-10-09T11:02:19.051+0700] {processor.py:838} WARNING - No viable dags retrieved from /home/hasyidan/venv/lib/python3.8/site-packages/airflow/example_dags/example_setup_teardown.py
[2024-10-09T11:02:19.071+0700] {processor.py:179} INFO - Processing /home/hasyidan/venv/lib/python3.8/site-packages/airflow/example_dags/example_setup_teardown.py took 0.049 seconds
[2024-10-09T11:03:17.409+0700] {processor.py:157} INFO - Started process (PID=4247) to work on /home/hasyidan/venv/lib/python3.8/site-packages/airflow/example_dags/example_setup_teardown.py
[2024-10-09T11:03:17.438+0700] {processor.py:826} INFO - Processing file /home/hasyidan/venv/lib/python3.8/site-packages/airflow/example_dags/example_setup_teardown.py for tasks to queue
[2024-10-09T11:03:17.441+0700] {logging_mixin.py:149} INFO - [2024-10-09T11:03:17.440+0700] {dagbag.py:541} INFO - Filling up the DagBag from /home/hasyidan/venv/lib/python3.8/site-packages/airflow/example_dags/example_setup_teardown.py
[2024-10-09T11:03:17.447+0700] {processor.py:838} WARNING - No viable dags retrieved from /home/hasyidan/venv/lib/python3.8/site-packages/airflow/example_dags/example_setup_teardown.py
[2024-10-09T11:03:17.468+0700] {processor.py:179} INFO - Processing /home/hasyidan/venv/lib/python3.8/site-packages/airflow/example_dags/example_setup_teardown.py took 0.065 seconds
[2024-10-09T11:04:14.765+0700] {processor.py:157} INFO - Started process (PID=4301) to work on /home/hasyidan/venv/lib/python3.8/site-packages/airflow/example_dags/example_setup_teardown.py
[2024-10-09T11:04:14.789+0700] {processor.py:826} INFO - Processing file /home/hasyidan/venv/lib/python3.8/site-packages/airflow/example_dags/example_setup_teardown.py for tasks to queue
[2024-10-09T11:04:14.792+0700] {logging_mixin.py:149} INFO - [2024-10-09T11:04:14.791+0700] {dagbag.py:541} INFO - Filling up the DagBag from /home/hasyidan/venv/lib/python3.8/site-packages/airflow/example_dags/example_setup_teardown.py
[2024-10-09T11:04:14.796+0700] {processor.py:838} WARNING - No viable dags retrieved from /home/hasyidan/venv/lib/python3.8/site-packages/airflow/example_dags/example_setup_teardown.py
[2024-10-09T11:04:14.818+0700] {processor.py:179} INFO - Processing /home/hasyidan/venv/lib/python3.8/site-packages/airflow/example_dags/example_setup_teardown.py took 0.060 seconds
[2024-10-09T11:05:46.215+0700] {processor.py:157} INFO - Started process (PID=4463) to work on /home/hasyidan/venv/lib/python3.8/site-packages/airflow/example_dags/example_setup_teardown.py
[2024-10-09T11:05:46.251+0700] {processor.py:826} INFO - Processing file /home/hasyidan/venv/lib/python3.8/site-packages/airflow/example_dags/example_setup_teardown.py for tasks to queue
[2024-10-09T11:05:46.253+0700] {logging_mixin.py:149} INFO - [2024-10-09T11:05:46.253+0700] {dagbag.py:541} INFO - Filling up the DagBag from /home/hasyidan/venv/lib/python3.8/site-packages/airflow/example_dags/example_setup_teardown.py
[2024-10-09T11:05:46.277+0700] {processor.py:838} WARNING - No viable dags retrieved from /home/hasyidan/venv/lib/python3.8/site-packages/airflow/example_dags/example_setup_teardown.py
[2024-10-09T11:05:46.300+0700] {processor.py:179} INFO - Processing /home/hasyidan/venv/lib/python3.8/site-packages/airflow/example_dags/example_setup_teardown.py took 0.091 seconds
[2024-10-09T11:07:09.702+0700] {processor.py:157} INFO - Started process (PID=4595) to work on /home/hasyidan/venv/lib/python3.8/site-packages/airflow/example_dags/example_setup_teardown.py
[2024-10-09T11:07:09.715+0700] {processor.py:826} INFO - Processing file /home/hasyidan/venv/lib/python3.8/site-packages/airflow/example_dags/example_setup_teardown.py for tasks to queue
[2024-10-09T11:07:09.717+0700] {logging_mixin.py:149} INFO - [2024-10-09T11:07:09.716+0700] {dagbag.py:541} INFO - Filling up the DagBag from /home/hasyidan/venv/lib/python3.8/site-packages/airflow/example_dags/example_setup_teardown.py
[2024-10-09T11:07:09.732+0700] {processor.py:838} WARNING - No viable dags retrieved from /home/hasyidan/venv/lib/python3.8/site-packages/airflow/example_dags/example_setup_teardown.py
[2024-10-09T11:07:09.755+0700] {processor.py:179} INFO - Processing /home/hasyidan/venv/lib/python3.8/site-packages/airflow/example_dags/example_setup_teardown.py took 0.061 seconds
[2024-10-09T11:08:13.487+0700] {processor.py:157} INFO - Started process (PID=4668) to work on /home/hasyidan/venv/lib/python3.8/site-packages/airflow/example_dags/example_setup_teardown.py
[2024-10-09T11:08:13.507+0700] {processor.py:826} INFO - Processing file /home/hasyidan/venv/lib/python3.8/site-packages/airflow/example_dags/example_setup_teardown.py for tasks to queue
[2024-10-09T11:08:13.511+0700] {logging_mixin.py:149} INFO - [2024-10-09T11:08:13.510+0700] {dagbag.py:541} INFO - Filling up the DagBag from /home/hasyidan/venv/lib/python3.8/site-packages/airflow/example_dags/example_setup_teardown.py
[2024-10-09T11:08:13.517+0700] {processor.py:838} WARNING - No viable dags retrieved from /home/hasyidan/venv/lib/python3.8/site-packages/airflow/example_dags/example_setup_teardown.py
[2024-10-09T11:08:13.538+0700] {processor.py:179} INFO - Processing /home/hasyidan/venv/lib/python3.8/site-packages/airflow/example_dags/example_setup_teardown.py took 0.058 seconds
[2024-10-09T11:09:11.492+0700] {processor.py:157} INFO - Started process (PID=4722) to work on /home/hasyidan/venv/lib/python3.8/site-packages/airflow/example_dags/example_setup_teardown.py
[2024-10-09T11:09:11.499+0700] {processor.py:826} INFO - Processing file /home/hasyidan/venv/lib/python3.8/site-packages/airflow/example_dags/example_setup_teardown.py for tasks to queue
[2024-10-09T11:09:11.501+0700] {logging_mixin.py:149} INFO - [2024-10-09T11:09:11.501+0700] {dagbag.py:541} INFO - Filling up the DagBag from /home/hasyidan/venv/lib/python3.8/site-packages/airflow/example_dags/example_setup_teardown.py
[2024-10-09T11:09:11.505+0700] {processor.py:838} WARNING - No viable dags retrieved from /home/hasyidan/venv/lib/python3.8/site-packages/airflow/example_dags/example_setup_teardown.py
[2024-10-09T11:09:11.526+0700] {processor.py:179} INFO - Processing /home/hasyidan/venv/lib/python3.8/site-packages/airflow/example_dags/example_setup_teardown.py took 0.040 seconds
[2024-10-09T11:10:03.959+0700] {processor.py:157} INFO - Started process (PID=4776) to work on /home/hasyidan/venv/lib/python3.8/site-packages/airflow/example_dags/example_setup_teardown.py
[2024-10-09T11:10:03.995+0700] {processor.py:826} INFO - Processing file /home/hasyidan/venv/lib/python3.8/site-packages/airflow/example_dags/example_setup_teardown.py for tasks to queue
[2024-10-09T11:10:03.998+0700] {logging_mixin.py:149} INFO - [2024-10-09T11:10:03.997+0700] {dagbag.py:541} INFO - Filling up the DagBag from /home/hasyidan/venv/lib/python3.8/site-packages/airflow/example_dags/example_setup_teardown.py
[2024-10-09T11:10:04.003+0700] {processor.py:838} WARNING - No viable dags retrieved from /home/hasyidan/venv/lib/python3.8/site-packages/airflow/example_dags/example_setup_teardown.py
[2024-10-09T11:10:04.025+0700] {processor.py:179} INFO - Processing /home/hasyidan/venv/lib/python3.8/site-packages/airflow/example_dags/example_setup_teardown.py took 0.072 seconds
[2024-10-09T11:10:55.434+0700] {processor.py:157} INFO - Started process (PID=4836) to work on /home/hasyidan/venv/lib/python3.8/site-packages/airflow/example_dags/example_setup_teardown.py
[2024-10-09T11:10:55.469+0700] {processor.py:826} INFO - Processing file /home/hasyidan/venv/lib/python3.8/site-packages/airflow/example_dags/example_setup_teardown.py for tasks to queue
[2024-10-09T11:10:55.471+0700] {logging_mixin.py:149} INFO - [2024-10-09T11:10:55.470+0700] {dagbag.py:541} INFO - Filling up the DagBag from /home/hasyidan/venv/lib/python3.8/site-packages/airflow/example_dags/example_setup_teardown.py
[2024-10-09T11:10:55.476+0700] {processor.py:838} WARNING - No viable dags retrieved from /home/hasyidan/venv/lib/python3.8/site-packages/airflow/example_dags/example_setup_teardown.py
[2024-10-09T11:10:55.498+0700] {processor.py:179} INFO - Processing /home/hasyidan/venv/lib/python3.8/site-packages/airflow/example_dags/example_setup_teardown.py took 0.070 seconds
[2024-10-09T11:11:50.262+0700] {processor.py:157} INFO - Started process (PID=4894) to work on /home/hasyidan/venv/lib/python3.8/site-packages/airflow/example_dags/example_setup_teardown.py
[2024-10-09T11:11:50.283+0700] {processor.py:826} INFO - Processing file /home/hasyidan/venv/lib/python3.8/site-packages/airflow/example_dags/example_setup_teardown.py for tasks to queue
[2024-10-09T11:11:50.286+0700] {logging_mixin.py:149} INFO - [2024-10-09T11:11:50.285+0700] {dagbag.py:541} INFO - Filling up the DagBag from /home/hasyidan/venv/lib/python3.8/site-packages/airflow/example_dags/example_setup_teardown.py
[2024-10-09T11:11:50.292+0700] {processor.py:838} WARNING - No viable dags retrieved from /home/hasyidan/venv/lib/python3.8/site-packages/airflow/example_dags/example_setup_teardown.py
[2024-10-09T11:11:50.312+0700] {processor.py:179} INFO - Processing /home/hasyidan/venv/lib/python3.8/site-packages/airflow/example_dags/example_setup_teardown.py took 0.057 seconds
[2024-10-09T11:12:41.962+0700] {processor.py:157} INFO - Started process (PID=4951) to work on /home/hasyidan/venv/lib/python3.8/site-packages/airflow/example_dags/example_setup_teardown.py
[2024-10-09T11:12:41.973+0700] {processor.py:826} INFO - Processing file /home/hasyidan/venv/lib/python3.8/site-packages/airflow/example_dags/example_setup_teardown.py for tasks to queue
[2024-10-09T11:12:41.975+0700] {logging_mixin.py:149} INFO - [2024-10-09T11:12:41.975+0700] {dagbag.py:541} INFO - Filling up the DagBag from /home/hasyidan/venv/lib/python3.8/site-packages/airflow/example_dags/example_setup_teardown.py
[2024-10-09T11:12:41.980+0700] {processor.py:838} WARNING - No viable dags retrieved from /home/hasyidan/venv/lib/python3.8/site-packages/airflow/example_dags/example_setup_teardown.py
[2024-10-09T11:12:42.002+0700] {processor.py:179} INFO - Processing /home/hasyidan/venv/lib/python3.8/site-packages/airflow/example_dags/example_setup_teardown.py took 0.047 seconds
[2024-10-09T11:13:35.811+0700] {processor.py:157} INFO - Started process (PID=5010) to work on /home/hasyidan/venv/lib/python3.8/site-packages/airflow/example_dags/example_setup_teardown.py
[2024-10-09T11:13:35.822+0700] {processor.py:826} INFO - Processing file /home/hasyidan/venv/lib/python3.8/site-packages/airflow/example_dags/example_setup_teardown.py for tasks to queue
[2024-10-09T11:13:35.825+0700] {logging_mixin.py:149} INFO - [2024-10-09T11:13:35.824+0700] {dagbag.py:541} INFO - Filling up the DagBag from /home/hasyidan/venv/lib/python3.8/site-packages/airflow/example_dags/example_setup_teardown.py
[2024-10-09T11:13:35.831+0700] {processor.py:838} WARNING - No viable dags retrieved from /home/hasyidan/venv/lib/python3.8/site-packages/airflow/example_dags/example_setup_teardown.py
[2024-10-09T11:13:35.851+0700] {processor.py:179} INFO - Processing /home/hasyidan/venv/lib/python3.8/site-packages/airflow/example_dags/example_setup_teardown.py took 0.047 seconds
[2024-10-09T11:14:49.987+0700] {processor.py:157} INFO - Started process (PID=5105) to work on /home/hasyidan/venv/lib/python3.8/site-packages/airflow/example_dags/example_setup_teardown.py
[2024-10-09T11:14:50.316+0700] {processor.py:826} INFO - Processing file /home/hasyidan/venv/lib/python3.8/site-packages/airflow/example_dags/example_setup_teardown.py for tasks to queue
[2024-10-09T11:14:50.318+0700] {logging_mixin.py:149} INFO - [2024-10-09T11:14:50.318+0700] {dagbag.py:541} INFO - Filling up the DagBag from /home/hasyidan/venv/lib/python3.8/site-packages/airflow/example_dags/example_setup_teardown.py
[2024-10-09T11:14:50.413+0700] {processor.py:838} WARNING - No viable dags retrieved from /home/hasyidan/venv/lib/python3.8/site-packages/airflow/example_dags/example_setup_teardown.py
[2024-10-09T11:14:50.437+0700] {processor.py:179} INFO - Processing /home/hasyidan/venv/lib/python3.8/site-packages/airflow/example_dags/example_setup_teardown.py took 0.456 seconds
[2024-10-09T11:16:02.223+0700] {processor.py:157} INFO - Started process (PID=5300) to work on /home/hasyidan/venv/lib/python3.8/site-packages/airflow/example_dags/example_setup_teardown.py
[2024-10-09T11:16:02.291+0700] {processor.py:826} INFO - Processing file /home/hasyidan/venv/lib/python3.8/site-packages/airflow/example_dags/example_setup_teardown.py for tasks to queue
[2024-10-09T11:16:02.293+0700] {logging_mixin.py:149} INFO - [2024-10-09T11:16:02.293+0700] {dagbag.py:541} INFO - Filling up the DagBag from /home/hasyidan/venv/lib/python3.8/site-packages/airflow/example_dags/example_setup_teardown.py
[2024-10-09T11:16:02.297+0700] {processor.py:838} WARNING - No viable dags retrieved from /home/hasyidan/venv/lib/python3.8/site-packages/airflow/example_dags/example_setup_teardown.py
[2024-10-09T11:16:02.337+0700] {processor.py:179} INFO - Processing /home/hasyidan/venv/lib/python3.8/site-packages/airflow/example_dags/example_setup_teardown.py took 0.126 seconds
[2024-10-09T11:17:11.503+0700] {processor.py:157} INFO - Started process (PID=5368) to work on /home/hasyidan/venv/lib/python3.8/site-packages/airflow/example_dags/example_setup_teardown.py
[2024-10-09T11:17:11.530+0700] {processor.py:826} INFO - Processing file /home/hasyidan/venv/lib/python3.8/site-packages/airflow/example_dags/example_setup_teardown.py for tasks to queue
[2024-10-09T11:17:11.533+0700] {logging_mixin.py:149} INFO - [2024-10-09T11:17:11.532+0700] {dagbag.py:541} INFO - Filling up the DagBag from /home/hasyidan/venv/lib/python3.8/site-packages/airflow/example_dags/example_setup_teardown.py
[2024-10-09T11:17:11.537+0700] {processor.py:838} WARNING - No viable dags retrieved from /home/hasyidan/venv/lib/python3.8/site-packages/airflow/example_dags/example_setup_teardown.py
[2024-10-09T11:17:11.565+0700] {processor.py:179} INFO - Processing /home/hasyidan/venv/lib/python3.8/site-packages/airflow/example_dags/example_setup_teardown.py took 0.070 seconds
[2024-10-09T11:18:21.738+0700] {processor.py:157} INFO - Started process (PID=5437) to work on /home/hasyidan/venv/lib/python3.8/site-packages/airflow/example_dags/example_setup_teardown.py
[2024-10-09T11:18:21.748+0700] {processor.py:826} INFO - Processing file /home/hasyidan/venv/lib/python3.8/site-packages/airflow/example_dags/example_setup_teardown.py for tasks to queue
[2024-10-09T11:18:21.751+0700] {logging_mixin.py:149} INFO - [2024-10-09T11:18:21.750+0700] {dagbag.py:541} INFO - Filling up the DagBag from /home/hasyidan/venv/lib/python3.8/site-packages/airflow/example_dags/example_setup_teardown.py
[2024-10-09T11:18:21.756+0700] {processor.py:838} WARNING - No viable dags retrieved from /home/hasyidan/venv/lib/python3.8/site-packages/airflow/example_dags/example_setup_teardown.py
[2024-10-09T11:18:21.802+0700] {processor.py:179} INFO - Processing /home/hasyidan/venv/lib/python3.8/site-packages/airflow/example_dags/example_setup_teardown.py took 0.072 seconds
[2024-10-09T11:19:24.160+0700] {processor.py:157} INFO - Started process (PID=5502) to work on /home/hasyidan/venv/lib/python3.8/site-packages/airflow/example_dags/example_setup_teardown.py
[2024-10-09T11:19:24.196+0700] {processor.py:826} INFO - Processing file /home/hasyidan/venv/lib/python3.8/site-packages/airflow/example_dags/example_setup_teardown.py for tasks to queue
[2024-10-09T11:19:24.202+0700] {logging_mixin.py:149} INFO - [2024-10-09T11:19:24.202+0700] {dagbag.py:541} INFO - Filling up the DagBag from /home/hasyidan/venv/lib/python3.8/site-packages/airflow/example_dags/example_setup_teardown.py
[2024-10-09T11:19:24.213+0700] {processor.py:838} WARNING - No viable dags retrieved from /home/hasyidan/venv/lib/python3.8/site-packages/airflow/example_dags/example_setup_teardown.py
[2024-10-09T11:19:24.260+0700] {processor.py:179} INFO - Processing /home/hasyidan/venv/lib/python3.8/site-packages/airflow/example_dags/example_setup_teardown.py took 0.109 seconds
[2024-10-09T11:20:29.157+0700] {processor.py:157} INFO - Started process (PID=5577) to work on /home/hasyidan/venv/lib/python3.8/site-packages/airflow/example_dags/example_setup_teardown.py
[2024-10-09T11:20:29.187+0700] {processor.py:826} INFO - Processing file /home/hasyidan/venv/lib/python3.8/site-packages/airflow/example_dags/example_setup_teardown.py for tasks to queue
[2024-10-09T11:20:29.190+0700] {logging_mixin.py:149} INFO - [2024-10-09T11:20:29.189+0700] {dagbag.py:541} INFO - Filling up the DagBag from /home/hasyidan/venv/lib/python3.8/site-packages/airflow/example_dags/example_setup_teardown.py
[2024-10-09T11:20:29.196+0700] {processor.py:838} WARNING - No viable dags retrieved from /home/hasyidan/venv/lib/python3.8/site-packages/airflow/example_dags/example_setup_teardown.py
[2024-10-09T11:20:29.231+0700] {processor.py:179} INFO - Processing /home/hasyidan/venv/lib/python3.8/site-packages/airflow/example_dags/example_setup_teardown.py took 0.081 seconds
[2024-10-09T11:21:37.595+0700] {processor.py:157} INFO - Started process (PID=5647) to work on /home/hasyidan/venv/lib/python3.8/site-packages/airflow/example_dags/example_setup_teardown.py
[2024-10-09T11:21:37.612+0700] {processor.py:826} INFO - Processing file /home/hasyidan/venv/lib/python3.8/site-packages/airflow/example_dags/example_setup_teardown.py for tasks to queue
[2024-10-09T11:21:37.614+0700] {logging_mixin.py:149} INFO - [2024-10-09T11:21:37.614+0700] {dagbag.py:541} INFO - Filling up the DagBag from /home/hasyidan/venv/lib/python3.8/site-packages/airflow/example_dags/example_setup_teardown.py
[2024-10-09T11:21:37.618+0700] {processor.py:838} WARNING - No viable dags retrieved from /home/hasyidan/venv/lib/python3.8/site-packages/airflow/example_dags/example_setup_teardown.py
[2024-10-09T11:21:37.659+0700] {processor.py:179} INFO - Processing /home/hasyidan/venv/lib/python3.8/site-packages/airflow/example_dags/example_setup_teardown.py took 0.074 seconds
[2024-10-09T11:22:39.299+0700] {processor.py:157} INFO - Started process (PID=5709) to work on /home/hasyidan/venv/lib/python3.8/site-packages/airflow/example_dags/example_setup_teardown.py
[2024-10-09T11:22:39.329+0700] {processor.py:826} INFO - Processing file /home/hasyidan/venv/lib/python3.8/site-packages/airflow/example_dags/example_setup_teardown.py for tasks to queue
[2024-10-09T11:22:39.331+0700] {logging_mixin.py:149} INFO - [2024-10-09T11:22:39.331+0700] {dagbag.py:541} INFO - Filling up the DagBag from /home/hasyidan/venv/lib/python3.8/site-packages/airflow/example_dags/example_setup_teardown.py
[2024-10-09T11:22:39.339+0700] {processor.py:838} WARNING - No viable dags retrieved from /home/hasyidan/venv/lib/python3.8/site-packages/airflow/example_dags/example_setup_teardown.py
[2024-10-09T11:22:39.368+0700] {processor.py:179} INFO - Processing /home/hasyidan/venv/lib/python3.8/site-packages/airflow/example_dags/example_setup_teardown.py took 0.076 seconds
[2024-10-09T11:23:46.821+0700] {processor.py:157} INFO - Started process (PID=5773) to work on /home/hasyidan/venv/lib/python3.8/site-packages/airflow/example_dags/example_setup_teardown.py
[2024-10-09T11:23:46.853+0700] {processor.py:826} INFO - Processing file /home/hasyidan/venv/lib/python3.8/site-packages/airflow/example_dags/example_setup_teardown.py for tasks to queue
[2024-10-09T11:23:46.856+0700] {logging_mixin.py:149} INFO - [2024-10-09T11:23:46.856+0700] {dagbag.py:541} INFO - Filling up the DagBag from /home/hasyidan/venv/lib/python3.8/site-packages/airflow/example_dags/example_setup_teardown.py
[2024-10-09T11:23:46.865+0700] {processor.py:838} WARNING - No viable dags retrieved from /home/hasyidan/venv/lib/python3.8/site-packages/airflow/example_dags/example_setup_teardown.py
[2024-10-09T11:23:46.902+0700] {processor.py:179} INFO - Processing /home/hasyidan/venv/lib/python3.8/site-packages/airflow/example_dags/example_setup_teardown.py took 0.092 seconds
[2024-10-09T11:24:53.864+0700] {processor.py:157} INFO - Started process (PID=5841) to work on /home/hasyidan/venv/lib/python3.8/site-packages/airflow/example_dags/example_setup_teardown.py
[2024-10-09T11:24:53.917+0700] {processor.py:826} INFO - Processing file /home/hasyidan/venv/lib/python3.8/site-packages/airflow/example_dags/example_setup_teardown.py for tasks to queue
[2024-10-09T11:24:53.919+0700] {logging_mixin.py:149} INFO - [2024-10-09T11:24:53.919+0700] {dagbag.py:541} INFO - Filling up the DagBag from /home/hasyidan/venv/lib/python3.8/site-packages/airflow/example_dags/example_setup_teardown.py
[2024-10-09T11:24:53.930+0700] {processor.py:838} WARNING - No viable dags retrieved from /home/hasyidan/venv/lib/python3.8/site-packages/airflow/example_dags/example_setup_teardown.py
[2024-10-09T11:24:53.976+0700] {processor.py:179} INFO - Processing /home/hasyidan/venv/lib/python3.8/site-packages/airflow/example_dags/example_setup_teardown.py took 0.121 seconds
[2024-10-09T11:27:56.432+0700] {processor.py:157} INFO - Started process (PID=5988) to work on /home/hasyidan/venv/lib/python3.8/site-packages/airflow/example_dags/example_setup_teardown.py
[2024-10-09T11:27:56.554+0700] {processor.py:826} INFO - Processing file /home/hasyidan/venv/lib/python3.8/site-packages/airflow/example_dags/example_setup_teardown.py for tasks to queue
[2024-10-09T11:27:56.556+0700] {logging_mixin.py:149} INFO - [2024-10-09T11:27:56.555+0700] {dagbag.py:541} INFO - Filling up the DagBag from /home/hasyidan/venv/lib/python3.8/site-packages/airflow/example_dags/example_setup_teardown.py
[2024-10-09T11:27:56.605+0700] {processor.py:838} WARNING - No viable dags retrieved from /home/hasyidan/venv/lib/python3.8/site-packages/airflow/example_dags/example_setup_teardown.py
[2024-10-09T11:27:56.931+0700] {processor.py:179} INFO - Processing /home/hasyidan/venv/lib/python3.8/site-packages/airflow/example_dags/example_setup_teardown.py took 0.514 seconds
[2024-10-09T11:29:39.043+0700] {processor.py:157} INFO - Started process (PID=6058) to work on /home/hasyidan/venv/lib/python3.8/site-packages/airflow/example_dags/example_setup_teardown.py
[2024-10-09T11:29:39.181+0700] {processor.py:826} INFO - Processing file /home/hasyidan/venv/lib/python3.8/site-packages/airflow/example_dags/example_setup_teardown.py for tasks to queue
[2024-10-09T11:29:39.184+0700] {logging_mixin.py:149} INFO - [2024-10-09T11:29:39.184+0700] {dagbag.py:541} INFO - Filling up the DagBag from /home/hasyidan/venv/lib/python3.8/site-packages/airflow/example_dags/example_setup_teardown.py
[2024-10-09T11:29:39.543+0700] {processor.py:838} WARNING - No viable dags retrieved from /home/hasyidan/venv/lib/python3.8/site-packages/airflow/example_dags/example_setup_teardown.py
[2024-10-09T11:29:39.568+0700] {processor.py:179} INFO - Processing /home/hasyidan/venv/lib/python3.8/site-packages/airflow/example_dags/example_setup_teardown.py took 0.536 seconds
[2024-10-09T11:34:31.025+0700] {processor.py:157} INFO - Started process (PID=6536) to work on /home/hasyidan/venv/lib/python3.8/site-packages/airflow/example_dags/example_setup_teardown.py
[2024-10-09T11:34:31.361+0700] {processor.py:826} INFO - Processing file /home/hasyidan/venv/lib/python3.8/site-packages/airflow/example_dags/example_setup_teardown.py for tasks to queue
[2024-10-09T11:34:31.364+0700] {logging_mixin.py:149} INFO - [2024-10-09T11:34:31.363+0700] {dagbag.py:541} INFO - Filling up the DagBag from /home/hasyidan/venv/lib/python3.8/site-packages/airflow/example_dags/example_setup_teardown.py
[2024-10-09T11:34:31.474+0700] {processor.py:838} WARNING - No viable dags retrieved from /home/hasyidan/venv/lib/python3.8/site-packages/airflow/example_dags/example_setup_teardown.py
[2024-10-09T11:34:31.507+0700] {processor.py:179} INFO - Processing /home/hasyidan/venv/lib/python3.8/site-packages/airflow/example_dags/example_setup_teardown.py took 0.495 seconds
[2024-10-09T11:36:32.966+0700] {processor.py:157} INFO - Started process (PID=6655) to work on /home/hasyidan/venv/lib/python3.8/site-packages/airflow/example_dags/example_setup_teardown.py
[2024-10-09T11:36:33.007+0700] {processor.py:826} INFO - Processing file /home/hasyidan/venv/lib/python3.8/site-packages/airflow/example_dags/example_setup_teardown.py for tasks to queue
[2024-10-09T11:36:33.012+0700] {logging_mixin.py:149} INFO - [2024-10-09T11:36:33.011+0700] {dagbag.py:541} INFO - Filling up the DagBag from /home/hasyidan/venv/lib/python3.8/site-packages/airflow/example_dags/example_setup_teardown.py
[2024-10-09T11:36:33.196+0700] {processor.py:838} WARNING - No viable dags retrieved from /home/hasyidan/venv/lib/python3.8/site-packages/airflow/example_dags/example_setup_teardown.py
[2024-10-09T11:36:33.221+0700] {processor.py:179} INFO - Processing /home/hasyidan/venv/lib/python3.8/site-packages/airflow/example_dags/example_setup_teardown.py took 0.262 seconds
[2024-10-09T11:39:34.135+0700] {processor.py:157} INFO - Started process (PID=6896) to work on /home/hasyidan/venv/lib/python3.8/site-packages/airflow/example_dags/example_setup_teardown.py
[2024-10-09T11:39:34.182+0700] {processor.py:826} INFO - Processing file /home/hasyidan/venv/lib/python3.8/site-packages/airflow/example_dags/example_setup_teardown.py for tasks to queue
[2024-10-09T11:39:34.184+0700] {logging_mixin.py:149} INFO - [2024-10-09T11:39:34.184+0700] {dagbag.py:541} INFO - Filling up the DagBag from /home/hasyidan/venv/lib/python3.8/site-packages/airflow/example_dags/example_setup_teardown.py
[2024-10-09T11:39:34.206+0700] {processor.py:838} WARNING - No viable dags retrieved from /home/hasyidan/venv/lib/python3.8/site-packages/airflow/example_dags/example_setup_teardown.py
[2024-10-09T11:39:34.229+0700] {processor.py:179} INFO - Processing /home/hasyidan/venv/lib/python3.8/site-packages/airflow/example_dags/example_setup_teardown.py took 0.103 seconds
