[2024-10-09T10:59:54.755+0700] {processor.py:157} INFO - Started process (PID=3973) to work on /home/hasyidan/venv/lib/python3.8/site-packages/airflow/example_dags/example_branch_day_of_week_operator.py
[2024-10-09T10:59:54.756+0700] {processor.py:826} INFO - Processing file /home/hasyidan/venv/lib/python3.8/site-packages/airflow/example_dags/example_branch_day_of_week_operator.py for tasks to queue
[2024-10-09T10:59:54.758+0700] {logging_mixin.py:149} INFO - [2024-10-09T10:59:54.757+0700] {dagbag.py:541} INFO - Filling up the DagBag from /home/hasyidan/venv/lib/python3.8/site-packages/airflow/example_dags/example_branch_day_of_week_operator.py
[2024-10-09T10:59:54.853+0700] {processor.py:836} INFO - DAG(s) dict_keys(['example_weekday_branch_operator']) retrieved from /home/hasyidan/venv/lib/python3.8/site-packages/airflow/example_dags/example_branch_day_of_week_operator.py
[2024-10-09T10:59:54.952+0700] {logging_mixin.py:149} INFO - [2024-10-09T10:59:54.951+0700] {dag.py:2726} INFO - Sync 1 DAGs
[2024-10-09T10:59:55.000+0700] {logging_mixin.py:149} INFO - [2024-10-09T10:59:55.000+0700] {dag.py:3486} INFO - Setting next_dagrun for example_weekday_branch_operator to 2024-10-08T00:00:00+00:00, run_after=2024-10-09T00:00:00+00:00
[2024-10-09T10:59:55.854+0700] {processor.py:179} INFO - Processing /home/hasyidan/venv/lib/python3.8/site-packages/airflow/example_dags/example_branch_day_of_week_operator.py took 1.105 seconds
[2024-10-09T11:01:55.626+0700] {processor.py:157} INFO - Started process (PID=4170) to work on /home/hasyidan/venv/lib/python3.8/site-packages/airflow/example_dags/example_branch_day_of_week_operator.py
[2024-10-09T11:01:55.670+0700] {processor.py:826} INFO - Processing file /home/hasyidan/venv/lib/python3.8/site-packages/airflow/example_dags/example_branch_day_of_week_operator.py for tasks to queue
[2024-10-09T11:01:55.673+0700] {logging_mixin.py:149} INFO - [2024-10-09T11:01:55.673+0700] {dagbag.py:541} INFO - Filling up the DagBag from /home/hasyidan/venv/lib/python3.8/site-packages/airflow/example_dags/example_branch_day_of_week_operator.py
[2024-10-09T11:01:55.693+0700] {processor.py:836} INFO - DAG(s) dict_keys(['example_weekday_branch_operator']) retrieved from /home/hasyidan/venv/lib/python3.8/site-packages/airflow/example_dags/example_branch_day_of_week_operator.py
[2024-10-09T11:01:55.933+0700] {logging_mixin.py:149} INFO - [2024-10-09T11:01:55.932+0700] {dag.py:2726} INFO - Sync 1 DAGs
[2024-10-09T11:01:55.974+0700] {logging_mixin.py:149} INFO - [2024-10-09T11:01:55.974+0700] {dag.py:3486} INFO - Setting next_dagrun for example_weekday_branch_operator to 2024-10-08T00:00:00+00:00, run_after=2024-10-09T00:00:00+00:00
[2024-10-09T11:01:56.428+0700] {processor.py:179} INFO - Processing /home/hasyidan/venv/lib/python3.8/site-packages/airflow/example_dags/example_branch_day_of_week_operator.py took 0.808 seconds
[2024-10-09T11:02:59.976+0700] {processor.py:157} INFO - Started process (PID=4229) to work on /home/hasyidan/venv/lib/python3.8/site-packages/airflow/example_dags/example_branch_day_of_week_operator.py
[2024-10-09T11:02:59.978+0700] {processor.py:826} INFO - Processing file /home/hasyidan/venv/lib/python3.8/site-packages/airflow/example_dags/example_branch_day_of_week_operator.py for tasks to queue
[2024-10-09T11:02:59.979+0700] {logging_mixin.py:149} INFO - [2024-10-09T11:02:59.979+0700] {dagbag.py:541} INFO - Filling up the DagBag from /home/hasyidan/venv/lib/python3.8/site-packages/airflow/example_dags/example_branch_day_of_week_operator.py
[2024-10-09T11:02:59.993+0700] {processor.py:836} INFO - DAG(s) dict_keys(['example_weekday_branch_operator']) retrieved from /home/hasyidan/venv/lib/python3.8/site-packages/airflow/example_dags/example_branch_day_of_week_operator.py
[2024-10-09T11:03:00.035+0700] {logging_mixin.py:149} INFO - [2024-10-09T11:03:00.034+0700] {dag.py:2726} INFO - Sync 1 DAGs
[2024-10-09T11:03:00.080+0700] {logging_mixin.py:149} INFO - [2024-10-09T11:03:00.080+0700] {dag.py:3486} INFO - Setting next_dagrun for example_weekday_branch_operator to 2024-10-08T00:00:00+00:00, run_after=2024-10-09T00:00:00+00:00
[2024-10-09T11:03:00.209+0700] {processor.py:179} INFO - Processing /home/hasyidan/venv/lib/python3.8/site-packages/airflow/example_dags/example_branch_day_of_week_operator.py took 0.240 seconds
[2024-10-09T11:03:58.266+0700] {processor.py:157} INFO - Started process (PID=4285) to work on /home/hasyidan/venv/lib/python3.8/site-packages/airflow/example_dags/example_branch_day_of_week_operator.py
[2024-10-09T11:03:58.268+0700] {processor.py:826} INFO - Processing file /home/hasyidan/venv/lib/python3.8/site-packages/airflow/example_dags/example_branch_day_of_week_operator.py for tasks to queue
[2024-10-09T11:03:58.270+0700] {logging_mixin.py:149} INFO - [2024-10-09T11:03:58.269+0700] {dagbag.py:541} INFO - Filling up the DagBag from /home/hasyidan/venv/lib/python3.8/site-packages/airflow/example_dags/example_branch_day_of_week_operator.py
[2024-10-09T11:03:58.284+0700] {processor.py:836} INFO - DAG(s) dict_keys(['example_weekday_branch_operator']) retrieved from /home/hasyidan/venv/lib/python3.8/site-packages/airflow/example_dags/example_branch_day_of_week_operator.py
[2024-10-09T11:03:58.324+0700] {logging_mixin.py:149} INFO - [2024-10-09T11:03:58.324+0700] {dag.py:2726} INFO - Sync 1 DAGs
[2024-10-09T11:03:58.370+0700] {logging_mixin.py:149} INFO - [2024-10-09T11:03:58.370+0700] {dag.py:3486} INFO - Setting next_dagrun for example_weekday_branch_operator to 2024-10-08T00:00:00+00:00, run_after=2024-10-09T00:00:00+00:00
[2024-10-09T11:03:58.503+0700] {processor.py:179} INFO - Processing /home/hasyidan/venv/lib/python3.8/site-packages/airflow/example_dags/example_branch_day_of_week_operator.py took 0.244 seconds
[2024-10-09T11:06:11.230+0700] {processor.py:157} INFO - Started process (PID=4484) to work on /home/hasyidan/venv/lib/python3.8/site-packages/airflow/example_dags/example_branch_day_of_week_operator.py
[2024-10-09T11:06:11.336+0700] {processor.py:826} INFO - Processing file /home/hasyidan/venv/lib/python3.8/site-packages/airflow/example_dags/example_branch_day_of_week_operator.py for tasks to queue
[2024-10-09T11:06:11.339+0700] {logging_mixin.py:149} INFO - [2024-10-09T11:06:11.338+0700] {dagbag.py:541} INFO - Filling up the DagBag from /home/hasyidan/venv/lib/python3.8/site-packages/airflow/example_dags/example_branch_day_of_week_operator.py
[2024-10-09T11:06:11.383+0700] {processor.py:836} INFO - DAG(s) dict_keys(['example_weekday_branch_operator']) retrieved from /home/hasyidan/venv/lib/python3.8/site-packages/airflow/example_dags/example_branch_day_of_week_operator.py
[2024-10-09T11:06:11.555+0700] {logging_mixin.py:149} INFO - [2024-10-09T11:06:11.555+0700] {dag.py:2726} INFO - Sync 1 DAGs
[2024-10-09T11:06:11.602+0700] {logging_mixin.py:149} INFO - [2024-10-09T11:06:11.602+0700] {dag.py:3486} INFO - Setting next_dagrun for example_weekday_branch_operator to 2024-10-08T00:00:00+00:00, run_after=2024-10-09T00:00:00+00:00
[2024-10-09T11:06:12.243+0700] {processor.py:179} INFO - Processing /home/hasyidan/venv/lib/python3.8/site-packages/airflow/example_dags/example_branch_day_of_week_operator.py took 1.019 seconds
[2024-10-09T11:07:53.170+0700] {processor.py:157} INFO - Started process (PID=4651) to work on /home/hasyidan/venv/lib/python3.8/site-packages/airflow/example_dags/example_branch_day_of_week_operator.py
[2024-10-09T11:07:53.180+0700] {processor.py:826} INFO - Processing file /home/hasyidan/venv/lib/python3.8/site-packages/airflow/example_dags/example_branch_day_of_week_operator.py for tasks to queue
[2024-10-09T11:07:53.182+0700] {logging_mixin.py:149} INFO - [2024-10-09T11:07:53.181+0700] {dagbag.py:541} INFO - Filling up the DagBag from /home/hasyidan/venv/lib/python3.8/site-packages/airflow/example_dags/example_branch_day_of_week_operator.py
[2024-10-09T11:07:53.199+0700] {processor.py:836} INFO - DAG(s) dict_keys(['example_weekday_branch_operator']) retrieved from /home/hasyidan/venv/lib/python3.8/site-packages/airflow/example_dags/example_branch_day_of_week_operator.py
[2024-10-09T11:07:53.240+0700] {logging_mixin.py:149} INFO - [2024-10-09T11:07:53.240+0700] {dag.py:2726} INFO - Sync 1 DAGs
[2024-10-09T11:07:53.286+0700] {logging_mixin.py:149} INFO - [2024-10-09T11:07:53.286+0700] {dag.py:3486} INFO - Setting next_dagrun for example_weekday_branch_operator to 2024-10-08T00:00:00+00:00, run_after=2024-10-09T00:00:00+00:00
[2024-10-09T11:07:53.396+0700] {processor.py:179} INFO - Processing /home/hasyidan/venv/lib/python3.8/site-packages/airflow/example_dags/example_branch_day_of_week_operator.py took 0.231 seconds
[2024-10-09T11:08:53.380+0700] {processor.py:157} INFO - Started process (PID=4708) to work on /home/hasyidan/venv/lib/python3.8/site-packages/airflow/example_dags/example_branch_day_of_week_operator.py
[2024-10-09T11:08:53.390+0700] {processor.py:826} INFO - Processing file /home/hasyidan/venv/lib/python3.8/site-packages/airflow/example_dags/example_branch_day_of_week_operator.py for tasks to queue
[2024-10-09T11:08:53.392+0700] {logging_mixin.py:149} INFO - [2024-10-09T11:08:53.392+0700] {dagbag.py:541} INFO - Filling up the DagBag from /home/hasyidan/venv/lib/python3.8/site-packages/airflow/example_dags/example_branch_day_of_week_operator.py
[2024-10-09T11:08:53.410+0700] {processor.py:836} INFO - DAG(s) dict_keys(['example_weekday_branch_operator']) retrieved from /home/hasyidan/venv/lib/python3.8/site-packages/airflow/example_dags/example_branch_day_of_week_operator.py
[2024-10-09T11:08:53.451+0700] {logging_mixin.py:149} INFO - [2024-10-09T11:08:53.450+0700] {dag.py:2726} INFO - Sync 1 DAGs
[2024-10-09T11:08:53.499+0700] {logging_mixin.py:149} INFO - [2024-10-09T11:08:53.499+0700] {dag.py:3486} INFO - Setting next_dagrun for example_weekday_branch_operator to 2024-10-08T00:00:00+00:00, run_after=2024-10-09T00:00:00+00:00
[2024-10-09T11:08:53.626+0700] {processor.py:179} INFO - Processing /home/hasyidan/venv/lib/python3.8/site-packages/airflow/example_dags/example_branch_day_of_week_operator.py took 0.252 seconds
[2024-10-09T11:09:48.910+0700] {processor.py:157} INFO - Started process (PID=4762) to work on /home/hasyidan/venv/lib/python3.8/site-packages/airflow/example_dags/example_branch_day_of_week_operator.py
[2024-10-09T11:09:48.934+0700] {processor.py:826} INFO - Processing file /home/hasyidan/venv/lib/python3.8/site-packages/airflow/example_dags/example_branch_day_of_week_operator.py for tasks to queue
[2024-10-09T11:09:48.935+0700] {logging_mixin.py:149} INFO - [2024-10-09T11:09:48.935+0700] {dagbag.py:541} INFO - Filling up the DagBag from /home/hasyidan/venv/lib/python3.8/site-packages/airflow/example_dags/example_branch_day_of_week_operator.py
[2024-10-09T11:09:48.951+0700] {processor.py:836} INFO - DAG(s) dict_keys(['example_weekday_branch_operator']) retrieved from /home/hasyidan/venv/lib/python3.8/site-packages/airflow/example_dags/example_branch_day_of_week_operator.py
[2024-10-09T11:09:49.075+0700] {logging_mixin.py:149} INFO - [2024-10-09T11:09:49.075+0700] {dag.py:2726} INFO - Sync 1 DAGs
[2024-10-09T11:09:49.127+0700] {logging_mixin.py:149} INFO - [2024-10-09T11:09:49.127+0700] {dag.py:3486} INFO - Setting next_dagrun for example_weekday_branch_operator to 2024-10-08T00:00:00+00:00, run_after=2024-10-09T00:00:00+00:00
[2024-10-09T11:09:49.246+0700] {processor.py:179} INFO - Processing /home/hasyidan/venv/lib/python3.8/site-packages/airflow/example_dags/example_branch_day_of_week_operator.py took 0.343 seconds
[2024-10-09T11:11:07.287+0700] {processor.py:157} INFO - Started process (PID=4850) to work on /home/hasyidan/venv/lib/python3.8/site-packages/airflow/example_dags/example_branch_day_of_week_operator.py
[2024-10-09T11:11:07.334+0700] {processor.py:826} INFO - Processing file /home/hasyidan/venv/lib/python3.8/site-packages/airflow/example_dags/example_branch_day_of_week_operator.py for tasks to queue
[2024-10-09T11:11:07.337+0700] {logging_mixin.py:149} INFO - [2024-10-09T11:11:07.337+0700] {dagbag.py:541} INFO - Filling up the DagBag from /home/hasyidan/venv/lib/python3.8/site-packages/airflow/example_dags/example_branch_day_of_week_operator.py
[2024-10-09T11:11:07.355+0700] {processor.py:836} INFO - DAG(s) dict_keys(['example_weekday_branch_operator']) retrieved from /home/hasyidan/venv/lib/python3.8/site-packages/airflow/example_dags/example_branch_day_of_week_operator.py
[2024-10-09T11:11:07.397+0700] {logging_mixin.py:149} INFO - [2024-10-09T11:11:07.397+0700] {dag.py:2726} INFO - Sync 1 DAGs
[2024-10-09T11:11:07.442+0700] {logging_mixin.py:149} INFO - [2024-10-09T11:11:07.442+0700] {dag.py:3486} INFO - Setting next_dagrun for example_weekday_branch_operator to 2024-10-08T00:00:00+00:00, run_after=2024-10-09T00:00:00+00:00
[2024-10-09T11:11:07.559+0700] {processor.py:179} INFO - Processing /home/hasyidan/venv/lib/python3.8/site-packages/airflow/example_dags/example_branch_day_of_week_operator.py took 0.278 seconds
[2024-10-09T11:12:26.328+0700] {processor.py:157} INFO - Started process (PID=4934) to work on /home/hasyidan/venv/lib/python3.8/site-packages/airflow/example_dags/example_branch_day_of_week_operator.py
[2024-10-09T11:12:26.343+0700] {processor.py:826} INFO - Processing file /home/hasyidan/venv/lib/python3.8/site-packages/airflow/example_dags/example_branch_day_of_week_operator.py for tasks to queue
[2024-10-09T11:12:26.346+0700] {logging_mixin.py:149} INFO - [2024-10-09T11:12:26.345+0700] {dagbag.py:541} INFO - Filling up the DagBag from /home/hasyidan/venv/lib/python3.8/site-packages/airflow/example_dags/example_branch_day_of_week_operator.py
[2024-10-09T11:12:26.365+0700] {processor.py:836} INFO - DAG(s) dict_keys(['example_weekday_branch_operator']) retrieved from /home/hasyidan/venv/lib/python3.8/site-packages/airflow/example_dags/example_branch_day_of_week_operator.py
[2024-10-09T11:12:26.405+0700] {logging_mixin.py:149} INFO - [2024-10-09T11:12:26.404+0700] {dag.py:2726} INFO - Sync 1 DAGs
[2024-10-09T11:12:26.453+0700] {logging_mixin.py:149} INFO - [2024-10-09T11:12:26.453+0700] {dag.py:3486} INFO - Setting next_dagrun for example_weekday_branch_operator to 2024-10-08T00:00:00+00:00, run_after=2024-10-09T00:00:00+00:00
[2024-10-09T11:12:26.582+0700] {processor.py:179} INFO - Processing /home/hasyidan/venv/lib/python3.8/site-packages/airflow/example_dags/example_branch_day_of_week_operator.py took 0.261 seconds
[2024-10-09T11:13:21.761+0700] {processor.py:157} INFO - Started process (PID=4993) to work on /home/hasyidan/venv/lib/python3.8/site-packages/airflow/example_dags/example_branch_day_of_week_operator.py
[2024-10-09T11:13:21.791+0700] {processor.py:826} INFO - Processing file /home/hasyidan/venv/lib/python3.8/site-packages/airflow/example_dags/example_branch_day_of_week_operator.py for tasks to queue
[2024-10-09T11:13:21.793+0700] {logging_mixin.py:149} INFO - [2024-10-09T11:13:21.793+0700] {dagbag.py:541} INFO - Filling up the DagBag from /home/hasyidan/venv/lib/python3.8/site-packages/airflow/example_dags/example_branch_day_of_week_operator.py
[2024-10-09T11:13:21.811+0700] {processor.py:836} INFO - DAG(s) dict_keys(['example_weekday_branch_operator']) retrieved from /home/hasyidan/venv/lib/python3.8/site-packages/airflow/example_dags/example_branch_day_of_week_operator.py
[2024-10-09T11:13:21.852+0700] {logging_mixin.py:149} INFO - [2024-10-09T11:13:21.852+0700] {dag.py:2726} INFO - Sync 1 DAGs
[2024-10-09T11:13:21.897+0700] {logging_mixin.py:149} INFO - [2024-10-09T11:13:21.897+0700] {dag.py:3486} INFO - Setting next_dagrun for example_weekday_branch_operator to 2024-10-08T00:00:00+00:00, run_after=2024-10-09T00:00:00+00:00
[2024-10-09T11:13:22.029+0700] {processor.py:179} INFO - Processing /home/hasyidan/venv/lib/python3.8/site-packages/airflow/example_dags/example_branch_day_of_week_operator.py took 0.275 seconds
[2024-10-09T11:15:17.342+0700] {processor.py:157} INFO - Started process (PID=5153) to work on /home/hasyidan/venv/lib/python3.8/site-packages/airflow/example_dags/example_branch_day_of_week_operator.py
[2024-10-09T11:15:17.837+0700] {processor.py:826} INFO - Processing file /home/hasyidan/venv/lib/python3.8/site-packages/airflow/example_dags/example_branch_day_of_week_operator.py for tasks to queue
[2024-10-09T11:15:17.839+0700] {logging_mixin.py:149} INFO - [2024-10-09T11:15:17.838+0700] {dagbag.py:541} INFO - Filling up the DagBag from /home/hasyidan/venv/lib/python3.8/site-packages/airflow/example_dags/example_branch_day_of_week_operator.py
[2024-10-09T11:15:17.857+0700] {processor.py:836} INFO - DAG(s) dict_keys(['example_weekday_branch_operator']) retrieved from /home/hasyidan/venv/lib/python3.8/site-packages/airflow/example_dags/example_branch_day_of_week_operator.py
[2024-10-09T11:15:17.924+0700] {logging_mixin.py:149} INFO - [2024-10-09T11:15:17.919+0700] {dag.py:2726} INFO - Sync 1 DAGs
[2024-10-09T11:15:18.015+0700] {logging_mixin.py:149} INFO - [2024-10-09T11:15:18.015+0700] {dag.py:3486} INFO - Setting next_dagrun for example_weekday_branch_operator to 2024-10-08T00:00:00+00:00, run_after=2024-10-09T00:00:00+00:00
[2024-10-09T11:15:20.015+0700] {processor.py:179} INFO - Processing /home/hasyidan/venv/lib/python3.8/site-packages/airflow/example_dags/example_branch_day_of_week_operator.py took 2.681 seconds
[2024-10-09T11:16:53.895+0700] {processor.py:157} INFO - Started process (PID=5350) to work on /home/hasyidan/venv/lib/python3.8/site-packages/airflow/example_dags/example_branch_day_of_week_operator.py
[2024-10-09T11:16:53.915+0700] {processor.py:826} INFO - Processing file /home/hasyidan/venv/lib/python3.8/site-packages/airflow/example_dags/example_branch_day_of_week_operator.py for tasks to queue
[2024-10-09T11:16:53.917+0700] {logging_mixin.py:149} INFO - [2024-10-09T11:16:53.916+0700] {dagbag.py:541} INFO - Filling up the DagBag from /home/hasyidan/venv/lib/python3.8/site-packages/airflow/example_dags/example_branch_day_of_week_operator.py
[2024-10-09T11:16:53.958+0700] {processor.py:836} INFO - DAG(s) dict_keys(['example_weekday_branch_operator']) retrieved from /home/hasyidan/venv/lib/python3.8/site-packages/airflow/example_dags/example_branch_day_of_week_operator.py
[2024-10-09T11:16:54.065+0700] {logging_mixin.py:149} INFO - [2024-10-09T11:16:54.065+0700] {dag.py:2726} INFO - Sync 1 DAGs
[2024-10-09T11:16:54.155+0700] {logging_mixin.py:149} INFO - [2024-10-09T11:16:54.154+0700] {dag.py:3486} INFO - Setting next_dagrun for example_weekday_branch_operator to 2024-10-08T00:00:00+00:00, run_after=2024-10-09T00:00:00+00:00
[2024-10-09T11:16:54.304+0700] {processor.py:179} INFO - Processing /home/hasyidan/venv/lib/python3.8/site-packages/airflow/example_dags/example_branch_day_of_week_operator.py took 0.417 seconds
[2024-10-09T11:18:02.453+0700] {processor.py:157} INFO - Started process (PID=5420) to work on /home/hasyidan/venv/lib/python3.8/site-packages/airflow/example_dags/example_branch_day_of_week_operator.py
[2024-10-09T11:18:02.486+0700] {processor.py:826} INFO - Processing file /home/hasyidan/venv/lib/python3.8/site-packages/airflow/example_dags/example_branch_day_of_week_operator.py for tasks to queue
[2024-10-09T11:18:02.489+0700] {logging_mixin.py:149} INFO - [2024-10-09T11:18:02.487+0700] {dagbag.py:541} INFO - Filling up the DagBag from /home/hasyidan/venv/lib/python3.8/site-packages/airflow/example_dags/example_branch_day_of_week_operator.py
[2024-10-09T11:18:02.516+0700] {processor.py:836} INFO - DAG(s) dict_keys(['example_weekday_branch_operator']) retrieved from /home/hasyidan/venv/lib/python3.8/site-packages/airflow/example_dags/example_branch_day_of_week_operator.py
[2024-10-09T11:18:02.579+0700] {logging_mixin.py:149} INFO - [2024-10-09T11:18:02.579+0700] {dag.py:2726} INFO - Sync 1 DAGs
[2024-10-09T11:18:02.654+0700] {logging_mixin.py:149} INFO - [2024-10-09T11:18:02.654+0700] {dag.py:3486} INFO - Setting next_dagrun for example_weekday_branch_operator to 2024-10-08T00:00:00+00:00, run_after=2024-10-09T00:00:00+00:00
[2024-10-09T11:18:02.816+0700] {processor.py:179} INFO - Processing /home/hasyidan/venv/lib/python3.8/site-packages/airflow/example_dags/example_branch_day_of_week_operator.py took 0.372 seconds
[2024-10-09T11:19:08.845+0700] {processor.py:157} INFO - Started process (PID=5486) to work on /home/hasyidan/venv/lib/python3.8/site-packages/airflow/example_dags/example_branch_day_of_week_operator.py
[2024-10-09T11:19:08.878+0700] {processor.py:826} INFO - Processing file /home/hasyidan/venv/lib/python3.8/site-packages/airflow/example_dags/example_branch_day_of_week_operator.py for tasks to queue
[2024-10-09T11:19:08.880+0700] {logging_mixin.py:149} INFO - [2024-10-09T11:19:08.879+0700] {dagbag.py:541} INFO - Filling up the DagBag from /home/hasyidan/venv/lib/python3.8/site-packages/airflow/example_dags/example_branch_day_of_week_operator.py
[2024-10-09T11:19:08.920+0700] {processor.py:836} INFO - DAG(s) dict_keys(['example_weekday_branch_operator']) retrieved from /home/hasyidan/venv/lib/python3.8/site-packages/airflow/example_dags/example_branch_day_of_week_operator.py
[2024-10-09T11:19:09.076+0700] {logging_mixin.py:149} INFO - [2024-10-09T11:19:09.076+0700] {dag.py:2726} INFO - Sync 1 DAGs
[2024-10-09T11:19:09.163+0700] {logging_mixin.py:149} INFO - [2024-10-09T11:19:09.163+0700] {dag.py:3486} INFO - Setting next_dagrun for example_weekday_branch_operator to 2024-10-08T00:00:00+00:00, run_after=2024-10-09T00:00:00+00:00
[2024-10-09T11:19:09.308+0700] {processor.py:179} INFO - Processing /home/hasyidan/venv/lib/python3.8/site-packages/airflow/example_dags/example_branch_day_of_week_operator.py took 0.475 seconds
[2024-10-09T11:20:11.417+0700] {processor.py:157} INFO - Started process (PID=5554) to work on /home/hasyidan/venv/lib/python3.8/site-packages/airflow/example_dags/example_branch_day_of_week_operator.py
[2024-10-09T11:20:11.427+0700] {processor.py:826} INFO - Processing file /home/hasyidan/venv/lib/python3.8/site-packages/airflow/example_dags/example_branch_day_of_week_operator.py for tasks to queue
[2024-10-09T11:20:11.429+0700] {logging_mixin.py:149} INFO - [2024-10-09T11:20:11.429+0700] {dagbag.py:541} INFO - Filling up the DagBag from /home/hasyidan/venv/lib/python3.8/site-packages/airflow/example_dags/example_branch_day_of_week_operator.py
[2024-10-09T11:20:11.461+0700] {processor.py:836} INFO - DAG(s) dict_keys(['example_weekday_branch_operator']) retrieved from /home/hasyidan/venv/lib/python3.8/site-packages/airflow/example_dags/example_branch_day_of_week_operator.py
[2024-10-09T11:20:11.525+0700] {logging_mixin.py:149} INFO - [2024-10-09T11:20:11.524+0700] {dag.py:2726} INFO - Sync 1 DAGs
[2024-10-09T11:20:11.618+0700] {logging_mixin.py:149} INFO - [2024-10-09T11:20:11.617+0700] {dag.py:3486} INFO - Setting next_dagrun for example_weekday_branch_operator to 2024-10-08T00:00:00+00:00, run_after=2024-10-09T00:00:00+00:00
[2024-10-09T11:20:11.764+0700] {processor.py:179} INFO - Processing /home/hasyidan/venv/lib/python3.8/site-packages/airflow/example_dags/example_branch_day_of_week_operator.py took 0.354 seconds
[2024-10-09T11:21:19.137+0700] {processor.py:157} INFO - Started process (PID=5628) to work on /home/hasyidan/venv/lib/python3.8/site-packages/airflow/example_dags/example_branch_day_of_week_operator.py
[2024-10-09T11:21:19.173+0700] {processor.py:826} INFO - Processing file /home/hasyidan/venv/lib/python3.8/site-packages/airflow/example_dags/example_branch_day_of_week_operator.py for tasks to queue
[2024-10-09T11:21:19.179+0700] {logging_mixin.py:149} INFO - [2024-10-09T11:21:19.177+0700] {dagbag.py:541} INFO - Filling up the DagBag from /home/hasyidan/venv/lib/python3.8/site-packages/airflow/example_dags/example_branch_day_of_week_operator.py
[2024-10-09T11:21:19.223+0700] {processor.py:836} INFO - DAG(s) dict_keys(['example_weekday_branch_operator']) retrieved from /home/hasyidan/venv/lib/python3.8/site-packages/airflow/example_dags/example_branch_day_of_week_operator.py
[2024-10-09T11:21:19.302+0700] {logging_mixin.py:149} INFO - [2024-10-09T11:21:19.301+0700] {dag.py:2726} INFO - Sync 1 DAGs
[2024-10-09T11:21:19.383+0700] {logging_mixin.py:149} INFO - [2024-10-09T11:21:19.382+0700] {dag.py:3486} INFO - Setting next_dagrun for example_weekday_branch_operator to 2024-10-08T00:00:00+00:00, run_after=2024-10-09T00:00:00+00:00
[2024-10-09T11:21:19.553+0700] {processor.py:179} INFO - Processing /home/hasyidan/venv/lib/python3.8/site-packages/airflow/example_dags/example_branch_day_of_week_operator.py took 0.423 seconds
[2024-10-09T11:22:23.985+0700] {processor.py:157} INFO - Started process (PID=5690) to work on /home/hasyidan/venv/lib/python3.8/site-packages/airflow/example_dags/example_branch_day_of_week_operator.py
[2024-10-09T11:22:24.000+0700] {processor.py:826} INFO - Processing file /home/hasyidan/venv/lib/python3.8/site-packages/airflow/example_dags/example_branch_day_of_week_operator.py for tasks to queue
[2024-10-09T11:22:24.003+0700] {logging_mixin.py:149} INFO - [2024-10-09T11:22:24.003+0700] {dagbag.py:541} INFO - Filling up the DagBag from /home/hasyidan/venv/lib/python3.8/site-packages/airflow/example_dags/example_branch_day_of_week_operator.py
[2024-10-09T11:22:24.027+0700] {processor.py:836} INFO - DAG(s) dict_keys(['example_weekday_branch_operator']) retrieved from /home/hasyidan/venv/lib/python3.8/site-packages/airflow/example_dags/example_branch_day_of_week_operator.py
[2024-10-09T11:22:24.105+0700] {logging_mixin.py:149} INFO - [2024-10-09T11:22:24.104+0700] {dag.py:2726} INFO - Sync 1 DAGs
[2024-10-09T11:22:24.192+0700] {logging_mixin.py:149} INFO - [2024-10-09T11:22:24.191+0700] {dag.py:3486} INFO - Setting next_dagrun for example_weekday_branch_operator to 2024-10-08T00:00:00+00:00, run_after=2024-10-09T00:00:00+00:00
[2024-10-09T11:22:24.325+0700] {processor.py:179} INFO - Processing /home/hasyidan/venv/lib/python3.8/site-packages/airflow/example_dags/example_branch_day_of_week_operator.py took 0.346 seconds
[2024-10-09T11:23:27.524+0700] {processor.py:157} INFO - Started process (PID=5752) to work on /home/hasyidan/venv/lib/python3.8/site-packages/airflow/example_dags/example_branch_day_of_week_operator.py
[2024-10-09T11:23:27.526+0700] {processor.py:826} INFO - Processing file /home/hasyidan/venv/lib/python3.8/site-packages/airflow/example_dags/example_branch_day_of_week_operator.py for tasks to queue
[2024-10-09T11:23:27.528+0700] {logging_mixin.py:149} INFO - [2024-10-09T11:23:27.528+0700] {dagbag.py:541} INFO - Filling up the DagBag from /home/hasyidan/venv/lib/python3.8/site-packages/airflow/example_dags/example_branch_day_of_week_operator.py
[2024-10-09T11:23:27.559+0700] {processor.py:836} INFO - DAG(s) dict_keys(['example_weekday_branch_operator']) retrieved from /home/hasyidan/venv/lib/python3.8/site-packages/airflow/example_dags/example_branch_day_of_week_operator.py
[2024-10-09T11:23:27.635+0700] {logging_mixin.py:149} INFO - [2024-10-09T11:23:27.635+0700] {dag.py:2726} INFO - Sync 1 DAGs
[2024-10-09T11:23:27.738+0700] {logging_mixin.py:149} INFO - [2024-10-09T11:23:27.738+0700] {dag.py:3486} INFO - Setting next_dagrun for example_weekday_branch_operator to 2024-10-08T00:00:00+00:00, run_after=2024-10-09T00:00:00+00:00
[2024-10-09T11:23:27.907+0700] {processor.py:179} INFO - Processing /home/hasyidan/venv/lib/python3.8/site-packages/airflow/example_dags/example_branch_day_of_week_operator.py took 0.396 seconds
[2024-10-09T11:24:34.534+0700] {processor.py:157} INFO - Started process (PID=5824) to work on /home/hasyidan/venv/lib/python3.8/site-packages/airflow/example_dags/example_branch_day_of_week_operator.py
[2024-10-09T11:24:34.559+0700] {processor.py:826} INFO - Processing file /home/hasyidan/venv/lib/python3.8/site-packages/airflow/example_dags/example_branch_day_of_week_operator.py for tasks to queue
[2024-10-09T11:24:34.562+0700] {logging_mixin.py:149} INFO - [2024-10-09T11:24:34.561+0700] {dagbag.py:541} INFO - Filling up the DagBag from /home/hasyidan/venv/lib/python3.8/site-packages/airflow/example_dags/example_branch_day_of_week_operator.py
[2024-10-09T11:24:34.587+0700] {processor.py:836} INFO - DAG(s) dict_keys(['example_weekday_branch_operator']) retrieved from /home/hasyidan/venv/lib/python3.8/site-packages/airflow/example_dags/example_branch_day_of_week_operator.py
[2024-10-09T11:24:34.665+0700] {logging_mixin.py:149} INFO - [2024-10-09T11:24:34.664+0700] {dag.py:2726} INFO - Sync 1 DAGs
[2024-10-09T11:24:34.750+0700] {logging_mixin.py:149} INFO - [2024-10-09T11:24:34.749+0700] {dag.py:3486} INFO - Setting next_dagrun for example_weekday_branch_operator to 2024-10-08T00:00:00+00:00, run_after=2024-10-09T00:00:00+00:00
[2024-10-09T11:24:34.920+0700] {processor.py:179} INFO - Processing /home/hasyidan/venv/lib/python3.8/site-packages/airflow/example_dags/example_branch_day_of_week_operator.py took 0.399 seconds
[2024-10-09T11:25:42.694+0700] {processor.py:157} INFO - Started process (PID=5900) to work on /home/hasyidan/venv/lib/python3.8/site-packages/airflow/example_dags/example_branch_day_of_week_operator.py
[2024-10-09T11:25:42.733+0700] {processor.py:826} INFO - Processing file /home/hasyidan/venv/lib/python3.8/site-packages/airflow/example_dags/example_branch_day_of_week_operator.py for tasks to queue
[2024-10-09T11:25:42.735+0700] {logging_mixin.py:149} INFO - [2024-10-09T11:25:42.734+0700] {dagbag.py:541} INFO - Filling up the DagBag from /home/hasyidan/venv/lib/python3.8/site-packages/airflow/example_dags/example_branch_day_of_week_operator.py
[2024-10-09T11:25:42.769+0700] {processor.py:836} INFO - DAG(s) dict_keys(['example_weekday_branch_operator']) retrieved from /home/hasyidan/venv/lib/python3.8/site-packages/airflow/example_dags/example_branch_day_of_week_operator.py
[2024-10-09T11:25:42.888+0700] {logging_mixin.py:149} INFO - [2024-10-09T11:25:42.887+0700] {dag.py:2726} INFO - Sync 1 DAGs
[2024-10-09T11:25:42.987+0700] {logging_mixin.py:149} INFO - [2024-10-09T11:25:42.987+0700] {dag.py:3486} INFO - Setting next_dagrun for example_weekday_branch_operator to 2024-10-08T00:00:00+00:00, run_after=2024-10-09T00:00:00+00:00
[2024-10-09T11:25:43.268+0700] {processor.py:179} INFO - Processing /home/hasyidan/venv/lib/python3.8/site-packages/airflow/example_dags/example_branch_day_of_week_operator.py took 0.590 seconds
[2024-10-09T11:28:43.117+0700] {processor.py:157} INFO - Started process (PID=6020) to work on /home/hasyidan/venv/lib/python3.8/site-packages/airflow/example_dags/example_branch_day_of_week_operator.py
[2024-10-09T11:28:43.151+0700] {processor.py:826} INFO - Processing file /home/hasyidan/venv/lib/python3.8/site-packages/airflow/example_dags/example_branch_day_of_week_operator.py for tasks to queue
[2024-10-09T11:28:43.154+0700] {logging_mixin.py:149} INFO - [2024-10-09T11:28:43.153+0700] {dagbag.py:541} INFO - Filling up the DagBag from /home/hasyidan/venv/lib/python3.8/site-packages/airflow/example_dags/example_branch_day_of_week_operator.py
[2024-10-09T11:28:43.182+0700] {processor.py:836} INFO - DAG(s) dict_keys(['example_weekday_branch_operator']) retrieved from /home/hasyidan/venv/lib/python3.8/site-packages/airflow/example_dags/example_branch_day_of_week_operator.py
[2024-10-09T11:28:43.266+0700] {logging_mixin.py:149} INFO - [2024-10-09T11:28:43.266+0700] {dag.py:2726} INFO - Sync 1 DAGs
[2024-10-09T11:28:43.373+0700] {logging_mixin.py:149} INFO - [2024-10-09T11:28:43.373+0700] {dag.py:3486} INFO - Setting next_dagrun for example_weekday_branch_operator to 2024-10-08T00:00:00+00:00, run_after=2024-10-09T00:00:00+00:00
[2024-10-09T11:28:43.813+0700] {processor.py:179} INFO - Processing /home/hasyidan/venv/lib/python3.8/site-packages/airflow/example_dags/example_branch_day_of_week_operator.py took 0.702 seconds
[2024-10-09T11:33:02.349+0700] {processor.py:157} INFO - Started process (PID=6313) to work on /home/hasyidan/venv/lib/python3.8/site-packages/airflow/example_dags/example_branch_day_of_week_operator.py
[2024-10-09T11:33:02.620+0700] {processor.py:826} INFO - Processing file /home/hasyidan/venv/lib/python3.8/site-packages/airflow/example_dags/example_branch_day_of_week_operator.py for tasks to queue
[2024-10-09T11:33:02.622+0700] {logging_mixin.py:149} INFO - [2024-10-09T11:33:02.622+0700] {dagbag.py:541} INFO - Filling up the DagBag from /home/hasyidan/venv/lib/python3.8/site-packages/airflow/example_dags/example_branch_day_of_week_operator.py
[2024-10-09T11:33:02.836+0700] {processor.py:836} INFO - DAG(s) dict_keys(['example_weekday_branch_operator']) retrieved from /home/hasyidan/venv/lib/python3.8/site-packages/airflow/example_dags/example_branch_day_of_week_operator.py
[2024-10-09T11:33:03.071+0700] {logging_mixin.py:149} INFO - [2024-10-09T11:33:03.071+0700] {dag.py:2726} INFO - Sync 1 DAGs
[2024-10-09T11:33:03.138+0700] {logging_mixin.py:149} INFO - [2024-10-09T11:33:03.138+0700] {dag.py:3486} INFO - Setting next_dagrun for example_weekday_branch_operator to 2024-10-08T00:00:00+00:00, run_after=2024-10-09T00:00:00+00:00
[2024-10-09T11:33:03.589+0700] {processor.py:179} INFO - Processing /home/hasyidan/venv/lib/python3.8/site-packages/airflow/example_dags/example_branch_day_of_week_operator.py took 1.247 seconds
[2024-10-09T11:35:52.021+0700] {processor.py:157} INFO - Started process (PID=6625) to work on /home/hasyidan/venv/lib/python3.8/site-packages/airflow/example_dags/example_branch_day_of_week_operator.py
[2024-10-09T11:35:52.103+0700] {processor.py:826} INFO - Processing file /home/hasyidan/venv/lib/python3.8/site-packages/airflow/example_dags/example_branch_day_of_week_operator.py for tasks to queue
[2024-10-09T11:35:52.105+0700] {logging_mixin.py:149} INFO - [2024-10-09T11:35:52.104+0700] {dagbag.py:541} INFO - Filling up the DagBag from /home/hasyidan/venv/lib/python3.8/site-packages/airflow/example_dags/example_branch_day_of_week_operator.py
[2024-10-09T11:35:52.184+0700] {processor.py:836} INFO - DAG(s) dict_keys(['example_weekday_branch_operator']) retrieved from /home/hasyidan/venv/lib/python3.8/site-packages/airflow/example_dags/example_branch_day_of_week_operator.py
[2024-10-09T11:35:52.239+0700] {logging_mixin.py:149} INFO - [2024-10-09T11:35:52.238+0700] {dag.py:2726} INFO - Sync 1 DAGs
[2024-10-09T11:35:52.294+0700] {logging_mixin.py:149} INFO - [2024-10-09T11:35:52.293+0700] {dag.py:3486} INFO - Setting next_dagrun for example_weekday_branch_operator to 2024-10-08T00:00:00+00:00, run_after=2024-10-09T00:00:00+00:00
[2024-10-09T11:35:52.571+0700] {processor.py:179} INFO - Processing /home/hasyidan/venv/lib/python3.8/site-packages/airflow/example_dags/example_branch_day_of_week_operator.py took 0.556 seconds
