[2024-10-09T10:59:20.817+0700] {processor.py:157} INFO - Started process (PID=3954) to work on /home/hasyidan/venv/lib/python3.8/site-packages/airflow/example_dags/example_latest_only_with_trigger.py
[2024-10-09T10:59:20.818+0700] {processor.py:826} INFO - Processing file /home/hasyidan/venv/lib/python3.8/site-packages/airflow/example_dags/example_latest_only_with_trigger.py for tasks to queue
[2024-10-09T10:59:20.819+0700] {logging_mixin.py:149} INFO - [2024-10-09T10:59:20.819+0700] {dagbag.py:541} INFO - Filling up the DagBag from /home/hasyidan/venv/lib/python3.8/site-packages/airflow/example_dags/example_latest_only_with_trigger.py
[2024-10-09T10:59:20.964+0700] {processor.py:836} INFO - DAG(s) dict_keys(['latest_only_with_trigger']) retrieved from /home/hasyidan/venv/lib/python3.8/site-packages/airflow/example_dags/example_latest_only_with_trigger.py
[2024-10-09T10:59:21.102+0700] {logging_mixin.py:149} INFO - [2024-10-09T10:59:21.102+0700] {dag.py:2726} INFO - Sync 1 DAGs
[2024-10-09T10:59:21.297+0700] {logging_mixin.py:149} INFO - [2024-10-09T10:59:21.297+0700] {dag.py:3486} INFO - Setting next_dagrun for latest_only_with_trigger to 2024-10-08T23:59:21.296591+00:00, run_after=2024-10-09T03:59:21.296591+00:00
[2024-10-09T10:59:22.239+0700] {processor.py:179} INFO - Processing /home/hasyidan/venv/lib/python3.8/site-packages/airflow/example_dags/example_latest_only_with_trigger.py took 1.428 seconds
[2024-10-09T11:01:15.844+0700] {processor.py:157} INFO - Started process (PID=4133) to work on /home/hasyidan/venv/lib/python3.8/site-packages/airflow/example_dags/example_latest_only_with_trigger.py
[2024-10-09T11:01:15.884+0700] {processor.py:826} INFO - Processing file /home/hasyidan/venv/lib/python3.8/site-packages/airflow/example_dags/example_latest_only_with_trigger.py for tasks to queue
[2024-10-09T11:01:15.886+0700] {logging_mixin.py:149} INFO - [2024-10-09T11:01:15.886+0700] {dagbag.py:541} INFO - Filling up the DagBag from /home/hasyidan/venv/lib/python3.8/site-packages/airflow/example_dags/example_latest_only_with_trigger.py
[2024-10-09T11:01:15.909+0700] {processor.py:836} INFO - DAG(s) dict_keys(['latest_only_with_trigger']) retrieved from /home/hasyidan/venv/lib/python3.8/site-packages/airflow/example_dags/example_latest_only_with_trigger.py
[2024-10-09T11:01:15.988+0700] {logging_mixin.py:149} INFO - [2024-10-09T11:01:15.987+0700] {dag.py:2726} INFO - Sync 1 DAGs
[2024-10-09T11:01:16.236+0700] {logging_mixin.py:149} INFO - [2024-10-09T11:01:16.235+0700] {dag.py:3486} INFO - Setting next_dagrun for latest_only_with_trigger to 2024-10-09T00:01:16.235544+00:00, run_after=2024-10-09T04:01:16.235544+00:00
[2024-10-09T11:01:16.376+0700] {processor.py:179} INFO - Processing /home/hasyidan/venv/lib/python3.8/site-packages/airflow/example_dags/example_latest_only_with_trigger.py took 0.538 seconds
[2024-10-09T11:02:33.687+0700] {processor.py:157} INFO - Started process (PID=4205) to work on /home/hasyidan/venv/lib/python3.8/site-packages/airflow/example_dags/example_latest_only_with_trigger.py
[2024-10-09T11:02:33.713+0700] {processor.py:826} INFO - Processing file /home/hasyidan/venv/lib/python3.8/site-packages/airflow/example_dags/example_latest_only_with_trigger.py for tasks to queue
[2024-10-09T11:02:33.716+0700] {logging_mixin.py:149} INFO - [2024-10-09T11:02:33.715+0700] {dagbag.py:541} INFO - Filling up the DagBag from /home/hasyidan/venv/lib/python3.8/site-packages/airflow/example_dags/example_latest_only_with_trigger.py
[2024-10-09T11:02:33.731+0700] {processor.py:836} INFO - DAG(s) dict_keys(['latest_only_with_trigger']) retrieved from /home/hasyidan/venv/lib/python3.8/site-packages/airflow/example_dags/example_latest_only_with_trigger.py
[2024-10-09T11:02:33.769+0700] {logging_mixin.py:149} INFO - [2024-10-09T11:02:33.768+0700] {dag.py:2726} INFO - Sync 1 DAGs
[2024-10-09T11:02:33.813+0700] {logging_mixin.py:149} INFO - [2024-10-09T11:02:33.813+0700] {dag.py:3486} INFO - Setting next_dagrun for latest_only_with_trigger to 2024-10-09T00:02:33.813006+00:00, run_after=2024-10-09T04:02:33.813006+00:00
[2024-10-09T11:02:33.946+0700] {processor.py:179} INFO - Processing /home/hasyidan/venv/lib/python3.8/site-packages/airflow/example_dags/example_latest_only_with_trigger.py took 0.265 seconds
[2024-10-09T11:03:32.520+0700] {processor.py:157} INFO - Started process (PID=4260) to work on /home/hasyidan/venv/lib/python3.8/site-packages/airflow/example_dags/example_latest_only_with_trigger.py
[2024-10-09T11:03:32.523+0700] {processor.py:826} INFO - Processing file /home/hasyidan/venv/lib/python3.8/site-packages/airflow/example_dags/example_latest_only_with_trigger.py for tasks to queue
[2024-10-09T11:03:32.525+0700] {logging_mixin.py:149} INFO - [2024-10-09T11:03:32.524+0700] {dagbag.py:541} INFO - Filling up the DagBag from /home/hasyidan/venv/lib/python3.8/site-packages/airflow/example_dags/example_latest_only_with_trigger.py
[2024-10-09T11:03:32.539+0700] {processor.py:836} INFO - DAG(s) dict_keys(['latest_only_with_trigger']) retrieved from /home/hasyidan/venv/lib/python3.8/site-packages/airflow/example_dags/example_latest_only_with_trigger.py
[2024-10-09T11:03:32.578+0700] {logging_mixin.py:149} INFO - [2024-10-09T11:03:32.577+0700] {dag.py:2726} INFO - Sync 1 DAGs
[2024-10-09T11:03:32.621+0700] {logging_mixin.py:149} INFO - [2024-10-09T11:03:32.620+0700] {dag.py:3486} INFO - Setting next_dagrun for latest_only_with_trigger to 2024-10-09T00:03:32.620235+00:00, run_after=2024-10-09T04:03:32.620235+00:00
[2024-10-09T11:03:32.763+0700] {processor.py:179} INFO - Processing /home/hasyidan/venv/lib/python3.8/site-packages/airflow/example_dags/example_latest_only_with_trigger.py took 0.249 seconds
[2024-10-09T11:04:31.643+0700] {processor.py:157} INFO - Started process (PID=4316) to work on /home/hasyidan/venv/lib/python3.8/site-packages/airflow/example_dags/example_latest_only_with_trigger.py
[2024-10-09T11:04:31.869+0700] {processor.py:826} INFO - Processing file /home/hasyidan/venv/lib/python3.8/site-packages/airflow/example_dags/example_latest_only_with_trigger.py for tasks to queue
[2024-10-09T11:04:31.871+0700] {logging_mixin.py:149} INFO - [2024-10-09T11:04:31.870+0700] {dagbag.py:541} INFO - Filling up the DagBag from /home/hasyidan/venv/lib/python3.8/site-packages/airflow/example_dags/example_latest_only_with_trigger.py
[2024-10-09T11:04:33.051+0700] {processor.py:836} INFO - DAG(s) dict_keys(['latest_only_with_trigger']) retrieved from /home/hasyidan/venv/lib/python3.8/site-packages/airflow/example_dags/example_latest_only_with_trigger.py
[2024-10-09T11:04:33.690+0700] {logging_mixin.py:149} INFO - [2024-10-09T11:04:33.689+0700] {dag.py:2726} INFO - Sync 1 DAGs
[2024-10-09T11:04:34.670+0700] {logging_mixin.py:149} INFO - [2024-10-09T11:04:34.670+0700] {dag.py:3486} INFO - Setting next_dagrun for latest_only_with_trigger to 2024-10-09T00:04:34.670037+00:00, run_after=2024-10-09T04:04:34.670037+00:00
[2024-10-09T11:04:41.245+0700] {processor.py:179} INFO - Processing /home/hasyidan/venv/lib/python3.8/site-packages/airflow/example_dags/example_latest_only_with_trigger.py took 9.952 seconds
[2024-10-09T11:07:23.698+0700] {processor.py:157} INFO - Started process (PID=4615) to work on /home/hasyidan/venv/lib/python3.8/site-packages/airflow/example_dags/example_latest_only_with_trigger.py
[2024-10-09T11:07:23.706+0700] {processor.py:826} INFO - Processing file /home/hasyidan/venv/lib/python3.8/site-packages/airflow/example_dags/example_latest_only_with_trigger.py for tasks to queue
[2024-10-09T11:07:23.708+0700] {logging_mixin.py:149} INFO - [2024-10-09T11:07:23.707+0700] {dagbag.py:541} INFO - Filling up the DagBag from /home/hasyidan/venv/lib/python3.8/site-packages/airflow/example_dags/example_latest_only_with_trigger.py
[2024-10-09T11:07:23.723+0700] {processor.py:836} INFO - DAG(s) dict_keys(['latest_only_with_trigger']) retrieved from /home/hasyidan/venv/lib/python3.8/site-packages/airflow/example_dags/example_latest_only_with_trigger.py
[2024-10-09T11:07:23.760+0700] {logging_mixin.py:149} INFO - [2024-10-09T11:07:23.760+0700] {dag.py:2726} INFO - Sync 1 DAGs
[2024-10-09T11:07:23.806+0700] {logging_mixin.py:149} INFO - [2024-10-09T11:07:23.805+0700] {dag.py:3486} INFO - Setting next_dagrun for latest_only_with_trigger to 2024-10-09T00:07:23.805189+00:00, run_after=2024-10-09T04:07:23.805189+00:00
[2024-10-09T11:07:23.941+0700] {processor.py:179} INFO - Processing /home/hasyidan/venv/lib/python3.8/site-packages/airflow/example_dags/example_latest_only_with_trigger.py took 0.249 seconds
[2024-10-09T11:08:27.752+0700] {processor.py:157} INFO - Started process (PID=4683) to work on /home/hasyidan/venv/lib/python3.8/site-packages/airflow/example_dags/example_latest_only_with_trigger.py
[2024-10-09T11:08:27.835+0700] {processor.py:826} INFO - Processing file /home/hasyidan/venv/lib/python3.8/site-packages/airflow/example_dags/example_latest_only_with_trigger.py for tasks to queue
[2024-10-09T11:08:27.838+0700] {logging_mixin.py:149} INFO - [2024-10-09T11:08:27.838+0700] {dagbag.py:541} INFO - Filling up the DagBag from /home/hasyidan/venv/lib/python3.8/site-packages/airflow/example_dags/example_latest_only_with_trigger.py
[2024-10-09T11:08:27.855+0700] {processor.py:836} INFO - DAG(s) dict_keys(['latest_only_with_trigger']) retrieved from /home/hasyidan/venv/lib/python3.8/site-packages/airflow/example_dags/example_latest_only_with_trigger.py
[2024-10-09T11:08:27.893+0700] {logging_mixin.py:149} INFO - [2024-10-09T11:08:27.893+0700] {dag.py:2726} INFO - Sync 1 DAGs
[2024-10-09T11:08:27.937+0700] {logging_mixin.py:149} INFO - [2024-10-09T11:08:27.936+0700] {dag.py:3486} INFO - Setting next_dagrun for latest_only_with_trigger to 2024-10-09T00:08:27.936136+00:00, run_after=2024-10-09T04:08:27.936136+00:00
[2024-10-09T11:08:28.070+0700] {processor.py:179} INFO - Processing /home/hasyidan/venv/lib/python3.8/site-packages/airflow/example_dags/example_latest_only_with_trigger.py took 0.325 seconds
[2024-10-09T11:09:24.527+0700] {processor.py:157} INFO - Started process (PID=4738) to work on /home/hasyidan/venv/lib/python3.8/site-packages/airflow/example_dags/example_latest_only_with_trigger.py
[2024-10-09T11:09:24.568+0700] {processor.py:826} INFO - Processing file /home/hasyidan/venv/lib/python3.8/site-packages/airflow/example_dags/example_latest_only_with_trigger.py for tasks to queue
[2024-10-09T11:09:24.570+0700] {logging_mixin.py:149} INFO - [2024-10-09T11:09:24.569+0700] {dagbag.py:541} INFO - Filling up the DagBag from /home/hasyidan/venv/lib/python3.8/site-packages/airflow/example_dags/example_latest_only_with_trigger.py
[2024-10-09T11:09:24.585+0700] {processor.py:836} INFO - DAG(s) dict_keys(['latest_only_with_trigger']) retrieved from /home/hasyidan/venv/lib/python3.8/site-packages/airflow/example_dags/example_latest_only_with_trigger.py
[2024-10-09T11:09:24.623+0700] {logging_mixin.py:149} INFO - [2024-10-09T11:09:24.622+0700] {dag.py:2726} INFO - Sync 1 DAGs
[2024-10-09T11:09:24.667+0700] {logging_mixin.py:149} INFO - [2024-10-09T11:09:24.666+0700] {dag.py:3486} INFO - Setting next_dagrun for latest_only_with_trigger to 2024-10-09T00:09:24.666437+00:00, run_after=2024-10-09T04:09:24.666437+00:00
[2024-10-09T11:09:24.828+0700] {processor.py:179} INFO - Processing /home/hasyidan/venv/lib/python3.8/site-packages/airflow/example_dags/example_latest_only_with_trigger.py took 0.307 seconds
[2024-10-09T11:10:34.683+0700] {processor.py:157} INFO - Started process (PID=4816) to work on /home/hasyidan/venv/lib/python3.8/site-packages/airflow/example_dags/example_latest_only_with_trigger.py
[2024-10-09T11:10:34.707+0700] {processor.py:826} INFO - Processing file /home/hasyidan/venv/lib/python3.8/site-packages/airflow/example_dags/example_latest_only_with_trigger.py for tasks to queue
[2024-10-09T11:10:34.708+0700] {logging_mixin.py:149} INFO - [2024-10-09T11:10:34.708+0700] {dagbag.py:541} INFO - Filling up the DagBag from /home/hasyidan/venv/lib/python3.8/site-packages/airflow/example_dags/example_latest_only_with_trigger.py
[2024-10-09T11:10:34.720+0700] {processor.py:836} INFO - DAG(s) dict_keys(['latest_only_with_trigger']) retrieved from /home/hasyidan/venv/lib/python3.8/site-packages/airflow/example_dags/example_latest_only_with_trigger.py
[2024-10-09T11:10:34.758+0700] {logging_mixin.py:149} INFO - [2024-10-09T11:10:34.758+0700] {dag.py:2726} INFO - Sync 1 DAGs
[2024-10-09T11:10:34.803+0700] {logging_mixin.py:149} INFO - [2024-10-09T11:10:34.803+0700] {dag.py:3486} INFO - Setting next_dagrun for latest_only_with_trigger to 2024-10-09T00:10:34.802802+00:00, run_after=2024-10-09T04:10:34.802802+00:00
[2024-10-09T11:10:34.953+0700] {processor.py:179} INFO - Processing /home/hasyidan/venv/lib/python3.8/site-packages/airflow/example_dags/example_latest_only_with_trigger.py took 0.277 seconds
[2024-10-09T11:11:29.418+0700] {processor.py:157} INFO - Started process (PID=4873) to work on /home/hasyidan/venv/lib/python3.8/site-packages/airflow/example_dags/example_latest_only_with_trigger.py
[2024-10-09T11:11:29.428+0700] {processor.py:826} INFO - Processing file /home/hasyidan/venv/lib/python3.8/site-packages/airflow/example_dags/example_latest_only_with_trigger.py for tasks to queue
[2024-10-09T11:11:29.430+0700] {logging_mixin.py:149} INFO - [2024-10-09T11:11:29.430+0700] {dagbag.py:541} INFO - Filling up the DagBag from /home/hasyidan/venv/lib/python3.8/site-packages/airflow/example_dags/example_latest_only_with_trigger.py
[2024-10-09T11:11:29.445+0700] {processor.py:836} INFO - DAG(s) dict_keys(['latest_only_with_trigger']) retrieved from /home/hasyidan/venv/lib/python3.8/site-packages/airflow/example_dags/example_latest_only_with_trigger.py
[2024-10-09T11:11:29.483+0700] {logging_mixin.py:149} INFO - [2024-10-09T11:11:29.483+0700] {dag.py:2726} INFO - Sync 1 DAGs
[2024-10-09T11:11:29.526+0700] {logging_mixin.py:149} INFO - [2024-10-09T11:11:29.526+0700] {dag.py:3486} INFO - Setting next_dagrun for latest_only_with_trigger to 2024-10-09T00:11:29.525873+00:00, run_after=2024-10-09T04:11:29.525873+00:00
[2024-10-09T11:11:29.657+0700] {processor.py:179} INFO - Processing /home/hasyidan/venv/lib/python3.8/site-packages/airflow/example_dags/example_latest_only_with_trigger.py took 0.245 seconds
[2024-10-09T11:12:22.327+0700] {processor.py:157} INFO - Started process (PID=4931) to work on /home/hasyidan/venv/lib/python3.8/site-packages/airflow/example_dags/example_latest_only_with_trigger.py
[2024-10-09T11:12:22.385+0700] {processor.py:826} INFO - Processing file /home/hasyidan/venv/lib/python3.8/site-packages/airflow/example_dags/example_latest_only_with_trigger.py for tasks to queue
[2024-10-09T11:12:22.387+0700] {logging_mixin.py:149} INFO - [2024-10-09T11:12:22.387+0700] {dagbag.py:541} INFO - Filling up the DagBag from /home/hasyidan/venv/lib/python3.8/site-packages/airflow/example_dags/example_latest_only_with_trigger.py
[2024-10-09T11:12:22.401+0700] {processor.py:836} INFO - DAG(s) dict_keys(['latest_only_with_trigger']) retrieved from /home/hasyidan/venv/lib/python3.8/site-packages/airflow/example_dags/example_latest_only_with_trigger.py
[2024-10-09T11:12:22.439+0700] {logging_mixin.py:149} INFO - [2024-10-09T11:12:22.439+0700] {dag.py:2726} INFO - Sync 1 DAGs
[2024-10-09T11:12:22.484+0700] {logging_mixin.py:149} INFO - [2024-10-09T11:12:22.483+0700] {dag.py:3486} INFO - Setting next_dagrun for latest_only_with_trigger to 2024-10-09T00:12:22.483498+00:00, run_after=2024-10-09T04:12:22.483498+00:00
[2024-10-09T11:12:22.629+0700] {processor.py:179} INFO - Processing /home/hasyidan/venv/lib/python3.8/site-packages/airflow/example_dags/example_latest_only_with_trigger.py took 0.308 seconds
[2024-10-09T11:13:14.873+0700] {processor.py:157} INFO - Started process (PID=4987) to work on /home/hasyidan/venv/lib/python3.8/site-packages/airflow/example_dags/example_latest_only_with_trigger.py
[2024-10-09T11:13:14.887+0700] {processor.py:826} INFO - Processing file /home/hasyidan/venv/lib/python3.8/site-packages/airflow/example_dags/example_latest_only_with_trigger.py for tasks to queue
[2024-10-09T11:13:14.889+0700] {logging_mixin.py:149} INFO - [2024-10-09T11:13:14.889+0700] {dagbag.py:541} INFO - Filling up the DagBag from /home/hasyidan/venv/lib/python3.8/site-packages/airflow/example_dags/example_latest_only_with_trigger.py
[2024-10-09T11:13:14.906+0700] {processor.py:836} INFO - DAG(s) dict_keys(['latest_only_with_trigger']) retrieved from /home/hasyidan/venv/lib/python3.8/site-packages/airflow/example_dags/example_latest_only_with_trigger.py
[2024-10-09T11:13:14.943+0700] {logging_mixin.py:149} INFO - [2024-10-09T11:13:14.943+0700] {dag.py:2726} INFO - Sync 1 DAGs
[2024-10-09T11:13:14.986+0700] {logging_mixin.py:149} INFO - [2024-10-09T11:13:14.985+0700] {dag.py:3486} INFO - Setting next_dagrun for latest_only_with_trigger to 2024-10-09T00:13:14.985083+00:00, run_after=2024-10-09T04:13:14.985083+00:00
[2024-10-09T11:13:15.116+0700] {processor.py:179} INFO - Processing /home/hasyidan/venv/lib/python3.8/site-packages/airflow/example_dags/example_latest_only_with_trigger.py took 0.249 seconds
[2024-10-09T11:14:08.207+0700] {processor.py:157} INFO - Started process (PID=5039) to work on /home/hasyidan/venv/lib/python3.8/site-packages/airflow/example_dags/example_latest_only_with_trigger.py
[2024-10-09T11:14:08.223+0700] {processor.py:826} INFO - Processing file /home/hasyidan/venv/lib/python3.8/site-packages/airflow/example_dags/example_latest_only_with_trigger.py for tasks to queue
[2024-10-09T11:14:08.226+0700] {logging_mixin.py:149} INFO - [2024-10-09T11:14:08.225+0700] {dagbag.py:541} INFO - Filling up the DagBag from /home/hasyidan/venv/lib/python3.8/site-packages/airflow/example_dags/example_latest_only_with_trigger.py
[2024-10-09T11:14:08.240+0700] {processor.py:836} INFO - DAG(s) dict_keys(['latest_only_with_trigger']) retrieved from /home/hasyidan/venv/lib/python3.8/site-packages/airflow/example_dags/example_latest_only_with_trigger.py
[2024-10-09T11:14:08.278+0700] {logging_mixin.py:149} INFO - [2024-10-09T11:14:08.278+0700] {dag.py:2726} INFO - Sync 1 DAGs
[2024-10-09T11:14:08.322+0700] {logging_mixin.py:149} INFO - [2024-10-09T11:14:08.322+0700] {dag.py:3486} INFO - Setting next_dagrun for latest_only_with_trigger to 2024-10-09T00:14:08.321643+00:00, run_after=2024-10-09T04:14:08.321643+00:00
[2024-10-09T11:14:08.471+0700] {processor.py:179} INFO - Processing /home/hasyidan/venv/lib/python3.8/site-packages/airflow/example_dags/example_latest_only_with_trigger.py took 0.272 seconds
[2024-10-09T11:16:11.687+0700] {processor.py:157} INFO - Started process (PID=5306) to work on /home/hasyidan/venv/lib/python3.8/site-packages/airflow/example_dags/example_latest_only_with_trigger.py
[2024-10-09T11:16:11.696+0700] {processor.py:826} INFO - Processing file /home/hasyidan/venv/lib/python3.8/site-packages/airflow/example_dags/example_latest_only_with_trigger.py for tasks to queue
[2024-10-09T11:16:11.698+0700] {logging_mixin.py:149} INFO - [2024-10-09T11:16:11.697+0700] {dagbag.py:541} INFO - Filling up the DagBag from /home/hasyidan/venv/lib/python3.8/site-packages/airflow/example_dags/example_latest_only_with_trigger.py
[2024-10-09T11:16:11.718+0700] {processor.py:836} INFO - DAG(s) dict_keys(['latest_only_with_trigger']) retrieved from /home/hasyidan/venv/lib/python3.8/site-packages/airflow/example_dags/example_latest_only_with_trigger.py
[2024-10-09T11:16:11.815+0700] {logging_mixin.py:149} INFO - [2024-10-09T11:16:11.814+0700] {dag.py:2726} INFO - Sync 1 DAGs
[2024-10-09T11:16:11.887+0700] {logging_mixin.py:149} INFO - [2024-10-09T11:16:11.887+0700] {dag.py:3486} INFO - Setting next_dagrun for latest_only_with_trigger to 2024-10-09T00:16:11.886856+00:00, run_after=2024-10-09T04:16:11.886856+00:00
[2024-10-09T11:16:12.069+0700] {processor.py:179} INFO - Processing /home/hasyidan/venv/lib/python3.8/site-packages/airflow/example_dags/example_latest_only_with_trigger.py took 0.394 seconds
[2024-10-09T11:17:20.419+0700] {processor.py:157} INFO - Started process (PID=5377) to work on /home/hasyidan/venv/lib/python3.8/site-packages/airflow/example_dags/example_latest_only_with_trigger.py
[2024-10-09T11:17:20.422+0700] {processor.py:826} INFO - Processing file /home/hasyidan/venv/lib/python3.8/site-packages/airflow/example_dags/example_latest_only_with_trigger.py for tasks to queue
[2024-10-09T11:17:20.424+0700] {logging_mixin.py:149} INFO - [2024-10-09T11:17:20.424+0700] {dagbag.py:541} INFO - Filling up the DagBag from /home/hasyidan/venv/lib/python3.8/site-packages/airflow/example_dags/example_latest_only_with_trigger.py
[2024-10-09T11:17:20.444+0700] {processor.py:836} INFO - DAG(s) dict_keys(['latest_only_with_trigger']) retrieved from /home/hasyidan/venv/lib/python3.8/site-packages/airflow/example_dags/example_latest_only_with_trigger.py
[2024-10-09T11:17:20.519+0700] {logging_mixin.py:149} INFO - [2024-10-09T11:17:20.519+0700] {dag.py:2726} INFO - Sync 1 DAGs
[2024-10-09T11:17:20.593+0700] {logging_mixin.py:149} INFO - [2024-10-09T11:17:20.593+0700] {dag.py:3486} INFO - Setting next_dagrun for latest_only_with_trigger to 2024-10-09T00:17:20.592630+00:00, run_after=2024-10-09T04:17:20.592630+00:00
[2024-10-09T11:17:20.767+0700] {processor.py:179} INFO - Processing /home/hasyidan/venv/lib/python3.8/site-packages/airflow/example_dags/example_latest_only_with_trigger.py took 0.359 seconds
[2024-10-09T11:18:30.032+0700] {processor.py:157} INFO - Started process (PID=5444) to work on /home/hasyidan/venv/lib/python3.8/site-packages/airflow/example_dags/example_latest_only_with_trigger.py
[2024-10-09T11:18:30.037+0700] {processor.py:826} INFO - Processing file /home/hasyidan/venv/lib/python3.8/site-packages/airflow/example_dags/example_latest_only_with_trigger.py for tasks to queue
[2024-10-09T11:18:30.039+0700] {logging_mixin.py:149} INFO - [2024-10-09T11:18:30.038+0700] {dagbag.py:541} INFO - Filling up the DagBag from /home/hasyidan/venv/lib/python3.8/site-packages/airflow/example_dags/example_latest_only_with_trigger.py
[2024-10-09T11:18:30.058+0700] {processor.py:836} INFO - DAG(s) dict_keys(['latest_only_with_trigger']) retrieved from /home/hasyidan/venv/lib/python3.8/site-packages/airflow/example_dags/example_latest_only_with_trigger.py
[2024-10-09T11:18:30.123+0700] {logging_mixin.py:149} INFO - [2024-10-09T11:18:30.122+0700] {dag.py:2726} INFO - Sync 1 DAGs
[2024-10-09T11:18:30.195+0700] {logging_mixin.py:149} INFO - [2024-10-09T11:18:30.195+0700] {dag.py:3486} INFO - Setting next_dagrun for latest_only_with_trigger to 2024-10-09T00:18:30.194601+00:00, run_after=2024-10-09T04:18:30.194601+00:00
[2024-10-09T11:18:30.389+0700] {processor.py:179} INFO - Processing /home/hasyidan/venv/lib/python3.8/site-packages/airflow/example_dags/example_latest_only_with_trigger.py took 0.367 seconds
[2024-10-09T11:19:32.476+0700] {processor.py:157} INFO - Started process (PID=5515) to work on /home/hasyidan/venv/lib/python3.8/site-packages/airflow/example_dags/example_latest_only_with_trigger.py
[2024-10-09T11:19:32.508+0700] {processor.py:826} INFO - Processing file /home/hasyidan/venv/lib/python3.8/site-packages/airflow/example_dags/example_latest_only_with_trigger.py for tasks to queue
[2024-10-09T11:19:32.509+0700] {logging_mixin.py:149} INFO - [2024-10-09T11:19:32.509+0700] {dagbag.py:541} INFO - Filling up the DagBag from /home/hasyidan/venv/lib/python3.8/site-packages/airflow/example_dags/example_latest_only_with_trigger.py
[2024-10-09T11:19:32.533+0700] {processor.py:836} INFO - DAG(s) dict_keys(['latest_only_with_trigger']) retrieved from /home/hasyidan/venv/lib/python3.8/site-packages/airflow/example_dags/example_latest_only_with_trigger.py
[2024-10-09T11:19:32.605+0700] {logging_mixin.py:149} INFO - [2024-10-09T11:19:32.605+0700] {dag.py:2726} INFO - Sync 1 DAGs
[2024-10-09T11:19:32.673+0700] {logging_mixin.py:149} INFO - [2024-10-09T11:19:32.673+0700] {dag.py:3486} INFO - Setting next_dagrun for latest_only_with_trigger to 2024-10-09T00:19:32.672907+00:00, run_after=2024-10-09T04:19:32.672907+00:00
[2024-10-09T11:19:32.839+0700] {processor.py:179} INFO - Processing /home/hasyidan/venv/lib/python3.8/site-packages/airflow/example_dags/example_latest_only_with_trigger.py took 0.370 seconds
[2024-10-09T11:20:37.266+0700] {processor.py:157} INFO - Started process (PID=5591) to work on /home/hasyidan/venv/lib/python3.8/site-packages/airflow/example_dags/example_latest_only_with_trigger.py
[2024-10-09T11:20:37.288+0700] {processor.py:826} INFO - Processing file /home/hasyidan/venv/lib/python3.8/site-packages/airflow/example_dags/example_latest_only_with_trigger.py for tasks to queue
[2024-10-09T11:20:37.294+0700] {logging_mixin.py:149} INFO - [2024-10-09T11:20:37.293+0700] {dagbag.py:541} INFO - Filling up the DagBag from /home/hasyidan/venv/lib/python3.8/site-packages/airflow/example_dags/example_latest_only_with_trigger.py
[2024-10-09T11:20:37.317+0700] {processor.py:836} INFO - DAG(s) dict_keys(['latest_only_with_trigger']) retrieved from /home/hasyidan/venv/lib/python3.8/site-packages/airflow/example_dags/example_latest_only_with_trigger.py
[2024-10-09T11:20:37.395+0700] {logging_mixin.py:149} INFO - [2024-10-09T11:20:37.395+0700] {dag.py:2726} INFO - Sync 1 DAGs
[2024-10-09T11:20:37.486+0700] {logging_mixin.py:149} INFO - [2024-10-09T11:20:37.485+0700] {dag.py:3486} INFO - Setting next_dagrun for latest_only_with_trigger to 2024-10-09T00:20:37.485326+00:00, run_after=2024-10-09T04:20:37.485326+00:00
[2024-10-09T11:20:37.839+0700] {processor.py:179} INFO - Processing /home/hasyidan/venv/lib/python3.8/site-packages/airflow/example_dags/example_latest_only_with_trigger.py took 0.592 seconds
[2024-10-09T11:21:46.101+0700] {processor.py:157} INFO - Started process (PID=5655) to work on /home/hasyidan/venv/lib/python3.8/site-packages/airflow/example_dags/example_latest_only_with_trigger.py
[2024-10-09T11:21:46.115+0700] {processor.py:826} INFO - Processing file /home/hasyidan/venv/lib/python3.8/site-packages/airflow/example_dags/example_latest_only_with_trigger.py for tasks to queue
[2024-10-09T11:21:46.118+0700] {logging_mixin.py:149} INFO - [2024-10-09T11:21:46.118+0700] {dagbag.py:541} INFO - Filling up the DagBag from /home/hasyidan/venv/lib/python3.8/site-packages/airflow/example_dags/example_latest_only_with_trigger.py
[2024-10-09T11:21:46.142+0700] {processor.py:836} INFO - DAG(s) dict_keys(['latest_only_with_trigger']) retrieved from /home/hasyidan/venv/lib/python3.8/site-packages/airflow/example_dags/example_latest_only_with_trigger.py
[2024-10-09T11:21:46.212+0700] {logging_mixin.py:149} INFO - [2024-10-09T11:21:46.211+0700] {dag.py:2726} INFO - Sync 1 DAGs
[2024-10-09T11:21:46.288+0700] {logging_mixin.py:149} INFO - [2024-10-09T11:21:46.287+0700] {dag.py:3486} INFO - Setting next_dagrun for latest_only_with_trigger to 2024-10-09T00:21:46.285306+00:00, run_after=2024-10-09T04:21:46.285306+00:00
[2024-10-09T11:21:46.473+0700] {processor.py:179} INFO - Processing /home/hasyidan/venv/lib/python3.8/site-packages/airflow/example_dags/example_latest_only_with_trigger.py took 0.381 seconds
[2024-10-09T11:22:47.606+0700] {processor.py:157} INFO - Started process (PID=5716) to work on /home/hasyidan/venv/lib/python3.8/site-packages/airflow/example_dags/example_latest_only_with_trigger.py
[2024-10-09T11:22:47.632+0700] {processor.py:826} INFO - Processing file /home/hasyidan/venv/lib/python3.8/site-packages/airflow/example_dags/example_latest_only_with_trigger.py for tasks to queue
[2024-10-09T11:22:47.635+0700] {logging_mixin.py:149} INFO - [2024-10-09T11:22:47.635+0700] {dagbag.py:541} INFO - Filling up the DagBag from /home/hasyidan/venv/lib/python3.8/site-packages/airflow/example_dags/example_latest_only_with_trigger.py
[2024-10-09T11:22:47.656+0700] {processor.py:836} INFO - DAG(s) dict_keys(['latest_only_with_trigger']) retrieved from /home/hasyidan/venv/lib/python3.8/site-packages/airflow/example_dags/example_latest_only_with_trigger.py
[2024-10-09T11:22:47.723+0700] {logging_mixin.py:149} INFO - [2024-10-09T11:22:47.722+0700] {dag.py:2726} INFO - Sync 1 DAGs
[2024-10-09T11:22:47.806+0700] {logging_mixin.py:149} INFO - [2024-10-09T11:22:47.806+0700] {dag.py:3486} INFO - Setting next_dagrun for latest_only_with_trigger to 2024-10-09T00:22:47.805717+00:00, run_after=2024-10-09T04:22:47.805717+00:00
[2024-10-09T11:22:47.989+0700] {processor.py:179} INFO - Processing /home/hasyidan/venv/lib/python3.8/site-packages/airflow/example_dags/example_latest_only_with_trigger.py took 0.390 seconds
[2024-10-09T11:23:54.662+0700] {processor.py:157} INFO - Started process (PID=5784) to work on /home/hasyidan/venv/lib/python3.8/site-packages/airflow/example_dags/example_latest_only_with_trigger.py
[2024-10-09T11:23:54.690+0700] {processor.py:826} INFO - Processing file /home/hasyidan/venv/lib/python3.8/site-packages/airflow/example_dags/example_latest_only_with_trigger.py for tasks to queue
[2024-10-09T11:23:54.693+0700] {logging_mixin.py:149} INFO - [2024-10-09T11:23:54.692+0700] {dagbag.py:541} INFO - Filling up the DagBag from /home/hasyidan/venv/lib/python3.8/site-packages/airflow/example_dags/example_latest_only_with_trigger.py
[2024-10-09T11:23:54.714+0700] {processor.py:836} INFO - DAG(s) dict_keys(['latest_only_with_trigger']) retrieved from /home/hasyidan/venv/lib/python3.8/site-packages/airflow/example_dags/example_latest_only_with_trigger.py
[2024-10-09T11:23:54.795+0700] {logging_mixin.py:149} INFO - [2024-10-09T11:23:54.794+0700] {dag.py:2726} INFO - Sync 1 DAGs
[2024-10-09T11:23:54.885+0700] {logging_mixin.py:149} INFO - [2024-10-09T11:23:54.885+0700] {dag.py:3486} INFO - Setting next_dagrun for latest_only_with_trigger to 2024-10-09T00:23:54.884820+00:00, run_after=2024-10-09T04:23:54.884820+00:00
[2024-10-09T11:23:55.039+0700] {processor.py:179} INFO - Processing /home/hasyidan/venv/lib/python3.8/site-packages/airflow/example_dags/example_latest_only_with_trigger.py took 0.384 seconds
[2024-10-09T11:25:01.889+0700] {processor.py:157} INFO - Started process (PID=5853) to work on /home/hasyidan/venv/lib/python3.8/site-packages/airflow/example_dags/example_latest_only_with_trigger.py
[2024-10-09T11:25:01.913+0700] {processor.py:826} INFO - Processing file /home/hasyidan/venv/lib/python3.8/site-packages/airflow/example_dags/example_latest_only_with_trigger.py for tasks to queue
[2024-10-09T11:25:01.915+0700] {logging_mixin.py:149} INFO - [2024-10-09T11:25:01.915+0700] {dagbag.py:541} INFO - Filling up the DagBag from /home/hasyidan/venv/lib/python3.8/site-packages/airflow/example_dags/example_latest_only_with_trigger.py
[2024-10-09T11:25:01.931+0700] {processor.py:836} INFO - DAG(s) dict_keys(['latest_only_with_trigger']) retrieved from /home/hasyidan/venv/lib/python3.8/site-packages/airflow/example_dags/example_latest_only_with_trigger.py
[2024-10-09T11:25:01.981+0700] {logging_mixin.py:149} INFO - [2024-10-09T11:25:01.980+0700] {dag.py:2726} INFO - Sync 1 DAGs
[2024-10-09T11:25:02.045+0700] {logging_mixin.py:149} INFO - [2024-10-09T11:25:02.045+0700] {dag.py:3486} INFO - Setting next_dagrun for latest_only_with_trigger to 2024-10-09T00:25:02.044601+00:00, run_after=2024-10-09T04:25:02.044601+00:00
[2024-10-09T11:25:02.199+0700] {processor.py:179} INFO - Processing /home/hasyidan/venv/lib/python3.8/site-packages/airflow/example_dags/example_latest_only_with_trigger.py took 0.317 seconds
[2024-10-09T11:28:28.072+0700] {processor.py:157} INFO - Started process (PID=6009) to work on /home/hasyidan/venv/lib/python3.8/site-packages/airflow/example_dags/example_latest_only_with_trigger.py
[2024-10-09T11:28:28.093+0700] {processor.py:826} INFO - Processing file /home/hasyidan/venv/lib/python3.8/site-packages/airflow/example_dags/example_latest_only_with_trigger.py for tasks to queue
[2024-10-09T11:28:28.097+0700] {logging_mixin.py:149} INFO - [2024-10-09T11:28:28.096+0700] {dagbag.py:541} INFO - Filling up the DagBag from /home/hasyidan/venv/lib/python3.8/site-packages/airflow/example_dags/example_latest_only_with_trigger.py
[2024-10-09T11:28:28.124+0700] {processor.py:836} INFO - DAG(s) dict_keys(['latest_only_with_trigger']) retrieved from /home/hasyidan/venv/lib/python3.8/site-packages/airflow/example_dags/example_latest_only_with_trigger.py
[2024-10-09T11:28:28.231+0700] {logging_mixin.py:149} INFO - [2024-10-09T11:28:28.230+0700] {dag.py:2726} INFO - Sync 1 DAGs
[2024-10-09T11:28:28.302+0700] {logging_mixin.py:149} INFO - [2024-10-09T11:28:28.302+0700] {dag.py:3486} INFO - Setting next_dagrun for latest_only_with_trigger to 2024-10-09T00:28:28.300257+00:00, run_after=2024-10-09T04:28:28.300257+00:00
[2024-10-09T11:28:28.619+0700] {processor.py:179} INFO - Processing /home/hasyidan/venv/lib/python3.8/site-packages/airflow/example_dags/example_latest_only_with_trigger.py took 0.553 seconds
[2024-10-09T11:31:30.558+0700] {processor.py:157} INFO - Started process (PID=6145) to work on /home/hasyidan/venv/lib/python3.8/site-packages/airflow/example_dags/example_latest_only_with_trigger.py
[2024-10-09T11:31:30.673+0700] {processor.py:826} INFO - Processing file /home/hasyidan/venv/lib/python3.8/site-packages/airflow/example_dags/example_latest_only_with_trigger.py for tasks to queue
[2024-10-09T11:31:30.676+0700] {logging_mixin.py:149} INFO - [2024-10-09T11:31:30.675+0700] {dagbag.py:541} INFO - Filling up the DagBag from /home/hasyidan/venv/lib/python3.8/site-packages/airflow/example_dags/example_latest_only_with_trigger.py
[2024-10-09T11:31:30.841+0700] {processor.py:836} INFO - DAG(s) dict_keys(['latest_only_with_trigger']) retrieved from /home/hasyidan/venv/lib/python3.8/site-packages/airflow/example_dags/example_latest_only_with_trigger.py
[2024-10-09T11:31:46.500+0700] {logging_mixin.py:149} INFO - [2024-10-09T11:31:46.500+0700] {dag.py:2726} INFO - Sync 1 DAGs
[2024-10-09T11:31:48.509+0700] {logging_mixin.py:149} INFO - [2024-10-09T11:31:48.508+0700] {dag.py:3486} INFO - Setting next_dagrun for latest_only_with_trigger to 2024-10-09T00:31:48.379902+00:00, run_after=2024-10-09T04:31:48.379902+00:00
[2024-10-09T11:31:49.917+0700] {processor.py:179} INFO - Processing /home/hasyidan/venv/lib/python3.8/site-packages/airflow/example_dags/example_latest_only_with_trigger.py took 19.366 seconds
[2024-10-09T11:34:51.786+0700] {processor.py:157} INFO - Started process (PID=6549) to work on /home/hasyidan/venv/lib/python3.8/site-packages/airflow/example_dags/example_latest_only_with_trigger.py
[2024-10-09T11:34:51.856+0700] {processor.py:826} INFO - Processing file /home/hasyidan/venv/lib/python3.8/site-packages/airflow/example_dags/example_latest_only_with_trigger.py for tasks to queue
[2024-10-09T11:34:51.859+0700] {logging_mixin.py:149} INFO - [2024-10-09T11:34:51.858+0700] {dagbag.py:541} INFO - Filling up the DagBag from /home/hasyidan/venv/lib/python3.8/site-packages/airflow/example_dags/example_latest_only_with_trigger.py
[2024-10-09T11:34:51.922+0700] {processor.py:836} INFO - DAG(s) dict_keys(['latest_only_with_trigger']) retrieved from /home/hasyidan/venv/lib/python3.8/site-packages/airflow/example_dags/example_latest_only_with_trigger.py
[2024-10-09T11:34:51.968+0700] {logging_mixin.py:149} INFO - [2024-10-09T11:34:51.968+0700] {dag.py:2726} INFO - Sync 1 DAGs
[2024-10-09T11:34:52.013+0700] {logging_mixin.py:149} INFO - [2024-10-09T11:34:52.012+0700] {dag.py:3486} INFO - Setting next_dagrun for latest_only_with_trigger to 2024-10-09T00:34:52.012419+00:00, run_after=2024-10-09T04:34:52.012419+00:00
[2024-10-09T11:34:52.395+0700] {processor.py:179} INFO - Processing /home/hasyidan/venv/lib/python3.8/site-packages/airflow/example_dags/example_latest_only_with_trigger.py took 0.615 seconds
[2024-10-09T11:38:00.735+0700] {processor.py:157} INFO - Started process (PID=6812) to work on /home/hasyidan/venv/lib/python3.8/site-packages/airflow/example_dags/example_latest_only_with_trigger.py
[2024-10-09T11:38:00.767+0700] {processor.py:826} INFO - Processing file /home/hasyidan/venv/lib/python3.8/site-packages/airflow/example_dags/example_latest_only_with_trigger.py for tasks to queue
[2024-10-09T11:38:00.769+0700] {logging_mixin.py:149} INFO - [2024-10-09T11:38:00.768+0700] {dagbag.py:541} INFO - Filling up the DagBag from /home/hasyidan/venv/lib/python3.8/site-packages/airflow/example_dags/example_latest_only_with_trigger.py
[2024-10-09T11:38:02.176+0700] {processor.py:836} INFO - DAG(s) dict_keys(['latest_only_with_trigger']) retrieved from /home/hasyidan/venv/lib/python3.8/site-packages/airflow/example_dags/example_latest_only_with_trigger.py
[2024-10-09T11:38:02.571+0700] {logging_mixin.py:149} INFO - [2024-10-09T11:38:02.571+0700] {dag.py:2726} INFO - Sync 1 DAGs
[2024-10-09T11:38:02.828+0700] {logging_mixin.py:149} INFO - [2024-10-09T11:38:02.827+0700] {dag.py:3486} INFO - Setting next_dagrun for latest_only_with_trigger to 2024-10-09T00:38:02.826931+00:00, run_after=2024-10-09T04:38:02.826931+00:00
[2024-10-09T11:38:03.008+0700] {processor.py:179} INFO - Processing /home/hasyidan/venv/lib/python3.8/site-packages/airflow/example_dags/example_latest_only_with_trigger.py took 2.282 seconds
