[2024-10-09T10:57:59.432+0700] {processor.py:157} INFO - Started process (PID=3899) to work on /home/hasyidan/venv/lib/python3.8/site-packages/airflow/example_dags/tutorial_taskflow_api.py
[2024-10-09T10:57:59.434+0700] {processor.py:826} INFO - Processing file /home/hasyidan/venv/lib/python3.8/site-packages/airflow/example_dags/tutorial_taskflow_api.py for tasks to queue
[2024-10-09T10:57:59.436+0700] {logging_mixin.py:149} INFO - [2024-10-09T10:57:59.435+0700] {dagbag.py:541} INFO - Filling up the DagBag from /home/hasyidan/venv/lib/python3.8/site-packages/airflow/example_dags/tutorial_taskflow_api.py
[2024-10-09T10:57:59.465+0700] {processor.py:836} INFO - DAG(s) dict_keys(['tutorial_taskflow_api']) retrieved from /home/hasyidan/venv/lib/python3.8/site-packages/airflow/example_dags/tutorial_taskflow_api.py
[2024-10-09T10:57:59.565+0700] {logging_mixin.py:149} INFO - [2024-10-09T10:57:59.565+0700] {dag.py:2726} INFO - Sync 1 DAGs
[2024-10-09T10:57:59.649+0700] {logging_mixin.py:149} INFO - [2024-10-09T10:57:59.649+0700] {dag.py:3486} INFO - Setting next_dagrun for tutorial_taskflow_api to None, run_after=None
[2024-10-09T10:58:00.006+0700] {processor.py:179} INFO - Processing /home/hasyidan/venv/lib/python3.8/site-packages/airflow/example_dags/tutorial_taskflow_api.py took 0.586 seconds
[2024-10-09T11:00:09.678+0700] {processor.py:157} INFO - Started process (PID=3988) to work on /home/hasyidan/venv/lib/python3.8/site-packages/airflow/example_dags/tutorial_taskflow_api.py
[2024-10-09T11:00:09.758+0700] {processor.py:826} INFO - Processing file /home/hasyidan/venv/lib/python3.8/site-packages/airflow/example_dags/tutorial_taskflow_api.py for tasks to queue
[2024-10-09T11:00:09.761+0700] {logging_mixin.py:149} INFO - [2024-10-09T11:00:09.761+0700] {dagbag.py:541} INFO - Filling up the DagBag from /home/hasyidan/venv/lib/python3.8/site-packages/airflow/example_dags/tutorial_taskflow_api.py
[2024-10-09T11:00:09.873+0700] {processor.py:836} INFO - DAG(s) dict_keys(['tutorial_taskflow_api']) retrieved from /home/hasyidan/venv/lib/python3.8/site-packages/airflow/example_dags/tutorial_taskflow_api.py
[2024-10-09T11:00:09.910+0700] {logging_mixin.py:149} INFO - [2024-10-09T11:00:09.909+0700] {dag.py:2726} INFO - Sync 1 DAGs
[2024-10-09T11:00:09.955+0700] {logging_mixin.py:149} INFO - [2024-10-09T11:00:09.955+0700] {dag.py:3486} INFO - Setting next_dagrun for tutorial_taskflow_api to None, run_after=None
[2024-10-09T11:00:10.406+0700] {processor.py:179} INFO - Processing /home/hasyidan/venv/lib/python3.8/site-packages/airflow/example_dags/tutorial_taskflow_api.py took 0.734 seconds
[2024-10-09T11:01:22.760+0700] {processor.py:157} INFO - Started process (PID=4140) to work on /home/hasyidan/venv/lib/python3.8/site-packages/airflow/example_dags/tutorial_taskflow_api.py
[2024-10-09T11:01:22.843+0700] {processor.py:826} INFO - Processing file /home/hasyidan/venv/lib/python3.8/site-packages/airflow/example_dags/tutorial_taskflow_api.py for tasks to queue
[2024-10-09T11:01:22.846+0700] {logging_mixin.py:149} INFO - [2024-10-09T11:01:22.845+0700] {dagbag.py:541} INFO - Filling up the DagBag from /home/hasyidan/venv/lib/python3.8/site-packages/airflow/example_dags/tutorial_taskflow_api.py
[2024-10-09T11:01:22.878+0700] {processor.py:836} INFO - DAG(s) dict_keys(['tutorial_taskflow_api']) retrieved from /home/hasyidan/venv/lib/python3.8/site-packages/airflow/example_dags/tutorial_taskflow_api.py
[2024-10-09T11:01:23.151+0700] {logging_mixin.py:149} INFO - [2024-10-09T11:01:23.150+0700] {dag.py:2726} INFO - Sync 1 DAGs
[2024-10-09T11:01:23.193+0700] {logging_mixin.py:149} INFO - [2024-10-09T11:01:23.193+0700] {dag.py:3486} INFO - Setting next_dagrun for tutorial_taskflow_api to None, run_after=None
[2024-10-09T11:01:23.548+0700] {processor.py:179} INFO - Processing /home/hasyidan/venv/lib/python3.8/site-packages/airflow/example_dags/tutorial_taskflow_api.py took 0.795 seconds
[2024-10-09T11:02:07.717+0700] {processor.py:157} INFO - Started process (PID=4180) to work on /home/hasyidan/venv/lib/python3.8/site-packages/airflow/example_dags/tutorial_taskflow_api.py
[2024-10-09T11:02:07.737+0700] {processor.py:826} INFO - Processing file /home/hasyidan/venv/lib/python3.8/site-packages/airflow/example_dags/tutorial_taskflow_api.py for tasks to queue
[2024-10-09T11:02:07.739+0700] {logging_mixin.py:149} INFO - [2024-10-09T11:02:07.738+0700] {dagbag.py:541} INFO - Filling up the DagBag from /home/hasyidan/venv/lib/python3.8/site-packages/airflow/example_dags/tutorial_taskflow_api.py
[2024-10-09T11:02:07.750+0700] {processor.py:836} INFO - DAG(s) dict_keys(['tutorial_taskflow_api']) retrieved from /home/hasyidan/venv/lib/python3.8/site-packages/airflow/example_dags/tutorial_taskflow_api.py
[2024-10-09T11:02:07.787+0700] {logging_mixin.py:149} INFO - [2024-10-09T11:02:07.786+0700] {dag.py:2726} INFO - Sync 1 DAGs
[2024-10-09T11:02:07.828+0700] {logging_mixin.py:149} INFO - [2024-10-09T11:02:07.828+0700] {dag.py:3486} INFO - Setting next_dagrun for tutorial_taskflow_api to None, run_after=None
[2024-10-09T11:02:07.941+0700] {processor.py:179} INFO - Processing /home/hasyidan/venv/lib/python3.8/site-packages/airflow/example_dags/tutorial_taskflow_api.py took 0.231 seconds
[2024-10-09T11:03:06.512+0700] {processor.py:157} INFO - Started process (PID=4234) to work on /home/hasyidan/venv/lib/python3.8/site-packages/airflow/example_dags/tutorial_taskflow_api.py
[2024-10-09T11:03:06.532+0700] {processor.py:826} INFO - Processing file /home/hasyidan/venv/lib/python3.8/site-packages/airflow/example_dags/tutorial_taskflow_api.py for tasks to queue
[2024-10-09T11:03:06.535+0700] {logging_mixin.py:149} INFO - [2024-10-09T11:03:06.534+0700] {dagbag.py:541} INFO - Filling up the DagBag from /home/hasyidan/venv/lib/python3.8/site-packages/airflow/example_dags/tutorial_taskflow_api.py
[2024-10-09T11:03:06.549+0700] {processor.py:836} INFO - DAG(s) dict_keys(['tutorial_taskflow_api']) retrieved from /home/hasyidan/venv/lib/python3.8/site-packages/airflow/example_dags/tutorial_taskflow_api.py
[2024-10-09T11:03:06.587+0700] {logging_mixin.py:149} INFO - [2024-10-09T11:03:06.587+0700] {dag.py:2726} INFO - Sync 1 DAGs
[2024-10-09T11:03:06.633+0700] {logging_mixin.py:149} INFO - [2024-10-09T11:03:06.633+0700] {dag.py:3486} INFO - Setting next_dagrun for tutorial_taskflow_api to None, run_after=None
[2024-10-09T11:03:06.834+0700] {processor.py:179} INFO - Processing /home/hasyidan/venv/lib/python3.8/site-packages/airflow/example_dags/tutorial_taskflow_api.py took 0.329 seconds
[2024-10-09T11:04:05.310+0700] {processor.py:157} INFO - Started process (PID=4290) to work on /home/hasyidan/venv/lib/python3.8/site-packages/airflow/example_dags/tutorial_taskflow_api.py
[2024-10-09T11:04:05.333+0700] {processor.py:826} INFO - Processing file /home/hasyidan/venv/lib/python3.8/site-packages/airflow/example_dags/tutorial_taskflow_api.py for tasks to queue
[2024-10-09T11:04:05.337+0700] {logging_mixin.py:149} INFO - [2024-10-09T11:04:05.335+0700] {dagbag.py:541} INFO - Filling up the DagBag from /home/hasyidan/venv/lib/python3.8/site-packages/airflow/example_dags/tutorial_taskflow_api.py
[2024-10-09T11:04:05.352+0700] {processor.py:836} INFO - DAG(s) dict_keys(['tutorial_taskflow_api']) retrieved from /home/hasyidan/venv/lib/python3.8/site-packages/airflow/example_dags/tutorial_taskflow_api.py
[2024-10-09T11:04:05.390+0700] {logging_mixin.py:149} INFO - [2024-10-09T11:04:05.389+0700] {dag.py:2726} INFO - Sync 1 DAGs
[2024-10-09T11:04:05.434+0700] {logging_mixin.py:149} INFO - [2024-10-09T11:04:05.433+0700] {dag.py:3486} INFO - Setting next_dagrun for tutorial_taskflow_api to None, run_after=None
[2024-10-09T11:04:05.678+0700] {processor.py:179} INFO - Processing /home/hasyidan/venv/lib/python3.8/site-packages/airflow/example_dags/tutorial_taskflow_api.py took 0.373 seconds
[2024-10-09T11:05:09.549+0700] {processor.py:157} INFO - Started process (PID=4333) to work on /home/hasyidan/venv/lib/python3.8/site-packages/airflow/example_dags/tutorial_taskflow_api.py
[2024-10-09T11:05:09.692+0700] {processor.py:826} INFO - Processing file /home/hasyidan/venv/lib/python3.8/site-packages/airflow/example_dags/tutorial_taskflow_api.py for tasks to queue
[2024-10-09T11:05:09.695+0700] {logging_mixin.py:149} INFO - [2024-10-09T11:05:09.694+0700] {dagbag.py:541} INFO - Filling up the DagBag from /home/hasyidan/venv/lib/python3.8/site-packages/airflow/example_dags/tutorial_taskflow_api.py
[2024-10-09T11:05:09.915+0700] {processor.py:836} INFO - DAG(s) dict_keys(['tutorial_taskflow_api']) retrieved from /home/hasyidan/venv/lib/python3.8/site-packages/airflow/example_dags/tutorial_taskflow_api.py
[2024-10-09T11:05:10.036+0700] {logging_mixin.py:149} INFO - [2024-10-09T11:05:10.035+0700] {dag.py:2726} INFO - Sync 1 DAGs
[2024-10-09T11:05:10.085+0700] {logging_mixin.py:149} INFO - [2024-10-09T11:05:10.085+0700] {dag.py:3486} INFO - Setting next_dagrun for tutorial_taskflow_api to None, run_after=None
[2024-10-09T11:05:10.649+0700] {processor.py:179} INFO - Processing /home/hasyidan/venv/lib/python3.8/site-packages/airflow/example_dags/tutorial_taskflow_api.py took 1.106 seconds
[2024-10-09T11:06:28.556+0700] {processor.py:157} INFO - Started process (PID=4537) to work on /home/hasyidan/venv/lib/python3.8/site-packages/airflow/example_dags/tutorial_taskflow_api.py
[2024-10-09T11:06:29.460+0700] {processor.py:826} INFO - Processing file /home/hasyidan/venv/lib/python3.8/site-packages/airflow/example_dags/tutorial_taskflow_api.py for tasks to queue
[2024-10-09T11:06:29.462+0700] {logging_mixin.py:149} INFO - [2024-10-09T11:06:29.462+0700] {dagbag.py:541} INFO - Filling up the DagBag from /home/hasyidan/venv/lib/python3.8/site-packages/airflow/example_dags/tutorial_taskflow_api.py
[2024-10-09T11:06:29.476+0700] {processor.py:836} INFO - DAG(s) dict_keys(['tutorial_taskflow_api']) retrieved from /home/hasyidan/venv/lib/python3.8/site-packages/airflow/example_dags/tutorial_taskflow_api.py
[2024-10-09T11:06:29.514+0700] {logging_mixin.py:149} INFO - [2024-10-09T11:06:29.514+0700] {dag.py:2726} INFO - Sync 1 DAGs
[2024-10-09T11:06:29.557+0700] {logging_mixin.py:149} INFO - [2024-10-09T11:06:29.557+0700] {dag.py:3486} INFO - Setting next_dagrun for tutorial_taskflow_api to None, run_after=None
[2024-10-09T11:06:30.064+0700] {processor.py:179} INFO - Processing /home/hasyidan/venv/lib/python3.8/site-packages/airflow/example_dags/tutorial_taskflow_api.py took 1.515 seconds
[2024-10-09T11:07:30.976+0700] {processor.py:157} INFO - Started process (PID=4625) to work on /home/hasyidan/venv/lib/python3.8/site-packages/airflow/example_dags/tutorial_taskflow_api.py
[2024-10-09T11:07:31.005+0700] {processor.py:826} INFO - Processing file /home/hasyidan/venv/lib/python3.8/site-packages/airflow/example_dags/tutorial_taskflow_api.py for tasks to queue
[2024-10-09T11:07:31.008+0700] {logging_mixin.py:149} INFO - [2024-10-09T11:07:31.007+0700] {dagbag.py:541} INFO - Filling up the DagBag from /home/hasyidan/venv/lib/python3.8/site-packages/airflow/example_dags/tutorial_taskflow_api.py
[2024-10-09T11:07:31.051+0700] {processor.py:836} INFO - DAG(s) dict_keys(['tutorial_taskflow_api']) retrieved from /home/hasyidan/venv/lib/python3.8/site-packages/airflow/example_dags/tutorial_taskflow_api.py
[2024-10-09T11:07:31.089+0700] {logging_mixin.py:149} INFO - [2024-10-09T11:07:31.088+0700] {dag.py:2726} INFO - Sync 1 DAGs
[2024-10-09T11:07:31.133+0700] {logging_mixin.py:149} INFO - [2024-10-09T11:07:31.133+0700] {dag.py:3486} INFO - Setting next_dagrun for tutorial_taskflow_api to None, run_after=None
[2024-10-09T11:07:31.253+0700] {processor.py:179} INFO - Processing /home/hasyidan/venv/lib/python3.8/site-packages/airflow/example_dags/tutorial_taskflow_api.py took 0.283 seconds
[2024-10-09T11:08:34.051+0700] {processor.py:157} INFO - Started process (PID=4691) to work on /home/hasyidan/venv/lib/python3.8/site-packages/airflow/example_dags/tutorial_taskflow_api.py
[2024-10-09T11:08:34.064+0700] {processor.py:826} INFO - Processing file /home/hasyidan/venv/lib/python3.8/site-packages/airflow/example_dags/tutorial_taskflow_api.py for tasks to queue
[2024-10-09T11:08:34.066+0700] {logging_mixin.py:149} INFO - [2024-10-09T11:08:34.066+0700] {dagbag.py:541} INFO - Filling up the DagBag from /home/hasyidan/venv/lib/python3.8/site-packages/airflow/example_dags/tutorial_taskflow_api.py
[2024-10-09T11:08:34.081+0700] {processor.py:836} INFO - DAG(s) dict_keys(['tutorial_taskflow_api']) retrieved from /home/hasyidan/venv/lib/python3.8/site-packages/airflow/example_dags/tutorial_taskflow_api.py
[2024-10-09T11:08:34.119+0700] {logging_mixin.py:149} INFO - [2024-10-09T11:08:34.118+0700] {dag.py:2726} INFO - Sync 1 DAGs
[2024-10-09T11:08:34.163+0700] {logging_mixin.py:149} INFO - [2024-10-09T11:08:34.163+0700] {dag.py:3486} INFO - Setting next_dagrun for tutorial_taskflow_api to None, run_after=None
[2024-10-09T11:08:34.293+0700] {processor.py:179} INFO - Processing /home/hasyidan/venv/lib/python3.8/site-packages/airflow/example_dags/tutorial_taskflow_api.py took 0.248 seconds
[2024-10-09T11:09:31.182+0700] {processor.py:157} INFO - Started process (PID=4745) to work on /home/hasyidan/venv/lib/python3.8/site-packages/airflow/example_dags/tutorial_taskflow_api.py
[2024-10-09T11:09:31.205+0700] {processor.py:826} INFO - Processing file /home/hasyidan/venv/lib/python3.8/site-packages/airflow/example_dags/tutorial_taskflow_api.py for tasks to queue
[2024-10-09T11:09:31.207+0700] {logging_mixin.py:149} INFO - [2024-10-09T11:09:31.207+0700] {dagbag.py:541} INFO - Filling up the DagBag from /home/hasyidan/venv/lib/python3.8/site-packages/airflow/example_dags/tutorial_taskflow_api.py
[2024-10-09T11:09:31.222+0700] {processor.py:836} INFO - DAG(s) dict_keys(['tutorial_taskflow_api']) retrieved from /home/hasyidan/venv/lib/python3.8/site-packages/airflow/example_dags/tutorial_taskflow_api.py
[2024-10-09T11:09:31.261+0700] {logging_mixin.py:149} INFO - [2024-10-09T11:09:31.260+0700] {dag.py:2726} INFO - Sync 1 DAGs
[2024-10-09T11:09:31.303+0700] {logging_mixin.py:149} INFO - [2024-10-09T11:09:31.302+0700] {dag.py:3486} INFO - Setting next_dagrun for tutorial_taskflow_api to None, run_after=None
[2024-10-09T11:09:31.429+0700] {processor.py:179} INFO - Processing /home/hasyidan/venv/lib/python3.8/site-packages/airflow/example_dags/tutorial_taskflow_api.py took 0.253 seconds
[2024-10-09T11:10:20.399+0700] {processor.py:157} INFO - Started process (PID=4794) to work on /home/hasyidan/venv/lib/python3.8/site-packages/airflow/example_dags/tutorial_taskflow_api.py
[2024-10-09T11:10:20.439+0700] {processor.py:826} INFO - Processing file /home/hasyidan/venv/lib/python3.8/site-packages/airflow/example_dags/tutorial_taskflow_api.py for tasks to queue
[2024-10-09T11:10:20.442+0700] {logging_mixin.py:149} INFO - [2024-10-09T11:10:20.441+0700] {dagbag.py:541} INFO - Filling up the DagBag from /home/hasyidan/venv/lib/python3.8/site-packages/airflow/example_dags/tutorial_taskflow_api.py
[2024-10-09T11:10:20.457+0700] {processor.py:836} INFO - DAG(s) dict_keys(['tutorial_taskflow_api']) retrieved from /home/hasyidan/venv/lib/python3.8/site-packages/airflow/example_dags/tutorial_taskflow_api.py
[2024-10-09T11:10:20.494+0700] {logging_mixin.py:149} INFO - [2024-10-09T11:10:20.494+0700] {dag.py:2726} INFO - Sync 1 DAGs
[2024-10-09T11:10:20.539+0700] {logging_mixin.py:149} INFO - [2024-10-09T11:10:20.538+0700] {dag.py:3486} INFO - Setting next_dagrun for tutorial_taskflow_api to None, run_after=None
[2024-10-09T11:10:20.750+0700] {processor.py:179} INFO - Processing /home/hasyidan/venv/lib/python3.8/site-packages/airflow/example_dags/tutorial_taskflow_api.py took 0.358 seconds
[2024-10-09T11:11:15.432+0700] {processor.py:157} INFO - Started process (PID=4861) to work on /home/hasyidan/venv/lib/python3.8/site-packages/airflow/example_dags/tutorial_taskflow_api.py
[2024-10-09T11:11:15.444+0700] {processor.py:826} INFO - Processing file /home/hasyidan/venv/lib/python3.8/site-packages/airflow/example_dags/tutorial_taskflow_api.py for tasks to queue
[2024-10-09T11:11:15.447+0700] {logging_mixin.py:149} INFO - [2024-10-09T11:11:15.446+0700] {dagbag.py:541} INFO - Filling up the DagBag from /home/hasyidan/venv/lib/python3.8/site-packages/airflow/example_dags/tutorial_taskflow_api.py
[2024-10-09T11:11:15.461+0700] {processor.py:836} INFO - DAG(s) dict_keys(['tutorial_taskflow_api']) retrieved from /home/hasyidan/venv/lib/python3.8/site-packages/airflow/example_dags/tutorial_taskflow_api.py
[2024-10-09T11:11:15.500+0700] {logging_mixin.py:149} INFO - [2024-10-09T11:11:15.499+0700] {dag.py:2726} INFO - Sync 1 DAGs
[2024-10-09T11:11:15.542+0700] {logging_mixin.py:149} INFO - [2024-10-09T11:11:15.541+0700] {dag.py:3486} INFO - Setting next_dagrun for tutorial_taskflow_api to None, run_after=None
[2024-10-09T11:11:15.655+0700] {processor.py:179} INFO - Processing /home/hasyidan/venv/lib/python3.8/site-packages/airflow/example_dags/tutorial_taskflow_api.py took 0.229 seconds
[2024-10-09T11:12:07.895+0700] {processor.py:157} INFO - Started process (PID=4910) to work on /home/hasyidan/venv/lib/python3.8/site-packages/airflow/example_dags/tutorial_taskflow_api.py
[2024-10-09T11:12:07.944+0700] {processor.py:826} INFO - Processing file /home/hasyidan/venv/lib/python3.8/site-packages/airflow/example_dags/tutorial_taskflow_api.py for tasks to queue
[2024-10-09T11:12:07.947+0700] {logging_mixin.py:149} INFO - [2024-10-09T11:12:07.946+0700] {dagbag.py:541} INFO - Filling up the DagBag from /home/hasyidan/venv/lib/python3.8/site-packages/airflow/example_dags/tutorial_taskflow_api.py
[2024-10-09T11:12:07.961+0700] {processor.py:836} INFO - DAG(s) dict_keys(['tutorial_taskflow_api']) retrieved from /home/hasyidan/venv/lib/python3.8/site-packages/airflow/example_dags/tutorial_taskflow_api.py
[2024-10-09T11:12:07.998+0700] {logging_mixin.py:149} INFO - [2024-10-09T11:12:07.998+0700] {dag.py:2726} INFO - Sync 1 DAGs
[2024-10-09T11:12:08.041+0700] {logging_mixin.py:149} INFO - [2024-10-09T11:12:08.040+0700] {dag.py:3486} INFO - Setting next_dagrun for tutorial_taskflow_api to None, run_after=None
[2024-10-09T11:12:08.158+0700] {processor.py:179} INFO - Processing /home/hasyidan/venv/lib/python3.8/site-packages/airflow/example_dags/tutorial_taskflow_api.py took 0.269 seconds
[2024-10-09T11:13:01.971+0700] {processor.py:157} INFO - Started process (PID=4971) to work on /home/hasyidan/venv/lib/python3.8/site-packages/airflow/example_dags/tutorial_taskflow_api.py
[2024-10-09T11:13:02.000+0700] {processor.py:826} INFO - Processing file /home/hasyidan/venv/lib/python3.8/site-packages/airflow/example_dags/tutorial_taskflow_api.py for tasks to queue
[2024-10-09T11:13:02.002+0700] {logging_mixin.py:149} INFO - [2024-10-09T11:13:02.001+0700] {dagbag.py:541} INFO - Filling up the DagBag from /home/hasyidan/venv/lib/python3.8/site-packages/airflow/example_dags/tutorial_taskflow_api.py
[2024-10-09T11:13:02.016+0700] {processor.py:836} INFO - DAG(s) dict_keys(['tutorial_taskflow_api']) retrieved from /home/hasyidan/venv/lib/python3.8/site-packages/airflow/example_dags/tutorial_taskflow_api.py
[2024-10-09T11:13:02.053+0700] {logging_mixin.py:149} INFO - [2024-10-09T11:13:02.053+0700] {dag.py:2726} INFO - Sync 1 DAGs
[2024-10-09T11:13:02.095+0700] {logging_mixin.py:149} INFO - [2024-10-09T11:13:02.095+0700] {dag.py:3486} INFO - Setting next_dagrun for tutorial_taskflow_api to None, run_after=None
[2024-10-09T11:13:02.214+0700] {processor.py:179} INFO - Processing /home/hasyidan/venv/lib/python3.8/site-packages/airflow/example_dags/tutorial_taskflow_api.py took 0.250 seconds
[2024-10-09T11:13:54.632+0700] {processor.py:157} INFO - Started process (PID=5028) to work on /home/hasyidan/venv/lib/python3.8/site-packages/airflow/example_dags/tutorial_taskflow_api.py
[2024-10-09T11:13:54.645+0700] {processor.py:826} INFO - Processing file /home/hasyidan/venv/lib/python3.8/site-packages/airflow/example_dags/tutorial_taskflow_api.py for tasks to queue
[2024-10-09T11:13:54.648+0700] {logging_mixin.py:149} INFO - [2024-10-09T11:13:54.647+0700] {dagbag.py:541} INFO - Filling up the DagBag from /home/hasyidan/venv/lib/python3.8/site-packages/airflow/example_dags/tutorial_taskflow_api.py
[2024-10-09T11:13:54.664+0700] {processor.py:836} INFO - DAG(s) dict_keys(['tutorial_taskflow_api']) retrieved from /home/hasyidan/venv/lib/python3.8/site-packages/airflow/example_dags/tutorial_taskflow_api.py
[2024-10-09T11:13:54.701+0700] {logging_mixin.py:149} INFO - [2024-10-09T11:13:54.700+0700] {dag.py:2726} INFO - Sync 1 DAGs
[2024-10-09T11:13:54.745+0700] {logging_mixin.py:149} INFO - [2024-10-09T11:13:54.745+0700] {dag.py:3486} INFO - Setting next_dagrun for tutorial_taskflow_api to None, run_after=None
[2024-10-09T11:13:54.874+0700] {processor.py:179} INFO - Processing /home/hasyidan/venv/lib/python3.8/site-packages/airflow/example_dags/tutorial_taskflow_api.py took 0.249 seconds
[2024-10-09T11:15:36.826+0700] {processor.py:157} INFO - Started process (PID=5275) to work on /home/hasyidan/venv/lib/python3.8/site-packages/airflow/example_dags/tutorial_taskflow_api.py
[2024-10-09T11:15:37.007+0700] {processor.py:826} INFO - Processing file /home/hasyidan/venv/lib/python3.8/site-packages/airflow/example_dags/tutorial_taskflow_api.py for tasks to queue
[2024-10-09T11:15:37.008+0700] {logging_mixin.py:149} INFO - [2024-10-09T11:15:37.008+0700] {dagbag.py:541} INFO - Filling up the DagBag from /home/hasyidan/venv/lib/python3.8/site-packages/airflow/example_dags/tutorial_taskflow_api.py
[2024-10-09T11:15:37.068+0700] {processor.py:836} INFO - DAG(s) dict_keys(['tutorial_taskflow_api']) retrieved from /home/hasyidan/venv/lib/python3.8/site-packages/airflow/example_dags/tutorial_taskflow_api.py
[2024-10-09T11:15:37.168+0700] {logging_mixin.py:149} INFO - [2024-10-09T11:15:37.168+0700] {dag.py:2726} INFO - Sync 1 DAGs
[2024-10-09T11:15:37.227+0700] {logging_mixin.py:149} INFO - [2024-10-09T11:15:37.226+0700] {dag.py:3486} INFO - Setting next_dagrun for tutorial_taskflow_api to None, run_after=None
[2024-10-09T11:15:37.527+0700] {processor.py:179} INFO - Processing /home/hasyidan/venv/lib/python3.8/site-packages/airflow/example_dags/tutorial_taskflow_api.py took 0.707 seconds
[2024-10-09T11:16:28.251+0700] {processor.py:157} INFO - Started process (PID=5322) to work on /home/hasyidan/venv/lib/python3.8/site-packages/airflow/example_dags/tutorial_taskflow_api.py
[2024-10-09T11:16:28.267+0700] {processor.py:826} INFO - Processing file /home/hasyidan/venv/lib/python3.8/site-packages/airflow/example_dags/tutorial_taskflow_api.py for tasks to queue
[2024-10-09T11:16:28.269+0700] {logging_mixin.py:149} INFO - [2024-10-09T11:16:28.269+0700] {dagbag.py:541} INFO - Filling up the DagBag from /home/hasyidan/venv/lib/python3.8/site-packages/airflow/example_dags/tutorial_taskflow_api.py
[2024-10-09T11:16:28.298+0700] {processor.py:836} INFO - DAG(s) dict_keys(['tutorial_taskflow_api']) retrieved from /home/hasyidan/venv/lib/python3.8/site-packages/airflow/example_dags/tutorial_taskflow_api.py
[2024-10-09T11:16:28.368+0700] {logging_mixin.py:149} INFO - [2024-10-09T11:16:28.367+0700] {dag.py:2726} INFO - Sync 1 DAGs
[2024-10-09T11:16:28.443+0700] {logging_mixin.py:149} INFO - [2024-10-09T11:16:28.442+0700] {dag.py:3486} INFO - Setting next_dagrun for tutorial_taskflow_api to None, run_after=None
[2024-10-09T11:16:28.591+0700] {processor.py:179} INFO - Processing /home/hasyidan/venv/lib/python3.8/site-packages/airflow/example_dags/tutorial_taskflow_api.py took 0.348 seconds
[2024-10-09T11:17:37.222+0700] {processor.py:157} INFO - Started process (PID=5398) to work on /home/hasyidan/venv/lib/python3.8/site-packages/airflow/example_dags/tutorial_taskflow_api.py
[2024-10-09T11:17:37.233+0700] {processor.py:826} INFO - Processing file /home/hasyidan/venv/lib/python3.8/site-packages/airflow/example_dags/tutorial_taskflow_api.py for tasks to queue
[2024-10-09T11:17:37.236+0700] {logging_mixin.py:149} INFO - [2024-10-09T11:17:37.235+0700] {dagbag.py:541} INFO - Filling up the DagBag from /home/hasyidan/venv/lib/python3.8/site-packages/airflow/example_dags/tutorial_taskflow_api.py
[2024-10-09T11:17:37.255+0700] {processor.py:836} INFO - DAG(s) dict_keys(['tutorial_taskflow_api']) retrieved from /home/hasyidan/venv/lib/python3.8/site-packages/airflow/example_dags/tutorial_taskflow_api.py
[2024-10-09T11:17:37.329+0700] {logging_mixin.py:149} INFO - [2024-10-09T11:17:37.328+0700] {dag.py:2726} INFO - Sync 1 DAGs
[2024-10-09T11:17:37.408+0700] {logging_mixin.py:149} INFO - [2024-10-09T11:17:37.407+0700] {dag.py:3486} INFO - Setting next_dagrun for tutorial_taskflow_api to None, run_after=None
[2024-10-09T11:17:37.551+0700] {processor.py:179} INFO - Processing /home/hasyidan/venv/lib/python3.8/site-packages/airflow/example_dags/tutorial_taskflow_api.py took 0.338 seconds
[2024-10-09T11:18:45.262+0700] {processor.py:157} INFO - Started process (PID=5463) to work on /home/hasyidan/venv/lib/python3.8/site-packages/airflow/example_dags/tutorial_taskflow_api.py
[2024-10-09T11:18:45.291+0700] {processor.py:826} INFO - Processing file /home/hasyidan/venv/lib/python3.8/site-packages/airflow/example_dags/tutorial_taskflow_api.py for tasks to queue
[2024-10-09T11:18:45.294+0700] {logging_mixin.py:149} INFO - [2024-10-09T11:18:45.294+0700] {dagbag.py:541} INFO - Filling up the DagBag from /home/hasyidan/venv/lib/python3.8/site-packages/airflow/example_dags/tutorial_taskflow_api.py
[2024-10-09T11:18:45.323+0700] {processor.py:836} INFO - DAG(s) dict_keys(['tutorial_taskflow_api']) retrieved from /home/hasyidan/venv/lib/python3.8/site-packages/airflow/example_dags/tutorial_taskflow_api.py
[2024-10-09T11:18:45.394+0700] {logging_mixin.py:149} INFO - [2024-10-09T11:18:45.393+0700] {dag.py:2726} INFO - Sync 1 DAGs
[2024-10-09T11:18:45.472+0700] {logging_mixin.py:149} INFO - [2024-10-09T11:18:45.471+0700] {dag.py:3486} INFO - Setting next_dagrun for tutorial_taskflow_api to None, run_after=None
[2024-10-09T11:18:45.625+0700] {processor.py:179} INFO - Processing /home/hasyidan/venv/lib/python3.8/site-packages/airflow/example_dags/tutorial_taskflow_api.py took 0.377 seconds
[2024-10-09T11:19:46.862+0700] {processor.py:157} INFO - Started process (PID=5531) to work on /home/hasyidan/venv/lib/python3.8/site-packages/airflow/example_dags/tutorial_taskflow_api.py
[2024-10-09T11:19:46.866+0700] {processor.py:826} INFO - Processing file /home/hasyidan/venv/lib/python3.8/site-packages/airflow/example_dags/tutorial_taskflow_api.py for tasks to queue
[2024-10-09T11:19:46.872+0700] {logging_mixin.py:149} INFO - [2024-10-09T11:19:46.872+0700] {dagbag.py:541} INFO - Filling up the DagBag from /home/hasyidan/venv/lib/python3.8/site-packages/airflow/example_dags/tutorial_taskflow_api.py
[2024-10-09T11:19:46.892+0700] {processor.py:836} INFO - DAG(s) dict_keys(['tutorial_taskflow_api']) retrieved from /home/hasyidan/venv/lib/python3.8/site-packages/airflow/example_dags/tutorial_taskflow_api.py
[2024-10-09T11:19:46.958+0700] {logging_mixin.py:149} INFO - [2024-10-09T11:19:46.957+0700] {dag.py:2726} INFO - Sync 1 DAGs
[2024-10-09T11:19:47.039+0700] {logging_mixin.py:149} INFO - [2024-10-09T11:19:47.038+0700] {dag.py:3486} INFO - Setting next_dagrun for tutorial_taskflow_api to None, run_after=None
[2024-10-09T11:19:47.204+0700] {processor.py:179} INFO - Processing /home/hasyidan/venv/lib/python3.8/site-packages/airflow/example_dags/tutorial_taskflow_api.py took 0.351 seconds
[2024-10-09T11:20:54.619+0700] {processor.py:157} INFO - Started process (PID=5607) to work on /home/hasyidan/venv/lib/python3.8/site-packages/airflow/example_dags/tutorial_taskflow_api.py
[2024-10-09T11:20:54.652+0700] {processor.py:826} INFO - Processing file /home/hasyidan/venv/lib/python3.8/site-packages/airflow/example_dags/tutorial_taskflow_api.py for tasks to queue
[2024-10-09T11:20:54.655+0700] {logging_mixin.py:149} INFO - [2024-10-09T11:20:54.654+0700] {dagbag.py:541} INFO - Filling up the DagBag from /home/hasyidan/venv/lib/python3.8/site-packages/airflow/example_dags/tutorial_taskflow_api.py
[2024-10-09T11:20:54.674+0700] {processor.py:836} INFO - DAG(s) dict_keys(['tutorial_taskflow_api']) retrieved from /home/hasyidan/venv/lib/python3.8/site-packages/airflow/example_dags/tutorial_taskflow_api.py
[2024-10-09T11:20:54.724+0700] {logging_mixin.py:149} INFO - [2024-10-09T11:20:54.723+0700] {dag.py:2726} INFO - Sync 1 DAGs
[2024-10-09T11:20:54.784+0700] {logging_mixin.py:149} INFO - [2024-10-09T11:20:54.783+0700] {dag.py:3486} INFO - Setting next_dagrun for tutorial_taskflow_api to None, run_after=None
[2024-10-09T11:20:54.910+0700] {processor.py:179} INFO - Processing /home/hasyidan/venv/lib/python3.8/site-packages/airflow/example_dags/tutorial_taskflow_api.py took 0.299 seconds
[2024-10-09T11:22:00.211+0700] {processor.py:157} INFO - Started process (PID=5669) to work on /home/hasyidan/venv/lib/python3.8/site-packages/airflow/example_dags/tutorial_taskflow_api.py
[2024-10-09T11:22:00.252+0700] {processor.py:826} INFO - Processing file /home/hasyidan/venv/lib/python3.8/site-packages/airflow/example_dags/tutorial_taskflow_api.py for tasks to queue
[2024-10-09T11:22:00.255+0700] {logging_mixin.py:149} INFO - [2024-10-09T11:22:00.254+0700] {dagbag.py:541} INFO - Filling up the DagBag from /home/hasyidan/venv/lib/python3.8/site-packages/airflow/example_dags/tutorial_taskflow_api.py
[2024-10-09T11:22:00.278+0700] {processor.py:836} INFO - DAG(s) dict_keys(['tutorial_taskflow_api']) retrieved from /home/hasyidan/venv/lib/python3.8/site-packages/airflow/example_dags/tutorial_taskflow_api.py
[2024-10-09T11:22:00.345+0700] {logging_mixin.py:149} INFO - [2024-10-09T11:22:00.344+0700] {dag.py:2726} INFO - Sync 1 DAGs
[2024-10-09T11:22:00.442+0700] {logging_mixin.py:149} INFO - [2024-10-09T11:22:00.441+0700] {dag.py:3486} INFO - Setting next_dagrun for tutorial_taskflow_api to None, run_after=None
[2024-10-09T11:22:00.594+0700] {processor.py:179} INFO - Processing /home/hasyidan/venv/lib/python3.8/site-packages/airflow/example_dags/tutorial_taskflow_api.py took 0.394 seconds
[2024-10-09T11:23:01.638+0700] {processor.py:157} INFO - Started process (PID=5730) to work on /home/hasyidan/venv/lib/python3.8/site-packages/airflow/example_dags/tutorial_taskflow_api.py
[2024-10-09T11:23:01.641+0700] {processor.py:826} INFO - Processing file /home/hasyidan/venv/lib/python3.8/site-packages/airflow/example_dags/tutorial_taskflow_api.py for tasks to queue
[2024-10-09T11:23:01.643+0700] {logging_mixin.py:149} INFO - [2024-10-09T11:23:01.643+0700] {dagbag.py:541} INFO - Filling up the DagBag from /home/hasyidan/venv/lib/python3.8/site-packages/airflow/example_dags/tutorial_taskflow_api.py
[2024-10-09T11:23:01.665+0700] {processor.py:836} INFO - DAG(s) dict_keys(['tutorial_taskflow_api']) retrieved from /home/hasyidan/venv/lib/python3.8/site-packages/airflow/example_dags/tutorial_taskflow_api.py
[2024-10-09T11:23:01.728+0700] {logging_mixin.py:149} INFO - [2024-10-09T11:23:01.726+0700] {dag.py:2726} INFO - Sync 1 DAGs
[2024-10-09T11:23:01.802+0700] {logging_mixin.py:149} INFO - [2024-10-09T11:23:01.802+0700] {dag.py:3486} INFO - Setting next_dagrun for tutorial_taskflow_api to None, run_after=None
[2024-10-09T11:23:01.992+0700] {processor.py:179} INFO - Processing /home/hasyidan/venv/lib/python3.8/site-packages/airflow/example_dags/tutorial_taskflow_api.py took 0.362 seconds
[2024-10-09T11:23:36.504+0700] {processor.py:157} INFO - Started process (PID=5765) to work on /home/hasyidan/venv/lib/python3.8/site-packages/airflow/example_dags/tutorial_taskflow_api.py
[2024-10-09T11:23:36.506+0700] {processor.py:826} INFO - Processing file /home/hasyidan/venv/lib/python3.8/site-packages/airflow/example_dags/tutorial_taskflow_api.py for tasks to queue
[2024-10-09T11:23:36.508+0700] {logging_mixin.py:149} INFO - [2024-10-09T11:23:36.508+0700] {dagbag.py:541} INFO - Filling up the DagBag from /home/hasyidan/venv/lib/python3.8/site-packages/airflow/example_dags/tutorial_taskflow_api.py
[2024-10-09T11:23:36.526+0700] {processor.py:836} INFO - DAG(s) dict_keys(['tutorial_taskflow_api']) retrieved from /home/hasyidan/venv/lib/python3.8/site-packages/airflow/example_dags/tutorial_taskflow_api.py
[2024-10-09T11:23:36.585+0700] {logging_mixin.py:149} INFO - [2024-10-09T11:23:36.585+0700] {dag.py:2726} INFO - Sync 1 DAGs
[2024-10-09T11:23:36.827+0700] {logging_mixin.py:149} INFO - [2024-10-09T11:23:36.827+0700] {dag.py:3486} INFO - Setting next_dagrun for tutorial_taskflow_api to None, run_after=None
[2024-10-09T11:23:36.950+0700] {processor.py:179} INFO - Processing /home/hasyidan/venv/lib/python3.8/site-packages/airflow/example_dags/tutorial_taskflow_api.py took 0.453 seconds
[2024-10-09T11:24:43.636+0700] {processor.py:157} INFO - Started process (PID=5832) to work on /home/hasyidan/venv/lib/python3.8/site-packages/airflow/example_dags/tutorial_taskflow_api.py
[2024-10-09T11:24:43.659+0700] {processor.py:826} INFO - Processing file /home/hasyidan/venv/lib/python3.8/site-packages/airflow/example_dags/tutorial_taskflow_api.py for tasks to queue
[2024-10-09T11:24:43.661+0700] {logging_mixin.py:149} INFO - [2024-10-09T11:24:43.660+0700] {dagbag.py:541} INFO - Filling up the DagBag from /home/hasyidan/venv/lib/python3.8/site-packages/airflow/example_dags/tutorial_taskflow_api.py
[2024-10-09T11:24:43.684+0700] {processor.py:836} INFO - DAG(s) dict_keys(['tutorial_taskflow_api']) retrieved from /home/hasyidan/venv/lib/python3.8/site-packages/airflow/example_dags/tutorial_taskflow_api.py
[2024-10-09T11:24:43.746+0700] {logging_mixin.py:149} INFO - [2024-10-09T11:24:43.745+0700] {dag.py:2726} INFO - Sync 1 DAGs
[2024-10-09T11:24:43.825+0700] {logging_mixin.py:149} INFO - [2024-10-09T11:24:43.824+0700] {dag.py:3486} INFO - Setting next_dagrun for tutorial_taskflow_api to None, run_after=None
[2024-10-09T11:24:43.962+0700] {processor.py:179} INFO - Processing /home/hasyidan/venv/lib/python3.8/site-packages/airflow/example_dags/tutorial_taskflow_api.py took 0.336 seconds
[2024-10-09T11:25:18.114+0700] {processor.py:157} INFO - Started process (PID=5869) to work on /home/hasyidan/venv/lib/python3.8/site-packages/airflow/example_dags/tutorial_taskflow_api.py
[2024-10-09T11:25:18.117+0700] {processor.py:826} INFO - Processing file /home/hasyidan/venv/lib/python3.8/site-packages/airflow/example_dags/tutorial_taskflow_api.py for tasks to queue
[2024-10-09T11:25:18.119+0700] {logging_mixin.py:149} INFO - [2024-10-09T11:25:18.119+0700] {dagbag.py:541} INFO - Filling up the DagBag from /home/hasyidan/venv/lib/python3.8/site-packages/airflow/example_dags/tutorial_taskflow_api.py
[2024-10-09T11:25:18.139+0700] {processor.py:836} INFO - DAG(s) dict_keys(['tutorial_taskflow_api']) retrieved from /home/hasyidan/venv/lib/python3.8/site-packages/airflow/example_dags/tutorial_taskflow_api.py
[2024-10-09T11:25:18.205+0700] {logging_mixin.py:149} INFO - [2024-10-09T11:25:18.204+0700] {dag.py:2726} INFO - Sync 1 DAGs
[2024-10-09T11:25:18.288+0700] {logging_mixin.py:149} INFO - [2024-10-09T11:25:18.288+0700] {dag.py:3486} INFO - Setting next_dagrun for tutorial_taskflow_api to None, run_after=None
[2024-10-09T11:25:18.469+0700] {processor.py:179} INFO - Processing /home/hasyidan/venv/lib/python3.8/site-packages/airflow/example_dags/tutorial_taskflow_api.py took 0.365 seconds
[2024-10-09T11:27:13.207+0700] {processor.py:157} INFO - Started process (PID=5960) to work on /home/hasyidan/venv/lib/python3.8/site-packages/airflow/example_dags/tutorial_taskflow_api.py
[2024-10-09T11:27:13.224+0700] {processor.py:826} INFO - Processing file /home/hasyidan/venv/lib/python3.8/site-packages/airflow/example_dags/tutorial_taskflow_api.py for tasks to queue
[2024-10-09T11:27:13.226+0700] {logging_mixin.py:149} INFO - [2024-10-09T11:27:13.226+0700] {dagbag.py:541} INFO - Filling up the DagBag from /home/hasyidan/venv/lib/python3.8/site-packages/airflow/example_dags/tutorial_taskflow_api.py
[2024-10-09T11:27:13.280+0700] {processor.py:836} INFO - DAG(s) dict_keys(['tutorial_taskflow_api']) retrieved from /home/hasyidan/venv/lib/python3.8/site-packages/airflow/example_dags/tutorial_taskflow_api.py
[2024-10-09T11:27:13.374+0700] {logging_mixin.py:149} INFO - [2024-10-09T11:27:13.373+0700] {dag.py:2726} INFO - Sync 1 DAGs
[2024-10-09T11:27:13.480+0700] {logging_mixin.py:149} INFO - [2024-10-09T11:27:13.479+0700] {dag.py:3486} INFO - Setting next_dagrun for tutorial_taskflow_api to None, run_after=None
[2024-10-09T11:27:13.702+0700] {processor.py:179} INFO - Processing /home/hasyidan/venv/lib/python3.8/site-packages/airflow/example_dags/tutorial_taskflow_api.py took 0.508 seconds
[2024-10-09T11:28:56.559+0700] {processor.py:157} INFO - Started process (PID=6031) to work on /home/hasyidan/venv/lib/python3.8/site-packages/airflow/example_dags/tutorial_taskflow_api.py
[2024-10-09T11:28:56.584+0700] {processor.py:826} INFO - Processing file /home/hasyidan/venv/lib/python3.8/site-packages/airflow/example_dags/tutorial_taskflow_api.py for tasks to queue
[2024-10-09T11:28:56.587+0700] {logging_mixin.py:149} INFO - [2024-10-09T11:28:56.586+0700] {dagbag.py:541} INFO - Filling up the DagBag from /home/hasyidan/venv/lib/python3.8/site-packages/airflow/example_dags/tutorial_taskflow_api.py
[2024-10-09T11:28:56.615+0700] {processor.py:836} INFO - DAG(s) dict_keys(['tutorial_taskflow_api']) retrieved from /home/hasyidan/venv/lib/python3.8/site-packages/airflow/example_dags/tutorial_taskflow_api.py
[2024-10-09T11:28:56.690+0700] {logging_mixin.py:149} INFO - [2024-10-09T11:28:56.690+0700] {dag.py:2726} INFO - Sync 1 DAGs
[2024-10-09T11:28:56.795+0700] {logging_mixin.py:149} INFO - [2024-10-09T11:28:56.795+0700] {dag.py:3486} INFO - Setting next_dagrun for tutorial_taskflow_api to None, run_after=None
[2024-10-09T11:28:57.320+0700] {processor.py:179} INFO - Processing /home/hasyidan/venv/lib/python3.8/site-packages/airflow/example_dags/tutorial_taskflow_api.py took 0.773 seconds
[2024-10-09T11:30:02.593+0700] {processor.py:157} INFO - Started process (PID=6076) to work on /home/hasyidan/venv/lib/python3.8/site-packages/airflow/example_dags/tutorial_taskflow_api.py
[2024-10-09T11:30:04.148+0700] {processor.py:826} INFO - Processing file /home/hasyidan/venv/lib/python3.8/site-packages/airflow/example_dags/tutorial_taskflow_api.py for tasks to queue
[2024-10-09T11:30:04.151+0700] {logging_mixin.py:149} INFO - [2024-10-09T11:30:04.151+0700] {dagbag.py:541} INFO - Filling up the DagBag from /home/hasyidan/venv/lib/python3.8/site-packages/airflow/example_dags/tutorial_taskflow_api.py
[2024-10-09T11:30:05.108+0700] {processor.py:836} INFO - DAG(s) dict_keys(['tutorial_taskflow_api']) retrieved from /home/hasyidan/venv/lib/python3.8/site-packages/airflow/example_dags/tutorial_taskflow_api.py
[2024-10-09T11:30:10.750+0700] {logging_mixin.py:149} INFO - [2024-10-09T11:30:10.750+0700] {dag.py:2726} INFO - Sync 1 DAGs
[2024-10-09T11:30:10.810+0700] {logging_mixin.py:149} INFO - [2024-10-09T11:30:10.810+0700] {dag.py:3486} INFO - Setting next_dagrun for tutorial_taskflow_api to None, run_after=None
[2024-10-09T11:30:11.379+0700] {processor.py:179} INFO - Processing /home/hasyidan/venv/lib/python3.8/site-packages/airflow/example_dags/tutorial_taskflow_api.py took 8.985 seconds
[2024-10-09T11:33:19.341+0700] {processor.py:157} INFO - Started process (PID=6417) to work on /home/hasyidan/venv/lib/python3.8/site-packages/airflow/example_dags/tutorial_taskflow_api.py
[2024-10-09T11:33:19.445+0700] {processor.py:826} INFO - Processing file /home/hasyidan/venv/lib/python3.8/site-packages/airflow/example_dags/tutorial_taskflow_api.py for tasks to queue
[2024-10-09T11:33:19.446+0700] {logging_mixin.py:149} INFO - [2024-10-09T11:33:19.446+0700] {dagbag.py:541} INFO - Filling up the DagBag from /home/hasyidan/venv/lib/python3.8/site-packages/airflow/example_dags/tutorial_taskflow_api.py
[2024-10-09T11:33:19.640+0700] {processor.py:836} INFO - DAG(s) dict_keys(['tutorial_taskflow_api']) retrieved from /home/hasyidan/venv/lib/python3.8/site-packages/airflow/example_dags/tutorial_taskflow_api.py
[2024-10-09T11:33:19.763+0700] {logging_mixin.py:149} INFO - [2024-10-09T11:33:19.763+0700] {dag.py:2726} INFO - Sync 1 DAGs
[2024-10-09T11:33:19.832+0700] {logging_mixin.py:149} INFO - [2024-10-09T11:33:19.832+0700] {dag.py:3486} INFO - Setting next_dagrun for tutorial_taskflow_api to None, run_after=None
[2024-10-09T11:33:21.131+0700] {processor.py:179} INFO - Processing /home/hasyidan/venv/lib/python3.8/site-packages/airflow/example_dags/tutorial_taskflow_api.py took 1.811 seconds
[2024-10-09T11:35:03.386+0700] {processor.py:157} INFO - Started process (PID=6567) to work on /home/hasyidan/venv/lib/python3.8/site-packages/airflow/example_dags/tutorial_taskflow_api.py
[2024-10-09T11:35:03.744+0700] {processor.py:826} INFO - Processing file /home/hasyidan/venv/lib/python3.8/site-packages/airflow/example_dags/tutorial_taskflow_api.py for tasks to queue
[2024-10-09T11:35:03.747+0700] {logging_mixin.py:149} INFO - [2024-10-09T11:35:03.746+0700] {dagbag.py:541} INFO - Filling up the DagBag from /home/hasyidan/venv/lib/python3.8/site-packages/airflow/example_dags/tutorial_taskflow_api.py
[2024-10-09T11:35:04.229+0700] {processor.py:836} INFO - DAG(s) dict_keys(['tutorial_taskflow_api']) retrieved from /home/hasyidan/venv/lib/python3.8/site-packages/airflow/example_dags/tutorial_taskflow_api.py
[2024-10-09T11:35:04.282+0700] {logging_mixin.py:149} INFO - [2024-10-09T11:35:04.281+0700] {dag.py:2726} INFO - Sync 1 DAGs
[2024-10-09T11:35:04.385+0700] {logging_mixin.py:149} INFO - [2024-10-09T11:35:04.384+0700] {dag.py:3486} INFO - Setting next_dagrun for tutorial_taskflow_api to None, run_after=None
[2024-10-09T11:35:05.113+0700] {processor.py:179} INFO - Processing /home/hasyidan/venv/lib/python3.8/site-packages/airflow/example_dags/tutorial_taskflow_api.py took 1.736 seconds
[2024-10-09T11:36:03.913+0700] {processor.py:157} INFO - Started process (PID=6634) to work on /home/hasyidan/venv/lib/python3.8/site-packages/airflow/example_dags/tutorial_taskflow_api.py
[2024-10-09T11:36:03.944+0700] {processor.py:826} INFO - Processing file /home/hasyidan/venv/lib/python3.8/site-packages/airflow/example_dags/tutorial_taskflow_api.py for tasks to queue
[2024-10-09T11:36:03.949+0700] {logging_mixin.py:149} INFO - [2024-10-09T11:36:03.948+0700] {dagbag.py:541} INFO - Filling up the DagBag from /home/hasyidan/venv/lib/python3.8/site-packages/airflow/example_dags/tutorial_taskflow_api.py
[2024-10-09T11:36:03.967+0700] {processor.py:836} INFO - DAG(s) dict_keys(['tutorial_taskflow_api']) retrieved from /home/hasyidan/venv/lib/python3.8/site-packages/airflow/example_dags/tutorial_taskflow_api.py
[2024-10-09T11:36:04.016+0700] {logging_mixin.py:149} INFO - [2024-10-09T11:36:04.015+0700] {dag.py:2726} INFO - Sync 1 DAGs
[2024-10-09T11:36:04.066+0700] {logging_mixin.py:149} INFO - [2024-10-09T11:36:04.065+0700] {dag.py:3486} INFO - Setting next_dagrun for tutorial_taskflow_api to None, run_after=None
[2024-10-09T11:36:04.369+0700] {processor.py:179} INFO - Processing /home/hasyidan/venv/lib/python3.8/site-packages/airflow/example_dags/tutorial_taskflow_api.py took 0.464 seconds
[2024-10-09T11:38:26.111+0700] {processor.py:157} INFO - Started process (PID=6829) to work on /home/hasyidan/venv/lib/python3.8/site-packages/airflow/example_dags/tutorial_taskflow_api.py
[2024-10-09T11:38:26.142+0700] {processor.py:826} INFO - Processing file /home/hasyidan/venv/lib/python3.8/site-packages/airflow/example_dags/tutorial_taskflow_api.py for tasks to queue
[2024-10-09T11:38:26.145+0700] {logging_mixin.py:149} INFO - [2024-10-09T11:38:26.144+0700] {dagbag.py:541} INFO - Filling up the DagBag from /home/hasyidan/venv/lib/python3.8/site-packages/airflow/example_dags/tutorial_taskflow_api.py
[2024-10-09T11:38:26.206+0700] {processor.py:836} INFO - DAG(s) dict_keys(['tutorial_taskflow_api']) retrieved from /home/hasyidan/venv/lib/python3.8/site-packages/airflow/example_dags/tutorial_taskflow_api.py
[2024-10-09T11:38:26.265+0700] {logging_mixin.py:149} INFO - [2024-10-09T11:38:26.264+0700] {dag.py:2726} INFO - Sync 1 DAGs
[2024-10-09T11:38:26.317+0700] {logging_mixin.py:149} INFO - [2024-10-09T11:38:26.317+0700] {dag.py:3486} INFO - Setting next_dagrun for tutorial_taskflow_api to None, run_after=None
[2024-10-09T11:38:26.487+0700] {processor.py:179} INFO - Processing /home/hasyidan/venv/lib/python3.8/site-packages/airflow/example_dags/tutorial_taskflow_api.py took 0.390 seconds
