[2024-10-10T11:42:26.273+0700] {processor.py:157} INFO - Started process (PID=2724) to work on /home/hasyidan/venv/lib/python3.8/site-packages/airflow/example_dags/plugins/listener_plugin.py
[2024-10-10T11:42:26.275+0700] {processor.py:826} INFO - Processing file /home/hasyidan/venv/lib/python3.8/site-packages/airflow/example_dags/plugins/listener_plugin.py for tasks to queue
[2024-10-10T11:42:26.276+0700] {logging_mixin.py:149} INFO - [2024-10-10T11:42:26.276+0700] {dagbag.py:541} INFO - Filling up the DagBag from /home/hasyidan/venv/lib/python3.8/site-packages/airflow/example_dags/plugins/listener_plugin.py
[2024-10-10T11:42:26.291+0700] {processor.py:838} WARNING - No viable dags retrieved from /home/hasyidan/venv/lib/python3.8/site-packages/airflow/example_dags/plugins/listener_plugin.py
[2024-10-10T11:42:26.316+0700] {processor.py:179} INFO - Processing /home/hasyidan/venv/lib/python3.8/site-packages/airflow/example_dags/plugins/listener_plugin.py took 0.048 seconds
[2024-10-10T11:47:40.698+0700] {processor.py:157} INFO - Started process (PID=2860) to work on /home/hasyidan/venv/lib/python3.8/site-packages/airflow/example_dags/plugins/listener_plugin.py
[2024-10-10T11:47:40.714+0700] {processor.py:826} INFO - Processing file /home/hasyidan/venv/lib/python3.8/site-packages/airflow/example_dags/plugins/listener_plugin.py for tasks to queue
[2024-10-10T11:47:40.717+0700] {logging_mixin.py:149} INFO - [2024-10-10T11:47:40.717+0700] {dagbag.py:541} INFO - Filling up the DagBag from /home/hasyidan/venv/lib/python3.8/site-packages/airflow/example_dags/plugins/listener_plugin.py
[2024-10-10T11:47:40.724+0700] {processor.py:838} WARNING - No viable dags retrieved from /home/hasyidan/venv/lib/python3.8/site-packages/airflow/example_dags/plugins/listener_plugin.py
[2024-10-10T11:47:40.745+0700] {processor.py:179} INFO - Processing /home/hasyidan/venv/lib/python3.8/site-packages/airflow/example_dags/plugins/listener_plugin.py took 0.055 seconds
[2024-10-10T11:49:04.743+0700] {processor.py:157} INFO - Started process (PID=2932) to work on /home/hasyidan/venv/lib/python3.8/site-packages/airflow/example_dags/plugins/listener_plugin.py
[2024-10-10T11:49:04.767+0700] {processor.py:826} INFO - Processing file /home/hasyidan/venv/lib/python3.8/site-packages/airflow/example_dags/plugins/listener_plugin.py for tasks to queue
[2024-10-10T11:49:04.769+0700] {logging_mixin.py:149} INFO - [2024-10-10T11:49:04.769+0700] {dagbag.py:541} INFO - Filling up the DagBag from /home/hasyidan/venv/lib/python3.8/site-packages/airflow/example_dags/plugins/listener_plugin.py
[2024-10-10T11:49:04.776+0700] {processor.py:838} WARNING - No viable dags retrieved from /home/hasyidan/venv/lib/python3.8/site-packages/airflow/example_dags/plugins/listener_plugin.py
[2024-10-10T11:49:04.798+0700] {processor.py:179} INFO - Processing /home/hasyidan/venv/lib/python3.8/site-packages/airflow/example_dags/plugins/listener_plugin.py took 0.060 seconds
[2024-10-10T11:49:58.872+0700] {processor.py:157} INFO - Started process (PID=2969) to work on /home/hasyidan/venv/lib/python3.8/site-packages/airflow/example_dags/plugins/listener_plugin.py
[2024-10-10T11:49:58.939+0700] {processor.py:826} INFO - Processing file /home/hasyidan/venv/lib/python3.8/site-packages/airflow/example_dags/plugins/listener_plugin.py for tasks to queue
[2024-10-10T11:49:58.942+0700] {logging_mixin.py:149} INFO - [2024-10-10T11:49:58.941+0700] {dagbag.py:541} INFO - Filling up the DagBag from /home/hasyidan/venv/lib/python3.8/site-packages/airflow/example_dags/plugins/listener_plugin.py
[2024-10-10T11:49:58.950+0700] {processor.py:838} WARNING - No viable dags retrieved from /home/hasyidan/venv/lib/python3.8/site-packages/airflow/example_dags/plugins/listener_plugin.py
[2024-10-10T11:49:58.970+0700] {processor.py:179} INFO - Processing /home/hasyidan/venv/lib/python3.8/site-packages/airflow/example_dags/plugins/listener_plugin.py took 0.104 seconds
[2024-10-10T11:52:43.831+0700] {processor.py:157} INFO - Started process (PID=3283) to work on /home/hasyidan/venv/lib/python3.8/site-packages/airflow/example_dags/plugins/listener_plugin.py
[2024-10-10T11:52:43.905+0700] {processor.py:826} INFO - Processing file /home/hasyidan/venv/lib/python3.8/site-packages/airflow/example_dags/plugins/listener_plugin.py for tasks to queue
[2024-10-10T11:52:43.910+0700] {logging_mixin.py:149} INFO - [2024-10-10T11:52:43.909+0700] {dagbag.py:541} INFO - Filling up the DagBag from /home/hasyidan/venv/lib/python3.8/site-packages/airflow/example_dags/plugins/listener_plugin.py
[2024-10-10T11:52:43.919+0700] {processor.py:838} WARNING - No viable dags retrieved from /home/hasyidan/venv/lib/python3.8/site-packages/airflow/example_dags/plugins/listener_plugin.py
[2024-10-10T11:52:43.961+0700] {processor.py:179} INFO - Processing /home/hasyidan/venv/lib/python3.8/site-packages/airflow/example_dags/plugins/listener_plugin.py took 0.144 seconds
[2024-10-10T11:53:38.976+0700] {processor.py:157} INFO - Started process (PID=3360) to work on /home/hasyidan/venv/lib/python3.8/site-packages/airflow/example_dags/plugins/listener_plugin.py
[2024-10-10T11:53:39.004+0700] {processor.py:826} INFO - Processing file /home/hasyidan/venv/lib/python3.8/site-packages/airflow/example_dags/plugins/listener_plugin.py for tasks to queue
[2024-10-10T11:53:39.007+0700] {logging_mixin.py:149} INFO - [2024-10-10T11:53:39.007+0700] {dagbag.py:541} INFO - Filling up the DagBag from /home/hasyidan/venv/lib/python3.8/site-packages/airflow/example_dags/plugins/listener_plugin.py
[2024-10-10T11:53:39.015+0700] {processor.py:838} WARNING - No viable dags retrieved from /home/hasyidan/venv/lib/python3.8/site-packages/airflow/example_dags/plugins/listener_plugin.py
[2024-10-10T11:53:39.036+0700] {processor.py:179} INFO - Processing /home/hasyidan/venv/lib/python3.8/site-packages/airflow/example_dags/plugins/listener_plugin.py took 0.066 seconds
[2024-10-10T11:54:37.193+0700] {processor.py:157} INFO - Started process (PID=3421) to work on /home/hasyidan/venv/lib/python3.8/site-packages/airflow/example_dags/plugins/listener_plugin.py
[2024-10-10T11:54:37.234+0700] {processor.py:826} INFO - Processing file /home/hasyidan/venv/lib/python3.8/site-packages/airflow/example_dags/plugins/listener_plugin.py for tasks to queue
[2024-10-10T11:54:37.237+0700] {logging_mixin.py:149} INFO - [2024-10-10T11:54:37.236+0700] {dagbag.py:541} INFO - Filling up the DagBag from /home/hasyidan/venv/lib/python3.8/site-packages/airflow/example_dags/plugins/listener_plugin.py
[2024-10-10T11:54:37.243+0700] {processor.py:838} WARNING - No viable dags retrieved from /home/hasyidan/venv/lib/python3.8/site-packages/airflow/example_dags/plugins/listener_plugin.py
[2024-10-10T11:54:37.263+0700] {processor.py:179} INFO - Processing /home/hasyidan/venv/lib/python3.8/site-packages/airflow/example_dags/plugins/listener_plugin.py took 0.076 seconds
[2024-10-10T11:55:42.698+0700] {processor.py:157} INFO - Started process (PID=3505) to work on /home/hasyidan/venv/lib/python3.8/site-packages/airflow/example_dags/plugins/listener_plugin.py
[2024-10-10T11:55:42.733+0700] {processor.py:826} INFO - Processing file /home/hasyidan/venv/lib/python3.8/site-packages/airflow/example_dags/plugins/listener_plugin.py for tasks to queue
[2024-10-10T11:55:42.737+0700] {logging_mixin.py:149} INFO - [2024-10-10T11:55:42.736+0700] {dagbag.py:541} INFO - Filling up the DagBag from /home/hasyidan/venv/lib/python3.8/site-packages/airflow/example_dags/plugins/listener_plugin.py
[2024-10-10T11:55:42.742+0700] {processor.py:838} WARNING - No viable dags retrieved from /home/hasyidan/venv/lib/python3.8/site-packages/airflow/example_dags/plugins/listener_plugin.py
[2024-10-10T11:55:42.782+0700] {processor.py:179} INFO - Processing /home/hasyidan/venv/lib/python3.8/site-packages/airflow/example_dags/plugins/listener_plugin.py took 0.100 seconds
[2024-10-10T11:56:41.631+0700] {processor.py:157} INFO - Started process (PID=3565) to work on /home/hasyidan/venv/lib/python3.8/site-packages/airflow/example_dags/plugins/listener_plugin.py
[2024-10-10T11:56:41.655+0700] {processor.py:826} INFO - Processing file /home/hasyidan/venv/lib/python3.8/site-packages/airflow/example_dags/plugins/listener_plugin.py for tasks to queue
[2024-10-10T11:56:41.659+0700] {logging_mixin.py:149} INFO - [2024-10-10T11:56:41.658+0700] {dagbag.py:541} INFO - Filling up the DagBag from /home/hasyidan/venv/lib/python3.8/site-packages/airflow/example_dags/plugins/listener_plugin.py
[2024-10-10T11:56:41.666+0700] {processor.py:838} WARNING - No viable dags retrieved from /home/hasyidan/venv/lib/python3.8/site-packages/airflow/example_dags/plugins/listener_plugin.py
[2024-10-10T11:56:41.687+0700] {processor.py:179} INFO - Processing /home/hasyidan/venv/lib/python3.8/site-packages/airflow/example_dags/plugins/listener_plugin.py took 0.061 seconds
[2024-10-10T11:57:38.795+0700] {processor.py:157} INFO - Started process (PID=3628) to work on /home/hasyidan/venv/lib/python3.8/site-packages/airflow/example_dags/plugins/listener_plugin.py
[2024-10-10T11:57:38.823+0700] {processor.py:826} INFO - Processing file /home/hasyidan/venv/lib/python3.8/site-packages/airflow/example_dags/plugins/listener_plugin.py for tasks to queue
[2024-10-10T11:57:38.825+0700] {logging_mixin.py:149} INFO - [2024-10-10T11:57:38.825+0700] {dagbag.py:541} INFO - Filling up the DagBag from /home/hasyidan/venv/lib/python3.8/site-packages/airflow/example_dags/plugins/listener_plugin.py
[2024-10-10T11:57:38.832+0700] {processor.py:838} WARNING - No viable dags retrieved from /home/hasyidan/venv/lib/python3.8/site-packages/airflow/example_dags/plugins/listener_plugin.py
[2024-10-10T11:57:38.856+0700] {processor.py:179} INFO - Processing /home/hasyidan/venv/lib/python3.8/site-packages/airflow/example_dags/plugins/listener_plugin.py took 0.067 seconds
[2024-10-10T11:58:43.275+0700] {processor.py:157} INFO - Started process (PID=3702) to work on /home/hasyidan/venv/lib/python3.8/site-packages/airflow/example_dags/plugins/listener_plugin.py
[2024-10-10T11:58:43.298+0700] {processor.py:826} INFO - Processing file /home/hasyidan/venv/lib/python3.8/site-packages/airflow/example_dags/plugins/listener_plugin.py for tasks to queue
[2024-10-10T11:58:43.304+0700] {logging_mixin.py:149} INFO - [2024-10-10T11:58:43.303+0700] {dagbag.py:541} INFO - Filling up the DagBag from /home/hasyidan/venv/lib/python3.8/site-packages/airflow/example_dags/plugins/listener_plugin.py
[2024-10-10T11:58:43.311+0700] {processor.py:838} WARNING - No viable dags retrieved from /home/hasyidan/venv/lib/python3.8/site-packages/airflow/example_dags/plugins/listener_plugin.py
[2024-10-10T11:58:43.392+0700] {processor.py:179} INFO - Processing /home/hasyidan/venv/lib/python3.8/site-packages/airflow/example_dags/plugins/listener_plugin.py took 0.123 seconds
[2024-10-10T11:59:20.260+0700] {processor.py:157} INFO - Started process (PID=3748) to work on /home/hasyidan/venv/lib/python3.8/site-packages/airflow/example_dags/plugins/listener_plugin.py
[2024-10-10T11:59:20.298+0700] {processor.py:826} INFO - Processing file /home/hasyidan/venv/lib/python3.8/site-packages/airflow/example_dags/plugins/listener_plugin.py for tasks to queue
[2024-10-10T11:59:20.299+0700] {logging_mixin.py:149} INFO - [2024-10-10T11:59:20.299+0700] {dagbag.py:541} INFO - Filling up the DagBag from /home/hasyidan/venv/lib/python3.8/site-packages/airflow/example_dags/plugins/listener_plugin.py
[2024-10-10T11:59:20.304+0700] {processor.py:838} WARNING - No viable dags retrieved from /home/hasyidan/venv/lib/python3.8/site-packages/airflow/example_dags/plugins/listener_plugin.py
[2024-10-10T11:59:20.326+0700] {processor.py:179} INFO - Processing /home/hasyidan/venv/lib/python3.8/site-packages/airflow/example_dags/plugins/listener_plugin.py took 0.073 seconds
[2024-10-10T12:00:16.955+0700] {processor.py:157} INFO - Started process (PID=3805) to work on /home/hasyidan/venv/lib/python3.8/site-packages/airflow/example_dags/plugins/listener_plugin.py
[2024-10-10T12:00:16.966+0700] {processor.py:826} INFO - Processing file /home/hasyidan/venv/lib/python3.8/site-packages/airflow/example_dags/plugins/listener_plugin.py for tasks to queue
[2024-10-10T12:00:16.968+0700] {logging_mixin.py:149} INFO - [2024-10-10T12:00:16.967+0700] {dagbag.py:541} INFO - Filling up the DagBag from /home/hasyidan/venv/lib/python3.8/site-packages/airflow/example_dags/plugins/listener_plugin.py
[2024-10-10T12:00:16.973+0700] {processor.py:838} WARNING - No viable dags retrieved from /home/hasyidan/venv/lib/python3.8/site-packages/airflow/example_dags/plugins/listener_plugin.py
[2024-10-10T12:00:16.995+0700] {processor.py:179} INFO - Processing /home/hasyidan/venv/lib/python3.8/site-packages/airflow/example_dags/plugins/listener_plugin.py took 0.045 seconds
[2024-10-10T12:01:12.242+0700] {processor.py:157} INFO - Started process (PID=3862) to work on /home/hasyidan/venv/lib/python3.8/site-packages/airflow/example_dags/plugins/listener_plugin.py
[2024-10-10T12:01:12.271+0700] {processor.py:826} INFO - Processing file /home/hasyidan/venv/lib/python3.8/site-packages/airflow/example_dags/plugins/listener_plugin.py for tasks to queue
[2024-10-10T12:01:12.274+0700] {logging_mixin.py:149} INFO - [2024-10-10T12:01:12.273+0700] {dagbag.py:541} INFO - Filling up the DagBag from /home/hasyidan/venv/lib/python3.8/site-packages/airflow/example_dags/plugins/listener_plugin.py
[2024-10-10T12:01:12.279+0700] {processor.py:838} WARNING - No viable dags retrieved from /home/hasyidan/venv/lib/python3.8/site-packages/airflow/example_dags/plugins/listener_plugin.py
[2024-10-10T12:01:12.300+0700] {processor.py:179} INFO - Processing /home/hasyidan/venv/lib/python3.8/site-packages/airflow/example_dags/plugins/listener_plugin.py took 0.063 seconds
[2024-10-10T12:02:02.353+0700] {processor.py:157} INFO - Started process (PID=3920) to work on /home/hasyidan/venv/lib/python3.8/site-packages/airflow/example_dags/plugins/listener_plugin.py
[2024-10-10T12:02:02.373+0700] {processor.py:826} INFO - Processing file /home/hasyidan/venv/lib/python3.8/site-packages/airflow/example_dags/plugins/listener_plugin.py for tasks to queue
[2024-10-10T12:02:02.376+0700] {logging_mixin.py:149} INFO - [2024-10-10T12:02:02.376+0700] {dagbag.py:541} INFO - Filling up the DagBag from /home/hasyidan/venv/lib/python3.8/site-packages/airflow/example_dags/plugins/listener_plugin.py
[2024-10-10T12:02:02.383+0700] {processor.py:838} WARNING - No viable dags retrieved from /home/hasyidan/venv/lib/python3.8/site-packages/airflow/example_dags/plugins/listener_plugin.py
[2024-10-10T12:02:02.406+0700] {processor.py:179} INFO - Processing /home/hasyidan/venv/lib/python3.8/site-packages/airflow/example_dags/plugins/listener_plugin.py took 0.059 seconds
[2024-10-10T12:02:53.679+0700] {processor.py:157} INFO - Started process (PID=3977) to work on /home/hasyidan/venv/lib/python3.8/site-packages/airflow/example_dags/plugins/listener_plugin.py
[2024-10-10T12:02:53.699+0700] {processor.py:826} INFO - Processing file /home/hasyidan/venv/lib/python3.8/site-packages/airflow/example_dags/plugins/listener_plugin.py for tasks to queue
[2024-10-10T12:02:53.701+0700] {logging_mixin.py:149} INFO - [2024-10-10T12:02:53.701+0700] {dagbag.py:541} INFO - Filling up the DagBag from /home/hasyidan/venv/lib/python3.8/site-packages/airflow/example_dags/plugins/listener_plugin.py
[2024-10-10T12:02:53.708+0700] {processor.py:838} WARNING - No viable dags retrieved from /home/hasyidan/venv/lib/python3.8/site-packages/airflow/example_dags/plugins/listener_plugin.py
[2024-10-10T12:02:53.728+0700] {processor.py:179} INFO - Processing /home/hasyidan/venv/lib/python3.8/site-packages/airflow/example_dags/plugins/listener_plugin.py took 0.055 seconds
[2024-10-10T12:03:45.157+0700] {processor.py:157} INFO - Started process (PID=4035) to work on /home/hasyidan/venv/lib/python3.8/site-packages/airflow/example_dags/plugins/listener_plugin.py
[2024-10-10T12:03:45.176+0700] {processor.py:826} INFO - Processing file /home/hasyidan/venv/lib/python3.8/site-packages/airflow/example_dags/plugins/listener_plugin.py for tasks to queue
[2024-10-10T12:03:45.177+0700] {logging_mixin.py:149} INFO - [2024-10-10T12:03:45.177+0700] {dagbag.py:541} INFO - Filling up the DagBag from /home/hasyidan/venv/lib/python3.8/site-packages/airflow/example_dags/plugins/listener_plugin.py
[2024-10-10T12:03:45.181+0700] {processor.py:838} WARNING - No viable dags retrieved from /home/hasyidan/venv/lib/python3.8/site-packages/airflow/example_dags/plugins/listener_plugin.py
[2024-10-10T12:03:45.202+0700] {processor.py:179} INFO - Processing /home/hasyidan/venv/lib/python3.8/site-packages/airflow/example_dags/plugins/listener_plugin.py took 0.051 seconds
[2024-10-10T12:04:38.551+0700] {processor.py:157} INFO - Started process (PID=4147) to work on /home/hasyidan/venv/lib/python3.8/site-packages/airflow/example_dags/plugins/listener_plugin.py
[2024-10-10T12:04:38.556+0700] {processor.py:826} INFO - Processing file /home/hasyidan/venv/lib/python3.8/site-packages/airflow/example_dags/plugins/listener_plugin.py for tasks to queue
[2024-10-10T12:04:38.558+0700] {logging_mixin.py:149} INFO - [2024-10-10T12:04:38.557+0700] {dagbag.py:541} INFO - Filling up the DagBag from /home/hasyidan/venv/lib/python3.8/site-packages/airflow/example_dags/plugins/listener_plugin.py
[2024-10-10T12:04:38.563+0700] {processor.py:838} WARNING - No viable dags retrieved from /home/hasyidan/venv/lib/python3.8/site-packages/airflow/example_dags/plugins/listener_plugin.py
[2024-10-10T12:04:38.584+0700] {processor.py:179} INFO - Processing /home/hasyidan/venv/lib/python3.8/site-packages/airflow/example_dags/plugins/listener_plugin.py took 0.038 seconds
[2024-10-10T12:05:33.379+0700] {processor.py:157} INFO - Started process (PID=4207) to work on /home/hasyidan/venv/lib/python3.8/site-packages/airflow/example_dags/plugins/listener_plugin.py
[2024-10-10T12:05:33.401+0700] {processor.py:826} INFO - Processing file /home/hasyidan/venv/lib/python3.8/site-packages/airflow/example_dags/plugins/listener_plugin.py for tasks to queue
[2024-10-10T12:05:33.404+0700] {logging_mixin.py:149} INFO - [2024-10-10T12:05:33.403+0700] {dagbag.py:541} INFO - Filling up the DagBag from /home/hasyidan/venv/lib/python3.8/site-packages/airflow/example_dags/plugins/listener_plugin.py
[2024-10-10T12:05:33.423+0700] {processor.py:838} WARNING - No viable dags retrieved from /home/hasyidan/venv/lib/python3.8/site-packages/airflow/example_dags/plugins/listener_plugin.py
[2024-10-10T12:05:33.483+0700] {processor.py:179} INFO - Processing /home/hasyidan/venv/lib/python3.8/site-packages/airflow/example_dags/plugins/listener_plugin.py took 0.112 seconds
[2024-10-10T12:06:28.189+0700] {processor.py:157} INFO - Started process (PID=4264) to work on /home/hasyidan/venv/lib/python3.8/site-packages/airflow/example_dags/plugins/listener_plugin.py
[2024-10-10T12:06:28.202+0700] {processor.py:826} INFO - Processing file /home/hasyidan/venv/lib/python3.8/site-packages/airflow/example_dags/plugins/listener_plugin.py for tasks to queue
[2024-10-10T12:06:28.203+0700] {logging_mixin.py:149} INFO - [2024-10-10T12:06:28.203+0700] {dagbag.py:541} INFO - Filling up the DagBag from /home/hasyidan/venv/lib/python3.8/site-packages/airflow/example_dags/plugins/listener_plugin.py
[2024-10-10T12:06:28.209+0700] {processor.py:838} WARNING - No viable dags retrieved from /home/hasyidan/venv/lib/python3.8/site-packages/airflow/example_dags/plugins/listener_plugin.py
[2024-10-10T12:06:28.231+0700] {processor.py:179} INFO - Processing /home/hasyidan/venv/lib/python3.8/site-packages/airflow/example_dags/plugins/listener_plugin.py took 0.048 seconds
[2024-10-10T12:07:24.149+0700] {processor.py:157} INFO - Started process (PID=4322) to work on /home/hasyidan/venv/lib/python3.8/site-packages/airflow/example_dags/plugins/listener_plugin.py
[2024-10-10T12:07:24.203+0700] {processor.py:826} INFO - Processing file /home/hasyidan/venv/lib/python3.8/site-packages/airflow/example_dags/plugins/listener_plugin.py for tasks to queue
[2024-10-10T12:07:24.206+0700] {logging_mixin.py:149} INFO - [2024-10-10T12:07:24.205+0700] {dagbag.py:541} INFO - Filling up the DagBag from /home/hasyidan/venv/lib/python3.8/site-packages/airflow/example_dags/plugins/listener_plugin.py
[2024-10-10T12:07:24.214+0700] {processor.py:838} WARNING - No viable dags retrieved from /home/hasyidan/venv/lib/python3.8/site-packages/airflow/example_dags/plugins/listener_plugin.py
[2024-10-10T12:07:24.234+0700] {processor.py:179} INFO - Processing /home/hasyidan/venv/lib/python3.8/site-packages/airflow/example_dags/plugins/listener_plugin.py took 0.091 seconds
[2024-10-10T12:08:22.556+0700] {processor.py:157} INFO - Started process (PID=4391) to work on /home/hasyidan/venv/lib/python3.8/site-packages/airflow/example_dags/plugins/listener_plugin.py
[2024-10-10T12:08:22.567+0700] {processor.py:826} INFO - Processing file /home/hasyidan/venv/lib/python3.8/site-packages/airflow/example_dags/plugins/listener_plugin.py for tasks to queue
[2024-10-10T12:08:22.569+0700] {logging_mixin.py:149} INFO - [2024-10-10T12:08:22.568+0700] {dagbag.py:541} INFO - Filling up the DagBag from /home/hasyidan/venv/lib/python3.8/site-packages/airflow/example_dags/plugins/listener_plugin.py
[2024-10-10T12:08:22.575+0700] {processor.py:838} WARNING - No viable dags retrieved from /home/hasyidan/venv/lib/python3.8/site-packages/airflow/example_dags/plugins/listener_plugin.py
[2024-10-10T12:08:22.597+0700] {processor.py:179} INFO - Processing /home/hasyidan/venv/lib/python3.8/site-packages/airflow/example_dags/plugins/listener_plugin.py took 0.048 seconds
[2024-10-10T12:09:16.426+0700] {processor.py:157} INFO - Started process (PID=4449) to work on /home/hasyidan/venv/lib/python3.8/site-packages/airflow/example_dags/plugins/listener_plugin.py
[2024-10-10T12:09:16.428+0700] {processor.py:826} INFO - Processing file /home/hasyidan/venv/lib/python3.8/site-packages/airflow/example_dags/plugins/listener_plugin.py for tasks to queue
[2024-10-10T12:09:16.430+0700] {logging_mixin.py:149} INFO - [2024-10-10T12:09:16.429+0700] {dagbag.py:541} INFO - Filling up the DagBag from /home/hasyidan/venv/lib/python3.8/site-packages/airflow/example_dags/plugins/listener_plugin.py
[2024-10-10T12:09:16.434+0700] {processor.py:838} WARNING - No viable dags retrieved from /home/hasyidan/venv/lib/python3.8/site-packages/airflow/example_dags/plugins/listener_plugin.py
[2024-10-10T12:09:16.454+0700] {processor.py:179} INFO - Processing /home/hasyidan/venv/lib/python3.8/site-packages/airflow/example_dags/plugins/listener_plugin.py took 0.035 seconds
[2024-10-10T12:10:08.976+0700] {processor.py:157} INFO - Started process (PID=4504) to work on /home/hasyidan/venv/lib/python3.8/site-packages/airflow/example_dags/plugins/listener_plugin.py
[2024-10-10T12:10:08.993+0700] {processor.py:826} INFO - Processing file /home/hasyidan/venv/lib/python3.8/site-packages/airflow/example_dags/plugins/listener_plugin.py for tasks to queue
[2024-10-10T12:10:08.996+0700] {logging_mixin.py:149} INFO - [2024-10-10T12:10:08.996+0700] {dagbag.py:541} INFO - Filling up the DagBag from /home/hasyidan/venv/lib/python3.8/site-packages/airflow/example_dags/plugins/listener_plugin.py
[2024-10-10T12:10:09.002+0700] {processor.py:838} WARNING - No viable dags retrieved from /home/hasyidan/venv/lib/python3.8/site-packages/airflow/example_dags/plugins/listener_plugin.py
[2024-10-10T12:10:09.024+0700] {processor.py:179} INFO - Processing /home/hasyidan/venv/lib/python3.8/site-packages/airflow/example_dags/plugins/listener_plugin.py took 0.053 seconds
[2024-10-10T12:11:00.454+0700] {processor.py:157} INFO - Started process (PID=4567) to work on /home/hasyidan/venv/lib/python3.8/site-packages/airflow/example_dags/plugins/listener_plugin.py
[2024-10-10T12:11:00.463+0700] {processor.py:826} INFO - Processing file /home/hasyidan/venv/lib/python3.8/site-packages/airflow/example_dags/plugins/listener_plugin.py for tasks to queue
[2024-10-10T12:11:00.465+0700] {logging_mixin.py:149} INFO - [2024-10-10T12:11:00.464+0700] {dagbag.py:541} INFO - Filling up the DagBag from /home/hasyidan/venv/lib/python3.8/site-packages/airflow/example_dags/plugins/listener_plugin.py
[2024-10-10T12:11:00.472+0700] {processor.py:838} WARNING - No viable dags retrieved from /home/hasyidan/venv/lib/python3.8/site-packages/airflow/example_dags/plugins/listener_plugin.py
[2024-10-10T12:11:00.493+0700] {processor.py:179} INFO - Processing /home/hasyidan/venv/lib/python3.8/site-packages/airflow/example_dags/plugins/listener_plugin.py took 0.046 seconds
[2024-10-10T12:11:55.242+0700] {processor.py:157} INFO - Started process (PID=4634) to work on /home/hasyidan/venv/lib/python3.8/site-packages/airflow/example_dags/plugins/listener_plugin.py
[2024-10-10T12:11:55.262+0700] {processor.py:826} INFO - Processing file /home/hasyidan/venv/lib/python3.8/site-packages/airflow/example_dags/plugins/listener_plugin.py for tasks to queue
[2024-10-10T12:11:55.265+0700] {logging_mixin.py:149} INFO - [2024-10-10T12:11:55.264+0700] {dagbag.py:541} INFO - Filling up the DagBag from /home/hasyidan/venv/lib/python3.8/site-packages/airflow/example_dags/plugins/listener_plugin.py
[2024-10-10T12:11:55.272+0700] {processor.py:838} WARNING - No viable dags retrieved from /home/hasyidan/venv/lib/python3.8/site-packages/airflow/example_dags/plugins/listener_plugin.py
[2024-10-10T12:11:55.293+0700] {processor.py:179} INFO - Processing /home/hasyidan/venv/lib/python3.8/site-packages/airflow/example_dags/plugins/listener_plugin.py took 0.058 seconds
[2024-10-10T12:12:49.006+0700] {processor.py:157} INFO - Started process (PID=4694) to work on /home/hasyidan/venv/lib/python3.8/site-packages/airflow/example_dags/plugins/listener_plugin.py
[2024-10-10T12:12:49.021+0700] {processor.py:826} INFO - Processing file /home/hasyidan/venv/lib/python3.8/site-packages/airflow/example_dags/plugins/listener_plugin.py for tasks to queue
[2024-10-10T12:12:49.024+0700] {logging_mixin.py:149} INFO - [2024-10-10T12:12:49.023+0700] {dagbag.py:541} INFO - Filling up the DagBag from /home/hasyidan/venv/lib/python3.8/site-packages/airflow/example_dags/plugins/listener_plugin.py
[2024-10-10T12:12:49.031+0700] {processor.py:838} WARNING - No viable dags retrieved from /home/hasyidan/venv/lib/python3.8/site-packages/airflow/example_dags/plugins/listener_plugin.py
[2024-10-10T12:12:49.059+0700] {processor.py:179} INFO - Processing /home/hasyidan/venv/lib/python3.8/site-packages/airflow/example_dags/plugins/listener_plugin.py took 0.059 seconds
[2024-10-10T12:13:38.199+0700] {processor.py:157} INFO - Started process (PID=4753) to work on /home/hasyidan/venv/lib/python3.8/site-packages/airflow/example_dags/plugins/listener_plugin.py
[2024-10-10T12:13:38.211+0700] {processor.py:826} INFO - Processing file /home/hasyidan/venv/lib/python3.8/site-packages/airflow/example_dags/plugins/listener_plugin.py for tasks to queue
[2024-10-10T12:13:38.214+0700] {logging_mixin.py:149} INFO - [2024-10-10T12:13:38.213+0700] {dagbag.py:541} INFO - Filling up the DagBag from /home/hasyidan/venv/lib/python3.8/site-packages/airflow/example_dags/plugins/listener_plugin.py
[2024-10-10T12:13:38.222+0700] {processor.py:838} WARNING - No viable dags retrieved from /home/hasyidan/venv/lib/python3.8/site-packages/airflow/example_dags/plugins/listener_plugin.py
[2024-10-10T12:13:38.242+0700] {processor.py:179} INFO - Processing /home/hasyidan/venv/lib/python3.8/site-packages/airflow/example_dags/plugins/listener_plugin.py took 0.049 seconds
[2024-10-10T12:14:27.970+0700] {processor.py:157} INFO - Started process (PID=4806) to work on /home/hasyidan/venv/lib/python3.8/site-packages/airflow/example_dags/plugins/listener_plugin.py
[2024-10-10T12:14:28.001+0700] {processor.py:826} INFO - Processing file /home/hasyidan/venv/lib/python3.8/site-packages/airflow/example_dags/plugins/listener_plugin.py for tasks to queue
[2024-10-10T12:14:28.003+0700] {logging_mixin.py:149} INFO - [2024-10-10T12:14:28.003+0700] {dagbag.py:541} INFO - Filling up the DagBag from /home/hasyidan/venv/lib/python3.8/site-packages/airflow/example_dags/plugins/listener_plugin.py
[2024-10-10T12:14:28.008+0700] {processor.py:838} WARNING - No viable dags retrieved from /home/hasyidan/venv/lib/python3.8/site-packages/airflow/example_dags/plugins/listener_plugin.py
[2024-10-10T12:14:28.028+0700] {processor.py:179} INFO - Processing /home/hasyidan/venv/lib/python3.8/site-packages/airflow/example_dags/plugins/listener_plugin.py took 0.064 seconds
[2024-10-10T12:15:18.927+0700] {processor.py:157} INFO - Started process (PID=4869) to work on /home/hasyidan/venv/lib/python3.8/site-packages/airflow/example_dags/plugins/listener_plugin.py
[2024-10-10T12:15:18.961+0700] {processor.py:826} INFO - Processing file /home/hasyidan/venv/lib/python3.8/site-packages/airflow/example_dags/plugins/listener_plugin.py for tasks to queue
[2024-10-10T12:15:18.964+0700] {logging_mixin.py:149} INFO - [2024-10-10T12:15:18.963+0700] {dagbag.py:541} INFO - Filling up the DagBag from /home/hasyidan/venv/lib/python3.8/site-packages/airflow/example_dags/plugins/listener_plugin.py
[2024-10-10T12:15:18.971+0700] {processor.py:838} WARNING - No viable dags retrieved from /home/hasyidan/venv/lib/python3.8/site-packages/airflow/example_dags/plugins/listener_plugin.py
[2024-10-10T12:15:18.991+0700] {processor.py:179} INFO - Processing /home/hasyidan/venv/lib/python3.8/site-packages/airflow/example_dags/plugins/listener_plugin.py took 0.070 seconds
[2024-10-10T12:16:11.001+0700] {processor.py:157} INFO - Started process (PID=4927) to work on /home/hasyidan/venv/lib/python3.8/site-packages/airflow/example_dags/plugins/listener_plugin.py
[2024-10-10T12:16:11.037+0700] {processor.py:826} INFO - Processing file /home/hasyidan/venv/lib/python3.8/site-packages/airflow/example_dags/plugins/listener_plugin.py for tasks to queue
[2024-10-10T12:16:11.039+0700] {logging_mixin.py:149} INFO - [2024-10-10T12:16:11.039+0700] {dagbag.py:541} INFO - Filling up the DagBag from /home/hasyidan/venv/lib/python3.8/site-packages/airflow/example_dags/plugins/listener_plugin.py
[2024-10-10T12:16:11.047+0700] {processor.py:838} WARNING - No viable dags retrieved from /home/hasyidan/venv/lib/python3.8/site-packages/airflow/example_dags/plugins/listener_plugin.py
[2024-10-10T12:16:11.067+0700] {processor.py:179} INFO - Processing /home/hasyidan/venv/lib/python3.8/site-packages/airflow/example_dags/plugins/listener_plugin.py took 0.073 seconds
[2024-10-10T12:17:07.051+0700] {processor.py:157} INFO - Started process (PID=4997) to work on /home/hasyidan/venv/lib/python3.8/site-packages/airflow/example_dags/plugins/listener_plugin.py
[2024-10-10T12:17:07.064+0700] {processor.py:826} INFO - Processing file /home/hasyidan/venv/lib/python3.8/site-packages/airflow/example_dags/plugins/listener_plugin.py for tasks to queue
[2024-10-10T12:17:07.067+0700] {logging_mixin.py:149} INFO - [2024-10-10T12:17:07.066+0700] {dagbag.py:541} INFO - Filling up the DagBag from /home/hasyidan/venv/lib/python3.8/site-packages/airflow/example_dags/plugins/listener_plugin.py
[2024-10-10T12:17:07.075+0700] {processor.py:838} WARNING - No viable dags retrieved from /home/hasyidan/venv/lib/python3.8/site-packages/airflow/example_dags/plugins/listener_plugin.py
[2024-10-10T12:17:07.094+0700] {processor.py:179} INFO - Processing /home/hasyidan/venv/lib/python3.8/site-packages/airflow/example_dags/plugins/listener_plugin.py took 0.050 seconds
[2024-10-10T12:18:02.060+0700] {processor.py:157} INFO - Started process (PID=5061) to work on /home/hasyidan/venv/lib/python3.8/site-packages/airflow/example_dags/plugins/listener_plugin.py
[2024-10-10T12:18:02.092+0700] {processor.py:826} INFO - Processing file /home/hasyidan/venv/lib/python3.8/site-packages/airflow/example_dags/plugins/listener_plugin.py for tasks to queue
[2024-10-10T12:18:02.093+0700] {logging_mixin.py:149} INFO - [2024-10-10T12:18:02.093+0700] {dagbag.py:541} INFO - Filling up the DagBag from /home/hasyidan/venv/lib/python3.8/site-packages/airflow/example_dags/plugins/listener_plugin.py
[2024-10-10T12:18:02.097+0700] {processor.py:838} WARNING - No viable dags retrieved from /home/hasyidan/venv/lib/python3.8/site-packages/airflow/example_dags/plugins/listener_plugin.py
[2024-10-10T12:18:02.119+0700] {processor.py:179} INFO - Processing /home/hasyidan/venv/lib/python3.8/site-packages/airflow/example_dags/plugins/listener_plugin.py took 0.066 seconds
[2024-10-10T12:18:54.611+0700] {processor.py:157} INFO - Started process (PID=5121) to work on /home/hasyidan/venv/lib/python3.8/site-packages/airflow/example_dags/plugins/listener_plugin.py
[2024-10-10T12:18:54.641+0700] {processor.py:826} INFO - Processing file /home/hasyidan/venv/lib/python3.8/site-packages/airflow/example_dags/plugins/listener_plugin.py for tasks to queue
[2024-10-10T12:18:54.644+0700] {logging_mixin.py:149} INFO - [2024-10-10T12:18:54.644+0700] {dagbag.py:541} INFO - Filling up the DagBag from /home/hasyidan/venv/lib/python3.8/site-packages/airflow/example_dags/plugins/listener_plugin.py
[2024-10-10T12:18:54.651+0700] {processor.py:838} WARNING - No viable dags retrieved from /home/hasyidan/venv/lib/python3.8/site-packages/airflow/example_dags/plugins/listener_plugin.py
[2024-10-10T12:18:54.671+0700] {processor.py:179} INFO - Processing /home/hasyidan/venv/lib/python3.8/site-packages/airflow/example_dags/plugins/listener_plugin.py took 0.066 seconds
[2024-10-10T12:19:45.463+0700] {processor.py:157} INFO - Started process (PID=5180) to work on /home/hasyidan/venv/lib/python3.8/site-packages/airflow/example_dags/plugins/listener_plugin.py
[2024-10-10T12:19:45.527+0700] {processor.py:826} INFO - Processing file /home/hasyidan/venv/lib/python3.8/site-packages/airflow/example_dags/plugins/listener_plugin.py for tasks to queue
[2024-10-10T12:19:45.530+0700] {logging_mixin.py:149} INFO - [2024-10-10T12:19:45.529+0700] {dagbag.py:541} INFO - Filling up the DagBag from /home/hasyidan/venv/lib/python3.8/site-packages/airflow/example_dags/plugins/listener_plugin.py
[2024-10-10T12:19:45.538+0700] {processor.py:838} WARNING - No viable dags retrieved from /home/hasyidan/venv/lib/python3.8/site-packages/airflow/example_dags/plugins/listener_plugin.py
[2024-10-10T12:19:45.558+0700] {processor.py:179} INFO - Processing /home/hasyidan/venv/lib/python3.8/site-packages/airflow/example_dags/plugins/listener_plugin.py took 0.101 seconds
[2024-10-10T12:20:42.396+0700] {processor.py:157} INFO - Started process (PID=5243) to work on /home/hasyidan/venv/lib/python3.8/site-packages/airflow/example_dags/plugins/listener_plugin.py
[2024-10-10T12:20:42.432+0700] {processor.py:826} INFO - Processing file /home/hasyidan/venv/lib/python3.8/site-packages/airflow/example_dags/plugins/listener_plugin.py for tasks to queue
[2024-10-10T12:20:42.435+0700] {logging_mixin.py:149} INFO - [2024-10-10T12:20:42.434+0700] {dagbag.py:541} INFO - Filling up the DagBag from /home/hasyidan/venv/lib/python3.8/site-packages/airflow/example_dags/plugins/listener_plugin.py
[2024-10-10T12:20:42.443+0700] {processor.py:838} WARNING - No viable dags retrieved from /home/hasyidan/venv/lib/python3.8/site-packages/airflow/example_dags/plugins/listener_plugin.py
[2024-10-10T12:20:42.463+0700] {processor.py:179} INFO - Processing /home/hasyidan/venv/lib/python3.8/site-packages/airflow/example_dags/plugins/listener_plugin.py took 0.074 seconds
[2024-10-10T13:19:50.734+0700] {processor.py:157} INFO - Started process (PID=1928) to work on /home/hasyidan/venv/lib/python3.8/site-packages/airflow/example_dags/plugins/listener_plugin.py
[2024-10-10T13:19:50.871+0700] {processor.py:826} INFO - Processing file /home/hasyidan/venv/lib/python3.8/site-packages/airflow/example_dags/plugins/listener_plugin.py for tasks to queue
[2024-10-10T13:19:50.874+0700] {logging_mixin.py:149} INFO - [2024-10-10T13:19:50.873+0700] {dagbag.py:541} INFO - Filling up the DagBag from /home/hasyidan/venv/lib/python3.8/site-packages/airflow/example_dags/plugins/listener_plugin.py
[2024-10-10T13:19:50.880+0700] {processor.py:838} WARNING - No viable dags retrieved from /home/hasyidan/venv/lib/python3.8/site-packages/airflow/example_dags/plugins/listener_plugin.py
[2024-10-10T13:19:50.933+0700] {processor.py:179} INFO - Processing /home/hasyidan/venv/lib/python3.8/site-packages/airflow/example_dags/plugins/listener_plugin.py took 0.206 seconds
[2024-10-10T13:24:53.318+0700] {processor.py:157} INFO - Started process (PID=2527) to work on /home/hasyidan/venv/lib/python3.8/site-packages/airflow/example_dags/plugins/listener_plugin.py
[2024-10-10T13:24:53.387+0700] {processor.py:826} INFO - Processing file /home/hasyidan/venv/lib/python3.8/site-packages/airflow/example_dags/plugins/listener_plugin.py for tasks to queue
[2024-10-10T13:24:53.390+0700] {logging_mixin.py:149} INFO - [2024-10-10T13:24:53.389+0700] {dagbag.py:541} INFO - Filling up the DagBag from /home/hasyidan/venv/lib/python3.8/site-packages/airflow/example_dags/plugins/listener_plugin.py
[2024-10-10T13:24:53.417+0700] {processor.py:838} WARNING - No viable dags retrieved from /home/hasyidan/venv/lib/python3.8/site-packages/airflow/example_dags/plugins/listener_plugin.py
[2024-10-10T13:24:53.450+0700] {processor.py:179} INFO - Processing /home/hasyidan/venv/lib/python3.8/site-packages/airflow/example_dags/plugins/listener_plugin.py took 0.140 seconds
[2024-10-10T13:26:45.354+0700] {processor.py:157} INFO - Started process (PID=2673) to work on /home/hasyidan/venv/lib/python3.8/site-packages/airflow/example_dags/plugins/listener_plugin.py
[2024-10-10T13:26:45.390+0700] {processor.py:826} INFO - Processing file /home/hasyidan/venv/lib/python3.8/site-packages/airflow/example_dags/plugins/listener_plugin.py for tasks to queue
[2024-10-10T13:26:45.392+0700] {logging_mixin.py:149} INFO - [2024-10-10T13:26:45.391+0700] {dagbag.py:541} INFO - Filling up the DagBag from /home/hasyidan/venv/lib/python3.8/site-packages/airflow/example_dags/plugins/listener_plugin.py
[2024-10-10T13:26:45.462+0700] {processor.py:838} WARNING - No viable dags retrieved from /home/hasyidan/venv/lib/python3.8/site-packages/airflow/example_dags/plugins/listener_plugin.py
[2024-10-10T13:26:45.493+0700] {processor.py:179} INFO - Processing /home/hasyidan/venv/lib/python3.8/site-packages/airflow/example_dags/plugins/listener_plugin.py took 0.146 seconds
